Log file open, 02/21/17 21:35:43
LogInit:Display: Running engine for game: BasicMechanics
LogPlatformFile: Not using cached read wrapper
LogInit:Display: RandInit(-225146547) SRandInit(-225146547).
LogTaskGraph: Started task graph with 5 named threads and 8 total threads with 1 sets of task threads.
LogStats: Stats thread started at 0.280597
LogPluginManager: Loaded Plugin Paper2D, From D:/Program Files (x86)/Epic Games/4.14/Engine/Plugins/2D/Paper2D/Paper2D.uplugin
LogPluginManager: Loaded Plugin LightPropagationVolume, From D:/Program Files (x86)/Epic Games/4.14/Engine/Plugins/Blendables/LightPropagationVolume/LightPropagationVolume.uplugin
LogPluginManager: Loaded Plugin BlankPlugin, From D:/Program Files (x86)/Epic Games/4.14/Engine/Plugins/Developer/BlankPlugin/BlankPlugin.uplugin
LogPluginManager: Loaded Plugin CodeLiteSourceCodeAccess, From D:/Program Files (x86)/Epic Games/4.14/Engine/Plugins/Developer/CodeLiteSourceCodeAccess/CodeLiteSourceCodeAccess.uplugin
LogPluginManager: Loaded Plugin GitSourceControl, From D:/Program Files (x86)/Epic Games/4.14/Engine/Plugins/Developer/GitSourceControl/GitSourceControl.uplugin
LogPluginManager: Loaded Plugin KDevelopSourceCodeAccess, From D:/Program Files (x86)/Epic Games/4.14/Engine/Plugins/Developer/KDevelopSourceCodeAccess/KDevelopSourceCodeAccess.uplugin
LogPluginManager: Loaded Plugin NullSourceCodeAccess, From D:/Program Files (x86)/Epic Games/4.14/Engine/Plugins/Developer/NullSourceCodeAccess/NullSourceCodeAccess.uplugin
LogPluginManager: Loaded Plugin OneSkyLocalizationService, From D:/Program Files (x86)/Epic Games/4.14/Engine/Plugins/Developer/OneSkyLocalizationService/OneSkyLocalizationService.uplugin
LogPluginManager: Loaded Plugin PerforceSourceControl, From D:/Program Files (x86)/Epic Games/4.14/Engine/Plugins/Developer/PerforceSourceControl/PerforceSourceControl.uplugin
LogPluginManager: Loaded Plugin SubversionSourceControl, From D:/Program Files (x86)/Epic Games/4.14/Engine/Plugins/Developer/SubversionSourceControl/SubversionSourceControl.uplugin
LogPluginManager: Loaded Plugin UObjectPlugin, From D:/Program Files (x86)/Epic Games/4.14/Engine/Plugins/Developer/UObjectPlugin/UObjectPlugin.uplugin
LogPluginManager: Loaded Plugin VisualStudioSourceCodeAccess, From D:/Program Files (x86)/Epic Games/4.14/Engine/Plugins/Developer/VisualStudioSourceCodeAccess/VisualStudioSourceCodeAccess.uplugin
LogPluginManager: Loaded Plugin XCodeSourceCodeAccess, From D:/Program Files (x86)/Epic Games/4.14/Engine/Plugins/Developer/XCodeSourceCodeAccess/XCodeSourceCodeAccess.uplugin
LogPluginManager: Loaded Plugin AudioCapture, From D:/Program Files (x86)/Epic Games/4.14/Engine/Plugins/Editor/AudioCapture/AudioCapture.uplugin
LogPluginManager: Loaded Plugin EpicSurvey, From D:/Program Files (x86)/Epic Games/4.14/Engine/Plugins/Editor/EpicSurvey/EpicSurvey.uplugin
LogPluginManager: Loaded Plugin MacGraphicsSwitching, From D:/Program Files (x86)/Epic Games/4.14/Engine/Plugins/Editor/MacGraphicsSwitching/MacGraphicsSwitching.uplugin
LogPluginManager: Loaded Plugin MobileLauncherProfileWizard, From D:/Program Files (x86)/Epic Games/4.14/Engine/Plugins/Editor/MobileLauncherProfileWizard/MobileLauncherProfileWizard.uplugin
LogPluginManager: Loaded Plugin PluginBrowser, From D:/Program Files (x86)/Epic Games/4.14/Engine/Plugins/Editor/PluginBrowser/PluginBrowser.uplugin
LogPluginManager: Loaded Plugin SpeedTreeImporter, From D:/Program Files (x86)/Epic Games/4.14/Engine/Plugins/Editor/SpeedTreeImporter/SpeedTreeImporter.uplugin
LogPluginManager: Loaded Plugin SuperSearchEditor, From D:/Program Files (x86)/Epic Games/4.14/Engine/Plugins/Editor/SuperSearchEditor/SuperSearchEditor.uplugin
LogPluginManager: Loaded Plugin AlembicImporter, From D:/Program Files (x86)/Epic Games/4.14/Engine/Plugins/Experimental/AlembicImporter/AlembicImporter.uplugin
LogPluginManager: Loaded Plugin BlueprintStats, From D:/Program Files (x86)/Epic Games/4.14/Engine/Plugins/Experimental/BlueprintStats/BlueprintStats.uplugin
LogPluginManager: Loaded Plugin CharacterAI, From D:/Program Files (x86)/Epic Games/4.14/Engine/Plugins/Experimental/CharacterAI/CharacterAI.uplugin
LogPluginManager: Loaded Plugin CodeEditor, From D:/Program Files (x86)/Epic Games/4.14/Engine/Plugins/Experimental/CodeEditor/CodeEditor.uplugin
LogPluginManager: Loaded Plugin CodeView, From D:/Program Files (x86)/Epic Games/4.14/Engine/Plugins/Experimental/CodeView/CodeView.uplugin
LogPluginManager: Loaded Plugin HTML5Networking, From D:/Program Files (x86)/Epic Games/4.14/Engine/Plugins/Experimental/HTML5Networking/HTML5Networking.uplugin
LogPluginManager: Loaded Plugin OSVR, From D:/Program Files (x86)/Epic Games/4.14/Engine/Plugins/Experimental/OSVR/OSVR.uplugin
LogPluginManager: Loaded Plugin Phya, From D:/Program Files (x86)/Epic Games/4.14/Engine/Plugins/Experimental/Phya/Phya.uplugin
LogPluginManager: Loaded Plugin SignificanceManager, From D:/Program Files (x86)/Epic Games/4.14/Engine/Plugins/Experimental/SignificanceManager/SignificanceManager.uplugin
LogPluginManager: Loaded Plugin SimpleHMD, From D:/Program Files (x86)/Epic Games/4.14/Engine/Plugins/Experimental/SimpleHMD/SimpleHMD.uplugin
LogPluginManager: Loaded Plugin StereoPanorama, From D:/Program Files (x86)/Epic Games/4.14/Engine/Plugins/Experimental/StereoPanorama/StereoPanorama.uplugin
LogPluginManager: Loaded Plugin StructBox, From D:/Program Files (x86)/Epic Games/4.14/Engine/Plugins/Experimental/StructBox/StructBox.uplugin
LogPluginManager: Loaded Plugin AndroidMedia, From D:/Program Files (x86)/Epic Games/4.14/Engine/Plugins/Media/AndroidMedia/AndroidMedia.uplugin
LogPluginManager: Loaded Plugin AvfMedia, From D:/Program Files (x86)/Epic Games/4.14/Engine/Plugins/Media/AvfMedia/AvfMedia.uplugin
LogPluginManager: Loaded Plugin MediaPlayerEditor, From D:/Program Files (x86)/Epic Games/4.14/Engine/Plugins/Media/MediaPlayerEditor/MediaPlayerEditor.uplugin
LogPluginManager: Loaded Plugin WmfMedia, From D:/Program Files (x86)/Epic Games/4.14/Engine/Plugins/Media/WmfMedia/WmfMedia.uplugin
LogPluginManager: Loaded Plugin MessagingDebugger, From D:/Program Files (x86)/Epic Games/4.14/Engine/Plugins/Messaging/MessagingDebugger/MessagingDebugger.uplugin
LogPluginManager: Loaded Plugin TcpMessaging, From D:/Program Files (x86)/Epic Games/4.14/Engine/Plugins/Messaging/TcpMessaging/TcpMessaging.uplugin
LogPluginManager: Loaded Plugin UdpMessaging, From D:/Program Files (x86)/Epic Games/4.14/Engine/Plugins/Messaging/UdpMessaging/UdpMessaging.uplugin
LogPluginManager: Loaded Plugin LevelSequenceEditor, From D:/Program Files (x86)/Epic Games/4.14/Engine/Plugins/MovieScene/LevelSequenceEditor/LevelSequenceEditor.uplugin
LogPluginManager: Loaded Plugin MatineeToLevelSequence, From D:/Program Files (x86)/Epic Games/4.14/Engine/Plugins/MovieScene/MatineeToLevelSequence/MatineeToLevelSequence.uplugin
LogPluginManager: Loaded Plugin NetcodeUnitTest, From D:/Program Files (x86)/Epic Games/4.14/Engine/Plugins/NetcodeUnitTest/NetcodeUnitTest/NetcodeUnitTest.uplugin
LogPluginManager: Loaded Plugin NUTUnrealEngine4, From D:/Program Files (x86)/Epic Games/4.14/Engine/Plugins/NetcodeUnitTest/NUTUnrealEngine4/NUTUnrealEngine4.uplugin
LogPluginManager: Loaded Plugin OnlineSubsystemGameCircle, From D:/Program Files (x86)/Epic Games/4.14/Engine/Plugins/Online/Android/OnlineSubsystemGameCircle/OnlineSubsystemGameCircle.uplugin
LogPluginManager: Loaded Plugin OnlineSubsystemGooglePlay, From D:/Program Files (x86)/Epic Games/4.14/Engine/Plugins/Online/Android/OnlineSubsystemGooglePlay/OnlineSubsystemGooglePlay.uplugin
LogPluginManager: Loaded Plugin OnlineSubsystemIOS, From D:/Program Files (x86)/Epic Games/4.14/Engine/Plugins/Online/IOS/OnlineSubsystemIOS/OnlineSubsystemIOS.uplugin
LogPluginManager: Loaded Plugin OnlineFramework, From D:/Program Files (x86)/Epic Games/4.14/Engine/Plugins/Online/OnlineFramework/OnlineFramework.uplugin
LogPluginManager: Loaded Plugin OnlineSubsystem, From D:/Program Files (x86)/Epic Games/4.14/Engine/Plugins/Online/OnlineSubsystem/OnlineSubsystem.uplugin
LogPluginManager: Loaded Plugin OnlineSubsystemAmazon, From D:/Program Files (x86)/Epic Games/4.14/Engine/Plugins/Online/OnlineSubsystemAmazon/OnlineSubsystemAmazon.uplugin
LogPluginManager: Loaded Plugin OnlineSubsystemFacebook, From D:/Program Files (x86)/Epic Games/4.14/Engine/Plugins/Online/OnlineSubsystemFacebook/OnlineSubsystemFacebook.uplugin
LogPluginManager: Loaded Plugin OnlineSubsystemNull, From D:/Program Files (x86)/Epic Games/4.14/Engine/Plugins/Online/OnlineSubsystemNull/OnlineSubsystemNull.uplugin
LogPluginManager: Loaded Plugin OnlineSubsystemOculus, From D:/Program Files (x86)/Epic Games/4.14/Engine/Plugins/Online/OnlineSubsystemOculus/OnlineSubsystemOculus.uplugin
LogPluginManager: Loaded Plugin OnlineSubsystemSteam, From D:/Program Files (x86)/Epic Games/4.14/Engine/Plugins/Online/OnlineSubsystemSteam/OnlineSubsystemSteam.uplugin
LogPluginManager: Loaded Plugin OnlineSubsystemUtils, From D:/Program Files (x86)/Epic Games/4.14/Engine/Plugins/Online/OnlineSubsystemUtils/OnlineSubsystemUtils.uplugin
LogPluginManager: Loaded Plugin IOSTapJoy, From D:/Program Files (x86)/Epic Games/4.14/Engine/Plugins/Runtime/Advertising/IOSTapJoy/IOSTapJoy.uplugin
LogPluginManager: Loaded Plugin AnalyticsBlueprintLibrary, From D:/Program Files (x86)/Epic Games/4.14/Engine/Plugins/Runtime/Analytics/AnalyticsBlueprintLibrary/AnalyticsBlueprintLibrary.uplugin
LogPluginManager: Loaded Plugin AnalyticsMulticast, From D:/Program Files (x86)/Epic Games/4.14/Engine/Plugins/Runtime/Analytics/AnalyticsMulticast/AnalyticsMulticast.uplugin
LogPluginManager: Loaded Plugin Apsalar, From D:/Program Files (x86)/Epic Games/4.14/Engine/Plugins/Runtime/Analytics/Apsalar/Apsalar.uplugin
LogPluginManager: Loaded Plugin FileLogging, From D:/Program Files (x86)/Epic Games/4.14/Engine/Plugins/Runtime/Analytics/FileLogging/FileLogging.uplugin
LogPluginManager: Loaded Plugin Flurry, From D:/Program Files (x86)/Epic Games/4.14/Engine/Plugins/Runtime/Analytics/Flurry/Flurry.uplugin
LogPluginManager: Loaded Plugin AndroidDeviceProfileSelector, From D:/Program Files (x86)/Epic Games/4.14/Engine/Plugins/Runtime/AndroidDeviceProfileSelector/AndroidDeviceProfileSelector.uplugin
LogPluginManager: Loaded Plugin AndroidMoviePlayer, From D:/Program Files (x86)/Epic Games/4.14/Engine/Plugins/Runtime/AndroidMoviePlayer/AndroidMoviePlayer.uplugin
LogPluginManager: Loaded Plugin AppleMoviePlayer, From D:/Program Files (x86)/Epic Games/4.14/Engine/Plugins/Runtime/AppleMoviePlayer/AppleMoviePlayer.uplugin
LogPluginManager: Loaded Plugin ArchVisCharacter, From D:/Program Files (x86)/Epic Games/4.14/Engine/Plugins/Runtime/ArchVisCharacter/ArchVisCharacter.uplugin
LogPluginManager: Loaded Plugin CableComponent, From D:/Program Files (x86)/Epic Games/4.14/Engine/Plugins/Runtime/CableComponent/CableComponent.uplugin
LogPluginManager: Loaded Plugin CustomMeshComponent, From D:/Program Files (x86)/Epic Games/4.14/Engine/Plugins/Runtime/CustomMeshComponent/CustomMeshComponent.uplugin
LogPluginManager: Loaded Plugin ExampleDeviceProfileSelector, From D:/Program Files (x86)/Epic Games/4.14/Engine/Plugins/Runtime/ExampleDeviceProfileSelector/ExampleDeviceProfileSelector.uplugin
LogPluginManager: Loaded Plugin GearVR, From D:/Program Files (x86)/Epic Games/4.14/Engine/Plugins/Runtime/GearVR/GearVR.uplugin
LogPluginManager: Loaded Plugin GoogleVRController, From D:/Program Files (x86)/Epic Games/4.14/Engine/Plugins/Runtime/GoogleVR/GoogleVRController/GoogleVRController.uplugin
LogPluginManager: Loaded Plugin GoogleVRHMD, From D:/Program Files (x86)/Epic Games/4.14/Engine/Plugins/Runtime/GoogleVR/GoogleVRHMD/GoogleVRHMD.uplugin
LogPluginManager: Loaded Plugin IOSDeviceProfileSelector, From D:/Program Files (x86)/Epic Games/4.14/Engine/Plugins/Runtime/IOSDeviceProfileSelector/IOSDeviceProfileSelector.uplugin
LogPluginManager: Loaded Plugin LeapMotion, From D:/Program Files (x86)/Epic Games/4.14/Engine/Plugins/Runtime/LeapMotion/LeapMotion.uplugin
LogPluginManager: Loaded Plugin LinuxDeviceProfileSelector, From D:/Program Files (x86)/Epic Games/4.14/Engine/Plugins/Runtime/LinuxDeviceProfileSelector/LinuxDeviceProfileSelector.uplugin
LogPluginManager: Loaded Plugin MIDIDevice, From D:/Program Files (x86)/Epic Games/4.14/Engine/Plugins/Runtime/MIDIDevice/MIDIDevice.uplugin
LogPluginManager: Loaded Plugin MobilePatchingUtils, From D:/Program Files (x86)/Epic Games/4.14/Engine/Plugins/Runtime/MobilePatchingUtils/MobilePatchingUtils.uplugin
LogPluginManager: Loaded Plugin Ansel, From D:/Program Files (x86)/Epic Games/4.14/Engine/Plugins/Runtime/Nvidia/Ansel/Ansel.uplugin
LogPluginManager: Loaded Plugin OculusAudio, From D:/Program Files (x86)/Epic Games/4.14/Engine/Plugins/Runtime/OculusAudio/OculusAudio.uplugin
LogPluginManager: Loaded Plugin OculusInput, From D:/Program Files (x86)/Epic Games/4.14/Engine/Plugins/Runtime/OculusInput/OculusInput.uplugin
LogPluginManager: Loaded Plugin OculusLibrary, From D:/Program Files (x86)/Epic Games/4.14/Engine/Plugins/Runtime/OculusLibrary/OculusLibrary.uplugin
LogPluginManager: Loaded Plugin OculusRift, From D:/Program Files (x86)/Epic Games/4.14/Engine/Plugins/Runtime/OculusRift/OculusRift.uplugin
LogPluginManager: Loaded Plugin Oodle, From D:/Program Files (x86)/Epic Games/4.14/Engine/Plugins/Runtime/PacketHandlers/CompressionComponents/Oodle/Oodle.uplugin
LogPluginManager: Loaded Plugin ProceduralMeshComponent, From D:/Program Files (x86)/Epic Games/4.14/Engine/Plugins/Runtime/ProceduralMeshComponent/ProceduralMeshComponent.uplugin
LogPluginManager: Loaded Plugin SoundMod, From D:/Program Files (x86)/Epic Games/4.14/Engine/Plugins/Runtime/SoundMod/SoundMod.uplugin
LogPluginManager: Loaded Plugin SoundVisualizations, From D:/Program Files (x86)/Epic Games/4.14/Engine/Plugins/Runtime/SoundVisualizations/SoundVisualizations.uplugin
LogPluginManager: Loaded Plugin SteamController, From D:/Program Files (x86)/Epic Games/4.14/Engine/Plugins/Runtime/Steam/SteamController/SteamController.uplugin
LogPluginManager: Loaded Plugin SteamVR, From D:/Program Files (x86)/Epic Games/4.14/Engine/Plugins/Runtime/Steam/SteamVR/SteamVR.uplugin
LogPluginManager: Loaded Plugin WebBrowserWidget, From D:/Program Files (x86)/Epic Games/4.14/Engine/Plugins/Runtime/WebBrowserWidget/WebBrowserWidget.uplugin
LogPluginManager: Loaded Plugin WindowsDeviceProfileSelector, From D:/Program Files (x86)/Epic Games/4.14/Engine/Plugins/Runtime/WindowsDeviceProfileSelector/WindowsDeviceProfileSelector.uplugin
LogPluginManager: Loaded Plugin WindowsMoviePlayer, From D:/Program Files (x86)/Epic Games/4.14/Engine/Plugins/Runtime/WindowsMoviePlayer/WindowsMoviePlayer.uplugin
LogPluginManager: Loaded Plugin ScriptPlugin, From D:/Program Files (x86)/Epic Games/4.14/Engine/Plugins/ScriptPlugin/ScriptPlugin.uplugin
LogPluginManager: Loaded Plugin SlateRemote, From D:/Program Files (x86)/Epic Games/4.14/Engine/Plugins/Slate/SlateRemote/SlateRemote.uplugin
LogPluginManager: Loaded Plugin EditorTests, From D:/Program Files (x86)/Epic Games/4.14/Engine/Plugins/Tests/EditorTests/EditorTests.uplugin
LogPluginManager: Loaded Plugin FbxAutomationTestBuilder, From D:/Program Files (x86)/Epic Games/4.14/Engine/Plugins/Tests/FbxAutomationTestBuilder/FbxAutomationTestBuilder.uplugin
LogPluginManager: Loaded Plugin FunctionalTestingEditor, From D:/Program Files (x86)/Epic Games/4.14/Engine/Plugins/Tests/FunctionalTestingEditor/FunctionalTestingEditor.uplugin
LogPluginManager: Loaded Plugin RuntimeTests, From D:/Program Files (x86)/Epic Games/4.14/Engine/Plugins/Tests/RuntimeTests/RuntimeTests.uplugin
LogPluginManager: Loaded Plugin ScreenshotTools, From D:/Program Files (x86)/Epic Games/4.14/Engine/Plugins/Tests/ScreenshotTools/ScreenshotTools.uplugin
LogInit: Using libcurl 7.47.1
LogInit:  - built for x86_64-pc-win32
LogInit:  - supports SSL with OpenSSL/1.0.2g
LogInit:  - supports HTTP deflate (compression) using libz 1.2.8
LogInit:  - other features:
LogInit:      CURL_VERSION_SSL
LogInit:      CURL_VERSION_LIBZ
LogInit:      CURL_VERSION_IPV6
LogInit:      CURL_VERSION_ASYNCHDNS
LogInit:      CURL_VERSION_LARGEFILE
LogInit:      CURL_VERSION_IDN
LogInit:  CurlRequestOptions (configurable via config and command line):
LogInit:  - bVerifyPeer = false  - Libcurl will NOT verify peer certificate
LogInit:  - bUseHttpProxy = false  - Libcurl will NOT use HTTP proxy
LogInit:  - bDontReuseConnections = false  - Libcurl will reuse connections
LogInit:  - CertBundlePath = nullptr  - Libcurl will use whatever was configured at build time.
LogInit: Build: ++UE4+Release-4.14-CL-3249277
LogInit: Engine Version: 4.14.3-3249277+++UE4+Release-4.14
LogInit: Compatible Engine Version: 4.14.0-3195953+++UE4+Release-4.14
LogInit: Net CL: 3195953
LogDevObjectVersion: Number of dev versions registered: 13
LogDevObjectVersion:   Dev-Blueprints (B0D832E4-1F89-4F0D-ACCF-7EB736FD4AA2): 7
LogDevObjectVersion:   Dev-Build (E1C64328-A22C-4D53-A36C-8E866417BD8C): 0
LogDevObjectVersion:   Dev-Core (375EC13C-06E4-48FB-B500-84F0262A717E): 1
LogDevObjectVersion:   Dev-Editor (E4B068ED-F494-42E9-A231-DA0B2E46BB41): 8
LogDevObjectVersion:   Dev-Framework (CFFC743F-43B0-4480-9391-14DF171D2073): 17
LogDevObjectVersion:   Dev-Mobile (B02B49B5-BB20-44E9-A304-32B752E40360): 0
LogDevObjectVersion:   Dev-Networking (A4E4105C-59A1-49B5-A7C5-40C4547EDFEE): 0
LogDevObjectVersion:   Dev-Online (39C831C9-5AE6-47DC-9A44-9C173E1C8E7C): 0
LogDevObjectVersion:   Dev-Physics (78F01B33-EBEA-4F98-B9B4-84EACCB95AA2): 0
LogDevObjectVersion:   Dev-Platform (6631380F-2D4D-43E0-8009-CF276956A95A): 0
LogDevObjectVersion:   Dev-Rendering (12F88B9F-8875-4AFC-A67C-D90C383ABD29): 12
LogDevObjectVersion:   Dev-Sequencer (7B5AE74C-D270-4C10-A958-57980B212A5A): 1
LogDevObjectVersion:   Dev-VR (D7296918-1DD6-4BDD-9DE2-64A83CC13884): 0
LogInit: Compiled (64-bit): Jan  6 2017 10:49:43
LogInit: Compiled with Visual C++: 19.00.23026.00
LogInit: Build Configuration: Development
LogInit: Branch Name: ++UE4+Release-4.14
LogInit: Command line: 
LogInit: Base directory: D:/Program Files (x86)/Epic Games/4.14/Engine/Binaries/Win64/
LogInit: Installed Engine Build: 1
LogInit: Presizing for max 8388607 objects, including 0 objects not considered by GC, pre-allocating 0 bytes for permanent pool.
LogInit: Object subsystem initialized
[2017.02.21-20.35.46:061][  0]LogInit: Selected Device Profile: [Windows]
[2017.02.21-20.35.46:061][  0]LogInit: Applying CVar settings loaded from the selected device profile: [Windows]
[2017.02.21-20.35.46:084][  0]LogInit: Computer: DESKTOP-3FAHSDO
[2017.02.21-20.35.46:084][  0]LogInit: User: Edd
[2017.02.21-20.35.46:084][  0]LogInit: CPU Page size=65536, Cores=4
[2017.02.21-20.35.46:084][  0]LogInit: High frequency timer resolution =2.531247 MHz
[2017.02.21-20.35.46:085][  0]LogMemory: Memory total: Physical=7.9GB (8GB approx)
[2017.02.21-20.35.46:085][  0]LogMemory: Platform Memory Stats for Windows
[2017.02.21-20.35.46:085][  0]LogMemory: Process Physical Memory: 265.75 MB used, 265.75 MB peak
[2017.02.21-20.35.46:085][  0]LogMemory: Process Virtual Memory: 262.66 MB used, 262.66 MB peak
[2017.02.21-20.35.46:085][  0]LogMemory: Physical Memory: 4561.73 MB used,  3506.79 MB free, 8068.52 MB total
[2017.02.21-20.35.46:085][  0]LogMemory: Virtual Memory: 676.53 MB used,  3506.79 MB free, 134217728.00 MB total
[2017.02.21-20.35.46:680][  0]LogInit: Overriding culture en with editor configuration.
[2017.02.21-20.35.48:531][  0]LogD3D11RHI: D3D11 adapters:
[2017.02.21-20.35.48:688][  0]LogD3D11RHI:    0. 'NVIDIA GeForce GTX 960M' (Feature Level 11_0)
[2017.02.21-20.35.48:688][  0]LogD3D11RHI:       2018/0/4034 MB DedicatedVideo/DedicatedSystem/SharedSystem, Outputs:1, VendorId:0x10de
[2017.02.21-20.35.48:876][  0]LogD3D11RHI:    1. 'Intel(R) HD Graphics 530' (Feature Level 11_0)
[2017.02.21-20.35.48:876][  0]LogD3D11RHI:       128/0/4034 MB DedicatedVideo/DedicatedSystem/SharedSystem, Outputs:0, VendorId:0x8086
[2017.02.21-20.35.48:879][  0]LogD3D11RHI:    2. 'Microsoft Basic Render Driver' (Feature Level 11_0)
[2017.02.21-20.35.48:879][  0]LogD3D11RHI:       0/0/4034 MB DedicatedVideo/DedicatedSystem/SharedSystem, Outputs:0, VendorId:0x1414
[2017.02.21-20.35.48:879][  0]LogD3D11RHI: Chosen D3D11 Adapter: 0
[2017.02.21-20.35.48:883][  0]LogD3D11RHI: Creating new Direct3DDevice
[2017.02.21-20.35.48:884][  0]LogD3D11RHI:     GPU DeviceId: 0x139b (for the marketing name, search the web for "GPU Device Id")
[2017.02.21-20.35.48:884][  0]LogWindows: EnumDisplayDevices:
[2017.02.21-20.35.48:884][  0]LogWindows:    0. 'Intel(R) HD Graphics 530' (P:1 D:1)
[2017.02.21-20.35.48:884][  0]LogWindows:    1. 'Intel(R) HD Graphics 530' (P:0 D:0)
[2017.02.21-20.35.48:884][  0]LogWindows:    2. 'Intel(R) HD Graphics 530' (P:0 D:0)
[2017.02.21-20.35.48:885][  0]LogWindows: DebugString: PrimaryIsNotTheChoosenAdapter PrimaryIsNotTheChoosenAdapter PrimaryIsNotTheChoosenAdapter FoundDriverCount:0 
[2017.02.21-20.35.48:885][  0]LogD3D11RHI:     Adapter Name: NVIDIA GeForce GTX 960M
[2017.02.21-20.35.48:885][  0]LogD3D11RHI:   Driver Version: Unknown (internal:Unknown, unified:Unknown)
[2017.02.21-20.35.48:885][  0]LogD3D11RHI:      Driver Date: Unknown
[2017.02.21-20.35.48:885][  0]LogRHI: Texture pool is 1361 MB (70% of 1945 MB)
[2017.02.21-20.35.48:901][  0]LogD3D11RHI: Async texture creation enabled
[2017.02.21-20.35.48:919][  0]LogD3D11RHI: GPU Timing Frequency: 1000.000000 (Debug: 2 1)
[2017.02.21-20.35.48:920][  0]LogShaderCompilers: Guid format shader working directory is -11 characters bigger than the processId version (C:/Users/Edd/Desktop/VANsGame/Mechanics/BasicMechanics/Intermediate/Shaders/WorkingDirectory/11676/).
[2017.02.21-20.35.48:920][  0]LogShaderCompilers: Cleaned the shader compiler working directory 'C:/Users/Edd/AppData/Local/Temp/UnrealShaderWorkingDir/3F8A06C34A06CD33C79473B4A283AC99/'.
[2017.02.21-20.35.48:920][  0]LogShaderCompilers:Display: Using Local Shader Compiler.
[2017.02.21-20.35.52:348][  0]LogTemp:Display: Loaded TP AllDesktopTargetPlatform
[2017.02.21-20.35.52:920][  0]LogTemp:Display: Loaded TP MacClientTargetPlatform
[2017.02.21-20.35.53:160][  0]LogTemp:Display: Loaded TP MacNoEditorTargetPlatform
[2017.02.21-20.35.53:416][  0]LogTemp:Display: Loaded TP MacServerTargetPlatform
[2017.02.21-20.35.53:703][  0]LogTemp:Display: Loaded TP MacTargetPlatform
[2017.02.21-20.35.54:247][  0]LogTemp:Display: Loaded TP WindowsClientTargetPlatform
[2017.02.21-20.35.54:493][  0]LogTemp:Display: Loaded TP WindowsNoEditorTargetPlatform
[2017.02.21-20.35.54:729][  0]LogTemp:Display: Loaded TP WindowsServerTargetPlatform
[2017.02.21-20.35.54:994][  0]LogTemp:Display: Loaded TP WindowsTargetPlatform
[2017.02.21-20.35.55:245][  0]LogTemp:Display: Loaded TP Android_ASTCTargetPlatform
[2017.02.21-20.35.55:788][  0]LogTemp:Display: Loaded TP Android_ATCTargetPlatform
[2017.02.21-20.35.56:127][  0]LogTemp:Display: Loaded TP Android_DXTTargetPlatform
[2017.02.21-20.35.56:719][  0]LogTemp:Display: Loaded TP Android_ETC1TargetPlatform
[2017.02.21-20.35.57:012][  0]LogTemp:Display: Loaded TP Android_ETC2TargetPlatform
[2017.02.21-20.35.57:824][  0]LogTemp:Display: Loaded TP Android_MultiTargetPlatform
[2017.02.21-20.35.57:824][  0]LogTemp:Display: Loaded TP Android_PVRTCTargetPlatform
[2017.02.21-20.35.58:384][  0]LogTemp:Display: Loaded TP AndroidTargetPlatform
[2017.02.21-20.35.58:717][  0]LogTemp:Display: Loaded TP HTML5TargetPlatform
[2017.02.21-20.35.59:409][  0]LogTemp:Display: Loaded TP IOSTargetPlatform
[2017.02.21-20.35.59:553][  0]LogTemp:Display: Loaded TP TVOSTargetPlatform
[2017.02.21-20.36.00:168][  0]LogTemp:Display: Loaded TP LinuxClientTargetPlatform
[2017.02.21-20.36.00:433][  0]LogTemp:Display: Loaded TP LinuxNoEditorTargetPlatform
[2017.02.21-20.36.00:941][  0]LogTemp:Display: Loaded TP LinuxServerTargetPlatform
[2017.02.21-20.36.01:215][  0]LogTemp:Display: Loaded TP LinuxTargetPlatform
[2017.02.21-20.36.01:215][  0]LogTargetPlatformManager:Display: Building Assets For Windows
[2017.02.21-20.36.04:972][  0]LogDerivedDataCache:Display: Max Cache Size: 512 MB
[2017.02.21-20.36.05:216][  0]LogDerivedDataCache: Loaded boot cache 0.24s 50MB C:/Users/Edd/AppData/Local/UnrealEngine/4.14/DerivedDataCache/Boot.ddc.
[2017.02.21-20.36.05:216][  0]LogDerivedDataCache:Display: Loaded Boot cache: C:/Users/Edd/AppData/Local/UnrealEngine/4.14/DerivedDataCache/Boot.ddc
[2017.02.21-20.36.05:217][  0]LogDerivedDataCache: FDerivedDataBackendGraph:  Pak pak cache file C:/Users/Edd/Desktop/VANsGame/Mechanics/BasicMechanics/DerivedDataCache/DDC.ddp not found, will not use a pak cache.
[2017.02.21-20.36.05:217][  0]LogDerivedDataCache: Unable to find inner node Pak for hierarchical cache Hierarchy.
[2017.02.21-20.36.05:217][  0]LogDerivedDataCache: FDerivedDataBackendGraph:  CompressedPak pak cache file C:/Users/Edd/Desktop/VANsGame/Mechanics/BasicMechanics/DerivedDataCache/Compressed.ddp not found, will not use a pak cache.
[2017.02.21-20.36.05:217][  0]LogDerivedDataCache: Unable to find inner node CompressedPak for hierarchical cache Hierarchy.
[2017.02.21-20.36.05:270][  0]LogDerivedDataCache:Display: Pak cache opened for reading ../../../Engine/DerivedDataCache/Compressed.ddp.
[2017.02.21-20.36.05:283][  0]LogDerivedDataCache: Using Local data cache path C:/Users/Edd/AppData/Local/UnrealEngine/Common/DerivedDataCache: Writable
[2017.02.21-20.36.07:126][  0]LogInit: Selected Device Profile: [Windows]
[2017.02.21-20.36.07:137][  0]LogContentStreaming: Texture pool size is 0.00 MB
[2017.02.21-20.36.08:428][  0]LogMeshUtilities: Using QuadricMeshReduction for automatic static mesh reduction
[2017.02.21-20.36.09:013][  0]LogSimplygon: Simplygon DLL not present - disabling.
[2017.02.21-20.36.09:600][  0]LogMeshUtilities: Using SimplygonSwarm for distributed automatic mesh merging
[2017.02.21-20.36.09:600][  0]LogMeshUtilities: No automatic skeletal mesh reduction module available
[2017.02.21-20.36.09:600][  0]LogMeshUtilities: No automatic mesh merging module available
[2017.02.21-20.36.12:620][  0]LogNetVersion: GetLocalNetworkVersion: CL: 3195953, ProjectName: basicmechanics, ProjectVersion: , EngineNetworkVersion: 2, GameNetworkVersion: 0, NetworkChecksum: 1363929391
[2017.02.21-20.36.12:926][  0]LogAssetRegistry: FAssetRegistry took 0.0231 seconds to start up
[2017.02.21-20.36.13:146][  0]LogPackageLocalizationCache: Processed 3 localized package path(s) for 1 prioritized culture(s) in 0.033890 seconds
[2017.02.21-20.36.13:155][  0]LogUObjectArray: 31946 objects as part of root set at end of initial load.
[2017.02.21-20.36.13:155][  0]LogUObjectAllocator: 6935840 out of 0 bytes used by permanent object pool.
[2017.02.21-20.36.13:155][  0]LogUObjectArray: CloseDisregardForGC: 0/0 objects in disregard for GC pool
[2017.02.21-20.36.13:817][  0]LogInit: WinSock: version 1.1 (2.2), MaxSocks=32767, MaxUdp=65467
[2017.02.21-20.36.26:098][  0]LogSlate: Using Freetype 2.6.0
[2017.02.21-20.36.26:123][  0]LogSlate: SlateFontCache - WITH_FREETYPE: 1, WITH_HARFBUZZ: 1
[2017.02.21-20.36.26:124][  0]LogSlate: SlateFontCache - WITH_FREETYPE: 1, WITH_HARFBUZZ: 1
[2017.02.21-20.36.34:637][  0]LogTcpMessaging: Initializing TcpMessaging bridge
[2017.02.21-20.36.34:858][  0]LogUdpMessaging: Initializing bridge on interface 0.0.0.0:0 to multicast group 230.0.0.1:6666.
[2017.02.21-20.36.37:640][  0]LogMaterial: Uniform references updated for custom material expression Custom.
[2017.02.21-20.36.40:788][  0]SourceControl: Info Source control is disabled
[2017.02.21-20.36.40:790][  0]SourceControl: Info Source control is disabled
[2017.02.21-20.36.41:174][  0]SourceControl: Info Source control is disabled
[2017.02.21-20.36.41:700][  0]SourceControl: Info Source control is disabled
[2017.02.21-20.36.54:226][  0]LogEngine: Initializing Engine...
[2017.02.21-20.36.54:227][  0]LogHMD: Failed to initialize OpenVR with code 110
[2017.02.21-20.36.55:897][  0]LogAIModule: Creating AISystem for world Untitled
[2017.02.21-20.36.55:930][  0]LogInit: XAudio2 using 'Altavoces (Realtek High Definition Audio)' : 2 channels at 48 kHz using 32 bits per sample (channel mask 0x3)
[2017.02.21-20.36.56:027][  0]LogInit: FAudioDevice initialized.
[2017.02.21-20.36.56:074][  0]LogDerivedDataCache: Saved boot cache 0.05s 50MB C:/Users/Edd/AppData/Local/UnrealEngine/4.14/DerivedDataCache/Boot.ddc.
[2017.02.21-20.36.56:085][  0]LogInit: Texture streaming: Enabled
[2017.02.21-20.36.58:415][  0]LogInit: Transaction tracking system initialized
[2017.02.21-20.37.09:910][  0]BlueprintLog: New page: Editor Load
[2017.02.21-20.37.22:520][  0]LocalizationService: Info Localization service is disabled
[2017.02.21-20.37.34:482][  0]LogConsoleResponse:Display: 
[2017.02.21-20.37.35:265][  0]LogCook:Display: Max memory allowance for cook 16384mb min free memory 0mb
[2017.02.21-20.37.35:265][  0]LogCook:Display: Mobile HDR setting 1
[2017.02.21-20.37.35:492][  0]LogFileCache: Scanning file cache for directory 'C:/Users/Edd/Desktop/VANsGame/Mechanics/BasicMechanics/Content/' took 0.03s
[2017.02.21-20.38.05:702][  0]SourceControl: Info Source control is disabled
[2017.02.21-20.38.05:703][  0]Cmd: MAP LOAD FILE="C:/Users/Edd/Desktop/VANsGame/Mechanics/BasicMechanics/Content/StarterContent/Maps/Minimal_Default.umap" TEMPLATE=0 SHOWPROGRESS=1 FEATURELEVEL=3
[2017.02.21-20.38.05:705][  0]LightingResults: New page: Lighting Build
[2017.02.21-20.38.07:384][  0]MapCheck: New page: Map Check
[2017.02.21-20.38.07:384][  0]LightingResults: New page: Lighting Build
[2017.02.21-20.38.09:734][  0]LogAIModule: Creating AISystem for world Minimal_Default
[2017.02.21-20.38.09:736][  0]LogActorComponent: RegisterComponentWithWorld: (/Game/StarterContent/Maps/Minimal_Default.Minimal_Default:PersistentLevel.WorldSettings_1.StaticMeshComponent0) Trying to register component with IsPendingKill() == true. Aborting.
[2017.02.21-20.38.09:846][  0]LogEditorServer: Finished looking for orphan Actors (0.000 secs)
[2017.02.21-20.38.09:847][  0]Cmd: MAP CHECKDEP NOCLEARLOG
[2017.02.21-20.38.19:095][  0]MapCheck: Info Map check complete: 0 Error(s), 0 Warning(s), took 9,248.302ms to complete.
[2017.02.21-20.38.19:095][  0]LogFileHelpers: Loading map 'Minimal_Default' took 13.392
[2017.02.21-20.38.19:967][  0]LogCollectionManager: Loaded 0 collections in 0.003134 seconds
[2017.02.21-20.38.21:576][  0]LogFileCache: Scanning file cache for directory 'C:/Users/Edd/Desktop/VANsGame/Mechanics/BasicMechanics/Saved/Collections/' took 0.01s
[2017.02.21-20.38.21:576][  0]LogFileCache: Scanning file cache for directory 'C:/Users/Edd/Desktop/VANsGame/Mechanics/BasicMechanics/Content/Developers/Edd/Collections/' took 0.01s
[2017.02.21-20.38.21:576][  0]LogFileCache: Scanning file cache for directory 'C:/Users/Edd/Desktop/VANsGame/Mechanics/BasicMechanics/Content/Collections/' took 0.01s
[2017.02.21-20.38.21:576][  0]LogCollectionManager: Rebuilt the GUID cache for 0 collections in 0.000004 seconds
[2017.02.21-20.38.21:588][  0]LogContentBrowser: Native class hierarchy populated in 0.0119 seconds. Added 2190 classes and 428 folders.
[2017.02.21-20.38.23:004][  0]LogStats: UGameplayTagsManager::ConstructGameplayTagTree: Construct from data asset -  0.000 s
[2017.02.21-20.38.23:004][  0]LogStats: UGameplayTagsManager::ConstructGameplayTagTree: GameplayTagTreeChangedEvent.Broadcast -  0.000 s
[2017.02.21-20.38.23:005][  0]LogContentBrowser: Native class hierarchy updated for 'GameplayTags' in 0.0006 seconds. Added 13 classes and 0 folders.
[2017.02.21-20.38.25:041][  0]LogContentBrowser: Native class hierarchy updated for 'WidgetCarousel' in 0.0010 seconds. Added 0 classes and 0 folders.
[2017.02.21-20.38.27:368][  0]LogContentBrowser: Native class hierarchy updated for 'AddContentDialog' in 0.0021 seconds. Added 0 classes and 0 folders.
[2017.02.21-20.38.29:414][  0]LogContentBrowser: Native class hierarchy updated for 'SceneOutliner' in 0.0007 seconds. Added 1 classes and 2 folders.
[2017.02.21-20.38.30:110][  0]LogCrashTracker: Crashtracker disabled due to settings.
[2017.02.21-20.38.30:124][  0]LogUObjectGlobals:Warning: Failed to find object 'Class None.'
[2017.02.21-20.38.31:861][  0]LogContentBrowser: Native class hierarchy updated for 'HierarchicalLODOutliner' in 0.0007 seconds. Added 1 classes and 2 folders.
[2017.02.21-20.38.31:862][  0]LogLoad: (Engine Initialization) Total time: 175.50 seconds
[2017.02.21-20.38.31:862][  0]LogLoad: (Engine Initialization) Total Blueprint compile time: 0.69 seconds
[2017.02.21-20.38.31:862][  0]LogExternalProfiler: Found external profiler: VSPerf
[2017.02.21-20.38.31:862][  0]LogExternalProfiler: Using external profiler: VSPerf
[2017.02.21-20.38.31:873][  0]LogOcInput: OculusInput pre-init called
[2017.02.21-20.38.31:908][  0]LogContentStreaming: Texture pool size now 1000 MB
[2017.02.21-20.38.32:849][  0]LogRenderer: Reallocating scene render targets to support 940x408 NumSamples 1 (Frame:2).
[2017.02.21-20.38.32:929][  1]LogFileCache: Retrieving MD5 hashes for directory 'C:/Users/Edd/Desktop/VANsGame/Mechanics/BasicMechanics/Content/' took 1.04s
[2017.02.21-20.38.33:291][  2]LogAssetRegistry: Asset discovery search completed in 140.3878 seconds
[2017.02.21-20.38.33:291][  2]LogCollectionManager: Rebuilt the object cache for 0 collections in 0.000000 seconds (found 0 objects)
[2017.02.21-20.38.33:291][  2]LogCollectionManager: Fixed up redirectors for 0 collections in 0.000019 seconds (updated 0 objects)
[2017.02.21-21.04.29:285][171]LogStaticMesh: Building static mesh Sidewalk_Straight...
[2017.02.21-21.04.29:330][171]LogStaticMesh: Built static mesh [0.05s] /Game/VillageElements/Sidewalk_Straight.Sidewalk_Straight
[2017.02.21-21.04.29:417][171]LogMaterial: Missing cached shader map for material NewsPaperBoxGlass_mat, compiling. 
[2017.02.21-21.04.29:822][171]LogTexture:Display: Building textures: NewspaperBox_VarA_A (AutoDXT)
[2017.02.21-21.04.30:965][171]LogMaterial: Missing cached shader map for material NewsPaperBox_mat, compiling. 
[2017.02.21-21.04.31:007][171]LogStaticMesh: Building static mesh NewspaperBox...
[2017.02.21-21.04.31:180][171]LogStaticMesh: Built static mesh [0.17s] /Game/VillageElements/NewspaperBox.NewspaperBox
[2017.02.21-21.04.31:419][171]LogTexture:Display: Building textures: Sidewalk_A (AutoDXT)
[2017.02.21-21.04.33:223][171]LogMaterial: Missing cached shader map for material Sidewalk_TintA_mat, compiling. 
[2017.02.21-21.04.33:258][171]LogStaticMesh: Building static mesh Manhole...
[2017.02.21-21.04.33:269][171]LogStaticMesh: Built static mesh [0.01s] /Game/VillageElements/Manhole.Manhole
[2017.02.21-21.04.33:499][171]LogTexture:Display: Building textures: FireHydrant_A (AutoDXT)
[2017.02.21-21.04.35:359][171]LogMaterial: Missing cached shader map for material FireHydrant_mat, compiling. 
[2017.02.21-21.04.35:399][171]LogStaticMesh: Building static mesh FireHydrant...
[2017.02.21-21.04.36:040][171]LogStaticMesh: Built static mesh [0.64s] /Game/VillageElements/FireHydrant.FireHydrant
[2017.02.21-21.04.36:194][171]LogTexture:Display: Building textures: BusStopGlass_A (AutoDXT)
[2017.02.21-21.04.37:669][171]LogMaterial: Missing cached shader map for material BusStopGlass_mat, compiling. 
[2017.02.21-21.04.37:892][171]LogTexture:Display: Building textures: BusStop_A (AutoDXT)
[2017.02.21-21.04.39:150][171]LogMaterial: Missing cached shader map for material BusStop_mat, compiling. 
[2017.02.21-21.04.39:184][171]LogStaticMesh: Building static mesh BusStop...
[2017.02.21-21.04.39:512][171]LogStaticMesh: Built static mesh [0.33s] /Game/VillageElements/BusStop.BusStop
[2017.02.21-21.04.39:542][171]LogMaterial: Missing cached shader map for material wallP, compiling. 
[2017.02.21-21.04.39:573][171]LogMaterial: Missing cached shader map for material wall, compiling. 
[2017.02.21-21.04.39:607][171]LogMaterial: Missing cached shader map for material ceiling, compiling. 
[2017.02.21-21.04.39:641][171]LogMaterial: Missing cached shader map for material atlas, compiling. 
[2017.02.21-21.04.40:486][171]LogTexture:Display: Building textures: Sign_A (AutoDXT)
[2017.02.21-21.04.41:951][171]LogMaterial: Missing cached shader map for material Sign_mat, compiling. 
[2017.02.21-21.04.42:096][171]LogTexture:Display: Building textures: ChalkWriting (AutoDXT)
[2017.02.21-21.04.43:212][171]LogMaterial: Missing cached shader map for material ChalkWriting_mat, compiling. 
[2017.02.21-21.04.43:277][171]LogStaticMesh: Building static mesh Sign...
[2017.02.21-21.04.43:307][171]LogStaticMesh: Built static mesh [0.03s] /Game/VillageElements/Sign.Sign
[2017.02.21-21.04.44:011][171]LogTexture:Display: Building textures: HQ_Lightmap0_1 (AutoDXT)
[2017.02.21-21.04.44:706][171]LogTexture:Display: Building textures: HQ_Lightmap0_2 (AutoDXT)
[2017.02.21-21.04.44:876][171]LogTexture:Display: Building textures: HQ_Lightmap0_3 (AutoDXT)
[2017.02.21-21.04.44:944][171]LogTexture:Display: Building textures: LQ_Lightmap_0_1 (DXT1)
[2017.02.21-21.04.45:280][171]LogTexture:Display: Building textures: LQ_Lightmap_0_2 (DXT1)
[2017.02.21-21.04.45:375][171]LogTexture:Display: Building textures: LQ_Lightmap_0_3 (DXT1)
[2017.02.21-21.04.45:420][171]LogTexture:Display: Building textures: SkyOcclusion0_1 (AutoDXT)
[2017.02.21-21.04.45:672][171]LogTexture:Display: Building textures: SkyOcclusion0_2 (AutoDXT)
[2017.02.21-21.04.45:750][171]LogTexture:Display: Building textures: SkyOcclusion0_3 (AutoDXT)
[2017.02.21-21.04.45:763][171]LogTexture:Display: Building textures: ShadowMapTexture2D_7 (G8)
[2017.02.21-21.04.45:890][171]LogTexture:Display: Building textures: ShadowMapTexture2D_8 (G8)
[2017.02.21-21.04.45:921][171]LogTexture:Display: Building textures: ShadowMapTexture2D_9 (G8)
[2017.02.21-21.04.46:258][171]LogAIModule: Creating AISystem for world Village
[2017.02.21-21.04.46:805][171]Cmd: MAP LOAD FILE="C:/Users/Edd/Desktop/VANsGame/Mechanics/BasicMechanics/Content/Levels/Village.umap" TEMPLATE=0 SHOWPROGRESS=1 FEATURELEVEL=3
[2017.02.21-21.04.46:807][171]LightingResults: New page: Lighting Build
[2017.02.21-21.04.46:809][171]LoadErrors: New page: Loading map: Village.umap
[2017.02.21-21.04.46:891][171]MapCheck: New page: Map Check
[2017.02.21-21.04.46:891][171]LightingResults: New page: Lighting Build
[2017.02.21-21.04.47:257][171]LogEditorServer: Finished looking for orphan Actors (0.000 secs)
[2017.02.21-21.04.47:349][171]Cmd: MAP CHECKDEP NOCLEARLOG
[2017.02.21-21.04.49:382][171]MapCheck: Info Map check complete: 0 Error(s), 0 Warning(s), took 2,031.977ms to complete.
[2017.02.21-21.04.49:383][171]LogFileHelpers: Loading map 'Village' took 2.625
[2017.02.21-21.06.12:836][981]LogStaticMesh: Building static mesh VAN_Size...
[2017.02.21-21.06.12:886][981]LogStaticMesh: Built static mesh [0.05s] /Game/Models/VAN_Size.VAN_Size
[2017.02.21-21.06.13:039][982]LogActorFactory: Actor Factory created VAN_Size
[2017.02.21-21.06.16:820][200]LogActorFactory: Actor Factory created VAN_Size
[2017.02.21-21.06.29:808][860]Cmd: DELETE
[2017.02.21-21.06.29:809][860]Cmd: ACTOR DELETE
[2017.02.21-21.06.29:984][860]LogEditorActor: Deleted Actor: StaticMeshActor
[2017.02.21-21.06.30:037][860]LogEditorActor: Deleted 1 Actors (0.073 secs)
[2017.02.21-21.06.35:202][166]LogActorFactory: Actor Factory created VAN_Size
[2017.02.21-21.06.38:357][355]LogActorFactory: Actor Factory created VAN_Size
[2017.02.21-21.06.39:821][420]Cmd: DELETE
[2017.02.21-21.06.39:821][420]Cmd: ACTOR DELETE
[2017.02.21-21.06.39:823][420]LogEditorActor: Deleted Actor: StaticMeshActor
[2017.02.21-21.06.39:831][420]LogEditorActor: Deleted 1 Actors (0.010 secs)
[2017.02.21-21.07.03:693][702]LogRenderer: Reallocating scene render targets to support 1144x708 NumSamples 1 (Frame:7384).
[2017.02.21-21.10.37:458][ 79]LogFactory: FactoryCreateFile: StaticMesh with FbxFactory (0 0 C:\Users\Edd\Desktop\VANsGame\Models\VAN_Size.FBX)
[2017.02.21-21.10.37:621][ 79]LogFbx: ItemName: GlobalSettings, ItemCount : 1
[2017.02.21-21.10.37:621][ 79]LogFbx: ItemName: AnimationStack, ItemCount : 1
[2017.02.21-21.10.37:621][ 79]LogFbx: ItemName: AnimationLayer, ItemCount : 1
[2017.02.21-21.10.37:621][ 79]LogFbx: ItemName: Model, ItemCount : 1
[2017.02.21-21.10.37:621][ 79]LogFbx: ItemName: Geometry, ItemCount : 1
[2017.02.21-21.10.37:664][ 79]LogFbx: Loading FBX Scene from C:\Users\Edd\Desktop\VANsGame\Models\VAN_Size.FBX
[2017.02.21-21.10.37:687][ 79]LogFbx: FBX Scene Loaded Succesfully
[2017.02.21-21.10.39:751][ 79]LogFbx: Loading FBX Scene from C:\Users\Edd\Desktop\VANsGame\Models\VAN_Size.FBX
[2017.02.21-21.10.39:761][ 79]LogFbx: FBX Scene Loaded Succesfully
[2017.02.21-21.10.39:857][ 79]LogStaticMesh: Building static mesh VAN_Size...
[2017.02.21-21.10.39:874][ 79]LogStaticMesh: Built static mesh [0.02s] /Game/Models/VAN_Size.VAN_Size
[2017.02.21-21.10.39:942][ 79]FBXImport:Warning: Warning No smoothing group information was found in this FBX scene.  Please make sure to enable the 'Export Smoothing Groups' option in the FBX Exporter plug-in before exporting the file.  Even for tools that don't support smoothing groups, the FBX Exporter will generate appropriate smoothing data at export-time so that correct vertex normals can be inferred while importing. 
[2017.02.21-21.10.42:910][241]LogActorFactory: Actor Factory created VAN_Size
[2017.02.21-21.10.44:612][343]LogActorFactory: Actor Factory created VAN_Size
[2017.02.21-21.13.29:367][476]LogFactory: FactoryCreateFile: StaticMesh with FbxFactory (0 0 C:\Users\Edd\Desktop\VANsGame\Models\VAN_Size.FBX)
[2017.02.21-21.13.29:381][476]LogFbx: ItemName: GlobalSettings, ItemCount : 1
[2017.02.21-21.13.29:381][476]LogFbx: ItemName: AnimationStack, ItemCount : 1
[2017.02.21-21.13.29:381][476]LogFbx: ItemName: AnimationLayer, ItemCount : 1
[2017.02.21-21.13.29:381][476]LogFbx: ItemName: Model, ItemCount : 1
[2017.02.21-21.13.29:381][476]LogFbx: ItemName: Geometry, ItemCount : 1
[2017.02.21-21.13.29:381][476]LogFbx: ItemName: AnimationCurve, ItemCount : 3
[2017.02.21-21.13.29:381][476]LogFbx: ItemName: AnimationCurveNode, ItemCount : 1
[2017.02.21-21.13.29:390][476]LogFbx: Loading FBX Scene from C:\Users\Edd\Desktop\VANsGame\Models\VAN_Size.FBX
[2017.02.21-21.13.29:694][476]LogFbx: FBX Scene Loaded Succesfully
[2017.02.21-21.13.31:492][476]LogFbx: Loading FBX Scene from C:\Users\Edd\Desktop\VANsGame\Models\VAN_Size.FBX
[2017.02.21-21.13.31:498][476]LogFbx: FBX Scene Loaded Succesfully
[2017.02.21-21.13.31:503][476]LogStaticMesh: Building static mesh VAN_Size...
[2017.02.21-21.13.31:508][476]LogStaticMesh: Built static mesh [0.01s] /Game/Models/VAN_Size.VAN_Size
[2017.02.21-21.13.31:515][476]FBXImport:Warning: Warning No smoothing group information was found in this FBX scene.  Please make sure to enable the 'Export Smoothing Groups' option in the FBX Exporter plug-in before exporting the file.  Even for tools that don't support smoothing groups, the FBX Exporter will generate appropriate smoothing data at export-time so that correct vertex normals can be inferred while importing. 
[2017.02.21-21.13.33:506][579]LogActorFactory: Actor Factory created VAN_Size
[2017.02.21-21.13.36:323][747]LogActorFactory: Actor Factory created VAN_Size
[2017.02.21-21.14.01:006][286]LogEditorFactories: Performing atomic reimport of [C:/Users/Edd/Desktop/VANsGame/Models/VAN_Size.FBX]
[2017.02.21-21.14.01:051][286]LogFbx: Loading FBX Scene from C:/Users/Edd/Desktop/VANsGame/Models/VAN_Size.FBX
[2017.02.21-21.14.01:060][286]LogFbx: FBX Scene Loaded Succesfully
[2017.02.21-21.14.01:068][286]LogFbx:Warning: Warning No smoothing group information was found in this FBX scene.  Please make sure to enable the 'Export Smoothing Groups' option in the FBX Exporter plug-in before exporting the file.  Even for tools that don't support smoothing groups, the FBX Exporter will generate appropriate smoothing data at export-time so that correct vertex normals can be inferred while importing.
[2017.02.21-21.14.01:087][286]LogStaticMesh: Building static mesh VAN_Size...
[2017.02.21-21.14.01:092][286]LogStaticMesh: Built static mesh [0.01s] /Game/Models/VAN_Size.VAN_Size
[2017.02.21-21.14.01:107][286]LogEditorFactories: -- imported successfully
[2017.02.21-21.14.47:050][532]Cmd: OBJ SAVEPACKAGE PACKAGE="/Game/Levels/Village" FILE="C:/Users/Edd/Desktop/VANsGame/Mechanics/BasicMechanics/Saved/Autosaves/Game/Levels/Village_Auto1.umap" SILENT=true AUTOSAVING=true KEEPDIRTY=false
[2017.02.21-21.14.47:277][532]LogSavePackage: Save=193.94ms
[2017.02.21-21.14.47:277][532]LogSavePackage: Moving 'C:/Users/Edd/Desktop/VANsGame/Mechanics/BasicMechanics/Saved/Village_Auto192E4CAB7438286579A07A185AFCAAEB1.tmp' to 'C:/Users/Edd/Desktop/VANsGame/Mechanics/BasicMechanics/Saved/Autosaves/Game/Levels/Village_Auto1.umap'
[2017.02.21-21.14.47:280][532]LogSavePackage:Display: Finished SavePackage C:/Users/Edd/Desktop/VANsGame/Mechanics/BasicMechanics/Saved/Autosaves/Game/Levels/Village_Auto1.umap
[2017.02.21-21.14.47:283][532]LogFileHelpers: Editor autosave (incl. sublevels) for '/Game/Levels/Village' took 0.253
[2017.02.21-21.14.47:283][532]LogFileHelpers: Editor autosave (incl. sublevels) for all levels took 0.253
[2017.02.21-21.14.47:286][532]OBJ SavePackage: Generating thumbnails for [1] asset(s) in package [/Game/Models/VAN_Size] ([1] browsable assets)...
[2017.02.21-21.14.47:324][532]OBJ SavePackage:     Rendered thumbnail for [StaticMesh /Game/Models/VAN_Size.VAN_Size]
[2017.02.21-21.14.47:324][532]OBJ SavePackage: Finished generating thumbnails for package [/Game/Models/VAN_Size]
[2017.02.21-21.14.47:325][532]Cmd: OBJ SAVEPACKAGE PACKAGE="/Game/Models/VAN_Size" FILE="C:/Users/Edd/Desktop/VANsGame/Mechanics/BasicMechanics/Saved/Autosaves/Game/Models/VAN_Size_Auto1.uasset" SILENT=false AUTOSAVING=true
[2017.02.21-21.14.47:349][532]LogSavePackage: Save=22.53ms
[2017.02.21-21.14.47:349][532]LogSavePackage: Moving 'C:/Users/Edd/Desktop/VANsGame/Mechanics/BasicMechanics/Saved/VAN_Size_Auto1CCA7D8CD42A0F0641778698511FF81CB.tmp' to 'C:/Users/Edd/Desktop/VANsGame/Mechanics/BasicMechanics/Saved/Autosaves/Game/Models/VAN_Size_Auto1.uasset'
[2017.02.21-21.14.47:351][532]LogSavePackage:Display: Finished SavePackage C:/Users/Edd/Desktop/VANsGame/Mechanics/BasicMechanics/Saved/Autosaves/Game/Models/VAN_Size_Auto1.uasset
[2017.02.21-21.14.47:351][532]LogFileHelpers: Auto-saving content packages took 0.066
[2017.02.21-21.14.49:830][668]LogEditorFactories: Performing atomic reimport of [C:/Users/Edd/Desktop/VANsGame/Models/VAN_Size.FBX]
[2017.02.21-21.14.49:859][668]LogFbx: Loading FBX Scene from C:/Users/Edd/Desktop/VANsGame/Models/VAN_Size.FBX
[2017.02.21-21.14.49:865][668]LogFbx: FBX Scene Loaded Succesfully
[2017.02.21-21.14.49:868][668]LogFbx:Warning: Warning No smoothing group information was found in this FBX scene.  Please make sure to enable the 'Export Smoothing Groups' option in the FBX Exporter plug-in before exporting the file.  Even for tools that don't support smoothing groups, the FBX Exporter will generate appropriate smoothing data at export-time so that correct vertex normals can be inferred while importing.
[2017.02.21-21.14.49:880][668]LogStaticMesh: Building static mesh VAN_Size...
[2017.02.21-21.14.49:885][668]LogStaticMesh: Built static mesh [0.01s] /Game/Models/VAN_Size.VAN_Size
[2017.02.21-21.14.49:897][668]LogEditorFactories: -- imported successfully
[2017.02.21-21.15.30:830][288]LogEditorFactories: Performing atomic reimport of [C:/Users/Edd/Desktop/VANsGame/Models/VAN_Size.FBX]
[2017.02.21-21.15.30:861][288]LogFbx: Loading FBX Scene from C:/Users/Edd/Desktop/VANsGame/Models/VAN_Size.FBX
[2017.02.21-21.15.30:867][288]LogFbx: FBX Scene Loaded Succesfully
[2017.02.21-21.15.30:871][288]LogFbx:Warning: Warning No smoothing group information was found in this FBX scene.  Please make sure to enable the 'Export Smoothing Groups' option in the FBX Exporter plug-in before exporting the file.  Even for tools that don't support smoothing groups, the FBX Exporter will generate appropriate smoothing data at export-time so that correct vertex normals can be inferred while importing.
[2017.02.21-21.15.30:885][288]LogStaticMesh: Building static mesh VAN_Size...
[2017.02.21-21.15.30:890][288]LogStaticMesh: Built static mesh [0.01s] /Game/Models/VAN_Size.VAN_Size
[2017.02.21-21.15.30:901][288]LogEditorFactories: -- imported successfully
[2017.02.21-21.16.12:579][593]LogContentBrowser: Native class hierarchy updated for 'BlueprintGraph' in 0.0022 seconds. Added 111 classes and 0 folders.
[2017.02.21-21.16.37:808][661]LogEditorTransaction: Undo Modify Component(s)
[2017.02.21-21.20.39:508][398]LogEditorViewport: Clicking on Actor (LMB): StaticMeshActor (Floor)
[2017.02.21-21.20.39:648][402]LogEditorViewport: Clicking on Actor (LMB): StaticMeshActor (Floor)
[2017.02.21-21.20.40:239][437]LogEditorViewport: Clicking on Actor (LMB): StaticMeshActor (VAN_Size2)
[2017.02.21-21.20.40:990][480]Cmd: DELETE
[2017.02.21-21.20.40:990][480]Cmd: ACTOR DELETE
[2017.02.21-21.20.40:991][480]LogEditorActor: Deleted Actor: StaticMeshActor
[2017.02.21-21.20.41:087][480]LogEditorActor: Deleted 1 Actors (0.097 secs)
[2017.02.21-21.20.46:383][775]LogStaticMesh: Building static mesh VansHouse...
[2017.02.21-21.20.46:438][775]LogStaticMesh: Built static mesh [0.06s] /Game/Models/VansHouse/VansHouse.VansHouse
[2017.02.21-21.20.46:465][775]LogActorFactory: Actor Factory created VansHouse
[2017.02.21-21.20.47:133][815]LogActorFactory: Actor Factory created VansHouse
[2017.02.21-21.20.50:107][992]LogTemp: Repeting last play command: New Editor Window (PIE)
[2017.02.21-21.20.50:435][992]BlueprintLog: New page: Pre-Play auto-recompile
[2017.02.21-21.20.50:436][992]LogPlayLevel: [PlayLevel] Compiling VAN before play...
[2017.02.21-21.20.50:762][992]LogPlayLevel: PlayLevel: Blueprint regeneration took 327 ms (1 blueprints)
[2017.02.21-21.20.50:844][992]PIE: New page: PIE session: Village (Feb 21, 2017, 11:20:50 PM)
[2017.02.21-21.20.50:852][992]LogPlayLevel: Creating play world package: /Game/Levels/UEDPIE_0_Village
[2017.02.21-21.20.50:922][992]LogPlayLevel: PIE: StaticDuplicateObject took: (0.069430s)
[2017.02.21-21.20.50:923][992]LogAIModule: Creating AISystem for world Village
[2017.02.21-21.20.50:929][992]LogPlayLevel: PIE: World Init took: (0.007191s)
[2017.02.21-21.20.50:940][992]LogPlayLevel: PIE: Created PIE world by copying editor world from /Game/Levels/Village.Village to /Game/Levels/UEDPIE_0_Village.Village (0.088083s)
[2017.02.21-21.20.50:994][992]LogInit: XAudio2 using 'Altavoces (Realtek High Definition Audio)' : 2 channels at 48 kHz using 32 bits per sample (channel mask 0x3)
[2017.02.21-21.20.51:049][992]LogInit: FAudioDevice initialized.
[2017.02.21-21.20.51:171][992]LogLoad: Game class is 'GameModeBase'
[2017.02.21-21.20.51:266][992]LogWorld: Bringing World /Game/Levels/UEDPIE_0_Village.Village up for play (max tick rate 60) at 2017.02.21-22.20.51
[2017.02.21-21.20.51:336][992]LogWorld: Bringing up level for play took: 0.082422
[2017.02.21-21.20.52:153][992]LogContentBrowser: Native class hierarchy updated for 'MovieSceneCapture' in 0.0008 seconds. Added 11 classes and 0 folders.
[2017.02.21-21.20.52:229][992]PIE: Info Play in editor start time for /Game/Levels/UEDPIE_0_Village 2.576
[2017.02.21-21.20.52:422][992]LogRenderer: Reallocating scene render targets to support 1292x756 NumSamples 1 (Frame:49669).
[2017.02.21-21.21.02:650][575]Cmd: DELETE
[2017.02.21-21.21.02:650][575]Cmd: ACTOR DELETE
[2017.02.21-21.21.02:651][575]LogEditorActor: Deleted Actor: StaticMeshActor
[2017.02.21-21.21.02:668][575]LogEditorActor: Deleted 1 Actors (0.018 secs)
[2017.02.21-21.21.18:616][752]LogEditorFactories: Performing atomic reimport of [C:/Users/Edd/Desktop/VANsGame/Models/VansHouse/export/VansHouse.FBX]
[2017.02.21-21.21.18:660][752]LogFbx: Loading FBX Scene from C:/Users/Edd/Desktop/VANsGame/Models/VansHouse/export/VansHouse.FBX
[2017.02.21-21.21.18:669][752]LogFbx: FBX Scene Loaded Succesfully
[2017.02.21-21.21.18:672][752]LogFbx:Warning: Warning No smoothing group information was found in this FBX scene.  Please make sure to enable the 'Export Smoothing Groups' option in the FBX Exporter plug-in before exporting the file.  Even for tools that don't support smoothing groups, the FBX Exporter will generate appropriate smoothing data at export-time so that correct vertex normals can be inferred while importing.
[2017.02.21-21.21.18:956][752]LogFbx:Warning: Triangulating static mesh Box001
[2017.02.21-21.21.19:149][752]LogStaticMesh: Building static mesh VansHouse...
[2017.02.21-21.21.19:169][752]LogStaticMesh: Built static mesh [0.02s] /Game/Models/VansHouse/VansHouse.VansHouse
[2017.02.21-21.21.19:173][752]LogStaticMesh:Warning: VansHouse has degenerate tangent bases which will result in incorrect shading.  MikkTSpace relies on tangent bases and may result in mesh corruption, consider disabling this option.
[2017.02.21-21.21.19:179][752]LogFbx:Warning: Warning VansHouse has degenerate tangent bases which will result in incorrect shading.  MikkTSpace relies on tangent bases and may result in mesh corruption, consider disabling this option.
[2017.02.21-21.21.19:187][752]LogWindows: Windows GetLastError: La operación se completó correctamente. (0)
