Log file open, 06/17/17 13:00:37
LogInit:Display: Running engine for game: BasicMechanics
LogPlatformFile: Not using cached read wrapper
LogInit:Display: RandInit(1221693333) SRandInit(1221693333).
LogTaskGraph: Started task graph with 5 named threads and 8 total threads with 1 sets of task threads.
LogStats: Stats thread started at 3.811231
LogPluginManager: Loaded Plugin Paper2D, From D:/Program Files/Epic Games/4.14/Engine/Plugins/2D/Paper2D/Paper2D.uplugin
LogPluginManager: Loaded Plugin LightPropagationVolume, From D:/Program Files/Epic Games/4.14/Engine/Plugins/Blendables/LightPropagationVolume/LightPropagationVolume.uplugin
LogPluginManager: Loaded Plugin BlankPlugin, From D:/Program Files/Epic Games/4.14/Engine/Plugins/Developer/BlankPlugin/BlankPlugin.uplugin
LogPluginManager: Loaded Plugin CodeLiteSourceCodeAccess, From D:/Program Files/Epic Games/4.14/Engine/Plugins/Developer/CodeLiteSourceCodeAccess/CodeLiteSourceCodeAccess.uplugin
LogPluginManager: Loaded Plugin GitSourceControl, From D:/Program Files/Epic Games/4.14/Engine/Plugins/Developer/GitSourceControl/GitSourceControl.uplugin
LogPluginManager: Loaded Plugin KDevelopSourceCodeAccess, From D:/Program Files/Epic Games/4.14/Engine/Plugins/Developer/KDevelopSourceCodeAccess/KDevelopSourceCodeAccess.uplugin
LogPluginManager: Loaded Plugin NullSourceCodeAccess, From D:/Program Files/Epic Games/4.14/Engine/Plugins/Developer/NullSourceCodeAccess/NullSourceCodeAccess.uplugin
LogPluginManager: Loaded Plugin OneSkyLocalizationService, From D:/Program Files/Epic Games/4.14/Engine/Plugins/Developer/OneSkyLocalizationService/OneSkyLocalizationService.uplugin
LogPluginManager: Loaded Plugin PerforceSourceControl, From D:/Program Files/Epic Games/4.14/Engine/Plugins/Developer/PerforceSourceControl/PerforceSourceControl.uplugin
LogPluginManager: Loaded Plugin SubversionSourceControl, From D:/Program Files/Epic Games/4.14/Engine/Plugins/Developer/SubversionSourceControl/SubversionSourceControl.uplugin
LogPluginManager: Loaded Plugin UObjectPlugin, From D:/Program Files/Epic Games/4.14/Engine/Plugins/Developer/UObjectPlugin/UObjectPlugin.uplugin
LogPluginManager: Loaded Plugin VisualStudioSourceCodeAccess, From D:/Program Files/Epic Games/4.14/Engine/Plugins/Developer/VisualStudioSourceCodeAccess/VisualStudioSourceCodeAccess.uplugin
LogPluginManager: Loaded Plugin XCodeSourceCodeAccess, From D:/Program Files/Epic Games/4.14/Engine/Plugins/Developer/XCodeSourceCodeAccess/XCodeSourceCodeAccess.uplugin
LogPluginManager: Loaded Plugin AudioCapture, From D:/Program Files/Epic Games/4.14/Engine/Plugins/Editor/AudioCapture/AudioCapture.uplugin
LogPluginManager: Loaded Plugin EpicSurvey, From D:/Program Files/Epic Games/4.14/Engine/Plugins/Editor/EpicSurvey/EpicSurvey.uplugin
LogPluginManager: Loaded Plugin MacGraphicsSwitching, From D:/Program Files/Epic Games/4.14/Engine/Plugins/Editor/MacGraphicsSwitching/MacGraphicsSwitching.uplugin
LogPluginManager: Loaded Plugin MobileLauncherProfileWizard, From D:/Program Files/Epic Games/4.14/Engine/Plugins/Editor/MobileLauncherProfileWizard/MobileLauncherProfileWizard.uplugin
LogPluginManager: Loaded Plugin PluginBrowser, From D:/Program Files/Epic Games/4.14/Engine/Plugins/Editor/PluginBrowser/PluginBrowser.uplugin
LogPluginManager: Loaded Plugin SpeedTreeImporter, From D:/Program Files/Epic Games/4.14/Engine/Plugins/Editor/SpeedTreeImporter/SpeedTreeImporter.uplugin
LogPluginManager: Loaded Plugin SuperSearchEditor, From D:/Program Files/Epic Games/4.14/Engine/Plugins/Editor/SuperSearchEditor/SuperSearchEditor.uplugin
LogPluginManager: Loaded Plugin AlembicImporter, From D:/Program Files/Epic Games/4.14/Engine/Plugins/Experimental/AlembicImporter/AlembicImporter.uplugin
LogPluginManager: Loaded Plugin BlueprintStats, From D:/Program Files/Epic Games/4.14/Engine/Plugins/Experimental/BlueprintStats/BlueprintStats.uplugin
LogPluginManager: Loaded Plugin CharacterAI, From D:/Program Files/Epic Games/4.14/Engine/Plugins/Experimental/CharacterAI/CharacterAI.uplugin
LogPluginManager: Loaded Plugin CodeEditor, From D:/Program Files/Epic Games/4.14/Engine/Plugins/Experimental/CodeEditor/CodeEditor.uplugin
LogPluginManager: Loaded Plugin CodeView, From D:/Program Files/Epic Games/4.14/Engine/Plugins/Experimental/CodeView/CodeView.uplugin
LogPluginManager: Loaded Plugin HTML5Networking, From D:/Program Files/Epic Games/4.14/Engine/Plugins/Experimental/HTML5Networking/HTML5Networking.uplugin
LogPluginManager: Loaded Plugin OSVR, From D:/Program Files/Epic Games/4.14/Engine/Plugins/Experimental/OSVR/OSVR.uplugin
LogPluginManager: Loaded Plugin Phya, From D:/Program Files/Epic Games/4.14/Engine/Plugins/Experimental/Phya/Phya.uplugin
LogPluginManager: Loaded Plugin SignificanceManager, From D:/Program Files/Epic Games/4.14/Engine/Plugins/Experimental/SignificanceManager/SignificanceManager.uplugin
LogPluginManager: Loaded Plugin SimpleHMD, From D:/Program Files/Epic Games/4.14/Engine/Plugins/Experimental/SimpleHMD/SimpleHMD.uplugin
LogPluginManager: Loaded Plugin StereoPanorama, From D:/Program Files/Epic Games/4.14/Engine/Plugins/Experimental/StereoPanorama/StereoPanorama.uplugin
LogPluginManager: Loaded Plugin StructBox, From D:/Program Files/Epic Games/4.14/Engine/Plugins/Experimental/StructBox/StructBox.uplugin
LogPluginManager: Loaded Plugin AndroidMedia, From D:/Program Files/Epic Games/4.14/Engine/Plugins/Media/AndroidMedia/AndroidMedia.uplugin
LogPluginManager: Loaded Plugin AvfMedia, From D:/Program Files/Epic Games/4.14/Engine/Plugins/Media/AvfMedia/AvfMedia.uplugin
LogPluginManager: Loaded Plugin MediaPlayerEditor, From D:/Program Files/Epic Games/4.14/Engine/Plugins/Media/MediaPlayerEditor/MediaPlayerEditor.uplugin
LogPluginManager: Loaded Plugin WmfMedia, From D:/Program Files/Epic Games/4.14/Engine/Plugins/Media/WmfMedia/WmfMedia.uplugin
LogPluginManager: Loaded Plugin MessagingDebugger, From D:/Program Files/Epic Games/4.14/Engine/Plugins/Messaging/MessagingDebugger/MessagingDebugger.uplugin
LogPluginManager: Loaded Plugin TcpMessaging, From D:/Program Files/Epic Games/4.14/Engine/Plugins/Messaging/TcpMessaging/TcpMessaging.uplugin
LogPluginManager: Loaded Plugin UdpMessaging, From D:/Program Files/Epic Games/4.14/Engine/Plugins/Messaging/UdpMessaging/UdpMessaging.uplugin
LogPluginManager: Loaded Plugin LevelSequenceEditor, From D:/Program Files/Epic Games/4.14/Engine/Plugins/MovieScene/LevelSequenceEditor/LevelSequenceEditor.uplugin
LogPluginManager: Loaded Plugin MatineeToLevelSequence, From D:/Program Files/Epic Games/4.14/Engine/Plugins/MovieScene/MatineeToLevelSequence/MatineeToLevelSequence.uplugin
LogPluginManager: Loaded Plugin NetcodeUnitTest, From D:/Program Files/Epic Games/4.14/Engine/Plugins/NetcodeUnitTest/NetcodeUnitTest/NetcodeUnitTest.uplugin
LogPluginManager: Loaded Plugin NUTUnrealEngine4, From D:/Program Files/Epic Games/4.14/Engine/Plugins/NetcodeUnitTest/NUTUnrealEngine4/NUTUnrealEngine4.uplugin
LogPluginManager: Loaded Plugin OnlineSubsystemGameCircle, From D:/Program Files/Epic Games/4.14/Engine/Plugins/Online/Android/OnlineSubsystemGameCircle/OnlineSubsystemGameCircle.uplugin
LogPluginManager: Loaded Plugin OnlineSubsystemGooglePlay, From D:/Program Files/Epic Games/4.14/Engine/Plugins/Online/Android/OnlineSubsystemGooglePlay/OnlineSubsystemGooglePlay.uplugin
LogPluginManager: Loaded Plugin OnlineSubsystemIOS, From D:/Program Files/Epic Games/4.14/Engine/Plugins/Online/IOS/OnlineSubsystemIOS/OnlineSubsystemIOS.uplugin
LogPluginManager: Loaded Plugin OnlineFramework, From D:/Program Files/Epic Games/4.14/Engine/Plugins/Online/OnlineFramework/OnlineFramework.uplugin
LogPluginManager: Loaded Plugin OnlineSubsystem, From D:/Program Files/Epic Games/4.14/Engine/Plugins/Online/OnlineSubsystem/OnlineSubsystem.uplugin
LogPluginManager: Loaded Plugin OnlineSubsystemAmazon, From D:/Program Files/Epic Games/4.14/Engine/Plugins/Online/OnlineSubsystemAmazon/OnlineSubsystemAmazon.uplugin
LogPluginManager: Loaded Plugin OnlineSubsystemFacebook, From D:/Program Files/Epic Games/4.14/Engine/Plugins/Online/OnlineSubsystemFacebook/OnlineSubsystemFacebook.uplugin
LogPluginManager: Loaded Plugin OnlineSubsystemNull, From D:/Program Files/Epic Games/4.14/Engine/Plugins/Online/OnlineSubsystemNull/OnlineSubsystemNull.uplugin
LogPluginManager: Loaded Plugin OnlineSubsystemOculus, From D:/Program Files/Epic Games/4.14/Engine/Plugins/Online/OnlineSubsystemOculus/OnlineSubsystemOculus.uplugin
LogPluginManager: Loaded Plugin OnlineSubsystemSteam, From D:/Program Files/Epic Games/4.14/Engine/Plugins/Online/OnlineSubsystemSteam/OnlineSubsystemSteam.uplugin
LogPluginManager: Loaded Plugin OnlineSubsystemUtils, From D:/Program Files/Epic Games/4.14/Engine/Plugins/Online/OnlineSubsystemUtils/OnlineSubsystemUtils.uplugin
LogPluginManager: Loaded Plugin IOSTapJoy, From D:/Program Files/Epic Games/4.14/Engine/Plugins/Runtime/Advertising/IOSTapJoy/IOSTapJoy.uplugin
LogPluginManager: Loaded Plugin AnalyticsBlueprintLibrary, From D:/Program Files/Epic Games/4.14/Engine/Plugins/Runtime/Analytics/AnalyticsBlueprintLibrary/AnalyticsBlueprintLibrary.uplugin
LogPluginManager: Loaded Plugin AnalyticsMulticast, From D:/Program Files/Epic Games/4.14/Engine/Plugins/Runtime/Analytics/AnalyticsMulticast/AnalyticsMulticast.uplugin
LogPluginManager: Loaded Plugin Apsalar, From D:/Program Files/Epic Games/4.14/Engine/Plugins/Runtime/Analytics/Apsalar/Apsalar.uplugin
LogPluginManager: Loaded Plugin FileLogging, From D:/Program Files/Epic Games/4.14/Engine/Plugins/Runtime/Analytics/FileLogging/FileLogging.uplugin
LogPluginManager: Loaded Plugin Flurry, From D:/Program Files/Epic Games/4.14/Engine/Plugins/Runtime/Analytics/Flurry/Flurry.uplugin
LogPluginManager: Loaded Plugin AndroidDeviceProfileSelector, From D:/Program Files/Epic Games/4.14/Engine/Plugins/Runtime/AndroidDeviceProfileSelector/AndroidDeviceProfileSelector.uplugin
LogPluginManager: Loaded Plugin AndroidMoviePlayer, From D:/Program Files/Epic Games/4.14/Engine/Plugins/Runtime/AndroidMoviePlayer/AndroidMoviePlayer.uplugin
LogPluginManager: Loaded Plugin AppleMoviePlayer, From D:/Program Files/Epic Games/4.14/Engine/Plugins/Runtime/AppleMoviePlayer/AppleMoviePlayer.uplugin
LogPluginManager: Loaded Plugin ArchVisCharacter, From D:/Program Files/Epic Games/4.14/Engine/Plugins/Runtime/ArchVisCharacter/ArchVisCharacter.uplugin
LogPluginManager: Loaded Plugin CableComponent, From D:/Program Files/Epic Games/4.14/Engine/Plugins/Runtime/CableComponent/CableComponent.uplugin
LogPluginManager: Loaded Plugin CustomMeshComponent, From D:/Program Files/Epic Games/4.14/Engine/Plugins/Runtime/CustomMeshComponent/CustomMeshComponent.uplugin
LogPluginManager: Loaded Plugin ExampleDeviceProfileSelector, From D:/Program Files/Epic Games/4.14/Engine/Plugins/Runtime/ExampleDeviceProfileSelector/ExampleDeviceProfileSelector.uplugin
LogPluginManager: Loaded Plugin GearVR, From D:/Program Files/Epic Games/4.14/Engine/Plugins/Runtime/GearVR/GearVR.uplugin
LogPluginManager: Loaded Plugin GoogleVRController, From D:/Program Files/Epic Games/4.14/Engine/Plugins/Runtime/GoogleVR/GoogleVRController/GoogleVRController.uplugin
LogPluginManager: Loaded Plugin GoogleVRHMD, From D:/Program Files/Epic Games/4.14/Engine/Plugins/Runtime/GoogleVR/GoogleVRHMD/GoogleVRHMD.uplugin
LogPluginManager: Loaded Plugin IOSDeviceProfileSelector, From D:/Program Files/Epic Games/4.14/Engine/Plugins/Runtime/IOSDeviceProfileSelector/IOSDeviceProfileSelector.uplugin
LogPluginManager: Loaded Plugin LeapMotion, From D:/Program Files/Epic Games/4.14/Engine/Plugins/Runtime/LeapMotion/LeapMotion.uplugin
LogPluginManager: Loaded Plugin LinuxDeviceProfileSelector, From D:/Program Files/Epic Games/4.14/Engine/Plugins/Runtime/LinuxDeviceProfileSelector/LinuxDeviceProfileSelector.uplugin
LogPluginManager: Loaded Plugin MIDIDevice, From D:/Program Files/Epic Games/4.14/Engine/Plugins/Runtime/MIDIDevice/MIDIDevice.uplugin
LogPluginManager: Loaded Plugin MobilePatchingUtils, From D:/Program Files/Epic Games/4.14/Engine/Plugins/Runtime/MobilePatchingUtils/MobilePatchingUtils.uplugin
LogPluginManager: Loaded Plugin Ansel, From D:/Program Files/Epic Games/4.14/Engine/Plugins/Runtime/Nvidia/Ansel/Ansel.uplugin
LogPluginManager: Loaded Plugin OculusAudio, From D:/Program Files/Epic Games/4.14/Engine/Plugins/Runtime/OculusAudio/OculusAudio.uplugin
LogPluginManager: Loaded Plugin OculusInput, From D:/Program Files/Epic Games/4.14/Engine/Plugins/Runtime/OculusInput/OculusInput.uplugin
LogPluginManager: Loaded Plugin OculusLibrary, From D:/Program Files/Epic Games/4.14/Engine/Plugins/Runtime/OculusLibrary/OculusLibrary.uplugin
LogPluginManager: Loaded Plugin OculusRift, From D:/Program Files/Epic Games/4.14/Engine/Plugins/Runtime/OculusRift/OculusRift.uplugin
LogPluginManager: Loaded Plugin Oodle, From D:/Program Files/Epic Games/4.14/Engine/Plugins/Runtime/PacketHandlers/CompressionComponents/Oodle/Oodle.uplugin
LogPluginManager: Loaded Plugin ProceduralMeshComponent, From D:/Program Files/Epic Games/4.14/Engine/Plugins/Runtime/ProceduralMeshComponent/ProceduralMeshComponent.uplugin
LogPluginManager: Loaded Plugin SoundMod, From D:/Program Files/Epic Games/4.14/Engine/Plugins/Runtime/SoundMod/SoundMod.uplugin
LogPluginManager: Loaded Plugin SoundVisualizations, From D:/Program Files/Epic Games/4.14/Engine/Plugins/Runtime/SoundVisualizations/SoundVisualizations.uplugin
LogPluginManager: Loaded Plugin SteamController, From D:/Program Files/Epic Games/4.14/Engine/Plugins/Runtime/Steam/SteamController/SteamController.uplugin
LogPluginManager: Loaded Plugin SteamVR, From D:/Program Files/Epic Games/4.14/Engine/Plugins/Runtime/Steam/SteamVR/SteamVR.uplugin
LogPluginManager: Loaded Plugin WebBrowserWidget, From D:/Program Files/Epic Games/4.14/Engine/Plugins/Runtime/WebBrowserWidget/WebBrowserWidget.uplugin
LogPluginManager: Loaded Plugin WindowsDeviceProfileSelector, From D:/Program Files/Epic Games/4.14/Engine/Plugins/Runtime/WindowsDeviceProfileSelector/WindowsDeviceProfileSelector.uplugin
LogPluginManager: Loaded Plugin WindowsMoviePlayer, From D:/Program Files/Epic Games/4.14/Engine/Plugins/Runtime/WindowsMoviePlayer/WindowsMoviePlayer.uplugin
LogPluginManager: Loaded Plugin ScriptPlugin, From D:/Program Files/Epic Games/4.14/Engine/Plugins/ScriptPlugin/ScriptPlugin.uplugin
LogPluginManager: Loaded Plugin SlateRemote, From D:/Program Files/Epic Games/4.14/Engine/Plugins/Slate/SlateRemote/SlateRemote.uplugin
LogPluginManager: Loaded Plugin EditorTests, From D:/Program Files/Epic Games/4.14/Engine/Plugins/Tests/EditorTests/EditorTests.uplugin
LogPluginManager: Loaded Plugin FbxAutomationTestBuilder, From D:/Program Files/Epic Games/4.14/Engine/Plugins/Tests/FbxAutomationTestBuilder/FbxAutomationTestBuilder.uplugin
LogPluginManager: Loaded Plugin FunctionalTestingEditor, From D:/Program Files/Epic Games/4.14/Engine/Plugins/Tests/FunctionalTestingEditor/FunctionalTestingEditor.uplugin
LogPluginManager: Loaded Plugin RuntimeTests, From D:/Program Files/Epic Games/4.14/Engine/Plugins/Tests/RuntimeTests/RuntimeTests.uplugin
LogPluginManager: Loaded Plugin ScreenshotTools, From D:/Program Files/Epic Games/4.14/Engine/Plugins/Tests/ScreenshotTools/ScreenshotTools.uplugin
LogInit: Using libcurl 7.47.1
LogInit:  - built for x86_64-pc-win32
LogInit:  - supports SSL with OpenSSL/1.0.2g
LogInit:  - supports HTTP deflate (compression) using libz 1.2.8
LogInit:  - other features:
LogInit:      CURL_VERSION_SSL
LogInit:      CURL_VERSION_LIBZ
LogInit:      CURL_VERSION_IPV6
LogInit:      CURL_VERSION_ASYNCHDNS
LogInit:      CURL_VERSION_LARGEFILE
LogInit:      CURL_VERSION_IDN
LogInit:  CurlRequestOptions (configurable via config and command line):
LogInit:  - bVerifyPeer = false  - Libcurl will NOT verify peer certificate
LogInit:  - bUseHttpProxy = false  - Libcurl will NOT use HTTP proxy
LogInit:  - bDontReuseConnections = false  - Libcurl will reuse connections
LogInit:  - CertBundlePath = nullptr  - Libcurl will use whatever was configured at build time.
LogInit: Build: ++UE4+Release-4.14-CL-3249277
LogInit: Engine Version: 4.14.3-3249277+++UE4+Release-4.14
LogInit: Compatible Engine Version: 4.14.0-3195953+++UE4+Release-4.14
LogInit: Net CL: 3195953
LogDevObjectVersion: Number of dev versions registered: 13
LogDevObjectVersion:   Dev-Blueprints (B0D832E4-1F89-4F0D-ACCF-7EB736FD4AA2): 7
LogDevObjectVersion:   Dev-Build (E1C64328-A22C-4D53-A36C-8E866417BD8C): 0
LogDevObjectVersion:   Dev-Core (375EC13C-06E4-48FB-B500-84F0262A717E): 1
LogDevObjectVersion:   Dev-Editor (E4B068ED-F494-42E9-A231-DA0B2E46BB41): 8
LogDevObjectVersion:   Dev-Framework (CFFC743F-43B0-4480-9391-14DF171D2073): 17
LogDevObjectVersion:   Dev-Mobile (B02B49B5-BB20-44E9-A304-32B752E40360): 0
LogDevObjectVersion:   Dev-Networking (A4E4105C-59A1-49B5-A7C5-40C4547EDFEE): 0
LogDevObjectVersion:   Dev-Online (39C831C9-5AE6-47DC-9A44-9C173E1C8E7C): 0
LogDevObjectVersion:   Dev-Physics (78F01B33-EBEA-4F98-B9B4-84EACCB95AA2): 0
LogDevObjectVersion:   Dev-Platform (6631380F-2D4D-43E0-8009-CF276956A95A): 0
LogDevObjectVersion:   Dev-Rendering (12F88B9F-8875-4AFC-A67C-D90C383ABD29): 12
LogDevObjectVersion:   Dev-Sequencer (7B5AE74C-D270-4C10-A958-57980B212A5A): 1
LogDevObjectVersion:   Dev-VR (D7296918-1DD6-4BDD-9DE2-64A83CC13884): 0
LogInit: Compiled (64-bit): Jan  6 2017 10:49:43
LogInit: Compiled with Visual C++: 19.00.23026.00
LogInit: Build Configuration: Development
LogInit: Branch Name: ++UE4+Release-4.14
LogInit: Command line:  
LogInit: Base directory: D:/Program Files/Epic Games/4.14/Engine/Binaries/Win64/
LogInit: Installed Engine Build: 1
LogInit: Presizing for max 8388607 objects, including 0 objects not considered by GC, pre-allocating 0 bytes for permanent pool.
LogInit: Object subsystem initialized
[2017.06.17-11.00.38:173][  0]LogInit: Selected Device Profile: [Windows]
[2017.06.17-11.00.38:173][  0]LogInit: Applying CVar settings loaded from the selected device profile: [Windows]
[2017.06.17-11.00.38:329][  0]LogInit: Computer: MEDION
[2017.06.17-11.00.38:329][  0]LogInit: User: Usuario
[2017.06.17-11.00.38:329][  0]LogInit: CPU Page size=65536, Cores=4
[2017.06.17-11.00.38:329][  0]LogInit: High frequency timer resolution =3.312786 MHz
[2017.06.17-11.00.38:330][  0]LogMemory: Memory total: Physical=16.0GB (16GB approx)
[2017.06.17-11.00.38:330][  0]LogMemory: Platform Memory Stats for Windows
[2017.06.17-11.00.38:330][  0]LogMemory: Process Physical Memory: 267.17 MB used, 267.17 MB peak
[2017.06.17-11.00.38:330][  0]LogMemory: Process Virtual Memory: 262.81 MB used, 262.81 MB peak
[2017.06.17-11.00.38:330][  0]LogMemory: Physical Memory: 4650.21 MB used,  11684.37 MB free, 16334.58 MB total
[2017.06.17-11.00.38:330][  0]LogMemory: Virtual Memory: 662.59 MB used,  11684.37 MB free, 134217728.00 MB total
[2017.06.17-11.00.38:877][  0]LogInit: Overriding culture en with editor configuration.
[2017.06.17-11.00.40:733][  0]LogD3D11RHI: D3D11 adapters:
[2017.06.17-11.00.40:762][  0]LogD3D11RHI:    0. 'NVIDIA GeForce GTX 660' (Feature Level 11_0)
[2017.06.17-11.00.40:762][  0]LogD3D11RHI:       1480/0/8167 MB DedicatedVideo/DedicatedSystem/SharedSystem, Outputs:2, VendorId:0x10de
[2017.06.17-11.00.40:763][  0]LogD3D11RHI:    1. 'Microsoft Basic Render Driver' (Feature Level 11_0)
[2017.06.17-11.00.40:763][  0]LogD3D11RHI:       0/0/8167 MB DedicatedVideo/DedicatedSystem/SharedSystem, Outputs:0, VendorId:0x1414
[2017.06.17-11.00.40:763][  0]LogD3D11RHI: Chosen D3D11 Adapter: 0
[2017.06.17-11.00.40:803][  0]LogD3D11RHI: Creating new Direct3DDevice
[2017.06.17-11.00.40:803][  0]LogD3D11RHI:     GPU DeviceId: 0x1185 (for the marketing name, search the web for "GPU Device Id")
[2017.06.17-11.00.40:803][  0]LogWindows: EnumDisplayDevices:
[2017.06.17-11.00.40:803][  0]LogWindows:    0. 'NVIDIA GeForce GTX 660' (P:1 D:1)
[2017.06.17-11.00.40:804][  0]LogWindows:    1. 'NVIDIA GeForce GTX 660' (P:0 D:1)
[2017.06.17-11.00.40:804][  0]LogWindows:    2. 'NVIDIA GeForce GTX 660' (P:0 D:0)
[2017.06.17-11.00.40:804][  0]LogWindows: DebugString: FoundDriverCount:3 
[2017.06.17-11.00.40:804][  0]LogD3D11RHI:     Adapter Name: NVIDIA GeForce GTX 660
[2017.06.17-11.00.40:804][  0]LogD3D11RHI:   Driver Version: 368.39 (internal:10.18.13.6839, unified:368.39)
[2017.06.17-11.00.40:804][  0]LogD3D11RHI:      Driver Date: 6-2-2016
[2017.06.17-11.00.40:807][  0]LogRHI: Texture pool is 1036 MB (70% of 1480 MB)
[2017.06.17-11.00.40:822][  0]LogD3D11RHI:Warning: Timestamp queries are currently disabled on this hardware due to instability. Realtime GPU stats will not be available. You can override this behaviour by setting r.NVIDIATimestampWorkaround to 0
[2017.06.17-11.00.40:822][  0]LogD3D11RHI: Async texture creation enabled
[2017.06.17-11.00.41:120][  0]LogD3D11RHI: GPU Timing Frequency: 1000.000000 (Debug: 2 2)
[2017.06.17-11.00.41:215][  0]LogShaderCompilers: Guid format shader working directory is -26 characters bigger than the processId version (../../../../../../ENTI/CUARTO CURSO/VAN/VANsGame/Mechanics/BasicMechanics/Intermediate/Shaders/WorkingDirectory/14428/).
[2017.06.17-11.00.41:215][  0]LogShaderCompilers: Cleaned the shader compiler working directory 'C:/Users/Usuario/AppData/Local/Temp/UnrealShaderWorkingDir/AD6679DA4F25039110FD67A31105A27C/'.
[2017.06.17-11.00.41:215][  0]LogShaderCompilers:Display: Using Local Shader Compiler.
[2017.06.17-11.00.45:977][  0]LogTemp:Display: Loaded TP AllDesktopTargetPlatform
[2017.06.17-11.00.46:035][  0]LogTemp:Display: Loaded TP MacClientTargetPlatform
[2017.06.17-11.00.46:090][  0]LogTemp:Display: Loaded TP MacNoEditorTargetPlatform
[2017.06.17-11.00.46:145][  0]LogTemp:Display: Loaded TP MacServerTargetPlatform
[2017.06.17-11.00.46:216][  0]LogTemp:Display: Loaded TP MacTargetPlatform
[2017.06.17-11.00.46:269][  0]LogTemp:Display: Loaded TP WindowsClientTargetPlatform
[2017.06.17-11.00.46:323][  0]LogTemp:Display: Loaded TP WindowsNoEditorTargetPlatform
[2017.06.17-11.00.46:378][  0]LogTemp:Display: Loaded TP WindowsServerTargetPlatform
[2017.06.17-11.00.46:439][  0]LogTemp:Display: Loaded TP WindowsTargetPlatform
[2017.06.17-11.00.46:544][  0]LogTemp:Display: Loaded TP AndroidTargetPlatform
[2017.06.17-11.00.46:653][  0]LogTemp:Display: Loaded TP Android_ASTCTargetPlatform
[2017.06.17-11.00.46:722][  0]LogTemp:Display: Loaded TP Android_ATCTargetPlatform
[2017.06.17-11.00.46:835][  0]LogTemp:Display: Loaded TP Android_DXTTargetPlatform
[2017.06.17-11.00.46:949][  0]LogTemp:Display: Loaded TP Android_ETC1TargetPlatform
[2017.06.17-11.00.47:016][  0]LogTemp:Display: Loaded TP Android_ETC2TargetPlatform
[2017.06.17-11.00.47:166][  0]LogTemp:Display: Loaded TP Android_MultiTargetPlatform
[2017.06.17-11.00.47:166][  0]LogTemp:Display: Loaded TP Android_PVRTCTargetPlatform
[2017.06.17-11.00.47:213][  0]LogTemp:Display: Loaded TP HTML5TargetPlatform
[2017.06.17-11.00.47:407][  0]LogTemp:Display: Loaded TP IOSTargetPlatform
[2017.06.17-11.00.47:441][  0]LogTemp:Display: Loaded TP TVOSTargetPlatform
[2017.06.17-11.00.47:503][  0]LogTemp:Display: Loaded TP LinuxClientTargetPlatform
[2017.06.17-11.00.47:567][  0]LogTemp:Display: Loaded TP LinuxNoEditorTargetPlatform
[2017.06.17-11.00.47:639][  0]LogTemp:Display: Loaded TP LinuxServerTargetPlatform
[2017.06.17-11.00.47:713][  0]LogTemp:Display: Loaded TP LinuxTargetPlatform
[2017.06.17-11.00.47:713][  0]LogTargetPlatformManager:Display: Building Assets For Windows
[2017.06.17-11.00.48:589][  0]LogDerivedDataCache:Display: Max Cache Size: 512 MB
[2017.06.17-11.00.48:826][  0]LogDerivedDataCache: Loaded boot cache 0.24s 50MB C:/Users/Usuario/AppData/Local/UnrealEngine/4.14/DerivedDataCache/Boot.ddc.
[2017.06.17-11.00.48:826][  0]LogDerivedDataCache:Display: Loaded Boot cache: C:/Users/Usuario/AppData/Local/UnrealEngine/4.14/DerivedDataCache/Boot.ddc
[2017.06.17-11.00.48:826][  0]LogDerivedDataCache: FDerivedDataBackendGraph:  Pak pak cache file ../../../../../../ENTI/CUARTO CURSO/VAN/VANsGame/Mechanics/BasicMechanics/DerivedDataCache/DDC.ddp not found, will not use a pak cache.
[2017.06.17-11.00.48:826][  0]LogDerivedDataCache: Unable to find inner node Pak for hierarchical cache Hierarchy.
[2017.06.17-11.00.48:826][  0]LogDerivedDataCache: FDerivedDataBackendGraph:  CompressedPak pak cache file ../../../../../../ENTI/CUARTO CURSO/VAN/VANsGame/Mechanics/BasicMechanics/DerivedDataCache/Compressed.ddp not found, will not use a pak cache.
[2017.06.17-11.00.48:826][  0]LogDerivedDataCache: Unable to find inner node CompressedPak for hierarchical cache Hierarchy.
[2017.06.17-11.00.48:889][  0]LogDerivedDataCache:Display: Pak cache opened for reading ../../../Engine/DerivedDataCache/Compressed.ddp.
[2017.06.17-11.00.48:901][  0]LogDerivedDataCache: Using Local data cache path C:/Users/Usuario/AppData/Local/UnrealEngine/Common/DerivedDataCache: Writable
[2017.06.17-11.00.54:619][  0]LogInit: Selected Device Profile: [Windows]
[2017.06.17-11.00.54:655][  0]LogContentStreaming: Texture pool size is 0.00 MB
[2017.06.17-11.00.55:473][  0]LogMeshUtilities: Using QuadricMeshReduction for automatic static mesh reduction
[2017.06.17-11.00.55:625][  0]LogSimplygon: Simplygon DLL not present - disabling.
[2017.06.17-11.00.55:723][  0]LogMeshUtilities: Using SimplygonSwarm for distributed automatic mesh merging
[2017.06.17-11.00.55:723][  0]LogMeshUtilities: No automatic skeletal mesh reduction module available
[2017.06.17-11.00.55:723][  0]LogMeshUtilities: No automatic mesh merging module available
[2017.06.17-11.01.01:022][  0]LogNetVersion: GetLocalNetworkVersion: CL: 3195953, ProjectName: basicmechanics, ProjectVersion: , EngineNetworkVersion: 2, GameNetworkVersion: 0, NetworkChecksum: 1363929391
[2017.06.17-11.01.01:259][  0]LogAssetRegistry: FAssetRegistry took 0.0278 seconds to start up
[2017.06.17-11.01.01:365][  0]LogPackageLocalizationCache: Processed 3 localized package path(s) for 1 prioritized culture(s) in 0.031608 seconds
[2017.06.17-11.01.01:370][  0]LogUObjectArray: 31946 objects as part of root set at end of initial load.
[2017.06.17-11.01.01:370][  0]LogUObjectAllocator: 6935840 out of 0 bytes used by permanent object pool.
[2017.06.17-11.01.01:370][  0]LogUObjectArray: CloseDisregardForGC: 0/0 objects in disregard for GC pool
[2017.06.17-11.01.01:474][  0]LogInit: WinSock: version 1.1 (2.2), MaxSocks=32767, MaxUdp=65467
[2017.06.17-11.01.04:759][  0]LogSlate: Using Freetype 2.6.0
[2017.06.17-11.01.04:838][  0]LogSlate: SlateFontCache - WITH_FREETYPE: 1, WITH_HARFBUZZ: 1
[2017.06.17-11.01.04:838][  0]LogSlate: SlateFontCache - WITH_FREETYPE: 1, WITH_HARFBUZZ: 1
[2017.06.17-11.01.18:806][  0]LogTcpMessaging: Initializing TcpMessaging bridge
[2017.06.17-11.01.18:906][  0]LogUdpMessaging: Initializing bridge on interface 0.0.0.0:0 to multicast group 230.0.0.1:6666.
[2017.06.17-11.01.20:309][  0]LogMaterial: Uniform references updated for custom material expression Custom.
[2017.06.17-11.01.21:267][  0]SourceControl: Info Source control is disabled
[2017.06.17-11.01.21:283][  0]SourceControl: Info Source control is disabled
[2017.06.17-11.01.21:392][  0]SourceControl: Info Source control is disabled
[2017.06.17-11.01.21:471][  0]SourceControl: Info Source control is disabled
[2017.06.17-11.01.24:534][  0]LogEngine: Initializing Engine...
[2017.06.17-11.01.24:624][  0]LogHMD: Failed to initialize OpenVR with code 110
[2017.06.17-11.01.25:631][  0]LogAIModule: Creating AISystem for world Untitled
[2017.06.17-11.01.25:747][  0]LogInit: XAudio2 using 'Speakers (Realtek High Definition Audio)' : 2 channels at 48 kHz using 32 bits per sample (channel mask 0x3)
[2017.06.17-11.01.25:764][  0]LogInit: FAudioDevice initialized.
[2017.06.17-11.01.25:787][  0]LogDerivedDataCache: Saved boot cache 0.02s 50MB C:/Users/Usuario/AppData/Local/UnrealEngine/4.14/DerivedDataCache/Boot.ddc.
[2017.06.17-11.01.25:791][  0]LogInit: Texture streaming: Enabled
[2017.06.17-11.01.26:374][  0]LogInit: Transaction tracking system initialized
[2017.06.17-11.01.29:981][  0]BlueprintLog: New page: Editor Load
[2017.06.17-11.01.33:055][  0]LocalizationService: Info Localization service is disabled
[2017.06.17-11.01.34:840][  0]LogConsoleResponse:Display: 
[2017.06.17-11.01.36:895][  0]LogFileCache: Scanning file cache for directory 'D:/ENTI/CUARTO CURSO/VAN/VANsGame/Mechanics/BasicMechanics/Content/' took 0.02s
[2017.06.17-11.01.36:895][  0]LogCook:Display: Max memory allowance for cook 16384mb min free memory 0mb
[2017.06.17-11.01.36:895][  0]LogCook:Display: Mobile HDR setting 1
[2017.06.17-11.01.43:476][  0]SourceControl: Info Source control is disabled
[2017.06.17-11.01.43:534][  0]Cmd: MAP LOAD FILE="../../../../../../ENTI/CUARTO CURSO/VAN/VANsGame/Mechanics/BasicMechanics/Content/StarterContent/Maps/Minimal_Default.umap" TEMPLATE=0 SHOWPROGRESS=1 FEATURELEVEL=3
[2017.06.17-11.01.43:623][  0]LightingResults: New page: Lighting Build
[2017.06.17-11.01.43:958][  0]MapCheck: New page: Map Check
[2017.06.17-11.01.43:958][  0]LightingResults: New page: Lighting Build
[2017.06.17-11.01.48:925][  0]LogAIModule: Creating AISystem for world Minimal_Default
[2017.06.17-11.01.48:961][  0]LogActorComponent: RegisterComponentWithWorld: (/Game/StarterContent/Maps/Minimal_Default.Minimal_Default:PersistentLevel.WorldSettings_1.StaticMeshComponent0) Trying to register component with IsPendingKill() == true. Aborting.
[2017.06.17-11.01.49:474][  0]LogEditorServer: Finished looking for orphan Actors (0.000 secs)
[2017.06.17-11.01.49:549][  0]Cmd: MAP CHECKDEP NOCLEARLOG
[2017.06.17-11.01.49:623][  0]MapCheck: Info Map check complete: 0 Error(s), 0 Warning(s), took 74.299ms to complete.
[2017.06.17-11.01.49:623][  0]LogFileHelpers: Loading map 'Minimal_Default' took 6.095
[2017.06.17-11.01.51:281][  0]LogCollectionManager: Loaded 0 collections in 0.001486 seconds
[2017.06.17-11.01.51:479][  0]LogFileCache: Scanning file cache for directory 'D:/ENTI/CUARTO CURSO/VAN/VANsGame/Mechanics/BasicMechanics/Saved/Collections/' took 0.01s
[2017.06.17-11.01.51:479][  0]LogFileCache: Scanning file cache for directory 'D:/ENTI/CUARTO CURSO/VAN/VANsGame/Mechanics/BasicMechanics/Content/Developers/Usuario/Collections/' took 0.01s
[2017.06.17-11.01.51:479][  0]LogFileCache: Scanning file cache for directory 'D:/ENTI/CUARTO CURSO/VAN/VANsGame/Mechanics/BasicMechanics/Content/Collections/' took 0.01s
[2017.06.17-11.01.51:479][  0]LogCollectionManager: Rebuilt the GUID cache for 0 collections in 0.000002 seconds
[2017.06.17-11.01.51:491][  0]LogContentBrowser: Native class hierarchy populated in 0.0101 seconds. Added 2190 classes and 428 folders.
[2017.06.17-11.01.51:569][  0]LogStats: UGameplayTagsManager::ConstructGameplayTagTree: Construct from data asset -  0.000 s
[2017.06.17-11.01.51:569][  0]LogStats: UGameplayTagsManager::ConstructGameplayTagTree: GameplayTagTreeChangedEvent.Broadcast -  0.000 s
[2017.06.17-11.01.51:570][  0]LogContentBrowser: Native class hierarchy updated for 'GameplayTags' in 0.0006 seconds. Added 13 classes and 0 folders.
[2017.06.17-11.01.51:653][  0]LogContentBrowser: Native class hierarchy updated for 'WidgetCarousel' in 0.0005 seconds. Added 0 classes and 0 folders.
[2017.06.17-11.01.52:890][  0]LogContentBrowser: Native class hierarchy updated for 'AddContentDialog' in 0.0005 seconds. Added 0 classes and 0 folders.
[2017.06.17-11.01.53:001][  0]LogContentBrowser: Native class hierarchy updated for 'SceneOutliner' in 0.0005 seconds. Added 1 classes and 2 folders.
[2017.06.17-11.01.53:428][  0]LogCrashTracker: Crashtracker disabled due to settings.
[2017.06.17-11.01.53:607][  0]LogUObjectGlobals:Warning: Failed to find object 'Class None.'
[2017.06.17-11.01.53:816][  0]LogContentBrowser: Native class hierarchy updated for 'HierarchicalLODOutliner' in 0.0005 seconds. Added 1 classes and 2 folders.
[2017.06.17-11.01.53:816][  0]LogLoad: (Engine Initialization) Total time: 86.91 seconds
[2017.06.17-11.01.53:816][  0]LogLoad: (Engine Initialization) Total Blueprint compile time: 0.86 seconds
[2017.06.17-11.01.53:816][  0]LogExternalProfiler: Found external profiler: VSPerf
[2017.06.17-11.01.53:816][  0]LogExternalProfiler: Using external profiler: VSPerf
[2017.06.17-11.01.54:187][  0]LogOcInput: OculusInput pre-init called
[2017.06.17-11.01.54:428][  0]LogContentStreaming: Texture pool size now 800 MB
[2017.06.17-11.01.55:250][  0]LogRenderer: Reallocating scene render targets to support 896x620 NumSamples 1 (Frame:2).
[2017.06.17-11.01.55:579][  1]LogFileCache: Retrieving MD5 hashes for directory 'D:/ENTI/CUARTO CURSO/VAN/VANsGame/Mechanics/BasicMechanics/Content/' took 1.34s
[2017.06.17-11.01.56:677][  4]LogAssetRegistry: Asset discovery search completed in 55.4403 seconds
[2017.06.17-11.01.56:677][  4]LogCollectionManager: Rebuilt the object cache for 0 collections in 0.000001 seconds (found 0 objects)
[2017.06.17-11.01.56:677][  4]LogCollectionManager: Fixed up redirectors for 0 collections in 0.000019 seconds (updated 0 objects)
[2017.06.17-11.03.08:467][353]LogLinker:Warning: Can't find file '/Game/Levels/Village_BuiltData'
[2017.06.17-11.03.08:467][353]LogLinker:Warning: Can't find file for asset '/Game/Levels/Village_BuiltData' while loading ../../../../../../ENTI/CUARTO CURSO/VAN/VANsGame/Mechanics/BasicMechanics/Content/Levels/Village.umap.
[2017.06.17-11.03.08:473][353]LoadErrors:Error: Error /Game/Levels/Village : Can't find file for asset. /Game/Levels/Village_BuiltData
[2017.06.17-11.03.08:488][353]LogLinker:Warning: Can't find file '/Game/Levels/Village_BuiltData'
[2017.06.17-11.03.08:489][353]LogLinker:Warning: Can't find file for asset '/Game/Levels/Village_BuiltData' while loading ../../../../../../ENTI/CUARTO CURSO/VAN/VANsGame/Mechanics/BasicMechanics/Content/Levels/Village.umap.
[2017.06.17-11.03.08:574][353]LogLinker:Warning: Can't find file '/Game/Levels/Village_BuiltData'
[2017.06.17-11.03.08:574][353]LoadErrors: Info Failed to load /Game/Levels/Village_BuiltData.Village_BuiltData Referenced by PersistentLevel
[2017.06.17-11.03.08:574][353]LogLinker:Warning: Can't find file for asset '/Game/Levels/Village_BuiltData' while loading NULL.
[2017.06.17-11.03.09:382][353]LogAIModule: Creating AISystem for world Village
[2017.06.17-11.03.09:585][353]Cmd: MAP LOAD FILE="../../../../../../ENTI/CUARTO CURSO/VAN/VANsGame/Mechanics/BasicMechanics/Content/Levels/Village.umap" TEMPLATE=0 SHOWPROGRESS=1 FEATURELEVEL=3
[2017.06.17-11.03.09:585][353]LightingResults: New page: Lighting Build
[2017.06.17-11.03.09:585][353]LoadErrors: New page: Loading map: Village.umap
[2017.06.17-11.03.09:620][353]MapCheck: New page: Map Check
[2017.06.17-11.03.09:620][353]LightingResults: New page: Lighting Build
[2017.06.17-11.03.09:679][353]LogEditorServer: Finished looking for orphan Actors (0.000 secs)
[2017.06.17-11.03.09:743][353]Cmd: MAP CHECKDEP NOCLEARLOG
[2017.06.17-11.03.09:825][353]MapCheck: Info Map check complete: 0 Error(s), 0 Warning(s), took 82.346ms to complete.
[2017.06.17-11.03.09:825][353]LogFileHelpers: Loading map 'Village' took 0.286
[2017.06.17-13.00.16:718][289]LogEditorViewport: Clicking on Actor (LMB): StaticMeshActor (AH1stFloor)
[2017.06.17-13.00.18:298][384]Cmd: EDIT COPY
[2017.06.17-13.00.18:584][409]Cmd: EDIT PASTE
[2017.06.17-13.00.46:786][742]LogFactory: FactoryCreateFile: StaticMesh with FbxFactory (0 0 C:\Users\Usuario\Desktop\VanHouseDecorated\FurnitureExport\WindowTable.FBX)
[2017.06.17-13.00.46:891][742]LogFbx: ItemName: GlobalSettings, ItemCount : 1
[2017.06.17-13.00.46:891][742]LogFbx: ItemName: AnimationStack, ItemCount : 1
[2017.06.17-13.00.46:891][742]LogFbx: ItemName: AnimationLayer, ItemCount : 1
[2017.06.17-13.00.46:891][742]LogFbx: ItemName: Model, ItemCount : 16
[2017.06.17-13.00.46:891][742]LogFbx: ItemName: NodeAttribute, ItemCount : 3
[2017.06.17-13.00.46:891][742]LogFbx: ItemName: Geometry, ItemCount : 13
[2017.06.17-13.00.46:891][742]LogFbx: ItemName: Material, ItemCount : 7
[2017.06.17-13.00.46:891][742]LogFbx: ItemName: Texture, ItemCount : 4
[2017.06.17-13.00.46:891][742]LogFbx: ItemName: CollectionExclusive, ItemCount : 24
[2017.06.17-13.00.46:891][742]LogFbx: ItemName: AnimationCurve, ItemCount : 48
[2017.06.17-13.00.46:891][742]LogFbx: ItemName: AnimationCurveNode, ItemCount : 16
[2017.06.17-13.00.46:891][742]LogFbx: ItemName: Video, ItemCount : 4
[2017.06.17-13.00.46:899][742]LogFbx: Loading FBX Scene from C:\Users\Usuario\Desktop\VanHouseDecorated\FurnitureExport\WindowTable.FBX
[2017.06.17-13.00.47:088][742]LogFbx: FBX Scene Loaded Succesfully
[2017.06.17-13.00.52:102][742]LogFbx: Loading FBX Scene from C:\Users\Usuario\Desktop\VanHouseDecorated\FurnitureExport\WindowTable.FBX
[2017.06.17-13.00.52:251][742]LogFbx: FBX Scene Loaded Succesfully
[2017.06.17-13.00.52:255][742]LogLinker: Can't find file '/Game/Models/HOUSE/Furniture/Material__37'
[2017.06.17-13.00.52:255][742]LogLinker: Can't find file '/Game/Models/HOUSE/Furniture/Material__37'
[2017.06.17-13.00.52:268][742]LogLinker: Can't find file '/Game/Models/HOUSE/Furniture/005_wood_001_bump'
[2017.06.17-13.00.52:268][742]LogLinker: Can't find file '/Game/Models/HOUSE/Furniture/005_wood_001_bump'
[2017.06.17-13.00.52:477][742]LogTexture:Display: Building textures: 005_wood_001_bump (AutoDXT)
[2017.06.17-13.00.57:926][742]LogMaterial: Missing cached shader map for material Material__37, compiling. 
[2017.06.17-13.00.57:998][742]LogFbx:Warning: Triangulating static mesh AI30_005_gadget_003_01
[2017.06.17-13.00.58:116][742]LogFbx:Warning: Triangulating static mesh AI30_005_gadget_003_07
[2017.06.17-13.00.58:230][742]LogLinker: Can't find file '/Game/Models/HOUSE/Furniture/Material__406'
[2017.06.17-13.00.58:230][742]LogLinker: Can't find file '/Game/Models/HOUSE/Furniture/Material__406'
[2017.06.17-13.00.58:407][742]LogTexture:Display: Building textures: 005_wood_001_bump (AutoDXT)
[2017.06.17-13.01.03:669][742]LogMaterial: Missing cached shader map for material Material__406, compiling. 
[2017.06.17-13.01.03:683][742]LogFbx:Warning: Triangulating static mesh AI30_005_gadget_003_06
[2017.06.17-13.01.06:038][742]LogLinker: Can't find file '/Game/Models/HOUSE/Furniture/Material__405'
[2017.06.17-13.01.06:038][742]LogLinker: Can't find file '/Game/Models/HOUSE/Furniture/Material__405'
[2017.06.17-13.01.06:040][742]LogLinker: Can't find file '/Game/Models/HOUSE/Furniture/Books'
[2017.06.17-13.01.06:040][742]LogLinker: Can't find file '/Game/Models/HOUSE/Furniture/Books'
[2017.06.17-13.01.06:066][742]LogTexture:Display: Building textures: Books (BGRA8)
[2017.06.17-13.01.06:095][742]LogMaterial: Missing cached shader map for material Material__405, compiling. 
[2017.06.17-13.01.06:110][742]LogFbx:Warning: Triangulating static mesh AI30_005_books_001_03
[2017.06.17-13.01.06:223][742]LogMaterial: Missing cached shader map for material Books2, compiling. 
[2017.06.17-13.01.06:242][742]LogFbx:Warning: Triangulating static mesh Woods101
[2017.06.17-13.01.06:250][742]LogFbx:Warning: Triangulating static mesh Woods102
[2017.06.17-13.01.06:253][742]LogLinker: Can't find file '/Game/Models/HOUSE/Furniture/DarkWood'
[2017.06.17-13.01.06:253][742]LogLinker: Can't find file '/Game/Models/HOUSE/Furniture/DarkWood'
[2017.06.17-13.01.06:255][742]LogLinker: Can't find file '/Game/Models/HOUSE/Furniture/wood03'
[2017.06.17-13.01.06:255][742]LogLinker: Can't find file '/Game/Models/HOUSE/Furniture/wood03'
[2017.06.17-13.01.06:288][742]LogTexture:Display: Building textures: wood03 (AutoDXT)
[2017.06.17-13.01.06:485][742]LogMaterial: Missing cached shader map for material DarkWood, compiling. 
[2017.06.17-13.01.06:501][742]LogFbx:Warning: Triangulating static mesh ExteriorWood
[2017.06.17-13.01.06:831][742]LogFbx:Warning: Triangulating static mesh Woods103
[2017.06.17-13.01.06:836][742]LogFbx:Warning: Triangulating static mesh Woods104
[2017.06.17-13.01.06:884][742]LogFbx:Warning: Triangulating static mesh Woods105
[2017.06.17-13.01.06:936][742]LogFbx:Warning: Triangulating static mesh Woods1
[2017.06.17-13.01.07:133][742]LogLinker: Can't find file '/Game/Models/HOUSE/Furniture/Cristal'
[2017.06.17-13.01.07:133][742]LogLinker: Can't find file '/Game/Models/HOUSE/Furniture/Cristal'
[2017.06.17-13.01.07:138][742]LogMaterial: Missing cached shader map for material Cristal, compiling. 
[2017.06.17-13.01.07:159][742]LogFbx:Warning: Triangulating static mesh Sphere001
[2017.06.17-13.01.07:359][742]LogLinker: Can't find file '/Game/Models/HOUSE/Furniture/Plants'
[2017.06.17-13.01.07:359][742]LogLinker: Can't find file '/Game/Models/HOUSE/Furniture/Plants'
[2017.06.17-13.01.07:364][742]LogMaterial: Missing cached shader map for material Plants, compiling. 
[2017.06.17-13.01.07:844][742]LogStaticMesh: Building static mesh WindowTable...
[2017.06.17-13.01.11:625][742]LogStaticMesh: Built static mesh [3.78s] /Game/Models/HOUSE/Furniture/WindowTable.WindowTable
[2017.06.17-13.01.12:308][742]LogStaticMesh:Warning: WindowTable has degenerate tangent bases which will result in incorrect shading.  MikkTSpace relies on tangent bases and may result in mesh corruption, consider disabling this option.
[2017.06.17-13.01.12:393][742]FBXImport:Warning: Warning WindowTable has degenerate tangent bases which will result in incorrect shading.  MikkTSpace relies on tangent bases and may result in mesh corruption, consider disabling this option. 
[2017.06.17-13.01.13:444][743]LogSavePackage: Save=72.34ms
[2017.06.17-13.01.13:444][743]LogSavePackage: Moving '../../../../../../ENTI/CUARTO CURSO/VAN/VANsGame/Mechanics/BasicMechanics/Saved/Village_Auto134FE0898436C835FAFD265BF55C32F7A.tmp' to '../../../../../../ENTI/CUARTO CURSO/VAN/VANsGame/Mechanics/BasicMechanics/Saved/Autosaves/Game/Levels/Village_Auto1.umap'
[2017.06.17-13.01.13:445][743]LogSavePackage:Display: Finished SavePackage ../../../../../../ENTI/CUARTO CURSO/VAN/VANsGame/Mechanics/BasicMechanics/Saved/Autosaves/Game/Levels/Village_Auto1.umap
[2017.06.17-13.01.13:456][743]LogFileHelpers: Editor autosave (incl. sublevels) for '/Game/Levels/Village' took 0.101
[2017.06.17-13.01.13:456][743]LogFileHelpers: Editor autosave (incl. sublevels) for all levels took 0.101
[2017.06.17-13.01.13:465][743]OBJ SavePackage: Generating thumbnails for [1] asset(s) in package [/Game/Models/HOUSE/Furniture/WindowTable] ([1] browsable assets)...
[2017.06.17-13.01.13:481][743]OBJ SavePackage:     Rendered thumbnail for [StaticMesh /Game/Models/HOUSE/Furniture/WindowTable.WindowTable]
[2017.06.17-13.01.13:481][743]OBJ SavePackage: Finished generating thumbnails for package [/Game/Models/HOUSE/Furniture/WindowTable]
[2017.06.17-13.01.13:513][743]LogSavePackage: Save=30.31ms
[2017.06.17-13.01.13:513][743]LogSavePackage: Moving '../../../../../../ENTI/CUARTO CURSO/VAN/VANsGame/Mechanics/BasicMechanics/Saved/WindowTable_Auto1E0E5861843E1E029CFD8C3B21148D0AB.tmp' to '../../../../../../ENTI/CUARTO CURSO/VAN/VANsGame/Mechanics/BasicMechanics/Saved/Autosaves/Game/Models/HOUSE/Furniture/WindowTable_Auto1.uasset'
[2017.06.17-13.01.13:514][743]LogSavePackage:Display: Finished SavePackage ../../../../../../ENTI/CUARTO CURSO/VAN/VANsGame/Mechanics/BasicMechanics/Saved/Autosaves/Game/Models/HOUSE/Furniture/WindowTable_Auto1.uasset
[2017.06.17-13.01.13:514][743]OBJ SavePackage: Generating thumbnails for [1] asset(s) in package [/Game/Models/HOUSE/Furniture/Material__37] ([1] browsable assets)...
[2017.06.17-13.01.13:530][743]OBJ SavePackage:     Rendered thumbnail for [Material /Game/Models/HOUSE/Furniture/Material__37.Material__37]
[2017.06.17-13.01.13:530][743]OBJ SavePackage: Finished generating thumbnails for package [/Game/Models/HOUSE/Furniture/Material__37]
[2017.06.17-13.01.13:544][743]LogSavePackage: Save=12.46ms
[2017.06.17-13.01.13:544][743]LogSavePackage: Moving '../../../../../../ENTI/CUARTO CURSO/VAN/VANsGame/Mechanics/BasicMechanics/Saved/Material__37_Auto183D0B1FD4B7EDB87695772BAAEED6E75.tmp' to '../../../../../../ENTI/CUARTO CURSO/VAN/VANsGame/Mechanics/BasicMechanics/Saved/Autosaves/Game/Models/HOUSE/Furniture/Material__37_Auto1.uasset'
[2017.06.17-13.01.13:545][743]LogSavePackage:Display: Finished SavePackage ../../../../../../ENTI/CUARTO CURSO/VAN/VANsGame/Mechanics/BasicMechanics/Saved/Autosaves/Game/Models/HOUSE/Furniture/Material__37_Auto1.uasset
[2017.06.17-13.01.13:545][743]OBJ SavePackage: Generating thumbnails for [1] asset(s) in package [/Game/Models/HOUSE/Furniture/005_wood_001_bump] ([1] browsable assets)...
[2017.06.17-13.01.13:553][743]OBJ SavePackage:     Rendered thumbnail for [Texture2D /Game/Models/HOUSE/Furniture/005_wood_001_bump.005_wood_001_bump]
[2017.06.17-13.01.13:553][743]OBJ SavePackage: Finished generating thumbnails for package [/Game/Models/HOUSE/Furniture/005_wood_001_bump]
[2017.06.17-13.01.13:568][743]LogSavePackage: Save=13.19ms
[2017.06.17-13.01.13:568][743]LogSavePackage: Moving '../../../../../../ENTI/CUARTO CURSO/VAN/VANsGame/Mechanics/BasicMechanics/Saved/005_wood_001_bump_Auto1D2FD741E48A47487FD478FA92F17017E.tmp' to '../../../../../../ENTI/CUARTO CURSO/VAN/VANsGame/Mechanics/BasicMechanics/Saved/Autosaves/Game/Models/HOUSE/Furniture/005_wood_001_bump_Auto1.uasset'
[2017.06.17-13.01.13:569][743]LogSavePackage:Display: Finished SavePackage ../../../../../../ENTI/CUARTO CURSO/VAN/VANsGame/Mechanics/BasicMechanics/Saved/Autosaves/Game/Models/HOUSE/Furniture/005_wood_001_bump_Auto1.uasset
[2017.06.17-13.01.13:569][743]OBJ SavePackage: Generating thumbnails for [1] asset(s) in package [/Game/Models/HOUSE/Furniture/Material__406] ([1] browsable assets)...
[2017.06.17-13.01.13:585][743]OBJ SavePackage:     Rendered thumbnail for [Material /Game/Models/HOUSE/Furniture/Material__406.Material__406]
[2017.06.17-13.01.13:585][743]OBJ SavePackage: Finished generating thumbnails for package [/Game/Models/HOUSE/Furniture/Material__406]
[2017.06.17-13.01.13:600][743]LogSavePackage: Save=13.52ms
[2017.06.17-13.01.13:600][743]LogSavePackage: Moving '../../../../../../ENTI/CUARTO CURSO/VAN/VANsGame/Mechanics/BasicMechanics/Saved/Material__406_Auto1AF85D6E9411EBEB6855BDC9EDBAC89AF.tmp' to '../../../../../../ENTI/CUARTO CURSO/VAN/VANsGame/Mechanics/BasicMechanics/Saved/Autosaves/Game/Models/HOUSE/Furniture/Material__406_Auto1.uasset'
[2017.06.17-13.01.13:601][743]LogSavePackage:Display: Finished SavePackage ../../../../../../ENTI/CUARTO CURSO/VAN/VANsGame/Mechanics/BasicMechanics/Saved/Autosaves/Game/Models/HOUSE/Furniture/Material__406_Auto1.uasset
[2017.06.17-13.01.13:601][743]OBJ SavePackage: Generating thumbnails for [1] asset(s) in package [/Game/Models/HOUSE/Furniture/Material__405] ([1] browsable assets)...
[2017.06.17-13.01.13:617][743]OBJ SavePackage:     Rendered thumbnail for [Material /Game/Models/HOUSE/Furniture/Material__405.Material__405]
[2017.06.17-13.01.13:617][743]OBJ SavePackage: Finished generating thumbnails for package [/Game/Models/HOUSE/Furniture/Material__405]
[2017.06.17-13.01.13:632][743]LogSavePackage: Save=14.11ms
[2017.06.17-13.01.13:632][743]LogSavePackage: Moving '../../../../../../ENTI/CUARTO CURSO/VAN/VANsGame/Mechanics/BasicMechanics/Saved/Material__405_Auto1F947517D4D1A7492DED3AB8345BA6BA8.tmp' to '../../../../../../ENTI/CUARTO CURSO/VAN/VANsGame/Mechanics/BasicMechanics/Saved/Autosaves/Game/Models/HOUSE/Furniture/Material__405_Auto1.uasset'
[2017.06.17-13.01.13:634][743]LogSavePackage:Display: Finished SavePackage ../../../../../../ENTI/CUARTO CURSO/VAN/VANsGame/Mechanics/BasicMechanics/Saved/Autosaves/Game/Models/HOUSE/Furniture/Material__405_Auto1.uasset
[2017.06.17-13.01.13:634][743]OBJ SavePackage: Generating thumbnails for [1] asset(s) in package [/Game/Models/HOUSE/Furniture/Books] ([1] browsable assets)...
[2017.06.17-13.01.13:642][743]OBJ SavePackage:     Rendered thumbnail for [Texture2D /Game/Models/HOUSE/Furniture/Books.Books]
[2017.06.17-13.01.13:642][743]OBJ SavePackage: Finished generating thumbnails for package [/Game/Models/HOUSE/Furniture/Books]
[2017.06.17-13.01.13:652][743]LogSavePackage: Save=9.69ms
[2017.06.17-13.01.13:652][743]LogSavePackage: Moving '../../../../../../ENTI/CUARTO CURSO/VAN/VANsGame/Mechanics/BasicMechanics/Saved/Books_Auto1B688CA144DD43C04599C42B01775885D.tmp' to '../../../../../../ENTI/CUARTO CURSO/VAN/VANsGame/Mechanics/BasicMechanics/Saved/Autosaves/Game/Models/HOUSE/Furniture/Books_Auto1.uasset'
[2017.06.17-13.01.13:653][743]LogSavePackage:Display: Finished SavePackage ../../../../../../ENTI/CUARTO CURSO/VAN/VANsGame/Mechanics/BasicMechanics/Saved/Autosaves/Game/Models/HOUSE/Furniture/Books_Auto1.uasset
[2017.06.17-13.01.13:654][743]OBJ SavePackage: Generating thumbnails for [1] asset(s) in package [/Game/Models/HOUSE/Furniture/Books2] ([1] browsable assets)...
[2017.06.17-13.01.13:670][743]OBJ SavePackage:     Rendered thumbnail for [Material /Game/Models/HOUSE/Furniture/Books2.Books2]
[2017.06.17-13.01.13:670][743]OBJ SavePackage: Finished generating thumbnails for package [/Game/Models/HOUSE/Furniture/Books2]
[2017.06.17-13.01.13:681][743]LogSavePackage: Save=9.52ms
[2017.06.17-13.01.13:681][743]LogSavePackage: Moving '../../../../../../ENTI/CUARTO CURSO/VAN/VANsGame/Mechanics/BasicMechanics/Saved/Books2_Auto10A87B91147F922FB137C5D9C931BA179.tmp' to '../../../../../../ENTI/CUARTO CURSO/VAN/VANsGame/Mechanics/BasicMechanics/Saved/Autosaves/Game/Models/HOUSE/Furniture/Books2_Auto1.uasset'
[2017.06.17-13.01.13:682][743]LogSavePackage:Display: Finished SavePackage ../../../../../../ENTI/CUARTO CURSO/VAN/VANsGame/Mechanics/BasicMechanics/Saved/Autosaves/Game/Models/HOUSE/Furniture/Books2_Auto1.uasset
[2017.06.17-13.01.13:683][743]OBJ SavePackage: Generating thumbnails for [1] asset(s) in package [/Game/Models/HOUSE/Furniture/DarkWood] ([1] browsable assets)...
[2017.06.17-13.01.13:698][743]OBJ SavePackage:     Rendered thumbnail for [Material /Game/Models/HOUSE/Furniture/DarkWood.DarkWood]
[2017.06.17-13.01.13:698][743]OBJ SavePackage: Finished generating thumbnails for package [/Game/Models/HOUSE/Furniture/DarkWood]
[2017.06.17-13.01.13:710][743]LogSavePackage: Save=11.31ms
[2017.06.17-13.01.13:710][743]LogSavePackage: Moving '../../../../../../ENTI/CUARTO CURSO/VAN/VANsGame/Mechanics/BasicMechanics/Saved/DarkWood_Auto16FFFFB894E84451EB46F54BD1DFD5AA5.tmp' to '../../../../../../ENTI/CUARTO CURSO/VAN/VANsGame/Mechanics/BasicMechanics/Saved/Autosaves/Game/Models/HOUSE/Furniture/DarkWood_Auto1.uasset'
[2017.06.17-13.01.13:711][743]LogSavePackage:Display: Finished SavePackage ../../../../../../ENTI/CUARTO CURSO/VAN/VANsGame/Mechanics/BasicMechanics/Saved/Autosaves/Game/Models/HOUSE/Furniture/DarkWood_Auto1.uasset
[2017.06.17-13.01.13:712][743]OBJ SavePackage: Generating thumbnails for [1] asset(s) in package [/Game/Models/HOUSE/Furniture/wood03] ([1] browsable assets)...
[2017.06.17-13.01.13:724][743]OBJ SavePackage:     Rendered thumbnail for [Texture2D /Game/Models/HOUSE/Furniture/wood03.wood03]
[2017.06.17-13.01.13:724][743]OBJ SavePackage: Finished generating thumbnails for package [/Game/Models/HOUSE/Furniture/wood03]
[2017.06.17-13.01.13:734][743]LogSavePackage: Save=8.84ms
[2017.06.17-13.01.13:734][743]LogSavePackage: Moving '../../../../../../ENTI/CUARTO CURSO/VAN/VANsGame/Mechanics/BasicMechanics/Saved/wood03_Auto15649E91C4ACCF937DC1F61A08B9AAB86.tmp' to '../../../../../../ENTI/CUARTO CURSO/VAN/VANsGame/Mechanics/BasicMechanics/Saved/Autosaves/Game/Models/HOUSE/Furniture/wood03_Auto1.uasset'
[2017.06.17-13.01.13:735][743]LogSavePackage:Display: Finished SavePackage ../../../../../../ENTI/CUARTO CURSO/VAN/VANsGame/Mechanics/BasicMechanics/Saved/Autosaves/Game/Models/HOUSE/Furniture/wood03_Auto1.uasset
[2017.06.17-13.01.13:735][743]OBJ SavePackage: Generating thumbnails for [1] asset(s) in package [/Game/Models/HOUSE/Furniture/Cristal] ([1] browsable assets)...
[2017.06.17-13.01.13:751][743]OBJ SavePackage:     Rendered thumbnail for [Material /Game/Models/HOUSE/Furniture/Cristal.Cristal]
[2017.06.17-13.01.13:751][743]OBJ SavePackage: Finished generating thumbnails for package [/Game/Models/HOUSE/Furniture/Cristal]
[2017.06.17-13.01.13:762][743]LogSavePackage: Save=9.43ms
[2017.06.17-13.01.13:762][743]LogSavePackage: Moving '../../../../../../ENTI/CUARTO CURSO/VAN/VANsGame/Mechanics/BasicMechanics/Saved/Cristal_Auto145F62D514660000CEAAD5CAE03644A9F.tmp' to '../../../../../../ENTI/CUARTO CURSO/VAN/VANsGame/Mechanics/BasicMechanics/Saved/Autosaves/Game/Models/HOUSE/Furniture/Cristal_Auto1.uasset'
[2017.06.17-13.01.13:763][743]LogSavePackage:Display: Finished SavePackage ../../../../../../ENTI/CUARTO CURSO/VAN/VANsGame/Mechanics/BasicMechanics/Saved/Autosaves/Game/Models/HOUSE/Furniture/Cristal_Auto1.uasset
[2017.06.17-13.01.13:763][743]OBJ SavePackage: Generating thumbnails for [1] asset(s) in package [/Game/Models/HOUSE/Furniture/Plants] ([1] browsable assets)...
[2017.06.17-13.01.13:778][743]OBJ SavePackage:     Rendered thumbnail for [Material /Game/Models/HOUSE/Furniture/Plants.Plants]
[2017.06.17-13.01.13:778][743]OBJ SavePackage: Finished generating thumbnails for package [/Game/Models/HOUSE/Furniture/Plants]
[2017.06.17-13.01.13:790][743]LogSavePackage: Save=11.03ms
[2017.06.17-13.01.13:791][743]LogSavePackage: Moving '../../../../../../ENTI/CUARTO CURSO/VAN/VANsGame/Mechanics/BasicMechanics/Saved/Plants_Auto1A1A0D6CC47E952FDBF5C61A0C5D569D3.tmp' to '../../../../../../ENTI/CUARTO CURSO/VAN/VANsGame/Mechanics/BasicMechanics/Saved/Autosaves/Game/Models/HOUSE/Furniture/Plants_Auto1.uasset'
[2017.06.17-13.01.13:792][743]LogSavePackage:Display: Finished SavePackage ../../../../../../ENTI/CUARTO CURSO/VAN/VANsGame/Mechanics/BasicMechanics/Saved/Autosaves/Game/Models/HOUSE/Furniture/Plants_Auto1.uasset
[2017.06.17-13.01.13:792][743]LogFileHelpers: Auto-saving content packages took 0.328
[2017.06.17-13.01.19:710][123]LogRenderer: Reallocating scene render targets to support 1200x964 NumSamples 1 (Frame:10049).
[2017.06.17-13.01.47:737][705]LogSavePackage: Save=16.01ms
[2017.06.17-13.01.47:737][705]LogSavePackage: Moving '../../../../../../ENTI/CUARTO CURSO/VAN/VANsGame/Mechanics/BasicMechanics/Saved/WindowTable3F069EDB42D607E2BDDE8BBB4B97CD99.tmp' to '../../../../../../ENTI/CUARTO CURSO/VAN/VANsGame/Mechanics/BasicMechanics/Content/Models/HOUSE/Furniture/WindowTable.uasset'
[2017.06.17-13.01.47:740][705]LogSavePackage:Display: Finished SavePackage ../../../../../../ENTI/CUARTO CURSO/VAN/VANsGame/Mechanics/BasicMechanics/Content/Models/HOUSE/Furniture/WindowTable.uasset
[2017.06.17-13.02.04:029][820]MapCheck: New page: Map Check
[2017.06.17-13.02.04:175][820]Cmd: MAP REBUILD ALLVISIBLE
[2017.06.17-13.02.04:177][820]LogEditorServer: Rebuildmap Clear paths rebuilt
[2017.06.17-13.02.04:316][820]LightingResults: New page: Lighting Build - Jun 17, 2017, 5:02:04 PM
[2017.06.17-13.02.04:414][820]LogSwarmInterface: [OpenConnection] Registering TCP channel ...
[2017.06.17-13.02.04:849][820]LogSwarmInterface: [OpenConnection] Connecting to agent ...
[2017.06.17-13.02.04:867][820]LogSwarmInterface: [TryOpenConnection] Testing the Agent
[2017.06.17-13.02.05:384][820]LogSwarmInterface: [TryOpenConnection] Opening Connection to Agent
[2017.06.17-13.02.05:384][820]LogSwarmInterface: [TryOpenConnection] Local Process ID is 14428
[2017.06.17-13.02.08:453][820]LightingResults:Warning: Performance Warning No importance volume found and the scene is so large that the automatically synthesized volume will not yield good results.  Please add a tightly bounding lightmass importance volume to optimize your scene's quality and lighting build times.
[2017.06.17-13.02.08:453][820]LogStaticLightingSystem: Running Lightmass w/ ImmediateImport mode ENABLED
[2017.06.17-13.02.08:453][820]LogStaticLightingSystem: Running Lightmass w/ ImmediateProcess mode ENABLED
[2017.06.17-13.02.08:453][820]LogStaticLightingSystem: Running Lightmass w/ Sorting mode ENABLED
[2017.06.17-13.02.08:453][820]LogStaticLightingSystem: Running Lightmass w/ Mapping paddings ENABLED
[2017.06.17-13.02.08:453][820]LogStaticLightingSystem: Running Lightmass w/ Mapping debug paddings DISABLED
[2017.06.17-13.02.09:341][820]Cmd: MAP CHECK DONTDISPLAYDIALOG
[2017.06.17-13.02.09:341][820]MapCheck: New page: Village - Jun 17, 2017, 5:02:09 PM
[2017.06.17-13.02.09:359][820]MapCheck:Error: Error WorldSettings Maps need lighting rebuilt 
[2017.06.17-13.02.09:450][820]MapCheck: Info Map check complete: 1 Error(s), 0 Warning(s), took 108.54ms to complete.
[2017.06.17-13.02.09:472][820]LogEditorBuildUtils: Build time 0:05
[2017.06.17-13.02.09:575][821]LogMaterial: Missing cached shader map for material FLightmassMaterialRenderer Material__37, compiling. 
[2017.06.17-13.02.09:581][821]LogMaterial: Missing cached shader map for material FLightmassMaterialRenderer Material__37, compiling. 
[2017.06.17-13.02.09:621][822]LogMaterial: Missing cached shader map for material FLightmassMaterialRenderer Material__405, compiling. 
[2017.06.17-13.02.09:626][822]LogMaterial: Missing cached shader map for material FLightmassMaterialRenderer Material__405, compiling. 
[2017.06.17-13.02.09:712][823]LogMaterial: Missing cached shader map for material FLightmassMaterialRenderer Books2, compiling. 
[2017.06.17-13.02.09:720][823]LogMaterial: Missing cached shader map for material FLightmassMaterialRenderer Books2, compiling. 
[2017.06.17-13.02.09:747][824]LogMaterial: Missing cached shader map for material FLightmassMaterialRenderer DarkWood, compiling. 
[2017.06.17-13.02.09:753][824]LogMaterial: Missing cached shader map for material FLightmassMaterialRenderer DarkWood, compiling. 
[2017.06.17-13.02.09:782][825]LogMaterial: Missing cached shader map for material FLightmassMaterialRenderer Cristal, compiling. 
[2017.06.17-13.02.09:790][825]LogMaterial: Missing cached shader map for material FLightmassMaterialRenderer Cristal, compiling. 
[2017.06.17-13.02.09:814][826]LogMaterial: Missing cached shader map for material FLightmassMaterialRenderer Plants, compiling. 
[2017.06.17-13.02.09:822][826]LogMaterial: Missing cached shader map for material FLightmassMaterialRenderer Plants, compiling. 
[2017.06.17-13.03.16:245][159]LightingResults:Warning: Warning Roads Object has overlapping UVs.
[2017.06.17-13.03.16:245][159]LightingResults: Info Roads Lightmap UV are overlapping by 23.4%. Please adjust content - Enable Error Coloring to visualize.
[2017.06.17-13.03.24:158][535]LightingResults:Warning: Warning WindowTable Object has overlapping UVs.
[2017.06.17-13.03.24:158][535]LightingResults: Info WindowTable Lightmap UV are overlapping by 18.5%. Please adjust content - Enable Error Coloring to visualize.
[2017.06.17-13.03.36:791][134]LightingResults:Warning: Warning house Object has overlapping UVs.
[2017.06.17-13.03.36:791][134]LightingResults: Info house Lightmap UV are overlapping by 3.5%. Please adjust content - Enable Error Coloring to visualize.
[2017.06.17-13.03.42:780][418]LightingResults:Warning: Warning house Object has overlapping UVs.
[2017.06.17-13.03.42:780][418]LightingResults: Info house Lightmap UV are overlapping by 3.5%. Please adjust content - Enable Error Coloring to visualize.
[2017.06.17-13.03.46:577][598]LightingResults:Warning: Warning NewspaperBox Object has overlapping UVs.
[2017.06.17-13.03.46:577][598]LightingResults: Info NewspaperBox Lightmap UV are overlapping by 54.7%. Please adjust content - Enable Error Coloring to visualize.
[2017.06.17-13.03.56:038][ 45]LightingResults:Warning: Warning FireHydrant Object has overlapping UVs.
[2017.06.17-13.03.56:038][ 45]LightingResults: Info FireHydrant Lightmap UV are overlapping by 60.7%. Please adjust content - Enable Error Coloring to visualize.
[2017.06.17-13.03.58:759][174]LightingResults:Warning: Warning Sign Object has overlapping UVs.
[2017.06.17-13.03.58:759][174]LightingResults: Info Sign Lightmap UV are overlapping by 24.3%. Please adjust content - Enable Error Coloring to visualize.
[2017.06.17-13.04.06:990][209]LightingResults:Warning: Warning FireHydrant Object has overlapping UVs.
[2017.06.17-13.04.06:990][209]LightingResults: Info FireHydrant Lightmap UV are overlapping by 60.7%. Please adjust content - Enable Error Coloring to visualize.
[2017.06.17-13.04.13:991][230]LightingResults:Warning: Warning BusStop Object has overlapping UVs.
[2017.06.17-13.04.13:991][230]LightingResults: Info BusStop Lightmap UV are overlapping by 59.0%. Please adjust content - Enable Error Coloring to visualize.
[2017.06.17-13.04.21:670][253]LightingResults:Warning: Warning BusStop Object has overlapping UVs.
[2017.06.17-13.04.21:670][253]LightingResults: Info BusStop Lightmap UV are overlapping by 59.0%. Please adjust content - Enable Error Coloring to visualize.
[2017.06.17-13.05.10:110][756]LogEditorViewport: Clicking on Actor (LMB): StaticMeshActor (Floor)
