Log file open, 05/16/17 21:25:42
LogInit:Display: Running engine for game: BasicMechanics
LogPlatformFile: Not using cached read wrapper
LogInit:Display: RandInit(-1658490923) SRandInit(-1658490923).
LogTaskGraph: Started task graph with 5 named threads and 8 total threads with 1 sets of task threads.
LogStats: Stats thread started at 0.075697
LogPluginManager: Loaded Plugin Paper2D, From D:/Program Files/Epic Games/4.14/Engine/Plugins/2D/Paper2D/Paper2D.uplugin
LogPluginManager: Loaded Plugin LightPropagationVolume, From D:/Program Files/Epic Games/4.14/Engine/Plugins/Blendables/LightPropagationVolume/LightPropagationVolume.uplugin
LogPluginManager: Loaded Plugin BlankPlugin, From D:/Program Files/Epic Games/4.14/Engine/Plugins/Developer/BlankPlugin/BlankPlugin.uplugin
LogPluginManager: Loaded Plugin CodeLiteSourceCodeAccess, From D:/Program Files/Epic Games/4.14/Engine/Plugins/Developer/CodeLiteSourceCodeAccess/CodeLiteSourceCodeAccess.uplugin
LogPluginManager: Loaded Plugin GitSourceControl, From D:/Program Files/Epic Games/4.14/Engine/Plugins/Developer/GitSourceControl/GitSourceControl.uplugin
LogPluginManager: Loaded Plugin KDevelopSourceCodeAccess, From D:/Program Files/Epic Games/4.14/Engine/Plugins/Developer/KDevelopSourceCodeAccess/KDevelopSourceCodeAccess.uplugin
LogPluginManager: Loaded Plugin NullSourceCodeAccess, From D:/Program Files/Epic Games/4.14/Engine/Plugins/Developer/NullSourceCodeAccess/NullSourceCodeAccess.uplugin
LogPluginManager: Loaded Plugin OneSkyLocalizationService, From D:/Program Files/Epic Games/4.14/Engine/Plugins/Developer/OneSkyLocalizationService/OneSkyLocalizationService.uplugin
LogPluginManager: Loaded Plugin PerforceSourceControl, From D:/Program Files/Epic Games/4.14/Engine/Plugins/Developer/PerforceSourceControl/PerforceSourceControl.uplugin
LogPluginManager: Loaded Plugin SubversionSourceControl, From D:/Program Files/Epic Games/4.14/Engine/Plugins/Developer/SubversionSourceControl/SubversionSourceControl.uplugin
LogPluginManager: Loaded Plugin UObjectPlugin, From D:/Program Files/Epic Games/4.14/Engine/Plugins/Developer/UObjectPlugin/UObjectPlugin.uplugin
LogPluginManager: Loaded Plugin VisualStudioSourceCodeAccess, From D:/Program Files/Epic Games/4.14/Engine/Plugins/Developer/VisualStudioSourceCodeAccess/VisualStudioSourceCodeAccess.uplugin
LogPluginManager: Loaded Plugin XCodeSourceCodeAccess, From D:/Program Files/Epic Games/4.14/Engine/Plugins/Developer/XCodeSourceCodeAccess/XCodeSourceCodeAccess.uplugin
LogPluginManager: Loaded Plugin AudioCapture, From D:/Program Files/Epic Games/4.14/Engine/Plugins/Editor/AudioCapture/AudioCapture.uplugin
LogPluginManager: Loaded Plugin EpicSurvey, From D:/Program Files/Epic Games/4.14/Engine/Plugins/Editor/EpicSurvey/EpicSurvey.uplugin
LogPluginManager: Loaded Plugin MacGraphicsSwitching, From D:/Program Files/Epic Games/4.14/Engine/Plugins/Editor/MacGraphicsSwitching/MacGraphicsSwitching.uplugin
LogPluginManager: Loaded Plugin MobileLauncherProfileWizard, From D:/Program Files/Epic Games/4.14/Engine/Plugins/Editor/MobileLauncherProfileWizard/MobileLauncherProfileWizard.uplugin
LogPluginManager: Loaded Plugin PluginBrowser, From D:/Program Files/Epic Games/4.14/Engine/Plugins/Editor/PluginBrowser/PluginBrowser.uplugin
LogPluginManager: Loaded Plugin SpeedTreeImporter, From D:/Program Files/Epic Games/4.14/Engine/Plugins/Editor/SpeedTreeImporter/SpeedTreeImporter.uplugin
LogPluginManager: Loaded Plugin SuperSearchEditor, From D:/Program Files/Epic Games/4.14/Engine/Plugins/Editor/SuperSearchEditor/SuperSearchEditor.uplugin
LogPluginManager: Loaded Plugin AlembicImporter, From D:/Program Files/Epic Games/4.14/Engine/Plugins/Experimental/AlembicImporter/AlembicImporter.uplugin
LogPluginManager: Loaded Plugin BlueprintStats, From D:/Program Files/Epic Games/4.14/Engine/Plugins/Experimental/BlueprintStats/BlueprintStats.uplugin
LogPluginManager: Loaded Plugin CharacterAI, From D:/Program Files/Epic Games/4.14/Engine/Plugins/Experimental/CharacterAI/CharacterAI.uplugin
LogPluginManager: Loaded Plugin CodeEditor, From D:/Program Files/Epic Games/4.14/Engine/Plugins/Experimental/CodeEditor/CodeEditor.uplugin
LogPluginManager: Loaded Plugin CodeView, From D:/Program Files/Epic Games/4.14/Engine/Plugins/Experimental/CodeView/CodeView.uplugin
LogPluginManager: Loaded Plugin HTML5Networking, From D:/Program Files/Epic Games/4.14/Engine/Plugins/Experimental/HTML5Networking/HTML5Networking.uplugin
LogPluginManager: Loaded Plugin OSVR, From D:/Program Files/Epic Games/4.14/Engine/Plugins/Experimental/OSVR/OSVR.uplugin
LogPluginManager: Loaded Plugin Phya, From D:/Program Files/Epic Games/4.14/Engine/Plugins/Experimental/Phya/Phya.uplugin
LogPluginManager: Loaded Plugin SignificanceManager, From D:/Program Files/Epic Games/4.14/Engine/Plugins/Experimental/SignificanceManager/SignificanceManager.uplugin
LogPluginManager: Loaded Plugin SimpleHMD, From D:/Program Files/Epic Games/4.14/Engine/Plugins/Experimental/SimpleHMD/SimpleHMD.uplugin
LogPluginManager: Loaded Plugin StereoPanorama, From D:/Program Files/Epic Games/4.14/Engine/Plugins/Experimental/StereoPanorama/StereoPanorama.uplugin
LogPluginManager: Loaded Plugin StructBox, From D:/Program Files/Epic Games/4.14/Engine/Plugins/Experimental/StructBox/StructBox.uplugin
LogPluginManager: Loaded Plugin AndroidMedia, From D:/Program Files/Epic Games/4.14/Engine/Plugins/Media/AndroidMedia/AndroidMedia.uplugin
LogPluginManager: Loaded Plugin AvfMedia, From D:/Program Files/Epic Games/4.14/Engine/Plugins/Media/AvfMedia/AvfMedia.uplugin
LogPluginManager: Loaded Plugin MediaPlayerEditor, From D:/Program Files/Epic Games/4.14/Engine/Plugins/Media/MediaPlayerEditor/MediaPlayerEditor.uplugin
LogPluginManager: Loaded Plugin WmfMedia, From D:/Program Files/Epic Games/4.14/Engine/Plugins/Media/WmfMedia/WmfMedia.uplugin
LogPluginManager: Loaded Plugin MessagingDebugger, From D:/Program Files/Epic Games/4.14/Engine/Plugins/Messaging/MessagingDebugger/MessagingDebugger.uplugin
LogPluginManager: Loaded Plugin TcpMessaging, From D:/Program Files/Epic Games/4.14/Engine/Plugins/Messaging/TcpMessaging/TcpMessaging.uplugin
LogPluginManager: Loaded Plugin UdpMessaging, From D:/Program Files/Epic Games/4.14/Engine/Plugins/Messaging/UdpMessaging/UdpMessaging.uplugin
LogPluginManager: Loaded Plugin LevelSequenceEditor, From D:/Program Files/Epic Games/4.14/Engine/Plugins/MovieScene/LevelSequenceEditor/LevelSequenceEditor.uplugin
LogPluginManager: Loaded Plugin MatineeToLevelSequence, From D:/Program Files/Epic Games/4.14/Engine/Plugins/MovieScene/MatineeToLevelSequence/MatineeToLevelSequence.uplugin
LogPluginManager: Loaded Plugin NetcodeUnitTest, From D:/Program Files/Epic Games/4.14/Engine/Plugins/NetcodeUnitTest/NetcodeUnitTest/NetcodeUnitTest.uplugin
LogPluginManager: Loaded Plugin NUTUnrealEngine4, From D:/Program Files/Epic Games/4.14/Engine/Plugins/NetcodeUnitTest/NUTUnrealEngine4/NUTUnrealEngine4.uplugin
LogPluginManager: Loaded Plugin OnlineSubsystemGameCircle, From D:/Program Files/Epic Games/4.14/Engine/Plugins/Online/Android/OnlineSubsystemGameCircle/OnlineSubsystemGameCircle.uplugin
LogPluginManager: Loaded Plugin OnlineSubsystemGooglePlay, From D:/Program Files/Epic Games/4.14/Engine/Plugins/Online/Android/OnlineSubsystemGooglePlay/OnlineSubsystemGooglePlay.uplugin
LogPluginManager: Loaded Plugin OnlineSubsystemIOS, From D:/Program Files/Epic Games/4.14/Engine/Plugins/Online/IOS/OnlineSubsystemIOS/OnlineSubsystemIOS.uplugin
LogPluginManager: Loaded Plugin OnlineFramework, From D:/Program Files/Epic Games/4.14/Engine/Plugins/Online/OnlineFramework/OnlineFramework.uplugin
LogPluginManager: Loaded Plugin OnlineSubsystem, From D:/Program Files/Epic Games/4.14/Engine/Plugins/Online/OnlineSubsystem/OnlineSubsystem.uplugin
LogPluginManager: Loaded Plugin OnlineSubsystemAmazon, From D:/Program Files/Epic Games/4.14/Engine/Plugins/Online/OnlineSubsystemAmazon/OnlineSubsystemAmazon.uplugin
LogPluginManager: Loaded Plugin OnlineSubsystemFacebook, From D:/Program Files/Epic Games/4.14/Engine/Plugins/Online/OnlineSubsystemFacebook/OnlineSubsystemFacebook.uplugin
LogPluginManager: Loaded Plugin OnlineSubsystemNull, From D:/Program Files/Epic Games/4.14/Engine/Plugins/Online/OnlineSubsystemNull/OnlineSubsystemNull.uplugin
LogPluginManager: Loaded Plugin OnlineSubsystemOculus, From D:/Program Files/Epic Games/4.14/Engine/Plugins/Online/OnlineSubsystemOculus/OnlineSubsystemOculus.uplugin
LogPluginManager: Loaded Plugin OnlineSubsystemSteam, From D:/Program Files/Epic Games/4.14/Engine/Plugins/Online/OnlineSubsystemSteam/OnlineSubsystemSteam.uplugin
LogPluginManager: Loaded Plugin OnlineSubsystemUtils, From D:/Program Files/Epic Games/4.14/Engine/Plugins/Online/OnlineSubsystemUtils/OnlineSubsystemUtils.uplugin
LogPluginManager: Loaded Plugin IOSTapJoy, From D:/Program Files/Epic Games/4.14/Engine/Plugins/Runtime/Advertising/IOSTapJoy/IOSTapJoy.uplugin
LogPluginManager: Loaded Plugin AnalyticsBlueprintLibrary, From D:/Program Files/Epic Games/4.14/Engine/Plugins/Runtime/Analytics/AnalyticsBlueprintLibrary/AnalyticsBlueprintLibrary.uplugin
LogPluginManager: Loaded Plugin AnalyticsMulticast, From D:/Program Files/Epic Games/4.14/Engine/Plugins/Runtime/Analytics/AnalyticsMulticast/AnalyticsMulticast.uplugin
LogPluginManager: Loaded Plugin Apsalar, From D:/Program Files/Epic Games/4.14/Engine/Plugins/Runtime/Analytics/Apsalar/Apsalar.uplugin
LogPluginManager: Loaded Plugin FileLogging, From D:/Program Files/Epic Games/4.14/Engine/Plugins/Runtime/Analytics/FileLogging/FileLogging.uplugin
LogPluginManager: Loaded Plugin Flurry, From D:/Program Files/Epic Games/4.14/Engine/Plugins/Runtime/Analytics/Flurry/Flurry.uplugin
LogPluginManager: Loaded Plugin AndroidDeviceProfileSelector, From D:/Program Files/Epic Games/4.14/Engine/Plugins/Runtime/AndroidDeviceProfileSelector/AndroidDeviceProfileSelector.uplugin
LogPluginManager: Loaded Plugin AndroidMoviePlayer, From D:/Program Files/Epic Games/4.14/Engine/Plugins/Runtime/AndroidMoviePlayer/AndroidMoviePlayer.uplugin
LogPluginManager: Loaded Plugin AppleMoviePlayer, From D:/Program Files/Epic Games/4.14/Engine/Plugins/Runtime/AppleMoviePlayer/AppleMoviePlayer.uplugin
LogPluginManager: Loaded Plugin ArchVisCharacter, From D:/Program Files/Epic Games/4.14/Engine/Plugins/Runtime/ArchVisCharacter/ArchVisCharacter.uplugin
LogPluginManager: Loaded Plugin CableComponent, From D:/Program Files/Epic Games/4.14/Engine/Plugins/Runtime/CableComponent/CableComponent.uplugin
LogPluginManager: Loaded Plugin CustomMeshComponent, From D:/Program Files/Epic Games/4.14/Engine/Plugins/Runtime/CustomMeshComponent/CustomMeshComponent.uplugin
LogPluginManager: Loaded Plugin ExampleDeviceProfileSelector, From D:/Program Files/Epic Games/4.14/Engine/Plugins/Runtime/ExampleDeviceProfileSelector/ExampleDeviceProfileSelector.uplugin
LogPluginManager: Loaded Plugin GearVR, From D:/Program Files/Epic Games/4.14/Engine/Plugins/Runtime/GearVR/GearVR.uplugin
LogPluginManager: Loaded Plugin GoogleVRController, From D:/Program Files/Epic Games/4.14/Engine/Plugins/Runtime/GoogleVR/GoogleVRController/GoogleVRController.uplugin
LogPluginManager: Loaded Plugin GoogleVRHMD, From D:/Program Files/Epic Games/4.14/Engine/Plugins/Runtime/GoogleVR/GoogleVRHMD/GoogleVRHMD.uplugin
LogPluginManager: Loaded Plugin IOSDeviceProfileSelector, From D:/Program Files/Epic Games/4.14/Engine/Plugins/Runtime/IOSDeviceProfileSelector/IOSDeviceProfileSelector.uplugin
LogPluginManager: Loaded Plugin LeapMotion, From D:/Program Files/Epic Games/4.14/Engine/Plugins/Runtime/LeapMotion/LeapMotion.uplugin
LogPluginManager: Loaded Plugin LinuxDeviceProfileSelector, From D:/Program Files/Epic Games/4.14/Engine/Plugins/Runtime/LinuxDeviceProfileSelector/LinuxDeviceProfileSelector.uplugin
LogPluginManager: Loaded Plugin MIDIDevice, From D:/Program Files/Epic Games/4.14/Engine/Plugins/Runtime/MIDIDevice/MIDIDevice.uplugin
LogPluginManager: Loaded Plugin MobilePatchingUtils, From D:/Program Files/Epic Games/4.14/Engine/Plugins/Runtime/MobilePatchingUtils/MobilePatchingUtils.uplugin
LogPluginManager: Loaded Plugin Ansel, From D:/Program Files/Epic Games/4.14/Engine/Plugins/Runtime/Nvidia/Ansel/Ansel.uplugin
LogPluginManager: Loaded Plugin OculusAudio, From D:/Program Files/Epic Games/4.14/Engine/Plugins/Runtime/OculusAudio/OculusAudio.uplugin
LogPluginManager: Loaded Plugin OculusInput, From D:/Program Files/Epic Games/4.14/Engine/Plugins/Runtime/OculusInput/OculusInput.uplugin
LogPluginManager: Loaded Plugin OculusLibrary, From D:/Program Files/Epic Games/4.14/Engine/Plugins/Runtime/OculusLibrary/OculusLibrary.uplugin
LogPluginManager: Loaded Plugin OculusRift, From D:/Program Files/Epic Games/4.14/Engine/Plugins/Runtime/OculusRift/OculusRift.uplugin
LogPluginManager: Loaded Plugin Oodle, From D:/Program Files/Epic Games/4.14/Engine/Plugins/Runtime/PacketHandlers/CompressionComponents/Oodle/Oodle.uplugin
LogPluginManager: Loaded Plugin ProceduralMeshComponent, From D:/Program Files/Epic Games/4.14/Engine/Plugins/Runtime/ProceduralMeshComponent/ProceduralMeshComponent.uplugin
LogPluginManager: Loaded Plugin SoundMod, From D:/Program Files/Epic Games/4.14/Engine/Plugins/Runtime/SoundMod/SoundMod.uplugin
LogPluginManager: Loaded Plugin SoundVisualizations, From D:/Program Files/Epic Games/4.14/Engine/Plugins/Runtime/SoundVisualizations/SoundVisualizations.uplugin
LogPluginManager: Loaded Plugin SteamController, From D:/Program Files/Epic Games/4.14/Engine/Plugins/Runtime/Steam/SteamController/SteamController.uplugin
LogPluginManager: Loaded Plugin SteamVR, From D:/Program Files/Epic Games/4.14/Engine/Plugins/Runtime/Steam/SteamVR/SteamVR.uplugin
LogPluginManager: Loaded Plugin WebBrowserWidget, From D:/Program Files/Epic Games/4.14/Engine/Plugins/Runtime/WebBrowserWidget/WebBrowserWidget.uplugin
LogPluginManager: Loaded Plugin WindowsDeviceProfileSelector, From D:/Program Files/Epic Games/4.14/Engine/Plugins/Runtime/WindowsDeviceProfileSelector/WindowsDeviceProfileSelector.uplugin
LogPluginManager: Loaded Plugin WindowsMoviePlayer, From D:/Program Files/Epic Games/4.14/Engine/Plugins/Runtime/WindowsMoviePlayer/WindowsMoviePlayer.uplugin
LogPluginManager: Loaded Plugin ScriptPlugin, From D:/Program Files/Epic Games/4.14/Engine/Plugins/ScriptPlugin/ScriptPlugin.uplugin
LogPluginManager: Loaded Plugin SlateRemote, From D:/Program Files/Epic Games/4.14/Engine/Plugins/Slate/SlateRemote/SlateRemote.uplugin
LogPluginManager: Loaded Plugin EditorTests, From D:/Program Files/Epic Games/4.14/Engine/Plugins/Tests/EditorTests/EditorTests.uplugin
LogPluginManager: Loaded Plugin FbxAutomationTestBuilder, From D:/Program Files/Epic Games/4.14/Engine/Plugins/Tests/FbxAutomationTestBuilder/FbxAutomationTestBuilder.uplugin
LogPluginManager: Loaded Plugin FunctionalTestingEditor, From D:/Program Files/Epic Games/4.14/Engine/Plugins/Tests/FunctionalTestingEditor/FunctionalTestingEditor.uplugin
LogPluginManager: Loaded Plugin RuntimeTests, From D:/Program Files/Epic Games/4.14/Engine/Plugins/Tests/RuntimeTests/RuntimeTests.uplugin
LogPluginManager: Loaded Plugin ScreenshotTools, From D:/Program Files/Epic Games/4.14/Engine/Plugins/Tests/ScreenshotTools/ScreenshotTools.uplugin
LogInit: Using libcurl 7.47.1
LogInit:  - built for x86_64-pc-win32
LogInit:  - supports SSL with OpenSSL/1.0.2g
LogInit:  - supports HTTP deflate (compression) using libz 1.2.8
LogInit:  - other features:
LogInit:      CURL_VERSION_SSL
LogInit:      CURL_VERSION_LIBZ
LogInit:      CURL_VERSION_IPV6
LogInit:      CURL_VERSION_ASYNCHDNS
LogInit:      CURL_VERSION_LARGEFILE
LogInit:      CURL_VERSION_IDN
LogInit:  CurlRequestOptions (configurable via config and command line):
LogInit:  - bVerifyPeer = false  - Libcurl will NOT verify peer certificate
LogInit:  - bUseHttpProxy = false  - Libcurl will NOT use HTTP proxy
LogInit:  - bDontReuseConnections = false  - Libcurl will reuse connections
LogInit:  - CertBundlePath = nullptr  - Libcurl will use whatever was configured at build time.
LogInit: Build: ++UE4+Release-4.14-CL-3249277
LogInit: Engine Version: 4.14.3-3249277+++UE4+Release-4.14
LogInit: Compatible Engine Version: 4.14.0-3195953+++UE4+Release-4.14
LogInit: Net CL: 3195953
LogDevObjectVersion: Number of dev versions registered: 13
LogDevObjectVersion:   Dev-Blueprints (B0D832E4-1F89-4F0D-ACCF-7EB736FD4AA2): 7
LogDevObjectVersion:   Dev-Build (E1C64328-A22C-4D53-A36C-8E866417BD8C): 0
LogDevObjectVersion:   Dev-Core (375EC13C-06E4-48FB-B500-84F0262A717E): 1
LogDevObjectVersion:   Dev-Editor (E4B068ED-F494-42E9-A231-DA0B2E46BB41): 8
LogDevObjectVersion:   Dev-Framework (CFFC743F-43B0-4480-9391-14DF171D2073): 17
LogDevObjectVersion:   Dev-Mobile (B02B49B5-BB20-44E9-A304-32B752E40360): 0
LogDevObjectVersion:   Dev-Networking (A4E4105C-59A1-49B5-A7C5-40C4547EDFEE): 0
LogDevObjectVersion:   Dev-Online (39C831C9-5AE6-47DC-9A44-9C173E1C8E7C): 0
LogDevObjectVersion:   Dev-Physics (78F01B33-EBEA-4F98-B9B4-84EACCB95AA2): 0
LogDevObjectVersion:   Dev-Platform (6631380F-2D4D-43E0-8009-CF276956A95A): 0
LogDevObjectVersion:   Dev-Rendering (12F88B9F-8875-4AFC-A67C-D90C383ABD29): 12
LogDevObjectVersion:   Dev-Sequencer (7B5AE74C-D270-4C10-A958-57980B212A5A): 1
LogDevObjectVersion:   Dev-VR (D7296918-1DD6-4BDD-9DE2-64A83CC13884): 0
LogInit: Compiled (64-bit): Jan  6 2017 10:49:43
LogInit: Compiled with Visual C++: 19.00.23026.00
LogInit: Build Configuration: Development
LogInit: Branch Name: ++UE4+Release-4.14
LogInit: Command line:  
LogInit: Base directory: D:/Program Files/Epic Games/4.14/Engine/Binaries/Win64/
LogInit: Installed Engine Build: 1
LogInit: Presizing for max 8388607 objects, including 0 objects not considered by GC, pre-allocating 0 bytes for permanent pool.
LogInit: Object subsystem initialized
[2017.05.16-19.25.42:783][  0]LogInit: Selected Device Profile: [Windows]
[2017.05.16-19.25.42:783][  0]LogInit: Applying CVar settings loaded from the selected device profile: [Windows]
[2017.05.16-19.25.42:791][  0]LogInit: Computer: MEDION
[2017.05.16-19.25.42:791][  0]LogInit: User: Usuario
[2017.05.16-19.25.42:791][  0]LogInit: CPU Page size=65536, Cores=4
[2017.05.16-19.25.42:791][  0]LogInit: High frequency timer resolution =3.312788 MHz
[2017.05.16-19.25.42:791][  0]LogMemory: Memory total: Physical=16.0GB (16GB approx)
[2017.05.16-19.25.42:791][  0]LogMemory: Platform Memory Stats for Windows
[2017.05.16-19.25.42:791][  0]LogMemory: Process Physical Memory: 266.60 MB used, 266.60 MB peak
[2017.05.16-19.25.42:791][  0]LogMemory: Process Virtual Memory: 262.83 MB used, 262.83 MB peak
[2017.05.16-19.25.42:791][  0]LogMemory: Physical Memory: 4330.69 MB used,  12003.89 MB free, 16334.58 MB total
[2017.05.16-19.25.42:791][  0]LogMemory: Virtual Memory: 662.58 MB used,  12003.89 MB free, 134217728.00 MB total
[2017.05.16-19.25.42:834][  0]LogInit: Overriding culture en with editor configuration.
[2017.05.16-19.25.43:450][  0]LogD3D11RHI: D3D11 adapters:
[2017.05.16-19.25.43:481][  0]LogD3D11RHI:    0. 'NVIDIA GeForce GTX 660' (Feature Level 11_0)
[2017.05.16-19.25.43:481][  0]LogD3D11RHI:       1480/0/8167 MB DedicatedVideo/DedicatedSystem/SharedSystem, Outputs:2, VendorId:0x10de
[2017.05.16-19.25.43:482][  0]LogD3D11RHI:    1. 'Microsoft Basic Render Driver' (Feature Level 11_0)
[2017.05.16-19.25.43:482][  0]LogD3D11RHI:       0/0/8167 MB DedicatedVideo/DedicatedSystem/SharedSystem, Outputs:0, VendorId:0x1414
[2017.05.16-19.25.43:482][  0]LogD3D11RHI: Chosen D3D11 Adapter: 0
[2017.05.16-19.25.43:486][  0]LogD3D11RHI: Creating new Direct3DDevice
[2017.05.16-19.25.43:486][  0]LogD3D11RHI:     GPU DeviceId: 0x1185 (for the marketing name, search the web for "GPU Device Id")
[2017.05.16-19.25.43:486][  0]LogWindows: EnumDisplayDevices:
[2017.05.16-19.25.43:486][  0]LogWindows:    0. 'NVIDIA GeForce GTX 660' (P:1 D:1)
[2017.05.16-19.25.43:486][  0]LogWindows:    1. 'NVIDIA GeForce GTX 660' (P:0 D:1)
[2017.05.16-19.25.43:487][  0]LogWindows:    2. 'NVIDIA GeForce GTX 660' (P:0 D:0)
[2017.05.16-19.25.43:487][  0]LogWindows: DebugString: FoundDriverCount:3 
[2017.05.16-19.25.43:487][  0]LogD3D11RHI:     Adapter Name: NVIDIA GeForce GTX 660
[2017.05.16-19.25.43:487][  0]LogD3D11RHI:   Driver Version: 368.39 (internal:10.18.13.6839, unified:368.39)
[2017.05.16-19.25.43:487][  0]LogD3D11RHI:      Driver Date: 6-2-2016
[2017.05.16-19.25.43:487][  0]LogRHI: Texture pool is 1036 MB (70% of 1480 MB)
[2017.05.16-19.25.43:504][  0]LogD3D11RHI:Warning: Timestamp queries are currently disabled on this hardware due to instability. Realtime GPU stats will not be available. You can override this behaviour by setting r.NVIDIATimestampWorkaround to 0
[2017.05.16-19.25.43:504][  0]LogD3D11RHI: Async texture creation enabled
[2017.05.16-19.25.43:520][  0]LogD3D11RHI: GPU Timing Frequency: 1000.000000 (Debug: 2 2)
[2017.05.16-19.25.43:520][  0]LogShaderCompilers: Guid format shader working directory is -26 characters bigger than the processId version (../../../../../../ENTI/CUARTO CURSO/VAN/VANsGame/Mechanics/BasicMechanics/Intermediate/Shaders/WorkingDirectory/10660/).
[2017.05.16-19.25.43:520][  0]LogShaderCompilers: Cleaned the shader compiler working directory 'C:/Users/Usuario/AppData/Local/Temp/UnrealShaderWorkingDir/03B064AF40751DBB172ECE802B5F244B/'.
[2017.05.16-19.25.43:520][  0]LogShaderCompilers:Display: Using Local Shader Compiler.
[2017.05.16-19.25.46:460][  0]LogTemp:Display: Loaded TP AllDesktopTargetPlatform
[2017.05.16-19.25.46:510][  0]LogTemp:Display: Loaded TP MacClientTargetPlatform
[2017.05.16-19.25.46:560][  0]LogTemp:Display: Loaded TP MacNoEditorTargetPlatform
[2017.05.16-19.25.46:610][  0]LogTemp:Display: Loaded TP MacServerTargetPlatform
[2017.05.16-19.25.46:660][  0]LogTemp:Display: Loaded TP MacTargetPlatform
[2017.05.16-19.25.46:710][  0]LogTemp:Display: Loaded TP WindowsClientTargetPlatform
[2017.05.16-19.25.46:760][  0]LogTemp:Display: Loaded TP WindowsNoEditorTargetPlatform
[2017.05.16-19.25.46:810][  0]LogTemp:Display: Loaded TP WindowsServerTargetPlatform
[2017.05.16-19.25.46:849][  0]LogTemp:Display: Loaded TP WindowsTargetPlatform
[2017.05.16-19.25.46:898][  0]LogTemp:Display: Loaded TP AndroidTargetPlatform
[2017.05.16-19.25.46:947][  0]LogTemp:Display: Loaded TP Android_ASTCTargetPlatform
[2017.05.16-19.25.46:996][  0]LogTemp:Display: Loaded TP Android_ATCTargetPlatform
[2017.05.16-19.25.47:045][  0]LogTemp:Display: Loaded TP Android_DXTTargetPlatform
[2017.05.16-19.25.47:094][  0]LogTemp:Display: Loaded TP Android_ETC1TargetPlatform
[2017.05.16-19.25.47:143][  0]LogTemp:Display: Loaded TP Android_ETC2TargetPlatform
[2017.05.16-19.25.47:241][  0]LogTemp:Display: Loaded TP Android_MultiTargetPlatform
[2017.05.16-19.25.47:241][  0]LogTemp:Display: Loaded TP Android_PVRTCTargetPlatform
[2017.05.16-19.25.47:274][  0]LogTemp:Display: Loaded TP HTML5TargetPlatform
[2017.05.16-19.25.47:351][  0]LogTemp:Display: Loaded TP IOSTargetPlatform
[2017.05.16-19.25.47:383][  0]LogTemp:Display: Loaded TP TVOSTargetPlatform
[2017.05.16-19.25.47:432][  0]LogTemp:Display: Loaded TP LinuxClientTargetPlatform
[2017.05.16-19.25.47:480][  0]LogTemp:Display: Loaded TP LinuxNoEditorTargetPlatform
[2017.05.16-19.25.47:529][  0]LogTemp:Display: Loaded TP LinuxServerTargetPlatform
[2017.05.16-19.25.47:578][  0]LogTemp:Display: Loaded TP LinuxTargetPlatform
[2017.05.16-19.25.47:578][  0]LogTargetPlatformManager:Display: Building Assets For Windows
[2017.05.16-19.25.47:900][  0]LogDerivedDataCache:Display: Max Cache Size: 512 MB
[2017.05.16-19.25.47:945][  0]LogDerivedDataCache: Loaded boot cache 0.04s 50MB C:/Users/Usuario/AppData/Local/UnrealEngine/4.14/DerivedDataCache/Boot.ddc.
[2017.05.16-19.25.47:945][  0]LogDerivedDataCache:Display: Loaded Boot cache: C:/Users/Usuario/AppData/Local/UnrealEngine/4.14/DerivedDataCache/Boot.ddc
[2017.05.16-19.25.47:945][  0]LogDerivedDataCache: FDerivedDataBackendGraph:  Pak pak cache file ../../../../../../ENTI/CUARTO CURSO/VAN/VANsGame/Mechanics/BasicMechanics/DerivedDataCache/DDC.ddp not found, will not use a pak cache.
[2017.05.16-19.25.47:945][  0]LogDerivedDataCache: Unable to find inner node Pak for hierarchical cache Hierarchy.
[2017.05.16-19.25.47:945][  0]LogDerivedDataCache: FDerivedDataBackendGraph:  CompressedPak pak cache file ../../../../../../ENTI/CUARTO CURSO/VAN/VANsGame/Mechanics/BasicMechanics/DerivedDataCache/Compressed.ddp not found, will not use a pak cache.
[2017.05.16-19.25.47:945][  0]LogDerivedDataCache: Unable to find inner node CompressedPak for hierarchical cache Hierarchy.
[2017.05.16-19.25.47:961][  0]LogDerivedDataCache:Display: Pak cache opened for reading ../../../Engine/DerivedDataCache/Compressed.ddp.
[2017.05.16-19.25.47:972][  0]LogDerivedDataCache: Using Local data cache path C:/Users/Usuario/AppData/Local/UnrealEngine/Common/DerivedDataCache: Writable
[2017.05.16-19.25.48:191][  0]LogInit: Selected Device Profile: [Windows]
[2017.05.16-19.25.48:195][  0]LogContentStreaming: Texture pool size is 0.00 MB
[2017.05.16-19.25.48:377][  0]LogMeshUtilities: Using QuadricMeshReduction for automatic static mesh reduction
[2017.05.16-19.25.48:412][  0]LogSimplygon: Simplygon DLL not present - disabling.
[2017.05.16-19.25.48:453][  0]LogMeshUtilities: Using SimplygonSwarm for distributed automatic mesh merging
[2017.05.16-19.25.48:453][  0]LogMeshUtilities: No automatic skeletal mesh reduction module available
[2017.05.16-19.25.48:453][  0]LogMeshUtilities: No automatic mesh merging module available
[2017.05.16-19.25.48:920][  0]LogNetVersion: GetLocalNetworkVersion: CL: 3195953, ProjectName: basicmechanics, ProjectVersion: , EngineNetworkVersion: 2, GameNetworkVersion: 0, NetworkChecksum: 1363929391
[2017.05.16-19.25.48:971][  0]LogAssetRegistry: FAssetRegistry took 0.0215 seconds to start up
[2017.05.16-19.25.48:997][  0]LogPackageLocalizationCache: Processed 3 localized package path(s) for 1 prioritized culture(s) in 0.010014 seconds
[2017.05.16-19.25.49:002][  0]LogUObjectArray: 31946 objects as part of root set at end of initial load.
[2017.05.16-19.25.49:002][  0]LogUObjectAllocator: 6935840 out of 0 bytes used by permanent object pool.
[2017.05.16-19.25.49:002][  0]LogUObjectArray: CloseDisregardForGC: 0/0 objects in disregard for GC pool
[2017.05.16-19.25.49:050][  0]LogInit: WinSock: version 1.1 (2.2), MaxSocks=32767, MaxUdp=65467
[2017.05.16-19.25.49:647][  0]LogSlate: Using Freetype 2.6.0
[2017.05.16-19.25.49:648][  0]LogSlate: SlateFontCache - WITH_FREETYPE: 1, WITH_HARFBUZZ: 1
[2017.05.16-19.25.49:648][  0]LogSlate: SlateFontCache - WITH_FREETYPE: 1, WITH_HARFBUZZ: 1
[2017.05.16-19.25.50:462][  0]LogTcpMessaging: Initializing TcpMessaging bridge
[2017.05.16-19.25.50:497][  0]LogUdpMessaging: Initializing bridge on interface 0.0.0.0:0 to multicast group 230.0.0.1:6666.
[2017.05.16-19.25.50:767][  0]LogMaterial: Uniform references updated for custom material expression Custom.
[2017.05.16-19.25.51:095][  0]SourceControl: Info Source control is disabled
[2017.05.16-19.25.51:096][  0]SourceControl: Info Source control is disabled
[2017.05.16-19.25.51:135][  0]SourceControl: Info Source control is disabled
[2017.05.16-19.25.51:175][  0]SourceControl: Info Source control is disabled
[2017.05.16-19.25.52:265][  0]LogEngine: Initializing Engine...
[2017.05.16-19.25.52:266][  0]LogHMD: Failed to initialize OpenVR with code 110
[2017.05.16-19.25.52:476][  0]LogAIModule: Creating AISystem for world Untitled
[2017.05.16-19.25.52:495][  0]LogInit: XAudio2 using 'Speakers (Realtek High Definition Audio)' : 2 channels at 48 kHz using 32 bits per sample (channel mask 0x3)
[2017.05.16-19.25.52:510][  0]LogInit: FAudioDevice initialized.
[2017.05.16-19.25.52:534][  0]LogDerivedDataCache: Saved boot cache 0.02s 50MB C:/Users/Usuario/AppData/Local/UnrealEngine/4.14/DerivedDataCache/Boot.ddc.
[2017.05.16-19.25.52:538][  0]LogInit: Texture streaming: Enabled
[2017.05.16-19.25.52:687][  0]LogInit: Transaction tracking system initialized
[2017.05.16-19.25.52:968][  0]BlueprintLog: New page: Editor Load
[2017.05.16-19.25.53:678][  0]LocalizationService: Info Localization service is disabled
[2017.05.16-19.25.54:212][  0]LogConsoleResponse:Display: 
[2017.05.16-19.25.54:341][  0]LogCook:Display: Max memory allowance for cook 16384mb min free memory 0mb
[2017.05.16-19.25.54:341][  0]LogCook:Display: Mobile HDR setting 1
[2017.05.16-19.25.55:155][  0]LogFileCache: Scanning file cache for directory 'D:/ENTI/CUARTO CURSO/VAN/VANsGame/Mechanics/BasicMechanics/Content/' took 0.02s
[2017.05.16-19.25.55:155][  0]SourceControl: Info Source control is disabled
[2017.05.16-19.25.55:155][  0]Cmd: MAP LOAD FILE="../../../../../../ENTI/CUARTO CURSO/VAN/VANsGame/Mechanics/BasicMechanics/Content/StarterContent/Maps/Minimal_Default.umap" TEMPLATE=0 SHOWPROGRESS=1 FEATURELEVEL=3
[2017.05.16-19.25.55:155][  0]LightingResults: New page: Lighting Build
[2017.05.16-19.25.55:189][  0]MapCheck: New page: Map Check
[2017.05.16-19.25.55:189][  0]LightingResults: New page: Lighting Build
[2017.05.16-19.25.55:422][  0]LogTexture:Display: Building textures: HQ_Lightmap1_1 (AutoDXT)
[2017.05.16-19.25.55:473][  0]LogTexture:Display: Building textures: HQ_Lightmap1_2 (AutoDXT)
[2017.05.16-19.25.55:480][  0]LogTexture:Display: Building textures: LQ_Lightmap_1_1 (DXT1)
[2017.05.16-19.25.55:510][  0]LogTexture:Display: Building textures: LQ_Lightmap_1_2 (DXT1)
[2017.05.16-19.25.55:601][  0]LogAIModule: Creating AISystem for world Minimal_Default
[2017.05.16-19.25.55:601][  0]LogActorComponent: RegisterComponentWithWorld: (/Game/StarterContent/Maps/Minimal_Default.Minimal_Default:PersistentLevel.WorldSettings_1.StaticMeshComponent0) Trying to register component with IsPendingKill() == true. Aborting.
[2017.05.16-19.25.55:608][  0]LogEditorServer: Finished looking for orphan Actors (0.000 secs)
[2017.05.16-19.25.55:608][  0]Cmd: MAP CHECKDEP NOCLEARLOG
[2017.05.16-19.25.55:654][  0]MapCheck: Info Map check complete: 0 Error(s), 0 Warning(s), took 45.507ms to complete.
[2017.05.16-19.25.55:654][  0]LogFileHelpers: Loading map 'Minimal_Default' took 0.499
[2017.05.16-19.25.55:807][  0]LogCollectionManager: Loaded 0 collections in 0.001345 seconds
[2017.05.16-19.25.55:880][  0]LogFileCache: Scanning file cache for directory 'D:/ENTI/CUARTO CURSO/VAN/VANsGame/Mechanics/BasicMechanics/Saved/Collections/' took 0.01s
[2017.05.16-19.25.55:880][  0]LogFileCache: Scanning file cache for directory 'D:/ENTI/CUARTO CURSO/VAN/VANsGame/Mechanics/BasicMechanics/Content/Developers/Usuario/Collections/' took 0.01s
[2017.05.16-19.25.55:880][  0]LogFileCache: Scanning file cache for directory 'D:/ENTI/CUARTO CURSO/VAN/VANsGame/Mechanics/BasicMechanics/Content/Collections/' took 0.01s
[2017.05.16-19.25.55:880][  0]LogCollectionManager: Rebuilt the GUID cache for 0 collections in 0.000002 seconds
[2017.05.16-19.25.55:889][  0]LogContentBrowser: Native class hierarchy populated in 0.0087 seconds. Added 2190 classes and 428 folders.
[2017.05.16-19.25.55:923][  0]LogStats: UGameplayTagsManager::ConstructGameplayTagTree: Construct from data asset -  0.000 s
[2017.05.16-19.25.55:923][  0]LogStats: UGameplayTagsManager::ConstructGameplayTagTree: GameplayTagTreeChangedEvent.Broadcast -  0.000 s
[2017.05.16-19.25.55:924][  0]LogContentBrowser: Native class hierarchy updated for 'GameplayTags' in 0.0007 seconds. Added 13 classes and 0 folders.
[2017.05.16-19.25.55:975][  0]LogContentBrowser: Native class hierarchy updated for 'WidgetCarousel' in 0.0004 seconds. Added 0 classes and 0 folders.
[2017.05.16-19.25.56:023][  0]LogContentBrowser: Native class hierarchy updated for 'AddContentDialog' in 0.0005 seconds. Added 0 classes and 0 folders.
[2017.05.16-19.25.56:059][  0]LogContentBrowser: Native class hierarchy updated for 'SceneOutliner' in 0.0005 seconds. Added 1 classes and 2 folders.
[2017.05.16-19.25.56:093][  0]LogCrashTracker: Crashtracker disabled due to settings.
[2017.05.16-19.25.56:116][  0]LogUObjectGlobals:Warning: Failed to find object 'Class None.'
[2017.05.16-19.25.56:173][  0]LogContentBrowser: Native class hierarchy updated for 'HierarchicalLODOutliner' in 0.0005 seconds. Added 1 classes and 2 folders.
[2017.05.16-19.25.56:174][  0]LogLoad: (Engine Initialization) Total time: 14.76 seconds
[2017.05.16-19.25.56:174][  0]LogLoad: (Engine Initialization) Total Blueprint compile time: 0.09 seconds
[2017.05.16-19.25.56:174][  0]LogExternalProfiler: Found external profiler: VSPerf
[2017.05.16-19.25.56:174][  0]LogExternalProfiler: Using external profiler: VSPerf
[2017.05.16-19.25.56:513][  0]LogOcInput: OculusInput pre-init called
[2017.05.16-19.25.56:552][  0]LogContentStreaming: Texture pool size now 800 MB
[2017.05.16-19.25.56:712][  0]LogRenderer: Reallocating scene render targets to support 1248x620 NumSamples 1 (Frame:2).
[2017.05.16-19.25.56:848][  1]LogFileCache: Retrieving MD5 hashes for directory 'D:/ENTI/CUARTO CURSO/VAN/VANsGame/Mechanics/BasicMechanics/Content/' took 0.32s
[2017.05.16-19.26.01:962][317]LogCollectionManager: Rebuilt the object cache for 0 collections in 0.000001 seconds (found 0 objects)
[2017.05.16-19.26.03:519][398]LogTexture:Display: Building textures: HQ_Lightmap0_4 (AutoDXT)
[2017.05.16-19.26.03:576][398]LogTexture:Display: Building textures: HQ_Lightmap1_1 (AutoDXT)
[2017.05.16-19.26.04:031][398]LogTexture:Display: Building textures: HQ_Lightmap1_2 (AutoDXT)
[2017.05.16-19.26.04:110][398]LogTexture:Display: Building textures: HQ_Lightmap1_3 (AutoDXT)
[2017.05.16-19.26.04:118][398]LogTexture:Display: Building textures: HQ_Lightmap1_5 (AutoDXT)
[2017.05.16-19.26.04:118][398]LogTexture:Display: Building textures: LQ_Lightmap_0_4 (DXT1)
[2017.05.16-19.26.04:157][398]LogTexture:Display: Building textures: LQ_Lightmap_1_1 (DXT1)
[2017.05.16-19.26.04:353][398]LogTexture:Display: Building textures: LQ_Lightmap_1_2 (DXT1)
[2017.05.16-19.26.04:401][398]LogTexture:Display: Building textures: LQ_Lightmap_1_3 (DXT1)
[2017.05.16-19.26.04:403][398]LogTexture:Display: Building textures: LQ_Lightmap_1_5 (DXT1)
[2017.05.16-19.26.04:407][398]LogTexture:Display: Building textures: SkyOcclusion0_4 (AutoDXT)
[2017.05.16-19.26.04:439][398]LogTexture:Display: Building textures: SkyOcclusion1_1 (AutoDXT)
[2017.05.16-19.26.04:597][398]LogTexture:Display: Building textures: SkyOcclusion1_2 (AutoDXT)
[2017.05.16-19.26.04:633][398]LogTexture:Display: Building textures: SkyOcclusion1_3 (AutoDXT)
[2017.05.16-19.26.04:639][398]LogTexture:Display: Building textures: SkyOcclusion1_5 (AutoDXT)
[2017.05.16-19.26.04:722][398]LogAIModule: Creating AISystem for world Village
[2017.05.16-19.26.04:758][398]Cmd: MAP LOAD FILE="../../../../../../ENTI/CUARTO CURSO/VAN/VANsGame/Mechanics/BasicMechanics/Content/Levels/Village.umap" TEMPLATE=0 SHOWPROGRESS=1 FEATURELEVEL=3
[2017.05.16-19.26.04:758][398]LightingResults: New page: Lighting Build
[2017.05.16-19.26.04:759][398]LoadErrors: New page: Loading map: Village.umap
[2017.05.16-19.26.04:776][398]MapCheck: New page: Map Check
[2017.05.16-19.26.04:776][398]LightingResults: New page: Lighting Build
[2017.05.16-19.26.04:796][398]LogEditorServer: Finished looking for orphan Actors (0.000 secs)
[2017.05.16-19.26.04:855][398]Cmd: MAP CHECKDEP NOCLEARLOG
[2017.05.16-19.26.04:923][398]MapCheck: Info Map check complete: 0 Error(s), 0 Warning(s), took 67.673ms to complete.
[2017.05.16-19.26.04:923][398]LogFileHelpers: Loading map 'Village' took 0.166
[2017.05.16-19.26.07:380][664]LogAssetRegistry: Asset discovery search completed in 18.4303 seconds
[2017.05.16-19.26.07:380][664]LogCollectionManager: Fixed up redirectors for 0 collections in 0.000001 seconds (updated 0 objects)
[2017.05.16-19.26.27:196][707]LogActorFactory: Actor Factory created VanHousePerspGood
[2017.05.16-19.26.29:369][913]LogActorFactory: Actor Factory created VanHousePerspGood
[2017.05.16-19.26.38:173][666]MapCheck: New page: Map Check
[2017.05.16-19.26.38:185][666]LightingResults: New page: Lighting Build - May 16, 2017, 11:26:38 PM
[2017.05.16-19.26.38:221][666]LogSwarmInterface: [OpenConnection] Registering TCP channel ...
[2017.05.16-19.26.38:296][666]LogSwarmInterface: [OpenConnection] Connecting to agent ...
[2017.05.16-19.26.38:307][666]LogSwarmInterface: [TryOpenConnection] Testing the Agent
[2017.05.16-19.26.38:831][666]LogSwarmInterface: [TryOpenConnection] Opening Connection to Agent
[2017.05.16-19.26.38:831][666]LogSwarmInterface: [TryOpenConnection] Local Process ID is 10660
[2017.05.16-19.26.41:630][666]LightingResults:Warning: Performance Warning No importance volume found and the scene is so large that the automatically synthesized volume will not yield good results.  Please add a tightly bounding lightmass importance volume to optimize your scene's quality and lighting build times.
[2017.05.16-19.26.41:630][666]LogStaticLightingSystem: Running Lightmass w/ ImmediateImport mode ENABLED
[2017.05.16-19.26.41:630][666]LogStaticLightingSystem: Running Lightmass w/ ImmediateProcess mode ENABLED
[2017.05.16-19.26.41:630][666]LogStaticLightingSystem: Running Lightmass w/ Sorting mode ENABLED
[2017.05.16-19.26.41:630][666]LogStaticLightingSystem: Running Lightmass w/ Mapping paddings ENABLED
[2017.05.16-19.26.41:630][666]LogStaticLightingSystem: Running Lightmass w/ Mapping debug paddings DISABLED
[2017.05.16-19.26.41:837][666]LogEditorBuildUtils: Build time 0:03
[2017.05.16-19.27.04:329][310]LightingResults:Warning: Warning Roads Object has overlapping UVs.
[2017.05.16-19.27.04:329][310]LightingResults: Info Roads Lightmap UV are overlapping by 23.4%. Please adjust content - Enable Error Coloring to visualize.
[2017.05.16-19.27.04:781][332]LightingResults:Warning: Warning Sign Object has overlapping UVs.
[2017.05.16-19.27.04:781][332]LightingResults: Info Sign Lightmap UV are overlapping by 24.3%. Please adjust content - Enable Error Coloring to visualize.
[2017.05.16-19.27.04:886][337]LightingResults:Warning: Warning NewspaperBox Object has overlapping UVs.
[2017.05.16-19.27.04:886][337]LightingResults: Info NewspaperBox Lightmap UV are overlapping by 54.7%. Please adjust content - Enable Error Coloring to visualize.
[2017.05.16-19.27.05:096][347]LightingResults:Warning: Warning BusStop Object has overlapping UVs.
[2017.05.16-19.27.05:096][347]LightingResults: Info BusStop Lightmap UV are overlapping by 59.0%. Please adjust content - Enable Error Coloring to visualize.
[2017.05.16-19.27.05:181][351]LightingResults:Warning: Warning BusStop Object has overlapping UVs.
[2017.05.16-19.27.05:181][351]LightingResults: Info BusStop Lightmap UV are overlapping by 59.0%. Please adjust content - Enable Error Coloring to visualize.
[2017.05.16-19.27.05:517][367]LightingResults:Warning: Warning house Object has overlapping UVs.
[2017.05.16-19.27.05:517][367]LightingResults: Info house Lightmap UV are overlapping by 3.5%. Please adjust content - Enable Error Coloring to visualize.
[2017.05.16-19.27.05:537][368]LightingResults:Warning: Warning house Object has overlapping UVs.
[2017.05.16-19.27.05:537][368]LightingResults: Info house Lightmap UV are overlapping by 3.5%. Please adjust content - Enable Error Coloring to visualize.
[2017.05.16-19.27.05:558][369]LightingResults:Warning: Warning FireHydrant Object has overlapping UVs.
[2017.05.16-19.27.05:558][369]LightingResults: Info FireHydrant Lightmap UV are overlapping by 60.7%. Please adjust content - Enable Error Coloring to visualize.
[2017.05.16-19.27.05:902][388]LightingResults:Warning: Warning FireHydrant Object has overlapping UVs.
[2017.05.16-19.27.05:902][388]LightingResults: Info FireHydrant Lightmap UV are overlapping by 60.7%. Please adjust content - Enable Error Coloring to visualize.
[2017.05.16-19.27.18:401][111]LightingResults:Warning: Warning VanHousePerspGood Object has wrapping UVs.
[2017.05.16-19.27.18:401][111]LightingResults:Warning: Warning VanHousePerspGood Object has overlapping UVs.
[2017.05.16-19.27.18:401][111]LightingResults: Info VanHousePerspGood Lightmap UV are overlapping by 81.0%. Please adjust content - Enable Error Coloring to visualize.
[2017.05.16-19.27.33:010][834]Job is a success!
[2017.05.16-19.27.34:192][835]LogTexture:Display: Building textures: SkyOcclusion0_1 (AutoDXT)
[2017.05.16-19.27.34:192][835]LogTexture:Display: Building textures: HQ_Lightmap0_1 (AutoDXT)
[2017.05.16-19.27.34:192][835]LogTexture:Display: Building textures: LQ_Lightmap_0_1 (DXT1)
[2017.05.16-19.27.34:192][835]LogTexture:Display: Building textures: SkyOcclusion0_2 (AutoDXT)
[2017.05.16-19.27.34:192][835]LogTexture:Display: Building textures: HQ_Lightmap0_2 (AutoDXT)
[2017.05.16-19.27.34:192][835]LogTexture:Display: Building textures: LQ_Lightmap_0_2 (DXT1)
[2017.05.16-19.27.34:192][835]LogTexture:Display: Building textures: SkyOcclusion0_3 (AutoDXT)
[2017.05.16-19.27.34:192][835]LogTexture:Display: Building textures: HQ_Lightmap0_3 (AutoDXT)
[2017.05.16-19.27.34:192][835]LogTexture:Display: Building textures: LQ_Lightmap_0_3 (DXT1)
[2017.05.16-19.27.34:192][835]LogTexture:Display: Building textures: SkyOcclusion1_4 (AutoDXT)
[2017.05.16-19.27.34:192][835]LogTexture:Display: Building textures: HQ_Lightmap1_4 (AutoDXT)
[2017.05.16-19.27.34:192][835]LogTexture:Display: Building textures: LQ_Lightmap_1_4 (DXT1)
[2017.05.16-19.27.34:192][835]LogTexture:Display: Building textures: SkyOcclusion0_5 (AutoDXT)
[2017.05.16-19.27.34:192][835]LogTexture:Display: Building textures: HQ_Lightmap0_5 (AutoDXT)
[2017.05.16-19.27.34:192][835]LogTexture:Display: Building textures: LQ_Lightmap_0_5 (DXT1)
[2017.05.16-19.27.34:713][835]LogTexture:Display: Building textures: ShadowMapTexture2D_0 (G8)
[2017.05.16-19.27.34:713][835]LogTexture:Display: Building textures: ShadowMapTexture2D_1 (G8)
[2017.05.16-19.27.34:713][835]LogTexture:Display: Building textures: ShadowMapTexture2D_2 (G8)
[2017.05.16-19.27.34:713][835]LogTexture:Display: Building textures: ShadowMapTexture2D_3 (G8)
[2017.05.16-19.27.34:713][835]LogTexture:Display: Building textures: ShadowMapTexture2D_4 (G8)
[2017.05.16-19.27.34:737][835]Lightmass on MEDION: 51.6 sec total, 2.10 sec importing, 907 ms setup, 18.0 sec photons, 30.5 sec processing, 0 ms extra exporting [24/24 mappings]. Threads: 3:34 min total, 47.3 sec processing.
[2017.05.16-19.27.34:764][835]LogStaticLightingSystem: Illumination: 56.5 sec (1.04 sec encoding lightmaps, 517 ms encoding shadowmaps)
[2017.05.16-19.27.34:764][835]LogStaticLightingSystem: Lightmap texture memory:  11.4 MB (11.4 MB streaming, 0.0 MB non-streaming), 10 textures
[2017.05.16-19.27.34:764][835]LogStaticLightingSystem: Shadowmap texture memory: 2.9 MB (2.9 MB streaming, 0.0 MB non-streaming), 5 textures
[2017.05.16-19.27.35:645][835]DumpUnbuiltLightIteractions
[2017.05.16-19.27.35:645][835]Lights with unbuilt interactions: 0
[2017.05.16-19.27.35:645][835]
[2017.05.16-19.27.35:645][835]Primitives with unbuilt interactions: 0
[2017.05.16-19.27.35:681][836]Cmd: MAP CHECK NOTIFYRESULTS
[2017.05.16-19.27.35:681][836]MapCheck: New page: Village - May 16, 2017, 11:27:35 PM
[2017.05.16-19.27.35:718][836]MapCheck:Warning: Warning FirstFloor2_5 Static mesh actor has NULL StaticMesh property 
[2017.05.16-19.27.35:718][836]MapCheck:Warning: Warning FirstFloor2_5 Static mesh actor has NULL StaticMesh property 
[2017.05.16-19.27.35:718][836]MapCheck:Warning: Warning FirstFloor_2 Static mesh actor has NULL StaticMesh property 
[2017.05.16-19.27.35:718][836]MapCheck:Warning: Warning FirstFloor_2 Static mesh actor has NULL StaticMesh property 
[2017.05.16-19.27.35:718][836]MapCheck:Warning: Warning Lstairs_5 Static mesh actor has NULL StaticMesh property 
[2017.05.16-19.27.35:718][836]MapCheck:Warning: Warning Lstairs_5 Static mesh actor has NULL StaticMesh property 
[2017.05.16-19.27.35:718][836]MapCheck:Warning: Warning VAN_Size2_11 Static mesh actor has NULL StaticMesh property 
[2017.05.16-19.27.35:718][836]MapCheck:Warning: Warning VAN_Size2_11 Static mesh actor has NULL StaticMesh property 
[2017.05.16-19.27.35:718][836]MapCheck:Warning: Warning VAN_Size_8 Static mesh actor has NULL StaticMesh property 
[2017.05.16-19.27.35:718][836]MapCheck:Warning: Warning VAN_Size_8 Static mesh actor has NULL StaticMesh property 
[2017.05.16-19.27.35:718][836]MapCheck:Warning: Warning VanHouse2Floor_2 Static mesh actor has NULL StaticMesh property 
[2017.05.16-19.27.35:718][836]MapCheck:Warning: Warning VanHouse2Floor_2 Static mesh actor has NULL StaticMesh property 
[2017.05.16-19.27.35:718][836]MapCheck:Warning: Warning VansHouse_5 Static mesh actor has NULL StaticMesh property 
[2017.05.16-19.27.35:718][836]MapCheck:Warning: Warning VansHouse_5 Static mesh actor has NULL StaticMesh property 
[2017.05.16-19.27.35:816][836]MapCheck: Info Map check complete: 0 Error(s), 14 Warning(s), took 135.218ms to complete.
[2017.05.16-19.27.42:125][399]LogEditorViewport: Clicking on Actor (LMB): BP_Sky_Sphere_C (BP_Sky_Sphere)
[2017.05.16-19.28.31:779][979]MapCheck: New page: Map Check
[2017.05.16-19.28.31:793][979]Cmd: MAP REBUILD ALLVISIBLE
[2017.05.16-19.28.31:793][979]LogEditorServer: Rebuildmap Clear paths rebuilt
[2017.05.16-19.28.31:846][979]LightingResults: New page: Lighting Build - May 16, 2017, 11:28:31 PM
[2017.05.16-19.28.31:852][979]LogSwarmInterface: [OpenConnection] Registering TCP channel ...
[2017.05.16-19.28.31:854][979]LogSwarmInterface: [OpenConnection] Connecting to agent ...
[2017.05.16-19.28.31:854][979]LogSwarmInterface: [TryOpenConnection] Testing the Agent
[2017.05.16-19.28.31:855][979]LogSwarmInterface: [TryOpenConnection] Opening Connection to Agent
[2017.05.16-19.28.31:855][979]LogSwarmInterface: [TryOpenConnection] Local Process ID is 10660
[2017.05.16-19.28.36:373][979]LogStaticLightingSystem: Running Lightmass w/ ImmediateImport mode ENABLED
[2017.05.16-19.28.36:373][979]LogStaticLightingSystem: Running Lightmass w/ ImmediateProcess mode ENABLED
[2017.05.16-19.28.36:373][979]LogStaticLightingSystem: Running Lightmass w/ Sorting mode ENABLED
[2017.05.16-19.28.36:373][979]LogStaticLightingSystem: Running Lightmass w/ Mapping paddings ENABLED
[2017.05.16-19.28.36:373][979]LogStaticLightingSystem: Running Lightmass w/ Mapping debug paddings DISABLED
[2017.05.16-19.28.36:545][979]Cmd: MAP CHECK DONTDISPLAYDIALOG
[2017.05.16-19.28.36:545][979]MapCheck: New page: Village - May 16, 2017, 11:28:36 PM
[2017.05.16-19.28.36:546][979]MapCheck:Warning: Warning FirstFloor2_5 Static mesh actor has NULL StaticMesh property 
[2017.05.16-19.28.36:546][979]MapCheck:Warning: Warning FirstFloor2_5 Static mesh actor has NULL StaticMesh property 
[2017.05.16-19.28.36:546][979]MapCheck:Warning: Warning FirstFloor_2 Static mesh actor has NULL StaticMesh property 
[2017.05.16-19.28.36:546][979]MapCheck:Warning: Warning FirstFloor_2 Static mesh actor has NULL StaticMesh property 
[2017.05.16-19.28.36:546][979]MapCheck:Warning: Warning Lstairs_5 Static mesh actor has NULL StaticMesh property 
[2017.05.16-19.28.36:546][979]MapCheck:Warning: Warning Lstairs_5 Static mesh actor has NULL StaticMesh property 
[2017.05.16-19.28.36:546][979]MapCheck:Warning: Warning VAN_Size2_11 Static mesh actor has NULL StaticMesh property 
[2017.05.16-19.28.36:546][979]MapCheck:Warning: Warning VAN_Size2_11 Static mesh actor has NULL StaticMesh property 
[2017.05.16-19.28.36:546][979]MapCheck:Warning: Warning VAN_Size_8 Static mesh actor has NULL StaticMesh property 
[2017.05.16-19.28.36:546][979]MapCheck:Warning: Warning VAN_Size_8 Static mesh actor has NULL StaticMesh property 
[2017.05.16-19.28.36:546][979]MapCheck:Warning: Warning VanHouse2Floor_2 Static mesh actor has NULL StaticMesh property 
[2017.05.16-19.28.36:546][979]MapCheck:Warning: Warning VanHouse2Floor_2 Static mesh actor has NULL StaticMesh property 
[2017.05.16-19.28.36:547][979]MapCheck:Warning: Warning VansHouse_5 Static mesh actor has NULL StaticMesh property 
[2017.05.16-19.28.36:547][979]MapCheck:Warning: Warning VansHouse_5 Static mesh actor has NULL StaticMesh property 
[2017.05.16-19.28.36:547][979]MapCheck:Error: Error WorldSettings Maps need lighting rebuilt 
[2017.05.16-19.28.36:626][979]MapCheck: Info Map check complete: 1 Error(s), 14 Warning(s), took 80.14ms to complete.
[2017.05.16-19.28.36:648][979]LogEditorBuildUtils: Build time 0:04
[2017.05.16-19.28.56:820][309]LightingResults:Warning: Warning Roads Object has overlapping UVs.
[2017.05.16-19.28.56:820][309]LightingResults: Info Roads Lightmap UV are overlapping by 23.4%. Please adjust content - Enable Error Coloring to visualize.
[2017.05.16-19.28.57:159][310]LightingResults:Warning: Warning Sign Object has overlapping UVs.
[2017.05.16-19.28.57:159][310]LightingResults: Info Sign Lightmap UV are overlapping by 24.3%. Please adjust content - Enable Error Coloring to visualize.
[2017.05.16-19.28.57:159][310]LightingResults:Warning: Warning NewspaperBox Object has overlapping UVs.
[2017.05.16-19.28.57:159][310]LightingResults: Info NewspaperBox Lightmap UV are overlapping by 54.7%. Please adjust content - Enable Error Coloring to visualize.
[2017.05.16-19.28.57:490][311]LightingResults:Warning: Warning BusStop Object has overlapping UVs.
[2017.05.16-19.28.57:490][311]LightingResults: Info BusStop Lightmap UV are overlapping by 59.0%. Please adjust content - Enable Error Coloring to visualize.
[2017.05.16-19.28.57:490][311]LightingResults:Warning: Warning BusStop Object has overlapping UVs.
[2017.05.16-19.28.57:490][311]LightingResults: Info BusStop Lightmap UV are overlapping by 59.0%. Please adjust content - Enable Error Coloring to visualize.
[2017.05.16-19.28.57:828][312]LightingResults:Warning: Warning house Object has overlapping UVs.
[2017.05.16-19.28.57:828][312]LightingResults: Info house Lightmap UV are overlapping by 3.5%. Please adjust content - Enable Error Coloring to visualize.
[2017.05.16-19.28.57:828][312]LightingResults:Warning: Warning FireHydrant Object has overlapping UVs.
[2017.05.16-19.28.57:828][312]LightingResults: Info FireHydrant Lightmap UV are overlapping by 60.7%. Please adjust content - Enable Error Coloring to visualize.
[2017.05.16-19.28.57:828][312]LightingResults:Warning: Warning house Object has overlapping UVs.
[2017.05.16-19.28.57:828][312]LightingResults: Info house Lightmap UV are overlapping by 3.5%. Please adjust content - Enable Error Coloring to visualize.
[2017.05.16-19.28.57:828][312]LightingResults:Warning: Warning FireHydrant Object has overlapping UVs.
[2017.05.16-19.28.57:828][312]LightingResults: Info FireHydrant Lightmap UV are overlapping by 60.7%. Please adjust content - Enable Error Coloring to visualize.
[2017.05.16-19.29.09:825][348]LightingResults:Warning: Warning VanHousePerspGood Object has wrapping UVs.
[2017.05.16-19.29.09:825][348]LightingResults:Warning: Warning VanHousePerspGood Object has overlapping UVs.
[2017.05.16-19.29.09:825][348]LightingResults: Info VanHousePerspGood Lightmap UV are overlapping by 81.0%. Please adjust content - Enable Error Coloring to visualize.
[2017.05.16-19.29.22:153][385]Job is a success!
[2017.05.16-19.29.23:568][386]LogTexture:Display: Building textures: SkyOcclusion1_1 (AutoDXT)
[2017.05.16-19.29.23:568][386]LogTexture:Display: Building textures: HQ_Lightmap1_1 (AutoDXT)
[2017.05.16-19.29.23:568][386]LogTexture:Display: Building textures: LQ_Lightmap_1_1 (DXT1)
[2017.05.16-19.29.23:568][386]LogTexture:Display: Building textures: HQ_Lightmap1_2 (AutoDXT)
[2017.05.16-19.29.23:568][386]LogTexture:Display: Building textures: SkyOcclusion1_2 (AutoDXT)
[2017.05.16-19.29.23:568][386]LogTexture:Display: Building textures: LQ_Lightmap_1_2 (DXT1)
[2017.05.16-19.29.23:568][386]LogTexture:Display: Building textures: SkyOcclusion1_3 (AutoDXT)
[2017.05.16-19.29.23:568][386]LogTexture:Display: Building textures: HQ_Lightmap1_3 (AutoDXT)
[2017.05.16-19.29.23:568][386]LogTexture:Display: Building textures: LQ_Lightmap_1_3 (DXT1)
[2017.05.16-19.29.23:568][386]LogTexture:Display: Building textures: SkyOcclusion0_4 (AutoDXT)
[2017.05.16-19.29.23:568][386]LogTexture:Display: Building textures: HQ_Lightmap0_4 (AutoDXT)
[2017.05.16-19.29.23:568][386]LogTexture:Display: Building textures: LQ_Lightmap_0_4 (DXT1)
[2017.05.16-19.29.23:568][386]LogTexture:Display: Building textures: SkyOcclusion1_5 (AutoDXT)
[2017.05.16-19.29.23:568][386]LogTexture:Display: Building textures: HQ_Lightmap1_5 (AutoDXT)
[2017.05.16-19.29.23:568][386]LogTexture:Display: Building textures: LQ_Lightmap_1_5 (DXT1)
[2017.05.16-19.29.24:069][386]LogTexture:Display: Building textures: ShadowMapTexture2D_5 (G8)
[2017.05.16-19.29.24:069][386]LogTexture:Display: Building textures: ShadowMapTexture2D_6 (G8)
[2017.05.16-19.29.24:069][386]LogTexture:Display: Building textures: ShadowMapTexture2D_7 (G8)
[2017.05.16-19.29.24:069][386]LogTexture:Display: Building textures: ShadowMapTexture2D_8 (G8)
[2017.05.16-19.29.24:069][386]LogTexture:Display: Building textures: ShadowMapTexture2D_9 (G8)
[2017.05.16-19.29.24:088][386]Lightmass on MEDION: 46.1 sec total, 1.97 sec importing, 898 ms setup, 15.5 sec photons, 27.6 sec processing, 0 ms extra exporting [24/24 mappings]. Threads: 3:13 min total, 42.1 sec processing.
[2017.05.16-19.29.24:099][386]LogStaticLightingSystem: Illumination: 51.9 sec (918 ms encoding lightmaps, 500 ms encoding shadowmaps)
[2017.05.16-19.29.24:100][386]LogStaticLightingSystem: Lightmap texture memory:  11.4 MB (11.4 MB streaming, 0.0 MB non-streaming), 10 textures
[2017.05.16-19.29.24:100][386]LogStaticLightingSystem: Shadowmap texture memory: 2.9 MB (2.9 MB streaming, 0.0 MB non-streaming), 5 textures
[2017.05.16-19.29.24:383][386]DumpUnbuiltLightIteractions
[2017.05.16-19.29.24:383][386]Lights with unbuilt interactions: 0
[2017.05.16-19.29.24:383][386]
[2017.05.16-19.29.24:383][386]Primitives with unbuilt interactions: 0
[2017.05.16-19.29.24:415][387]Cmd: MAP CHECK NOTIFYRESULTS
[2017.05.16-19.29.24:415][387]MapCheck: New page: Village - May 16, 2017, 11:29:24 PM
[2017.05.16-19.29.24:416][387]MapCheck:Warning: Warning FirstFloor2_5 Static mesh actor has NULL StaticMesh property 
[2017.05.16-19.29.24:416][387]MapCheck:Warning: Warning FirstFloor2_5 Static mesh actor has NULL StaticMesh property 
[2017.05.16-19.29.24:416][387]MapCheck:Warning: Warning FirstFloor_2 Static mesh actor has NULL StaticMesh property 
[2017.05.16-19.29.24:416][387]MapCheck:Warning: Warning FirstFloor_2 Static mesh actor has NULL StaticMesh property 
[2017.05.16-19.29.24:417][387]MapCheck:Warning: Warning Lstairs_5 Static mesh actor has NULL StaticMesh property 
[2017.05.16-19.29.24:417][387]MapCheck:Warning: Warning Lstairs_5 Static mesh actor has NULL StaticMesh property 
[2017.05.16-19.29.24:417][387]MapCheck:Warning: Warning VAN_Size2_11 Static mesh actor has NULL StaticMesh property 
[2017.05.16-19.29.24:417][387]MapCheck:Warning: Warning VAN_Size2_11 Static mesh actor has NULL StaticMesh property 
[2017.05.16-19.29.24:417][387]MapCheck:Warning: Warning VAN_Size_8 Static mesh actor has NULL StaticMesh property 
[2017.05.16-19.29.24:417][387]MapCheck:Warning: Warning VAN_Size_8 Static mesh actor has NULL StaticMesh property 
[2017.05.16-19.29.24:417][387]MapCheck:Warning: Warning VanHouse2Floor_2 Static mesh actor has NULL StaticMesh property 
[2017.05.16-19.29.24:417][387]MapCheck:Warning: Warning VanHouse2Floor_2 Static mesh actor has NULL StaticMesh property 
[2017.05.16-19.29.24:417][387]MapCheck:Warning: Warning VansHouse_5 Static mesh actor has NULL StaticMesh property 
[2017.05.16-19.29.24:418][387]MapCheck:Warning: Warning VansHouse_5 Static mesh actor has NULL StaticMesh property 
[2017.05.16-19.29.24:526][387]MapCheck: Info Map check complete: 0 Error(s), 14 Warning(s), took 110.792ms to complete.
[2017.05.16-19.31.28:041][867]LogEditorViewport: Clicking on Actor (LMB): BP_Sky_Sphere_C (BP_Sky_Sphere)
[2017.05.16-19.31.58:356][290]LogEditorViewport: Clicking on Actor (LMB): StaticMeshActor (VanHousePerspGood)
[2017.05.16-19.32.35:804][276]MapCheck: New page: Map Check
[2017.05.16-19.32.35:820][276]Cmd: MAP REBUILD ALLVISIBLE
[2017.05.16-19.32.35:820][276]LogEditorServer: Rebuildmap Clear paths rebuilt
[2017.05.16-19.32.35:837][276]LightingResults: New page: Lighting Build - May 16, 2017, 11:32:35 PM
[2017.05.16-19.32.35:844][276]LogSwarmInterface: [OpenConnection] Registering TCP channel ...
[2017.05.16-19.32.35:846][276]LogSwarmInterface: [OpenConnection] Connecting to agent ...
[2017.05.16-19.32.35:846][276]LogSwarmInterface: [TryOpenConnection] Testing the Agent
[2017.05.16-19.32.35:847][276]LogSwarmInterface: [TryOpenConnection] Opening Connection to Agent
[2017.05.16-19.32.35:847][276]LogSwarmInterface: [TryOpenConnection] Local Process ID is 10660
[2017.05.16-19.32.41:380][276]LogEditorBuildUtils: Build time 0:05
[2017.05.16-19.32.41:413][276]LogEditorViewport: Clicking on Actor (LMB): StaticMeshActor (VanHousePerspGood)
[2017.05.16-19.32.41:499][276]LogEditorViewport: Clicking on Actor (LMB): StaticMeshActor (VanHousePerspGood)
[2017.05.16-19.32.42:456][332]LogTemp: Repeting last play command: New Editor Window (PIE)
[2017.05.16-19.32.42:484][332]LogPlayLevel: PlayLevel: No blueprints needed recompiling
[2017.05.16-19.32.42:484][332]PIE: New page: PIE session: Village (May 16, 2017, 11:32:42 PM)
[2017.05.16-19.32.42:484][332]LogPlayLevel: Creating play world package: /Game/Levels/UEDPIE_0_Village
[2017.05.16-19.32.42:493][332]LogPlayLevel: PIE: StaticDuplicateObject took: (0.009441s)
[2017.05.16-19.32.42:494][332]LogAIModule: Creating AISystem for world Village
[2017.05.16-19.32.42:494][332]LogPlayLevel: PIE: World Init took: (0.000750s)
[2017.05.16-19.32.42:494][332]LogPlayLevel: PIE: Created PIE world by copying editor world from /Game/Levels/Village.Village to /Game/Levels/UEDPIE_0_Village.Village (0.010411s)
[2017.05.16-19.32.42:516][332]LogInit: XAudio2 using 'Speakers (Realtek High Definition Audio)' : 2 channels at 48 kHz using 32 bits per sample (channel mask 0x3)
[2017.05.16-19.32.42:526][332]LogInit: FAudioDevice initialized.
[2017.05.16-19.32.42:586][332]LogLoad: Game class is 'GameModeBase'
[2017.05.16-19.32.42:591][332]LogWorld: Bringing World /Game/Levels/UEDPIE_0_Village.Village up for play (max tick rate 0) at 2017.05.16-21.32.42
[2017.05.16-19.32.42:591][332]LogWorld: Bringing up level for play took: 0.003587
[2017.05.16-19.32.42:643][332]LogContentBrowser: Native class hierarchy updated for 'MovieSceneCapture' in 0.0006 seconds. Added 11 classes and 0 folders.
[2017.05.16-19.32.42:648][332]PIE: Info Play in editor start time for /Game/Levels/UEDPIE_0_Village -0.469
[2017.05.16-19.32.42:699][332]LogRenderer: Reallocating scene render targets to support 1248x708 NumSamples 1 (Frame:20704).
[2017.05.16-19.34.27:931][188]LogEditorViewport: Clicking on Actor (LMB): BP_Sky_Sphere_C (BP_Sky_Sphere)
[2017.05.16-19.34.29:484][320]LogEditorViewport: Clicking on Actor (LMB): BP_Sky_Sphere_C (BP_Sky_Sphere)
[2017.05.16-19.34.32:722][599]LogSavePackage: Save=77.71ms
[2017.05.16-19.34.32:722][599]LogSavePackage: Moving '../../../../../../ENTI/CUARTO CURSO/VAN/VANsGame/Mechanics/BasicMechanics/Saved/VillageFE1D1B864BFDE512513819975F00B3AC.tmp' to '../../../../../../ENTI/CUARTO CURSO/VAN/VANsGame/Mechanics/BasicMechanics/Content/Levels/Village.umap'
[2017.05.16-19.34.32:724][599]LogSavePackage:Display: Finished SavePackage ../../../../../../ENTI/CUARTO CURSO/VAN/VANsGame/Mechanics/BasicMechanics/Content/Levels/Village.umap
[2017.05.16-19.34.32:774][599]LogFileHelpers: Saving map 'Village' took 0.259
[2017.05.16-19.34.32:777][599]Cmd: OBJ SAVEPACKAGE PACKAGE="/Game/Levels/Village_BuiltData" FILE="../../../../../../ENTI/CUARTO CURSO/VAN/VANsGame/Mechanics/BasicMechanics/Content/Levels/Village_BuiltData.uasset" SILENT=true
[2017.05.16-19.34.33:013][599]LogSavePackage: Save=228.71ms
[2017.05.16-19.34.33:013][599]LogSavePackage: Moving '../../../../../../ENTI/CUARTO CURSO/VAN/VANsGame/Mechanics/BasicMechanics/Saved/Village_BuiltData3BE14DD04E705CEB1C7283A8998CB8DE.tmp' to '../../../../../../ENTI/CUARTO CURSO/VAN/VANsGame/Mechanics/BasicMechanics/Content/Levels/Village_BuiltData.uasset'
[2017.05.16-19.34.33:015][599]LogSavePackage:Display: Finished SavePackage ../../../../../../ENTI/CUARTO CURSO/VAN/VANsGame/Mechanics/BasicMechanics/Content/Levels/Village_BuiltData.uasset
[2017.05.16-19.34.36:343][846]Cmd: QUIT_EDITOR
[2017.05.16-19.34.37:497][846]LogWindowsTextInputMethodSystem:Display: IME system now deactivated.
[2017.05.16-19.34.37:552][846]LogExit: Preparing to exit.
[2017.05.16-19.34.37:858][846]LogDirectoryWatcher: A directory notification for 'D:/ENTI/CUARTO CURSO/VAN/VANsGame/Mechanics/BasicMechanics/Content/' was aborted.
[2017.05.16-19.34.37:933][846]LogExit: Editor shut down
[2017.05.16-19.34.37:933][846]LogExit: Transaction tracking system shut down
[2017.05.16-19.34.38:580][846]LogObj: Freed 0b from 0 cluster array pools.
[2017.05.16-19.34.38:580][846]LogExit: Object subsystem successfully closed.
[2017.05.16-19.34.38:684][846]LogD3D11RHI: Shutdown
[2017.05.16-19.34.38:684][846]LogD3D11RHI: CleanupD3DDevice
[2017.05.16-19.34.38:940][846]LogD3D11RHI: ~FD3D11DynamicRHI
[2017.05.16-19.34.39:039][846]LogHttp:Display: Http module shutting down, but needs to wait on 1 outstanding Http requests:
[2017.05.16-19.34.39:039][846]LogHttp:Display: 	verb=[POST] url=[https://datarouter.ol.epicgames.com/datarouter/api/v1/public/data?SessionID=%7B237251B2-4E2E-16D0-CB3E-76BB6AE140E2%7D&AppID=UEEditor.Rocket.Release&AppVersion=4.14.3-3249277%2B%2B%2BUE4%2BRelease-4.14&UserID=0d0df4064de62c4106867f8e532c4afa%7Ca87b32ece6994b04a16f0bd7f6ed0b63%7C1e0b2d71-ee1b-4c2e-b608-ea3b2fb8f85c&AppEnvironment=datacollector-binary&UploadType=eteventstream] status=Processing
[2017.05.16-19.34.39:075][846]LogModuleManager: Shutting down and abandoning module MovieSceneCapture (243)
[2017.05.16-19.34.39:075][846]LogModuleManager: Shutting down and abandoning module HierarchicalLODUtilities (242)
[2017.05.16-19.34.39:075][846]LogModuleManager: Shutting down and abandoning module HierarchicalLODOutliner (241)
[2017.05.16-19.34.39:075][846]LogModuleManager: Shutting down and abandoning module CrashTracker (240)
[2017.05.16-19.34.39:075][846]LogModuleManager: Shutting down and abandoning module SceneOutliner (239)
[2017.05.16-19.34.39:075][846]LogModuleManager: Shutting down and abandoning module WidgetCarousel (238)
[2017.05.16-19.34.39:075][846]LogModuleManager: Shutting down and abandoning module AddContentDialog (237)
[2017.05.16-19.34.39:076][846]LogDirectoryWatcher: A directory notification for 'D:/Program Files/Epic Games/4.14/FeaturePacks/' was aborted.
[2017.05.16-19.34.39:076][846]LogModuleManager: Shutting down and abandoning module GameplayTags (236)
[2017.05.16-19.34.39:076][846]LogModuleManager: Shutting down and abandoning module EditorWidgets (235)
[2017.05.16-19.34.39:076][846]LogModuleManager: Shutting down and abandoning module CollectionManager (234)
[2017.05.16-19.34.39:076][846]LogDirectoryWatcher: A directory notification for 'D:/ENTI/CUARTO CURSO/VAN/VANsGame/Mechanics/BasicMechanics/Content/Collections/' was aborted.
[2017.05.16-19.34.39:076][846]LogDirectoryWatcher: A directory notification for 'D:/ENTI/CUARTO CURSO/VAN/VANsGame/Mechanics/BasicMechanics/Content/Developers/Usuario/Collections/' was aborted.
[2017.05.16-19.34.39:077][846]LogDirectoryWatcher: A directory notification for 'D:/ENTI/CUARTO CURSO/VAN/VANsGame/Mechanics/BasicMechanics/Saved/Collections/' was aborted.
[2017.05.16-19.34.39:077][846]LogModuleManager: Shutting down and abandoning module StatsViewer (233)
[2017.05.16-19.34.39:077][846]LogModuleManager: Shutting down and abandoning module FoliageEdit (232)
[2017.05.16-19.34.39:077][846]LogModuleManager: Shutting down and abandoning module LandscapeEditor (231)
[2017.05.16-19.34.39:089][846]LogModuleManager: Shutting down and abandoning module SceneDepthPickerMode (230)
[2017.05.16-19.34.39:089][846]LogModuleManager: Shutting down and abandoning module ActorPickerMode (229)
[2017.05.16-19.34.39:089][846]LogModuleManager: Shutting down and abandoning module GeometryMode (228)
[2017.05.16-19.34.39:089][846]LogModuleManager: Shutting down and abandoning module TextureAlignMode (227)
[2017.05.16-19.34.39:089][846]LogModuleManager: Shutting down and abandoning module BspMode (226)
[2017.05.16-19.34.39:090][846]LogModuleManager: Shutting down and abandoning module HardwareSurvey (225)
[2017.05.16-19.34.39:090][846]LogModuleManager: Shutting down and abandoning module SequenceRecorderSections (224)
[2017.05.16-19.34.39:090][846]LogModuleManager: Shutting down and abandoning module AutomationWorker (223)
[2017.05.16-19.34.39:090][846]LogModuleManager: Shutting down and abandoning module MatineeToLevelSequence (222)
[2017.05.16-19.34.39:090][846]LogModuleManager: Shutting down and abandoning module PlacementMode (221)
[2017.05.16-19.34.39:097][846]LogModuleManager: Shutting down and abandoning module LevelSequenceEditor (220)
[2017.05.16-19.34.39:097][846]LogModuleManager: Shutting down and abandoning module WmfMediaFactory (219)
[2017.05.16-19.34.39:097][846]LogModuleManager: Shutting down and abandoning module WmfMediaEditor (218)
[2017.05.16-19.34.39:097][846]LogModuleManager: Shutting down and abandoning module AvfMediaFactory (217)
[2017.05.16-19.34.39:097][846]LogModuleManager: Shutting down and abandoning module AvfMediaEditor (216)
[2017.05.16-19.34.39:097][846]LogModuleManager: Shutting down and abandoning module Media (215)
[2017.05.16-19.34.39:097][846]LogModuleManager: Shutting down and abandoning module AndroidMediaFactory (214)
[2017.05.16-19.34.39:097][846]LogModuleManager: Shutting down and abandoning module AndroidMediaEditor (213)
[2017.05.16-19.34.39:097][846]LogModuleManager: Shutting down and abandoning module CharacterAI (212)
[2017.05.16-19.34.39:097][846]LogModuleManager: Shutting down and abandoning module SequenceRecorder (211)
[2017.05.16-19.34.39:098][846]LogModuleManager: Shutting down and abandoning module AudioCapture (210)
[2017.05.16-19.34.39:098][846]LogModuleManager: Shutting down and abandoning module SmartSnapping (209)
[2017.05.16-19.34.39:098][846]LogModuleManager: Shutting down and abandoning module SessionServices (208)
[2017.05.16-19.34.39:098][846]LogModuleManager: Shutting down and abandoning module ViewportSnapping (207)
[2017.05.16-19.34.39:098][846]LogModuleManager: Shutting down and abandoning module ViewportInteraction (206)
[2017.05.16-19.34.39:098][846]LogModuleManager: Shutting down and abandoning module LogVisualizer (205)
[2017.05.16-19.34.39:112][846]LogModuleManager: Shutting down and abandoning module GameProjectGeneration (204)
[2017.05.16-19.34.39:124][846]LogModuleManager: Shutting down and abandoning module IntroTutorials (203)
[2017.05.16-19.34.39:132][846]LogModuleManager: Shutting down and abandoning module EditorLiveStreaming (202)
[2017.05.16-19.34.39:132][846]LogModuleManager: Shutting down and abandoning module IOSPlatformEditor (201)
[2017.05.16-19.34.39:132][846]LogModuleManager: Shutting down and abandoning module HTML5PlatformEditor (200)
[2017.05.16-19.34.39:132][846]LogModuleManager: Shutting down and abandoning module AndroidDeviceDetection (199)
[2017.05.16-19.34.39:648][846]LogModuleManager: Shutting down and abandoning module AndroidPlatformEditor (198)
[2017.05.16-19.34.39:648][846]LogModuleManager: Shutting down and abandoning module IOSRuntimeSettings (197)
[2017.05.16-19.34.39:649][846]LogModuleManager: Shutting down and abandoning module AndroidRuntimeSettings (196)
[2017.05.16-19.34.39:649][846]LogModuleManager: Shutting down and abandoning module InputBindingEditor (195)
[2017.05.16-19.34.39:649][846]LogModuleManager: Shutting down and abandoning module NiagaraEditor (194)
[2017.05.16-19.34.39:707][846]LogModuleManager: Shutting down and abandoning module MergeActors (193)
[2017.05.16-19.34.39:707][846]LogModuleManager: Shutting down and abandoning module SizeMap (192)
[2017.05.16-19.34.39:707][846]LogModuleManager: Shutting down and abandoning module TreeMap (191)
[2017.05.16-19.34.39:707][846]LogModuleManager: Shutting down and abandoning module ReferenceViewer (190)
[2017.05.16-19.34.39:707][846]LogModuleManager: Shutting down and abandoning module LocalizationService (189)
[2017.05.16-19.34.39:707][846]LogModuleManager: Shutting down and abandoning module LocalizationDashboard (188)
[2017.05.16-19.34.39:707][846]LogModuleManager: Shutting down and abandoning module HardwareTargeting (187)
[2017.05.16-19.34.39:707][846]LogModuleManager: Shutting down and abandoning module DeviceProfileEditor (186)
[2017.05.16-19.34.39:707][846]LogModuleManager: Shutting down and abandoning module UndoHistory (185)
[2017.05.16-19.34.39:707][846]LogModuleManager: Shutting down and abandoning module UserFeedback (184)
[2017.05.16-19.34.39:707][846]LogModuleManager: Shutting down and abandoning module XmlParser (183)
[2017.05.16-19.34.39:707][846]LogModuleManager: Shutting down and abandoning module Blutility (182)
[2017.05.16-19.34.39:707][846]LogModuleManager: Shutting down and abandoning module ProjectTargetPlatformEditor (181)
[2017.05.16-19.34.39:708][846]LogModuleManager: Shutting down and abandoning module ProjectSettingsViewer (180)
[2017.05.16-19.34.39:708][846]LogModuleManager: Shutting down and abandoning module EditorSettingsViewer (179)
[2017.05.16-19.34.39:708][846]LogModuleManager: Shutting down and abandoning module SettingsEditor (178)
[2017.05.16-19.34.39:708][846]LogModuleManager: Shutting down and abandoning module ProjectLauncher (177)
[2017.05.16-19.34.39:713][846]LogModuleManager: Shutting down and abandoning module SessionFrontend (176)
[2017.05.16-19.34.39:713][846]LogModuleManager: Shutting down and abandoning module ProfilerClient (175)
[2017.05.16-19.34.39:713][846]LogModuleManager: Shutting down and abandoning module TargetDeviceServices (174)
[2017.05.16-19.34.39:713][846]LogModuleManager: Shutting down and abandoning module DeviceManager (173)
[2017.05.16-19.34.39:766][846]LogModuleManager: Shutting down and abandoning module AutomationController (172)
[2017.05.16-19.34.39:766][846]LogModuleManager: Shutting down and abandoning module AutomationWindow (171)
[2017.05.16-19.34.39:781][846]LogModuleManager: Shutting down and abandoning module Layers (170)
[2017.05.16-19.34.39:781][846]LogModuleManager: Shutting down and abandoning module ComponentVisualizers (169)
[2017.05.16-19.34.39:781][846]LogModuleManager: Shutting down and abandoning module DetailCustomizations (168)
[2017.05.16-19.34.39:792][846]LogModuleManager: Shutting down and abandoning module PackagesDialog (167)
[2017.05.16-19.34.39:792][846]LogModuleManager: Shutting down and abandoning module AnimGraph (166)
[2017.05.16-19.34.39:792][846]LogModuleManager: Shutting down and abandoning module Persona (165)
[2017.05.16-19.34.39:810][846]LogModuleManager: Shutting down and abandoning module Kismet (164)
[2017.05.16-19.34.39:811][846]LogModuleManager: Shutting down and abandoning module GraphEditor (163)
[2017.05.16-19.34.39:833][846]LogModuleManager: Shutting down and abandoning module ClassViewer (162)
[2017.05.16-19.34.39:833][846]LogModuleManager: Shutting down and abandoning module Toolbox (161)
[2017.05.16-19.34.39:833][846]LogModuleManager: Shutting down and abandoning module ModuleUI (160)
[2017.05.16-19.34.39:833][846]LogModuleManager: Shutting down and abandoning module MovieSceneTools (159)
[2017.05.16-19.34.39:846][846]LogModuleManager: Shutting down and abandoning module OutputLog (158)
[2017.05.16-19.34.39:846][846]LogModuleManager: Shutting down and abandoning module GammaUI (157)
[2017.05.16-19.34.39:846][846]LogModuleManager: Shutting down and abandoning module Documentation (156)
[2017.05.16-19.34.39:846][846]LogModuleManager: Shutting down and abandoning module Niagara (155)
[2017.05.16-19.34.39:846][846]LogModuleManager: Shutting down and abandoning module StreamingPauseRendering (154)
[2017.05.16-19.34.39:846][846]LogModuleManager: Shutting down and abandoning module AnalyticsET (153)
[2017.05.16-19.34.39:846][846]LogModuleManager: Shutting down and abandoning module PortalServices (152)
[2017.05.16-19.34.39:846][846]LogModuleManager: Shutting down and abandoning module PortalRpc (151)
[2017.05.16-19.34.39:846][846]LogModuleManager: Shutting down and abandoning module MessagingRpc (150)
[2017.05.16-19.34.39:846][846]LogModuleManager: Shutting down and abandoning module GameplayDebugger (149)
[2017.05.16-19.34.39:846][846]LogModuleManager: Shutting down and abandoning module AITestSuite (148)
[2017.05.16-19.34.39:847][846]LogModuleManager: Shutting down and abandoning module AIModule (147)
[2017.05.16-19.34.39:847][846]LogModuleManager: Shutting down and abandoning module ProfilerService (146)
[2017.05.16-19.34.40:014][846]LogModuleManager: Shutting down and abandoning module TaskGraph (145)
[2017.05.16-19.34.40:015][846]LogModuleManager: Shutting down and abandoning module SlateRemote (144)
[2017.05.16-19.34.40:015][846]LogModuleManager: Shutting down and abandoning module SteamVRController (143)
[2017.05.16-19.34.40:015][846]LogModuleManager: Shutting down and abandoning module SteamVR (142)
[2017.05.16-19.34.40:015][846]LogModuleManager: Shutting down and abandoning module ProceduralMeshComponentEditor (141)
[2017.05.16-19.34.40:015][846]LogModuleManager: Shutting down and abandoning module ProceduralMeshComponent (140)
[2017.05.16-19.34.40:015][846]LogModuleManager: Shutting down and abandoning module OculusLibrary (139)
[2017.05.16-19.34.40:015][846]LogModuleManager: Shutting down and abandoning module OculusInput (138)
[2017.05.16-19.34.40:015][846]LogModuleManager: Shutting down and abandoning module MobilePatchingUtils (137)
[2017.05.16-19.34.40:015][846]LogModuleManager: Shutting down and abandoning module CustomMeshComponent (136)
[2017.05.16-19.34.40:015][846]LogModuleManager: Shutting down and abandoning module CableComponent (135)
[2017.05.16-19.34.40:015][846]LogModuleManager: Shutting down and abandoning module ArchVisCharacter (134)
[2017.05.16-19.34.40:015][846]LogModuleManager: Shutting down and abandoning module MediaPlayerEditor (132)
[2017.05.16-19.34.40:029][846]LogModuleManager: Shutting down and abandoning module HTML5Networking (131)
[2017.05.16-19.34.40:029][846]LogModuleManager: Shutting down and abandoning module GeometryCacheEd (130)
[2017.05.16-19.34.40:029][846]LogModuleManager: Shutting down and abandoning module GeometryCache (129)
[2017.05.16-19.34.40:029][846]LogModuleManager: Shutting down and abandoning module AlembicLibrary (128)
[2017.05.16-19.34.40:029][846]LogModuleManager: Shutting down and abandoning module AlembicImporter (127)
[2017.05.16-19.34.40:029][846]LogModuleManager: Shutting down and abandoning module SuperSearch (126)
[2017.05.16-19.34.40:029][846]LogModuleManager: Shutting down and abandoning module SuperSearchEditor (125)
[2017.05.16-19.34.40:029][846]LogModuleManager: Shutting down and abandoning module SpeedTreeImporter (124)
[2017.05.16-19.34.40:029][846]LogModuleManager: Shutting down and abandoning module PluginBrowser (123)
[2017.05.16-19.34.40:029][846]LogModuleManager: Shutting down and abandoning module MobileLauncherProfileWizard (122)
[2017.05.16-19.34.40:029][846]LogModuleManager: Shutting down and abandoning module EpicSurvey (121)
[2017.05.16-19.34.40:029][846]LogModuleManager: Shutting down and abandoning module DesktopPlatform (120)
[2017.05.16-19.34.40:029][846]LogModuleManager: Shutting down and abandoning module VisualStudioSourceCodeAccess (119)
[2017.05.16-19.34.40:029][846]LogModuleManager: Shutting down and abandoning module UObjectPlugin (118)
[2017.05.16-19.34.40:029][846]LogModuleManager: Shutting down and abandoning module SubversionSourceControl (117)
[2017.05.16-19.34.40:029][846]LogModuleManager: Shutting down and abandoning module PerforceSourceControl (116)
[2017.05.16-19.34.40:029][846]LogModuleManager: Shutting down and abandoning module SourceControl (115)
[2017.05.16-19.34.40:029][846]LogModuleManager: Shutting down and abandoning module GitSourceControl (114)
[2017.05.16-19.34.40:029][846]LogModuleManager: Shutting down and abandoning module LightPropagationVolumeEditor (113)
[2017.05.16-19.34.40:029][846]LogModuleManager: Shutting down and abandoning module PaperTiledImporter (112)
[2017.05.16-19.34.40:029][846]LogModuleManager: Shutting down and abandoning module PaperSpriteSheetImporter (111)
[2017.05.16-19.34.40:029][846]LogModuleManager: Shutting down and abandoning module MeshPaint (110)
[2017.05.16-19.34.40:030][846]LogModuleManager: Shutting down and abandoning module PixelInspectorModule (109)
[2017.05.16-19.34.40:030][846]LogModuleManager: Shutting down and abandoning module HotReload (108)
[2017.05.16-19.34.40:030][846]LogModuleManager: Shutting down and abandoning module MainFrame (107)
[2017.05.16-19.34.40:030][846]LogModuleManager: Shutting down and abandoning module LevelEditor (106)
[2017.05.16-19.34.40:031][846]LogModuleManager: Shutting down and abandoning module ContentBrowser (105)
[2017.05.16-19.34.40:032][846]LogModuleManager: Shutting down and abandoning module Paper2DEditor (104)
[2017.05.16-19.34.40:033][846]LogModuleManager: Shutting down and abandoning module UdpMessaging (103)
[2017.05.16-19.34.40:133][846]LogModuleManager: Shutting down and abandoning module TcpMessaging (102)
[2017.05.16-19.34.40:233][846]LogModuleManager: Shutting down and abandoning module LightPropagationVolumeRuntime (101)
[2017.05.16-19.34.40:233][846]LogModuleManager: Shutting down and abandoning module Paper2D (100)
[2017.05.16-19.34.40:233][846]LogModuleManager: Shutting down and abandoning module WindowsMoviePlayer (99)
[2017.05.16-19.34.40:233][846]LogModuleManager: Shutting down and abandoning module WmfMedia (98)
[2017.05.16-19.34.40:233][846]LogModuleManager: Shutting down and abandoning module MediaAssets (97)
[2017.05.16-19.34.40:233][846]LogModuleManager: Shutting down and abandoning module GameLiveStreaming (96)
[2017.05.16-19.34.40:234][846]LogModuleManager: Shutting down and abandoning module GameplayTagsEditor (95)
[2017.05.16-19.34.40:234][846]LogModuleManager: Shutting down and abandoning module VREditor (94)
[2017.05.16-19.34.40:234][846]LogModuleManager: Shutting down and abandoning module GameplayTasksEditor (93)
[2017.05.16-19.34.40:234][846]LogModuleManager: Shutting down and abandoning module BehaviorTreeEditor (92)
[2017.05.16-19.34.40:261][846]LogModuleManager: Shutting down and abandoning module FunctionalTesting (91)
[2017.05.16-19.34.40:261][846]LogModuleManager: Shutting down and abandoning module CollisionAnalyzer (90)
[2017.05.16-19.34.40:262][846]LogModuleManager: Shutting down and abandoning module Sequencer (89)
[2017.05.16-19.34.40:279][846]LogModuleManager: Shutting down and abandoning module WorkspaceMenuStructure (88)
[2017.05.16-19.34.40:279][846]LogModuleManager: Shutting down and abandoning module MessageLog (87)
[2017.05.16-19.34.40:279][846]LogModuleManager: Shutting down and abandoning module AssetTools (86)
[2017.05.16-19.34.40:287][846]LogModuleManager: Shutting down and abandoning module UMGEditor (85)
[2017.05.16-19.34.40:309][846]LogModuleManager: Shutting down and abandoning module UMG (84)
[2017.05.16-19.34.40:334][846]LogModuleManager: Shutting down and abandoning module SlateReflector (83)
[2017.05.16-19.34.40:356][846]LogModuleManager: Shutting down and abandoning module Slate (82)
[2017.05.16-19.34.40:356][846]LogModuleManager: Shutting down and abandoning module EditorStyle (81)
[2017.05.16-19.34.40:359][846]LogModuleManager: Shutting down and abandoning module SourceCodeAccess (80)
[2017.05.16-19.34.40:359][846]LogModuleManager: Shutting down and abandoning module HeadMountedDisplay (79)
[2017.05.16-19.34.40:360][846]LogModuleManager: Shutting down and abandoning module XAudio2 (78)
[2017.05.16-19.34.40:360][846]LogModuleManager: Shutting down and abandoning module Networking (76)
[2017.05.16-19.34.40:360][846]LogModuleManager: Shutting down and abandoning module Core (75)
[2017.05.16-19.34.40:360][846]LogModuleManager: Shutting down and abandoning module DirectoryWatcher (74)
[2017.05.16-19.34.40:360][846]LogDirectoryWatcher: A directory notification for '../../../Engine/Content/' was aborted.
[2017.05.16-19.34.40:360][846]LogDirectoryWatcher: A directory notification for '../../../../../../ENTI/CUARTO CURSO/VAN/VANsGame/Mechanics/BasicMechanics/Content/' was aborted.
[2017.05.16-19.34.40:360][846]LogDirectoryWatcher: A directory notification for '../../../Engine/Plugins/2D/Paper2D/Content/' was aborted.
[2017.05.16-19.34.40:361][846]LogModuleManager: Shutting down and abandoning module AssetRegistry (73)
[2017.05.16-19.34.40:528][846]LogModuleManager: Shutting down and abandoning module KismetCompiler (72)
[2017.05.16-19.34.40:528][846]LogModuleManager: Shutting down and abandoning module PhysXFormats (71)
[2017.05.16-19.34.40:528][846]LogModuleManager: Shutting down and abandoning module SimplygonSwarm (70)
[2017.05.16-19.34.40:528][846]LogModuleManager: Shutting down and abandoning module SimplygonMeshReduction (69)
[2017.05.16-19.34.40:528][846]LogModuleManager: Shutting down and abandoning module QuadricMeshReduction (68)
[2017.05.16-19.34.40:528][846]LogModuleManager: Shutting down and abandoning module PropertyEditor (67)
[2017.05.16-19.34.40:528][846]LogModuleManager: Shutting down and abandoning module MeshUtilities (66)
[2017.05.16-19.34.40:528][846]LogModuleManager: Shutting down and abandoning module DerivedDataCache (65)
[2017.05.16-19.34.40:576][846]LogDerivedDataCache: Shutdown
[2017.05.16-19.34.40:576][846]LogModuleManager: Shutting down and abandoning module VulkanShaderFormat (64)
[2017.05.16-19.34.40:577][846]LogModuleManager: Shutting down and abandoning module ShaderFormatOpenGL (63)
[2017.05.16-19.34.40:577][846]LogModuleManager: Shutting down and abandoning module ShaderFormatD3D (62)
[2017.05.16-19.34.40:577][846]LogModuleManager: Shutting down and abandoning module MetalShaderFormat (61)
[2017.05.16-19.34.40:577][846]LogModuleManager: Shutting down and abandoning module TextureFormatUncompressed (60)
[2017.05.16-19.34.40:577][846]LogModuleManager: Shutting down and abandoning module TextureFormatPVR (59)
[2017.05.16-19.34.40:577][846]LogModuleManager: Shutting down and abandoning module TextureFormatDXT (58)
[2017.05.16-19.34.40:577][846]LogModuleManager: Shutting down and abandoning module TextureFormatIntelISPCTexComp (57)
[2017.05.16-19.34.40:577][846]LogModuleManager: Shutting down and abandoning module ImageWrapper (56)
[2017.05.16-19.34.40:577][846]LogModuleManager: Shutting down and abandoning module TextureFormatASTC (55)
[2017.05.16-19.34.40:577][846]LogModuleManager: Shutting down and abandoning module TextureFormatAndroid (54)
[2017.05.16-19.34.40:577][846]LogModuleManager: Shutting down and abandoning module AudioFormatOpus (53)
[2017.05.16-19.34.40:577][846]LogModuleManager: Shutting down and abandoning module AudioFormatOgg (52)
[2017.05.16-19.34.40:577][846]LogModuleManager: Shutting down and abandoning module AudioFormatADPCM (51)
[2017.05.16-19.34.40:577][846]LogModuleManager: Shutting down and abandoning module LinuxTargetPlatform (50)
[2017.05.16-19.34.40:577][846]LogModuleManager: Shutting down and abandoning module LinuxServerTargetPlatform (49)
[2017.05.16-19.34.40:577][846]LogModuleManager: Shutting down and abandoning module LinuxNoEditorTargetPlatform (48)
[2017.05.16-19.34.40:577][846]LogModuleManager: Shutting down and abandoning module LinuxClientTargetPlatform (47)
[2017.05.16-19.34.40:577][846]LogModuleManager: Shutting down and abandoning module TVOSTargetPlatform (46)
[2017.05.16-19.34.40:577][846]LogModuleManager: Shutting down and abandoning module Messaging (45)
[2017.05.16-19.34.40:577][846]LogModuleManager: Shutting down and abandoning module IOSTargetPlatform (44)
[2017.05.16-19.34.40:577][846]LogModuleManager: Shutting down and abandoning module HTML5TargetPlatform (43)
[2017.05.16-19.34.40:577][846]LogModuleManager: Shutting down and abandoning module Android_PVRTCTargetPlatform (42)
[2017.05.16-19.34.40:577][846]LogModuleManager: Shutting down and abandoning module Android_MultiTargetPlatform (41)
[2017.05.16-19.34.40:577][846]LogModuleManager: Shutting down and abandoning module Android_ETC2TargetPlatform (40)
[2017.05.16-19.34.40:577][846]LogModuleManager: Shutting down and abandoning module Android_ETC1TargetPlatform (39)
[2017.05.16-19.34.40:577][846]LogModuleManager: Shutting down and abandoning module Android_DXTTargetPlatform (38)
[2017.05.16-19.34.40:577][846]LogModuleManager: Shutting down and abandoning module Android_ATCTargetPlatform (37)
[2017.05.16-19.34.40:577][846]LogModuleManager: Shutting down and abandoning module Android_ASTCTargetPlatform (36)
[2017.05.16-19.34.40:577][846]LogModuleManager: Shutting down and abandoning module AndroidTargetPlatform (35)
[2017.05.16-19.34.40:578][846]LogModuleManager: Shutting down and abandoning module WindowsTargetPlatform (34)
[2017.05.16-19.34.40:578][846]LogModuleManager: Shutting down and abandoning module WindowsServerTargetPlatform (33)
[2017.05.16-19.34.40:578][846]LogModuleManager: Shutting down and abandoning module WindowsNoEditorTargetPlatform (32)
[2017.05.16-19.34.40:578][846]LogModuleManager: Shutting down and abandoning module WindowsClientTargetPlatform (31)
[2017.05.16-19.34.40:578][846]LogModuleManager: Shutting down and abandoning module MacTargetPlatform (30)
[2017.05.16-19.34.40:578][846]LogModuleManager: Shutting down and abandoning module MacServerTargetPlatform (29)
[2017.05.16-19.34.40:578][846]LogModuleManager: Shutting down and abandoning module MacNoEditorTargetPlatform (28)
[2017.05.16-19.34.40:578][846]LogModuleManager: Shutting down and abandoning module MacClientTargetPlatform (27)
[2017.05.16-19.34.40:578][846]LogModuleManager: Shutting down and abandoning module AllDesktopTargetPlatform (26)
[2017.05.16-19.34.40:578][846]LogModuleManager: Shutting down and abandoning module TargetPlatform (25)
[2017.05.16-19.34.40:578][846]LogModuleManager: Shutting down and abandoning module InputCore (24)
[2017.05.16-19.34.40:578][846]LogModuleManager: Shutting down and abandoning module Settings (23)
[2017.05.16-19.34.40:578][846]LogModuleManager: Shutting down and abandoning module OculusRift (22)
[2017.05.16-19.34.40:578][846]LogModuleManager: Shutting down and abandoning module ExampleDeviceProfileSelector (21)
[2017.05.16-19.34.40:578][846]LogModuleManager: Shutting down and abandoning module OnlineBlueprintSupport (20)
[2017.05.16-19.34.40:578][846]LogModuleManager: Shutting down and abandoning module OnlineSubsystem (18)
[2017.05.16-19.34.40:578][846]LogOnline:Display: Unloading online subsystem: NULL
[2017.05.16-19.34.40:578][846]LogModuleManager: Shutting down and abandoning module SSL (17)
[2017.05.16-19.34.40:581][846]LogModuleManager: Shutting down and abandoning module HTTP (16)
[2017.05.16-19.34.40:581][846]LogModuleManager: Shutting down and abandoning module XMPP (15)
[2017.05.16-19.34.40:581][846]LogModuleManager: Shutting down and abandoning module TextureCompressor (14)
[2017.05.16-19.34.40:581][846]LogModuleManager: Shutting down and abandoning module ShaderCore (13)
[2017.05.16-19.34.40:581][846]LogModuleManager: Shutting down and abandoning module Landscape (12)
[2017.05.16-19.34.40:581][846]LogModuleManager: Shutting down and abandoning module SlateRHIRenderer (11)
[2017.05.16-19.34.40:583][846]LogModuleManager: Shutting down and abandoning module OpenGLDrv (10)
[2017.05.16-19.34.40:583][846]LogModuleManager: Shutting down and abandoning module D3D11RHI (9)
[2017.05.16-19.34.40:583][846]LogModuleManager: Shutting down and abandoning module AnimGraphRuntime (8)
[2017.05.16-19.34.40:583][846]LogModuleManager: Shutting down and abandoning module Renderer (7)
[2017.05.16-19.34.40:594][846]LogModuleManager: Shutting down and abandoning module Engine (6)
[2017.05.16-19.34.40:594][846]LogModuleManager: Shutting down and abandoning module CoreUObject (5)
[2017.05.16-19.34.40:594][846]LogModuleManager: Shutting down and abandoning module NetworkFile (4)
[2017.05.16-19.34.40:594][846]LogModuleManager: Shutting down and abandoning module StreamingFile (3)
[2017.05.16-19.34.40:594][846]LogModuleManager: Shutting down and abandoning module SandboxFile (2)
[2017.05.16-19.34.40:594][846]LogModuleManager: Shutting down and abandoning module PakFile (1)
[2017.05.16-19.34.40:627][846]LogExit: Exiting.
[2017.05.16-19.34.40:668][846]Log file closed, 05/16/17 21:34:40
