Log file open, 12/12/16 10:22:36
LogInit:Display: Running engine for game: BasicMechanics
LogPlatformFile: Not using cached read wrapper
LogInit:Display: RandInit(537140325) SRandInit(537140325).
LogTaskGraph: Started task graph with 5 named threads and 9 total threads with 1 sets of task threads.
LogStats: Stats thread started at 0.083337
LogPluginManager: Loaded Plugin Paper2D, From C:/Program Files (x86)/Epic Games/4.13/Engine/Plugins/2D/Paper2D/Paper2D.uplugin
LogPluginManager: Loaded Plugin LightPropagationVolume, From C:/Program Files (x86)/Epic Games/4.13/Engine/Plugins/Blendables/LightPropagationVolume/LightPropagationVolume.uplugin
LogPluginManager: Loaded Plugin BlankPlugin, From C:/Program Files (x86)/Epic Games/4.13/Engine/Plugins/Developer/BlankPlugin/BlankPlugin.uplugin
LogPluginManager: Loaded Plugin CodeLiteSourceCodeAccess, From C:/Program Files (x86)/Epic Games/4.13/Engine/Plugins/Developer/CodeLiteSourceCodeAccess/CodeLiteSourceCodeAccess.uplugin
LogPluginManager: Loaded Plugin GitSourceControl, From C:/Program Files (x86)/Epic Games/4.13/Engine/Plugins/Developer/GitSourceControl/GitSourceControl.uplugin
LogPluginManager: Loaded Plugin KDevelopSourceCodeAccess, From C:/Program Files (x86)/Epic Games/4.13/Engine/Plugins/Developer/KDevelopSourceCodeAccess/KDevelopSourceCodeAccess.uplugin
LogPluginManager: Loaded Plugin NullSourceCodeAccess, From C:/Program Files (x86)/Epic Games/4.13/Engine/Plugins/Developer/NullSourceCodeAccess/NullSourceCodeAccess.uplugin
LogPluginManager: Loaded Plugin OneSkyLocalizationService, From C:/Program Files (x86)/Epic Games/4.13/Engine/Plugins/Developer/OneSkyLocalizationService/OneSkyLocalizationService.uplugin
LogPluginManager: Loaded Plugin PerforceSourceControl, From C:/Program Files (x86)/Epic Games/4.13/Engine/Plugins/Developer/PerforceSourceControl/PerforceSourceControl.uplugin
LogPluginManager: Loaded Plugin SubversionSourceControl, From C:/Program Files (x86)/Epic Games/4.13/Engine/Plugins/Developer/SubversionSourceControl/SubversionSourceControl.uplugin
LogPluginManager: Loaded Plugin UObjectPlugin, From C:/Program Files (x86)/Epic Games/4.13/Engine/Plugins/Developer/UObjectPlugin/UObjectPlugin.uplugin
LogPluginManager: Loaded Plugin VisualStudioSourceCodeAccess, From C:/Program Files (x86)/Epic Games/4.13/Engine/Plugins/Developer/VisualStudioSourceCodeAccess/VisualStudioSourceCodeAccess.uplugin
LogPluginManager: Loaded Plugin XCodeSourceCodeAccess, From C:/Program Files (x86)/Epic Games/4.13/Engine/Plugins/Developer/XCodeSourceCodeAccess/XCodeSourceCodeAccess.uplugin
LogPluginManager: Loaded Plugin EpicSurvey, From C:/Program Files (x86)/Epic Games/4.13/Engine/Plugins/Editor/EpicSurvey/EpicSurvey.uplugin
LogPluginManager: Loaded Plugin MacGraphicsSwitching, From C:/Program Files (x86)/Epic Games/4.13/Engine/Plugins/Editor/MacGraphicsSwitching/MacGraphicsSwitching.uplugin
LogPluginManager: Loaded Plugin MobileLauncherProfileWizard, From C:/Program Files (x86)/Epic Games/4.13/Engine/Plugins/Editor/MobileLauncherProfileWizard/MobileLauncherProfileWizard.uplugin
LogPluginManager: Loaded Plugin PluginBrowser, From C:/Program Files (x86)/Epic Games/4.13/Engine/Plugins/Editor/PluginBrowser/PluginBrowser.uplugin
LogPluginManager: Loaded Plugin SpeedTreeImporter, From C:/Program Files (x86)/Epic Games/4.13/Engine/Plugins/Editor/SpeedTreeImporter/SpeedTreeImporter.uplugin
LogPluginManager: Loaded Plugin SuperSearchEditor, From C:/Program Files (x86)/Epic Games/4.13/Engine/Plugins/Editor/SuperSearchEditor/SuperSearchEditor.uplugin
LogPluginManager: Loaded Plugin AlembicImporter, From C:/Program Files (x86)/Epic Games/4.13/Engine/Plugins/Experimental/AlembicImporter/AlembicImporter.uplugin
LogPluginManager: Loaded Plugin BlueprintStats, From C:/Program Files (x86)/Epic Games/4.13/Engine/Plugins/Experimental/BlueprintStats/BlueprintStats.uplugin
LogPluginManager: Loaded Plugin CharacterAI, From C:/Program Files (x86)/Epic Games/4.13/Engine/Plugins/Experimental/CharacterAI/CharacterAI.uplugin
LogPluginManager: Loaded Plugin CodeEditor, From C:/Program Files (x86)/Epic Games/4.13/Engine/Plugins/Experimental/CodeEditor/CodeEditor.uplugin
LogPluginManager: Loaded Plugin CodeView, From C:/Program Files (x86)/Epic Games/4.13/Engine/Plugins/Experimental/CodeView/CodeView.uplugin
LogPluginManager: Loaded Plugin HTML5Networking, From C:/Program Files (x86)/Epic Games/4.13/Engine/Plugins/Experimental/HTML5Networking/HTML5Networking.uplugin
LogPluginManager: Loaded Plugin LiveEditor, From C:/Program Files (x86)/Epic Games/4.13/Engine/Plugins/Experimental/LiveEditor/LiveEditor.uplugin
LogPluginManager: Loaded Plugin OSVR, From C:/Program Files (x86)/Epic Games/4.13/Engine/Plugins/Experimental/OSVR/OSVR.uplugin
LogPluginManager: Loaded Plugin Phya, From C:/Program Files (x86)/Epic Games/4.13/Engine/Plugins/Experimental/Phya/Phya.uplugin
LogPluginManager: Loaded Plugin SignificanceManager, From C:/Program Files (x86)/Epic Games/4.13/Engine/Plugins/Experimental/SignificanceManager/SignificanceManager.uplugin
LogPluginManager: Loaded Plugin SimpleHMD, From C:/Program Files (x86)/Epic Games/4.13/Engine/Plugins/Experimental/SimpleHMD/SimpleHMD.uplugin
LogPluginManager: Loaded Plugin StereoPanorama, From C:/Program Files (x86)/Epic Games/4.13/Engine/Plugins/Experimental/StereoPanorama/StereoPanorama.uplugin
LogPluginManager: Loaded Plugin StructBox, From C:/Program Files (x86)/Epic Games/4.13/Engine/Plugins/Experimental/StructBox/StructBox.uplugin
LogPluginManager: Loaded Plugin AndroidMedia, From C:/Program Files (x86)/Epic Games/4.13/Engine/Plugins/Media/AndroidMedia/AndroidMedia.uplugin
LogPluginManager: Loaded Plugin AvfMedia, From C:/Program Files (x86)/Epic Games/4.13/Engine/Plugins/Media/AvfMedia/AvfMedia.uplugin
LogPluginManager: Loaded Plugin MediaPlayerEditor, From C:/Program Files (x86)/Epic Games/4.13/Engine/Plugins/Media/MediaPlayerEditor/MediaPlayerEditor.uplugin
LogPluginManager: Loaded Plugin WmfMedia, From C:/Program Files (x86)/Epic Games/4.13/Engine/Plugins/Media/WmfMedia/WmfMedia.uplugin
LogPluginManager: Loaded Plugin MessagingDebugger, From C:/Program Files (x86)/Epic Games/4.13/Engine/Plugins/Messaging/MessagingDebugger/MessagingDebugger.uplugin
LogPluginManager: Loaded Plugin TcpMessaging, From C:/Program Files (x86)/Epic Games/4.13/Engine/Plugins/Messaging/TcpMessaging/TcpMessaging.uplugin
LogPluginManager: Loaded Plugin UdpMessaging, From C:/Program Files (x86)/Epic Games/4.13/Engine/Plugins/Messaging/UdpMessaging/UdpMessaging.uplugin
LogPluginManager: Loaded Plugin LevelSequenceEditor, From C:/Program Files (x86)/Epic Games/4.13/Engine/Plugins/MovieScene/LevelSequenceEditor/LevelSequenceEditor.uplugin
LogPluginManager: Loaded Plugin MatineeToLevelSequence, From C:/Program Files (x86)/Epic Games/4.13/Engine/Plugins/MovieScene/MatineeToLevelSequence/MatineeToLevelSequence.uplugin
LogPluginManager: Loaded Plugin NetcodeUnitTest, From C:/Program Files (x86)/Epic Games/4.13/Engine/Plugins/NetcodeUnitTest/NetcodeUnitTest/NetcodeUnitTest.uplugin
LogPluginManager: Loaded Plugin NUTUnrealEngine4, From C:/Program Files (x86)/Epic Games/4.13/Engine/Plugins/NetcodeUnitTest/NUTUnrealEngine4/NUTUnrealEngine4.uplugin
LogPluginManager: Loaded Plugin OnlineSubsystemGooglePlay, From C:/Program Files (x86)/Epic Games/4.13/Engine/Plugins/Online/Android/OnlineSubsystemGooglePlay/OnlineSubsystemGooglePlay.uplugin
LogPluginManager: Loaded Plugin OnlineSubsystemIOS, From C:/Program Files (x86)/Epic Games/4.13/Engine/Plugins/Online/IOS/OnlineSubsystemIOS/OnlineSubsystemIOS.uplugin
LogPluginManager: Loaded Plugin OnlineFramework, From C:/Program Files (x86)/Epic Games/4.13/Engine/Plugins/Online/OnlineFramework/OnlineFramework.uplugin
LogPluginManager: Loaded Plugin OnlineSubsystem, From C:/Program Files (x86)/Epic Games/4.13/Engine/Plugins/Online/OnlineSubsystem/OnlineSubsystem.uplugin
LogPluginManager: Loaded Plugin OnlineSubsystemAmazon, From C:/Program Files (x86)/Epic Games/4.13/Engine/Plugins/Online/OnlineSubsystemAmazon/OnlineSubsystemAmazon.uplugin
LogPluginManager: Loaded Plugin OnlineSubsystemFacebook, From C:/Program Files (x86)/Epic Games/4.13/Engine/Plugins/Online/OnlineSubsystemFacebook/OnlineSubsystemFacebook.uplugin
LogPluginManager: Loaded Plugin OnlineSubsystemNull, From C:/Program Files (x86)/Epic Games/4.13/Engine/Plugins/Online/OnlineSubsystemNull/OnlineSubsystemNull.uplugin
LogPluginManager: Loaded Plugin OnlineSubsystemOculus, From C:/Program Files (x86)/Epic Games/4.13/Engine/Plugins/Online/OnlineSubsystemOculus/OnlineSubsystemOculus.uplugin
LogPluginManager: Loaded Plugin OnlineSubsystemSteam, From C:/Program Files (x86)/Epic Games/4.13/Engine/Plugins/Online/OnlineSubsystemSteam/OnlineSubsystemSteam.uplugin
LogPluginManager: Loaded Plugin OnlineSubsystemUtils, From C:/Program Files (x86)/Epic Games/4.13/Engine/Plugins/Online/OnlineSubsystemUtils/OnlineSubsystemUtils.uplugin
LogPluginManager: Loaded Plugin IOSTapJoy, From C:/Program Files (x86)/Epic Games/4.13/Engine/Plugins/Runtime/Advertising/IOSTapJoy/IOSTapJoy.uplugin
LogPluginManager: Loaded Plugin AnalyticsBlueprintLibrary, From C:/Program Files (x86)/Epic Games/4.13/Engine/Plugins/Runtime/Analytics/AnalyticsBlueprintLibrary/AnalyticsBlueprintLibrary.uplugin
LogPluginManager: Loaded Plugin AnalyticsMulticast, From C:/Program Files (x86)/Epic Games/4.13/Engine/Plugins/Runtime/Analytics/AnalyticsMulticast/AnalyticsMulticast.uplugin
LogPluginManager: Loaded Plugin Apsalar, From C:/Program Files (x86)/Epic Games/4.13/Engine/Plugins/Runtime/Analytics/Apsalar/Apsalar.uplugin
LogPluginManager: Loaded Plugin FileLogging, From C:/Program Files (x86)/Epic Games/4.13/Engine/Plugins/Runtime/Analytics/FileLogging/FileLogging.uplugin
LogPluginManager: Loaded Plugin Flurry, From C:/Program Files (x86)/Epic Games/4.13/Engine/Plugins/Runtime/Analytics/Flurry/Flurry.uplugin
LogPluginManager: Loaded Plugin AndroidDeviceProfileSelector, From C:/Program Files (x86)/Epic Games/4.13/Engine/Plugins/Runtime/AndroidDeviceProfileSelector/AndroidDeviceProfileSelector.uplugin
LogPluginManager: Loaded Plugin AndroidMoviePlayer, From C:/Program Files (x86)/Epic Games/4.13/Engine/Plugins/Runtime/AndroidMoviePlayer/AndroidMoviePlayer.uplugin
LogPluginManager: Loaded Plugin AppleMoviePlayer, From C:/Program Files (x86)/Epic Games/4.13/Engine/Plugins/Runtime/AppleMoviePlayer/AppleMoviePlayer.uplugin
LogPluginManager: Loaded Plugin ArchVisCharacter, From C:/Program Files (x86)/Epic Games/4.13/Engine/Plugins/Runtime/ArchVisCharacter/ArchVisCharacter.uplugin
LogPluginManager: Loaded Plugin CableComponent, From C:/Program Files (x86)/Epic Games/4.13/Engine/Plugins/Runtime/CableComponent/CableComponent.uplugin
LogPluginManager: Loaded Plugin CustomMeshComponent, From C:/Program Files (x86)/Epic Games/4.13/Engine/Plugins/Runtime/CustomMeshComponent/CustomMeshComponent.uplugin
LogPluginManager: Loaded Plugin ExampleDeviceProfileSelector, From C:/Program Files (x86)/Epic Games/4.13/Engine/Plugins/Runtime/ExampleDeviceProfileSelector/ExampleDeviceProfileSelector.uplugin
LogPluginManager: Loaded Plugin GearVR, From C:/Program Files (x86)/Epic Games/4.13/Engine/Plugins/Runtime/GearVR/GearVR.uplugin
LogPluginManager: Loaded Plugin GoogleVRController, From C:/Program Files (x86)/Epic Games/4.13/Engine/Plugins/Runtime/GoogleVR/GoogleVRController/GoogleVRController.uplugin
LogPluginManager: Loaded Plugin GoogleVRHMD, From C:/Program Files (x86)/Epic Games/4.13/Engine/Plugins/Runtime/GoogleVR/GoogleVRHMD/GoogleVRHMD.uplugin
LogPluginManager: Loaded Plugin IOSDeviceProfileSelector, From C:/Program Files (x86)/Epic Games/4.13/Engine/Plugins/Runtime/IOSDeviceProfileSelector/IOSDeviceProfileSelector.uplugin
LogPluginManager: Loaded Plugin LeapMotion, From C:/Program Files (x86)/Epic Games/4.13/Engine/Plugins/Runtime/LeapMotion/LeapMotion.uplugin
LogPluginManager: Loaded Plugin LinuxDeviceProfileSelector, From C:/Program Files (x86)/Epic Games/4.13/Engine/Plugins/Runtime/LinuxDeviceProfileSelector/LinuxDeviceProfileSelector.uplugin
LogPluginManager: Loaded Plugin LiveEditorListenServer, From C:/Program Files (x86)/Epic Games/4.13/Engine/Plugins/Runtime/LiveEditorListenServer/LiveEditorListenServer.uplugin
LogPluginManager: Loaded Plugin OculusAudio, From C:/Program Files (x86)/Epic Games/4.13/Engine/Plugins/Runtime/OculusAudio/OculusAudio.uplugin
LogPluginManager: Loaded Plugin OculusInput, From C:/Program Files (x86)/Epic Games/4.13/Engine/Plugins/Runtime/OculusInput/OculusInput.uplugin
LogPluginManager: Loaded Plugin OculusLibrary, From C:/Program Files (x86)/Epic Games/4.13/Engine/Plugins/Runtime/OculusLibrary/OculusLibrary.uplugin
LogPluginManager: Loaded Plugin OculusRift, From C:/Program Files (x86)/Epic Games/4.13/Engine/Plugins/Runtime/OculusRift/OculusRift.uplugin
LogPluginManager: Loaded Plugin Oodle, From C:/Program Files (x86)/Epic Games/4.13/Engine/Plugins/Runtime/PacketHandlers/CompressionComponents/Oodle/Oodle.uplugin
LogPluginManager: Loaded Plugin ProceduralMeshComponent, From C:/Program Files (x86)/Epic Games/4.13/Engine/Plugins/Runtime/ProceduralMeshComponent/ProceduralMeshComponent.uplugin
LogPluginManager: Loaded Plugin SoundMod, From C:/Program Files (x86)/Epic Games/4.13/Engine/Plugins/Runtime/SoundMod/SoundMod.uplugin
LogPluginManager: Loaded Plugin SoundVisualizations, From C:/Program Files (x86)/Epic Games/4.13/Engine/Plugins/Runtime/SoundVisualizations/SoundVisualizations.uplugin
LogPluginManager: Loaded Plugin SteamController, From C:/Program Files (x86)/Epic Games/4.13/Engine/Plugins/Runtime/Steam/SteamController/SteamController.uplugin
LogPluginManager: Loaded Plugin SteamVR, From C:/Program Files (x86)/Epic Games/4.13/Engine/Plugins/Runtime/Steam/SteamVR/SteamVR.uplugin
LogPluginManager: Loaded Plugin WebBrowserWidget, From C:/Program Files (x86)/Epic Games/4.13/Engine/Plugins/Runtime/WebBrowserWidget/WebBrowserWidget.uplugin
LogPluginManager: Loaded Plugin WindowsDeviceProfileSelector, From C:/Program Files (x86)/Epic Games/4.13/Engine/Plugins/Runtime/WindowsDeviceProfileSelector/WindowsDeviceProfileSelector.uplugin
LogPluginManager: Loaded Plugin WindowsMoviePlayer, From C:/Program Files (x86)/Epic Games/4.13/Engine/Plugins/Runtime/WindowsMoviePlayer/WindowsMoviePlayer.uplugin
LogPluginManager: Loaded Plugin ScriptPlugin, From C:/Program Files (x86)/Epic Games/4.13/Engine/Plugins/ScriptPlugin/ScriptPlugin.uplugin
LogPluginManager: Loaded Plugin SlateRemote, From C:/Program Files (x86)/Epic Games/4.13/Engine/Plugins/Slate/SlateRemote/SlateRemote.uplugin
LogInit: Using libcurl 7.47.1
LogInit:  - built for x86_64-pc-win32
LogInit:  - supports SSL with WinSSL
LogInit:  - other features:
LogInit:      CURL_VERSION_SSL
LogInit:      CURL_VERSION_IPV6
LogInit:      CURL_VERSION_ASYNCHDNS
LogInit:      CURL_VERSION_LARGEFILE
LogInit:      CURL_VERSION_IDN
LogInit:  CurlRequestOptions (configurable via config and command line):
LogInit:  - bVerifyPeer = false  - Libcurl will NOT verify peer certificate
LogInit:  - bUseHttpProxy = false  - Libcurl will NOT use HTTP proxy
LogInit:  - bDontReuseConnections = false  - Libcurl will reuse connections
LogInit:  - CertBundlePath = nullptr  - Libcurl will use whatever was configured at build time.
LogInit: Build: ++UE4+Release-4.13-CL-3142249
LogInit: Engine Version: 4.13.1-3142249+++UE4+Release-4.13
LogInit: Compatible Engine Version: 4.13.0-3106830+++UE4+Release-4.13
LogInit: Net CL: 3142249
LogDevObjectVersion: Number of dev versions registered: 13
LogDevObjectVersion:   Dev-Blueprints (B0D832E4-1F89-4F0D-ACCF-7EB736FD4AA2): 5
LogDevObjectVersion:   Dev-Build (E1C64328-A22C-4D53-A36C-8E866417BD8C): 0
LogDevObjectVersion:   Dev-Core (375EC13C-06E4-48FB-B500-84F0262A717E): 1
LogDevObjectVersion:   Dev-Editor (E4B068ED-F494-42E9-A231-DA0B2E46BB41): 6
LogDevObjectVersion:   Dev-Framework (CFFC743F-43B0-4480-9391-14DF171D2073): 12
LogDevObjectVersion:   Dev-Mobile (B02B49B5-BB20-44E9-A304-32B752E40360): 0
LogDevObjectVersion:   Dev-Networking (A4E4105C-59A1-49B5-A7C5-40C4547EDFEE): 0
LogDevObjectVersion:   Dev-Online (39C831C9-5AE6-47DC-9A44-9C173E1C8E7C): 0
LogDevObjectVersion:   Dev-Physics (78F01B33-EBEA-4F98-B9B4-84EACCB95AA2): 0
LogDevObjectVersion:   Dev-Platform (6631380F-2D4D-43E0-8009-CF276956A95A): 0
LogDevObjectVersion:   Dev-Rendering (12F88B9F-8875-4AFC-A67C-D90C383ABD29): 4
LogDevObjectVersion:   Dev-Sequencer (7B5AE74C-D270-4C10-A958-57980B212A5A): 0
LogDevObjectVersion:   Dev-VR (D7296918-1DD6-4BDD-9DE2-64A83CC13884): 0
LogInit: Compiled (64-bit): Sep 28 2016 02:12:12
LogInit: Compiled with Visual C++: 19.00.23026.00
LogInit: Build Configuration: Development
LogInit: Branch Name: ++UE4+Release-4.13
LogInit: Command line:  /Temp/Autosaves/Game/Levels/UEDPCTests -game -PIEVIACONSOLE -ResX=1280 -ResY=720  -Multiprocess -windowed -messaging -SessionName="Play in Standalone Game" -featureleveles2 -faketouches 
LogInit: Base directory: C:/Program Files (x86)/Epic Games/4.13/Engine/Binaries/Win64/
LogInit: Installed Engine Build: 1
LogInit: Presizing for max 8388607 objects, including 0 objects not considered by GC, pre-allocating 0 bytes for permanent pool.
LogInit: Object subsystem initialized
[2016.12.12-09.22.36:373][  0]LogInit: Selected Device Profile: [Windows]
[2016.12.12-09.22.36:373][  0]LogInit: Applying CVar settings loaded from the selected device profile: [Windows]
[2016.12.12-09.22.36:377][  0]LogInit: Computer: BAR-EGIMENEZ
[2016.12.12-09.22.36:377][  0]LogInit: User: egimenez
[2016.12.12-09.22.36:377][  0]LogInit: CPU Page size=65536, Cores=6
[2016.12.12-09.22.36:377][  0]LogInit: High frequency timer resolution =3.409775 MHz
[2016.12.12-09.22.36:377][  0]LogMemory: Memory total: Physical=63.9GB (64GB approx)
[2016.12.12-09.22.36:377][  0]LogMemory: Platform Memory Stats for Windows
[2016.12.12-09.22.36:377][  0]LogMemory: Process Physical Memory: 259.73 MB used, 259.73 MB peak
[2016.12.12-09.22.36:377][  0]LogMemory: Process Virtual Memory: 262.94 MB used, 262.94 MB peak
[2016.12.12-09.22.36:377][  0]LogMemory: Physical Memory: 11507.67 MB used, 65464.06 MB total
[2016.12.12-09.22.36:377][  0]LogMemory: Virtual Memory: 593.52 MB used, 8388608.00 MB total
[2016.12.12-09.22.36:405][  0]LogInit: Overriding culture en w/ editor configuration.
[2016.12.12-09.22.36:784][  0]LogD3D11RHI: D3D11 adapters:
[2016.12.12-09.22.36:798][  0]LogD3D11RHI:    0. 'NVIDIA GeForce GTX 670' (Feature Level 11_0)
[2016.12.12-09.22.36:798][  0]LogD3D11RHI:       4027/0/32476 MB DedicatedVideo/DedicatedSystem/SharedSystem, Outputs:1, VendorId:0x10de
[2016.12.12-09.22.36:798][  0]LogD3D11RHI: Chosen D3D11 Adapter: 0
[2016.12.12-09.22.38:137][  0]LogD3D11RHI: Creating new Direct3DDevice
[2016.12.12-09.22.38:137][  0]LogD3D11RHI:     GPU DeviceId: 0x1189 (for the marketing name, search the web for "GPU Device Id")
[2016.12.12-09.22.38:137][  0]LogWindows: EnumDisplayDevices:
[2016.12.12-09.22.38:137][  0]LogWindows:    0. 'NVIDIA GeForce GTX 670' (P:1 D:1)
[2016.12.12-09.22.38:138][  0]LogWindows:    1. 'NVIDIA GeForce GTX 670' (P:0 D:0)
[2016.12.12-09.22.38:138][  0]LogWindows:    2. 'NVIDIA GeForce GTX 670' (P:0 D:0)
[2016.12.12-09.22.38:139][  0]LogWindows:    3. 'NVIDIA GeForce GTX 670' (P:0 D:0)
[2016.12.12-09.22.38:139][  0]LogWindows:    4. 'RDPDD Chained DD' (P:0 D:0)
[2016.12.12-09.22.38:139][  0]LogWindows:    5. 'RDP Encoder Mirror Driver' (P:0 D:0)
[2016.12.12-09.22.38:140][  0]LogWindows:    6. 'RDP Reflector Display Driver' (P:0 D:0)
[2016.12.12-09.22.38:140][  0]LogWindows: DebugString: GetVideoDriverDetailsInvalid PrimaryIsNotTheChoosenAdapter GetVideoDriverDetailsInvalid PrimaryIsNotTheChoosenAdapter GetVideoDriverDetailsInvalid PrimaryIsNotTheChoosenAdapter FoundDriverCount:4 
[2016.12.12-09.22.38:140][  0]LogD3D11RHI:     Adapter Name: NVIDIA GeForce GTX 670
[2016.12.12-09.22.38:140][  0]LogD3D11RHI:   Driver Version: 347.52 (internal:9.18.13.4752, unified:347.52)
[2016.12.12-09.22.38:140][  0]LogD3D11RHI:      Driver Date: 2-5-2015
[2016.12.12-09.22.38:140][  0]LogRHI: Texture pool is 1361 MB (70% of 1945 MB)
[2016.12.12-09.22.38:160][  0]LogD3D11RHI: Async texture creation enabled
[2016.12.12-09.22.38:180][  0]LogD3D11RHI: GPU Timing Frequency: 1000.000000 (Debug: 2 2)
[2016.12.12-09.22.38:180][  0]LogShaderCompilers: Guid format shader working directory is -29 characters bigger than the processId version (../../../../../../Users/egimenez/Desktop/VAN/VANsGame/Mechanics/BasicMechanics/Intermediate/Shaders/WorkingDirectory/8596/).
[2016.12.12-09.22.38:180][  0]LogShaderCompilers: Cleaned the shader compiler working directory 'C:/Users/egimenez/AppData/Local/Temp/UnrealShaderWorkingDir/A77554F24425BFEE7A7C48AF2DD05608/'.
[2016.12.12-09.22.38:180][  0]LogShaderCompilers:Display: Using Local Shader Compiler.
[2016.12.12-09.22.39:375][  0]LogTemp:Display: Loaded TP WindowsClientTargetPlatform
[2016.12.12-09.22.39:384][  0]LogTemp:Display: Loaded TP WindowsNoEditorTargetPlatform
[2016.12.12-09.22.39:392][  0]LogTemp:Display: Loaded TP WindowsServerTargetPlatform
[2016.12.12-09.22.39:401][  0]LogTemp:Display: Loaded TP WindowsTargetPlatform
[2016.12.12-09.22.39:402][  0]LogTargetPlatformManager:Display: Building Assets For Windows
[2016.12.12-09.22.39:471][  0]LogDerivedDataCache:Display: Max Cache Size: 512 MB
[2016.12.12-09.22.39:542][  0]LogDerivedDataCache: Loaded boot cache 0.07s 74MB C:/Users/egimenez/AppData/Local/UnrealEngine/4.13/DerivedDataCache/Boot.ddc.
[2016.12.12-09.22.39:542][  0]LogDerivedDataCache:Display: Loaded Boot cache: C:/Users/egimenez/AppData/Local/UnrealEngine/4.13/DerivedDataCache/Boot.ddc
[2016.12.12-09.22.39:542][  0]LogDerivedDataCache: FDerivedDataBackendGraph:  Pak pak cache file ../../../../../../Users/egimenez/Desktop/VAN/VANsGame/Mechanics/BasicMechanics/DerivedDataCache/DDC.ddp not found, will not use a pak cache.
[2016.12.12-09.22.39:543][  0]LogDerivedDataCache: Unable to find inner node Pak for hierarchical cache Hierarchy.
[2016.12.12-09.22.39:543][  0]LogDerivedDataCache: FDerivedDataBackendGraph:  CompressedPak pak cache file ../../../../../../Users/egimenez/Desktop/VAN/VANsGame/Mechanics/BasicMechanics/DerivedDataCache/Compressed.ddp not found, will not use a pak cache.
[2016.12.12-09.22.39:543][  0]LogDerivedDataCache: Unable to find inner node CompressedPak for hierarchical cache Hierarchy.
[2016.12.12-09.22.39:569][  0]LogDerivedDataCache:Display: Pak cache opened for reading ../../../Engine/DerivedDataCache/Compressed.ddp.
[2016.12.12-09.22.39:581][  0]LogDerivedDataCache: Using Local data cache path C:/Users/egimenez/AppData/Local/UnrealEngine/Common/DerivedDataCache: Writable
[2016.12.12-09.22.39:800][  0]LogAssetRegistry: FAssetRegistry took 0.0001 seconds to start up
[2016.12.12-09.22.39:803][  0]LogPackageLocalizationCache: Processed 3 localized package path(s) for 1 prioritized culture(s) in 0.002727 seconds
[2016.12.12-09.22.39:823][  0]LogInit: Selected Device Profile: [Windows]
[2016.12.12-09.22.39:829][  0]LogMaterial: Uniform references updated for custom material expression Custom.
[2016.12.12-09.22.39:831][  0]LogContentStreaming: Texture pool size is 1000.00 MB
[2016.12.12-09.22.39:993][  0]LogMeshUtilities: No automatic mesh reduction module available
[2016.12.12-09.22.39:993][  0]LogMeshUtilities: No automatic mesh merging module available
[2016.12.12-09.22.39:993][  0]LogMeshUtilities: No distributed automatic mesh merging module available
[2016.12.12-09.22.40:621][  0]LogNetVersion: GetLocalNetworkVersion: CL: 3106830, ProjectName: basicmechanics, ProjectVersion: , EngineNetworkVersion: 1, GameNetworkVersion: 0, NetworkChecksum: 1815648402
[2016.12.12-09.22.40:653][  0]LogInit: WinSock: version 1.1 (2.2), MaxSocks=32767, MaxUdp=65467
[2016.12.12-09.22.40:854][  0]LogSlate: SlateFontCache - WITH_FREETYPE: 1, WITH_HARFBUZZ: 1
[2016.12.12-09.22.40:854][  0]LogSlate: SlateFontCache - WITH_FREETYPE: 1, WITH_HARFBUZZ: 1
[2016.12.12-09.22.40:919][  0]LogMoviePlayer: Initializing movie player
[2016.12.12-09.22.41:274][  0]LogWindowsMoviePlayer: Unable to load movie: ../../../../../../Users/egimenez/Desktop/VAN/VANsGame/Mechanics/BasicMechanics/Content/Movies/Default_Startup.mp4
[2016.12.12-09.22.41:357][  0]LogTcpMessaging: Initializing TcpMessaging bridge
[2016.12.12-09.22.41:379][  0]LogUdpMessaging: Initializing bridge on interface 0.0.0.0:0 to multicast group 230.0.0.1:6666.
[2016.12.12-09.22.41:446][  0]SourceControl: Info Source control is disabled
[2016.12.12-09.22.41:446][  0]SourceControl: Info Source control is disabled
[2016.12.12-09.22.41:456][  0]SourceControl: Info Source control is disabled
[2016.12.12-09.22.41:579][  0]LogUObjectArray: 32681 objects as part of root set at end of initial load.
[2016.12.12-09.22.41:579][  0]LogUObjectAllocator: 7253464 out of 0 bytes used by permanent object pool.
[2016.12.12-09.22.41:579][  0]LogUObjectArray: CloseDisregardForGC: 0/0 objects in disregard for GC pool
[2016.12.12-09.22.41:665][  0]LogEngine: Initializing Engine...
[2016.12.12-09.22.41:666][  0]LogHMD: Failed to initialize OpenVR with code 110
[2016.12.12-09.22.41:942][  0]LogInit: XAudio2 using 'Speakers (Realtek High Definition Audio)' : 2 channels at 48 kHz using 32 bits per sample (channel mask 0x3)
[2016.12.12-09.22.41:950][  0]LogInit: FAudioDevice initialized.
[2016.12.12-09.22.41:960][  0]LogInit: Texture streaming: Enabled
[2016.12.12-09.22.41:962][  0]LogMaterial: Missing cached shader map for material BaseColor, compiling. 
[2016.12.12-09.22.41:962][  0]LogMaterial:Warning: Failed to compile Material /Engine/BufferVisualization/BaseColor.BaseColor for platform PCD3D_ES2, Default Material will be used in game.
[2016.12.12-09.22.41:962][  0]LogMaterial:Warning: 	(Node FeatureLevelSwitch) Feature Level switch missing default input
[2016.12.12-09.22.42:007][  0]LogMaterial: Missing cached shader map for material Specular, compiling. 
[2016.12.12-09.22.42:007][  0]LogMaterial:Warning: Failed to compile Material /Engine/BufferVisualization/Specular.Specular for platform PCD3D_ES2, Default Material will be used in game.
[2016.12.12-09.22.42:007][  0]LogMaterial:Warning: 	(Node FeatureLevelSwitch) Feature Level switch missing default input
[2016.12.12-09.22.42:064][  0]LogInit:Display: Game Engine Initialized.
[2016.12.12-09.22.42:132][  0]LogInit:Display: Starting Game.
[2016.12.12-09.22.42:132][  0]LogNet: Browse: /Temp/Autosaves/Game/Levels/UEDPCTests?Name=Player
[2016.12.12-09.22.42:133][  0]LogLoad: LoadMap: /Temp/Autosaves/Game/Levels/UEDPCTests?Name=Player
[2016.12.12-09.22.42:158][  0]LogMemory: Platform Memory Stats for Windows
[2016.12.12-09.22.42:158][  0]LogMemory: Process Physical Memory: 685.63 MB used, 721.26 MB peak
[2016.12.12-09.22.42:158][  0]LogMemory: Process Virtual Memory: 667.23 MB used, 709.45 MB peak
[2016.12.12-09.22.42:158][  0]LogMemory: Physical Memory: 11899.01 MB used, 65464.06 MB total
[2016.12.12-09.22.42:158][  0]LogMemory: Virtual Memory: 1273.69 MB used, 8388608.00 MB total
[2016.12.12-09.22.42:158][  0]LogMemory: 
[2016.12.12-09.22.42:158][  0]Allocator Stats for TBB: (not implemented)
[2016.12.12-09.22.42:613][  0]LogBlueprint:Warning: [Compiler Answers] Warning 'Item' is already a 'NPC', you don't need  K2Node_DynamicCast_0 .
[2016.12.12-09.22.42:614][  0]LogBlueprint:Warning: [Compiler Answers] Warning 'Item' is already a 'NPC', you don't need  K2Node_DynamicCast_15 .
[2016.12.12-09.22.42:614][  0]LogBlueprint:Warning: [Compiler Answers] Warning 'Item' is already a 'NPC', you don't need  K2Node_DynamicCast_2 .
[2016.12.12-09.22.42:623][  0]LogBlueprint:Warning: [Compiler Answers] Warning [0007.09] Compile of Answers successful, but with 3 Warning(s) [in 20 ms] (/Game/Elements/NPCDialogue/Answers.Answers)
[2016.12.12-09.22.42:623][  0]LogBlueprint:Warning: [Compiler Answers] Warning [0007.09] Compile of Answers successful, but with 4 Warning(s) [in 0 ms] (/Game/Elements/NPCDialogue/Answers.Answers)
[2016.12.12-09.22.42:623][  0]LogBlueprint:Warning: [Compiler Answers] Warning [0007.09] Compile of Answers successful, but with 5 Warning(s) [in 0 ms] (/Game/Elements/NPCDialogue/Answers.Answers)
[2016.12.12-09.22.42:951][  0]LogBlueprint:Warning: [Compiler Answers] Warning 'Item' is already a 'NPC', you don't need  K2Node_DynamicCast_0 .
[2016.12.12-09.22.42:951][  0]LogBlueprint:Warning: [Compiler Answers] Warning 'Item' is already a 'NPC', you don't need  K2Node_DynamicCast_15 .
[2016.12.12-09.22.42:951][  0]LogBlueprint:Warning: [Compiler Answers] Warning 'Item' is already a 'NPC', you don't need  K2Node_DynamicCast_2 .
[2016.12.12-09.22.42:960][  0]LogBlueprint:Warning: [Compiler Answers] Warning [0007.42] Compile of Answers successful, but with 3 Warning(s) [in 15 ms] (/Game/Elements/NPCDialogue/Answers.Answers)
[2016.12.12-09.22.42:960][  0]LogBlueprint:Warning: [Compiler Answers] Warning [0007.42] Compile of Answers successful, but with 4 Warning(s) [in 0 ms] (/Game/Elements/NPCDialogue/Answers.Answers)
[2016.12.12-09.22.42:960][  0]LogBlueprint:Warning: [Compiler Answers] Warning [0007.42] Compile of Answers successful, but with 5 Warning(s) [in 0 ms] (/Game/Elements/NPCDialogue/Answers.Answers)
[2016.12.12-09.22.43:169][  0]LogMaterial: Missing cached shader map for material Material__light-wood-texture-_2_jpg, compiling. 
[2016.12.12-09.22.43:348][  0]LogMaterial: Missing cached shader map for material None__wood_2_jpg, compiling. 
[2016.12.12-09.22.43:429][  0]LogMaterial: Missing cached shader map for material M_UE4Man_Body, compiling. 
[2016.12.12-09.22.43:549][  0]LogMaterial: Missing cached shader map for material M_UE4Man_Body, compiling. 
[2016.12.12-09.22.43:756][  0]LogMaterial: Missing cached shader map for material Mud, compiling. 
[2016.12.12-09.22.43:959][  0]LogMaterial: Missing cached shader map for material BasicShapeMaterial, compiling. 
[2016.12.12-09.22.44:097][  0]LogMaterial: Missing cached shader map for material M_Basic_Wall2, compiling. 
[2016.12.12-09.22.44:242][  0]LogMaterial: Missing cached shader map for material M_Wood_Pine, compiling. 
[2016.12.12-09.22.44:382][  0]LogMaterial: Missing cached shader map for material M_Wood_Floor_Walnut_Worn, compiling. 
[2016.12.12-09.22.44:515][  0]LogMaterial: Missing cached shader map for material M_Metal_Steel, compiling. 
[2016.12.12-09.22.44:660][  0]LogMaterial: Missing cached shader map for material M_Wood_Floor_Walnut_Polished, compiling. 
[2016.12.12-09.22.44:848][  0]LogAIModule: Creating AISystem for world Tests
[2016.12.12-09.22.44:849][  0]LogWorld: Game class is 'GameMode'
[2016.12.12-09.22.44:869][  0]LogSkeletalMesh: UPhysicsAssetInstance::InitInstance : Could not find root physics body: CharacterMesh0
[2016.12.12-09.22.44:869][  0]LogSkeletalMesh: UPhysicsAssetInstance::InitInstance : Could not find root physics body: CharacterMesh0
[2016.12.12-09.22.44:870][  0]LogSkeletalMesh: UPhysicsAssetInstance::InitInstance : Could not find root physics body: CharacterMesh0
[2016.12.12-09.22.44:891][  0]LogWorld: Bringing World /Temp/Autosaves/Game/Levels/UEDPCTests.Tests up for play (max tick rate 0) at 2016.12.12-10.22.44
[2016.12.12-09.22.44:894][  0]LogWorld: Bringing up level for play took: 0.038942
[2016.12.12-09.22.44:898][  0]LogGameMode:Display: Match State Changed from EnteringMap to WaitingToStart
[2016.12.12-09.22.44:898][  0]LogGameState: Match State Changed from EnteringMap to WaitingToStart
[2016.12.12-09.22.44:898][  0]LogGameMode:Display: Match State Changed from WaitingToStart to InProgress
[2016.12.12-09.22.44:900][  0]LogGameState: Match State Changed from WaitingToStart to InProgress
[2016.12.12-09.22.44:900][  0]LogLoad: Took 2.767613 seconds to LoadMap(/Temp/Autosaves/Game/Levels/UEDPCTests)
[2016.12.12-09.22.45:145][  0]LogLoad: (Engine Initialization) Total time: 9.61 seconds
[2016.12.12-09.22.45:145][  0]LogLoad: (Engine Initialization) Total Blueprint compile time: 0.50 seconds
[2016.12.12-09.22.45:145][  0]LogExternalProfiler: No external profilers were discovered.  External profiling features will not be available.
[2016.12.12-09.22.45:163][  0]LogOcInput: OculusInput pre-init called
[2016.12.12-09.22.45:210][  1]LogRenderer: Reallocating scene render targets to support 1280x720 (Frame:2).
[2016.12.12-09.26.23:000][261]LogEngine: All Windows Closed
[2016.12.12-09.26.23:000][261]LogWindows: FPlatformMisc::RequestExit(0)
[2016.12.12-09.26.23:000][262]LogMoviePlayer: Shutting down movie player
[2016.12.12-09.26.23:711][262]LogExit: Preparing to exit.
[2016.12.12-09.26.24:556][262]LogExit: Game engine shut down
[2016.12.12-09.26.24:660][262]LogObj: Freed 0b from 0 cluster array pools.
[2016.12.12-09.26.24:660][262]LogExit: Object subsystem successfully closed.
[2016.12.12-09.26.24:675][262]LogD3D11RHI: Shutdown
[2016.12.12-09.26.24:675][262]LogD3D11RHI: CleanupD3DDevice
[2016.12.12-09.26.24:715][262]LogD3D11RHI: ~FD3D11DynamicRHI
[2016.12.12-09.26.24:722][262]LogModuleManager: Shutting down and abandoning module SequenceRecorderSections (120)
[2016.12.12-09.26.24:722][262]LogModuleManager: Shutting down and abandoning module SequenceRecorder (119)
[2016.12.12-09.26.24:722][262]LogModuleManager: Shutting down and abandoning module AutomationController (118)
[2016.12.12-09.26.24:722][262]LogModuleManager: Shutting down and abandoning module AutomationWorker (117)
[2016.12.12-09.26.24:722][262]LogModuleManager: Shutting down and abandoning module GameplayDebugger (116)
[2016.12.12-09.26.24:722][262]LogModuleManager: Shutting down and abandoning module AITestSuite (115)
[2016.12.12-09.26.24:722][262]LogModuleManager: Shutting down and abandoning module AIModule (114)
[2016.12.12-09.26.24:722][262]LogModuleManager: Shutting down and abandoning module WmfMediaFactory (113)
[2016.12.12-09.26.24:722][262]LogModuleManager: Shutting down and abandoning module AvfMediaFactory (112)
[2016.12.12-09.26.24:722][262]LogModuleManager: Shutting down and abandoning module Media (111)
[2016.12.12-09.26.24:722][262]LogModuleManager: Shutting down and abandoning module AndroidMediaFactory (110)
[2016.12.12-09.26.24:722][262]LogModuleManager: Shutting down and abandoning module CharacterAI (109)
[2016.12.12-09.26.24:722][262]LogModuleManager: Shutting down and abandoning module SessionServices (108)
[2016.12.12-09.26.24:722][262]LogModuleManager: Shutting down and abandoning module MovieSceneCapture (107)
[2016.12.12-09.26.24:722][262]LogModuleManager: Shutting down and abandoning module Niagara (106)
[2016.12.12-09.26.24:722][262]LogModuleManager: Shutting down and abandoning module StreamingPauseRendering (105)
[2016.12.12-09.26.24:722][262]LogModuleManager: Shutting down and abandoning module PortalServices (104)
[2016.12.12-09.26.24:722][262]LogModuleManager: Shutting down and abandoning module PortalRpc (103)
[2016.12.12-09.26.24:722][262]LogModuleManager: Shutting down and abandoning module MessagingRpc (102)
[2016.12.12-09.26.24:722][262]LogModuleManager: Shutting down and abandoning module ProfilerService (101)
[2016.12.12-09.26.24:779][262]LogModuleManager: Shutting down and abandoning module TaskGraph (100)
[2016.12.12-09.26.24:779][262]LogModuleManager: Shutting down and abandoning module SlateRemote (99)
[2016.12.12-09.26.24:779][262]LogModuleManager: Shutting down and abandoning module SteamVRController (98)
[2016.12.12-09.26.24:779][262]LogModuleManager: Shutting down and abandoning module SteamVR (97)
[2016.12.12-09.26.24:779][262]LogModuleManager: Shutting down and abandoning module ProceduralMeshComponent (96)
[2016.12.12-09.26.24:780][262]LogModuleManager: Shutting down and abandoning module OculusLibrary (95)
[2016.12.12-09.26.24:780][262]LogModuleManager: Shutting down and abandoning module OculusInput (94)
[2016.12.12-09.26.24:780][262]LogModuleManager: Shutting down and abandoning module CustomMeshComponent (93)
[2016.12.12-09.26.24:780][262]LogModuleManager: Shutting down and abandoning module CableComponent (92)
[2016.12.12-09.26.24:780][262]LogModuleManager: Shutting down and abandoning module ArchVisCharacter (91)
[2016.12.12-09.26.24:780][262]LogModuleManager: Shutting down and abandoning module HTML5Networking (89)
[2016.12.12-09.26.24:780][262]LogModuleManager: Shutting down and abandoning module DesktopPlatform (88)
[2016.12.12-09.26.24:780][262]LogModuleManager: Shutting down and abandoning module DirectoryWatcher (87)
[2016.12.12-09.26.24:780][262]LogModuleManager: Shutting down and abandoning module HotReload (86)
[2016.12.12-09.26.24:780][262]LogModuleManager: Shutting down and abandoning module VisualStudioSourceCodeAccess (85)
[2016.12.12-09.26.24:780][262]LogModuleManager: Shutting down and abandoning module UObjectPlugin (84)
[2016.12.12-09.26.24:780][262]LogModuleManager: Shutting down and abandoning module SubversionSourceControl (83)
[2016.12.12-09.26.24:780][262]LogModuleManager: Shutting down and abandoning module SourceControl (82)
[2016.12.12-09.26.24:780][262]LogModuleManager: Shutting down and abandoning module PerforceSourceControl (81)
[2016.12.12-09.26.24:780][262]LogModuleManager: Shutting down and abandoning module UdpMessaging (80)
[2016.12.12-09.26.24:880][262]LogModuleManager: Shutting down and abandoning module TcpMessaging (79)
[2016.12.12-09.26.25:391][262]LogModuleManager: Shutting down and abandoning module LightPropagationVolumeRuntime (78)
[2016.12.12-09.26.25:391][262]LogModuleManager: Shutting down and abandoning module Paper2D (77)
[2016.12.12-09.26.25:391][262]LogModuleManager: Shutting down and abandoning module WindowsMoviePlayer (76)
[2016.12.12-09.26.25:391][262]LogModuleManager: Shutting down and abandoning module WmfMedia (75)
[2016.12.12-09.26.25:391][262]LogModuleManager: Shutting down and abandoning module MediaAssets (74)
[2016.12.12-09.26.25:391][262]LogModuleManager: Shutting down and abandoning module GameLiveStreaming (73)
[2016.12.12-09.26.25:391][262]LogModuleManager: Shutting down and abandoning module GameplayTagsEditor (72)
[2016.12.12-09.26.25:392][262]LogModuleManager: Shutting down and abandoning module EnvironmentQueryEditor (71)
[2016.12.12-09.26.25:392][262]LogModuleManager: Shutting down and abandoning module VREditor (70)
[2016.12.12-09.26.25:392][262]LogModuleManager: Shutting down and abandoning module GameplayTasksEditor (69)
[2016.12.12-09.26.25:392][262]LogModuleManager: Shutting down and abandoning module PropertyEditor (68)
[2016.12.12-09.26.25:392][262]LogModuleManager: Shutting down and abandoning module BehaviorTreeEditor (67)
[2016.12.12-09.26.25:392][262]LogModuleManager: Shutting down and abandoning module FunctionalTesting (66)
[2016.12.12-09.26.25:392][262]LogModuleManager: Shutting down and abandoning module CollisionAnalyzer (65)
[2016.12.12-09.26.25:392][262]LogModuleManager: Shutting down and abandoning module Sequencer (64)
[2016.12.12-09.26.25:392][262]LogModuleManager: Shutting down and abandoning module WorkspaceMenuStructure (63)
[2016.12.12-09.26.25:392][262]LogModuleManager: Shutting down and abandoning module MessageLog (62)
[2016.12.12-09.26.25:392][262]LogModuleManager: Shutting down and abandoning module AssetTools (61)
[2016.12.12-09.26.25:392][262]LogModuleManager: Shutting down and abandoning module UMGEditor (60)
[2016.12.12-09.26.25:392][262]LogModuleManager: Shutting down and abandoning module UMG (59)
[2016.12.12-09.26.25:392][262]LogModuleManager: Shutting down and abandoning module SlateReflector (58)
[2016.12.12-09.26.25:392][262]LogModuleManager: Shutting down and abandoning module Slate (57)
[2016.12.12-09.26.25:392][262]LogModuleManager: Shutting down and abandoning module EditorStyle (56)
[2016.12.12-09.26.25:394][262]LogModuleManager: Shutting down and abandoning module Messaging (55)
[2016.12.12-09.26.25:394][262]LogModuleManager: Shutting down and abandoning module SourceCodeAccess (54)
[2016.12.12-09.26.25:394][262]LogModuleManager: Shutting down and abandoning module HeadMountedDisplay (53)
[2016.12.12-09.26.25:394][262]LogModuleManager: Shutting down and abandoning module XAudio2 (52)
[2016.12.12-09.26.25:394][262]LogModuleManager: Shutting down and abandoning module Networking (50)
[2016.12.12-09.26.25:394][262]LogModuleManager: Shutting down and abandoning module Core (49)
[2016.12.12-09.26.25:394][262]LogModuleManager: Shutting down and abandoning module KismetCompiler (48)
[2016.12.12-09.26.25:394][262]LogModuleManager: Shutting down and abandoning module PhysXFormats (47)
[2016.12.12-09.26.25:394][262]LogModuleManager: Shutting down and abandoning module MeshUtilities (46)
[2016.12.12-09.26.25:394][262]LogModuleManager: Shutting down and abandoning module AssetRegistry (45)
[2016.12.12-09.26.25:394][262]LogModuleManager: Shutting down and abandoning module DerivedDataCache (44)
[2016.12.12-09.26.25:422][262]LogDerivedDataCache: Shutdown
[2016.12.12-09.26.25:422][262]LogModuleManager: Shutting down and abandoning module VulkanShaderFormat (43)
[2016.12.12-09.26.25:422][262]LogModuleManager: Shutting down and abandoning module ShaderFormatOpenGL (42)
[2016.12.12-09.26.25:422][262]LogModuleManager: Shutting down and abandoning module ShaderFormatD3D (41)
[2016.12.12-09.26.25:422][262]LogModuleManager: Shutting down and abandoning module MetalShaderFormat (40)
[2016.12.12-09.26.25:422][262]LogModuleManager: Shutting down and abandoning module TextureFormatUncompressed (39)
[2016.12.12-09.26.25:422][262]LogModuleManager: Shutting down and abandoning module TextureFormatPVR (38)
[2016.12.12-09.26.25:422][262]LogModuleManager: Shutting down and abandoning module TextureFormatDXT (37)
[2016.12.12-09.26.25:422][262]LogModuleManager: Shutting down and abandoning module TextureFormatIntelISPCTexComp (36)
[2016.12.12-09.26.25:422][262]LogModuleManager: Shutting down and abandoning module ImageWrapper (35)
[2016.12.12-09.26.25:422][262]LogModuleManager: Shutting down and abandoning module TextureFormatASTC (34)
[2016.12.12-09.26.25:422][262]LogModuleManager: Shutting down and abandoning module TextureFormatAndroid (33)
[2016.12.12-09.26.25:422][262]LogModuleManager: Shutting down and abandoning module AudioFormatOpus (32)
[2016.12.12-09.26.25:422][262]LogModuleManager: Shutting down and abandoning module AudioFormatOgg (31)
[2016.12.12-09.26.25:422][262]LogModuleManager: Shutting down and abandoning module AudioFormatADPCM (30)
[2016.12.12-09.26.25:422][262]LogModuleManager: Shutting down and abandoning module WindowsTargetPlatform (29)
[2016.12.12-09.26.25:422][262]LogModuleManager: Shutting down and abandoning module WindowsServerTargetPlatform (28)
[2016.12.12-09.26.25:422][262]LogModuleManager: Shutting down and abandoning module WindowsNoEditorTargetPlatform (27)
[2016.12.12-09.26.25:422][262]LogModuleManager: Shutting down and abandoning module WindowsClientTargetPlatform (26)
[2016.12.12-09.26.25:422][262]LogModuleManager: Shutting down and abandoning module TargetPlatform (25)
[2016.12.12-09.26.25:422][262]LogModuleManager: Shutting down and abandoning module InputCore (24)
[2016.12.12-09.26.25:422][262]LogModuleManager: Shutting down and abandoning module Settings (23)
[2016.12.12-09.26.25:422][262]LogModuleManager: Shutting down and abandoning module OculusRift (22)
[2016.12.12-09.26.25:422][262]LogModuleManager: Shutting down and abandoning module GearVR (21)
[2016.12.12-09.26.25:422][262]LogModuleManager: Shutting down and abandoning module ExampleDeviceProfileSelector (20)
[2016.12.12-09.26.25:422][262]LogModuleManager: Shutting down and abandoning module OnlineBlueprintSupport (19)
[2016.12.12-09.26.25:422][262]LogModuleManager: Shutting down and abandoning module OnlineSubsystem (17)
[2016.12.12-09.26.25:422][262]LogOnline:Display: Unloading online subsystem: NULL
[2016.12.12-09.26.25:422][262]LogModuleManager: Shutting down and abandoning module HTTP (16)
[2016.12.12-09.26.25:455][262]LogModuleManager: Shutting down and abandoning module XMPP (15)
[2016.12.12-09.26.25:455][262]LogModuleManager: Shutting down and abandoning module TextureCompressor (14)
[2016.12.12-09.26.25:455][262]LogModuleManager: Shutting down and abandoning module ShaderCore (13)
[2016.12.12-09.26.25:455][262]LogModuleManager: Shutting down and abandoning module Landscape (12)
[2016.12.12-09.26.25:455][262]LogModuleManager: Shutting down and abandoning module SlateRHIRenderer (11)
[2016.12.12-09.26.25:456][262]LogModuleManager: Shutting down and abandoning module OpenGLDrv (10)
[2016.12.12-09.26.25:456][262]LogModuleManager: Shutting down and abandoning module D3D11RHI (9)
[2016.12.12-09.26.25:456][262]LogModuleManager: Shutting down and abandoning module AnimGraphRuntime (8)
[2016.12.12-09.26.25:456][262]LogModuleManager: Shutting down and abandoning module Renderer (7)
[2016.12.12-09.26.25:456][262]LogModuleManager: Shutting down and abandoning module Engine (6)
[2016.12.12-09.26.25:456][262]LogModuleManager: Shutting down and abandoning module CoreUObject (5)
[2016.12.12-09.26.25:456][262]LogModuleManager: Shutting down and abandoning module NetworkFile (4)
[2016.12.12-09.26.25:456][262]LogModuleManager: Shutting down and abandoning module StreamingFile (3)
[2016.12.12-09.26.25:456][262]LogModuleManager: Shutting down and abandoning module SandboxFile (2)
[2016.12.12-09.26.25:456][262]LogModuleManager: Shutting down and abandoning module PakFile (1)
[2016.12.12-09.26.25:456][262]LogExit: Exiting.
[2016.12.12-09.26.25:458][262]Log file closed, 12/12/16 10:26:25
