Log file open, 02/15/17 22:45:27
LogInit:Display: Running engine for game: BasicMechanics
LogPlatformFile: Not using cached read wrapper
LogInit:Display: RandInit(1069049262) SRandInit(1069049262).
LogTaskGraph: Started task graph with 5 named threads and 6 total threads with 1 sets of task threads.
LogStats: Stats thread started at 0.270133
LogPluginManager: Loaded Plugin Paper2D, From C:/Program Files/Epic Games/UE_4.14/Engine/Plugins/2D/Paper2D/Paper2D.uplugin
LogPluginManager: Loaded Plugin LightPropagationVolume, From C:/Program Files/Epic Games/UE_4.14/Engine/Plugins/Blendables/LightPropagationVolume/LightPropagationVolume.uplugin
LogPluginManager: Loaded Plugin BlankPlugin, From C:/Program Files/Epic Games/UE_4.14/Engine/Plugins/Developer/BlankPlugin/BlankPlugin.uplugin
LogPluginManager: Loaded Plugin CodeLiteSourceCodeAccess, From C:/Program Files/Epic Games/UE_4.14/Engine/Plugins/Developer/CodeLiteSourceCodeAccess/CodeLiteSourceCodeAccess.uplugin
LogPluginManager: Loaded Plugin GitSourceControl, From C:/Program Files/Epic Games/UE_4.14/Engine/Plugins/Developer/GitSourceControl/GitSourceControl.uplugin
LogPluginManager: Loaded Plugin KDevelopSourceCodeAccess, From C:/Program Files/Epic Games/UE_4.14/Engine/Plugins/Developer/KDevelopSourceCodeAccess/KDevelopSourceCodeAccess.uplugin
LogPluginManager: Loaded Plugin NullSourceCodeAccess, From C:/Program Files/Epic Games/UE_4.14/Engine/Plugins/Developer/NullSourceCodeAccess/NullSourceCodeAccess.uplugin
LogPluginManager: Loaded Plugin OneSkyLocalizationService, From C:/Program Files/Epic Games/UE_4.14/Engine/Plugins/Developer/OneSkyLocalizationService/OneSkyLocalizationService.uplugin
LogPluginManager: Loaded Plugin PerforceSourceControl, From C:/Program Files/Epic Games/UE_4.14/Engine/Plugins/Developer/PerforceSourceControl/PerforceSourceControl.uplugin
LogPluginManager: Loaded Plugin SubversionSourceControl, From C:/Program Files/Epic Games/UE_4.14/Engine/Plugins/Developer/SubversionSourceControl/SubversionSourceControl.uplugin
LogPluginManager: Loaded Plugin UObjectPlugin, From C:/Program Files/Epic Games/UE_4.14/Engine/Plugins/Developer/UObjectPlugin/UObjectPlugin.uplugin
LogPluginManager: Loaded Plugin VisualStudioSourceCodeAccess, From C:/Program Files/Epic Games/UE_4.14/Engine/Plugins/Developer/VisualStudioSourceCodeAccess/VisualStudioSourceCodeAccess.uplugin
LogPluginManager: Loaded Plugin XCodeSourceCodeAccess, From C:/Program Files/Epic Games/UE_4.14/Engine/Plugins/Developer/XCodeSourceCodeAccess/XCodeSourceCodeAccess.uplugin
LogPluginManager: Loaded Plugin AudioCapture, From C:/Program Files/Epic Games/UE_4.14/Engine/Plugins/Editor/AudioCapture/AudioCapture.uplugin
LogPluginManager: Loaded Plugin EpicSurvey, From C:/Program Files/Epic Games/UE_4.14/Engine/Plugins/Editor/EpicSurvey/EpicSurvey.uplugin
LogPluginManager: Loaded Plugin MacGraphicsSwitching, From C:/Program Files/Epic Games/UE_4.14/Engine/Plugins/Editor/MacGraphicsSwitching/MacGraphicsSwitching.uplugin
LogPluginManager: Loaded Plugin MobileLauncherProfileWizard, From C:/Program Files/Epic Games/UE_4.14/Engine/Plugins/Editor/MobileLauncherProfileWizard/MobileLauncherProfileWizard.uplugin
LogPluginManager: Loaded Plugin PluginBrowser, From C:/Program Files/Epic Games/UE_4.14/Engine/Plugins/Editor/PluginBrowser/PluginBrowser.uplugin
LogPluginManager: Loaded Plugin SpeedTreeImporter, From C:/Program Files/Epic Games/UE_4.14/Engine/Plugins/Editor/SpeedTreeImporter/SpeedTreeImporter.uplugin
LogPluginManager: Loaded Plugin SuperSearchEditor, From C:/Program Files/Epic Games/UE_4.14/Engine/Plugins/Editor/SuperSearchEditor/SuperSearchEditor.uplugin
LogPluginManager: Loaded Plugin AlembicImporter, From C:/Program Files/Epic Games/UE_4.14/Engine/Plugins/Experimental/AlembicImporter/AlembicImporter.uplugin
LogPluginManager: Loaded Plugin BlueprintStats, From C:/Program Files/Epic Games/UE_4.14/Engine/Plugins/Experimental/BlueprintStats/BlueprintStats.uplugin
LogPluginManager: Loaded Plugin CharacterAI, From C:/Program Files/Epic Games/UE_4.14/Engine/Plugins/Experimental/CharacterAI/CharacterAI.uplugin
LogPluginManager: Loaded Plugin CodeEditor, From C:/Program Files/Epic Games/UE_4.14/Engine/Plugins/Experimental/CodeEditor/CodeEditor.uplugin
LogPluginManager: Loaded Plugin CodeView, From C:/Program Files/Epic Games/UE_4.14/Engine/Plugins/Experimental/CodeView/CodeView.uplugin
LogPluginManager: Loaded Plugin HTML5Networking, From C:/Program Files/Epic Games/UE_4.14/Engine/Plugins/Experimental/HTML5Networking/HTML5Networking.uplugin
LogPluginManager: Loaded Plugin OSVR, From C:/Program Files/Epic Games/UE_4.14/Engine/Plugins/Experimental/OSVR/OSVR.uplugin
LogPluginManager: Loaded Plugin Phya, From C:/Program Files/Epic Games/UE_4.14/Engine/Plugins/Experimental/Phya/Phya.uplugin
LogPluginManager: Loaded Plugin SignificanceManager, From C:/Program Files/Epic Games/UE_4.14/Engine/Plugins/Experimental/SignificanceManager/SignificanceManager.uplugin
LogPluginManager: Loaded Plugin SimpleHMD, From C:/Program Files/Epic Games/UE_4.14/Engine/Plugins/Experimental/SimpleHMD/SimpleHMD.uplugin
LogPluginManager: Loaded Plugin StereoPanorama, From C:/Program Files/Epic Games/UE_4.14/Engine/Plugins/Experimental/StereoPanorama/StereoPanorama.uplugin
LogPluginManager: Loaded Plugin StructBox, From C:/Program Files/Epic Games/UE_4.14/Engine/Plugins/Experimental/StructBox/StructBox.uplugin
LogPluginManager: Loaded Plugin AndroidMedia, From C:/Program Files/Epic Games/UE_4.14/Engine/Plugins/Media/AndroidMedia/AndroidMedia.uplugin
LogPluginManager: Loaded Plugin AvfMedia, From C:/Program Files/Epic Games/UE_4.14/Engine/Plugins/Media/AvfMedia/AvfMedia.uplugin
LogPluginManager: Loaded Plugin MediaPlayerEditor, From C:/Program Files/Epic Games/UE_4.14/Engine/Plugins/Media/MediaPlayerEditor/MediaPlayerEditor.uplugin
LogPluginManager: Loaded Plugin WmfMedia, From C:/Program Files/Epic Games/UE_4.14/Engine/Plugins/Media/WmfMedia/WmfMedia.uplugin
LogPluginManager: Loaded Plugin MessagingDebugger, From C:/Program Files/Epic Games/UE_4.14/Engine/Plugins/Messaging/MessagingDebugger/MessagingDebugger.uplugin
LogPluginManager: Loaded Plugin TcpMessaging, From C:/Program Files/Epic Games/UE_4.14/Engine/Plugins/Messaging/TcpMessaging/TcpMessaging.uplugin
LogPluginManager: Loaded Plugin UdpMessaging, From C:/Program Files/Epic Games/UE_4.14/Engine/Plugins/Messaging/UdpMessaging/UdpMessaging.uplugin
LogPluginManager: Loaded Plugin LevelSequenceEditor, From C:/Program Files/Epic Games/UE_4.14/Engine/Plugins/MovieScene/LevelSequenceEditor/LevelSequenceEditor.uplugin
LogPluginManager: Loaded Plugin MatineeToLevelSequence, From C:/Program Files/Epic Games/UE_4.14/Engine/Plugins/MovieScene/MatineeToLevelSequence/MatineeToLevelSequence.uplugin
LogPluginManager: Loaded Plugin NetcodeUnitTest, From C:/Program Files/Epic Games/UE_4.14/Engine/Plugins/NetcodeUnitTest/NetcodeUnitTest/NetcodeUnitTest.uplugin
LogPluginManager: Loaded Plugin NUTUnrealEngine4, From C:/Program Files/Epic Games/UE_4.14/Engine/Plugins/NetcodeUnitTest/NUTUnrealEngine4/NUTUnrealEngine4.uplugin
LogPluginManager: Loaded Plugin OnlineSubsystemGameCircle, From C:/Program Files/Epic Games/UE_4.14/Engine/Plugins/Online/Android/OnlineSubsystemGameCircle/OnlineSubsystemGameCircle.uplugin
LogPluginManager: Loaded Plugin OnlineSubsystemGooglePlay, From C:/Program Files/Epic Games/UE_4.14/Engine/Plugins/Online/Android/OnlineSubsystemGooglePlay/OnlineSubsystemGooglePlay.uplugin
LogPluginManager: Loaded Plugin OnlineSubsystemIOS, From C:/Program Files/Epic Games/UE_4.14/Engine/Plugins/Online/IOS/OnlineSubsystemIOS/OnlineSubsystemIOS.uplugin
LogPluginManager: Loaded Plugin OnlineFramework, From C:/Program Files/Epic Games/UE_4.14/Engine/Plugins/Online/OnlineFramework/OnlineFramework.uplugin
LogPluginManager: Loaded Plugin OnlineSubsystem, From C:/Program Files/Epic Games/UE_4.14/Engine/Plugins/Online/OnlineSubsystem/OnlineSubsystem.uplugin
LogPluginManager: Loaded Plugin OnlineSubsystemAmazon, From C:/Program Files/Epic Games/UE_4.14/Engine/Plugins/Online/OnlineSubsystemAmazon/OnlineSubsystemAmazon.uplugin
LogPluginManager: Loaded Plugin OnlineSubsystemFacebook, From C:/Program Files/Epic Games/UE_4.14/Engine/Plugins/Online/OnlineSubsystemFacebook/OnlineSubsystemFacebook.uplugin
LogPluginManager: Loaded Plugin OnlineSubsystemNull, From C:/Program Files/Epic Games/UE_4.14/Engine/Plugins/Online/OnlineSubsystemNull/OnlineSubsystemNull.uplugin
LogPluginManager: Loaded Plugin OnlineSubsystemOculus, From C:/Program Files/Epic Games/UE_4.14/Engine/Plugins/Online/OnlineSubsystemOculus/OnlineSubsystemOculus.uplugin
LogPluginManager: Loaded Plugin OnlineSubsystemSteam, From C:/Program Files/Epic Games/UE_4.14/Engine/Plugins/Online/OnlineSubsystemSteam/OnlineSubsystemSteam.uplugin
LogPluginManager: Loaded Plugin OnlineSubsystemUtils, From C:/Program Files/Epic Games/UE_4.14/Engine/Plugins/Online/OnlineSubsystemUtils/OnlineSubsystemUtils.uplugin
LogPluginManager: Loaded Plugin IOSTapJoy, From C:/Program Files/Epic Games/UE_4.14/Engine/Plugins/Runtime/Advertising/IOSTapJoy/IOSTapJoy.uplugin
LogPluginManager: Loaded Plugin AnalyticsBlueprintLibrary, From C:/Program Files/Epic Games/UE_4.14/Engine/Plugins/Runtime/Analytics/AnalyticsBlueprintLibrary/AnalyticsBlueprintLibrary.uplugin
LogPluginManager: Loaded Plugin AnalyticsMulticast, From C:/Program Files/Epic Games/UE_4.14/Engine/Plugins/Runtime/Analytics/AnalyticsMulticast/AnalyticsMulticast.uplugin
LogPluginManager: Loaded Plugin Apsalar, From C:/Program Files/Epic Games/UE_4.14/Engine/Plugins/Runtime/Analytics/Apsalar/Apsalar.uplugin
LogPluginManager: Loaded Plugin FileLogging, From C:/Program Files/Epic Games/UE_4.14/Engine/Plugins/Runtime/Analytics/FileLogging/FileLogging.uplugin
LogPluginManager: Loaded Plugin Flurry, From C:/Program Files/Epic Games/UE_4.14/Engine/Plugins/Runtime/Analytics/Flurry/Flurry.uplugin
LogPluginManager: Loaded Plugin AndroidDeviceProfileSelector, From C:/Program Files/Epic Games/UE_4.14/Engine/Plugins/Runtime/AndroidDeviceProfileSelector/AndroidDeviceProfileSelector.uplugin
LogPluginManager: Loaded Plugin AndroidMoviePlayer, From C:/Program Files/Epic Games/UE_4.14/Engine/Plugins/Runtime/AndroidMoviePlayer/AndroidMoviePlayer.uplugin
LogPluginManager: Loaded Plugin AppleMoviePlayer, From C:/Program Files/Epic Games/UE_4.14/Engine/Plugins/Runtime/AppleMoviePlayer/AppleMoviePlayer.uplugin
LogPluginManager: Loaded Plugin ArchVisCharacter, From C:/Program Files/Epic Games/UE_4.14/Engine/Plugins/Runtime/ArchVisCharacter/ArchVisCharacter.uplugin
LogPluginManager: Loaded Plugin CableComponent, From C:/Program Files/Epic Games/UE_4.14/Engine/Plugins/Runtime/CableComponent/CableComponent.uplugin
LogPluginManager: Loaded Plugin CustomMeshComponent, From C:/Program Files/Epic Games/UE_4.14/Engine/Plugins/Runtime/CustomMeshComponent/CustomMeshComponent.uplugin
LogPluginManager: Loaded Plugin ExampleDeviceProfileSelector, From C:/Program Files/Epic Games/UE_4.14/Engine/Plugins/Runtime/ExampleDeviceProfileSelector/ExampleDeviceProfileSelector.uplugin
LogPluginManager: Loaded Plugin GearVR, From C:/Program Files/Epic Games/UE_4.14/Engine/Plugins/Runtime/GearVR/GearVR.uplugin
LogPluginManager: Loaded Plugin GoogleVRController, From C:/Program Files/Epic Games/UE_4.14/Engine/Plugins/Runtime/GoogleVR/GoogleVRController/GoogleVRController.uplugin
LogPluginManager: Loaded Plugin GoogleVRHMD, From C:/Program Files/Epic Games/UE_4.14/Engine/Plugins/Runtime/GoogleVR/GoogleVRHMD/GoogleVRHMD.uplugin
LogPluginManager: Loaded Plugin IOSDeviceProfileSelector, From C:/Program Files/Epic Games/UE_4.14/Engine/Plugins/Runtime/IOSDeviceProfileSelector/IOSDeviceProfileSelector.uplugin
LogPluginManager: Loaded Plugin LeapMotion, From C:/Program Files/Epic Games/UE_4.14/Engine/Plugins/Runtime/LeapMotion/LeapMotion.uplugin
LogPluginManager: Loaded Plugin LinuxDeviceProfileSelector, From C:/Program Files/Epic Games/UE_4.14/Engine/Plugins/Runtime/LinuxDeviceProfileSelector/LinuxDeviceProfileSelector.uplugin
LogPluginManager: Loaded Plugin MIDIDevice, From C:/Program Files/Epic Games/UE_4.14/Engine/Plugins/Runtime/MIDIDevice/MIDIDevice.uplugin
LogPluginManager: Loaded Plugin MobilePatchingUtils, From C:/Program Files/Epic Games/UE_4.14/Engine/Plugins/Runtime/MobilePatchingUtils/MobilePatchingUtils.uplugin
LogPluginManager: Loaded Plugin Ansel, From C:/Program Files/Epic Games/UE_4.14/Engine/Plugins/Runtime/Nvidia/Ansel/Ansel.uplugin
LogPluginManager: Loaded Plugin OculusAudio, From C:/Program Files/Epic Games/UE_4.14/Engine/Plugins/Runtime/OculusAudio/OculusAudio.uplugin
LogPluginManager: Loaded Plugin OculusInput, From C:/Program Files/Epic Games/UE_4.14/Engine/Plugins/Runtime/OculusInput/OculusInput.uplugin
LogPluginManager: Loaded Plugin OculusLibrary, From C:/Program Files/Epic Games/UE_4.14/Engine/Plugins/Runtime/OculusLibrary/OculusLibrary.uplugin
LogPluginManager: Loaded Plugin OculusRift, From C:/Program Files/Epic Games/UE_4.14/Engine/Plugins/Runtime/OculusRift/OculusRift.uplugin
LogPluginManager: Loaded Plugin Oodle, From C:/Program Files/Epic Games/UE_4.14/Engine/Plugins/Runtime/PacketHandlers/CompressionComponents/Oodle/Oodle.uplugin
LogPluginManager: Loaded Plugin ProceduralMeshComponent, From C:/Program Files/Epic Games/UE_4.14/Engine/Plugins/Runtime/ProceduralMeshComponent/ProceduralMeshComponent.uplugin
LogPluginManager: Loaded Plugin SoundMod, From C:/Program Files/Epic Games/UE_4.14/Engine/Plugins/Runtime/SoundMod/SoundMod.uplugin
LogPluginManager: Loaded Plugin SoundVisualizations, From C:/Program Files/Epic Games/UE_4.14/Engine/Plugins/Runtime/SoundVisualizations/SoundVisualizations.uplugin
LogPluginManager: Loaded Plugin SteamController, From C:/Program Files/Epic Games/UE_4.14/Engine/Plugins/Runtime/Steam/SteamController/SteamController.uplugin
LogPluginManager: Loaded Plugin SteamVR, From C:/Program Files/Epic Games/UE_4.14/Engine/Plugins/Runtime/Steam/SteamVR/SteamVR.uplugin
LogPluginManager: Loaded Plugin WebBrowserWidget, From C:/Program Files/Epic Games/UE_4.14/Engine/Plugins/Runtime/WebBrowserWidget/WebBrowserWidget.uplugin
LogPluginManager: Loaded Plugin WindowsDeviceProfileSelector, From C:/Program Files/Epic Games/UE_4.14/Engine/Plugins/Runtime/WindowsDeviceProfileSelector/WindowsDeviceProfileSelector.uplugin
LogPluginManager: Loaded Plugin WindowsMoviePlayer, From C:/Program Files/Epic Games/UE_4.14/Engine/Plugins/Runtime/WindowsMoviePlayer/WindowsMoviePlayer.uplugin
LogPluginManager: Loaded Plugin ScriptPlugin, From C:/Program Files/Epic Games/UE_4.14/Engine/Plugins/ScriptPlugin/ScriptPlugin.uplugin
LogPluginManager: Loaded Plugin SlateRemote, From C:/Program Files/Epic Games/UE_4.14/Engine/Plugins/Slate/SlateRemote/SlateRemote.uplugin
LogPluginManager: Loaded Plugin EditorTests, From C:/Program Files/Epic Games/UE_4.14/Engine/Plugins/Tests/EditorTests/EditorTests.uplugin
LogPluginManager: Loaded Plugin FbxAutomationTestBuilder, From C:/Program Files/Epic Games/UE_4.14/Engine/Plugins/Tests/FbxAutomationTestBuilder/FbxAutomationTestBuilder.uplugin
LogPluginManager: Loaded Plugin FunctionalTestingEditor, From C:/Program Files/Epic Games/UE_4.14/Engine/Plugins/Tests/FunctionalTestingEditor/FunctionalTestingEditor.uplugin
LogPluginManager: Loaded Plugin RuntimeTests, From C:/Program Files/Epic Games/UE_4.14/Engine/Plugins/Tests/RuntimeTests/RuntimeTests.uplugin
LogPluginManager: Loaded Plugin ScreenshotTools, From C:/Program Files/Epic Games/UE_4.14/Engine/Plugins/Tests/ScreenshotTools/ScreenshotTools.uplugin
LogInit: Using libcurl 7.47.1
LogInit:  - built for x86_64-pc-win32
LogInit:  - supports SSL with OpenSSL/1.0.2g
LogInit:  - supports HTTP deflate (compression) using libz 1.2.8
LogInit:  - other features:
LogInit:      CURL_VERSION_SSL
LogInit:      CURL_VERSION_LIBZ
LogInit:      CURL_VERSION_IPV6
LogInit:      CURL_VERSION_ASYNCHDNS
LogInit:      CURL_VERSION_LARGEFILE
LogInit:      CURL_VERSION_IDN
LogInit:  CurlRequestOptions (configurable via config and command line):
LogInit:  - bVerifyPeer = false  - Libcurl will NOT verify peer certificate
LogInit:  - bUseHttpProxy = false  - Libcurl will NOT use HTTP proxy
LogInit:  - bDontReuseConnections = false  - Libcurl will reuse connections
LogInit:  - CertBundlePath = nullptr  - Libcurl will use whatever was configured at build time.
LogInit: Build: ++UE4+Release-4.14-CL-3249277
LogInit: Engine Version: 4.14.3-3249277+++UE4+Release-4.14
LogInit: Compatible Engine Version: 4.14.0-3195953+++UE4+Release-4.14
LogInit: Net CL: 3195953
LogDevObjectVersion: Number of dev versions registered: 13
LogDevObjectVersion:   Dev-Blueprints (B0D832E4-1F89-4F0D-ACCF-7EB736FD4AA2): 7
LogDevObjectVersion:   Dev-Build (E1C64328-A22C-4D53-A36C-8E866417BD8C): 0
LogDevObjectVersion:   Dev-Core (375EC13C-06E4-48FB-B500-84F0262A717E): 1
LogDevObjectVersion:   Dev-Editor (E4B068ED-F494-42E9-A231-DA0B2E46BB41): 8
LogDevObjectVersion:   Dev-Framework (CFFC743F-43B0-4480-9391-14DF171D2073): 17
LogDevObjectVersion:   Dev-Mobile (B02B49B5-BB20-44E9-A304-32B752E40360): 0
LogDevObjectVersion:   Dev-Networking (A4E4105C-59A1-49B5-A7C5-40C4547EDFEE): 0
LogDevObjectVersion:   Dev-Online (39C831C9-5AE6-47DC-9A44-9C173E1C8E7C): 0
LogDevObjectVersion:   Dev-Physics (78F01B33-EBEA-4F98-B9B4-84EACCB95AA2): 0
LogDevObjectVersion:   Dev-Platform (6631380F-2D4D-43E0-8009-CF276956A95A): 0
LogDevObjectVersion:   Dev-Rendering (12F88B9F-8875-4AFC-A67C-D90C383ABD29): 12
LogDevObjectVersion:   Dev-Sequencer (7B5AE74C-D270-4C10-A958-57980B212A5A): 1
LogDevObjectVersion:   Dev-VR (D7296918-1DD6-4BDD-9DE2-64A83CC13884): 0
LogInit: Compiled (64-bit): Jan  6 2017 10:49:43
LogInit: Compiled with Visual C++: 19.00.23026.00
LogInit: Build Configuration: Development
LogInit: Branch Name: ++UE4+Release-4.14
LogInit: Command line: 
LogInit: Base directory: C:/Program Files/Epic Games/UE_4.14/Engine/Binaries/Win64/
LogInit: Installed Engine Build: 1
LogInit: Presizing for max 8388607 objects, including 0 objects not considered by GC, pre-allocating 0 bytes for permanent pool.
LogInit: Object subsystem initialized
[2017.02.15-21.45.28:470][  0]LogInit: Selected Device Profile: [Windows]
[2017.02.15-21.45.28:470][  0]LogInit: Applying CVar settings loaded from the selected device profile: [Windows]
[2017.02.15-21.45.28:555][  0]LogInit: Computer: DESKTOP-C20MVM0
[2017.02.15-21.45.28:555][  0]LogInit: User: ferra
[2017.02.15-21.45.28:556][  0]LogInit: CPU Page size=65536, Cores=2
[2017.02.15-21.45.28:556][  0]LogInit: High frequency timer resolution =3.411590 MHz
[2017.02.15-21.45.28:556][  0]LogMemory: Memory total: Physical=15.9GB (16GB approx)
[2017.02.15-21.45.28:556][  0]LogMemory: Platform Memory Stats for Windows
[2017.02.15-21.45.28:556][  0]LogMemory: Process Physical Memory: 264.69 MB used, 264.69 MB peak
[2017.02.15-21.45.28:556][  0]LogMemory: Process Virtual Memory: 262.39 MB used, 262.39 MB peak
[2017.02.15-21.45.28:556][  0]LogMemory: Physical Memory: 3503.73 MB used,  12797.57 MB free, 16301.30 MB total
[2017.02.15-21.45.28:556][  0]LogMemory: Virtual Memory: 684.02 MB used,  12797.57 MB free, 134217728.00 MB total
[2017.02.15-21.45.29:116][  0]LogInit: Overriding culture en with editor configuration.
[2017.02.15-21.45.34:296][  0]LogD3D11RHI: D3D11 adapters:
[2017.02.15-21.45.35:544][  0]LogD3D11RHI:    0. 'NVIDIA GeForce GTX 745' (Feature Level 11_0)
[2017.02.15-21.45.35:544][  0]LogD3D11RHI:       4063/0/8150 MB DedicatedVideo/DedicatedSystem/SharedSystem, Outputs:2, VendorId:0x10de
[2017.02.15-21.45.35:547][  0]LogD3D11RHI:    1. 'Microsoft Basic Render Driver' (Feature Level 11_0)
[2017.02.15-21.45.35:547][  0]LogD3D11RHI:       0/0/8150 MB DedicatedVideo/DedicatedSystem/SharedSystem, Outputs:0, VendorId:0x1414
[2017.02.15-21.45.35:547][  0]LogD3D11RHI: Chosen D3D11 Adapter: 0
[2017.02.15-21.45.35:559][  0]LogD3D11RHI: Creating new Direct3DDevice
[2017.02.15-21.45.35:559][  0]LogD3D11RHI:     GPU DeviceId: 0x1382 (for the marketing name, search the web for "GPU Device Id")
[2017.02.15-21.45.35:559][  0]LogWindows: EnumDisplayDevices:
[2017.02.15-21.45.35:559][  0]LogWindows:    0. 'NVIDIA GeForce GTX 745' (P:1 D:1)
[2017.02.15-21.45.35:560][  0]LogWindows:    1. 'NVIDIA GeForce GTX 745' (P:0 D:1)
[2017.02.15-21.45.35:560][  0]LogWindows: DebugString: FoundDriverCount:2 
[2017.02.15-21.45.35:560][  0]LogD3D11RHI:     Adapter Name: NVIDIA GeForce GTX 745
[2017.02.15-21.45.35:560][  0]LogD3D11RHI:   Driver Version: 378.49 (internal:21.21.13.7849, unified:378.49)
[2017.02.15-21.45.35:560][  0]LogD3D11RHI:      Driver Date: 1-20-2017
[2017.02.15-21.45.35:560][  0]LogRHI: Texture pool is 1361 MB (70% of 1945 MB)
[2017.02.15-21.45.36:267][  0]LogD3D11RHI: Async texture creation enabled
[2017.02.15-21.45.36:391][  0]LogD3D11RHI: GPU Timing Frequency: 1000.000000 (Debug: 2 1)
[2017.02.15-21.45.36:392][  0]LogShaderCompilers: Guid format shader working directory is -25 characters bigger than the processId version (../../../../../../Users/ferra/Desktop/VANsGame/Mechanics/BasicMechanics/Intermediate/Shaders/WorkingDirectory/2516/).
[2017.02.15-21.45.36:392][  0]LogShaderCompilers: Cleaned the shader compiler working directory 'C:/Users/ferra/AppData/Local/Temp/UnrealShaderWorkingDir/108A0B944CDEDA36F69D31AF4D0C9C10/'.
[2017.02.15-21.45.36:392][  0]LogShaderCompilers:Display: Using Local Shader Compiler.
[2017.02.15-21.45.41:492][  0]LogTemp:Display: Loaded TP AllDesktopTargetPlatform
[2017.02.15-21.45.41:579][  0]LogTemp:Display: Loaded TP MacClientTargetPlatform
[2017.02.15-21.45.41:674][  0]LogTemp:Display: Loaded TP MacNoEditorTargetPlatform
[2017.02.15-21.45.41:773][  0]LogTemp:Display: Loaded TP MacServerTargetPlatform
[2017.02.15-21.45.41:898][  0]LogTemp:Display: Loaded TP MacTargetPlatform
[2017.02.15-21.45.41:998][  0]LogTemp:Display: Loaded TP WindowsClientTargetPlatform
[2017.02.15-21.45.42:093][  0]LogTemp:Display: Loaded TP WindowsNoEditorTargetPlatform
[2017.02.15-21.45.42:189][  0]LogTemp:Display: Loaded TP WindowsServerTargetPlatform
[2017.02.15-21.45.42:263][  0]LogTemp:Display: Loaded TP WindowsTargetPlatform
[2017.02.15-21.45.42:364][  0]LogTemp:Display: Loaded TP AndroidTargetPlatform
[2017.02.15-21.45.42:454][  0]LogTemp:Display: Loaded TP Android_ASTCTargetPlatform
[2017.02.15-21.45.42:548][  0]LogTemp:Display: Loaded TP Android_ATCTargetPlatform
[2017.02.15-21.45.42:650][  0]LogTemp:Display: Loaded TP Android_DXTTargetPlatform
[2017.02.15-21.45.42:743][  0]LogTemp:Display: Loaded TP Android_ETC1TargetPlatform
[2017.02.15-21.45.42:828][  0]LogTemp:Display: Loaded TP Android_ETC2TargetPlatform
[2017.02.15-21.45.43:003][  0]LogTemp:Display: Loaded TP Android_MultiTargetPlatform
[2017.02.15-21.45.43:003][  0]LogTemp:Display: Loaded TP Android_PVRTCTargetPlatform
[2017.02.15-21.45.43:069][  0]LogTemp:Display: Loaded TP HTML5TargetPlatform
[2017.02.15-21.45.43:261][  0]LogTemp:Display: Loaded TP IOSTargetPlatform
[2017.02.15-21.45.43:324][  0]LogTemp:Display: Loaded TP TVOSTargetPlatform
[2017.02.15-21.45.43:420][  0]LogTemp:Display: Loaded TP LinuxClientTargetPlatform
[2017.02.15-21.45.43:507][  0]LogTemp:Display: Loaded TP LinuxNoEditorTargetPlatform
[2017.02.15-21.45.43:605][  0]LogTemp:Display: Loaded TP LinuxServerTargetPlatform
[2017.02.15-21.45.43:739][  0]LogTemp:Display: Loaded TP LinuxTargetPlatform
[2017.02.15-21.45.43:739][  0]LogTargetPlatformManager:Display: Building Assets For Windows
[2017.02.15-21.45.45:320][  0]LogDerivedDataCache:Display: Max Cache Size: 512 MB
[2017.02.15-21.45.45:866][  0]LogDerivedDataCache: Loaded boot cache 0.55s 50MB C:/Users/ferra/AppData/Local/UnrealEngine/4.14/DerivedDataCache/Boot.ddc.
[2017.02.15-21.45.45:866][  0]LogDerivedDataCache:Display: Loaded Boot cache: C:/Users/ferra/AppData/Local/UnrealEngine/4.14/DerivedDataCache/Boot.ddc
[2017.02.15-21.45.45:866][  0]LogDerivedDataCache: FDerivedDataBackendGraph:  Pak pak cache file ../../../../../../Users/ferra/Desktop/VANsGame/Mechanics/BasicMechanics/DerivedDataCache/DDC.ddp not found, will not use a pak cache.
[2017.02.15-21.45.45:866][  0]LogDerivedDataCache: Unable to find inner node Pak for hierarchical cache Hierarchy.
[2017.02.15-21.45.45:866][  0]LogDerivedDataCache: FDerivedDataBackendGraph:  CompressedPak pak cache file ../../../../../../Users/ferra/Desktop/VANsGame/Mechanics/BasicMechanics/DerivedDataCache/Compressed.ddp not found, will not use a pak cache.
[2017.02.15-21.45.45:866][  0]LogDerivedDataCache: Unable to find inner node CompressedPak for hierarchical cache Hierarchy.
[2017.02.15-21.45.45:929][  0]LogDerivedDataCache:Display: Pak cache opened for reading ../../../Engine/DerivedDataCache/Compressed.ddp.
[2017.02.15-21.45.45:954][  0]LogDerivedDataCache: Using Local data cache path C:/Users/ferra/AppData/Local/UnrealEngine/Common/DerivedDataCache: Writable
[2017.02.15-21.45.52:996][  0]LogInit: Selected Device Profile: [Windows]
[2017.02.15-21.45.53:033][  0]LogContentStreaming: Texture pool size is 0.00 MB
[2017.02.15-21.45.53:736][  0]LogMeshUtilities: Using QuadricMeshReduction for automatic static mesh reduction
[2017.02.15-21.45.53:907][  0]LogSimplygon: Simplygon DLL not present - disabling.
[2017.02.15-21.45.54:012][  0]LogMeshUtilities: Using SimplygonSwarm for distributed automatic mesh merging
[2017.02.15-21.45.54:012][  0]LogMeshUtilities: No automatic skeletal mesh reduction module available
[2017.02.15-21.45.54:012][  0]LogMeshUtilities: No automatic mesh merging module available
[2017.02.15-21.45.57:683][  0]LogNetVersion: GetLocalNetworkVersion: CL: 3195953, ProjectName: basicmechanics, ProjectVersion: , EngineNetworkVersion: 2, GameNetworkVersion: 0, NetworkChecksum: 1363929391
[2017.02.15-21.45.57:878][  0]LogAssetRegistry: FAssetRegistry took 0.0219 seconds to start up
[2017.02.15-21.45.57:963][  0]LogPackageLocalizationCache: Processed 3 localized package path(s) for 1 prioritized culture(s) in 0.039805 seconds
[2017.02.15-21.45.57:972][  0]LogUObjectArray: 31946 objects as part of root set at end of initial load.
[2017.02.15-21.45.57:972][  0]LogUObjectAllocator: 6935848 out of 0 bytes used by permanent object pool.
[2017.02.15-21.45.57:972][  0]LogUObjectArray: CloseDisregardForGC: 0/0 objects in disregard for GC pool
[2017.02.15-21.45.58:098][  0]LogInit: WinSock: version 1.1 (2.2), MaxSocks=32767, MaxUdp=65467
[2017.02.15-21.46.02:205][  0]LogSlate: Using Freetype 2.6.0
[2017.02.15-21.46.02:241][  0]LogSlate: SlateFontCache - WITH_FREETYPE: 1, WITH_HARFBUZZ: 1
[2017.02.15-21.46.02:241][  0]LogSlate: SlateFontCache - WITH_FREETYPE: 1, WITH_HARFBUZZ: 1
[2017.02.15-21.46.29:457][  0]LogTcpMessaging: Initializing TcpMessaging bridge
[2017.02.15-21.46.29:522][  0]LogUdpMessaging: Initializing bridge on interface 0.0.0.0:0 to multicast group 230.0.0.1:6666.
[2017.02.15-21.46.31:016][  0]LogMaterial: Uniform references updated for custom material expression Custom.
[2017.02.15-21.46.32:017][  0]SourceControl: Info Source control is disabled
[2017.02.15-21.46.32:018][  0]SourceControl: Info Source control is disabled
[2017.02.15-21.46.32:220][  0]SourceControl: Info Source control is disabled
[2017.02.15-21.46.32:462][  0]SourceControl: Info Source control is disabled
[2017.02.15-21.46.36:815][  0]LogEngine: Initializing Engine...
[2017.02.15-21.46.36:842][  0]LogHMD: Failed to initialize OpenVR with code 110
[2017.02.15-21.46.37:590][  0]LogAIModule: Creating AISystem for world Untitled
[2017.02.15-21.46.37:647][  0]LogInit: XAudio2 using 'Altavoces (Realtek High Definition Audio)' : 2 channels at 48 kHz using 32 bits per sample (channel mask 0x3)
[2017.02.15-21.46.37:667][  0]LogInit: FAudioDevice initialized.
[2017.02.15-21.46.37:740][  0]LogDerivedDataCache: Saved boot cache 0.07s 50MB C:/Users/ferra/AppData/Local/UnrealEngine/4.14/DerivedDataCache/Boot.ddc.
[2017.02.15-21.46.37:761][  0]LogInit: Texture streaming: Enabled
[2017.02.15-21.46.38:437][  0]LogInit: Transaction tracking system initialized
[2017.02.15-21.46.40:586][  0]BlueprintLog: New page: Editor Load
[2017.02.15-21.46.44:918][  0]LocalizationService: Info Localization service is disabled
[2017.02.15-21.46.48:138][  0]LogConsoleResponse:Display: 
[2017.02.15-21.46.50:648][  0]LogCook:Display: Max memory allowance for cook 16384mb min free memory 0mb
[2017.02.15-21.46.50:648][  0]LogCook:Display: Mobile HDR setting 1
[2017.02.15-21.46.50:947][  0]LogFileCache: Scanning file cache for directory 'C:/Users/ferra/Desktop/VANsGame/Mechanics/BasicMechanics/Content/' took 0.02s
[2017.02.15-21.46.55:025][  0]SourceControl: Info Source control is disabled
[2017.02.15-21.46.55:025][  0]Cmd: MAP LOAD FILE="../../../../../../Users/ferra/Desktop/VANsGame/Mechanics/BasicMechanics/Content/StarterContent/Maps/Minimal_Default.umap" TEMPLATE=0 SHOWPROGRESS=1 FEATURELEVEL=3
[2017.02.15-21.46.55:069][  0]LightingResults: New page: Lighting Build
[2017.02.15-21.46.55:173][  0]MapCheck: New page: Map Check
[2017.02.15-21.46.55:173][  0]LightingResults: New page: Lighting Build
[2017.02.15-21.47.00:254][  0]LogAIModule: Creating AISystem for world Minimal_Default
[2017.02.15-21.47.00:256][  0]LogActorComponent: RegisterComponentWithWorld: (/Game/StarterContent/Maps/Minimal_Default.Minimal_Default:PersistentLevel.WorldSettings_1.StaticMeshComponent0) Trying to register component with IsPendingKill() == true. Aborting.
[2017.02.15-21.47.00:647][  0]LogEditorServer: Finished looking for orphan Actors (0.000 secs)
[2017.02.15-21.47.00:648][  0]Cmd: MAP CHECKDEP NOCLEARLOG
[2017.02.15-21.47.00:718][  0]MapCheck: Info Map check complete: 0 Error(s), 0 Warning(s), took 70.262ms to complete.
[2017.02.15-21.47.00:718][  0]LogFileHelpers: Loading map 'Minimal_Default' took 5.693
[2017.02.15-21.47.01:886][  0]LogCollectionManager: Loaded 0 collections in 0.003000 seconds
[2017.02.15-21.47.02:461][  0]LogFileCache: Scanning file cache for directory 'C:/Users/ferra/Desktop/VANsGame/Mechanics/BasicMechanics/Saved/Collections/' took 0.01s
[2017.02.15-21.47.02:461][  0]LogFileCache: Scanning file cache for directory 'C:/Users/ferra/Desktop/VANsGame/Mechanics/BasicMechanics/Content/Developers/ferra/Collections/' took 0.01s
[2017.02.15-21.47.02:461][  0]LogFileCache: Scanning file cache for directory 'C:/Users/ferra/Desktop/VANsGame/Mechanics/BasicMechanics/Content/Collections/' took 0.01s
[2017.02.15-21.47.02:461][  0]LogCollectionManager: Rebuilt the GUID cache for 0 collections in 0.000021 seconds
[2017.02.15-21.47.02:509][  0]LogContentBrowser: Native class hierarchy populated in 0.0476 seconds. Added 2190 classes and 428 folders.
[2017.02.15-21.47.03:447][  0]LogStats: UGameplayTagsManager::ConstructGameplayTagTree: Construct from data asset -  0.000 s
[2017.02.15-21.47.03:483][  0]LogStats: UGameplayTagsManager::ConstructGameplayTagTree: GameplayTagTreeChangedEvent.Broadcast -  0.035 s
[2017.02.15-21.47.03:524][  0]LogContentBrowser: Native class hierarchy updated for 'GameplayTags' in 0.0009 seconds. Added 13 classes and 0 folders.
[2017.02.15-21.47.03:701][  0]LogContentBrowser: Native class hierarchy updated for 'WidgetCarousel' in 0.0007 seconds. Added 0 classes and 0 folders.
[2017.02.15-21.47.10:249][  0]LogContentBrowser: Native class hierarchy updated for 'AddContentDialog' in 0.0008 seconds. Added 0 classes and 0 folders.
[2017.02.15-21.47.10:356][  0]LogContentBrowser: Native class hierarchy updated for 'SceneOutliner' in 0.0008 seconds. Added 1 classes and 2 folders.
[2017.02.15-21.47.10:451][  0]LogCrashTracker: Crashtracker disabled due to settings.
[2017.02.15-21.47.10:461][  0]LogUObjectGlobals:Warning: Failed to find object 'Class None.'
[2017.02.15-21.47.11:265][  0]LogContentBrowser: Native class hierarchy updated for 'HierarchicalLODOutliner' in 0.0016 seconds. Added 1 classes and 2 folders.
[2017.02.15-21.47.11:266][  0]LogLoad: (Engine Initialization) Total time: 515.57 seconds
[2017.02.15-21.47.11:266][  0]LogLoad: (Engine Initialization) Total Blueprint compile time: 0.31 seconds
[2017.02.15-21.47.11:266][  0]LogExternalProfiler: No external profilers were discovered.  External profiling features will not be available.
[2017.02.15-21.47.11:606][  0]LogOcInput: OculusInput pre-init called
[2017.02.15-21.47.11:681][  0]LogContentStreaming: Texture pool size now 1000 MB
[2017.02.15-21.47.12:899][  0]LogRenderer: Reallocating scene render targets to support 1208x624 NumSamples 1 (Frame:2).
[2017.02.15-21.47.13:029][  1]LogFileCache: Retrieving MD5 hashes for directory 'C:/Users/ferra/Desktop/VANsGame/Mechanics/BasicMechanics/Content/' took 1.37s
[2017.02.15-21.47.15:630][  8]LogAssetRegistry: Asset discovery search completed in 77.7730 seconds
[2017.02.15-21.47.15:630][  8]LogCollectionManager: Rebuilt the object cache for 0 collections in 0.000001 seconds (found 0 objects)
[2017.02.15-21.47.15:630][  8]LogCollectionManager: Fixed up redirectors for 0 collections in 0.000018 seconds (updated 0 objects)
[2017.02.15-22.33.00:266][722]LogAIModule: Creating AISystem for world Village
[2017.02.15-22.33.00:324][722]Cmd: MAP LOAD FILE="../../../../../../Users/ferra/Desktop/VANsGame/Mechanics/BasicMechanics/Content/Levels/Village.umap" TEMPLATE=0 SHOWPROGRESS=1 FEATURELEVEL=3
[2017.02.15-22.33.00:324][722]LightingResults: New page: Lighting Build
[2017.02.15-22.33.00:325][722]LoadErrors: New page: Loading map: Village.umap
[2017.02.15-22.33.00:326][722]MapCheck: New page: Map Check
[2017.02.15-22.33.00:326][722]LightingResults: New page: Lighting Build
[2017.02.15-22.33.00:361][722]LogEditorServer: Finished looking for orphan Actors (0.000 secs)
[2017.02.15-22.33.00:452][722]Cmd: MAP CHECKDEP NOCLEARLOG
[2017.02.15-22.33.00:539][722]MapCheck: Info Map check complete: 0 Error(s), 0 Warning(s), took 87.466ms to complete.
[2017.02.15-22.33.00:541][722]LogFileHelpers: Loading map 'Village' took 0.219
[2017.02.15-22.33.04:866][937]LogTemp: Repeting last play command: New Editor Window (PIE)
[2017.02.15-22.33.04:906][937]LogPlayLevel: PlayLevel: No blueprints needed recompiling
[2017.02.15-22.33.04:907][937]PIE: New page: PIE session: Village (Feb 16, 2017, 12:33:04 AM)
[2017.02.15-22.33.04:907][937]LogPlayLevel: Creating play world package: /Game/Levels/UEDPIE_0_Village
[2017.02.15-22.33.04:911][937]LogPlayLevel: PIE: StaticDuplicateObject took: (0.003756s)
[2017.02.15-22.33.04:911][937]LogAIModule: Creating AISystem for world Village
[2017.02.15-22.33.04:912][937]LogPlayLevel: PIE: World Init took: (0.001112s)
[2017.02.15-22.33.04:912][937]LogPlayLevel: PIE: Created PIE world by copying editor world from /Game/Levels/Village.Village to /Game/Levels/UEDPIE_0_Village.Village (0.005185s)
[2017.02.15-22.33.04:944][937]LogInit: XAudio2 using 'Altavoces (Realtek High Definition Audio)' : 2 channels at 48 kHz using 32 bits per sample (channel mask 0x3)
[2017.02.15-22.33.04:960][937]LogInit: FAudioDevice initialized.
[2017.02.15-22.33.05:045][937]LogLoad: Game class is 'GameModeBase'
[2017.02.15-22.33.05:048][937]LogWorld: Bringing World /Game/Levels/UEDPIE_0_Village.Village up for play (max tick rate 0) at 2017.02.15-23.33.05
[2017.02.15-22.33.05:049][937]LogWorld: Bringing up level for play took: 0.003587
[2017.02.15-22.33.05:120][937]LogContentBrowser: Native class hierarchy updated for 'MovieSceneCapture' in 0.0009 seconds. Added 11 classes and 0 folders.
[2017.02.15-22.33.05:127][937]PIE: Info Play in editor start time for /Game/Levels/UEDPIE_0_Village -0.489
[2017.02.15-22.33.05:166][937]LogRenderer: Reallocating scene render targets to support 1292x756 NumSamples 1 (Frame:6999).
[2017.02.15-22.33.21:935][697]LogContentBrowser: Native class hierarchy updated for 'BlueprintGraph' in 0.0014 seconds. Added 111 classes and 0 folders.
[2017.02.15-22.34.00:000][122]BlueprintLog: New page: Compile VAN
[2017.02.15-22.34.01:804][147]LogTemp: Repeting last play command: New Editor Window (PIE)
[2017.02.15-22.34.01:856][147]LogPlayLevel: PlayLevel: No blueprints needed recompiling
[2017.02.15-22.34.01:856][147]PIE: New page: PIE session: Village (Feb 16, 2017, 12:34:01 AM)
[2017.02.15-22.34.01:856][147]LogPlayLevel: Creating play world package: /Game/Levels/UEDPIE_0_Village
[2017.02.15-22.34.01:860][147]LogPlayLevel: PIE: StaticDuplicateObject took: (0.003643s)
[2017.02.15-22.34.01:861][147]LogAIModule: Creating AISystem for world Village
[2017.02.15-22.34.01:861][147]LogPlayLevel: PIE: World Init took: (0.001163s)
[2017.02.15-22.34.01:862][147]LogPlayLevel: PIE: Created PIE world by copying editor world from /Game/Levels/Village.Village to /Game/Levels/UEDPIE_0_Village.Village (0.005102s)
[2017.02.15-22.34.01:913][147]LogInit: XAudio2 using 'Altavoces (Realtek High Definition Audio)' : 2 channels at 48 kHz using 32 bits per sample (channel mask 0x3)
[2017.02.15-22.34.01:926][147]LogInit: FAudioDevice initialized.
[2017.02.15-22.34.01:996][147]LogLoad: Game class is 'GameModeBase'
[2017.02.15-22.34.01:999][147]LogWorld: Bringing World /Game/Levels/UEDPIE_0_Village.Village up for play (max tick rate 0) at 2017.02.15-23.34.01
[2017.02.15-22.34.02:000][147]LogWorld: Bringing up level for play took: 0.003198
[2017.02.15-22.34.02:018][147]PIE: Info Play in editor start time for /Game/Levels/UEDPIE_0_Village 0.402
[2017.02.15-22.34.11:729][512]BlueprintLog: New page: Compile VAN
[2017.02.15-22.34.12:852][515]LogD3D11RHI: Timed out while waiting for GPU to catch up. (0.5 s)
[2017.02.15-22.34.13:549][539]LogTemp: Repeting last play command: New Editor Window (PIE)
[2017.02.15-22.34.13:598][539]LogPlayLevel: PlayLevel: No blueprints needed recompiling
[2017.02.15-22.34.13:599][539]PIE: New page: PIE session: Village (Feb 16, 2017, 12:34:13 AM)
[2017.02.15-22.34.13:599][539]LogPlayLevel: Creating play world package: /Game/Levels/UEDPIE_0_Village
[2017.02.15-22.34.13:603][539]LogPlayLevel: PIE: StaticDuplicateObject took: (0.004550s)
[2017.02.15-22.34.13:605][539]LogAIModule: Creating AISystem for world Village
[2017.02.15-22.34.13:605][539]LogPlayLevel: PIE: World Init took: (0.001979s)
[2017.02.15-22.34.13:606][539]LogPlayLevel: PIE: Created PIE world by copying editor world from /Game/Levels/Village.Village to /Game/Levels/UEDPIE_0_Village.Village (0.006979s)
[2017.02.15-22.34.13:660][539]LogInit: XAudio2 using 'Altavoces (Realtek High Definition Audio)' : 2 channels at 48 kHz using 32 bits per sample (channel mask 0x3)
[2017.02.15-22.34.13:674][539]LogInit: FAudioDevice initialized.
[2017.02.15-22.34.13:742][539]LogLoad: Game class is 'GameModeBase'
[2017.02.15-22.34.13:746][539]LogWorld: Bringing World /Game/Levels/UEDPIE_0_Village.Village up for play (max tick rate 0) at 2017.02.15-23.34.13
[2017.02.15-22.34.13:746][539]LogWorld: Bringing up level for play took: 0.003186
[2017.02.15-22.34.13:764][539]PIE: Info Play in editor start time for /Game/Levels/UEDPIE_0_Village 0.148
[2017.02.15-22.34.33:043][308]LogTemp: Repeting last play command: New Editor Window (PIE)
[2017.02.15-22.34.33:088][308]BlueprintLog: New page: Pre-Play auto-recompile
[2017.02.15-22.34.33:088][308]LogPlayLevel: [PlayLevel] Compiling VAN before play...
[2017.02.15-22.34.33:414][308]LogPlayLevel: PlayLevel: Blueprint regeneration took 326 ms (1 blueprints)
[2017.02.15-22.34.33:414][308]PIE: New page: PIE session: Village (Feb 16, 2017, 12:34:33 AM)
[2017.02.15-22.34.33:414][308]LogPlayLevel: Creating play world package: /Game/Levels/UEDPIE_0_Village
[2017.02.15-22.34.33:418][308]LogPlayLevel: PIE: StaticDuplicateObject took: (0.003593s)
[2017.02.15-22.34.33:419][308]LogAIModule: Creating AISystem for world Village
[2017.02.15-22.34.33:419][308]LogPlayLevel: PIE: World Init took: (0.000951s)
[2017.02.15-22.34.33:419][308]LogPlayLevel: PIE: Created PIE world by copying editor world from /Game/Levels/Village.Village to /Game/Levels/UEDPIE_0_Village.Village (0.004827s)
[2017.02.15-22.34.33:466][308]LogInit: XAudio2 using 'Altavoces (Realtek High Definition Audio)' : 2 channels at 48 kHz using 32 bits per sample (channel mask 0x3)
[2017.02.15-22.34.33:479][308]LogInit: FAudioDevice initialized.
[2017.02.15-22.34.33:553][308]LogLoad: Game class is 'GameModeBase'
[2017.02.15-22.34.33:556][308]LogWorld: Bringing World /Game/Levels/UEDPIE_0_Village.Village up for play (max tick rate 0) at 2017.02.15-23.34.33
[2017.02.15-22.34.33:557][308]LogWorld: Bringing up level for play took: 0.003140
[2017.02.15-22.34.33:579][308]PIE: Info Play in editor start time for /Game/Levels/UEDPIE_0_Village -0.037
[2017.02.15-22.34.34:648][312]LogD3D11RHI: Timed out while waiting for GPU to catch up. (0.5 s)
[2017.02.15-22.34.37:860][417]LogTemp: Repeting last play command: New Editor Window (PIE)
[2017.02.15-22.34.37:910][417]LogPlayLevel: PlayLevel: No blueprints needed recompiling
[2017.02.15-22.34.37:910][417]PIE: New page: PIE session: Village (Feb 16, 2017, 12:34:37 AM)
[2017.02.15-22.34.37:910][417]LogPlayLevel: Creating play world package: /Game/Levels/UEDPIE_0_Village
[2017.02.15-22.34.37:914][417]LogPlayLevel: PIE: StaticDuplicateObject took: (0.003677s)
[2017.02.15-22.34.37:914][417]LogAIModule: Creating AISystem for world Village
[2017.02.15-22.34.37:915][417]LogPlayLevel: PIE: World Init took: (0.001064s)
[2017.02.15-22.34.37:915][417]LogPlayLevel: PIE: Created PIE world by copying editor world from /Game/Levels/Village.Village to /Game/Levels/UEDPIE_0_Village.Village (0.005050s)
[2017.02.15-22.34.37:975][417]LogInit: XAudio2 using 'Altavoces (Realtek High Definition Audio)' : 2 channels at 48 kHz using 32 bits per sample (channel mask 0x3)
[2017.02.15-22.34.37:988][417]LogInit: FAudioDevice initialized.
[2017.02.15-22.34.38:063][417]LogLoad: Game class is 'GameModeBase'
[2017.02.15-22.34.38:066][417]LogWorld: Bringing World /Game/Levels/UEDPIE_0_Village.Village up for play (max tick rate 0) at 2017.02.15-23.34.38
[2017.02.15-22.34.38:066][417]LogWorld: Bringing up level for play took: 0.002905
[2017.02.15-22.34.38:086][417]PIE: Info Play in editor start time for /Game/Levels/UEDPIE_0_Village 0.47
[2017.02.15-22.34.47:865][796]LogTemp: Repeting last play command: New Editor Window (PIE)
[2017.02.15-22.34.47:906][796]BlueprintLog: New page: Pre-Play auto-recompile
[2017.02.15-22.34.47:906][796]LogPlayLevel: [PlayLevel] Compiling VAN before play...
[2017.02.15-22.34.48:233][796]LogPlayLevel: PlayLevel: Blueprint regeneration took 327 ms (1 blueprints)
[2017.02.15-22.34.48:234][796]PIE: New page: PIE session: Village (Feb 16, 2017, 12:34:48 AM)
[2017.02.15-22.34.48:234][796]LogPlayLevel: Creating play world package: /Game/Levels/UEDPIE_0_Village
[2017.02.15-22.34.48:237][796]LogPlayLevel: PIE: StaticDuplicateObject took: (0.003438s)
[2017.02.15-22.34.48:238][796]LogAIModule: Creating AISystem for world Village
[2017.02.15-22.34.48:239][796]LogPlayLevel: PIE: World Init took: (0.000936s)
[2017.02.15-22.34.48:239][796]LogPlayLevel: PIE: Created PIE world by copying editor world from /Game/Levels/Village.Village to /Game/Levels/UEDPIE_0_Village.Village (0.004652s)
[2017.02.15-22.34.48:288][796]LogInit: XAudio2 using 'Altavoces (Realtek High Definition Audio)' : 2 channels at 48 kHz using 32 bits per sample (channel mask 0x3)
[2017.02.15-22.34.48:305][796]LogInit: FAudioDevice initialized.
[2017.02.15-22.34.48:382][796]LogLoad: Game class is 'GameModeBase'
[2017.02.15-22.34.48:386][796]LogWorld: Bringing World /Game/Levels/UEDPIE_0_Village.Village up for play (max tick rate 0) at 2017.02.15-23.34.48
[2017.02.15-22.34.48:387][796]LogWorld: Bringing up level for play took: 0.004684
[2017.02.15-22.34.48:408][796]PIE: Info Play in editor start time for /Game/Levels/UEDPIE_0_Village 0.792
[2017.02.15-22.34.49:443][800]LogD3D11RHI: Timed out while waiting for GPU to catch up. (0.5 s)
[2017.02.15-22.35.06:472][474]LogTemp: Repeting last play command: New Editor Window (PIE)
[2017.02.15-22.35.06:513][474]BlueprintLog: New page: Pre-Play auto-recompile
[2017.02.15-22.35.06:513][474]LogPlayLevel: [PlayLevel] Compiling VAN before play...
[2017.02.15-22.35.06:839][474]LogPlayLevel: PlayLevel: Blueprint regeneration took 326 ms (1 blueprints)
[2017.02.15-22.35.06:840][474]PIE: New page: PIE session: Village (Feb 16, 2017, 12:35:06 AM)
[2017.02.15-22.35.06:840][474]LogPlayLevel: Creating play world package: /Game/Levels/UEDPIE_0_Village
[2017.02.15-22.35.06:844][474]LogPlayLevel: PIE: StaticDuplicateObject took: (0.004319s)
[2017.02.15-22.35.06:845][474]LogAIModule: Creating AISystem for world Village
[2017.02.15-22.35.06:845][474]LogPlayLevel: PIE: World Init took: (0.000948s)
[2017.02.15-22.35.06:845][474]LogPlayLevel: PIE: Created PIE world by copying editor world from /Game/Levels/Village.Village to /Game/Levels/UEDPIE_0_Village.Village (0.005570s)
[2017.02.15-22.35.06:902][474]LogInit: XAudio2 using 'Altavoces (Realtek High Definition Audio)' : 2 channels at 48 kHz using 32 bits per sample (channel mask 0x3)
[2017.02.15-22.35.06:919][474]LogInit: FAudioDevice initialized.
[2017.02.15-22.35.06:990][474]LogLoad: Game class is 'GameModeBase'
[2017.02.15-22.35.06:994][474]LogWorld: Bringing World /Game/Levels/UEDPIE_0_Village.Village up for play (max tick rate 0) at 2017.02.15-23.35.06
[2017.02.15-22.35.06:994][474]LogWorld: Bringing up level for play took: 0.003073
[2017.02.15-22.35.07:014][474]PIE: Info Play in editor start time for /Game/Levels/UEDPIE_0_Village 1.398
[2017.02.15-22.35.11:884][615]LogTemp: Repeting last play command: New Editor Window (PIE)
[2017.02.15-22.35.11:927][615]LogPlayLevel: PlayLevel: No blueprints needed recompiling
[2017.02.15-22.35.11:927][615]PIE: New page: PIE session: Village (Feb 16, 2017, 12:35:11 AM)
[2017.02.15-22.35.11:927][615]LogPlayLevel: Creating play world package: /Game/Levels/UEDPIE_0_Village
[2017.02.15-22.35.11:931][615]LogPlayLevel: PIE: StaticDuplicateObject took: (0.003934s)
[2017.02.15-22.35.11:932][615]LogAIModule: Creating AISystem for world Village
[2017.02.15-22.35.11:932][615]LogPlayLevel: PIE: World Init took: (0.001283s)
[2017.02.15-22.35.11:933][615]LogPlayLevel: PIE: Created PIE world by copying editor world from /Game/Levels/Village.Village to /Game/Levels/UEDPIE_0_Village.Village (0.005687s)
[2017.02.15-22.35.11:995][615]LogInit: XAudio2 using 'Altavoces (Realtek High Definition Audio)' : 2 channels at 48 kHz using 32 bits per sample (channel mask 0x3)
[2017.02.15-22.35.12:008][615]LogInit: FAudioDevice initialized.
[2017.02.15-22.35.12:081][615]LogLoad: Game class is 'GameModeBase'
[2017.02.15-22.35.12:084][615]LogWorld: Bringing World /Game/Levels/UEDPIE_0_Village.Village up for play (max tick rate 0) at 2017.02.15-23.35.12
[2017.02.15-22.35.12:085][615]LogWorld: Bringing up level for play took: 0.003400
[2017.02.15-22.35.12:106][615]PIE: Info Play in editor start time for /Game/Levels/UEDPIE_0_Village 0.49
[2017.02.15-22.36.35:961][764]LogTemp: Repeting last play command: New Editor Window (PIE)
[2017.02.15-22.36.36:014][764]BlueprintLog: New page: Pre-Play auto-recompile
[2017.02.15-22.36.36:014][764]LogPlayLevel: [PlayLevel] Compiling VAN before play...
[2017.02.15-22.36.36:363][764]LogPlayLevel: PlayLevel: Blueprint regeneration took 349 ms (1 blueprints)
[2017.02.15-22.36.36:363][764]PIE: New page: PIE session: Village (Feb 16, 2017, 12:36:36 AM)
[2017.02.15-22.36.36:363][764]LogPlayLevel: Creating play world package: /Game/Levels/UEDPIE_0_Village
[2017.02.15-22.36.36:367][764]LogPlayLevel: PIE: StaticDuplicateObject took: (0.003394s)
[2017.02.15-22.36.36:367][764]LogAIModule: Creating AISystem for world Village
[2017.02.15-22.36.36:368][764]LogPlayLevel: PIE: World Init took: (0.000996s)
[2017.02.15-22.36.36:368][764]LogPlayLevel: PIE: Created PIE world by copying editor world from /Game/Levels/Village.Village to /Game/Levels/UEDPIE_0_Village.Village (0.004683s)
[2017.02.15-22.36.36:425][764]LogInit: XAudio2 using 'Altavoces (Realtek High Definition Audio)' : 2 channels at 48 kHz using 32 bits per sample (channel mask 0x3)
[2017.02.15-22.36.36:439][764]LogInit: FAudioDevice initialized.
[2017.02.15-22.36.36:513][764]LogLoad: Game class is 'GameModeBase'
[2017.02.15-22.36.36:516][764]LogWorld: Bringing World /Game/Levels/UEDPIE_0_Village.Village up for play (max tick rate 0) at 2017.02.15-23.36.36
[2017.02.15-22.36.36:516][764]LogWorld: Bringing up level for play took: 0.003273
[2017.02.15-22.36.36:536][764]PIE: Info Play in editor start time for /Game/Levels/UEDPIE_0_Village 0.92
[2017.02.15-22.36.52:839][357]LogTemp: Repeting last play command: New Editor Window (PIE)
[2017.02.15-22.36.52:883][357]BlueprintLog: New page: Pre-Play auto-recompile
[2017.02.15-22.36.52:883][357]LogPlayLevel: [PlayLevel] Compiling VAN before play...
[2017.02.15-22.36.53:233][357]LogPlayLevel: PlayLevel: Blueprint regeneration took 349 ms (1 blueprints)
[2017.02.15-22.36.53:233][357]PIE: New page: PIE session: Village (Feb 16, 2017, 12:36:53 AM)
[2017.02.15-22.36.53:233][357]LogPlayLevel: Creating play world package: /Game/Levels/UEDPIE_0_Village
[2017.02.15-22.36.53:237][357]LogPlayLevel: PIE: StaticDuplicateObject took: (0.003470s)
[2017.02.15-22.36.53:237][357]LogAIModule: Creating AISystem for world Village
[2017.02.15-22.36.53:238][357]LogPlayLevel: PIE: World Init took: (0.000948s)
[2017.02.15-22.36.53:238][357]LogPlayLevel: PIE: Created PIE world by copying editor world from /Game/Levels/Village.Village to /Game/Levels/UEDPIE_0_Village.Village (0.004708s)
[2017.02.15-22.36.53:294][357]LogInit: XAudio2 using 'Altavoces (Realtek High Definition Audio)' : 2 channels at 48 kHz using 32 bits per sample (channel mask 0x3)
[2017.02.15-22.36.53:309][357]LogInit: FAudioDevice initialized.
[2017.02.15-22.36.53:378][357]LogLoad: Game class is 'GameModeBase'
[2017.02.15-22.36.53:381][357]LogWorld: Bringing World /Game/Levels/UEDPIE_0_Village.Village up for play (max tick rate 0) at 2017.02.15-23.36.53
[2017.02.15-22.36.53:381][357]LogWorld: Bringing up level for play took: 0.003258
[2017.02.15-22.36.53:400][357]PIE: Info Play in editor start time for /Game/Levels/UEDPIE_0_Village -0.216
[2017.02.15-22.36.58:577][511]LogTemp: Repeting last play command: New Editor Window (PIE)
[2017.02.15-22.36.58:628][511]LogPlayLevel: PlayLevel: No blueprints needed recompiling
[2017.02.15-22.36.58:628][511]PIE: New page: PIE session: Village (Feb 16, 2017, 12:36:58 AM)
[2017.02.15-22.36.58:628][511]LogPlayLevel: Creating play world package: /Game/Levels/UEDPIE_0_Village
[2017.02.15-22.36.58:633][511]LogPlayLevel: PIE: StaticDuplicateObject took: (0.004203s)
[2017.02.15-22.36.58:633][511]LogAIModule: Creating AISystem for world Village
[2017.02.15-22.36.58:634][511]LogPlayLevel: PIE: World Init took: (0.001048s)
[2017.02.15-22.36.58:634][511]LogPlayLevel: PIE: Created PIE world by copying editor world from /Game/Levels/Village.Village to /Game/Levels/UEDPIE_0_Village.Village (0.005577s)
[2017.02.15-22.36.58:693][511]LogInit: XAudio2 using 'Altavoces (Realtek High Definition Audio)' : 2 channels at 48 kHz using 32 bits per sample (channel mask 0x3)
[2017.02.15-22.36.58:706][511]LogInit: FAudioDevice initialized.
[2017.02.15-22.36.58:781][511]LogLoad: Game class is 'GameModeBase'
[2017.02.15-22.36.58:784][511]LogWorld: Bringing World /Game/Levels/UEDPIE_0_Village.Village up for play (max tick rate 0) at 2017.02.15-23.36.58
[2017.02.15-22.36.58:785][511]LogWorld: Bringing up level for play took: 0.003312
[2017.02.15-22.36.58:804][511]PIE: Info Play in editor start time for /Game/Levels/UEDPIE_0_Village -0.811
[2017.02.15-22.37.10:987][986]LogTemp: Repeting last play command: New Editor Window (PIE)
[2017.02.15-22.37.11:036][986]BlueprintLog: New page: Pre-Play auto-recompile
[2017.02.15-22.37.11:036][986]LogPlayLevel: [PlayLevel] Compiling VAN before play...
[2017.02.15-22.37.11:398][986]LogPlayLevel: PlayLevel: Blueprint regeneration took 362 ms (1 blueprints)
[2017.02.15-22.37.11:399][986]PIE: New page: PIE session: Village (Feb 16, 2017, 12:37:11 AM)
[2017.02.15-22.37.11:399][986]LogPlayLevel: Creating play world package: /Game/Levels/UEDPIE_0_Village
[2017.02.15-22.37.11:402][986]LogPlayLevel: PIE: StaticDuplicateObject took: (0.003563s)
[2017.02.15-22.37.11:403][986]LogAIModule: Creating AISystem for world Village
[2017.02.15-22.37.11:404][986]LogPlayLevel: PIE: World Init took: (0.001117s)
[2017.02.15-22.37.11:404][986]LogPlayLevel: PIE: Created PIE world by copying editor world from /Game/Levels/Village.Village to /Game/Levels/UEDPIE_0_Village.Village (0.004980s)
[2017.02.15-22.37.11:454][986]LogInit: XAudio2 using 'Altavoces (Realtek High Definition Audio)' : 2 channels at 48 kHz using 32 bits per sample (channel mask 0x3)
[2017.02.15-22.37.11:467][986]LogInit: FAudioDevice initialized.
[2017.02.15-22.37.11:541][986]LogLoad: Game class is 'GameModeBase'
[2017.02.15-22.37.11:545][986]LogWorld: Bringing World /Game/Levels/UEDPIE_0_Village.Village up for play (max tick rate 0) at 2017.02.15-23.37.11
[2017.02.15-22.37.11:545][986]LogWorld: Bringing up level for play took: 0.003460
[2017.02.15-22.37.11:565][986]PIE: Info Play in editor start time for /Game/Levels/UEDPIE_0_Village -0.051
[2017.02.15-22.37.12:608][990]LogD3D11RHI: Timed out while waiting for GPU to catch up. (0.5 s)
[2017.02.15-22.37.24:715][461]LogTemp: Repeting last play command: New Editor Window (PIE)
[2017.02.15-22.37.24:765][461]BlueprintLog: New page: Pre-Play auto-recompile
[2017.02.15-22.37.24:765][461]LogPlayLevel: [PlayLevel] Compiling VAN before play...
[2017.02.15-22.37.25:114][461]LogPlayLevel: PlayLevel: Blueprint regeneration took 348 ms (1 blueprints)
[2017.02.15-22.37.25:114][461]PIE: New page: PIE session: Village (Feb 16, 2017, 12:37:25 AM)
[2017.02.15-22.37.25:114][461]LogPlayLevel: Creating play world package: /Game/Levels/UEDPIE_0_Village
[2017.02.15-22.37.25:117][461]LogPlayLevel: PIE: StaticDuplicateObject took: (0.003392s)
[2017.02.15-22.37.25:118][461]LogAIModule: Creating AISystem for world Village
[2017.02.15-22.37.25:118][461]LogPlayLevel: PIE: World Init took: (0.000934s)
[2017.02.15-22.37.25:119][461]LogPlayLevel: PIE: Created PIE world by copying editor world from /Game/Levels/Village.Village to /Game/Levels/UEDPIE_0_Village.Village (0.004616s)
[2017.02.15-22.37.25:173][461]LogInit: XAudio2 using 'Altavoces (Realtek High Definition Audio)' : 2 channels at 48 kHz using 32 bits per sample (channel mask 0x3)
[2017.02.15-22.37.25:190][461]LogInit: FAudioDevice initialized.
[2017.02.15-22.37.25:266][461]LogLoad: Game class is 'GameModeBase'
[2017.02.15-22.37.25:269][461]LogWorld: Bringing World /Game/Levels/UEDPIE_0_Village.Village up for play (max tick rate 0) at 2017.02.15-23.37.25
[2017.02.15-22.37.25:269][461]LogWorld: Bringing up level for play took: 0.003396
[2017.02.15-22.37.25:289][461]PIE: Info Play in editor start time for /Game/Levels/UEDPIE_0_Village -0.327
[2017.02.15-22.37.26:280][465]LogD3D11RHI: Timed out while waiting for GPU to catch up. (0.5 s)
[2017.02.15-22.37.37:226][887]LogTemp: Repeting last play command: New Editor Window (PIE)
[2017.02.15-22.37.37:275][887]BlueprintLog: New page: Pre-Play auto-recompile
[2017.02.15-22.37.37:275][887]LogPlayLevel: [PlayLevel] Compiling VAN before play...
[2017.02.15-22.37.37:627][887]LogPlayLevel: PlayLevel: Blueprint regeneration took 351 ms (1 blueprints)
[2017.02.15-22.37.37:627][887]PIE: New page: PIE session: Village (Feb 16, 2017, 12:37:37 AM)
[2017.02.15-22.37.37:627][887]LogPlayLevel: Creating play world package: /Game/Levels/UEDPIE_0_Village
[2017.02.15-22.37.37:630][887]LogPlayLevel: PIE: StaticDuplicateObject took: (0.003329s)
[2017.02.15-22.37.37:631][887]LogAIModule: Creating AISystem for world Village
[2017.02.15-22.37.37:631][887]LogPlayLevel: PIE: World Init took: (0.001002s)
[2017.02.15-22.37.37:632][887]LogPlayLevel: PIE: Created PIE world by copying editor world from /Game/Levels/Village.Village to /Game/Levels/UEDPIE_0_Village.Village (0.004610s)
[2017.02.15-22.37.37:683][887]LogInit: XAudio2 using 'Altavoces (Realtek High Definition Audio)' : 2 channels at 48 kHz using 32 bits per sample (channel mask 0x3)
[2017.02.15-22.37.37:696][887]LogInit: FAudioDevice initialized.
[2017.02.15-22.37.37:767][887]LogLoad: Game class is 'GameModeBase'
[2017.02.15-22.37.37:770][887]LogWorld: Bringing World /Game/Levels/UEDPIE_0_Village.Village up for play (max tick rate 0) at 2017.02.15-23.37.37
[2017.02.15-22.37.37:771][887]LogWorld: Bringing up level for play took: 0.003559
[2017.02.15-22.37.37:791][887]PIE: Info Play in editor start time for /Game/Levels/UEDPIE_0_Village 0.176
[2017.02.15-22.37.38:839][891]LogD3D11RHI: Timed out while waiting for GPU to catch up. (0.5 s)
[2017.02.15-22.38.52:519][896]LogTemp: Repeting last play command: New Editor Window (PIE)
[2017.02.15-22.38.52:568][896]BlueprintLog: New page: Pre-Play auto-recompile
[2017.02.15-22.38.52:568][896]LogPlayLevel: [PlayLevel] Compiling VAN before play...
[2017.02.15-22.38.52:936][896]LogPlayLevel: PlayLevel: Blueprint regeneration took 367 ms (1 blueprints)
[2017.02.15-22.38.52:936][896]PIE: New page: PIE session: Village (Feb 16, 2017, 12:38:52 AM)
[2017.02.15-22.38.52:936][896]LogPlayLevel: Creating play world package: /Game/Levels/UEDPIE_0_Village
[2017.02.15-22.38.52:940][896]LogPlayLevel: PIE: StaticDuplicateObject took: (0.003425s)
[2017.02.15-22.38.52:941][896]LogAIModule: Creating AISystem for world Village
[2017.02.15-22.38.52:941][896]LogPlayLevel: PIE: World Init took: (0.001176s)
[2017.02.15-22.38.52:941][896]LogPlayLevel: PIE: Created PIE world by copying editor world from /Game/Levels/Village.Village to /Game/Levels/UEDPIE_0_Village.Village (0.004985s)
[2017.02.15-22.38.52:991][896]LogInit: XAudio2 using 'Altavoces (Realtek High Definition Audio)' : 2 channels at 48 kHz using 32 bits per sample (channel mask 0x3)
[2017.02.15-22.38.53:005][896]LogInit: FAudioDevice initialized.
[2017.02.15-22.38.53:077][896]LogLoad: Game class is 'GameModeBase'
[2017.02.15-22.38.53:081][896]LogWorld: Bringing World /Game/Levels/UEDPIE_0_Village.Village up for play (max tick rate 0) at 2017.02.15-23.38.53
[2017.02.15-22.38.53:082][896]LogWorld: Bringing up level for play took: 0.004392
[2017.02.15-22.38.53:106][896]PIE: Info Play in editor start time for /Game/Levels/UEDPIE_0_Village 1.491
[2017.02.15-22.38.54:181][900]LogD3D11RHI: Timed out while waiting for GPU to catch up. (0.5 s)
[2017.02.15-22.39.01:856][179]LogTemp: Repeting last play command: New Editor Window (PIE)
[2017.02.15-22.39.01:898][179]BlueprintLog: New page: Pre-Play auto-recompile
[2017.02.15-22.39.01:898][179]LogPlayLevel: [PlayLevel] Compiling VAN before play...
[2017.02.15-22.39.02:249][179]LogPlayLevel: PlayLevel: Blueprint regeneration took 351 ms (1 blueprints)
[2017.02.15-22.39.02:249][179]PIE: New page: PIE session: Village (Feb 16, 2017, 12:39:02 AM)
[2017.02.15-22.39.02:249][179]LogPlayLevel: Creating play world package: /Game/Levels/UEDPIE_0_Village
[2017.02.15-22.39.02:253][179]LogPlayLevel: PIE: StaticDuplicateObject took: (0.003439s)
[2017.02.15-22.39.02:254][179]LogAIModule: Creating AISystem for world Village
[2017.02.15-22.39.02:254][179]LogPlayLevel: PIE: World Init took: (0.001004s)
[2017.02.15-22.39.02:254][179]LogPlayLevel: PIE: Created PIE world by copying editor world from /Game/Levels/Village.Village to /Game/Levels/UEDPIE_0_Village.Village (0.004741s)
[2017.02.15-22.39.02:311][179]LogInit: XAudio2 using 'Altavoces (Realtek High Definition Audio)' : 2 channels at 48 kHz using 32 bits per sample (channel mask 0x3)
[2017.02.15-22.39.02:324][179]LogInit: FAudioDevice initialized.
[2017.02.15-22.39.02:399][179]LogLoad: Game class is 'GameModeBase'
[2017.02.15-22.39.02:403][179]LogWorld: Bringing World /Game/Levels/UEDPIE_0_Village.Village up for play (max tick rate 0) at 2017.02.15-23.39.02
[2017.02.15-22.39.02:403][179]LogWorld: Bringing up level for play took: 0.003688
[2017.02.15-22.39.02:422][179]PIE: Info Play in editor start time for /Game/Levels/UEDPIE_0_Village 0.806
[2017.02.15-22.39.03:461][183]LogD3D11RHI: Timed out while waiting for GPU to catch up. (0.5 s)
[2017.02.15-22.45.58:984][162]LogTemp: Repeting last play command: New Editor Window (PIE)
[2017.02.15-22.45.59:033][162]BlueprintLog: New page: Pre-Play auto-recompile
[2017.02.15-22.45.59:033][162]LogPlayLevel: [PlayLevel] Compiling VAN before play...
[2017.02.15-22.45.59:847][162]LogPlayLevel: PlayLevel: Blueprint regeneration took 813 ms (1 blueprints)
[2017.02.15-22.45.59:847][162]PIE: New page: PIE session: Village (Feb 16, 2017, 12:45:59 AM)
[2017.02.15-22.45.59:847][162]LogPlayLevel: Creating play world package: /Game/Levels/UEDPIE_0_Village
[2017.02.15-22.45.59:851][162]LogPlayLevel: PIE: StaticDuplicateObject took: (0.003736s)
[2017.02.15-22.45.59:852][162]LogAIModule: Creating AISystem for world Village
[2017.02.15-22.45.59:852][162]LogPlayLevel: PIE: World Init took: (0.001123s)
[2017.02.15-22.45.59:852][162]LogPlayLevel: PIE: Created PIE world by copying editor world from /Game/Levels/Village.Village to /Game/Levels/UEDPIE_0_Village.Village (0.005179s)
[2017.02.15-22.45.59:909][162]LogInit: XAudio2 using 'Altavoces (Realtek High Definition Audio)' : 2 channels at 48 kHz using 32 bits per sample (channel mask 0x3)
[2017.02.15-22.45.59:925][162]LogInit: FAudioDevice initialized.
[2017.02.15-22.46.00:000][162]LogLoad: Game class is 'GameModeBase'
[2017.02.15-22.46.00:004][162]LogWorld: Bringing World /Game/Levels/UEDPIE_0_Village.Village up for play (max tick rate 0) at 2017.02.15-23.46.00
[2017.02.15-22.46.00:004][162]LogWorld: Bringing up level for play took: 0.003638
[2017.02.15-22.46.00:025][162]PIE: Info Play in editor start time for /Game/Levels/UEDPIE_0_Village 0.409
[2017.02.15-22.46.01:204][166]LogD3D11RHI: Timed out while waiting for GPU to catch up. (0.5 s)
[2017.02.15-22.46.47:481][711]LogTemp: Repeting last play command: New Editor Window (PIE)
[2017.02.15-22.46.47:531][711]LogPlayLevel: PlayLevel: No blueprints needed recompiling
[2017.02.15-22.46.47:531][711]PIE: New page: PIE session: Village (Feb 16, 2017, 12:46:47 AM)
[2017.02.15-22.46.47:531][711]LogPlayLevel: Creating play world package: /Game/Levels/UEDPIE_0_Village
[2017.02.15-22.46.47:535][711]LogPlayLevel: PIE: StaticDuplicateObject took: (0.004013s)
[2017.02.15-22.46.47:536][711]LogAIModule: Creating AISystem for world Village
[2017.02.15-22.46.47:536][711]LogPlayLevel: PIE: World Init took: (0.001249s)
[2017.02.15-22.46.47:537][711]LogPlayLevel: PIE: Created PIE world by copying editor world from /Game/Levels/Village.Village to /Game/Levels/UEDPIE_0_Village.Village (0.005677s)
[2017.02.15-22.46.47:595][711]LogInit: XAudio2 using 'Altavoces (Realtek High Definition Audio)' : 2 channels at 48 kHz using 32 bits per sample (channel mask 0x3)
[2017.02.15-22.46.47:611][711]LogInit: FAudioDevice initialized.
[2017.02.15-22.46.47:663][711]LogLoad: Game class is 'GameModeBase'
[2017.02.15-22.46.47:667][711]LogWorld: Bringing World /Game/Levels/UEDPIE_0_Village.Village up for play (max tick rate 0) at 2017.02.15-23.46.47
[2017.02.15-22.46.47:667][711]LogWorld: Bringing up level for play took: 0.003151
[2017.02.15-22.46.47:676][711]PIE: Info Play in editor start time for /Game/Levels/UEDPIE_0_Village 0.06
[2017.02.15-22.47.03:583][441]LogTemp: Repeting last play command: New Editor Window (PIE)
[2017.02.15-22.47.03:638][441]LogPlayLevel: PlayLevel: No blueprints needed recompiling
[2017.02.15-22.47.03:639][441]PIE: New page: PIE session: Village (Feb 16, 2017, 12:47:03 AM)
[2017.02.15-22.47.03:639][441]LogPlayLevel: Creating play world package: /Game/Levels/UEDPIE_0_Village
[2017.02.15-22.47.03:643][441]LogPlayLevel: PIE: StaticDuplicateObject took: (0.003847s)
[2017.02.15-22.47.03:644][441]LogAIModule: Creating AISystem for world Village
[2017.02.15-22.47.03:644][441]LogPlayLevel: PIE: World Init took: (0.001124s)
[2017.02.15-22.47.03:644][441]LogPlayLevel: PIE: Created PIE world by copying editor world from /Game/Levels/Village.Village to /Game/Levels/UEDPIE_0_Village.Village (0.005306s)
[2017.02.15-22.47.03:710][441]LogInit: XAudio2 using 'Altavoces (Realtek High Definition Audio)' : 2 channels at 48 kHz using 32 bits per sample (channel mask 0x3)
[2017.02.15-22.47.03:727][441]LogInit: FAudioDevice initialized.
[2017.02.15-22.47.03:782][441]LogLoad: Game class is 'GameModeBase'
[2017.02.15-22.47.03:787][441]LogWorld: Bringing World /Game/Levels/UEDPIE_0_Village.Village up for play (max tick rate 0) at 2017.02.15-23.47.03
[2017.02.15-22.47.03:787][441]LogWorld: Bringing up level for play took: 0.004253
[2017.02.15-22.47.03:796][441]PIE: Info Play in editor start time for /Game/Levels/UEDPIE_0_Village 0.181
[2017.02.15-22.47.17:499][  1]LogTemp: Repeting last play command: New Editor Window (PIE)
[2017.02.15-22.47.17:547][  1]BlueprintLog: New page: Pre-Play auto-recompile
[2017.02.15-22.47.17:547][  1]LogPlayLevel: [PlayLevel] Compiling VAN before play...
[2017.02.15-22.47.17:920][  1]LogPlayLevel: PlayLevel: Blueprint regeneration took 372 ms (1 blueprints)
[2017.02.15-22.47.17:920][  1]PIE: New page: PIE session: Village (Feb 16, 2017, 12:47:17 AM)
[2017.02.15-22.47.17:920][  1]LogPlayLevel: Creating play world package: /Game/Levels/UEDPIE_0_Village
[2017.02.15-22.47.17:924][  1]LogPlayLevel: PIE: StaticDuplicateObject took: (0.003891s)
[2017.02.15-22.47.17:925][  1]LogAIModule: Creating AISystem for world Village
[2017.02.15-22.47.17:925][  1]LogPlayLevel: PIE: World Init took: (0.001021s)
[2017.02.15-22.47.17:926][  1]LogPlayLevel: PIE: Created PIE world by copying editor world from /Game/Levels/Village.Village to /Game/Levels/UEDPIE_0_Village.Village (0.005237s)
[2017.02.15-22.47.17:985][  1]LogInit: XAudio2 using 'Altavoces (Realtek High Definition Audio)' : 2 channels at 48 kHz using 32 bits per sample (channel mask 0x3)
[2017.02.15-22.47.17:999][  1]LogInit: FAudioDevice initialized.
[2017.02.15-22.47.18:075][  1]LogLoad: Game class is 'GameModeBase'
[2017.02.15-22.47.18:078][  1]LogWorld: Bringing World /Game/Levels/UEDPIE_0_Village.Village up for play (max tick rate 0) at 2017.02.15-23.47.18
[2017.02.15-22.47.18:078][  1]LogWorld: Bringing up level for play took: 0.003293
[2017.02.15-22.47.18:098][  1]PIE: Info Play in editor start time for /Game/Levels/UEDPIE_0_Village 0.482
[2017.02.15-22.47.19:189][  5]LogD3D11RHI: Timed out while waiting for GPU to catch up. (0.5 s)
[2017.02.15-22.48.24:071][843]LogTemp: Repeting last play command: New Editor Window (PIE)
[2017.02.15-22.48.24:128][843]LogPlayLevel: PlayLevel: No blueprints needed recompiling
[2017.02.15-22.48.24:129][843]PIE: New page: PIE session: Village (Feb 16, 2017, 12:48:24 AM)
[2017.02.15-22.48.24:129][843]LogPlayLevel: Creating play world package: /Game/Levels/UEDPIE_0_Village
[2017.02.15-22.48.24:133][843]LogPlayLevel: PIE: StaticDuplicateObject took: (0.003898s)
[2017.02.15-22.48.24:134][843]LogAIModule: Creating AISystem for world Village
[2017.02.15-22.48.24:134][843]LogPlayLevel: PIE: World Init took: (0.001189s)
[2017.02.15-22.48.24:134][843]LogPlayLevel: PIE: Created PIE world by copying editor world from /Game/Levels/Village.Village to /Game/Levels/UEDPIE_0_Village.Village (0.005431s)
[2017.02.15-22.48.24:194][843]LogInit: XAudio2 using 'Altavoces (Realtek High Definition Audio)' : 2 channels at 48 kHz using 32 bits per sample (channel mask 0x3)
[2017.02.15-22.48.24:209][843]LogInit: FAudioDevice initialized.
[2017.02.15-22.48.24:269][843]LogLoad: Game class is 'GameModeBase'
[2017.02.15-22.48.24:272][843]LogWorld: Bringing World /Game/Levels/UEDPIE_0_Village.Village up for play (max tick rate 0) at 2017.02.15-23.48.24
[2017.02.15-22.48.24:273][843]LogWorld: Bringing up level for play took: 0.003452
[2017.02.15-22.48.24:283][843]PIE: Info Play in editor start time for /Game/Levels/UEDPIE_0_Village 0.667
[2017.02.15-22.48.40:567][592]LogTemp: Repeting last play command: New Editor Window (PIE)
[2017.02.15-22.48.40:613][592]LogPlayLevel: PlayLevel: No blueprints needed recompiling
[2017.02.15-22.48.40:613][592]PIE: New page: PIE session: Village (Feb 16, 2017, 12:48:40 AM)
[2017.02.15-22.48.40:613][592]LogPlayLevel: Creating play world package: /Game/Levels/UEDPIE_0_Village
[2017.02.15-22.48.40:617][592]LogPlayLevel: PIE: StaticDuplicateObject took: (0.004423s)
[2017.02.15-22.48.40:618][592]LogAIModule: Creating AISystem for world Village
[2017.02.15-22.48.40:618][592]LogPlayLevel: PIE: World Init took: (0.001216s)
[2017.02.15-22.48.40:619][592]LogPlayLevel: PIE: Created PIE world by copying editor world from /Game/Levels/Village.Village to /Game/Levels/UEDPIE_0_Village.Village (0.006002s)
[2017.02.15-22.48.40:678][592]LogInit: XAudio2 using 'Altavoces (Realtek High Definition Audio)' : 2 channels at 48 kHz using 32 bits per sample (channel mask 0x3)
[2017.02.15-22.48.40:693][592]LogInit: FAudioDevice initialized.
[2017.02.15-22.48.40:757][592]LogLoad: Game class is 'GameModeBase'
[2017.02.15-22.48.40:760][592]LogWorld: Bringing World /Game/Levels/UEDPIE_0_Village.Village up for play (max tick rate 0) at 2017.02.15-23.48.40
[2017.02.15-22.48.40:761][592]LogWorld: Bringing up level for play took: 0.003315
[2017.02.15-22.48.40:769][592]PIE: Info Play in editor start time for /Game/Levels/UEDPIE_0_Village 1.154
[2017.02.15-22.49.02:001][689]LogTemp: Repeting last play command: New Editor Window (PIE)
[2017.02.15-22.49.02:070][689]LogPlayLevel: PlayLevel: No blueprints needed recompiling
[2017.02.15-22.49.02:070][689]PIE: New page: PIE session: Village (Feb 16, 2017, 12:49:02 AM)
[2017.02.15-22.49.02:070][689]LogPlayLevel: Creating play world package: /Game/Levels/UEDPIE_0_Village
[2017.02.15-22.49.02:075][689]LogPlayLevel: PIE: StaticDuplicateObject took: (0.004654s)
[2017.02.15-22.49.02:076][689]LogAIModule: Creating AISystem for world Village
[2017.02.15-22.49.02:076][689]LogPlayLevel: PIE: World Init took: (0.001192s)
[2017.02.15-22.49.02:076][689]LogPlayLevel: PIE: Created PIE world by copying editor world from /Game/Levels/Village.Village to /Game/Levels/UEDPIE_0_Village.Village (0.006257s)
[2017.02.15-22.49.02:137][689]LogInit: XAudio2 using 'Altavoces (Realtek High Definition Audio)' : 2 channels at 48 kHz using 32 bits per sample (channel mask 0x3)
[2017.02.15-22.49.02:150][689]LogInit: FAudioDevice initialized.
[2017.02.15-22.49.02:203][689]LogLoad: Game class is 'GameModeBase'
[2017.02.15-22.49.02:206][689]LogWorld: Bringing World /Game/Levels/UEDPIE_0_Village.Village up for play (max tick rate 0) at 2017.02.15-23.49.02
[2017.02.15-22.49.02:206][689]LogWorld: Bringing up level for play took: 0.003432
[2017.02.15-22.49.02:217][689]PIE: Info Play in editor start time for /Game/Levels/UEDPIE_0_Village 0.601
[2017.02.15-22.49.18:810][452]LogTemp: Repeting last play command: New Editor Window (PIE)
[2017.02.15-22.49.18:858][452]LogPlayLevel: PlayLevel: No blueprints needed recompiling
[2017.02.15-22.49.18:858][452]PIE: New page: PIE session: Village (Feb 16, 2017, 12:49:18 AM)
[2017.02.15-22.49.18:858][452]LogPlayLevel: Creating play world package: /Game/Levels/UEDPIE_0_Village
[2017.02.15-22.49.18:863][452]LogPlayLevel: PIE: StaticDuplicateObject took: (0.005051s)
[2017.02.15-22.49.18:864][452]LogAIModule: Creating AISystem for world Village
[2017.02.15-22.49.18:864][452]LogPlayLevel: PIE: World Init took: (0.001276s)
[2017.02.15-22.49.18:865][452]LogPlayLevel: PIE: Created PIE world by copying editor world from /Game/Levels/Village.Village to /Game/Levels/UEDPIE_0_Village.Village (0.006687s)
[2017.02.15-22.49.18:923][452]LogInit: XAudio2 using 'Altavoces (Realtek High Definition Audio)' : 2 channels at 48 kHz using 32 bits per sample (channel mask 0x3)
[2017.02.15-22.49.18:943][452]LogInit: FAudioDevice initialized.
[2017.02.15-22.49.19:007][452]LogLoad: Game class is 'GameModeBase'
[2017.02.15-22.49.19:010][452]LogWorld: Bringing World /Game/Levels/UEDPIE_0_Village.Village up for play (max tick rate 0) at 2017.02.15-23.49.19
[2017.02.15-22.49.19:011][452]LogWorld: Bringing up level for play took: 0.003084
[2017.02.15-22.49.19:021][452]PIE: Info Play in editor start time for /Game/Levels/UEDPIE_0_Village -0.594
[2017.02.15-22.49.40:959][346]LogTemp: Repeting last play command: New Editor Window (PIE)
[2017.02.15-22.49.41:007][346]BlueprintLog: New page: Pre-Play auto-recompile
[2017.02.15-22.49.41:007][346]LogPlayLevel: [PlayLevel] Compiling VAN before play...
[2017.02.15-22.49.41:389][346]LogPlayLevel: PlayLevel: Blueprint regeneration took 382 ms (1 blueprints)
[2017.02.15-22.49.41:390][346]PIE: New page: PIE session: Village (Feb 16, 2017, 12:49:41 AM)
[2017.02.15-22.49.41:390][346]LogPlayLevel: Creating play world package: /Game/Levels/UEDPIE_0_Village
[2017.02.15-22.49.41:393][346]LogPlayLevel: PIE: StaticDuplicateObject took: (0.003549s)
[2017.02.15-22.49.41:394][346]LogAIModule: Creating AISystem for world Village
[2017.02.15-22.49.41:394][346]LogPlayLevel: PIE: World Init took: (0.000967s)
[2017.02.15-22.49.41:394][346]LogPlayLevel: PIE: Created PIE world by copying editor world from /Game/Levels/Village.Village to /Game/Levels/UEDPIE_0_Village.Village (0.004802s)
[2017.02.15-22.49.41:451][346]LogInit: XAudio2 using 'Altavoces (Realtek High Definition Audio)' : 2 channels at 48 kHz using 32 bits per sample (channel mask 0x3)
[2017.02.15-22.49.41:466][346]LogInit: FAudioDevice initialized.
[2017.02.15-22.49.41:545][346]LogLoad: Game class is 'GameModeBase'
[2017.02.15-22.49.41:549][346]LogWorld: Bringing World /Game/Levels/UEDPIE_0_Village.Village up for play (max tick rate 0) at 2017.02.15-23.49.41
[2017.02.15-22.49.41:549][346]LogWorld: Bringing up level for play took: 0.003708
[2017.02.15-22.49.41:569][346]PIE: Info Play in editor start time for /Game/Levels/UEDPIE_0_Village -0.047
[2017.02.15-22.49.42:657][350]LogD3D11RHI: Timed out while waiting for GPU to catch up. (0.5 s)
[2017.02.15-22.50.51:578][586]LogScript:Warning: Accessed None trying to read property CallFunc_GetPlayerController_ReturnValue2
	VAN_C /Engine/Transient.World_2:PersistentLevel.VAN_C_126
	Function /Game/VAN/TopDownBP/Blueprints/VAN.VAN_C:ExecuteUbergraph_VAN:0CA6
[2017.02.15-22.50.51:590][586]LogScript:Warning: Accessed None trying to read property CallFunc_GetPlayerController_ReturnValue2
	VAN_C /Engine/Transient.World_2:PersistentLevel.VAN_C_126
	Function /Game/VAN/TopDownBP/Blueprints/VAN.VAN_C:ExecuteUbergraph_VAN:1085
[2017.02.15-22.50.51:606][587]LogScript:Warning: Accessed None trying to read property CallFunc_GetPlayerController_ReturnValue2
	VAN_C /Engine/Transient.World_2:PersistentLevel.VAN_C_126
	Function /Game/VAN/TopDownBP/Blueprints/VAN.VAN_C:ExecuteUbergraph_VAN:0CA6
[2017.02.15-22.50.51:606][587]LogScript:Warning: Accessed None trying to read property CallFunc_GetPlayerController_ReturnValue2
	VAN_C /Engine/Transient.World_2:PersistentLevel.VAN_C_126
	Function /Game/VAN/TopDownBP/Blueprints/VAN.VAN_C:ExecuteUbergraph_VAN:1085
[2017.02.15-22.50.51:624][588]LogScript:Warning: Accessed None trying to read property CallFunc_GetPlayerController_ReturnValue2
	VAN_C /Engine/Transient.World_2:PersistentLevel.VAN_C_126
	Function /Game/VAN/TopDownBP/Blueprints/VAN.VAN_C:ExecuteUbergraph_VAN:0CA6
[2017.02.15-22.50.51:624][588]LogScript:Warning: Accessed None trying to read property CallFunc_GetPlayerController_ReturnValue2
	VAN_C /Engine/Transient.World_2:PersistentLevel.VAN_C_126
	Function /Game/VAN/TopDownBP/Blueprints/VAN.VAN_C:ExecuteUbergraph_VAN:1085
[2017.02.15-22.50.51:643][589]LogScript:Warning: Accessed None trying to read property CallFunc_GetPlayerController_ReturnValue2
	VAN_C /Engine/Transient.World_2:PersistentLevel.VAN_C_126
	Function /Game/VAN/TopDownBP/Blueprints/VAN.VAN_C:ExecuteUbergraph_VAN:0CA6
[2017.02.15-22.50.51:643][589]LogScript:Warning: Accessed None trying to read property CallFunc_GetPlayerController_ReturnValue2
	VAN_C /Engine/Transient.World_2:PersistentLevel.VAN_C_126
	Function /Game/VAN/TopDownBP/Blueprints/VAN.VAN_C:ExecuteUbergraph_VAN:1085
[2017.02.15-22.50.51:657][590]LogScript:Warning: Accessed None trying to read property CallFunc_GetPlayerController_ReturnValue2
	VAN_C /Engine/Transient.World_2:PersistentLevel.VAN_C_126
	Function /Game/VAN/TopDownBP/Blueprints/VAN.VAN_C:ExecuteUbergraph_VAN:0CA6
[2017.02.15-22.50.51:657][590]LogScript:Warning: Accessed None trying to read property CallFunc_GetPlayerController_ReturnValue2
	VAN_C /Engine/Transient.World_2:PersistentLevel.VAN_C_126
	Function /Game/VAN/TopDownBP/Blueprints/VAN.VAN_C:ExecuteUbergraph_VAN:1085
[2017.02.15-22.50.51:672][591]LogScript:Warning: Accessed None trying to read property CallFunc_GetPlayerController_ReturnValue2
	VAN_C /Engine/Transient.World_2:PersistentLevel.VAN_C_126
	Function /Game/VAN/TopDownBP/Blueprints/VAN.VAN_C:ExecuteUbergraph_VAN:0CA6
[2017.02.15-22.50.51:672][591]LogScript:Warning: Accessed None trying to read property CallFunc_GetPlayerController_ReturnValue2
	VAN_C /Engine/Transient.World_2:PersistentLevel.VAN_C_126
	Function /Game/VAN/TopDownBP/Blueprints/VAN.VAN_C:ExecuteUbergraph_VAN:1085
[2017.02.15-22.50.51:695][592]LogScript:Warning: Accessed None trying to read property CallFunc_GetPlayerController_ReturnValue2
	VAN_C /Engine/Transient.World_2:PersistentLevel.VAN_C_126
	Function /Game/VAN/TopDownBP/Blueprints/VAN.VAN_C:ExecuteUbergraph_VAN:0CA6
[2017.02.15-22.50.51:695][592]LogScript:Warning: Accessed None trying to read property CallFunc_GetPlayerController_ReturnValue2
	VAN_C /Engine/Transient.World_2:PersistentLevel.VAN_C_126
	Function /Game/VAN/TopDownBP/Blueprints/VAN.VAN_C:ExecuteUbergraph_VAN:1085
[2017.02.15-22.50.51:719][593]LogScript:Warning: Accessed None trying to read property CallFunc_GetPlayerController_ReturnValue2
	VAN_C /Engine/Transient.World_2:PersistentLevel.VAN_C_126
	Function /Game/VAN/TopDownBP/Blueprints/VAN.VAN_C:ExecuteUbergraph_VAN:0CA6
[2017.02.15-22.50.51:719][593]LogScript:Warning: Accessed None trying to read property CallFunc_GetPlayerController_ReturnValue2
	VAN_C /Engine/Transient.World_2:PersistentLevel.VAN_C_126
	Function /Game/VAN/TopDownBP/Blueprints/VAN.VAN_C:ExecuteUbergraph_VAN:1085
[2017.02.15-22.50.51:743][594]LogScript:Warning: Accessed None trying to read property CallFunc_GetPlayerController_ReturnValue2
	VAN_C /Engine/Transient.World_2:PersistentLevel.VAN_C_126
	Function /Game/VAN/TopDownBP/Blueprints/VAN.VAN_C:ExecuteUbergraph_VAN:0CA6
[2017.02.15-22.50.54:143][700]LogTemp: Repeting last play command: New Editor Window (PIE)
[2017.02.15-22.50.54:197][700]BlueprintLog: New page: Pre-Play auto-recompile
[2017.02.15-22.50.54:197][700]LogPlayLevel: [PlayLevel] Compiling VAN before play...
[2017.02.15-22.50.54:593][700]LogPlayLevel: PlayLevel: Blueprint regeneration took 396 ms (1 blueprints)
[2017.02.15-22.50.54:593][700]PIE: New page: PIE session: Village (Feb 16, 2017, 12:50:54 AM)
[2017.02.15-22.50.54:593][700]LogPlayLevel: Creating play world package: /Game/Levels/UEDPIE_0_Village
[2017.02.15-22.50.54:599][700]LogPlayLevel: PIE: StaticDuplicateObject took: (0.005307s)
[2017.02.15-22.50.54:600][700]LogAIModule: Creating AISystem for world Village
[2017.02.15-22.50.54:600][700]LogPlayLevel: PIE: World Init took: (0.001136s)
[2017.02.15-22.50.54:600][700]LogPlayLevel: PIE: Created PIE world by copying editor world from /Game/Levels/Village.Village to /Game/Levels/UEDPIE_0_Village.Village (0.006753s)
[2017.02.15-22.50.54:651][700]LogInit: XAudio2 using 'Altavoces (Realtek High Definition Audio)' : 2 channels at 48 kHz using 32 bits per sample (channel mask 0x3)
[2017.02.15-22.50.54:665][700]LogInit: FAudioDevice initialized.
[2017.02.15-22.50.54:727][700]LogLoad: Game class is 'GameModeBase'
[2017.02.15-22.50.54:731][700]LogWorld: Bringing World /Game/Levels/UEDPIE_0_Village.Village up for play (max tick rate 0) at 2017.02.15-23.50.54
[2017.02.15-22.50.54:731][700]LogWorld: Bringing up level for play took: 0.003543
[2017.02.15-22.50.54:740][700]PIE: Info Play in editor start time for /Game/Levels/UEDPIE_0_Village 1.125
[2017.02.15-22.50.55:923][704]LogD3D11RHI: Timed out while waiting for GPU to catch up. (0.5 s)
[2017.02.15-22.51.22:139][835]LogTemp: Repeting last play command: New Editor Window (PIE)
[2017.02.15-22.51.22:191][835]LogPlayLevel: PlayLevel: No blueprints needed recompiling
[2017.02.15-22.51.22:191][835]PIE: New page: PIE session: Village (Feb 16, 2017, 12:51:22 AM)
[2017.02.15-22.51.22:191][835]LogPlayLevel: Creating play world package: /Game/Levels/UEDPIE_0_Village
[2017.02.15-22.51.22:196][835]LogPlayLevel: PIE: StaticDuplicateObject took: (0.004923s)
[2017.02.15-22.51.22:197][835]LogAIModule: Creating AISystem for world Village
[2017.02.15-22.51.22:198][835]LogPlayLevel: PIE: World Init took: (0.001290s)
[2017.02.15-22.51.22:198][835]LogPlayLevel: PIE: Created PIE world by copying editor world from /Game/Levels/Village.Village to /Game/Levels/UEDPIE_0_Village.Village (0.006697s)
[2017.02.15-22.51.22:257][835]LogInit: XAudio2 using 'Altavoces (Realtek High Definition Audio)' : 2 channels at 48 kHz using 32 bits per sample (channel mask 0x3)
[2017.02.15-22.51.22:271][835]LogInit: FAudioDevice initialized.
[2017.02.15-22.51.22:326][835]LogLoad: Game class is 'GameModeBase'
[2017.02.15-22.51.22:329][835]LogWorld: Bringing World /Game/Levels/UEDPIE_0_Village.Village up for play (max tick rate 0) at 2017.02.15-23.51.22
[2017.02.15-22.51.22:330][835]LogWorld: Bringing up level for play took: 0.003428
[2017.02.15-22.51.22:339][835]PIE: Info Play in editor start time for /Game/Levels/UEDPIE_0_Village 0.723
[2017.02.15-22.54.08:398][696]LogTemp: Repeting last play command: New Editor Window (PIE)
[2017.02.15-22.54.08:463][696]BlueprintLog: New page: Pre-Play auto-recompile
[2017.02.15-22.54.08:463][696]LogPlayLevel: [PlayLevel] Compiling VAN before play...
[2017.02.15-22.54.09:560][696]LogPlayLevel: PlayLevel: Blueprint regeneration took 1097 ms (1 blueprints)
[2017.02.15-22.54.09:560][696]PIE: New page: PIE session: Village (Feb 16, 2017, 12:54:09 AM)
[2017.02.15-22.54.09:561][696]LogPlayLevel: Creating play world package: /Game/Levels/UEDPIE_0_Village
[2017.02.15-22.54.09:564][696]LogPlayLevel: PIE: StaticDuplicateObject took: (0.003530s)
[2017.02.15-22.54.09:565][696]LogAIModule: Creating AISystem for world Village
[2017.02.15-22.54.09:565][696]LogPlayLevel: PIE: World Init took: (0.001029s)
[2017.02.15-22.54.09:565][696]LogPlayLevel: PIE: Created PIE world by copying editor world from /Game/Levels/Village.Village to /Game/Levels/UEDPIE_0_Village.Village (0.004857s)
[2017.02.15-22.54.09:626][696]LogInit: XAudio2 using 'Altavoces (Realtek High Definition Audio)' : 2 channels at 48 kHz using 32 bits per sample (channel mask 0x3)
[2017.02.15-22.54.09:645][696]LogInit: FAudioDevice initialized.
[2017.02.15-22.54.09:737][696]LogLoad: Game class is 'GameModeBase'
[2017.02.15-22.54.09:741][696]LogWorld: Bringing World /Game/Levels/UEDPIE_0_Village.Village up for play (max tick rate 0) at 2017.02.15-23.54.09
[2017.02.15-22.54.09:741][696]LogWorld: Bringing up level for play took: 0.003497
[2017.02.15-22.54.09:764][696]PIE: Info Play in editor start time for /Game/Levels/UEDPIE_0_Village 2.148
[2017.02.15-22.54.10:978][700]LogD3D11RHI: Timed out while waiting for GPU to catch up. (0.5 s)
[2017.02.15-22.54.50:755][366]LogTemp: Repeting last play command: New Editor Window (PIE)
[2017.02.15-22.54.50:801][366]LogPlayLevel: PlayLevel: No blueprints needed recompiling
[2017.02.15-22.54.50:802][366]PIE: New page: PIE session: Village (Feb 16, 2017, 12:54:50 AM)
[2017.02.15-22.54.50:802][366]LogPlayLevel: Creating play world package: /Game/Levels/UEDPIE_0_Village
[2017.02.15-22.54.50:806][366]LogPlayLevel: PIE: StaticDuplicateObject took: (0.004524s)
[2017.02.15-22.54.50:807][366]LogAIModule: Creating AISystem for world Village
[2017.02.15-22.54.50:808][366]LogPlayLevel: PIE: World Init took: (0.001242s)
[2017.02.15-22.54.50:809][366]LogPlayLevel: PIE: Created PIE world by copying editor world from /Game/Levels/Village.Village to /Game/Levels/UEDPIE_0_Village.Village (0.006962s)
[2017.02.15-22.54.50:875][366]LogInit: XAudio2 using 'Altavoces (Realtek High Definition Audio)' : 2 channels at 48 kHz using 32 bits per sample (channel mask 0x3)
[2017.02.15-22.54.50:889][366]LogInit: FAudioDevice initialized.
[2017.02.15-22.54.50:948][366]LogLoad: Game class is 'GameModeBase'
[2017.02.15-22.54.50:951][366]LogWorld: Bringing World /Game/Levels/UEDPIE_0_Village.Village up for play (max tick rate 0) at 2017.02.15-23.54.50
[2017.02.15-22.54.50:952][366]LogWorld: Bringing up level for play took: 0.003176
[2017.02.15-22.54.50:960][366]PIE: Info Play in editor start time for /Game/Levels/UEDPIE_0_Village -0.655
[2017.02.15-22.55.28:949][  6]LogTemp: Repeting last play command: New Editor Window (PIE)
[2017.02.15-22.55.29:000][  6]LogPlayLevel: PlayLevel: No blueprints needed recompiling
[2017.02.15-22.55.29:001][  6]PIE: New page: PIE session: Village (Feb 16, 2017, 12:55:29 AM)
[2017.02.15-22.55.29:001][  6]LogPlayLevel: Creating play world package: /Game/Levels/UEDPIE_0_Village
[2017.02.15-22.55.29:006][  6]LogPlayLevel: PIE: StaticDuplicateObject took: (0.005093s)
[2017.02.15-22.55.29:007][  6]LogAIModule: Creating AISystem for world Village
[2017.02.15-22.55.29:007][  6]LogPlayLevel: PIE: World Init took: (0.001294s)
[2017.02.15-22.55.29:008][  6]LogPlayLevel: PIE: Created PIE world by copying editor world from /Game/Levels/Village.Village to /Game/Levels/UEDPIE_0_Village.Village (0.006809s)
[2017.02.15-22.55.29:074][  6]LogInit: XAudio2 using 'Altavoces (Realtek High Definition Audio)' : 2 channels at 48 kHz using 32 bits per sample (channel mask 0x3)
[2017.02.15-22.55.29:090][  6]LogInit: FAudioDevice initialized.
[2017.02.15-22.55.29:157][  6]LogLoad: Game class is 'GameModeBase'
[2017.02.15-22.55.29:160][  6]LogWorld: Bringing World /Game/Levels/UEDPIE_0_Village.Village up for play (max tick rate 0) at 2017.02.15-23.55.29
[2017.02.15-22.55.29:161][  6]LogWorld: Bringing up level for play took: 0.003629
[2017.02.15-22.55.29:171][  6]PIE: Info Play in editor start time for /Game/Levels/UEDPIE_0_Village -0.445
[2017.02.15-22.55.38:502][383]Cmd: OBJ SAVEPACKAGE PACKAGE="/Game/VAN/TopDownBP/Blueprints/VAN" FILE="../../../../../../Users/ferra/Desktop/VANsGame/Mechanics/BasicMechanics/Content/VAN/TopDownBP/Blueprints/VAN.uasset" SILENT=true
[2017.02.15-22.55.38:769][383]LogSavePackage: Save=238.38ms
[2017.02.15-22.55.38:770][383]LogSavePackage: Moving '../../../../../../Users/ferra/Desktop/VANsGame/Mechanics/BasicMechanics/Saved/VANB82E67E74C49FB6C918C918C73DA9D42.tmp' to '../../../../../../Users/ferra/Desktop/VANsGame/Mechanics/BasicMechanics/Content/VAN/TopDownBP/Blueprints/VAN.uasset'
[2017.02.15-22.55.38:777][383]LogSavePackage:Display: Finished SavePackage ../../../../../../Users/ferra/Desktop/VANsGame/Mechanics/BasicMechanics/Content/VAN/TopDownBP/Blueprints/VAN.uasset
[2017.02.15-22.55.41:405][495]Cmd: OBJ SAVEPACKAGE PACKAGE="/Game/VAN/TopDownBP/Blueprints/VAN" FILE="../../../../../../Users/ferra/Desktop/VANsGame/Mechanics/BasicMechanics/Content/VAN/TopDownBP/Blueprints/VAN.uasset" SILENT=true
[2017.02.15-22.55.41:645][495]LogSavePackage: Save=224.10ms
[2017.02.15-22.55.41:645][495]LogSavePackage: Moving '../../../../../../Users/ferra/Desktop/VANsGame/Mechanics/BasicMechanics/Saved/VAN728B172541D087917C24D794A57BAE8F.tmp' to '../../../../../../Users/ferra/Desktop/VANsGame/Mechanics/BasicMechanics/Content/VAN/TopDownBP/Blueprints/VAN.uasset'
[2017.02.15-22.55.41:648][495]LogSavePackage:Display: Finished SavePackage ../../../../../../Users/ferra/Desktop/VANsGame/Mechanics/BasicMechanics/Content/VAN/TopDownBP/Blueprints/VAN.uasset
[2017.02.15-22.55.42:208][520]BlueprintLog: New page: Compile VAN
[2017.02.15-22.56.03:881][382]LogTemp: Repeting last play command: New Editor Window (PIE)
[2017.02.15-22.56.03:933][382]LogPlayLevel: PlayLevel: No blueprints needed recompiling
[2017.02.15-22.56.03:933][382]PIE: New page: PIE session: Village (Feb 16, 2017, 12:56:03 AM)
[2017.02.15-22.56.03:933][382]LogPlayLevel: Creating play world package: /Game/Levels/UEDPIE_0_Village
[2017.02.15-22.56.03:939][382]LogPlayLevel: PIE: StaticDuplicateObject took: (0.005171s)
[2017.02.15-22.56.03:940][382]LogAIModule: Creating AISystem for world Village
[2017.02.15-22.56.03:940][382]LogPlayLevel: PIE: World Init took: (0.001142s)
[2017.02.15-22.56.03:940][382]LogPlayLevel: PIE: Created PIE world by copying editor world from /Game/Levels/Village.Village to /Game/Levels/UEDPIE_0_Village.Village (0.006640s)
[2017.02.15-22.56.04:008][382]LogInit: XAudio2 using 'Altavoces (Realtek High Definition Audio)' : 2 channels at 48 kHz using 32 bits per sample (channel mask 0x3)
[2017.02.15-22.56.04:022][382]LogInit: FAudioDevice initialized.
[2017.02.15-22.56.04:099][382]LogLoad: Game class is 'GameModeBase'
[2017.02.15-22.56.04:102][382]LogWorld: Bringing World /Game/Levels/UEDPIE_0_Village.Village up for play (max tick rate 0) at 2017.02.15-23.56.04
[2017.02.15-22.56.04:102][382]LogWorld: Bringing up level for play took: 0.003092
[2017.02.15-22.56.04:122][382]PIE: Info Play in editor start time for /Game/Levels/UEDPIE_0_Village 0.506
[2017.02.15-22.56.33:203][574]Cmd: OBJ SAVEPACKAGE PACKAGE="/Game/VAN/TopDownBP/Blueprints/VAN" FILE="../../../../../../Users/ferra/Desktop/VANsGame/Mechanics/BasicMechanics/Content/VAN/TopDownBP/Blueprints/VAN.uasset" SILENT=true
[2017.02.15-22.56.33:449][574]LogSavePackage: Save=233.01ms
[2017.02.15-22.56.33:450][574]LogSavePackage: Moving '../../../../../../Users/ferra/Desktop/VANsGame/Mechanics/BasicMechanics/Saved/VAN7FD60E3C4265B7D2DC0FC48EC71D1DF4.tmp' to '../../../../../../Users/ferra/Desktop/VANsGame/Mechanics/BasicMechanics/Content/VAN/TopDownBP/Blueprints/VAN.uasset'
[2017.02.15-22.56.33:454][574]LogSavePackage:Display: Finished SavePackage ../../../../../../Users/ferra/Desktop/VANsGame/Mechanics/BasicMechanics/Content/VAN/TopDownBP/Blueprints/VAN.uasset
[2017.02.15-22.56.33:828][591]BlueprintLog: New page: Compile VAN
[2017.02.15-22.56.36:544][648]LogTemp: Repeting last play command: New Editor Window (PIE)
[2017.02.15-22.56.36:588][648]LogPlayLevel: PlayLevel: No blueprints needed recompiling
[2017.02.15-22.56.36:588][648]PIE: New page: PIE session: Village (Feb 16, 2017, 12:56:36 AM)
[2017.02.15-22.56.36:588][648]LogPlayLevel: Creating play world package: /Game/Levels/UEDPIE_0_Village
[2017.02.15-22.56.36:592][648]LogPlayLevel: PIE: StaticDuplicateObject took: (0.004203s)
[2017.02.15-22.56.36:593][648]LogAIModule: Creating AISystem for world Village
[2017.02.15-22.56.36:594][648]LogPlayLevel: PIE: World Init took: (0.001254s)
[2017.02.15-22.56.36:594][648]LogPlayLevel: PIE: Created PIE world by copying editor world from /Game/Levels/Village.Village to /Game/Levels/UEDPIE_0_Village.Village (0.005868s)
[2017.02.15-22.56.36:659][648]LogInit: XAudio2 using 'Altavoces (Realtek High Definition Audio)' : 2 channels at 48 kHz using 32 bits per sample (channel mask 0x3)
[2017.02.15-22.56.36:674][648]LogInit: FAudioDevice initialized.
[2017.02.15-22.56.36:748][648]LogLoad: Game class is 'GameModeBase'
[2017.02.15-22.56.36:751][648]LogWorld: Bringing World /Game/Levels/UEDPIE_0_Village.Village up for play (max tick rate 0) at 2017.02.15-23.56.36
[2017.02.15-22.56.36:751][648]LogWorld: Bringing up level for play took: 0.003316
[2017.02.15-22.56.36:777][648]PIE: Info Play in editor start time for /Game/Levels/UEDPIE_0_Village 1.161
[2017.02.15-22.57.21:686][351]BlueprintLog: New page: Compile VAN
[2017.02.15-22.57.23:094][355]LogD3D11RHI: Timed out while waiting for GPU to catch up. (0.5 s)
[2017.02.15-22.57.32:915][742]Cmd: OBJ SAVEPACKAGE PACKAGE="/Game/VAN/TopDownBP/Blueprints/VAN" FILE="../../../../../../Users/ferra/Desktop/VANsGame/Mechanics/BasicMechanics/Content/VAN/TopDownBP/Blueprints/VAN.uasset" SILENT=true
[2017.02.15-22.57.33:166][742]LogSavePackage: Save=237.39ms
[2017.02.15-22.57.33:166][742]LogSavePackage: Moving '../../../../../../Users/ferra/Desktop/VANsGame/Mechanics/BasicMechanics/Saved/VAN396452094E9979AFBD955994E71A8258.tmp' to '../../../../../../Users/ferra/Desktop/VANsGame/Mechanics/BasicMechanics/Content/VAN/TopDownBP/Blueprints/VAN.uasset'
[2017.02.15-22.57.33:171][742]LogSavePackage:Display: Finished SavePackage ../../../../../../Users/ferra/Desktop/VANsGame/Mechanics/BasicMechanics/Content/VAN/TopDownBP/Blueprints/VAN.uasset
[2017.02.15-22.57.36:074][854]LogTemp: Repeting last play command: New Editor Window (PIE)
[2017.02.15-22.57.36:136][854]LogPlayLevel: PlayLevel: No blueprints needed recompiling
[2017.02.15-22.57.36:136][854]PIE: New page: PIE session: Village (Feb 16, 2017, 12:57:36 AM)
[2017.02.15-22.57.36:137][854]LogPlayLevel: Creating play world package: /Game/Levels/UEDPIE_0_Village
[2017.02.15-22.57.36:140][854]LogPlayLevel: PIE: StaticDuplicateObject took: (0.003620s)
[2017.02.15-22.57.36:141][854]LogAIModule: Creating AISystem for world Village
[2017.02.15-22.57.36:141][854]LogPlayLevel: PIE: World Init took: (0.001007s)
[2017.02.15-22.57.36:141][854]LogPlayLevel: PIE: Created PIE world by copying editor world from /Game/Levels/Village.Village to /Game/Levels/UEDPIE_0_Village.Village (0.004942s)
[2017.02.15-22.57.36:207][854]LogInit: XAudio2 using 'Altavoces (Realtek High Definition Audio)' : 2 channels at 48 kHz using 32 bits per sample (channel mask 0x3)
[2017.02.15-22.57.36:224][854]LogInit: FAudioDevice initialized.
[2017.02.15-22.57.36:282][854]LogLoad: Game class is 'GameModeBase'
[2017.02.15-22.57.36:286][854]LogWorld: Bringing World /Game/Levels/UEDPIE_0_Village.Village up for play (max tick rate 0) at 2017.02.15-23.57.36
[2017.02.15-22.57.36:286][854]LogWorld: Bringing up level for play took: 0.003092
[2017.02.15-22.57.36:293][854]PIE: Info Play in editor start time for /Game/Levels/UEDPIE_0_Village 0.677
[2017.02.15-22.57.56:441][790]LogEditorViewport: Clicking on Actor (LMB): StaticMeshActor (Floor2)
[2017.02.15-22.57.57:250][818]LogEditorViewport: Clicking on Actor (LMB): StaticMeshActor (Floor)
[2017.02.15-22.58.04:425][897]LogEditorViewport: Clicking on Actor (LMB): StaticMeshActor (Floor)
[2017.02.15-22.58.30:512][ 56]LogSavePackage: Save=66.34ms
[2017.02.15-22.58.30:512][ 56]LogSavePackage: Moving '../../../../../../Users/ferra/Desktop/VANsGame/Mechanics/BasicMechanics/Saved/Village_Auto1FF56764B4FB1D53BAE2A339A19CAB3D5.tmp' to '../../../../../../Users/ferra/Desktop/VANsGame/Mechanics/BasicMechanics/Saved/Autosaves/Game/Levels/Village_Auto1.umap'
[2017.02.15-22.58.30:514][ 56]LogSavePackage:Display: Finished SavePackage ../../../../../../Users/ferra/Desktop/VANsGame/Mechanics/BasicMechanics/Saved/Autosaves/Game/Levels/Village_Auto1.umap
[2017.02.15-22.58.30:520][ 56]LogFileHelpers: Editor autosave (incl. sublevels) for '/Game/Levels/Village' took 0.158
[2017.02.15-22.58.30:521][ 56]LogFileHelpers: Editor autosave (incl. sublevels) for all levels took 0.158
[2017.02.15-23.01.39:536][623]LogEditorViewport: Clicking on Actor (LMB): StaticMeshActor (Floor)
[2017.02.15-23.11.54:689][ 27]LogTexture:Display: Building textures: FireHydrant_C (AutoDXT)
[2017.02.15-23.12.28:094][ 27]LogTexture:Display: Building textures: FireHydrant_A (AutoDXT)
[2017.02.15-23.12.44:673][ 27]LogTexture:Display: Building textures: FireHydrant_N (BC5)
[2017.02.15-23.12.49:264][ 27]LogTexture:Display: Building textures: Blank_Albedo (AutoDXT)
[2017.02.15-23.12.49:265][ 27]LogTexture:Display: Building textures: Blank_Compact (AutoDXT)
[2017.02.15-23.12.49:265][ 27]LogTexture:Display: Building textures: Blank_Normal (BC5)
[2017.02.15-23.12.50:346][ 27]LogTexture:Display: Building textures: Snow_C (AutoDXT)
