Log file open, 01/30/17 11:14:23
LogInit:Display: Running engine for game: BasicMechanics
LogPlatformFile: Not using cached read wrapper
LogInit:Display: RandInit(-1441379241) SRandInit(-1441379241).
LogTaskGraph: Started task graph with 5 named threads and 9 total threads with 1 sets of task threads.
LogStats: Stats thread started at 0.083664
LogPluginManager: Loaded Plugin Paper2D, From C:/Program Files (x86)/Epic Games/4.14/Engine/Plugins/2D/Paper2D/Paper2D.uplugin
LogPluginManager: Loaded Plugin LightPropagationVolume, From C:/Program Files (x86)/Epic Games/4.14/Engine/Plugins/Blendables/LightPropagationVolume/LightPropagationVolume.uplugin
LogPluginManager: Loaded Plugin BlankPlugin, From C:/Program Files (x86)/Epic Games/4.14/Engine/Plugins/Developer/BlankPlugin/BlankPlugin.uplugin
LogPluginManager: Loaded Plugin CodeLiteSourceCodeAccess, From C:/Program Files (x86)/Epic Games/4.14/Engine/Plugins/Developer/CodeLiteSourceCodeAccess/CodeLiteSourceCodeAccess.uplugin
LogPluginManager: Loaded Plugin GitSourceControl, From C:/Program Files (x86)/Epic Games/4.14/Engine/Plugins/Developer/GitSourceControl/GitSourceControl.uplugin
LogPluginManager: Loaded Plugin KDevelopSourceCodeAccess, From C:/Program Files (x86)/Epic Games/4.14/Engine/Plugins/Developer/KDevelopSourceCodeAccess/KDevelopSourceCodeAccess.uplugin
LogPluginManager: Loaded Plugin NullSourceCodeAccess, From C:/Program Files (x86)/Epic Games/4.14/Engine/Plugins/Developer/NullSourceCodeAccess/NullSourceCodeAccess.uplugin
LogPluginManager: Loaded Plugin OneSkyLocalizationService, From C:/Program Files (x86)/Epic Games/4.14/Engine/Plugins/Developer/OneSkyLocalizationService/OneSkyLocalizationService.uplugin
LogPluginManager: Loaded Plugin PerforceSourceControl, From C:/Program Files (x86)/Epic Games/4.14/Engine/Plugins/Developer/PerforceSourceControl/PerforceSourceControl.uplugin
LogPluginManager: Loaded Plugin SubversionSourceControl, From C:/Program Files (x86)/Epic Games/4.14/Engine/Plugins/Developer/SubversionSourceControl/SubversionSourceControl.uplugin
LogPluginManager: Loaded Plugin UObjectPlugin, From C:/Program Files (x86)/Epic Games/4.14/Engine/Plugins/Developer/UObjectPlugin/UObjectPlugin.uplugin
LogPluginManager: Loaded Plugin VisualStudioSourceCodeAccess, From C:/Program Files (x86)/Epic Games/4.14/Engine/Plugins/Developer/VisualStudioSourceCodeAccess/VisualStudioSourceCodeAccess.uplugin
LogPluginManager: Loaded Plugin XCodeSourceCodeAccess, From C:/Program Files (x86)/Epic Games/4.14/Engine/Plugins/Developer/XCodeSourceCodeAccess/XCodeSourceCodeAccess.uplugin
LogPluginManager: Loaded Plugin AudioCapture, From C:/Program Files (x86)/Epic Games/4.14/Engine/Plugins/Editor/AudioCapture/AudioCapture.uplugin
LogPluginManager: Loaded Plugin EpicSurvey, From C:/Program Files (x86)/Epic Games/4.14/Engine/Plugins/Editor/EpicSurvey/EpicSurvey.uplugin
LogPluginManager: Loaded Plugin MacGraphicsSwitching, From C:/Program Files (x86)/Epic Games/4.14/Engine/Plugins/Editor/MacGraphicsSwitching/MacGraphicsSwitching.uplugin
LogPluginManager: Loaded Plugin MobileLauncherProfileWizard, From C:/Program Files (x86)/Epic Games/4.14/Engine/Plugins/Editor/MobileLauncherProfileWizard/MobileLauncherProfileWizard.uplugin
LogPluginManager: Loaded Plugin PluginBrowser, From C:/Program Files (x86)/Epic Games/4.14/Engine/Plugins/Editor/PluginBrowser/PluginBrowser.uplugin
LogPluginManager: Loaded Plugin SpeedTreeImporter, From C:/Program Files (x86)/Epic Games/4.14/Engine/Plugins/Editor/SpeedTreeImporter/SpeedTreeImporter.uplugin
LogPluginManager: Loaded Plugin SuperSearchEditor, From C:/Program Files (x86)/Epic Games/4.14/Engine/Plugins/Editor/SuperSearchEditor/SuperSearchEditor.uplugin
LogPluginManager: Loaded Plugin AlembicImporter, From C:/Program Files (x86)/Epic Games/4.14/Engine/Plugins/Experimental/AlembicImporter/AlembicImporter.uplugin
LogPluginManager: Loaded Plugin BlueprintStats, From C:/Program Files (x86)/Epic Games/4.14/Engine/Plugins/Experimental/BlueprintStats/BlueprintStats.uplugin
LogPluginManager: Loaded Plugin CharacterAI, From C:/Program Files (x86)/Epic Games/4.14/Engine/Plugins/Experimental/CharacterAI/CharacterAI.uplugin
LogPluginManager: Loaded Plugin CodeEditor, From C:/Program Files (x86)/Epic Games/4.14/Engine/Plugins/Experimental/CodeEditor/CodeEditor.uplugin
LogPluginManager: Loaded Plugin CodeView, From C:/Program Files (x86)/Epic Games/4.14/Engine/Plugins/Experimental/CodeView/CodeView.uplugin
LogPluginManager: Loaded Plugin HTML5Networking, From C:/Program Files (x86)/Epic Games/4.14/Engine/Plugins/Experimental/HTML5Networking/HTML5Networking.uplugin
LogPluginManager: Loaded Plugin OSVR, From C:/Program Files (x86)/Epic Games/4.14/Engine/Plugins/Experimental/OSVR/OSVR.uplugin
LogPluginManager: Loaded Plugin Phya, From C:/Program Files (x86)/Epic Games/4.14/Engine/Plugins/Experimental/Phya/Phya.uplugin
LogPluginManager: Loaded Plugin SignificanceManager, From C:/Program Files (x86)/Epic Games/4.14/Engine/Plugins/Experimental/SignificanceManager/SignificanceManager.uplugin
LogPluginManager: Loaded Plugin SimpleHMD, From C:/Program Files (x86)/Epic Games/4.14/Engine/Plugins/Experimental/SimpleHMD/SimpleHMD.uplugin
LogPluginManager: Loaded Plugin StereoPanorama, From C:/Program Files (x86)/Epic Games/4.14/Engine/Plugins/Experimental/StereoPanorama/StereoPanorama.uplugin
LogPluginManager: Loaded Plugin StructBox, From C:/Program Files (x86)/Epic Games/4.14/Engine/Plugins/Experimental/StructBox/StructBox.uplugin
LogPluginManager: Loaded Plugin AndroidMedia, From C:/Program Files (x86)/Epic Games/4.14/Engine/Plugins/Media/AndroidMedia/AndroidMedia.uplugin
LogPluginManager: Loaded Plugin AvfMedia, From C:/Program Files (x86)/Epic Games/4.14/Engine/Plugins/Media/AvfMedia/AvfMedia.uplugin
LogPluginManager: Loaded Plugin MediaPlayerEditor, From C:/Program Files (x86)/Epic Games/4.14/Engine/Plugins/Media/MediaPlayerEditor/MediaPlayerEditor.uplugin
LogPluginManager: Loaded Plugin WmfMedia, From C:/Program Files (x86)/Epic Games/4.14/Engine/Plugins/Media/WmfMedia/WmfMedia.uplugin
LogPluginManager: Loaded Plugin MessagingDebugger, From C:/Program Files (x86)/Epic Games/4.14/Engine/Plugins/Messaging/MessagingDebugger/MessagingDebugger.uplugin
LogPluginManager: Loaded Plugin TcpMessaging, From C:/Program Files (x86)/Epic Games/4.14/Engine/Plugins/Messaging/TcpMessaging/TcpMessaging.uplugin
LogPluginManager: Loaded Plugin UdpMessaging, From C:/Program Files (x86)/Epic Games/4.14/Engine/Plugins/Messaging/UdpMessaging/UdpMessaging.uplugin
LogPluginManager: Loaded Plugin LevelSequenceEditor, From C:/Program Files (x86)/Epic Games/4.14/Engine/Plugins/MovieScene/LevelSequenceEditor/LevelSequenceEditor.uplugin
LogPluginManager: Loaded Plugin MatineeToLevelSequence, From C:/Program Files (x86)/Epic Games/4.14/Engine/Plugins/MovieScene/MatineeToLevelSequence/MatineeToLevelSequence.uplugin
LogPluginManager: Loaded Plugin NetcodeUnitTest, From C:/Program Files (x86)/Epic Games/4.14/Engine/Plugins/NetcodeUnitTest/NetcodeUnitTest/NetcodeUnitTest.uplugin
LogPluginManager: Loaded Plugin NUTUnrealEngine4, From C:/Program Files (x86)/Epic Games/4.14/Engine/Plugins/NetcodeUnitTest/NUTUnrealEngine4/NUTUnrealEngine4.uplugin
LogPluginManager: Loaded Plugin OnlineSubsystemGameCircle, From C:/Program Files (x86)/Epic Games/4.14/Engine/Plugins/Online/Android/OnlineSubsystemGameCircle/OnlineSubsystemGameCircle.uplugin
LogPluginManager: Loaded Plugin OnlineSubsystemGooglePlay, From C:/Program Files (x86)/Epic Games/4.14/Engine/Plugins/Online/Android/OnlineSubsystemGooglePlay/OnlineSubsystemGooglePlay.uplugin
LogPluginManager: Loaded Plugin OnlineSubsystemIOS, From C:/Program Files (x86)/Epic Games/4.14/Engine/Plugins/Online/IOS/OnlineSubsystemIOS/OnlineSubsystemIOS.uplugin
LogPluginManager: Loaded Plugin OnlineFramework, From C:/Program Files (x86)/Epic Games/4.14/Engine/Plugins/Online/OnlineFramework/OnlineFramework.uplugin
LogPluginManager: Loaded Plugin OnlineSubsystem, From C:/Program Files (x86)/Epic Games/4.14/Engine/Plugins/Online/OnlineSubsystem/OnlineSubsystem.uplugin
LogPluginManager: Loaded Plugin OnlineSubsystemAmazon, From C:/Program Files (x86)/Epic Games/4.14/Engine/Plugins/Online/OnlineSubsystemAmazon/OnlineSubsystemAmazon.uplugin
LogPluginManager: Loaded Plugin OnlineSubsystemFacebook, From C:/Program Files (x86)/Epic Games/4.14/Engine/Plugins/Online/OnlineSubsystemFacebook/OnlineSubsystemFacebook.uplugin
LogPluginManager: Loaded Plugin OnlineSubsystemNull, From C:/Program Files (x86)/Epic Games/4.14/Engine/Plugins/Online/OnlineSubsystemNull/OnlineSubsystemNull.uplugin
LogPluginManager: Loaded Plugin OnlineSubsystemOculus, From C:/Program Files (x86)/Epic Games/4.14/Engine/Plugins/Online/OnlineSubsystemOculus/OnlineSubsystemOculus.uplugin
LogPluginManager: Loaded Plugin OnlineSubsystemSteam, From C:/Program Files (x86)/Epic Games/4.14/Engine/Plugins/Online/OnlineSubsystemSteam/OnlineSubsystemSteam.uplugin
LogPluginManager: Loaded Plugin OnlineSubsystemUtils, From C:/Program Files (x86)/Epic Games/4.14/Engine/Plugins/Online/OnlineSubsystemUtils/OnlineSubsystemUtils.uplugin
LogPluginManager: Loaded Plugin IOSTapJoy, From C:/Program Files (x86)/Epic Games/4.14/Engine/Plugins/Runtime/Advertising/IOSTapJoy/IOSTapJoy.uplugin
LogPluginManager: Loaded Plugin AnalyticsBlueprintLibrary, From C:/Program Files (x86)/Epic Games/4.14/Engine/Plugins/Runtime/Analytics/AnalyticsBlueprintLibrary/AnalyticsBlueprintLibrary.uplugin
LogPluginManager: Loaded Plugin AnalyticsMulticast, From C:/Program Files (x86)/Epic Games/4.14/Engine/Plugins/Runtime/Analytics/AnalyticsMulticast/AnalyticsMulticast.uplugin
LogPluginManager: Loaded Plugin Apsalar, From C:/Program Files (x86)/Epic Games/4.14/Engine/Plugins/Runtime/Analytics/Apsalar/Apsalar.uplugin
LogPluginManager: Loaded Plugin FileLogging, From C:/Program Files (x86)/Epic Games/4.14/Engine/Plugins/Runtime/Analytics/FileLogging/FileLogging.uplugin
LogPluginManager: Loaded Plugin Flurry, From C:/Program Files (x86)/Epic Games/4.14/Engine/Plugins/Runtime/Analytics/Flurry/Flurry.uplugin
LogPluginManager: Loaded Plugin AndroidDeviceProfileSelector, From C:/Program Files (x86)/Epic Games/4.14/Engine/Plugins/Runtime/AndroidDeviceProfileSelector/AndroidDeviceProfileSelector.uplugin
LogPluginManager: Loaded Plugin AndroidMoviePlayer, From C:/Program Files (x86)/Epic Games/4.14/Engine/Plugins/Runtime/AndroidMoviePlayer/AndroidMoviePlayer.uplugin
LogPluginManager: Loaded Plugin AppleMoviePlayer, From C:/Program Files (x86)/Epic Games/4.14/Engine/Plugins/Runtime/AppleMoviePlayer/AppleMoviePlayer.uplugin
LogPluginManager: Loaded Plugin ArchVisCharacter, From C:/Program Files (x86)/Epic Games/4.14/Engine/Plugins/Runtime/ArchVisCharacter/ArchVisCharacter.uplugin
LogPluginManager: Loaded Plugin CableComponent, From C:/Program Files (x86)/Epic Games/4.14/Engine/Plugins/Runtime/CableComponent/CableComponent.uplugin
LogPluginManager: Loaded Plugin CustomMeshComponent, From C:/Program Files (x86)/Epic Games/4.14/Engine/Plugins/Runtime/CustomMeshComponent/CustomMeshComponent.uplugin
LogPluginManager: Loaded Plugin ExampleDeviceProfileSelector, From C:/Program Files (x86)/Epic Games/4.14/Engine/Plugins/Runtime/ExampleDeviceProfileSelector/ExampleDeviceProfileSelector.uplugin
LogPluginManager: Loaded Plugin GearVR, From C:/Program Files (x86)/Epic Games/4.14/Engine/Plugins/Runtime/GearVR/GearVR.uplugin
LogPluginManager: Loaded Plugin GoogleVRController, From C:/Program Files (x86)/Epic Games/4.14/Engine/Plugins/Runtime/GoogleVR/GoogleVRController/GoogleVRController.uplugin
LogPluginManager: Loaded Plugin GoogleVRHMD, From C:/Program Files (x86)/Epic Games/4.14/Engine/Plugins/Runtime/GoogleVR/GoogleVRHMD/GoogleVRHMD.uplugin
LogPluginManager: Loaded Plugin IOSDeviceProfileSelector, From C:/Program Files (x86)/Epic Games/4.14/Engine/Plugins/Runtime/IOSDeviceProfileSelector/IOSDeviceProfileSelector.uplugin
LogPluginManager: Loaded Plugin LeapMotion, From C:/Program Files (x86)/Epic Games/4.14/Engine/Plugins/Runtime/LeapMotion/LeapMotion.uplugin
LogPluginManager: Loaded Plugin LinuxDeviceProfileSelector, From C:/Program Files (x86)/Epic Games/4.14/Engine/Plugins/Runtime/LinuxDeviceProfileSelector/LinuxDeviceProfileSelector.uplugin
LogPluginManager: Loaded Plugin MIDIDevice, From C:/Program Files (x86)/Epic Games/4.14/Engine/Plugins/Runtime/MIDIDevice/MIDIDevice.uplugin
LogPluginManager: Loaded Plugin MobilePatchingUtils, From C:/Program Files (x86)/Epic Games/4.14/Engine/Plugins/Runtime/MobilePatchingUtils/MobilePatchingUtils.uplugin
LogPluginManager: Loaded Plugin Ansel, From C:/Program Files (x86)/Epic Games/4.14/Engine/Plugins/Runtime/Nvidia/Ansel/Ansel.uplugin
LogPluginManager: Loaded Plugin OculusAudio, From C:/Program Files (x86)/Epic Games/4.14/Engine/Plugins/Runtime/OculusAudio/OculusAudio.uplugin
LogPluginManager: Loaded Plugin OculusInput, From C:/Program Files (x86)/Epic Games/4.14/Engine/Plugins/Runtime/OculusInput/OculusInput.uplugin
LogPluginManager: Loaded Plugin OculusLibrary, From C:/Program Files (x86)/Epic Games/4.14/Engine/Plugins/Runtime/OculusLibrary/OculusLibrary.uplugin
LogPluginManager: Loaded Plugin OculusRift, From C:/Program Files (x86)/Epic Games/4.14/Engine/Plugins/Runtime/OculusRift/OculusRift.uplugin
LogPluginManager: Loaded Plugin Oodle, From C:/Program Files (x86)/Epic Games/4.14/Engine/Plugins/Runtime/PacketHandlers/CompressionComponents/Oodle/Oodle.uplugin
LogPluginManager: Loaded Plugin ProceduralMeshComponent, From C:/Program Files (x86)/Epic Games/4.14/Engine/Plugins/Runtime/ProceduralMeshComponent/ProceduralMeshComponent.uplugin
LogPluginManager: Loaded Plugin SoundMod, From C:/Program Files (x86)/Epic Games/4.14/Engine/Plugins/Runtime/SoundMod/SoundMod.uplugin
LogPluginManager: Loaded Plugin SoundVisualizations, From C:/Program Files (x86)/Epic Games/4.14/Engine/Plugins/Runtime/SoundVisualizations/SoundVisualizations.uplugin
LogPluginManager: Loaded Plugin SteamController, From C:/Program Files (x86)/Epic Games/4.14/Engine/Plugins/Runtime/Steam/SteamController/SteamController.uplugin
LogPluginManager: Loaded Plugin SteamVR, From C:/Program Files (x86)/Epic Games/4.14/Engine/Plugins/Runtime/Steam/SteamVR/SteamVR.uplugin
LogPluginManager: Loaded Plugin WebBrowserWidget, From C:/Program Files (x86)/Epic Games/4.14/Engine/Plugins/Runtime/WebBrowserWidget/WebBrowserWidget.uplugin
LogPluginManager: Loaded Plugin WindowsDeviceProfileSelector, From C:/Program Files (x86)/Epic Games/4.14/Engine/Plugins/Runtime/WindowsDeviceProfileSelector/WindowsDeviceProfileSelector.uplugin
LogPluginManager: Loaded Plugin WindowsMoviePlayer, From C:/Program Files (x86)/Epic Games/4.14/Engine/Plugins/Runtime/WindowsMoviePlayer/WindowsMoviePlayer.uplugin
LogPluginManager: Loaded Plugin ScriptPlugin, From C:/Program Files (x86)/Epic Games/4.14/Engine/Plugins/ScriptPlugin/ScriptPlugin.uplugin
LogPluginManager: Loaded Plugin SlateRemote, From C:/Program Files (x86)/Epic Games/4.14/Engine/Plugins/Slate/SlateRemote/SlateRemote.uplugin
LogPluginManager: Loaded Plugin EditorTests, From C:/Program Files (x86)/Epic Games/4.14/Engine/Plugins/Tests/EditorTests/EditorTests.uplugin
LogPluginManager: Loaded Plugin FbxAutomationTestBuilder, From C:/Program Files (x86)/Epic Games/4.14/Engine/Plugins/Tests/FbxAutomationTestBuilder/FbxAutomationTestBuilder.uplugin
LogPluginManager: Loaded Plugin FunctionalTestingEditor, From C:/Program Files (x86)/Epic Games/4.14/Engine/Plugins/Tests/FunctionalTestingEditor/FunctionalTestingEditor.uplugin
LogPluginManager: Loaded Plugin RuntimeTests, From C:/Program Files (x86)/Epic Games/4.14/Engine/Plugins/Tests/RuntimeTests/RuntimeTests.uplugin
LogPluginManager: Loaded Plugin ScreenshotTools, From C:/Program Files (x86)/Epic Games/4.14/Engine/Plugins/Tests/ScreenshotTools/ScreenshotTools.uplugin
LogInit: Using libcurl 7.47.1
LogInit:  - built for x86_64-pc-win32
LogInit:  - supports SSL with OpenSSL/1.0.2g
LogInit:  - supports HTTP deflate (compression) using libz 1.2.8
LogInit:  - other features:
LogInit:      CURL_VERSION_SSL
LogInit:      CURL_VERSION_LIBZ
LogInit:      CURL_VERSION_IPV6
LogInit:      CURL_VERSION_ASYNCHDNS
LogInit:      CURL_VERSION_LARGEFILE
LogInit:      CURL_VERSION_IDN
LogInit:  CurlRequestOptions (configurable via config and command line):
LogInit:  - bVerifyPeer = false  - Libcurl will NOT verify peer certificate
LogInit:  - bUseHttpProxy = false  - Libcurl will NOT use HTTP proxy
LogInit:  - bDontReuseConnections = false  - Libcurl will reuse connections
LogInit:  - CertBundlePath = nullptr  - Libcurl will use whatever was configured at build time.
LogInit: Build: ++UE4+Release-4.14-CL-3249277
LogInit: Engine Version: 4.14.3-3249277+++UE4+Release-4.14
LogInit: Compatible Engine Version: 4.14.0-3195953+++UE4+Release-4.14
LogInit: Net CL: 3195953
LogDevObjectVersion: Number of dev versions registered: 13
LogDevObjectVersion:   Dev-Blueprints (B0D832E4-1F89-4F0D-ACCF-7EB736FD4AA2): 7
LogDevObjectVersion:   Dev-Build (E1C64328-A22C-4D53-A36C-8E866417BD8C): 0
LogDevObjectVersion:   Dev-Core (375EC13C-06E4-48FB-B500-84F0262A717E): 1
LogDevObjectVersion:   Dev-Editor (E4B068ED-F494-42E9-A231-DA0B2E46BB41): 8
LogDevObjectVersion:   Dev-Framework (CFFC743F-43B0-4480-9391-14DF171D2073): 17
LogDevObjectVersion:   Dev-Mobile (B02B49B5-BB20-44E9-A304-32B752E40360): 0
LogDevObjectVersion:   Dev-Networking (A4E4105C-59A1-49B5-A7C5-40C4547EDFEE): 0
LogDevObjectVersion:   Dev-Online (39C831C9-5AE6-47DC-9A44-9C173E1C8E7C): 0
LogDevObjectVersion:   Dev-Physics (78F01B33-EBEA-4F98-B9B4-84EACCB95AA2): 0
LogDevObjectVersion:   Dev-Platform (6631380F-2D4D-43E0-8009-CF276956A95A): 0
LogDevObjectVersion:   Dev-Rendering (12F88B9F-8875-4AFC-A67C-D90C383ABD29): 12
LogDevObjectVersion:   Dev-Sequencer (7B5AE74C-D270-4C10-A958-57980B212A5A): 1
LogDevObjectVersion:   Dev-VR (D7296918-1DD6-4BDD-9DE2-64A83CC13884): 0
LogInit: Compiled (64-bit): Jan  6 2017 10:49:43
LogInit: Compiled with Visual C++: 19.00.23026.00
LogInit: Build Configuration: Development
LogInit: Branch Name: ++UE4+Release-4.14
LogInit: Command line:  /Temp/Autosaves/Game/Levels/UEDPCTests -game -PIEVIACONSOLE -ResX=1280 -ResY=720  -Multiprocess -messaging -SessionName="Play in Standalone Game" -windowed 
LogInit: Base directory: C:/Program Files (x86)/Epic Games/4.14/Engine/Binaries/Win64/
LogInit: Installed Engine Build: 1
LogInit: Presizing for max 8388607 objects, including 0 objects not considered by GC, pre-allocating 0 bytes for permanent pool.
LogInit: Object subsystem initialized
[2017.01.30-10.14.23:548][  0]LogInit: Selected Device Profile: [Windows]
[2017.01.30-10.14.23:548][  0]LogInit: Applying CVar settings loaded from the selected device profile: [Windows]
[2017.01.30-10.14.23:552][  0]LogInit: Computer: BAR-EGIMENEZ
[2017.01.30-10.14.23:552][  0]LogInit: User: egimenez
[2017.01.30-10.14.23:552][  0]LogInit: CPU Page size=65536, Cores=6
[2017.01.30-10.14.23:552][  0]LogInit: High frequency timer resolution =3.409775 MHz
[2017.01.30-10.14.23:552][  0]LogMemory: Memory total: Physical=63.9GB (64GB approx)
[2017.01.30-10.14.23:552][  0]LogMemory: Platform Memory Stats for Windows
[2017.01.30-10.14.23:552][  0]LogMemory: Process Physical Memory: 268.62 MB used, 268.62 MB peak
[2017.01.30-10.14.23:552][  0]LogMemory: Process Virtual Memory: 269.49 MB used, 269.49 MB peak
[2017.01.30-10.14.23:552][  0]LogMemory: Physical Memory: 11244.80 MB used,  54219.27 MB free, 65464.06 MB total
[2017.01.30-10.14.23:552][  0]LogMemory: Virtual Memory: 668.37 MB used,  54219.27 MB free, 8388608.00 MB total
[2017.01.30-10.14.23:586][  0]LogTextLocalizationManager: No specific translations for ('es-ES') exist, so ('es') translations will be used.
[2017.01.30-10.14.23:787][  0]LogD3D11RHI: D3D11 adapters:
[2017.01.30-10.14.23:803][  0]LogD3D11RHI:    0. 'NVIDIA GeForce GTX 670' (Feature Level 11_0)
[2017.01.30-10.14.23:803][  0]LogD3D11RHI:       4026/0/32476 MB DedicatedVideo/DedicatedSystem/SharedSystem, Outputs:1, VendorId:0x10de
[2017.01.30-10.14.23:803][  0]LogD3D11RHI: Chosen D3D11 Adapter: 0
[2017.01.30-10.14.54:690][  0]LogD3D11RHI: Creating new Direct3DDevice
[2017.01.30-10.14.54:690][  0]LogD3D11RHI:     GPU DeviceId: 0x1189 (for the marketing name, search the web for "GPU Device Id")
[2017.01.30-10.14.54:690][  0]LogWindows: EnumDisplayDevices:
[2017.01.30-10.14.54:690][  0]LogWindows:    0. 'NVIDIA GeForce GTX 670' (P:1 D:1)
[2017.01.30-10.14.54:691][  0]LogWindows:    1. 'NVIDIA GeForce GTX 670' (P:0 D:0)
[2017.01.30-10.14.54:691][  0]LogWindows:    2. 'NVIDIA GeForce GTX 670' (P:0 D:0)
[2017.01.30-10.14.54:691][  0]LogWindows:    3. 'NVIDIA GeForce GTX 670' (P:0 D:0)
[2017.01.30-10.14.54:691][  0]LogWindows:    4. 'RDPDD Chained DD' (P:0 D:0)
[2017.01.30-10.14.54:692][  0]LogWindows:    5. 'RDP Encoder Mirror Driver' (P:0 D:0)
[2017.01.30-10.14.54:692][  0]LogWindows:    6. 'RDP Reflector Display Driver' (P:0 D:0)
[2017.01.30-10.14.54:692][  0]LogWindows: DebugString: GetVideoDriverDetailsInvalid PrimaryIsNotTheChoosenAdapter GetVideoDriverDetailsInvalid PrimaryIsNotTheChoosenAdapter GetVideoDriverDetailsInvalid PrimaryIsNotTheChoosenAdapter FoundDriverCount:4 
[2017.01.30-10.14.54:692][  0]LogD3D11RHI:     Adapter Name: NVIDIA GeForce GTX 670
[2017.01.30-10.14.54:692][  0]LogD3D11RHI:   Driver Version: 372.90 (internal:21.21.13.7290, unified:372.90)
[2017.01.30-10.14.54:692][  0]LogD3D11RHI:      Driver Date: 9-16-2016
[2017.01.30-10.14.54:692][  0]LogRHI: Texture pool is 1361 MB (70% of 1945 MB)
[2017.01.30-10.14.54:709][  0]LogD3D11RHI:Warning: Timestamp queries are currently disabled on this hardware due to instability. Realtime GPU stats will not be available. You can override this behaviour by setting r.NVIDIATimestampWorkaround to 0
[2017.01.30-10.14.54:709][  0]LogD3D11RHI: Async texture creation enabled
[2017.01.30-10.14.54:728][  0]LogD3D11RHI: GPU Timing Frequency: 1000.000000 (Debug: 2 2)
[2017.01.30-10.14.54:729][  0]LogShaderCompilers: Guid format shader working directory is -29 characters bigger than the processId version (../../../../../../Users/egimenez/Desktop/VAN/VANsGame/Mechanics/BasicMechanics/Intermediate/Shaders/WorkingDirectory/5872/).
[2017.01.30-10.14.54:729][  0]LogShaderCompilers: Cleaned the shader compiler working directory 'C:/Users/egimenez/AppData/Local/Temp/UnrealShaderWorkingDir/D20BFC78499B444496A9E2B3D7CDA867/'.
[2017.01.30-10.14.54:729][  0]LogShaderCompilers:Display: Using Local Shader Compiler.
[2017.01.30-10.14.56:202][  0]LogTemp:Display: Loaded TP WindowsClientTargetPlatform
[2017.01.30-10.14.56:276][  0]LogTemp:Display: Loaded TP WindowsNoEditorTargetPlatform
[2017.01.30-10.14.56:353][  0]LogTemp:Display: Loaded TP WindowsServerTargetPlatform
[2017.01.30-10.14.56:431][  0]LogTemp:Display: Loaded TP WindowsTargetPlatform
[2017.01.30-10.14.56:431][  0]LogTargetPlatformManager:Display: Building Assets For Windows
[2017.01.30-10.14.57:007][  0]LogDerivedDataCache:Display: Max Cache Size: 512 MB
[2017.01.30-10.14.57:067][  0]LogDerivedDataCache: Loaded boot cache 0.06s 50MB C:/Users/egimenez/AppData/Local/UnrealEngine/4.14/DerivedDataCache/Boot.ddc.
[2017.01.30-10.14.57:067][  0]LogDerivedDataCache:Display: Loaded Boot cache: C:/Users/egimenez/AppData/Local/UnrealEngine/4.14/DerivedDataCache/Boot.ddc
[2017.01.30-10.14.57:067][  0]LogDerivedDataCache: FDerivedDataBackendGraph:  Pak pak cache file ../../../../../../Users/egimenez/Desktop/VAN/VANsGame/Mechanics/BasicMechanics/DerivedDataCache/DDC.ddp not found, will not use a pak cache.
[2017.01.30-10.14.57:067][  0]LogDerivedDataCache: Unable to find inner node Pak for hierarchical cache Hierarchy.
[2017.01.30-10.14.57:067][  0]LogDerivedDataCache: FDerivedDataBackendGraph:  CompressedPak pak cache file ../../../../../../Users/egimenez/Desktop/VAN/VANsGame/Mechanics/BasicMechanics/DerivedDataCache/Compressed.ddp not found, will not use a pak cache.
[2017.01.30-10.14.57:067][  0]LogDerivedDataCache: Unable to find inner node CompressedPak for hierarchical cache Hierarchy.
[2017.01.30-10.14.57:088][  0]LogDerivedDataCache:Display: Pak cache opened for reading ../../../Engine/DerivedDataCache/Compressed.ddp.
[2017.01.30-10.14.57:100][  0]LogDerivedDataCache: Using Local data cache path C:/Users/egimenez/AppData/Local/UnrealEngine/Common/DerivedDataCache: Writable
[2017.01.30-10.14.57:385][  0]LogAssetRegistry: FAssetRegistry took 0.0002 seconds to start up
[2017.01.30-10.14.57:392][  0]LogPackageLocalizationCache: Processed 3 localized package path(s) for 2 prioritized culture(s) in 0.007037 seconds
[2017.01.30-10.14.57:435][  0]LogInit: Selected Device Profile: [Windows]
[2017.01.30-10.14.57:438][  0]LogContentStreaming: Texture pool size is 1000.00 MB
[2017.01.30-10.14.57:745][  0]LogMeshUtilities: Using QuadricMeshReduction for automatic static mesh reduction
[2017.01.30-10.14.57:805][  0]LogSimplygon: Simplygon DLL not present - disabling.
[2017.01.30-10.14.57:876][  0]LogMeshUtilities: Using SimplygonSwarm for distributed automatic mesh merging
[2017.01.30-10.14.57:876][  0]LogMeshUtilities: No automatic skeletal mesh reduction module available
[2017.01.30-10.14.57:876][  0]LogMeshUtilities: No automatic mesh merging module available
[2017.01.30-10.14.58:428][  0]LogNetVersion: GetLocalNetworkVersion: CL: 3195953, ProjectName: basicmechanics, ProjectVersion: , EngineNetworkVersion: 2, GameNetworkVersion: 0, NetworkChecksum: 1363929391
[2017.01.30-10.14.58:500][  0]LogInit: WinSock: version 1.1 (2.2), MaxSocks=32767, MaxUdp=65467
[2017.01.30-10.14.59:525][  0]LogSlate: Using Freetype 2.6.0
[2017.01.30-10.14.59:526][  0]LogSlate: SlateFontCache - WITH_FREETYPE: 1, WITH_HARFBUZZ: 1
[2017.01.30-10.14.59:526][  0]LogSlate: SlateFontCache - WITH_FREETYPE: 1, WITH_HARFBUZZ: 1
[2017.01.30-10.14.59:695][  0]LogMoviePlayer: Initializing movie player
[2017.01.30-10.14.59:783][  0]LogWindowsMoviePlayer: Unable to load movie: ../../../../../../Users/egimenez/Desktop/VAN/VANsGame/Mechanics/BasicMechanics/Content/Movies/Default_Startup.mp4
[2017.01.30-10.14.59:955][  0]LogTcpMessaging: Initializing TcpMessaging bridge
[2017.01.30-10.14.59:991][  0]LogUdpMessaging: Initializing bridge on interface 0.0.0.0:0 to multicast group 230.0.0.1:6666.
[2017.01.30-10.15.00:133][  0]SourceControl: Información El control de código fuente está desactivado
[2017.01.30-10.15.00:133][  0]SourceControl: Información El control de código fuente está desactivado
[2017.01.30-10.15.00:181][  0]SourceControl: Información El control de código fuente está desactivado
[2017.01.30-10.15.00:995][  0]LogUObjectArray: 33496 objects as part of root set at end of initial load.
[2017.01.30-10.15.00:995][  0]LogUObjectAllocator: 7417784 out of 0 bytes used by permanent object pool.
[2017.01.30-10.15.00:995][  0]LogUObjectArray: CloseDisregardForGC: 0/0 objects in disregard for GC pool
[2017.01.30-10.15.01:116][  0]LogEngine: Initializing Engine...
[2017.01.30-10.15.01:117][  0]LogHMD: Failed to initialize OpenVR with code 110
[2017.01.30-10.15.01:257][  0]LogInit: XAudio2 using 'Speakers (Realtek High Definition Audio)' : 2 channels at 48 kHz using 32 bits per sample (channel mask 0x3)
[2017.01.30-10.15.01:266][  0]LogInit: FAudioDevice initialized.
[2017.01.30-10.15.01:279][  0]LogInit: Texture streaming: Enabled
[2017.01.30-10.15.01:297][  0]LogMaterial: Uniform references updated for custom material expression Custom.
[2017.01.30-10.15.01:727][  0]LogInit:Display: Game Engine Initialized.
[2017.01.30-10.15.01:917][  0]LogInit:Display: Starting Game.
[2017.01.30-10.15.01:917][  0]LogNet: Browse: /Temp/Autosaves/Game/Levels/UEDPCTests?Name=Player
[2017.01.30-10.15.01:917][  0]LogLoad: LoadMap: /Temp/Autosaves/Game/Levels/UEDPCTests?Name=Player
[2017.01.30-10.15.01:935][  0]LogMemory: Platform Memory Stats for Windows
[2017.01.30-10.15.01:935][  0]LogMemory: Process Physical Memory: 609.98 MB used, 637.28 MB peak
[2017.01.30-10.15.01:935][  0]LogMemory: Process Virtual Memory: 713.08 MB used, 713.10 MB peak
[2017.01.30-10.15.01:935][  0]LogMemory: Physical Memory: 11513.68 MB used,  53950.38 MB free, 65464.06 MB total
[2017.01.30-10.15.01:935][  0]LogMemory: Virtual Memory: 1340.18 MB used,  53950.38 MB free, 8388608.00 MB total
[2017.01.30-10.15.01:935][  0]LogMemory: 
[2017.01.30-10.15.01:935][  0]Allocator Stats for TBB: (not implemented)
[2017.01.30-10.15.02:451][  0]LogBlueprint:Warning: [Compiler Answers] Aviso 'Item' is already a 'NPC', you don't need  K2Node_DynamicCast_0 .
[2017.01.30-10.15.02:452][  0]LogBlueprint:Warning: [Compiler Answers] Aviso 'Item' is already a 'NPC', you don't need  K2Node_DynamicCast_15 .
[2017.01.30-10.15.02:452][  0]LogBlueprint:Warning: [Compiler Answers] Aviso 'Item' is already a 'NPC', you don't need  K2Node_DynamicCast_2 .
[2017.01.30-10.15.02:461][  0]LogBlueprint:Warning: [Compiler Answers] Aviso [0040,47] Compile of Answers successful, but with 3 Warning(s) [in 12 ms] (/Game/Elements/NPCDialogue/Answers.Answers)
[2017.01.30-10.15.02:461][  0]LogBlueprint:Warning: [Compiler Answers] Aviso [0040,47] Compile of Answers successful, but with 4 Warning(s) [in 0 ms] (/Game/Elements/NPCDialogue/Answers.Answers)
[2017.01.30-10.15.02:461][  0]LogBlueprint:Warning: [Compiler Answers] Aviso [0040,47] Compile of Answers successful, but with 5 Warning(s) [in 0 ms] (/Game/Elements/NPCDialogue/Answers.Answers)
[2017.01.30-10.15.02:847][  0]LogBlueprint:Warning: [Compiler Answers] Aviso 'Item' is already a 'NPC', you don't need  K2Node_DynamicCast_0 .
[2017.01.30-10.15.02:848][  0]LogBlueprint:Warning: [Compiler Answers] Aviso 'Item' is already a 'NPC', you don't need  K2Node_DynamicCast_15 .
[2017.01.30-10.15.02:848][  0]LogBlueprint:Warning: [Compiler Answers] Aviso 'Item' is already a 'NPC', you don't need  K2Node_DynamicCast_2 .
[2017.01.30-10.15.02:860][  0]LogBlueprint:Warning: [Compiler Answers] Aviso [0040,87] Compile of Answers successful, but with 3 Warning(s) [in 19 ms] (/Game/Elements/NPCDialogue/Answers.Answers)
[2017.01.30-10.15.02:860][  0]LogBlueprint:Warning: [Compiler Answers] Aviso [0040,87] Compile of Answers successful, but with 4 Warning(s) [in 0 ms] (/Game/Elements/NPCDialogue/Answers.Answers)
[2017.01.30-10.15.02:861][  0]LogBlueprint:Warning: [Compiler Answers] Aviso [0040,87] Compile of Answers successful, but with 5 Warning(s) [in 0 ms] (/Game/Elements/NPCDialogue/Answers.Answers)
[2017.01.30-10.15.03:379][  0]LogAIModule: Creating AISystem for world Tests
[2017.01.30-10.15.03:379][  0]LogLoad: Game class is 'GameModeBase'
[2017.01.30-10.15.03:388][  0]LogSkeletalMesh: UPhysicsAssetInstance::InitInstance : Could not find root physics body: CharacterMesh0
[2017.01.30-10.15.03:388][  0]LogSkeletalMesh: UPhysicsAssetInstance::InitInstance : Could not find root physics body: CharacterMesh0
[2017.01.30-10.15.03:388][  0]LogSkeletalMesh: UPhysicsAssetInstance::InitInstance : Could not find root physics body: CharacterMesh0
[2017.01.30-10.15.03:403][  0]LogWorld: Bringing World /Temp/Autosaves/Game/Levels/UEDPCTests.Tests up for play (max tick rate 0) at 2017.01.30-11.15.03
[2017.01.30-10.15.03:405][  0]LogWorld: Bringing up level for play took: 0.024380
[2017.01.30-10.15.03:406][  0]LogLoad: Took 1.489302 seconds to LoadMap(/Temp/Autosaves/Game/Levels/UEDPCTests)
[2017.01.30-10.15.03:825][  0]LogLoad: (Engine Initialization) Total time: 41.83 seconds
[2017.01.30-10.15.03:825][  0]LogLoad: (Engine Initialization) Total Blueprint compile time: 0.65 seconds
[2017.01.30-10.15.03:825][  0]LogExternalProfiler: No external profilers were discovered.  External profiling features will not be available.
[2017.01.30-10.15.03:842][  0]LogOcInput: OculusInput pre-init called
[2017.01.30-10.15.03:940][  0]LogRenderer: Reallocating scene render targets to support 128x128 NumSamples 1 (Frame:1).
[2017.01.30-10.15.04:009][  1]LogRenderer: Reallocating scene render targets to support 1280x720 NumSamples 1 (Frame:2).
[2017.01.30-10.15.08:864][296]LogEngine: All Windows Closed
[2017.01.30-10.15.08:865][296]LogWindows: FPlatformMisc::RequestExit(0)
[2017.01.30-10.15.08:865][297]LogMoviePlayer: Shutting down movie player
[2017.01.30-10.15.09:124][297]LogExit: Preparing to exit.
