Log file open, 03/01/17 20:33:04
LogInit:Display: Running engine for game: BasicMechanics
LogPlatformFile: Not using cached read wrapper
LogInit:Display: RandInit(410445501) SRandInit(410445501).
LogTaskGraph: Started task graph with 5 named threads and 8 total threads with 1 sets of task threads.
LogStats: Stats thread started at 0.661615
LogPluginManager: Loaded Plugin Paper2D, From D:/Program Files (x86)/Epic Games/4.14/Engine/Plugins/2D/Paper2D/Paper2D.uplugin
LogPluginManager: Loaded Plugin LightPropagationVolume, From D:/Program Files (x86)/Epic Games/4.14/Engine/Plugins/Blendables/LightPropagationVolume/LightPropagationVolume.uplugin
LogPluginManager: Loaded Plugin BlankPlugin, From D:/Program Files (x86)/Epic Games/4.14/Engine/Plugins/Developer/BlankPlugin/BlankPlugin.uplugin
LogPluginManager: Loaded Plugin CodeLiteSourceCodeAccess, From D:/Program Files (x86)/Epic Games/4.14/Engine/Plugins/Developer/CodeLiteSourceCodeAccess/CodeLiteSourceCodeAccess.uplugin
LogPluginManager: Loaded Plugin GitSourceControl, From D:/Program Files (x86)/Epic Games/4.14/Engine/Plugins/Developer/GitSourceControl/GitSourceControl.uplugin
LogPluginManager: Loaded Plugin KDevelopSourceCodeAccess, From D:/Program Files (x86)/Epic Games/4.14/Engine/Plugins/Developer/KDevelopSourceCodeAccess/KDevelopSourceCodeAccess.uplugin
LogPluginManager: Loaded Plugin NullSourceCodeAccess, From D:/Program Files (x86)/Epic Games/4.14/Engine/Plugins/Developer/NullSourceCodeAccess/NullSourceCodeAccess.uplugin
LogPluginManager: Loaded Plugin OneSkyLocalizationService, From D:/Program Files (x86)/Epic Games/4.14/Engine/Plugins/Developer/OneSkyLocalizationService/OneSkyLocalizationService.uplugin
LogPluginManager: Loaded Plugin PerforceSourceControl, From D:/Program Files (x86)/Epic Games/4.14/Engine/Plugins/Developer/PerforceSourceControl/PerforceSourceControl.uplugin
LogPluginManager: Loaded Plugin SubversionSourceControl, From D:/Program Files (x86)/Epic Games/4.14/Engine/Plugins/Developer/SubversionSourceControl/SubversionSourceControl.uplugin
LogPluginManager: Loaded Plugin UObjectPlugin, From D:/Program Files (x86)/Epic Games/4.14/Engine/Plugins/Developer/UObjectPlugin/UObjectPlugin.uplugin
LogPluginManager: Loaded Plugin VisualStudioSourceCodeAccess, From D:/Program Files (x86)/Epic Games/4.14/Engine/Plugins/Developer/VisualStudioSourceCodeAccess/VisualStudioSourceCodeAccess.uplugin
LogPluginManager: Loaded Plugin XCodeSourceCodeAccess, From D:/Program Files (x86)/Epic Games/4.14/Engine/Plugins/Developer/XCodeSourceCodeAccess/XCodeSourceCodeAccess.uplugin
LogPluginManager: Loaded Plugin AudioCapture, From D:/Program Files (x86)/Epic Games/4.14/Engine/Plugins/Editor/AudioCapture/AudioCapture.uplugin
LogPluginManager: Loaded Plugin EpicSurvey, From D:/Program Files (x86)/Epic Games/4.14/Engine/Plugins/Editor/EpicSurvey/EpicSurvey.uplugin
LogPluginManager: Loaded Plugin MacGraphicsSwitching, From D:/Program Files (x86)/Epic Games/4.14/Engine/Plugins/Editor/MacGraphicsSwitching/MacGraphicsSwitching.uplugin
LogPluginManager: Loaded Plugin MobileLauncherProfileWizard, From D:/Program Files (x86)/Epic Games/4.14/Engine/Plugins/Editor/MobileLauncherProfileWizard/MobileLauncherProfileWizard.uplugin
LogPluginManager: Loaded Plugin PluginBrowser, From D:/Program Files (x86)/Epic Games/4.14/Engine/Plugins/Editor/PluginBrowser/PluginBrowser.uplugin
LogPluginManager: Loaded Plugin SpeedTreeImporter, From D:/Program Files (x86)/Epic Games/4.14/Engine/Plugins/Editor/SpeedTreeImporter/SpeedTreeImporter.uplugin
LogPluginManager: Loaded Plugin SuperSearchEditor, From D:/Program Files (x86)/Epic Games/4.14/Engine/Plugins/Editor/SuperSearchEditor/SuperSearchEditor.uplugin
LogPluginManager: Loaded Plugin AlembicImporter, From D:/Program Files (x86)/Epic Games/4.14/Engine/Plugins/Experimental/AlembicImporter/AlembicImporter.uplugin
LogPluginManager: Loaded Plugin BlueprintStats, From D:/Program Files (x86)/Epic Games/4.14/Engine/Plugins/Experimental/BlueprintStats/BlueprintStats.uplugin
LogPluginManager: Loaded Plugin CharacterAI, From D:/Program Files (x86)/Epic Games/4.14/Engine/Plugins/Experimental/CharacterAI/CharacterAI.uplugin
LogPluginManager: Loaded Plugin CodeEditor, From D:/Program Files (x86)/Epic Games/4.14/Engine/Plugins/Experimental/CodeEditor/CodeEditor.uplugin
LogPluginManager: Loaded Plugin CodeView, From D:/Program Files (x86)/Epic Games/4.14/Engine/Plugins/Experimental/CodeView/CodeView.uplugin
LogPluginManager: Loaded Plugin HTML5Networking, From D:/Program Files (x86)/Epic Games/4.14/Engine/Plugins/Experimental/HTML5Networking/HTML5Networking.uplugin
LogPluginManager: Loaded Plugin OSVR, From D:/Program Files (x86)/Epic Games/4.14/Engine/Plugins/Experimental/OSVR/OSVR.uplugin
LogPluginManager: Loaded Plugin Phya, From D:/Program Files (x86)/Epic Games/4.14/Engine/Plugins/Experimental/Phya/Phya.uplugin
LogPluginManager: Loaded Plugin SignificanceManager, From D:/Program Files (x86)/Epic Games/4.14/Engine/Plugins/Experimental/SignificanceManager/SignificanceManager.uplugin
LogPluginManager: Loaded Plugin SimpleHMD, From D:/Program Files (x86)/Epic Games/4.14/Engine/Plugins/Experimental/SimpleHMD/SimpleHMD.uplugin
LogPluginManager: Loaded Plugin StereoPanorama, From D:/Program Files (x86)/Epic Games/4.14/Engine/Plugins/Experimental/StereoPanorama/StereoPanorama.uplugin
LogPluginManager: Loaded Plugin StructBox, From D:/Program Files (x86)/Epic Games/4.14/Engine/Plugins/Experimental/StructBox/StructBox.uplugin
LogPluginManager: Loaded Plugin AndroidMedia, From D:/Program Files (x86)/Epic Games/4.14/Engine/Plugins/Media/AndroidMedia/AndroidMedia.uplugin
LogPluginManager: Loaded Plugin AvfMedia, From D:/Program Files (x86)/Epic Games/4.14/Engine/Plugins/Media/AvfMedia/AvfMedia.uplugin
LogPluginManager: Loaded Plugin MediaPlayerEditor, From D:/Program Files (x86)/Epic Games/4.14/Engine/Plugins/Media/MediaPlayerEditor/MediaPlayerEditor.uplugin
LogPluginManager: Loaded Plugin WmfMedia, From D:/Program Files (x86)/Epic Games/4.14/Engine/Plugins/Media/WmfMedia/WmfMedia.uplugin
LogPluginManager: Loaded Plugin MessagingDebugger, From D:/Program Files (x86)/Epic Games/4.14/Engine/Plugins/Messaging/MessagingDebugger/MessagingDebugger.uplugin
LogPluginManager: Loaded Plugin TcpMessaging, From D:/Program Files (x86)/Epic Games/4.14/Engine/Plugins/Messaging/TcpMessaging/TcpMessaging.uplugin
LogPluginManager: Loaded Plugin UdpMessaging, From D:/Program Files (x86)/Epic Games/4.14/Engine/Plugins/Messaging/UdpMessaging/UdpMessaging.uplugin
LogPluginManager: Loaded Plugin LevelSequenceEditor, From D:/Program Files (x86)/Epic Games/4.14/Engine/Plugins/MovieScene/LevelSequenceEditor/LevelSequenceEditor.uplugin
LogPluginManager: Loaded Plugin MatineeToLevelSequence, From D:/Program Files (x86)/Epic Games/4.14/Engine/Plugins/MovieScene/MatineeToLevelSequence/MatineeToLevelSequence.uplugin
LogPluginManager: Loaded Plugin NetcodeUnitTest, From D:/Program Files (x86)/Epic Games/4.14/Engine/Plugins/NetcodeUnitTest/NetcodeUnitTest/NetcodeUnitTest.uplugin
LogPluginManager: Loaded Plugin NUTUnrealEngine4, From D:/Program Files (x86)/Epic Games/4.14/Engine/Plugins/NetcodeUnitTest/NUTUnrealEngine4/NUTUnrealEngine4.uplugin
LogPluginManager: Loaded Plugin OnlineSubsystemGameCircle, From D:/Program Files (x86)/Epic Games/4.14/Engine/Plugins/Online/Android/OnlineSubsystemGameCircle/OnlineSubsystemGameCircle.uplugin
LogPluginManager: Loaded Plugin OnlineSubsystemGooglePlay, From D:/Program Files (x86)/Epic Games/4.14/Engine/Plugins/Online/Android/OnlineSubsystemGooglePlay/OnlineSubsystemGooglePlay.uplugin
LogPluginManager: Loaded Plugin OnlineSubsystemIOS, From D:/Program Files (x86)/Epic Games/4.14/Engine/Plugins/Online/IOS/OnlineSubsystemIOS/OnlineSubsystemIOS.uplugin
LogPluginManager: Loaded Plugin OnlineFramework, From D:/Program Files (x86)/Epic Games/4.14/Engine/Plugins/Online/OnlineFramework/OnlineFramework.uplugin
LogPluginManager: Loaded Plugin OnlineSubsystem, From D:/Program Files (x86)/Epic Games/4.14/Engine/Plugins/Online/OnlineSubsystem/OnlineSubsystem.uplugin
LogPluginManager: Loaded Plugin OnlineSubsystemAmazon, From D:/Program Files (x86)/Epic Games/4.14/Engine/Plugins/Online/OnlineSubsystemAmazon/OnlineSubsystemAmazon.uplugin
LogPluginManager: Loaded Plugin OnlineSubsystemFacebook, From D:/Program Files (x86)/Epic Games/4.14/Engine/Plugins/Online/OnlineSubsystemFacebook/OnlineSubsystemFacebook.uplugin
LogPluginManager: Loaded Plugin OnlineSubsystemNull, From D:/Program Files (x86)/Epic Games/4.14/Engine/Plugins/Online/OnlineSubsystemNull/OnlineSubsystemNull.uplugin
LogPluginManager: Loaded Plugin OnlineSubsystemOculus, From D:/Program Files (x86)/Epic Games/4.14/Engine/Plugins/Online/OnlineSubsystemOculus/OnlineSubsystemOculus.uplugin
LogPluginManager: Loaded Plugin OnlineSubsystemSteam, From D:/Program Files (x86)/Epic Games/4.14/Engine/Plugins/Online/OnlineSubsystemSteam/OnlineSubsystemSteam.uplugin
LogPluginManager: Loaded Plugin OnlineSubsystemUtils, From D:/Program Files (x86)/Epic Games/4.14/Engine/Plugins/Online/OnlineSubsystemUtils/OnlineSubsystemUtils.uplugin
LogPluginManager: Loaded Plugin IOSTapJoy, From D:/Program Files (x86)/Epic Games/4.14/Engine/Plugins/Runtime/Advertising/IOSTapJoy/IOSTapJoy.uplugin
LogPluginManager: Loaded Plugin AnalyticsBlueprintLibrary, From D:/Program Files (x86)/Epic Games/4.14/Engine/Plugins/Runtime/Analytics/AnalyticsBlueprintLibrary/AnalyticsBlueprintLibrary.uplugin
LogPluginManager: Loaded Plugin AnalyticsMulticast, From D:/Program Files (x86)/Epic Games/4.14/Engine/Plugins/Runtime/Analytics/AnalyticsMulticast/AnalyticsMulticast.uplugin
LogPluginManager: Loaded Plugin Apsalar, From D:/Program Files (x86)/Epic Games/4.14/Engine/Plugins/Runtime/Analytics/Apsalar/Apsalar.uplugin
LogPluginManager: Loaded Plugin FileLogging, From D:/Program Files (x86)/Epic Games/4.14/Engine/Plugins/Runtime/Analytics/FileLogging/FileLogging.uplugin
LogPluginManager: Loaded Plugin Flurry, From D:/Program Files (x86)/Epic Games/4.14/Engine/Plugins/Runtime/Analytics/Flurry/Flurry.uplugin
LogPluginManager: Loaded Plugin AndroidDeviceProfileSelector, From D:/Program Files (x86)/Epic Games/4.14/Engine/Plugins/Runtime/AndroidDeviceProfileSelector/AndroidDeviceProfileSelector.uplugin
LogPluginManager: Loaded Plugin AndroidMoviePlayer, From D:/Program Files (x86)/Epic Games/4.14/Engine/Plugins/Runtime/AndroidMoviePlayer/AndroidMoviePlayer.uplugin
LogPluginManager: Loaded Plugin AppleMoviePlayer, From D:/Program Files (x86)/Epic Games/4.14/Engine/Plugins/Runtime/AppleMoviePlayer/AppleMoviePlayer.uplugin
LogPluginManager: Loaded Plugin ArchVisCharacter, From D:/Program Files (x86)/Epic Games/4.14/Engine/Plugins/Runtime/ArchVisCharacter/ArchVisCharacter.uplugin
LogPluginManager: Loaded Plugin CableComponent, From D:/Program Files (x86)/Epic Games/4.14/Engine/Plugins/Runtime/CableComponent/CableComponent.uplugin
LogPluginManager: Loaded Plugin CustomMeshComponent, From D:/Program Files (x86)/Epic Games/4.14/Engine/Plugins/Runtime/CustomMeshComponent/CustomMeshComponent.uplugin
LogPluginManager: Loaded Plugin ExampleDeviceProfileSelector, From D:/Program Files (x86)/Epic Games/4.14/Engine/Plugins/Runtime/ExampleDeviceProfileSelector/ExampleDeviceProfileSelector.uplugin
LogPluginManager: Loaded Plugin GearVR, From D:/Program Files (x86)/Epic Games/4.14/Engine/Plugins/Runtime/GearVR/GearVR.uplugin
LogPluginManager: Loaded Plugin GoogleVRController, From D:/Program Files (x86)/Epic Games/4.14/Engine/Plugins/Runtime/GoogleVR/GoogleVRController/GoogleVRController.uplugin
LogPluginManager: Loaded Plugin GoogleVRHMD, From D:/Program Files (x86)/Epic Games/4.14/Engine/Plugins/Runtime/GoogleVR/GoogleVRHMD/GoogleVRHMD.uplugin
LogPluginManager: Loaded Plugin IOSDeviceProfileSelector, From D:/Program Files (x86)/Epic Games/4.14/Engine/Plugins/Runtime/IOSDeviceProfileSelector/IOSDeviceProfileSelector.uplugin
LogPluginManager: Loaded Plugin LeapMotion, From D:/Program Files (x86)/Epic Games/4.14/Engine/Plugins/Runtime/LeapMotion/LeapMotion.uplugin
LogPluginManager: Loaded Plugin LinuxDeviceProfileSelector, From D:/Program Files (x86)/Epic Games/4.14/Engine/Plugins/Runtime/LinuxDeviceProfileSelector/LinuxDeviceProfileSelector.uplugin
LogPluginManager: Loaded Plugin MIDIDevice, From D:/Program Files (x86)/Epic Games/4.14/Engine/Plugins/Runtime/MIDIDevice/MIDIDevice.uplugin
LogPluginManager: Loaded Plugin MobilePatchingUtils, From D:/Program Files (x86)/Epic Games/4.14/Engine/Plugins/Runtime/MobilePatchingUtils/MobilePatchingUtils.uplugin
LogPluginManager: Loaded Plugin Ansel, From D:/Program Files (x86)/Epic Games/4.14/Engine/Plugins/Runtime/Nvidia/Ansel/Ansel.uplugin
LogPluginManager: Loaded Plugin OculusAudio, From D:/Program Files (x86)/Epic Games/4.14/Engine/Plugins/Runtime/OculusAudio/OculusAudio.uplugin
LogPluginManager: Loaded Plugin OculusInput, From D:/Program Files (x86)/Epic Games/4.14/Engine/Plugins/Runtime/OculusInput/OculusInput.uplugin
LogPluginManager: Loaded Plugin OculusLibrary, From D:/Program Files (x86)/Epic Games/4.14/Engine/Plugins/Runtime/OculusLibrary/OculusLibrary.uplugin
LogPluginManager: Loaded Plugin OculusRift, From D:/Program Files (x86)/Epic Games/4.14/Engine/Plugins/Runtime/OculusRift/OculusRift.uplugin
LogPluginManager: Loaded Plugin Oodle, From D:/Program Files (x86)/Epic Games/4.14/Engine/Plugins/Runtime/PacketHandlers/CompressionComponents/Oodle/Oodle.uplugin
LogPluginManager: Loaded Plugin ProceduralMeshComponent, From D:/Program Files (x86)/Epic Games/4.14/Engine/Plugins/Runtime/ProceduralMeshComponent/ProceduralMeshComponent.uplugin
LogPluginManager: Loaded Plugin SoundMod, From D:/Program Files (x86)/Epic Games/4.14/Engine/Plugins/Runtime/SoundMod/SoundMod.uplugin
LogPluginManager: Loaded Plugin SoundVisualizations, From D:/Program Files (x86)/Epic Games/4.14/Engine/Plugins/Runtime/SoundVisualizations/SoundVisualizations.uplugin
LogPluginManager: Loaded Plugin SteamController, From D:/Program Files (x86)/Epic Games/4.14/Engine/Plugins/Runtime/Steam/SteamController/SteamController.uplugin
LogPluginManager: Loaded Plugin SteamVR, From D:/Program Files (x86)/Epic Games/4.14/Engine/Plugins/Runtime/Steam/SteamVR/SteamVR.uplugin
LogPluginManager: Loaded Plugin WebBrowserWidget, From D:/Program Files (x86)/Epic Games/4.14/Engine/Plugins/Runtime/WebBrowserWidget/WebBrowserWidget.uplugin
LogPluginManager: Loaded Plugin WindowsDeviceProfileSelector, From D:/Program Files (x86)/Epic Games/4.14/Engine/Plugins/Runtime/WindowsDeviceProfileSelector/WindowsDeviceProfileSelector.uplugin
LogPluginManager: Loaded Plugin WindowsMoviePlayer, From D:/Program Files (x86)/Epic Games/4.14/Engine/Plugins/Runtime/WindowsMoviePlayer/WindowsMoviePlayer.uplugin
LogPluginManager: Loaded Plugin ScriptPlugin, From D:/Program Files (x86)/Epic Games/4.14/Engine/Plugins/ScriptPlugin/ScriptPlugin.uplugin
LogPluginManager: Loaded Plugin SlateRemote, From D:/Program Files (x86)/Epic Games/4.14/Engine/Plugins/Slate/SlateRemote/SlateRemote.uplugin
LogPluginManager: Loaded Plugin EditorTests, From D:/Program Files (x86)/Epic Games/4.14/Engine/Plugins/Tests/EditorTests/EditorTests.uplugin
LogPluginManager: Loaded Plugin FbxAutomationTestBuilder, From D:/Program Files (x86)/Epic Games/4.14/Engine/Plugins/Tests/FbxAutomationTestBuilder/FbxAutomationTestBuilder.uplugin
LogPluginManager: Loaded Plugin FunctionalTestingEditor, From D:/Program Files (x86)/Epic Games/4.14/Engine/Plugins/Tests/FunctionalTestingEditor/FunctionalTestingEditor.uplugin
LogPluginManager: Loaded Plugin RuntimeTests, From D:/Program Files (x86)/Epic Games/4.14/Engine/Plugins/Tests/RuntimeTests/RuntimeTests.uplugin
LogPluginManager: Loaded Plugin ScreenshotTools, From D:/Program Files (x86)/Epic Games/4.14/Engine/Plugins/Tests/ScreenshotTools/ScreenshotTools.uplugin
LogInit: Using libcurl 7.47.1
LogInit:  - built for x86_64-pc-win32
LogInit:  - supports SSL with OpenSSL/1.0.2g
LogInit:  - supports HTTP deflate (compression) using libz 1.2.8
LogInit:  - other features:
LogInit:      CURL_VERSION_SSL
LogInit:      CURL_VERSION_LIBZ
LogInit:      CURL_VERSION_IPV6
LogInit:      CURL_VERSION_ASYNCHDNS
LogInit:      CURL_VERSION_LARGEFILE
LogInit:      CURL_VERSION_IDN
LogInit:  CurlRequestOptions (configurable via config and command line):
LogInit:  - bVerifyPeer = false  - Libcurl will NOT verify peer certificate
LogInit:  - bUseHttpProxy = false  - Libcurl will NOT use HTTP proxy
LogInit:  - bDontReuseConnections = false  - Libcurl will reuse connections
LogInit:  - CertBundlePath = nullptr  - Libcurl will use whatever was configured at build time.
LogInit: Build: ++UE4+Release-4.14-CL-3249277
LogInit: Engine Version: 4.14.3-3249277+++UE4+Release-4.14
LogInit: Compatible Engine Version: 4.14.0-3195953+++UE4+Release-4.14
LogInit: Net CL: 3195953
LogDevObjectVersion: Number of dev versions registered: 13
LogDevObjectVersion:   Dev-Blueprints (B0D832E4-1F89-4F0D-ACCF-7EB736FD4AA2): 7
LogDevObjectVersion:   Dev-Build (E1C64328-A22C-4D53-A36C-8E866417BD8C): 0
LogDevObjectVersion:   Dev-Core (375EC13C-06E4-48FB-B500-84F0262A717E): 1
LogDevObjectVersion:   Dev-Editor (E4B068ED-F494-42E9-A231-DA0B2E46BB41): 8
LogDevObjectVersion:   Dev-Framework (CFFC743F-43B0-4480-9391-14DF171D2073): 17
LogDevObjectVersion:   Dev-Mobile (B02B49B5-BB20-44E9-A304-32B752E40360): 0
LogDevObjectVersion:   Dev-Networking (A4E4105C-59A1-49B5-A7C5-40C4547EDFEE): 0
LogDevObjectVersion:   Dev-Online (39C831C9-5AE6-47DC-9A44-9C173E1C8E7C): 0
LogDevObjectVersion:   Dev-Physics (78F01B33-EBEA-4F98-B9B4-84EACCB95AA2): 0
LogDevObjectVersion:   Dev-Platform (6631380F-2D4D-43E0-8009-CF276956A95A): 0
LogDevObjectVersion:   Dev-Rendering (12F88B9F-8875-4AFC-A67C-D90C383ABD29): 12
LogDevObjectVersion:   Dev-Sequencer (7B5AE74C-D270-4C10-A958-57980B212A5A): 1
LogDevObjectVersion:   Dev-VR (D7296918-1DD6-4BDD-9DE2-64A83CC13884): 0
LogInit: Compiled (64-bit): Jan  6 2017 10:49:43
LogInit: Compiled with Visual C++: 19.00.23026.00
LogInit: Build Configuration: Development
LogInit: Branch Name: ++UE4+Release-4.14
LogInit: Command line: 
LogInit: Base directory: D:/Program Files (x86)/Epic Games/4.14/Engine/Binaries/Win64/
LogInit: Installed Engine Build: 1
LogInit: Presizing for max 8388607 objects, including 0 objects not considered by GC, pre-allocating 0 bytes for permanent pool.
LogInit: Object subsystem initialized
[2017.03.01-19.33.06:429][  0]LogInit: Selected Device Profile: [Windows]
[2017.03.01-19.33.06:429][  0]LogInit: Applying CVar settings loaded from the selected device profile: [Windows]
[2017.03.01-19.33.06:450][  0]LogInit: Computer: DESKTOP-3FAHSDO
[2017.03.01-19.33.06:450][  0]LogInit: User: Edd
[2017.03.01-19.33.06:450][  0]LogInit: CPU Page size=65536, Cores=4
[2017.03.01-19.33.06:450][  0]LogInit: High frequency timer resolution =2.531247 MHz
[2017.03.01-19.33.06:451][  0]LogMemory: Memory total: Physical=7.9GB (8GB approx)
[2017.03.01-19.33.06:451][  0]LogMemory: Platform Memory Stats for Windows
[2017.03.01-19.33.06:451][  0]LogMemory: Process Physical Memory: 266.37 MB used, 266.37 MB peak
[2017.03.01-19.33.06:451][  0]LogMemory: Process Virtual Memory: 262.88 MB used, 262.88 MB peak
[2017.03.01-19.33.06:451][  0]LogMemory: Physical Memory: 5599.14 MB used,  2469.38 MB free, 8068.52 MB total
[2017.03.01-19.33.06:451][  0]LogMemory: Virtual Memory: 676.53 MB used,  2469.38 MB free, 134217728.00 MB total
[2017.03.01-19.33.06:632][  0]LogInit: Overriding culture en with editor configuration.
[2017.03.01-19.33.08:750][  0]LogD3D11RHI: D3D11 adapters:
[2017.03.01-19.33.08:780][  0]LogD3D11RHI:    0. 'NVIDIA GeForce GTX 960M' (Feature Level 11_0)
[2017.03.01-19.33.08:780][  0]LogD3D11RHI:       2018/0/4034 MB DedicatedVideo/DedicatedSystem/SharedSystem, Outputs:1, VendorId:0x10de
[2017.03.01-19.33.08:794][  0]LogD3D11RHI:    1. 'Intel(R) HD Graphics 530' (Feature Level 11_0)
[2017.03.01-19.33.08:794][  0]LogD3D11RHI:       128/0/4034 MB DedicatedVideo/DedicatedSystem/SharedSystem, Outputs:0, VendorId:0x8086
[2017.03.01-19.33.08:797][  0]LogD3D11RHI:    2. 'Microsoft Basic Render Driver' (Feature Level 11_0)
[2017.03.01-19.33.08:797][  0]LogD3D11RHI:       0/0/4034 MB DedicatedVideo/DedicatedSystem/SharedSystem, Outputs:0, VendorId:0x1414
[2017.03.01-19.33.08:797][  0]LogD3D11RHI: Chosen D3D11 Adapter: 0
[2017.03.01-19.33.08:807][  0]LogD3D11RHI: Creating new Direct3DDevice
[2017.03.01-19.33.08:807][  0]LogD3D11RHI:     GPU DeviceId: 0x139b (for the marketing name, search the web for "GPU Device Id")
[2017.03.01-19.33.08:807][  0]LogWindows: EnumDisplayDevices:
[2017.03.01-19.33.08:807][  0]LogWindows:    0. 'Intel(R) HD Graphics 530' (P:1 D:1)
[2017.03.01-19.33.08:808][  0]LogWindows:    1. 'Intel(R) HD Graphics 530' (P:0 D:0)
[2017.03.01-19.33.08:808][  0]LogWindows:    2. 'Intel(R) HD Graphics 530' (P:0 D:0)
[2017.03.01-19.33.08:808][  0]LogWindows: DebugString: PrimaryIsNotTheChoosenAdapter PrimaryIsNotTheChoosenAdapter PrimaryIsNotTheChoosenAdapter FoundDriverCount:0 
[2017.03.01-19.33.08:808][  0]LogD3D11RHI:     Adapter Name: NVIDIA GeForce GTX 960M
[2017.03.01-19.33.08:808][  0]LogD3D11RHI:   Driver Version: Unknown (internal:Unknown, unified:Unknown)
[2017.03.01-19.33.08:808][  0]LogD3D11RHI:      Driver Date: Unknown
[2017.03.01-19.33.08:808][  0]LogRHI: Texture pool is 1361 MB (70% of 1945 MB)
[2017.03.01-19.33.08:823][  0]LogD3D11RHI: Async texture creation enabled
[2017.03.01-19.33.08:844][  0]LogD3D11RHI: GPU Timing Frequency: 1000.000000 (Debug: 2 1)
[2017.03.01-19.33.08:845][  0]LogShaderCompilers: Guid format shader working directory is -10 characters bigger than the processId version (C:/Users/Edd/Desktop/VANsGame/Mechanics/BasicMechanics/Intermediate/Shaders/WorkingDirectory/3800/).
[2017.03.01-19.33.08:845][  0]LogShaderCompilers: Cleaned the shader compiler working directory 'C:/Users/Edd/AppData/Local/Temp/UnrealShaderWorkingDir/AB650C02447FF5A148B02499ECC1AFC8/'.
[2017.03.01-19.33.08:845][  0]LogShaderCompilers:Display: Using Local Shader Compiler.
[2017.03.01-19.33.12:185][  0]LogTemp:Display: Loaded TP AllDesktopTargetPlatform
[2017.03.01-19.33.12:505][  0]LogTemp:Display: Loaded TP MacClientTargetPlatform
[2017.03.01-19.33.12:816][  0]LogTemp:Display: Loaded TP MacNoEditorTargetPlatform
[2017.03.01-19.33.13:151][  0]LogTemp:Display: Loaded TP MacServerTargetPlatform
[2017.03.01-19.33.13:504][  0]LogTemp:Display: Loaded TP MacTargetPlatform
[2017.03.01-19.33.13:844][  0]LogTemp:Display: Loaded TP WindowsClientTargetPlatform
[2017.03.01-19.33.14:152][  0]LogTemp:Display: Loaded TP WindowsNoEditorTargetPlatform
[2017.03.01-19.33.14:442][  0]LogTemp:Display: Loaded TP WindowsServerTargetPlatform
[2017.03.01-19.33.14:722][  0]LogTemp:Display: Loaded TP WindowsTargetPlatform
[2017.03.01-19.33.15:008][  0]LogTemp:Display: Loaded TP Android_ASTCTargetPlatform
[2017.03.01-19.33.15:337][  0]LogTemp:Display: Loaded TP Android_ATCTargetPlatform
[2017.03.01-19.33.15:625][  0]LogTemp:Display: Loaded TP Android_DXTTargetPlatform
[2017.03.01-19.33.15:924][  0]LogTemp:Display: Loaded TP Android_ETC1TargetPlatform
[2017.03.01-19.33.16:228][  0]LogTemp:Display: Loaded TP Android_ETC2TargetPlatform
[2017.03.01-19.33.16:822][  0]LogTemp:Display: Loaded TP Android_MultiTargetPlatform
[2017.03.01-19.33.16:822][  0]LogTemp:Display: Loaded TP Android_PVRTCTargetPlatform
[2017.03.01-19.33.17:422][  0]LogTemp:Display: Loaded TP AndroidTargetPlatform
[2017.03.01-19.33.17:736][  0]LogTemp:Display: Loaded TP HTML5TargetPlatform
[2017.03.01-19.33.18:214][  0]LogTemp:Display: Loaded TP IOSTargetPlatform
[2017.03.01-19.33.18:415][  0]LogTemp:Display: Loaded TP TVOSTargetPlatform
[2017.03.01-19.33.18:715][  0]LogTemp:Display: Loaded TP LinuxClientTargetPlatform
[2017.03.01-19.33.19:007][  0]LogTemp:Display: Loaded TP LinuxNoEditorTargetPlatform
[2017.03.01-19.33.19:381][  0]LogTemp:Display: Loaded TP LinuxServerTargetPlatform
[2017.03.01-19.33.19:730][  0]LogTemp:Display: Loaded TP LinuxTargetPlatform
[2017.03.01-19.33.19:730][  0]LogTargetPlatformManager:Display: Building Assets For Windows
[2017.03.01-19.33.23:178][  0]LogDerivedDataCache:Display: Max Cache Size: 512 MB
[2017.03.01-19.33.23:723][  0]LogDerivedDataCache: Loaded boot cache 0.54s 50MB C:/Users/Edd/AppData/Local/UnrealEngine/4.14/DerivedDataCache/Boot.ddc.
[2017.03.01-19.33.23:723][  0]LogDerivedDataCache:Display: Loaded Boot cache: C:/Users/Edd/AppData/Local/UnrealEngine/4.14/DerivedDataCache/Boot.ddc
[2017.03.01-19.33.23:723][  0]LogDerivedDataCache: FDerivedDataBackendGraph:  Pak pak cache file C:/Users/Edd/Desktop/VANsGame/Mechanics/BasicMechanics/DerivedDataCache/DDC.ddp not found, will not use a pak cache.
[2017.03.01-19.33.23:723][  0]LogDerivedDataCache: Unable to find inner node Pak for hierarchical cache Hierarchy.
[2017.03.01-19.33.23:724][  0]LogDerivedDataCache: FDerivedDataBackendGraph:  CompressedPak pak cache file C:/Users/Edd/Desktop/VANsGame/Mechanics/BasicMechanics/DerivedDataCache/Compressed.ddp not found, will not use a pak cache.
[2017.03.01-19.33.23:724][  0]LogDerivedDataCache: Unable to find inner node CompressedPak for hierarchical cache Hierarchy.
[2017.03.01-19.33.23:790][  0]LogDerivedDataCache:Display: Pak cache opened for reading ../../../Engine/DerivedDataCache/Compressed.ddp.
[2017.03.01-19.33.23:804][  0]LogDerivedDataCache: Using Local data cache path C:/Users/Edd/AppData/Local/UnrealEngine/Common/DerivedDataCache: Writable
[2017.03.01-19.33.25:678][  0]LogInit: Selected Device Profile: [Windows]
[2017.03.01-19.33.25:686][  0]LogContentStreaming: Texture pool size is 0.00 MB
[2017.03.01-19.33.26:882][  0]LogMeshUtilities: Using QuadricMeshReduction for automatic static mesh reduction
[2017.03.01-19.33.27:290][  0]LogSimplygon: Simplygon DLL not present - disabling.
[2017.03.01-19.33.27:703][  0]LogMeshUtilities: Using SimplygonSwarm for distributed automatic mesh merging
[2017.03.01-19.33.27:703][  0]LogMeshUtilities: No automatic skeletal mesh reduction module available
[2017.03.01-19.33.27:703][  0]LogMeshUtilities: No automatic mesh merging module available
[2017.03.01-19.33.30:105][  0]LogNetVersion: GetLocalNetworkVersion: CL: 3195953, ProjectName: basicmechanics, ProjectVersion: , EngineNetworkVersion: 2, GameNetworkVersion: 0, NetworkChecksum: 1363929391
[2017.03.01-19.33.30:419][  0]LogAssetRegistry: FAssetRegistry took 0.0224 seconds to start up
[2017.03.01-19.33.30:612][  0]LogPackageLocalizationCache: Processed 3 localized package path(s) for 1 prioritized culture(s) in 0.019140 seconds
[2017.03.01-19.33.30:619][  0]LogUObjectArray: 31946 objects as part of root set at end of initial load.
[2017.03.01-19.33.30:619][  0]LogUObjectAllocator: 6935848 out of 0 bytes used by permanent object pool.
[2017.03.01-19.33.30:619][  0]LogUObjectArray: CloseDisregardForGC: 0/0 objects in disregard for GC pool
[2017.03.01-19.33.31:168][  0]LogInit: WinSock: version 1.1 (2.2), MaxSocks=32767, MaxUdp=65467
[2017.03.01-19.33.37:882][  0]LogSlate: Using Freetype 2.6.0
[2017.03.01-19.33.37:900][  0]LogSlate: SlateFontCache - WITH_FREETYPE: 1, WITH_HARFBUZZ: 1
[2017.03.01-19.33.37:900][  0]LogSlate: SlateFontCache - WITH_FREETYPE: 1, WITH_HARFBUZZ: 1
[2017.03.01-19.33.47:980][  0]LogTcpMessaging: Initializing TcpMessaging bridge
[2017.03.01-19.33.48:320][  0]LogUdpMessaging: Initializing bridge on interface 0.0.0.0:0 to multicast group 230.0.0.1:6666.
[2017.03.01-19.33.51:424][  0]LogMaterial: Uniform references updated for custom material expression Custom.
[2017.03.01-19.33.54:365][  0]SourceControl: Info Source control is disabled
[2017.03.01-19.33.54:369][  0]SourceControl: Info Source control is disabled
[2017.03.01-19.33.54:785][  0]SourceControl: Info Source control is disabled
[2017.03.01-19.33.55:083][  0]SourceControl: Info Source control is disabled
[2017.03.01-19.34.06:503][  0]LogEngine: Initializing Engine...
[2017.03.01-19.34.06:505][  0]LogHMD: Failed to initialize OpenVR with code 110
[2017.03.01-19.34.07:648][  0]LogAIModule: Creating AISystem for world Untitled
[2017.03.01-19.34.07:668][  0]LogInit: XAudio2 using 'Altavoces (Realtek High Definition Audio)' : 2 channels at 48 kHz using 32 bits per sample (channel mask 0x3)
[2017.03.01-19.34.07:709][  0]LogInit: FAudioDevice initialized.
[2017.03.01-19.34.07:758][  0]LogDerivedDataCache: Saved boot cache 0.05s 50MB C:/Users/Edd/AppData/Local/UnrealEngine/4.14/DerivedDataCache/Boot.ddc.
[2017.03.01-19.34.07:766][  0]LogInit: Texture streaming: Enabled
[2017.03.01-19.34.09:383][  0]LogWindowsTextInputMethodSystem:Display: IME system now deactivated.
[2017.03.01-19.34.09:952][  0]LogInit: Transaction tracking system initialized
[2017.03.01-19.34.13:279][  0]BlueprintLog: New page: Editor Load
[2017.03.01-19.34.22:368][  0]LocalizationService: Info Localization service is disabled
[2017.03.01-19.34.28:699][  0]LogConsoleResponse:Display: 
[2017.03.01-19.34.29:665][  0]LogCook:Display: Max memory allowance for cook 16384mb min free memory 0mb
[2017.03.01-19.34.29:665][  0]LogCook:Display: Mobile HDR setting 1
[2017.03.01-19.34.30:106][  0]LogFileCache: Scanning file cache for directory 'C:/Users/Edd/Desktop/VANsGame/Mechanics/BasicMechanics/Content/' took 0.07s
[2017.03.01-19.34.38:096][  0]SourceControl: Info Source control is disabled
[2017.03.01-19.34.38:097][  0]Cmd: MAP LOAD FILE="C:/Users/Edd/Desktop/VANsGame/Mechanics/BasicMechanics/Content/StarterContent/Maps/Minimal_Default.umap" TEMPLATE=0 SHOWPROGRESS=1 FEATURELEVEL=3
[2017.03.01-19.34.38:097][  0]LightingResults: New page: Lighting Build
[2017.03.01-19.34.38:456][  0]MapCheck: New page: Map Check
[2017.03.01-19.34.38:456][  0]LightingResults: New page: Lighting Build
[2017.03.01-19.34.39:129][  0]LogAIModule: Creating AISystem for world Minimal_Default
[2017.03.01-19.34.39:131][  0]LogActorComponent: RegisterComponentWithWorld: (/Game/StarterContent/Maps/Minimal_Default.Minimal_Default:PersistentLevel.WorldSettings_1.StaticMeshComponent0) Trying to register component with IsPendingKill() == true. Aborting.
[2017.03.01-19.34.39:181][  0]LogEditorServer: Finished looking for orphan Actors (0.000 secs)
[2017.03.01-19.34.39:182][  0]Cmd: MAP CHECKDEP NOCLEARLOG
[2017.03.01-19.34.40:729][  0]MapCheck: Info Map check complete: 0 Error(s), 0 Warning(s), took 1,546.271ms to complete.
[2017.03.01-19.34.40:730][  0]LogFileHelpers: Loading map 'Minimal_Default' took 2.633
[2017.03.01-19.34.41:313][  0]LogCollectionManager: Loaded 0 collections in 0.009862 seconds
[2017.03.01-19.34.41:683][  0]LogFileCache: Scanning file cache for directory 'C:/Users/Edd/Desktop/VANsGame/Mechanics/BasicMechanics/Saved/Collections/' took 0.01s
[2017.03.01-19.34.41:683][  0]LogFileCache: Scanning file cache for directory 'C:/Users/Edd/Desktop/VANsGame/Mechanics/BasicMechanics/Content/Developers/Edd/Collections/' took 0.01s
[2017.03.01-19.34.41:683][  0]LogFileCache: Scanning file cache for directory 'C:/Users/Edd/Desktop/VANsGame/Mechanics/BasicMechanics/Content/Collections/' took 0.01s
[2017.03.01-19.34.41:683][  0]LogCollectionManager: Rebuilt the GUID cache for 0 collections in 0.000002 seconds
[2017.03.01-19.34.41:693][  0]LogContentBrowser: Native class hierarchy populated in 0.0106 seconds. Added 2190 classes and 428 folders.
[2017.03.01-19.34.41:971][  0]LogStats: UGameplayTagsManager::ConstructGameplayTagTree: Construct from data asset -  0.000 s
[2017.03.01-19.34.41:971][  0]LogStats: UGameplayTagsManager::ConstructGameplayTagTree: GameplayTagTreeChangedEvent.Broadcast -  0.000 s
[2017.03.01-19.34.41:972][  0]LogContentBrowser: Native class hierarchy updated for 'GameplayTags' in 0.0007 seconds. Added 13 classes and 0 folders.
[2017.03.01-19.34.42:410][  0]LogContentBrowser: Native class hierarchy updated for 'WidgetCarousel' in 0.0006 seconds. Added 0 classes and 0 folders.
[2017.03.01-19.34.42:929][  0]LogContentBrowser: Native class hierarchy updated for 'AddContentDialog' in 0.0016 seconds. Added 0 classes and 0 folders.
[2017.03.01-19.34.43:369][  0]LogContentBrowser: Native class hierarchy updated for 'SceneOutliner' in 0.0015 seconds. Added 1 classes and 2 folders.
[2017.03.01-19.34.43:591][  0]LogCrashTracker: Crashtracker disabled due to settings.
[2017.03.01-19.34.43:599][  0]LogUObjectGlobals:Warning: Failed to find object 'Class None.'
[2017.03.01-19.34.43:958][  0]LogContentBrowser: Native class hierarchy updated for 'HierarchicalLODOutliner' in 0.0007 seconds. Added 1 classes and 2 folders.
[2017.03.01-19.34.43:959][  0]LogLoad: (Engine Initialization) Total time: 112.53 seconds
[2017.03.01-19.34.43:959][  0]LogLoad: (Engine Initialization) Total Blueprint compile time: 0.43 seconds
[2017.03.01-19.34.43:959][  0]LogExternalProfiler: Found external profiler: VSPerf
[2017.03.01-19.34.43:959][  0]LogExternalProfiler: Using external profiler: VSPerf
[2017.03.01-19.34.43:968][  0]LogOcInput: OculusInput pre-init called
[2017.03.01-19.34.44:002][  0]LogContentStreaming: Texture pool size now 1000 MB
[2017.03.01-19.34.44:295][  0]LogRenderer: Reallocating scene render targets to support 940x408 NumSamples 1 (Frame:2).
[2017.03.01-19.34.44:359][  1]LogFileCache: Retrieving MD5 hashes for directory 'C:/Users/Edd/Desktop/VANsGame/Mechanics/BasicMechanics/Content/' took 0.38s
[2017.03.01-19.34.44:787][  3]LogAssetRegistry: Asset discovery search completed in 74.3908 seconds
[2017.03.01-19.34.44:787][  3]LogCollectionManager: Rebuilt the object cache for 0 collections in 0.000001 seconds (found 0 objects)
[2017.03.01-19.34.44:787][  3]LogCollectionManager: Fixed up redirectors for 0 collections in 0.000035 seconds (updated 0 objects)
[2017.03.01-19.35.58:758][539]LogAIModule: Creating AISystem for world TutorialMap
[2017.03.01-19.35.59:242][539]Cmd: MAP LOAD FILE="C:/Users/Edd/Desktop/VANsGame/Mechanics/BasicMechanics/Content/Levels/TutorialMap.umap" TEMPLATE=0 SHOWPROGRESS=1 FEATURELEVEL=3
[2017.03.01-19.35.59:242][539]LightingResults: New page: Lighting Build
[2017.03.01-19.35.59:244][539]LoadErrors: New page: Loading map: TutorialMap.umap
[2017.03.01-19.35.59:248][539]MapCheck: New page: Map Check
[2017.03.01-19.35.59:248][539]LightingResults: New page: Lighting Build
[2017.03.01-19.35.59:519][539]LogSkeletalMesh: UPhysicsAssetInstance::InitInstance : Could not find root physics body: CharacterMesh0
[2017.03.01-19.35.59:520][539]LogSkeletalMesh: UPhysicsAssetInstance::InitInstance : Could not find root physics body: CharacterMesh0
[2017.03.01-19.35.59:520][539]LogSkeletalMesh: UPhysicsAssetInstance::InitInstance : Could not find root physics body: CharacterMesh0
[2017.03.01-19.35.59:691][539]LogEditorServer: Finished looking for orphan Actors (0.001 secs)
[2017.03.01-19.35.59:856][539]Cmd: MAP CHECKDEP NOCLEARLOG
[2017.03.01-19.36.01:719][539]MapCheck: Info Map check complete: 0 Error(s), 0 Warning(s), took 1,861.978ms to complete.
[2017.03.01-19.36.01:721][539]LogFileHelpers: Loading map 'TutorialMap' took 2.491
[2017.03.01-19.39.31:138][  7]LogEditorViewport: Clicking on Actor (LMB): MirrorSwitchART_C (MirrorSwitchART2)
[2017.03.01-19.40.00:022][425]LogContentBrowser: Native class hierarchy updated for 'BlueprintGraph' in 0.0012 seconds. Added 111 classes and 0 folders.
[2017.03.01-19.43.58:678][649]LogTemp: Repeting last play command: New Editor Window (PIE)
[2017.03.01-19.43.58:766][649]LogPlayLevel: PlayLevel: No blueprints needed recompiling
[2017.03.01-19.43.58:839][649]PIE: New page: PIE session: TutorialMap (Mar 1, 2017, 9:43:58 PM)
[2017.03.01-19.43.58:847][649]LogPlayLevel: Creating play world package: /Game/Levels/UEDPIE_0_TutorialMap
[2017.03.01-19.43.59:092][649]LogPlayLevel: PIE: StaticDuplicateObject took: (0.244374s)
[2017.03.01-19.43.59:093][649]LogAIModule: Creating AISystem for world TutorialMap
[2017.03.01-19.43.59:113][649]LogPlayLevel: PIE: World Init took: (0.021066s)
[2017.03.01-19.43.59:128][649]LogPlayLevel: PIE: Created PIE world by copying editor world from /Game/Levels/TutorialMap.TutorialMap to /Game/Levels/UEDPIE_0_TutorialMap.TutorialMap (0.281105s)
[2017.03.01-19.43.59:258][649]LogInit: XAudio2 using 'Altavoces (Realtek High Definition Audio)' : 2 channels at 48 kHz using 32 bits per sample (channel mask 0x3)
[2017.03.01-19.43.59:354][649]LogInit: FAudioDevice initialized.
[2017.03.01-19.43.59:550][649]LogLoad: Game class is 'GameModeBase'
[2017.03.01-19.43.59:716][649]LogSkeletalMesh: UPhysicsAssetInstance::InitInstance : Could not find root physics body: CharacterMesh0
[2017.03.01-19.43.59:734][649]LogSkeletalMesh: UPhysicsAssetInstance::InitInstance : Could not find root physics body: CharacterMesh0
[2017.03.01-19.43.59:734][649]LogSkeletalMesh: UPhysicsAssetInstance::InitInstance : Could not find root physics body: CharacterMesh0
[2017.03.01-19.43.59:736][649]LogWorld: Bringing World /Game/Levels/UEDPIE_0_TutorialMap.TutorialMap up for play (max tick rate 0) at 2017.03.01-20.43.59
[2017.03.01-19.43.59:872][649]LogWorld: Bringing up level for play took: 0.225658
[2017.03.01-19.44.00:441][649]LogContentBrowser: Native class hierarchy updated for 'MovieSceneCapture' in 0.0018 seconds. Added 11 classes and 0 folders.
[2017.03.01-19.44.00:496][649]PIE: Info Play in editor start time for /Game/Levels/UEDPIE_0_TutorialMap 2.081
[2017.03.01-19.44.00:753][649]LogRenderer: Reallocating scene render targets to support 1292x756 NumSamples 1 (Frame:21852).
[2017.03.01-19.45.14:393][295]LogEditorViewport: Clicking on Actor (LMB): SimpleSwitch_C (SimpleSwitch2)
[2017.03.01-19.47.24:101][888]LogEditorViewport: Clicking on Actor (context menu): StaticMeshActor (Floor)
[2017.03.01-19.47.27:689][ 74]LogEditorViewport: Clicking on Actor (LMB): StaticMeshActor (Floor)
[2017.03.01-19.47.28:314][111]LogEditorViewport: Clicking on Actor (LMB): MirrorSwitchART_C (MirrorSwitchART2)
[2017.03.01-19.47.58:579][440]LogEditorTransaction: Undo Delete current selection
[2017.03.01-19.47.59:107][441]LogEditorTransaction: Undo Add Node
[2017.03.01-19.49.19:249][ 79]BlueprintLog: New page: Compile MirrorSwitchART
[2017.03.01-19.49.20:921][ 79]BlueprintEditorCompileResults: Info The execution path doesn't end with a return node.  else
[2017.03.01-19.49.53:426][748]BlueprintLog: New page: Compile SimpleSwitch
[2017.03.01-19.50.03:031][214]LogTemp: Repeting last play command: New Editor Window (PIE)
[2017.03.01-19.50.03:058][214]LogPlayLevel: PlayLevel: No blueprints needed recompiling
[2017.03.01-19.50.03:058][214]PIE: New page: PIE session: TutorialMap (Mar 1, 2017, 9:50:03 PM)
[2017.03.01-19.50.03:058][214]LogPlayLevel: Creating play world package: /Game/Levels/UEDPIE_0_TutorialMap
[2017.03.01-19.50.03:196][214]LogPlayLevel: PIE: StaticDuplicateObject took: (0.138095s)
[2017.03.01-19.50.03:197][214]LogAIModule: Creating AISystem for world TutorialMap
[2017.03.01-19.50.03:197][214]LogPlayLevel: PIE: World Init took: (0.001013s)
[2017.03.01-19.50.03:198][214]LogPlayLevel: PIE: Created PIE world by copying editor world from /Game/Levels/TutorialMap.TutorialMap to /Game/Levels/UEDPIE_0_TutorialMap.TutorialMap (0.140394s)
[2017.03.01-19.50.03:225][214]LogInit: XAudio2 using 'Altavoces (Realtek High Definition Audio)' : 2 channels at 48 kHz using 32 bits per sample (channel mask 0x3)
[2017.03.01-19.50.03:262][214]LogInit: FAudioDevice initialized.
[2017.03.01-19.50.03:309][214]LogLoad: Game class is 'GameModeBase'
[2017.03.01-19.50.03:357][214]LogSkeletalMesh: UPhysicsAssetInstance::InitInstance : Could not find root physics body: CharacterMesh0
[2017.03.01-19.50.03:357][214]LogSkeletalMesh: UPhysicsAssetInstance::InitInstance : Could not find root physics body: CharacterMesh0
[2017.03.01-19.50.03:357][214]LogSkeletalMesh: UPhysicsAssetInstance::InitInstance : Could not find root physics body: CharacterMesh0
[2017.03.01-19.50.03:360][214]LogWorld: Bringing World /Game/Levels/UEDPIE_0_TutorialMap.TutorialMap up for play (max tick rate 0) at 2017.03.01-20.50.03
[2017.03.01-19.50.03:364][214]LogWorld: Bringing up level for play took: 0.053252
[2017.03.01-19.50.03:376][214]PIE: Info Play in editor start time for /Game/Levels/UEDPIE_0_TutorialMap 0.961
[2017.03.01-19.50.55:272][308]LogEditorViewport: Clicking on Actor (LMB): TemporizeSwitch_C (TemporizeSwitch2)
[2017.03.01-19.51.38:245][169]LogTemp: Repeting last play command: New Editor Window (PIE)
[2017.03.01-19.51.38:272][169]BlueprintLog: New page: Pre-Play auto-recompile
[2017.03.01-19.51.38:562][169]LogPlayLevel: [PlayLevel] Compiling SimpleSwitch before play...
[2017.03.01-19.51.38:822][169]LogPlayLevel: PlayLevel: Blueprint regeneration took 550 ms (1 blueprints)
[2017.03.01-19.51.38:823][169]PIE: New page: PIE session: TutorialMap (Mar 1, 2017, 9:51:38 PM)
[2017.03.01-19.51.38:823][169]LogPlayLevel: Creating play world package: /Game/Levels/UEDPIE_0_TutorialMap
[2017.03.01-19.51.38:982][169]LogPlayLevel: PIE: StaticDuplicateObject took: (0.159290s)
[2017.03.01-19.51.38:983][169]LogAIModule: Creating AISystem for world TutorialMap
[2017.03.01-19.51.38:983][169]LogPlayLevel: PIE: World Init took: (0.000951s)
[2017.03.01-19.51.38:984][169]LogPlayLevel: PIE: Created PIE world by copying editor world from /Game/Levels/TutorialMap.TutorialMap to /Game/Levels/UEDPIE_0_TutorialMap.TutorialMap (0.161228s)
[2017.03.01-19.51.39:011][169]LogInit: XAudio2 using 'Altavoces (Realtek High Definition Audio)' : 2 channels at 48 kHz using 32 bits per sample (channel mask 0x3)
[2017.03.01-19.51.39:049][169]LogInit: FAudioDevice initialized.
[2017.03.01-19.51.39:129][169]LogLoad: Game class is 'GameModeBase'
[2017.03.01-19.51.39:184][169]LogSkeletalMesh: UPhysicsAssetInstance::InitInstance : Could not find root physics body: CharacterMesh0
[2017.03.01-19.51.39:184][169]LogSkeletalMesh: UPhysicsAssetInstance::InitInstance : Could not find root physics body: CharacterMesh0
[2017.03.01-19.51.39:184][169]LogSkeletalMesh: UPhysicsAssetInstance::InitInstance : Could not find root physics body: CharacterMesh0
[2017.03.01-19.51.39:188][169]LogWorld: Bringing World /Game/Levels/UEDPIE_0_TutorialMap.TutorialMap up for play (max tick rate 0) at 2017.03.01-20.51.39
[2017.03.01-19.51.39:192][169]LogWorld: Bringing up level for play took: 0.058346
[2017.03.01-19.51.39:207][169]PIE: Info Play in editor start time for /Game/Levels/UEDPIE_0_TutorialMap 0.791
[2017.03.01-19.52.51:032][702]BlueprintLog: New page: Compile TemporizeSwitch
[2017.03.01-19.53.18:163][737]BlueprintLog: New page: Compile MirrorSwitchART
[2017.03.01-19.53.18:943][737]BlueprintEditorCompileResults: Info The execution path doesn't end with a return node.  else
[2017.03.01-19.53.21:010][812]LogTemp: Repeting last play command: New Editor Window (PIE)
[2017.03.01-19.53.21:037][812]LogPlayLevel: PlayLevel: No blueprints needed recompiling
[2017.03.01-19.53.21:037][812]PIE: New page: PIE session: TutorialMap (Mar 1, 2017, 9:53:21 PM)
[2017.03.01-19.53.21:037][812]LogPlayLevel: Creating play world package: /Game/Levels/UEDPIE_0_TutorialMap
[2017.03.01-19.53.21:161][812]LogPlayLevel: PIE: StaticDuplicateObject took: (0.124349s)
[2017.03.01-19.53.21:162][812]LogAIModule: Creating AISystem for world TutorialMap
[2017.03.01-19.53.21:162][812]LogPlayLevel: PIE: World Init took: (0.000894s)
[2017.03.01-19.53.21:163][812]LogPlayLevel: PIE: Created PIE world by copying editor world from /Game/Levels/TutorialMap.TutorialMap to /Game/Levels/UEDPIE_0_TutorialMap.TutorialMap (0.126259s)
[2017.03.01-19.53.21:204][812]LogInit: XAudio2 using 'Altavoces (Realtek High Definition Audio)' : 2 channels at 48 kHz using 32 bits per sample (channel mask 0x3)
[2017.03.01-19.53.21:249][812]LogInit: FAudioDevice initialized.
[2017.03.01-19.53.21:336][812]LogLoad: Game class is 'GameModeBase'
[2017.03.01-19.53.21:391][812]LogSkeletalMesh: UPhysicsAssetInstance::InitInstance : Could not find root physics body: CharacterMesh0
[2017.03.01-19.53.21:391][812]LogSkeletalMesh: UPhysicsAssetInstance::InitInstance : Could not find root physics body: CharacterMesh0
[2017.03.01-19.53.21:391][812]LogSkeletalMesh: UPhysicsAssetInstance::InitInstance : Could not find root physics body: CharacterMesh0
[2017.03.01-19.53.21:394][812]LogWorld: Bringing World /Game/Levels/UEDPIE_0_TutorialMap.TutorialMap up for play (max tick rate 0) at 2017.03.01-20.53.21
[2017.03.01-19.53.21:398][812]LogWorld: Bringing up level for play took: 0.057092
[2017.03.01-19.53.21:415][812]PIE: Info Play in editor start time for /Game/Levels/UEDPIE_0_TutorialMap 0.999
[2017.03.01-19.55.01:005][956]LogEditorTransaction: Undo Create Pin Link
[2017.03.01-19.55.02:159][980]LogEditorTransaction: Undo Move Node
[2017.03.01-19.55.02:922][998]LogEditorTransaction: Undo Paste clipboard contents
[2017.03.01-19.55.05:819][114]LogEditorTransaction: Undo Delete current selection
[2017.03.01-19.55.11:422][363]BlueprintLog: New page: Compile MirrorSwitchART
[2017.03.01-19.55.11:864][363]BlueprintEditorCompileResults: Info The execution path doesn't end with a return node.  else
[2017.03.01-19.55.13:918][448]LogTemp: Repeting last play command: New Editor Window (PIE)
[2017.03.01-19.55.13:944][448]LogPlayLevel: PlayLevel: No blueprints needed recompiling
[2017.03.01-19.55.13:944][448]PIE: New page: PIE session: TutorialMap (Mar 1, 2017, 9:55:13 PM)
[2017.03.01-19.55.13:944][448]LogPlayLevel: Creating play world package: /Game/Levels/UEDPIE_0_TutorialMap
[2017.03.01-19.55.14:088][448]LogPlayLevel: PIE: StaticDuplicateObject took: (0.143360s)
[2017.03.01-19.55.14:089][448]LogAIModule: Creating AISystem for world TutorialMap
[2017.03.01-19.55.14:089][448]LogPlayLevel: PIE: World Init took: (0.001370s)
[2017.03.01-19.55.14:091][448]LogPlayLevel: PIE: Created PIE world by copying editor world from /Game/Levels/TutorialMap.TutorialMap to /Game/Levels/UEDPIE_0_TutorialMap.TutorialMap (0.146371s)
[2017.03.01-19.55.14:121][448]LogInit: XAudio2 using 'Altavoces (Realtek High Definition Audio)' : 2 channels at 48 kHz using 32 bits per sample (channel mask 0x3)
[2017.03.01-19.55.14:184][448]LogInit: FAudioDevice initialized.
[2017.03.01-19.55.14:286][448]LogLoad: Game class is 'GameModeBase'
[2017.03.01-19.55.14:342][448]LogSkeletalMesh: UPhysicsAssetInstance::InitInstance : Could not find root physics body: CharacterMesh0
[2017.03.01-19.55.14:342][448]LogSkeletalMesh: UPhysicsAssetInstance::InitInstance : Could not find root physics body: CharacterMesh0
[2017.03.01-19.55.14:342][448]LogSkeletalMesh: UPhysicsAssetInstance::InitInstance : Could not find root physics body: CharacterMesh0
[2017.03.01-19.55.14:345][448]LogWorld: Bringing World /Game/Levels/UEDPIE_0_TutorialMap.TutorialMap up for play (max tick rate 60) at 2017.03.01-20.55.14
[2017.03.01-19.55.14:349][448]LogWorld: Bringing up level for play took: 0.058501
[2017.03.01-19.55.14:365][448]PIE: Info Play in editor start time for /Game/Levels/UEDPIE_0_TutorialMap -0.05
[2017.03.01-19.56.11:894][ 64]LogTemp: Repeting last play command: New Editor Window (PIE)
[2017.03.01-19.56.11:920][ 64]LogPlayLevel: PlayLevel: No blueprints needed recompiling
[2017.03.01-19.56.11:920][ 64]PIE: New page: PIE session: TutorialMap (Mar 1, 2017, 9:56:11 PM)
[2017.03.01-19.56.11:920][ 64]LogPlayLevel: Creating play world package: /Game/Levels/UEDPIE_0_TutorialMap
[2017.03.01-19.56.12:057][ 64]LogPlayLevel: PIE: StaticDuplicateObject took: (0.136901s)
[2017.03.01-19.56.12:058][ 64]LogAIModule: Creating AISystem for world TutorialMap
[2017.03.01-19.56.12:058][ 64]LogPlayLevel: PIE: World Init took: (0.000833s)
[2017.03.01-19.56.12:059][ 64]LogPlayLevel: PIE: Created PIE world by copying editor world from /Game/Levels/TutorialMap.TutorialMap to /Game/Levels/UEDPIE_0_TutorialMap.TutorialMap (0.138751s)
[2017.03.01-19.56.12:084][ 64]LogInit: XAudio2 using 'Altavoces (Realtek High Definition Audio)' : 2 channels at 48 kHz using 32 bits per sample (channel mask 0x3)
[2017.03.01-19.56.12:122][ 64]LogInit: FAudioDevice initialized.
[2017.03.01-19.56.12:189][ 64]LogLoad: Game class is 'GameModeBase'
[2017.03.01-19.56.12:241][ 64]LogSkeletalMesh: UPhysicsAssetInstance::InitInstance : Could not find root physics body: CharacterMesh0
[2017.03.01-19.56.12:242][ 64]LogSkeletalMesh: UPhysicsAssetInstance::InitInstance : Could not find root physics body: CharacterMesh0
[2017.03.01-19.56.12:242][ 64]LogSkeletalMesh: UPhysicsAssetInstance::InitInstance : Could not find root physics body: CharacterMesh0
[2017.03.01-19.56.12:244][ 64]LogWorld: Bringing World /Game/Levels/UEDPIE_0_TutorialMap.TutorialMap up for play (max tick rate 60) at 2017.03.01-20.56.12
[2017.03.01-19.56.12:248][ 64]LogWorld: Bringing up level for play took: 0.056000
[2017.03.01-19.56.12:543][ 64]PIE: Info Play in editor start time for /Game/Levels/UEDPIE_0_TutorialMap 0.127
[2017.03.01-19.57.18:596][485]LogEditorViewport: Clicking on Actor (LMB): VAN_C (VAN)
[2017.03.01-19.57.26:931][890]LogTemp: Repeting last play command: New Editor Window (PIE)
[2017.03.01-19.57.26:957][890]LogPlayLevel: PlayLevel: No blueprints needed recompiling
[2017.03.01-19.57.26:957][890]PIE: New page: PIE session: TutorialMap (Mar 1, 2017, 9:57:26 PM)
[2017.03.01-19.57.26:957][890]LogPlayLevel: Creating play world package: /Game/Levels/UEDPIE_0_TutorialMap
[2017.03.01-19.57.27:092][890]LogPlayLevel: PIE: StaticDuplicateObject took: (0.135358s)
[2017.03.01-19.57.27:093][890]LogAIModule: Creating AISystem for world TutorialMap
[2017.03.01-19.57.27:093][890]LogPlayLevel: PIE: World Init took: (0.000960s)
[2017.03.01-19.57.27:094][890]LogPlayLevel: PIE: Created PIE world by copying editor world from /Game/Levels/TutorialMap.TutorialMap to /Game/Levels/UEDPIE_0_TutorialMap.TutorialMap (0.137423s)
[2017.03.01-19.57.27:125][890]LogInit: XAudio2 using 'Altavoces (Realtek High Definition Audio)' : 2 channels at 48 kHz using 32 bits per sample (channel mask 0x3)
[2017.03.01-19.57.27:194][890]LogInit: FAudioDevice initialized.
[2017.03.01-19.57.27:272][890]LogLoad: Game class is 'GameModeBase'
[2017.03.01-19.57.27:332][890]LogSkeletalMesh: UPhysicsAssetInstance::InitInstance : Could not find root physics body: CharacterMesh0
[2017.03.01-19.57.27:332][890]LogSkeletalMesh: UPhysicsAssetInstance::InitInstance : Could not find root physics body: CharacterMesh0
[2017.03.01-19.57.27:333][890]LogSkeletalMesh: UPhysicsAssetInstance::InitInstance : Could not find root physics body: CharacterMesh0
[2017.03.01-19.57.27:335][890]LogWorld: Bringing World /Game/Levels/UEDPIE_0_TutorialMap.TutorialMap up for play (max tick rate 60) at 2017.03.01-20.57.27
[2017.03.01-19.57.27:339][890]LogWorld: Bringing up level for play took: 0.063123
[2017.03.01-19.57.27:355][890]PIE: Info Play in editor start time for /Game/Levels/UEDPIE_0_TutorialMap 0.939
[2017.03.01-20.03.04:227][770]Cmd: SELECT NONE
[2017.03.01-20.03.32:292][ 48]LogSavePackage: Save=1963.76ms
[2017.03.01-20.03.32:293][ 48]LogSavePackage: Moving 'C:/Users/Edd/Desktop/VANsGame/Mechanics/BasicMechanics/Saved/TutorialMap_Auto1C9948DDE4F1452C61EC9FB997DCCAAE8.tmp' to 'C:/Users/Edd/Desktop/VANsGame/Mechanics/BasicMechanics/Saved/Autosaves/Game/Levels/TutorialMap_Auto1.umap'
[2017.03.01-20.03.32:297][ 48]LogSavePackage:Display: Finished SavePackage C:/Users/Edd/Desktop/VANsGame/Mechanics/BasicMechanics/Saved/Autosaves/Game/Levels/TutorialMap_Auto1.umap
[2017.03.01-20.03.32:387][ 48]LogFileHelpers: Editor autosave (incl. sublevels) for '/Game/Levels/TutorialMap' took 2.338
[2017.03.01-20.03.32:387][ 48]LogFileHelpers: Editor autosave (incl. sublevels) for all levels took 2.338
[2017.03.01-20.03.32:395][ 48]OBJ SavePackage: Generating thumbnails for [1] asset(s) in package [/Game/Elements/Mirrors/MirrorSwitchART] ([1] browsable assets)...
[2017.03.01-20.03.32:462][ 48]OBJ SavePackage:     Rendered thumbnail for [Blueprint /Game/Elements/Mirrors/MirrorSwitchART.MirrorSwitchART]
[2017.03.01-20.03.32:462][ 48]OBJ SavePackage: Finished generating thumbnails for package [/Game/Elements/Mirrors/MirrorSwitchART]
[2017.03.01-20.03.32:804][ 48]LogSavePackage: Save=326.46ms
[2017.03.01-20.03.32:804][ 48]LogSavePackage: Moving 'C:/Users/Edd/Desktop/VANsGame/Mechanics/BasicMechanics/Saved/MirrorSwitchART_Auto11B9EBE8A423E86DCB064658C3E652CA8.tmp' to 'C:/Users/Edd/Desktop/VANsGame/Mechanics/BasicMechanics/Saved/Autosaves/Game/Elements/Mirrors/MirrorSwitchART_Auto1.uasset'
[2017.03.01-20.03.32:813][ 48]LogSavePackage:Display: Finished SavePackage C:/Users/Edd/Desktop/VANsGame/Mechanics/BasicMechanics/Saved/Autosaves/Game/Elements/Mirrors/MirrorSwitchART_Auto1.uasset
[2017.03.01-20.03.32:814][ 48]OBJ SavePackage: Generating thumbnails for [1] asset(s) in package [/Game/Elements/Switches/SimpleSwitch/SimpleSwitch] ([1] browsable assets)...
[2017.03.01-20.03.32:893][ 48]OBJ SavePackage:     Rendered thumbnail for [Blueprint /Game/Elements/Switches/SimpleSwitch/SimpleSwitch.SimpleSwitch]
[2017.03.01-20.03.32:893][ 48]OBJ SavePackage: Finished generating thumbnails for package [/Game/Elements/Switches/SimpleSwitch/SimpleSwitch]
[2017.03.01-20.03.33:136][ 48]LogSavePackage: Save=226.70ms
[2017.03.01-20.03.33:136][ 48]LogSavePackage: Moving 'C:/Users/Edd/Desktop/VANsGame/Mechanics/BasicMechanics/Saved/SimpleSwitch_Auto1EED341C345F9C8A16820E0A9244EB95B.tmp' to 'C:/Users/Edd/Desktop/VANsGame/Mechanics/BasicMechanics/Saved/Autosaves/Game/Elements/Switches/SimpleSwitch/SimpleSwitch_Auto1.uasset'
[2017.03.01-20.03.33:143][ 48]LogSavePackage:Display: Finished SavePackage C:/Users/Edd/Desktop/VANsGame/Mechanics/BasicMechanics/Saved/Autosaves/Game/Elements/Switches/SimpleSwitch/SimpleSwitch_Auto1.uasset
[2017.03.01-20.03.33:145][ 48]OBJ SavePackage: Generating thumbnails for [1] asset(s) in package [/Game/Elements/Switches/TemporizeSwitch/TemporizeSwitch] ([1] browsable assets)...
[2017.03.01-20.03.33:224][ 48]OBJ SavePackage:     Rendered thumbnail for [Blueprint /Game/Elements/Switches/TemporizeSwitch/TemporizeSwitch.TemporizeSwitch]
[2017.03.01-20.03.33:224][ 48]OBJ SavePackage: Finished generating thumbnails for package [/Game/Elements/Switches/TemporizeSwitch/TemporizeSwitch]
[2017.03.01-20.03.33:337][ 48]LogSavePackage: Save=103.27ms
[2017.03.01-20.03.33:337][ 48]LogSavePackage: Moving 'C:/Users/Edd/Desktop/VANsGame/Mechanics/BasicMechanics/Saved/TemporizeSwitch_Auto18694160944D9DC4C32585AA2ED5A5924.tmp' to 'C:/Users/Edd/Desktop/VANsGame/Mechanics/BasicMechanics/Saved/Autosaves/Game/Elements/Switches/TemporizeSwitch/TemporizeSwitch_Auto1.uasset'
[2017.03.01-20.03.33:342][ 48]LogSavePackage:Display: Finished SavePackage C:/Users/Edd/Desktop/VANsGame/Mechanics/BasicMechanics/Saved/Autosaves/Game/Elements/Switches/TemporizeSwitch/TemporizeSwitch_Auto1.uasset
[2017.03.01-20.03.33:342][ 48]LogFileHelpers: Auto-saving content packages took 0.951
[2017.03.01-20.04.32:822][565]LogEditorTransaction: Undo Modify Component(s)
[2017.03.01-20.04.43:980][ 39]Cmd: MODE GRID=0
[2017.03.01-20.04.50:361][311]BlueprintLog: New page: Compile MirrorSwitchART
[2017.03.01-20.04.50:783][311]BlueprintEditorCompileResults: Info The execution path doesn't end with a return node.  else
[2017.03.01-20.05.28:569][863]LogEditorTransaction: Undo Set actor scale
[2017.03.01-20.05.30:704][949]LogEditorTransaction: Undo Set actor scale
[2017.03.01-20.05.31:270][971]LogEditorTransaction: Undo Modify Component(s)
[2017.03.01-20.06.04:418][291]LogEditorTransaction: Undo Modify Component(s)
[2017.03.01-20.06.05:398][328]LogEditorTransaction: Undo Modify Component(s)
[2017.03.01-20.06.06:530][375]LogEditorTransaction: Undo Modify Component(s)
[2017.03.01-20.06.06:932][390]LogEditorTransaction: Undo Modify Component(s)
[2017.03.01-20.06.07:366][402]LogEditorTransaction: Undo Modify Component(s)
[2017.03.01-20.06.07:868][418]LogEditorTransaction: Undo Modify Component(s)
[2017.03.01-20.06.08:798][458]LogEditorTransaction: Undo Modify Component(s)
[2017.03.01-20.06.18:201][883]BlueprintLog: New page: Compile TemporizeSwitch
[2017.03.01-20.06.21:824][  9]LogActorComponent: UnregisterComponent: (/Engine/Transient.EditorFloorComp) Not registered. Aborting.
[2017.03.01-20.06.26:474][119]Cmd: OBJ SAVEPACKAGE PACKAGE="/Game/Levels/TutorialMap" FILE="C:/Users/Edd/Desktop/VANsGame/Mechanics/BasicMechanics/Content/Levels/TutorialMap.umap" SILENT=true AUTOSAVING=false KEEPDIRTY=false
[2017.03.01-20.06.27:670][119]LogSavePackage: Save=1120.83ms
[2017.03.01-20.06.27:670][119]LogSavePackage: Moving 'C:/Users/Edd/Desktop/VANsGame/Mechanics/BasicMechanics/Saved/TutorialMapA14541944439AD2C70790CBCAFA415B6.tmp' to 'C:/Users/Edd/Desktop/VANsGame/Mechanics/BasicMechanics/Content/Levels/TutorialMap.umap'
[2017.03.01-20.06.27:676][119]LogSavePackage:Display: Finished SavePackage C:/Users/Edd/Desktop/VANsGame/Mechanics/BasicMechanics/Content/Levels/TutorialMap.umap
[2017.03.01-20.06.27:783][119]LogFileHelpers: Saving map 'TutorialMap' took 3.387
[2017.03.01-20.06.27:842][119]Cmd: OBJ SAVEPACKAGE PACKAGE="/Game/Elements/Mirrors/MirrorSwitchART" FILE="C:/Users/Edd/Desktop/VANsGame/Mechanics/BasicMechanics/Content/Elements/Mirrors/MirrorSwitchART.uasset" SILENT=true
[2017.03.01-20.06.28:042][119]LogSavePackage: Save=185.26ms
[2017.03.01-20.06.28:042][119]LogSavePackage: Moving 'C:/Users/Edd/Desktop/VANsGame/Mechanics/BasicMechanics/Saved/MirrorSwitchART6FEA84A74F1239D7CDC571933C79762F.tmp' to 'C:/Users/Edd/Desktop/VANsGame/Mechanics/BasicMechanics/Content/Elements/Mirrors/MirrorSwitchART.uasset'
[2017.03.01-20.06.28:052][119]LogSavePackage:Display: Finished SavePackage C:/Users/Edd/Desktop/VANsGame/Mechanics/BasicMechanics/Content/Elements/Mirrors/MirrorSwitchART.uasset
[2017.03.01-20.06.28:251][119]LogSavePackage: Save=116.57ms
[2017.03.01-20.06.28:251][119]LogSavePackage: Moving 'C:/Users/Edd/Desktop/VANsGame/Mechanics/BasicMechanics/Saved/SimpleSwitchF056F192434FB9D9148F66A214A5A40D.tmp' to 'C:/Users/Edd/Desktop/VANsGame/Mechanics/BasicMechanics/Content/Elements/Switches/SimpleSwitch/SimpleSwitch.uasset'
[2017.03.01-20.06.28:259][119]LogSavePackage:Display: Finished SavePackage C:/Users/Edd/Desktop/VANsGame/Mechanics/BasicMechanics/Content/Elements/Switches/SimpleSwitch/SimpleSwitch.uasset
[2017.03.01-20.06.28:376][119]LogSavePackage: Save=61.78ms
[2017.03.01-20.06.28:376][119]LogSavePackage: Moving 'C:/Users/Edd/Desktop/VANsGame/Mechanics/BasicMechanics/Saved/TemporizeSwitchF4C33128447608ED84738DACAA171CC4.tmp' to 'C:/Users/Edd/Desktop/VANsGame/Mechanics/BasicMechanics/Content/Elements/Switches/TemporizeSwitch/TemporizeSwitch.uasset'
[2017.03.01-20.06.28:380][119]LogSavePackage:Display: Finished SavePackage C:/Users/Edd/Desktop/VANsGame/Mechanics/BasicMechanics/Content/Elements/Switches/TemporizeSwitch/TemporizeSwitch.uasset
[2017.03.01-20.07.44:882][410]LogD3D11RHI: Timed out while waiting for GPU to catch up. (0.5 s)
[2017.03.01-20.07.45:488][412]LogHttp:Warning: 000002230DF6EB00: request failed, libcurl error: 6 (Couldn't resolve host name)
[2017.03.01-20.07.45:488][412]LogHttp:Warning: 000002230DF6EB00: libcurl info message cache 0 (Connection 14 seems to be dead!)
[2017.03.01-20.07.45:488][412]LogHttp:Warning: 000002230DF6EB00: libcurl info message cache 1 (Closing connection 14)
[2017.03.01-20.07.45:488][412]LogHttp:Warning: 000002230DF6EB00: libcurl info message cache 2 (TLSv1.2 (OUT), TLS alert, Client hello (1):)
[2017.03.01-20.07.45:488][412]LogHttp:Warning: 000002230DF6EB00: libcurl info message cache 3 (Could not resolve host: datarouter.ol.epicgames.com)
[2017.03.01-20.07.45:488][412]LogHttp:Warning: 000002230DF6EB00: libcurl info message cache 4 (Closing connection 15)
[2017.03.01-20.11.34:245][592]LogActorComponent: UnregisterComponent: (/Engine/Transient.EditorFloorComp) Not registered. Aborting.
[2017.03.01-20.11.34:447][592]LogWindowsTextInputMethodSystem:Display: IME system now deactivated.
[2017.03.01-20.11.35:111][593]Cmd: QUIT_EDITOR
[2017.03.01-20.11.35:811][593]LogExit: Preparing to exit.
[2017.03.01-20.11.37:127][593]LogExit: Editor shut down
[2017.03.01-20.11.37:144][593]LogExit: Transaction tracking system shut down
[2017.03.01-20.11.39:152][593]LogObj: Freed 0b from 0 cluster array pools.
[2017.03.01-20.11.39:152][593]LogExit: Object subsystem successfully closed.
[2017.03.01-20.11.39:354][593]LogD3D11RHI: Shutdown
[2017.03.01-20.11.39:359][593]LogD3D11RHI: CleanupD3DDevice
[2017.03.01-20.11.39:786][593]LogD3D11RHI: ~FD3D11DynamicRHI
[2017.03.01-20.11.40:610][593]LogHttp:Display: Http module shutting down, but needs to wait on 1 outstanding Http requests:
[2017.03.01-20.11.40:610][593]LogHttp:Display: 	verb=[POST] url=[https://datarouter.ol.epicgames.com/datarouter/api/v1/public/data?SessionID=%7B8A79491A-4569-2FDF-6777-6EB4B2D0ACF8%7D&AppID=UEEditor.Rocket.Release&AppVersion=4.14.3-3249277%2B%2B%2BUE4%2BRelease-4.14&UserID=a01a8d60469876f06767e6acef268c54%7Ca87b32ece6994b04a16f0bd7f6ed0b63%7C2d541c16-ffb9-40fe-9b24-b1bea63fa89e&AppEnvironment=datacollector-binary&UploadType=eteventstream] status=Processing
[2017.03.01-20.11.40:711][593]LogModuleManager: Shutting down and abandoning module MovieSceneCapture (244)
[2017.03.01-20.11.40:717][593]LogModuleManager: Shutting down and abandoning module BlueprintGraph (243)
[2017.03.01-20.11.40:717][593]LogModuleManager: Shutting down and abandoning module BlueprintProfiler (242)
[2017.03.01-20.11.40:729][593]LogModuleManager: Shutting down and abandoning module HierarchicalLODOutliner (241)
[2017.03.01-20.11.40:739][593]LogModuleManager: Shutting down and abandoning module CrashTracker (240)
[2017.03.01-20.11.40:746][593]LogModuleManager: Shutting down and abandoning module SceneOutliner (239)
[2017.03.01-20.11.40:746][593]LogModuleManager: Shutting down and abandoning module WidgetCarousel (238)
[2017.03.01-20.11.40:746][593]LogModuleManager: Shutting down and abandoning module AddContentDialog (237)
[2017.03.01-20.11.40:761][593]LogDirectoryWatcher: A directory notification for 'D:/Program Files (x86)/Epic Games/4.14/FeaturePacks/' was aborted.
[2017.03.01-20.11.40:783][593]LogModuleManager: Shutting down and abandoning module GameplayTags (236)
[2017.03.01-20.11.40:783][593]LogModuleManager: Shutting down and abandoning module EditorWidgets (235)
[2017.03.01-20.11.40:783][593]LogModuleManager: Shutting down and abandoning module CollectionManager (234)
[2017.03.01-20.11.40:790][593]LogDirectoryWatcher: A directory notification for 'C:/Users/Edd/Desktop/VANsGame/Mechanics/BasicMechanics/Content/Collections/' was aborted.
[2017.03.01-20.11.40:790][593]LogDirectoryWatcher: A directory notification for 'C:/Users/Edd/Desktop/VANsGame/Mechanics/BasicMechanics/Content/Developers/Edd/Collections/' was aborted.
[2017.03.01-20.11.40:790][593]LogDirectoryWatcher: A directory notification for 'C:/Users/Edd/Desktop/VANsGame/Mechanics/BasicMechanics/Saved/Collections/' was aborted.
[2017.03.01-20.11.40:790][593]LogModuleManager: Shutting down and abandoning module StatsViewer (233)
[2017.03.01-20.11.40:798][593]LogModuleManager: Shutting down and abandoning module FoliageEdit (232)
[2017.03.01-20.11.40:810][593]LogModuleManager: Shutting down and abandoning module LandscapeEditor (231)
[2017.03.01-20.11.40:827][593]LogModuleManager: Shutting down and abandoning module SceneDepthPickerMode (230)
[2017.03.01-20.11.40:827][593]LogModuleManager: Shutting down and abandoning module ActorPickerMode (229)
[2017.03.01-20.11.40:827][593]LogModuleManager: Shutting down and abandoning module GeometryMode (228)
[2017.03.01-20.11.40:827][593]LogModuleManager: Shutting down and abandoning module TextureAlignMode (227)
[2017.03.01-20.11.40:827][593]LogModuleManager: Shutting down and abandoning module BspMode (226)
[2017.03.01-20.11.40:833][593]LogModuleManager: Shutting down and abandoning module HardwareSurvey (225)
[2017.03.01-20.11.40:840][593]LogModuleManager: Shutting down and abandoning module SequenceRecorderSections (224)
[2017.03.01-20.11.40:846][593]LogModuleManager: Shutting down and abandoning module AutomationWorker (223)
[2017.03.01-20.11.40:854][593]LogModuleManager: Shutting down and abandoning module MatineeToLevelSequence (222)
[2017.03.01-20.11.40:866][593]LogModuleManager: Shutting down and abandoning module PlacementMode (221)
[2017.03.01-20.11.40:878][593]LogModuleManager: Shutting down and abandoning module LevelSequenceEditor (220)
[2017.03.01-20.11.40:922][593]LogModuleManager: Shutting down and abandoning module WmfMediaFactory (219)
[2017.03.01-20.11.40:922][593]LogModuleManager: Shutting down and abandoning module WmfMediaEditor (218)
[2017.03.01-20.11.40:922][593]LogModuleManager: Shutting down and abandoning module AvfMediaFactory (217)
[2017.03.01-20.11.40:923][593]LogModuleManager: Shutting down and abandoning module AvfMediaEditor (216)
[2017.03.01-20.11.40:923][593]LogModuleManager: Shutting down and abandoning module Media (215)
[2017.03.01-20.11.40:923][593]LogModuleManager: Shutting down and abandoning module AndroidMediaFactory (214)
[2017.03.01-20.11.40:923][593]LogModuleManager: Shutting down and abandoning module AndroidMediaEditor (213)
[2017.03.01-20.11.40:923][593]LogModuleManager: Shutting down and abandoning module CharacterAI (212)
[2017.03.01-20.11.40:923][593]LogModuleManager: Shutting down and abandoning module SequenceRecorder (211)
[2017.03.01-20.11.40:941][593]LogModuleManager: Shutting down and abandoning module AudioCapture (210)
[2017.03.01-20.11.40:941][593]LogModuleManager: Shutting down and abandoning module SmartSnapping (209)
[2017.03.01-20.11.40:941][593]LogModuleManager: Shutting down and abandoning module SessionServices (208)
[2017.03.01-20.11.40:941][593]LogModuleManager: Shutting down and abandoning module ViewportSnapping (207)
[2017.03.01-20.11.40:941][593]LogModuleManager: Shutting down and abandoning module ViewportInteraction (206)
[2017.03.01-20.11.40:941][593]LogModuleManager: Shutting down and abandoning module LogVisualizer (205)
[2017.03.01-20.11.40:951][593]LogModuleManager: Shutting down and abandoning module GameProjectGeneration (204)
[2017.03.01-20.11.40:962][593]LogModuleManager: Shutting down and abandoning module IntroTutorials (203)
[2017.03.01-20.11.40:975][593]LogModuleManager: Shutting down and abandoning module EditorLiveStreaming (202)
[2017.03.01-20.11.40:975][593]LogModuleManager: Shutting down and abandoning module IOSPlatformEditor (201)
[2017.03.01-20.11.40:984][593]LogModuleManager: Shutting down and abandoning module HTML5PlatformEditor (200)
[2017.03.01-20.11.40:985][593]LogModuleManager: Shutting down and abandoning module AndroidDeviceDetection (199)
[2017.03.01-20.11.41:578][593]LogModuleManager: Shutting down and abandoning module AndroidPlatformEditor (198)
[2017.03.01-20.11.41:579][593]LogModuleManager: Shutting down and abandoning module IOSRuntimeSettings (197)
[2017.03.01-20.11.41:579][593]LogModuleManager: Shutting down and abandoning module AndroidRuntimeSettings (196)
[2017.03.01-20.11.41:579][593]LogModuleManager: Shutting down and abandoning module InputBindingEditor (195)
[2017.03.01-20.11.41:620][593]LogModuleManager: Shutting down and abandoning module NiagaraEditor (194)
[2017.03.01-20.11.41:648][593]LogModuleManager: Shutting down and abandoning module MergeActors (193)
[2017.03.01-20.11.41:659][593]LogModuleManager: Shutting down and abandoning module SizeMap (192)
[2017.03.01-20.11.41:666][593]LogModuleManager: Shutting down and abandoning module TreeMap (191)
[2017.03.01-20.11.41:672][593]LogModuleManager: Shutting down and abandoning module ReferenceViewer (190)
[2017.03.01-20.11.41:672][593]LogModuleManager: Shutting down and abandoning module LocalizationService (189)
[2017.03.01-20.11.41:682][593]LogModuleManager: Shutting down and abandoning module LocalizationDashboard (188)
[2017.03.01-20.11.41:695][593]LogModuleManager: Shutting down and abandoning module HardwareTargeting (187)
[2017.03.01-20.11.41:709][593]LogModuleManager: Shutting down and abandoning module DeviceProfileEditor (186)
[2017.03.01-20.11.41:718][593]LogModuleManager: Shutting down and abandoning module UndoHistory (185)
[2017.03.01-20.11.41:731][593]LogModuleManager: Shutting down and abandoning module UserFeedback (184)
[2017.03.01-20.11.41:731][593]LogModuleManager: Shutting down and abandoning module XmlParser (183)
[2017.03.01-20.11.41:734][593]LogModuleManager: Shutting down and abandoning module Blutility (182)
[2017.03.01-20.11.41:745][593]LogModuleManager: Shutting down and abandoning module ProjectTargetPlatformEditor (181)
[2017.03.01-20.11.41:746][593]LogModuleManager: Shutting down and abandoning module ProjectSettingsViewer (180)
[2017.03.01-20.11.41:747][593]LogModuleManager: Shutting down and abandoning module EditorSettingsViewer (179)
[2017.03.01-20.11.41:747][593]LogModuleManager: Shutting down and abandoning module SettingsEditor (178)
[2017.03.01-20.11.41:768][593]LogModuleManager: Shutting down and abandoning module ProjectLauncher (177)
[2017.03.01-20.11.41:787][593]LogModuleManager: Shutting down and abandoning module SessionFrontend (176)
[2017.03.01-20.11.41:798][593]LogModuleManager: Shutting down and abandoning module ProfilerClient (175)
[2017.03.01-20.11.41:809][593]LogModuleManager: Shutting down and abandoning module TargetDeviceServices (174)
[2017.03.01-20.11.41:809][593]LogModuleManager: Shutting down and abandoning module DeviceManager (173)
[2017.03.01-20.11.41:876][593]LogModuleManager: Shutting down and abandoning module AutomationController (172)
[2017.03.01-20.11.41:890][593]LogModuleManager: Shutting down and abandoning module AutomationWindow (171)
[2017.03.01-20.11.41:901][593]LogModuleManager: Shutting down and abandoning module Layers (170)
[2017.03.01-20.11.41:917][593]LogModuleManager: Shutting down and abandoning module ComponentVisualizers (169)
[2017.03.01-20.11.41:918][593]LogModuleManager: Shutting down and abandoning module DetailCustomizations (168)
[2017.03.01-20.11.41:940][593]LogModuleManager: Shutting down and abandoning module PackagesDialog (167)
[2017.03.01-20.11.41:952][593]LogModuleManager: Shutting down and abandoning module AnimGraph (166)
[2017.03.01-20.11.41:952][593]LogModuleManager: Shutting down and abandoning module Persona (165)
[2017.03.01-20.11.41:973][593]LogModuleManager: Shutting down and abandoning module Kismet (164)
[2017.03.01-20.11.42:004][593]LogModuleManager: Shutting down and abandoning module GraphEditor (163)
[2017.03.01-20.11.42:005][593]LogModuleManager: Shutting down and abandoning module ClassViewer (162)
[2017.03.01-20.11.42:015][593]LogModuleManager: Shutting down and abandoning module Toolbox (161)
[2017.03.01-20.11.42:019][593]LogModuleManager: Shutting down and abandoning module ModuleUI (160)
[2017.03.01-20.11.42:027][593]LogModuleManager: Shutting down and abandoning module MovieSceneTools (159)
[2017.03.01-20.11.42:051][593]LogModuleManager: Shutting down and abandoning module OutputLog (158)
[2017.03.01-20.11.42:062][593]LogModuleManager: Shutting down and abandoning module GammaUI (157)
[2017.03.01-20.11.42:075][593]LogModuleManager: Shutting down and abandoning module Documentation (156)
[2017.03.01-20.11.42:076][593]LogModuleManager: Shutting down and abandoning module Niagara (155)
[2017.03.01-20.11.42:076][593]LogModuleManager: Shutting down and abandoning module StreamingPauseRendering (154)
[2017.03.01-20.11.42:076][593]LogModuleManager: Shutting down and abandoning module AnalyticsET (153)
[2017.03.01-20.11.42:076][593]LogModuleManager: Shutting down and abandoning module PortalServices (152)
[2017.03.01-20.11.42:076][593]LogModuleManager: Shutting down and abandoning module PortalRpc (151)
[2017.03.01-20.11.42:076][593]LogModuleManager: Shutting down and abandoning module MessagingRpc (150)
[2017.03.01-20.11.42:076][593]LogModuleManager: Shutting down and abandoning module GameplayDebugger (149)
[2017.03.01-20.11.42:077][593]LogModuleManager: Shutting down and abandoning module AITestSuite (148)
[2017.03.01-20.11.42:086][593]LogModuleManager: Shutting down and abandoning module AIModule (147)
[2017.03.01-20.11.42:086][593]LogModuleManager: Shutting down and abandoning module ProfilerService (146)
[2017.03.01-20.11.42:253][593]LogModuleManager: Shutting down and abandoning module TaskGraph (145)
[2017.03.01-20.11.42:265][593]LogModuleManager: Shutting down and abandoning module SlateRemote (144)
[2017.03.01-20.11.42:265][593]LogModuleManager: Shutting down and abandoning module SteamVRController (143)
[2017.03.01-20.11.42:265][593]LogModuleManager: Shutting down and abandoning module SteamVR (142)
[2017.03.01-20.11.42:265][593]LogModuleManager: Shutting down and abandoning module ProceduralMeshComponentEditor (141)
[2017.03.01-20.11.42:273][593]LogModuleManager: Shutting down and abandoning module ProceduralMeshComponent (140)
[2017.03.01-20.11.42:278][593]LogModuleManager: Shutting down and abandoning module OculusLibrary (139)
[2017.03.01-20.11.42:278][593]LogModuleManager: Shutting down and abandoning module OculusInput (138)
[2017.03.01-20.11.42:278][593]LogModuleManager: Shutting down and abandoning module MobilePatchingUtils (137)
[2017.03.01-20.11.42:278][593]LogModuleManager: Shutting down and abandoning module CustomMeshComponent (136)
[2017.03.01-20.11.42:278][593]LogModuleManager: Shutting down and abandoning module CableComponent (135)
[2017.03.01-20.11.42:283][593]LogModuleManager: Shutting down and abandoning module ArchVisCharacter (134)
[2017.03.01-20.11.42:283][593]LogModuleManager: Shutting down and abandoning module MediaPlayerEditor (132)
[2017.03.01-20.11.42:301][593]LogModuleManager: Shutting down and abandoning module HTML5Networking (131)
[2017.03.01-20.11.42:301][593]LogModuleManager: Shutting down and abandoning module GeometryCacheEd (130)
[2017.03.01-20.11.42:301][593]LogModuleManager: Shutting down and abandoning module GeometryCache (129)
[2017.03.01-20.11.42:301][593]LogModuleManager: Shutting down and abandoning module AlembicLibrary (128)
[2017.03.01-20.11.42:314][593]LogModuleManager: Shutting down and abandoning module AlembicImporter (127)
[2017.03.01-20.11.42:318][593]LogModuleManager: Shutting down and abandoning module SuperSearch (126)
[2017.03.01-20.11.42:318][593]LogModuleManager: Shutting down and abandoning module SuperSearchEditor (125)
[2017.03.01-20.11.42:318][593]LogModuleManager: Shutting down and abandoning module SpeedTreeImporter (124)
[2017.03.01-20.11.42:318][593]LogModuleManager: Shutting down and abandoning module PluginBrowser (123)
[2017.03.01-20.11.42:329][593]LogModuleManager: Shutting down and abandoning module MobileLauncherProfileWizard (122)
[2017.03.01-20.11.42:337][593]LogModuleManager: Shutting down and abandoning module EpicSurvey (121)
[2017.03.01-20.11.42:344][593]LogModuleManager: Shutting down and abandoning module DesktopPlatform (120)
[2017.03.01-20.11.42:344][593]LogModuleManager: Shutting down and abandoning module VisualStudioSourceCodeAccess (119)
[2017.03.01-20.11.42:351][593]LogModuleManager: Shutting down and abandoning module UObjectPlugin (118)
[2017.03.01-20.11.42:351][593]LogModuleManager: Shutting down and abandoning module SubversionSourceControl (117)
[2017.03.01-20.11.42:360][593]LogModuleManager: Shutting down and abandoning module PerforceSourceControl (116)
[2017.03.01-20.11.42:371][593]LogModuleManager: Shutting down and abandoning module SourceControl (115)
[2017.03.01-20.11.42:380][593]LogModuleManager: Shutting down and abandoning module GitSourceControl (114)
[2017.03.01-20.11.42:385][593]LogModuleManager: Shutting down and abandoning module LightPropagationVolumeEditor (113)
[2017.03.01-20.11.42:385][593]LogModuleManager: Shutting down and abandoning module PaperTiledImporter (112)
[2017.03.01-20.11.42:394][593]LogModuleManager: Shutting down and abandoning module PaperSpriteSheetImporter (111)
[2017.03.01-20.11.42:394][593]LogModuleManager: Shutting down and abandoning module MeshPaint (110)
[2017.03.01-20.11.42:394][593]LogModuleManager: Shutting down and abandoning module PixelInspectorModule (109)
[2017.03.01-20.11.42:403][593]LogModuleManager: Shutting down and abandoning module HotReload (108)
[2017.03.01-20.11.42:405][593]LogModuleManager: Shutting down and abandoning module MainFrame (107)
[2017.03.01-20.11.42:405][593]LogModuleManager: Shutting down and abandoning module LevelEditor (106)
[2017.03.01-20.11.42:422][593]LogModuleManager: Shutting down and abandoning module ContentBrowser (105)
[2017.03.01-20.11.42:429][593]LogModuleManager: Shutting down and abandoning module Paper2DEditor (104)
[2017.03.01-20.11.42:442][593]LogModuleManager: Shutting down and abandoning module UdpMessaging (103)
[2017.03.01-20.11.42:543][593]LogModuleManager: Shutting down and abandoning module TcpMessaging (102)
[2017.03.01-20.11.42:657][593]LogModuleManager: Shutting down and abandoning module LightPropagationVolumeRuntime (101)
[2017.03.01-20.11.42:657][593]LogModuleManager: Shutting down and abandoning module Paper2D (100)
[2017.03.01-20.11.42:669][593]LogModuleManager: Shutting down and abandoning module WindowsMoviePlayer (99)
[2017.03.01-20.11.42:676][593]LogModuleManager: Shutting down and abandoning module WmfMedia (98)
[2017.03.01-20.11.42:699][593]LogModuleManager: Shutting down and abandoning module MediaAssets (97)
[2017.03.01-20.11.42:699][593]LogModuleManager: Shutting down and abandoning module GameLiveStreaming (96)
[2017.03.01-20.11.42:704][593]LogModuleManager: Shutting down and abandoning module GameplayTagsEditor (95)
[2017.03.01-20.11.42:704][593]LogModuleManager: Shutting down and abandoning module VREditor (94)
[2017.03.01-20.11.42:704][593]LogModuleManager: Shutting down and abandoning module GameplayTasksEditor (93)
[2017.03.01-20.11.42:704][593]LogModuleManager: Shutting down and abandoning module BehaviorTreeEditor (92)
[2017.03.01-20.11.42:736][593]LogModuleManager: Shutting down and abandoning module FunctionalTesting (91)
[2017.03.01-20.11.42:750][593]LogModuleManager: Shutting down and abandoning module CollisionAnalyzer (90)
[2017.03.01-20.11.42:766][593]LogModuleManager: Shutting down and abandoning module Sequencer (89)
[2017.03.01-20.11.42:779][593]LogModuleManager: Shutting down and abandoning module WorkspaceMenuStructure (88)
[2017.03.01-20.11.42:779][593]LogModuleManager: Shutting down and abandoning module MessageLog (87)
[2017.03.01-20.11.42:779][593]LogModuleManager: Shutting down and abandoning module AssetTools (86)
[2017.03.01-20.11.42:795][593]LogModuleManager: Shutting down and abandoning module UMGEditor (85)
[2017.03.01-20.11.42:813][593]LogModuleManager: Shutting down and abandoning module UMG (84)
[2017.03.01-20.11.42:833][593]LogModuleManager: Shutting down and abandoning module SlateReflector (83)
[2017.03.01-20.11.42:859][593]LogModuleManager: Shutting down and abandoning module Slate (82)
[2017.03.01-20.11.42:859][593]LogModuleManager: Shutting down and abandoning module EditorStyle (81)
[2017.03.01-20.11.42:878][593]LogModuleManager: Shutting down and abandoning module SourceCodeAccess (80)
[2017.03.01-20.11.42:878][593]LogModuleManager: Shutting down and abandoning module HeadMountedDisplay (79)
[2017.03.01-20.11.42:878][593]LogModuleManager: Shutting down and abandoning module XAudio2 (78)
[2017.03.01-20.11.42:879][593]LogModuleManager: Shutting down and abandoning module Networking (76)
[2017.03.01-20.11.42:879][593]LogModuleManager: Shutting down and abandoning module Core (75)
[2017.03.01-20.11.42:879][593]LogModuleManager: Shutting down and abandoning module DirectoryWatcher (74)
[2017.03.01-20.11.42:879][593]LogDirectoryWatcher: A directory notification for '../../../Engine/Content/' was aborted.
[2017.03.01-20.11.42:881][593]LogDirectoryWatcher: A directory notification for 'C:/Users/Edd/Desktop/VANsGame/Mechanics/BasicMechanics/Content/' was aborted.
[2017.03.01-20.11.42:884][593]LogDirectoryWatcher: A directory notification for '../../../Engine/Plugins/2D/Paper2D/Content/' was aborted.
[2017.03.01-20.11.42:895][593]LogModuleManager: Shutting down and abandoning module AssetRegistry (73)
[2017.03.01-20.11.43:140][593]LogModuleManager: Shutting down and abandoning module KismetCompiler (72)
[2017.03.01-20.11.43:140][593]LogModuleManager: Shutting down and abandoning module PhysXFormats (71)
[2017.03.01-20.11.43:146][593]LogModuleManager: Shutting down and abandoning module SimplygonSwarm (70)
[2017.03.01-20.11.43:150][593]LogModuleManager: Shutting down and abandoning module SimplygonMeshReduction (69)
[2017.03.01-20.11.43:155][593]LogModuleManager: Shutting down and abandoning module QuadricMeshReduction (68)
[2017.03.01-20.11.43:164][593]LogModuleManager: Shutting down and abandoning module PropertyEditor (67)
[2017.03.01-20.11.43:164][593]LogModuleManager: Shutting down and abandoning module MeshUtilities (66)
[2017.03.01-20.11.43:174][593]LogModuleManager: Shutting down and abandoning module DerivedDataCache (65)
[2017.03.01-20.11.43:235][593]LogDerivedDataCache: Shutdown
[2017.03.01-20.11.43:237][593]LogModuleManager: Shutting down and abandoning module VulkanShaderFormat (64)
[2017.03.01-20.11.43:243][593]LogModuleManager: Shutting down and abandoning module ShaderFormatOpenGL (63)
[2017.03.01-20.11.43:251][593]LogModuleManager: Shutting down and abandoning module ShaderFormatD3D (62)
[2017.03.01-20.11.43:257][593]LogModuleManager: Shutting down and abandoning module MetalShaderFormat (61)
[2017.03.01-20.11.43:268][593]LogModuleManager: Shutting down and abandoning module TextureFormatUncompressed (60)
[2017.03.01-20.11.43:268][593]LogModuleManager: Shutting down and abandoning module TextureFormatPVR (59)
[2017.03.01-20.11.43:276][593]LogModuleManager: Shutting down and abandoning module TextureFormatDXT (58)
[2017.03.01-20.11.43:281][593]LogModuleManager: Shutting down and abandoning module TextureFormatIntelISPCTexComp (57)
[2017.03.01-20.11.43:288][593]LogModuleManager: Shutting down and abandoning module ImageWrapper (56)
[2017.03.01-20.11.43:288][593]LogModuleManager: Shutting down and abandoning module TextureFormatASTC (55)
[2017.03.01-20.11.43:289][593]LogModuleManager: Shutting down and abandoning module TextureFormatAndroid (54)
[2017.03.01-20.11.43:289][593]LogModuleManager: Shutting down and abandoning module AudioFormatOpus (53)
[2017.03.01-20.11.43:292][593]LogModuleManager: Shutting down and abandoning module AudioFormatOgg (52)
[2017.03.01-20.11.43:296][593]LogModuleManager: Shutting down and abandoning module AudioFormatADPCM (51)
[2017.03.01-20.11.43:296][593]LogModuleManager: Shutting down and abandoning module LinuxTargetPlatform (50)
[2017.03.01-20.11.43:297][593]LogModuleManager: Shutting down and abandoning module LinuxServerTargetPlatform (49)
[2017.03.01-20.11.43:300][593]LogModuleManager: Shutting down and abandoning module LinuxNoEditorTargetPlatform (48)
[2017.03.01-20.11.43:306][593]LogModuleManager: Shutting down and abandoning module LinuxClientTargetPlatform (47)
[2017.03.01-20.11.43:306][593]LogModuleManager: Shutting down and abandoning module TVOSTargetPlatform (46)
[2017.03.01-20.11.43:306][593]LogModuleManager: Shutting down and abandoning module Messaging (45)
[2017.03.01-20.11.43:307][593]LogModuleManager: Shutting down and abandoning module IOSTargetPlatform (44)
[2017.03.01-20.11.43:307][593]LogModuleManager: Shutting down and abandoning module HTML5TargetPlatform (43)
[2017.03.01-20.11.43:307][593]LogModuleManager: Shutting down and abandoning module AndroidTargetPlatform (42)
[2017.03.01-20.11.43:307][593]LogModuleManager: Shutting down and abandoning module Android_PVRTCTargetPlatform (41)
[2017.03.01-20.11.43:307][593]LogModuleManager: Shutting down and abandoning module Android_MultiTargetPlatform (40)
[2017.03.01-20.11.43:307][593]LogModuleManager: Shutting down and abandoning module Android_ETC2TargetPlatform (39)
[2017.03.01-20.11.43:307][593]LogModuleManager: Shutting down and abandoning module Android_ETC1TargetPlatform (38)
[2017.03.01-20.11.43:307][593]LogModuleManager: Shutting down and abandoning module Android_DXTTargetPlatform (37)
[2017.03.01-20.11.43:307][593]LogModuleManager: Shutting down and abandoning module Android_ATCTargetPlatform (36)
[2017.03.01-20.11.43:307][593]LogModuleManager: Shutting down and abandoning module Android_ASTCTargetPlatform (35)
[2017.03.01-20.11.43:308][593]LogModuleManager: Shutting down and abandoning module WindowsTargetPlatform (34)
[2017.03.01-20.11.43:308][593]LogModuleManager: Shutting down and abandoning module WindowsServerTargetPlatform (33)
[2017.03.01-20.11.43:317][593]LogModuleManager: Shutting down and abandoning module WindowsNoEditorTargetPlatform (32)
[2017.03.01-20.11.43:318][593]LogModuleManager: Shutting down and abandoning module WindowsClientTargetPlatform (31)
[2017.03.01-20.11.43:323][593]LogModuleManager: Shutting down and abandoning module MacTargetPlatform (30)
[2017.03.01-20.11.43:323][593]LogModuleManager: Shutting down and abandoning module MacServerTargetPlatform (29)
[2017.03.01-20.11.43:323][593]LogModuleManager: Shutting down and abandoning module MacNoEditorTargetPlatform (28)
[2017.03.01-20.11.43:323][593]LogModuleManager: Shutting down and abandoning module MacClientTargetPlatform (27)
[2017.03.01-20.11.43:323][593]LogModuleManager: Shutting down and abandoning module AllDesktopTargetPlatform (26)
[2017.03.01-20.11.43:323][593]LogModuleManager: Shutting down and abandoning module TargetPlatform (25)
[2017.03.01-20.11.43:324][593]LogModuleManager: Shutting down and abandoning module InputCore (24)
[2017.03.01-20.11.43:324][593]LogModuleManager: Shutting down and abandoning module Settings (23)
[2017.03.01-20.11.43:324][593]LogModuleManager: Shutting down and abandoning module OculusRift (22)
[2017.03.01-20.11.43:328][593]LogModuleManager: Shutting down and abandoning module ExampleDeviceProfileSelector (21)
[2017.03.01-20.11.43:328][593]LogModuleManager: Shutting down and abandoning module OnlineBlueprintSupport (20)
[2017.03.01-20.11.43:328][593]LogModuleManager: Shutting down and abandoning module OnlineSubsystem (18)
[2017.03.01-20.11.43:328][593]LogOnline:Display: Unloading online subsystem: NULL
[2017.03.01-20.11.43:338][593]LogModuleManager: Shutting down and abandoning module SSL (17)
[2017.03.01-20.11.43:351][593]LogModuleManager: Shutting down and abandoning module HTTP (16)
[2017.03.01-20.11.43:351][593]LogModuleManager: Shutting down and abandoning module XMPP (15)
[2017.03.01-20.11.43:363][593]LogModuleManager: Shutting down and abandoning module TextureCompressor (14)
[2017.03.01-20.11.43:373][593]LogModuleManager: Shutting down and abandoning module ShaderCore (13)
[2017.03.01-20.11.43:373][593]LogModuleManager: Shutting down and abandoning module Landscape (12)
[2017.03.01-20.11.43:373][593]LogModuleManager: Shutting down and abandoning module SlateRHIRenderer (11)
[2017.03.01-20.11.43:448][593]LogModuleManager: Shutting down and abandoning module OpenGLDrv (10)
[2017.03.01-20.11.43:454][593]LogModuleManager: Shutting down and abandoning module D3D11RHI (9)
[2017.03.01-20.11.43:454][593]LogModuleManager: Shutting down and abandoning module AnimGraphRuntime (8)
[2017.03.01-20.11.43:463][593]LogModuleManager: Shutting down and abandoning module Renderer (7)
[2017.03.01-20.11.43:472][593]LogModuleManager: Shutting down and abandoning module Engine (6)
[2017.03.01-20.11.43:472][593]LogModuleManager: Shutting down and abandoning module CoreUObject (5)
[2017.03.01-20.11.43:472][593]LogModuleManager: Shutting down and abandoning module NetworkFile (4)
[2017.03.01-20.11.43:483][593]LogModuleManager: Shutting down and abandoning module StreamingFile (3)
[2017.03.01-20.11.43:488][593]LogModuleManager: Shutting down and abandoning module SandboxFile (2)
[2017.03.01-20.11.43:494][593]LogModuleManager: Shutting down and abandoning module PakFile (1)
[2017.03.01-20.11.43:514][593]LogExit: Exiting.
[2017.03.01-20.11.43:541][593]Log file closed, 03/01/17 21:11:43
