Log file open, 12/19/16 21:25:27
LogInit:Display: Running engine for game: BasicMechanics
LogPlatformFile: Not using cached read wrapper
LogInit:Display: RandInit(-1358970366) SRandInit(-1358970366).
LogTaskGraph: Started task graph with 5 named threads and 6 total threads with 1 sets of task threads.
LogStats: Stats thread started at 0.073495
LogPluginManager: Loaded Plugin Paper2D, From C:/Program Files (x86)/Epic Games/4.13/Engine/Plugins/2D/Paper2D/Paper2D.uplugin
LogPluginManager: Loaded Plugin LightPropagationVolume, From C:/Program Files (x86)/Epic Games/4.13/Engine/Plugins/Blendables/LightPropagationVolume/LightPropagationVolume.uplugin
LogPluginManager: Loaded Plugin BlankPlugin, From C:/Program Files (x86)/Epic Games/4.13/Engine/Plugins/Developer/BlankPlugin/BlankPlugin.uplugin
LogPluginManager: Loaded Plugin CodeLiteSourceCodeAccess, From C:/Program Files (x86)/Epic Games/4.13/Engine/Plugins/Developer/CodeLiteSourceCodeAccess/CodeLiteSourceCodeAccess.uplugin
LogPluginManager: Loaded Plugin GitSourceControl, From C:/Program Files (x86)/Epic Games/4.13/Engine/Plugins/Developer/GitSourceControl/GitSourceControl.uplugin
LogPluginManager: Loaded Plugin KDevelopSourceCodeAccess, From C:/Program Files (x86)/Epic Games/4.13/Engine/Plugins/Developer/KDevelopSourceCodeAccess/KDevelopSourceCodeAccess.uplugin
LogPluginManager: Loaded Plugin NullSourceCodeAccess, From C:/Program Files (x86)/Epic Games/4.13/Engine/Plugins/Developer/NullSourceCodeAccess/NullSourceCodeAccess.uplugin
LogPluginManager: Loaded Plugin OneSkyLocalizationService, From C:/Program Files (x86)/Epic Games/4.13/Engine/Plugins/Developer/OneSkyLocalizationService/OneSkyLocalizationService.uplugin
LogPluginManager: Loaded Plugin PerforceSourceControl, From C:/Program Files (x86)/Epic Games/4.13/Engine/Plugins/Developer/PerforceSourceControl/PerforceSourceControl.uplugin
LogPluginManager: Loaded Plugin SubversionSourceControl, From C:/Program Files (x86)/Epic Games/4.13/Engine/Plugins/Developer/SubversionSourceControl/SubversionSourceControl.uplugin
LogPluginManager: Loaded Plugin UObjectPlugin, From C:/Program Files (x86)/Epic Games/4.13/Engine/Plugins/Developer/UObjectPlugin/UObjectPlugin.uplugin
LogPluginManager: Loaded Plugin VisualStudioSourceCodeAccess, From C:/Program Files (x86)/Epic Games/4.13/Engine/Plugins/Developer/VisualStudioSourceCodeAccess/VisualStudioSourceCodeAccess.uplugin
LogPluginManager: Loaded Plugin XCodeSourceCodeAccess, From C:/Program Files (x86)/Epic Games/4.13/Engine/Plugins/Developer/XCodeSourceCodeAccess/XCodeSourceCodeAccess.uplugin
LogPluginManager: Loaded Plugin EpicSurvey, From C:/Program Files (x86)/Epic Games/4.13/Engine/Plugins/Editor/EpicSurvey/EpicSurvey.uplugin
LogPluginManager: Loaded Plugin MacGraphicsSwitching, From C:/Program Files (x86)/Epic Games/4.13/Engine/Plugins/Editor/MacGraphicsSwitching/MacGraphicsSwitching.uplugin
LogPluginManager: Loaded Plugin MobileLauncherProfileWizard, From C:/Program Files (x86)/Epic Games/4.13/Engine/Plugins/Editor/MobileLauncherProfileWizard/MobileLauncherProfileWizard.uplugin
LogPluginManager: Loaded Plugin PluginBrowser, From C:/Program Files (x86)/Epic Games/4.13/Engine/Plugins/Editor/PluginBrowser/PluginBrowser.uplugin
LogPluginManager: Loaded Plugin SpeedTreeImporter, From C:/Program Files (x86)/Epic Games/4.13/Engine/Plugins/Editor/SpeedTreeImporter/SpeedTreeImporter.uplugin
LogPluginManager: Loaded Plugin SuperSearchEditor, From C:/Program Files (x86)/Epic Games/4.13/Engine/Plugins/Editor/SuperSearchEditor/SuperSearchEditor.uplugin
LogPluginManager: Loaded Plugin AlembicImporter, From C:/Program Files (x86)/Epic Games/4.13/Engine/Plugins/Experimental/AlembicImporter/AlembicImporter.uplugin
LogPluginManager: Loaded Plugin BlueprintStats, From C:/Program Files (x86)/Epic Games/4.13/Engine/Plugins/Experimental/BlueprintStats/BlueprintStats.uplugin
LogPluginManager: Loaded Plugin CharacterAI, From C:/Program Files (x86)/Epic Games/4.13/Engine/Plugins/Experimental/CharacterAI/CharacterAI.uplugin
LogPluginManager: Loaded Plugin CodeEditor, From C:/Program Files (x86)/Epic Games/4.13/Engine/Plugins/Experimental/CodeEditor/CodeEditor.uplugin
LogPluginManager: Loaded Plugin CodeView, From C:/Program Files (x86)/Epic Games/4.13/Engine/Plugins/Experimental/CodeView/CodeView.uplugin
LogPluginManager: Loaded Plugin HTML5Networking, From C:/Program Files (x86)/Epic Games/4.13/Engine/Plugins/Experimental/HTML5Networking/HTML5Networking.uplugin
LogPluginManager: Loaded Plugin LiveEditor, From C:/Program Files (x86)/Epic Games/4.13/Engine/Plugins/Experimental/LiveEditor/LiveEditor.uplugin
LogPluginManager: Loaded Plugin OSVR, From C:/Program Files (x86)/Epic Games/4.13/Engine/Plugins/Experimental/OSVR/OSVR.uplugin
LogPluginManager: Loaded Plugin Phya, From C:/Program Files (x86)/Epic Games/4.13/Engine/Plugins/Experimental/Phya/Phya.uplugin
LogPluginManager: Loaded Plugin SignificanceManager, From C:/Program Files (x86)/Epic Games/4.13/Engine/Plugins/Experimental/SignificanceManager/SignificanceManager.uplugin
LogPluginManager: Loaded Plugin SimpleHMD, From C:/Program Files (x86)/Epic Games/4.13/Engine/Plugins/Experimental/SimpleHMD/SimpleHMD.uplugin
LogPluginManager: Loaded Plugin StereoPanorama, From C:/Program Files (x86)/Epic Games/4.13/Engine/Plugins/Experimental/StereoPanorama/StereoPanorama.uplugin
LogPluginManager: Loaded Plugin StructBox, From C:/Program Files (x86)/Epic Games/4.13/Engine/Plugins/Experimental/StructBox/StructBox.uplugin
LogPluginManager: Loaded Plugin AndroidMedia, From C:/Program Files (x86)/Epic Games/4.13/Engine/Plugins/Media/AndroidMedia/AndroidMedia.uplugin
LogPluginManager: Loaded Plugin AvfMedia, From C:/Program Files (x86)/Epic Games/4.13/Engine/Plugins/Media/AvfMedia/AvfMedia.uplugin
LogPluginManager: Loaded Plugin MediaPlayerEditor, From C:/Program Files (x86)/Epic Games/4.13/Engine/Plugins/Media/MediaPlayerEditor/MediaPlayerEditor.uplugin
LogPluginManager: Loaded Plugin WmfMedia, From C:/Program Files (x86)/Epic Games/4.13/Engine/Plugins/Media/WmfMedia/WmfMedia.uplugin
LogPluginManager: Loaded Plugin MessagingDebugger, From C:/Program Files (x86)/Epic Games/4.13/Engine/Plugins/Messaging/MessagingDebugger/MessagingDebugger.uplugin
LogPluginManager: Loaded Plugin TcpMessaging, From C:/Program Files (x86)/Epic Games/4.13/Engine/Plugins/Messaging/TcpMessaging/TcpMessaging.uplugin
LogPluginManager: Loaded Plugin UdpMessaging, From C:/Program Files (x86)/Epic Games/4.13/Engine/Plugins/Messaging/UdpMessaging/UdpMessaging.uplugin
LogPluginManager: Loaded Plugin LevelSequenceEditor, From C:/Program Files (x86)/Epic Games/4.13/Engine/Plugins/MovieScene/LevelSequenceEditor/LevelSequenceEditor.uplugin
LogPluginManager: Loaded Plugin MatineeToLevelSequence, From C:/Program Files (x86)/Epic Games/4.13/Engine/Plugins/MovieScene/MatineeToLevelSequence/MatineeToLevelSequence.uplugin
LogPluginManager: Loaded Plugin NetcodeUnitTest, From C:/Program Files (x86)/Epic Games/4.13/Engine/Plugins/NetcodeUnitTest/NetcodeUnitTest/NetcodeUnitTest.uplugin
LogPluginManager: Loaded Plugin NUTUnrealEngine4, From C:/Program Files (x86)/Epic Games/4.13/Engine/Plugins/NetcodeUnitTest/NUTUnrealEngine4/NUTUnrealEngine4.uplugin
LogPluginManager: Loaded Plugin OnlineSubsystemGooglePlay, From C:/Program Files (x86)/Epic Games/4.13/Engine/Plugins/Online/Android/OnlineSubsystemGooglePlay/OnlineSubsystemGooglePlay.uplugin
LogPluginManager: Loaded Plugin OnlineSubsystemIOS, From C:/Program Files (x86)/Epic Games/4.13/Engine/Plugins/Online/IOS/OnlineSubsystemIOS/OnlineSubsystemIOS.uplugin
LogPluginManager: Loaded Plugin OnlineFramework, From C:/Program Files (x86)/Epic Games/4.13/Engine/Plugins/Online/OnlineFramework/OnlineFramework.uplugin
LogPluginManager: Loaded Plugin OnlineSubsystem, From C:/Program Files (x86)/Epic Games/4.13/Engine/Plugins/Online/OnlineSubsystem/OnlineSubsystem.uplugin
LogPluginManager: Loaded Plugin OnlineSubsystemAmazon, From C:/Program Files (x86)/Epic Games/4.13/Engine/Plugins/Online/OnlineSubsystemAmazon/OnlineSubsystemAmazon.uplugin
LogPluginManager: Loaded Plugin OnlineSubsystemFacebook, From C:/Program Files (x86)/Epic Games/4.13/Engine/Plugins/Online/OnlineSubsystemFacebook/OnlineSubsystemFacebook.uplugin
LogPluginManager: Loaded Plugin OnlineSubsystemNull, From C:/Program Files (x86)/Epic Games/4.13/Engine/Plugins/Online/OnlineSubsystemNull/OnlineSubsystemNull.uplugin
LogPluginManager: Loaded Plugin OnlineSubsystemOculus, From C:/Program Files (x86)/Epic Games/4.13/Engine/Plugins/Online/OnlineSubsystemOculus/OnlineSubsystemOculus.uplugin
LogPluginManager: Loaded Plugin OnlineSubsystemSteam, From C:/Program Files (x86)/Epic Games/4.13/Engine/Plugins/Online/OnlineSubsystemSteam/OnlineSubsystemSteam.uplugin
LogPluginManager: Loaded Plugin OnlineSubsystemUtils, From C:/Program Files (x86)/Epic Games/4.13/Engine/Plugins/Online/OnlineSubsystemUtils/OnlineSubsystemUtils.uplugin
LogPluginManager: Loaded Plugin IOSTapJoy, From C:/Program Files (x86)/Epic Games/4.13/Engine/Plugins/Runtime/Advertising/IOSTapJoy/IOSTapJoy.uplugin
LogPluginManager: Loaded Plugin AnalyticsBlueprintLibrary, From C:/Program Files (x86)/Epic Games/4.13/Engine/Plugins/Runtime/Analytics/AnalyticsBlueprintLibrary/AnalyticsBlueprintLibrary.uplugin
LogPluginManager: Loaded Plugin AnalyticsMulticast, From C:/Program Files (x86)/Epic Games/4.13/Engine/Plugins/Runtime/Analytics/AnalyticsMulticast/AnalyticsMulticast.uplugin
LogPluginManager: Loaded Plugin Apsalar, From C:/Program Files (x86)/Epic Games/4.13/Engine/Plugins/Runtime/Analytics/Apsalar/Apsalar.uplugin
LogPluginManager: Loaded Plugin FileLogging, From C:/Program Files (x86)/Epic Games/4.13/Engine/Plugins/Runtime/Analytics/FileLogging/FileLogging.uplugin
LogPluginManager: Loaded Plugin Flurry, From C:/Program Files (x86)/Epic Games/4.13/Engine/Plugins/Runtime/Analytics/Flurry/Flurry.uplugin
LogPluginManager: Loaded Plugin AndroidDeviceProfileSelector, From C:/Program Files (x86)/Epic Games/4.13/Engine/Plugins/Runtime/AndroidDeviceProfileSelector/AndroidDeviceProfileSelector.uplugin
LogPluginManager: Loaded Plugin AndroidMoviePlayer, From C:/Program Files (x86)/Epic Games/4.13/Engine/Plugins/Runtime/AndroidMoviePlayer/AndroidMoviePlayer.uplugin
LogPluginManager: Loaded Plugin AppleMoviePlayer, From C:/Program Files (x86)/Epic Games/4.13/Engine/Plugins/Runtime/AppleMoviePlayer/AppleMoviePlayer.uplugin
LogPluginManager: Loaded Plugin ArchVisCharacter, From C:/Program Files (x86)/Epic Games/4.13/Engine/Plugins/Runtime/ArchVisCharacter/ArchVisCharacter.uplugin
LogPluginManager: Loaded Plugin CableComponent, From C:/Program Files (x86)/Epic Games/4.13/Engine/Plugins/Runtime/CableComponent/CableComponent.uplugin
LogPluginManager: Loaded Plugin CustomMeshComponent, From C:/Program Files (x86)/Epic Games/4.13/Engine/Plugins/Runtime/CustomMeshComponent/CustomMeshComponent.uplugin
LogPluginManager: Loaded Plugin ExampleDeviceProfileSelector, From C:/Program Files (x86)/Epic Games/4.13/Engine/Plugins/Runtime/ExampleDeviceProfileSelector/ExampleDeviceProfileSelector.uplugin
LogPluginManager: Loaded Plugin GearVR, From C:/Program Files (x86)/Epic Games/4.13/Engine/Plugins/Runtime/GearVR/GearVR.uplugin
LogPluginManager: Loaded Plugin GoogleVRController, From C:/Program Files (x86)/Epic Games/4.13/Engine/Plugins/Runtime/GoogleVR/GoogleVRController/GoogleVRController.uplugin
LogPluginManager: Loaded Plugin GoogleVRHMD, From C:/Program Files (x86)/Epic Games/4.13/Engine/Plugins/Runtime/GoogleVR/GoogleVRHMD/GoogleVRHMD.uplugin
LogPluginManager: Loaded Plugin IOSDeviceProfileSelector, From C:/Program Files (x86)/Epic Games/4.13/Engine/Plugins/Runtime/IOSDeviceProfileSelector/IOSDeviceProfileSelector.uplugin
LogPluginManager: Loaded Plugin LeapMotion, From C:/Program Files (x86)/Epic Games/4.13/Engine/Plugins/Runtime/LeapMotion/LeapMotion.uplugin
LogPluginManager: Loaded Plugin LinuxDeviceProfileSelector, From C:/Program Files (x86)/Epic Games/4.13/Engine/Plugins/Runtime/LinuxDeviceProfileSelector/LinuxDeviceProfileSelector.uplugin
LogPluginManager: Loaded Plugin LiveEditorListenServer, From C:/Program Files (x86)/Epic Games/4.13/Engine/Plugins/Runtime/LiveEditorListenServer/LiveEditorListenServer.uplugin
LogPluginManager: Loaded Plugin OculusAudio, From C:/Program Files (x86)/Epic Games/4.13/Engine/Plugins/Runtime/OculusAudio/OculusAudio.uplugin
LogPluginManager: Loaded Plugin OculusInput, From C:/Program Files (x86)/Epic Games/4.13/Engine/Plugins/Runtime/OculusInput/OculusInput.uplugin
LogPluginManager: Loaded Plugin OculusLibrary, From C:/Program Files (x86)/Epic Games/4.13/Engine/Plugins/Runtime/OculusLibrary/OculusLibrary.uplugin
LogPluginManager: Loaded Plugin OculusRift, From C:/Program Files (x86)/Epic Games/4.13/Engine/Plugins/Runtime/OculusRift/OculusRift.uplugin
LogPluginManager: Loaded Plugin Oodle, From C:/Program Files (x86)/Epic Games/4.13/Engine/Plugins/Runtime/PacketHandlers/CompressionComponents/Oodle/Oodle.uplugin
LogPluginManager: Loaded Plugin ProceduralMeshComponent, From C:/Program Files (x86)/Epic Games/4.13/Engine/Plugins/Runtime/ProceduralMeshComponent/ProceduralMeshComponent.uplugin
LogPluginManager: Loaded Plugin SoundMod, From C:/Program Files (x86)/Epic Games/4.13/Engine/Plugins/Runtime/SoundMod/SoundMod.uplugin
LogPluginManager: Loaded Plugin SoundVisualizations, From C:/Program Files (x86)/Epic Games/4.13/Engine/Plugins/Runtime/SoundVisualizations/SoundVisualizations.uplugin
LogPluginManager: Loaded Plugin SteamController, From C:/Program Files (x86)/Epic Games/4.13/Engine/Plugins/Runtime/Steam/SteamController/SteamController.uplugin
LogPluginManager: Loaded Plugin SteamVR, From C:/Program Files (x86)/Epic Games/4.13/Engine/Plugins/Runtime/Steam/SteamVR/SteamVR.uplugin
LogPluginManager: Loaded Plugin WebBrowserWidget, From C:/Program Files (x86)/Epic Games/4.13/Engine/Plugins/Runtime/WebBrowserWidget/WebBrowserWidget.uplugin
LogPluginManager: Loaded Plugin WindowsDeviceProfileSelector, From C:/Program Files (x86)/Epic Games/4.13/Engine/Plugins/Runtime/WindowsDeviceProfileSelector/WindowsDeviceProfileSelector.uplugin
LogPluginManager: Loaded Plugin WindowsMoviePlayer, From C:/Program Files (x86)/Epic Games/4.13/Engine/Plugins/Runtime/WindowsMoviePlayer/WindowsMoviePlayer.uplugin
LogPluginManager: Loaded Plugin ScriptPlugin, From C:/Program Files (x86)/Epic Games/4.13/Engine/Plugins/ScriptPlugin/ScriptPlugin.uplugin
LogPluginManager: Loaded Plugin SlateRemote, From C:/Program Files (x86)/Epic Games/4.13/Engine/Plugins/Slate/SlateRemote/SlateRemote.uplugin
LogInit: Using libcurl 7.47.1
LogInit:  - built for x86_64-pc-win32
LogInit:  - supports SSL with WinSSL
LogInit:  - other features:
LogInit:      CURL_VERSION_SSL
LogInit:      CURL_VERSION_IPV6
LogInit:      CURL_VERSION_ASYNCHDNS
LogInit:      CURL_VERSION_LARGEFILE
LogInit:      CURL_VERSION_IDN
LogInit:  CurlRequestOptions (configurable via config and command line):
LogInit:  - bVerifyPeer = false  - Libcurl will NOT verify peer certificate
LogInit:  - bUseHttpProxy = false  - Libcurl will NOT use HTTP proxy
LogInit:  - bDontReuseConnections = false  - Libcurl will reuse connections
LogInit:  - CertBundlePath = nullptr  - Libcurl will use whatever was configured at build time.
LogInit: Build: ++UE4+Release-4.13-CL-3172292
LogInit: Engine Version: 4.13.2-3172292+++UE4+Release-4.13
LogInit: Compatible Engine Version: 4.13.0-3106830+++UE4+Release-4.13
LogInit: Net CL: 3172292
LogDevObjectVersion: Number of dev versions registered: 13
LogDevObjectVersion:   Dev-Blueprints (B0D832E4-1F89-4F0D-ACCF-7EB736FD4AA2): 5
LogDevObjectVersion:   Dev-Build (E1C64328-A22C-4D53-A36C-8E866417BD8C): 0
LogDevObjectVersion:   Dev-Core (375EC13C-06E4-48FB-B500-84F0262A717E): 1
LogDevObjectVersion:   Dev-Editor (E4B068ED-F494-42E9-A231-DA0B2E46BB41): 6
LogDevObjectVersion:   Dev-Framework (CFFC743F-43B0-4480-9391-14DF171D2073): 12
LogDevObjectVersion:   Dev-Mobile (B02B49B5-BB20-44E9-A304-32B752E40360): 0
LogDevObjectVersion:   Dev-Networking (A4E4105C-59A1-49B5-A7C5-40C4547EDFEE): 0
LogDevObjectVersion:   Dev-Online (39C831C9-5AE6-47DC-9A44-9C173E1C8E7C): 0
LogDevObjectVersion:   Dev-Physics (78F01B33-EBEA-4F98-B9B4-84EACCB95AA2): 0
LogDevObjectVersion:   Dev-Platform (6631380F-2D4D-43E0-8009-CF276956A95A): 0
LogDevObjectVersion:   Dev-Rendering (12F88B9F-8875-4AFC-A67C-D90C383ABD29): 4
LogDevObjectVersion:   Dev-Sequencer (7B5AE74C-D270-4C10-A958-57980B212A5A): 0
LogDevObjectVersion:   Dev-VR (D7296918-1DD6-4BDD-9DE2-64A83CC13884): 0
LogInit: Compiled (64-bit): Oct 24 2016 14:29:06
LogInit: Compiled with Visual C++: 19.00.23026.00
LogInit: Build Configuration: Development
LogInit: Branch Name: ++UE4+Release-4.13
LogInit: Command line:  
LogInit: Base directory: C:/Program Files (x86)/Epic Games/4.13/Engine/Binaries/Win64/
LogInit: Installed Engine Build: 1
LogInit: Presizing for max 8388607 objects, including 0 objects not considered by GC, pre-allocating 0 bytes for permanent pool.
LogInit: Object subsystem initialized
[2016.12.19-20.25.28:018][  0]LogInit: Selected Device Profile: [Windows]
[2016.12.19-20.25.28:018][  0]LogInit: Applying CVar settings loaded from the selected device profile: [Windows]
[2016.12.19-20.25.28:041][  0]LogInit: Computer: MEDION-PC
[2016.12.19-20.25.28:041][  0]LogInit: User: usuario
[2016.12.19-20.25.28:041][  0]LogInit: CPU Page size=65536, Cores=2
[2016.12.19-20.25.28:041][  0]LogInit: High frequency timer resolution =3.411596 MHz
[2016.12.19-20.25.28:041][  0]LogMemory: Memory total: Physical=15.9GB (16GB approx)
[2016.12.19-20.25.28:041][  0]LogMemory: Platform Memory Stats for Windows
[2016.12.19-20.25.28:041][  0]LogMemory: Process Physical Memory: 256.92 MB used, 256.92 MB peak
[2016.12.19-20.25.28:041][  0]LogMemory: Process Virtual Memory: 259.84 MB used, 259.84 MB peak
[2016.12.19-20.25.28:041][  0]LogMemory: Physical Memory: 7015.66 MB used, 16301.30 MB total
[2016.12.19-20.25.28:041][  0]LogMemory: Virtual Memory: 607.44 MB used, 134217728.00 MB total
[2016.12.19-20.25.28:082][  0]LogInit: Overriding culture en w/ editor configuration.
[2016.12.19-20.25.28:965][  0]LogD3D11RHI: D3D11 adapters:
[2016.12.19-20.25.29:693][  0]LogD3D11RHI:    0. 'NVIDIA GeForce GTX 745' (Feature Level 11_0)
[2016.12.19-20.25.29:693][  0]LogD3D11RHI:       4034/0/8150 MB DedicatedVideo/DedicatedSystem/SharedSystem, Outputs:2, VendorId:0x10de
[2016.12.19-20.25.29:696][  0]LogD3D11RHI:    1. 'Microsoft Basic Render Driver' (Feature Level 11_0)
[2016.12.19-20.25.29:696][  0]LogD3D11RHI:       0/0/8150 MB DedicatedVideo/DedicatedSystem/SharedSystem, Outputs:0, VendorId:0x1414
[2016.12.19-20.25.29:696][  0]LogD3D11RHI: Chosen D3D11 Adapter: 0
[2016.12.19-20.25.29:706][  0]LogD3D11RHI: Creating new Direct3DDevice
[2016.12.19-20.25.29:706][  0]LogD3D11RHI:     GPU DeviceId: 0x1382 (for the marketing name, search the web for "GPU Device Id")
[2016.12.19-20.25.29:706][  0]LogWindows: EnumDisplayDevices:
[2016.12.19-20.25.29:706][  0]LogWindows:    0. 'NVIDIA GeForce GTX 745' (P:1 D:1)
[2016.12.19-20.25.29:707][  0]LogWindows:    1. 'NVIDIA GeForce GTX 745' (P:0 D:1)
[2016.12.19-20.25.29:707][  0]LogWindows: DebugString: FoundDriverCount:2 
[2016.12.19-20.25.29:707][  0]LogD3D11RHI:     Adapter Name: NVIDIA GeForce GTX 745
[2016.12.19-20.25.29:707][  0]LogD3D11RHI:   Driver Version: 368.39 (internal:10.18.13.6839, unified:368.39)
[2016.12.19-20.25.29:707][  0]LogD3D11RHI:      Driver Date: 6-2-2016
[2016.12.19-20.25.29:707][  0]LogRHI: Texture pool is 1361 MB (70% of 1945 MB)
[2016.12.19-20.25.30:827][  0]LogD3D11RHI: Async texture creation enabled
[2016.12.19-20.25.30:880][  0]LogD3D11RHI: GPU Timing Frequency: 1000.000000 (Debug: 2 1)
[2016.12.19-20.25.30:881][  0]LogShaderCompilers: Guid format shader working directory is -25 characters bigger than the processId version (../../../../../../Users/usuario/Desktop/VANsGame/Mechanics/BasicMechanics/Intermediate/Shaders/WorkingDirectory/9356/).
[2016.12.19-20.25.30:881][  0]LogShaderCompilers: Cleaned the shader compiler working directory 'C:/Users/usuario/AppData/Local/Temp/UnrealShaderWorkingDir/4D44F6A1444C61895AE1118F6B72E4F6/'.
[2016.12.19-20.25.30:881][  0]LogShaderCompilers:Display: Using Local Shader Compiler.
[2016.12.19-20.25.32:636][  0]LogTemp:Display: Loaded TP AllDesktopTargetPlatform
[2016.12.19-20.25.32:652][  0]LogTemp:Display: Loaded TP WindowsClientTargetPlatform
[2016.12.19-20.25.32:665][  0]LogTemp:Display: Loaded TP WindowsNoEditorTargetPlatform
[2016.12.19-20.25.32:683][  0]LogTemp:Display: Loaded TP WindowsServerTargetPlatform
[2016.12.19-20.25.32:699][  0]LogTemp:Display: Loaded TP WindowsTargetPlatform
[2016.12.19-20.25.32:710][  0]LogTemp:Display: Loaded TP AndroidTargetPlatform
[2016.12.19-20.25.32:723][  0]LogTemp:Display: Loaded TP Android_ASTCTargetPlatform
[2016.12.19-20.25.32:734][  0]LogTemp:Display: Loaded TP Android_ATCTargetPlatform
[2016.12.19-20.25.32:745][  0]LogTemp:Display: Loaded TP Android_DXTTargetPlatform
[2016.12.19-20.25.32:757][  0]LogTemp:Display: Loaded TP Android_ETC1TargetPlatform
[2016.12.19-20.25.32:769][  0]LogTemp:Display: Loaded TP Android_ETC2TargetPlatform
[2016.12.19-20.25.32:791][  0]LogTemp:Display: Loaded TP Android_MultiTargetPlatform
[2016.12.19-20.25.32:791][  0]LogTemp:Display: Loaded TP Android_PVRTCTargetPlatform
[2016.12.19-20.25.32:793][  0]LogTemp:Display: Loaded TP HTML5TargetPlatform
[2016.12.19-20.25.32:819][  0]LogTemp:Display: Loaded TP IOSTargetPlatform
[2016.12.19-20.25.32:829][  0]LogTemp:Display: Loaded TP TVOSTargetPlatform
[2016.12.19-20.25.32:839][  0]LogTemp:Display: Loaded TP LinuxClientTargetPlatform
[2016.12.19-20.25.32:850][  0]LogTemp:Display: Loaded TP LinuxNoEditorTargetPlatform
[2016.12.19-20.25.32:861][  0]LogTemp:Display: Loaded TP LinuxServerTargetPlatform
[2016.12.19-20.25.32:872][  0]LogTemp:Display: Loaded TP LinuxTargetPlatform
[2016.12.19-20.25.32:872][  0]LogTargetPlatformManager:Display: Building Assets For Windows
[2016.12.19-20.25.33:010][  0]LogDerivedDataCache:Display: Max Cache Size: 512 MB
[2016.12.19-20.25.33:177][  0]LogDerivedDataCache: Loaded boot cache 0.16s 62MB C:/Users/usuario/AppData/Local/UnrealEngine/4.13/DerivedDataCache/Boot.ddc.
[2016.12.19-20.25.33:180][  0]LogDerivedDataCache:Display: Loaded Boot cache: C:/Users/usuario/AppData/Local/UnrealEngine/4.13/DerivedDataCache/Boot.ddc
[2016.12.19-20.25.33:180][  0]LogDerivedDataCache: FDerivedDataBackendGraph:  Pak pak cache file ../../../../../../Users/usuario/Desktop/VANsGame/Mechanics/BasicMechanics/DerivedDataCache/DDC.ddp not found, will not use a pak cache.
[2016.12.19-20.25.33:180][  0]LogDerivedDataCache: Unable to find inner node Pak for hierarchical cache Hierarchy.
[2016.12.19-20.25.33:181][  0]LogDerivedDataCache: FDerivedDataBackendGraph:  CompressedPak pak cache file ../../../../../../Users/usuario/Desktop/VANsGame/Mechanics/BasicMechanics/DerivedDataCache/Compressed.ddp not found, will not use a pak cache.
[2016.12.19-20.25.33:181][  0]LogDerivedDataCache: Unable to find inner node CompressedPak for hierarchical cache Hierarchy.
[2016.12.19-20.25.33:205][  0]LogDerivedDataCache:Display: Pak cache opened for reading ../../../Engine/DerivedDataCache/Compressed.ddp.
[2016.12.19-20.25.33:218][  0]LogDerivedDataCache: Using Local data cache path C:/Users/usuario/AppData/Local/UnrealEngine/Common/DerivedDataCache: Writable
[2016.12.19-20.25.33:584][  0]LogInit: Selected Device Profile: [Windows]
[2016.12.19-20.25.33:590][  0]LogContentStreaming: Texture pool size is 0.00 MB
[2016.12.19-20.25.33:736][  0]LogMeshUtilities: No automatic mesh reduction module available
[2016.12.19-20.25.33:736][  0]LogMeshUtilities: No automatic mesh merging module available
[2016.12.19-20.25.33:736][  0]LogMeshUtilities: No distributed automatic mesh merging module available
[2016.12.19-20.25.33:856][  0]LogMaterial: Uniform references updated for custom material expression Custom.
[2016.12.19-20.25.34:430][  0]LogNetVersion: GetLocalNetworkVersion: CL: 3106830, ProjectName: basicmechanics, ProjectVersion: , EngineNetworkVersion: 1, GameNetworkVersion: 0, NetworkChecksum: 4162402595
[2016.12.19-20.25.34:478][  0]LogAssetRegistry: FAssetRegistry took 0.0226 seconds to start up
[2016.12.19-20.25.34:520][  0]LogPackageLocalizationCache: Processed 3 localized package path(s) for 1 prioritized culture(s) in 0.035676 seconds
[2016.12.19-20.25.34:531][  0]LogUObjectArray: 29780 objects as part of root set at end of initial load.
[2016.12.19-20.25.34:531][  0]LogUObjectAllocator: 6126008 out of 0 bytes used by permanent object pool.
[2016.12.19-20.25.34:531][  0]LogUObjectArray: CloseDisregardForGC: 0/0 objects in disregard for GC pool
[2016.12.19-20.25.34:545][  0]LogInit: WinSock: version 1.1 (2.2), MaxSocks=32767, MaxUdp=65467
[2016.12.19-20.25.34:891][  0]LogSlate: SlateFontCache - WITH_FREETYPE: 1, WITH_HARFBUZZ: 1
[2016.12.19-20.25.34:891][  0]LogSlate: SlateFontCache - WITH_FREETYPE: 1, WITH_HARFBUZZ: 1
[2016.12.19-20.25.36:066][  0]LogTcpMessaging: Initializing TcpMessaging bridge
[2016.12.19-20.25.36:095][  0]LogUdpMessaging: Initializing bridge on interface 0.0.0.0:0 to multicast group 230.0.0.1:6666.
[2016.12.19-20.25.36:475][  0]SourceControl: Info Source control is disabled
[2016.12.19-20.25.36:477][  0]SourceControl: Info Source control is disabled
[2016.12.19-20.25.36:495][  0]SourceControl: Info Source control is disabled
[2016.12.19-20.25.36:509][  0]SourceControl: Info Source control is disabled
[2016.12.19-20.25.37:101][  0]LogEngine: Initializing Engine...
[2016.12.19-20.25.37:101][  0]LogHMD: Failed to initialize OpenVR with code 110
[2016.12.19-20.25.37:337][  0]LogAIModule: Creating AISystem for world Untitled
[2016.12.19-20.25.37:349][  0]LogInit: XAudio2 using 'Speakers (Realtek High Definition Audio)' : 2 channels at 48 kHz using 32 bits per sample (channel mask 0x3)
[2016.12.19-20.25.37:388][  0]LogInit: FAudioDevice initialized.
[2016.12.19-20.25.37:467][  0]LogDerivedDataCache: Saved boot cache 0.08s 62MB C:/Users/usuario/AppData/Local/UnrealEngine/4.13/DerivedDataCache/Boot.ddc.
[2016.12.19-20.25.37:486][  0]LogInit: Texture streaming: Enabled
[2016.12.19-20.25.37:528][  0]LogInit: Transaction tracking system initialized
[2016.12.19-20.25.37:562][  0]BlueprintLog: New page: Editor Load
[2016.12.19-20.25.37:736][  0]LocalizationService: Info Localization service is disabled
[2016.12.19-20.25.37:852][  0]LogConsoleResponse:Display: 
[2016.12.19-20.25.38:048][  0]LogCook:Display: Max memory allowance for cook 16384mb min free memory 0mb
[2016.12.19-20.25.38:048][  0]LogCook:Display: Mobile HDR setting 1
[2016.12.19-20.25.38:161][  0]LogFileCache: Scanning file cache for directory 'C:/Users/usuario/Desktop/VANsGame/Mechanics/BasicMechanics/Content/' took 0.03s
[2016.12.19-20.25.38:386][  0]SourceControl: Info Source control is disabled
[2016.12.19-20.25.38:387][  0]Cmd: MAP LOAD FILE="../../../../../../Users/usuario/Desktop/VANsGame/Mechanics/BasicMechanics/Content/StarterContent/Maps/Minimal_Default.umap" TEMPLATE=0 SHOWPROGRESS=1 FEATURELEVEL=3
[2016.12.19-20.25.38:510][  0]LightingResults: New page: Lighting Build
[2016.12.19-20.25.38:514][  0]MapCheck: New page: Map Check
[2016.12.19-20.25.38:514][  0]LightingResults: New page: Lighting Build
[2016.12.19-20.25.46:571][  0]LogAIModule: Creating AISystem for world Minimal_Default
[2016.12.19-20.25.46:801][  0]LogEditorServer: Finished looking for orphan Actors (0.000 secs)
[2016.12.19-20.25.46:802][  0]Cmd: MAP CHECKDEP NOCLEARLOG
[2016.12.19-20.25.46:869][  0]MapCheck: Info Map check complete: 0 Error(s), 0 Warning(s), took 66.56ms to complete.
[2016.12.19-20.25.46:869][  0]LogFileHelpers: Loading map 'Minimal_Default' took 8.482
[2016.12.19-20.25.47:199][  0]LogCollectionManager: Loaded 0 collections in 0.003135 seconds
[2016.12.19-20.25.47:250][  0]LogFileCache: Scanning file cache for directory 'C:/Users/usuario/Desktop/VANsGame/Mechanics/BasicMechanics/Saved/Collections/' took 0.01s
[2016.12.19-20.25.47:250][  0]LogFileCache: Scanning file cache for directory 'C:/Users/usuario/Desktop/VANsGame/Mechanics/BasicMechanics/Content/Developers/usuario/Collections/' took 0.01s
[2016.12.19-20.25.47:250][  0]LogFileCache: Scanning file cache for directory 'C:/Users/usuario/Desktop/VANsGame/Mechanics/BasicMechanics/Content/Collections/' took 0.01s
[2016.12.19-20.25.47:250][  0]LogCollectionManager: Rebuilt the GUID cache for 0 collections in 0.000004 seconds
[2016.12.19-20.25.47:265][  0]LogContentBrowser: Native class hierarchy populated in 0.0143 seconds. Added 2148 classes and 417 folders.
[2016.12.19-20.25.47:272][  0]LogStats: UGameplayTagsManager::ConstructGameplayTagTree: Construct from data asset -  0.000 s
[2016.12.19-20.25.47:272][  0]LogStats: UGameplayTagsManager::ConstructGameplayTagTree: GameplayTagTreeChangedEvent.Broadcast -  0.000 s
[2016.12.19-20.25.47:273][  0]LogContentBrowser: Native class hierarchy updated for 'GameplayTags' in 0.0008 seconds. Added 12 classes and 0 folders.
[2016.12.19-20.25.47:281][  0]LogContentBrowser: Native class hierarchy updated for 'WidgetCarousel' in 0.0008 seconds. Added 0 classes and 0 folders.
[2016.12.19-20.25.51:946][  0]LogContentBrowser: Native class hierarchy updated for 'AddContentDialog' in 0.0009 seconds. Added 0 classes and 0 folders.
[2016.12.19-20.25.51:954][  0]LogContentBrowser: Native class hierarchy updated for 'SceneOutliner' in 0.0008 seconds. Added 1 classes and 2 folders.
[2016.12.19-20.25.52:034][  0]LogCrashTracker: Crashtracker disabled due to settings.
[2016.12.19-20.25.52:043][  0]LogUObjectGlobals:Warning: Failed to find object 'Class None.'
[2016.12.19-20.25.52:198][  0]LogContentBrowser: Native class hierarchy updated for 'HierarchicalLODOutliner' in 0.0008 seconds. Added 1 classes and 2 folders.
[2016.12.19-20.25.52:198][  0]LogLoad: (Engine Initialization) Total time: 25.85 seconds
[2016.12.19-20.25.52:198][  0]LogLoad: (Engine Initialization) Total Blueprint compile time: 0.09 seconds
[2016.12.19-20.25.52:198][  0]LogExternalProfiler: Found external profiler: VSPerf
[2016.12.19-20.25.52:198][  0]LogExternalProfiler: Using external profiler: VSPerf
[2016.12.19-20.25.52:208][  0]LogWindowsTextInputMethodSystem:Display: IME system now deactivated.
[2016.12.19-20.25.52:208][  0]LogOcInput: OculusInput pre-init called
[2016.12.19-20.25.52:228][  0]LogContentStreaming: Texture pool size now 800 MB
[2016.12.19-20.25.52:831][  0]LogRenderer: Reallocating scene render targets to support 1116x664 (Frame:2).
[2016.12.19-20.26.08:229][969]LogCollectionManager: Rebuilt the object cache for 0 collections in 0.000001 seconds (found 0 objects)
[2016.12.19-20.26.12:530][ 11]LogBlueprint:Warning: [Compiler Answers] Warning 'Item' is already a 'NPC', you don't need  K2Node_DynamicCast_0 .
[2016.12.19-20.26.12:530][ 11]LogBlueprint:Warning: [Compiler Answers] Warning 'Item' is already a 'NPC', you don't need  K2Node_DynamicCast_15 .
[2016.12.19-20.26.12:530][ 11]LogBlueprint:Warning: [Compiler Answers] Warning 'Item' is already a 'NPC', you don't need  K2Node_DynamicCast_2 .
[2016.12.19-20.26.12:548][ 11]LogBlueprint:Warning: [Compiler Answers] Warning [0046.20] Compile of Answers successful, but with 3 Warning(s) [in 28 ms] (/Game/Elements/NPCDialogue/Answers.Answers)
[2016.12.19-20.26.12:548][ 11]LogBlueprint:Warning: [Compiler Answers] Warning [0046.20] Compile of Answers successful, but with 4 Warning(s) [in 0 ms] (/Game/Elements/NPCDialogue/Answers.Answers)
[2016.12.19-20.26.12:548][ 11]LogBlueprint:Warning: [Compiler Answers] Warning [0046.20] Compile of Answers successful, but with 5 Warning(s) [in 0 ms] (/Game/Elements/NPCDialogue/Answers.Answers)
[2016.12.19-20.26.12:588][ 11]LogBlueprint:Warning: [Compiler Answers] Warning 'Item' is already a 'NPC', you don't need  K2Node_DynamicCast_0 .
[2016.12.19-20.26.12:588][ 11]LogBlueprint:Warning: [Compiler Answers] Warning 'Item' is already a 'NPC', you don't need  K2Node_DynamicCast_15 .
[2016.12.19-20.26.12:588][ 11]LogBlueprint:Warning: [Compiler Answers] Warning 'Item' is already a 'NPC', you don't need  K2Node_DynamicCast_2 .
[2016.12.19-20.26.12:601][ 11]LogBlueprint:Warning: [Compiler Answers] Warning [0046.25] Compile of Answers successful, but with 3 Warning(s) [in 23 ms] (/Game/Elements/NPCDialogue/Answers.Answers)
[2016.12.19-20.26.12:601][ 11]LogBlueprint:Warning: [Compiler Answers] Warning [0046.25] Compile of Answers successful, but with 4 Warning(s) [in 0 ms] (/Game/Elements/NPCDialogue/Answers.Answers)
[2016.12.19-20.26.12:601][ 11]LogBlueprint:Warning: [Compiler Answers] Warning [0046.25] Compile of Answers successful, but with 5 Warning(s) [in 0 ms] (/Game/Elements/NPCDialogue/Answers.Answers)
[2016.12.19-20.26.20:845][ 11]LogAIModule: Creating AISystem for world Tests
[2016.12.19-20.26.20:949][ 11]Cmd: MAP LOAD FILE="../../../../../../Users/usuario/Desktop/VANsGame/Mechanics/BasicMechanics/Content/Levels/Tests.umap" TEMPLATE=0 SHOWPROGRESS=1 FEATURELEVEL=3
[2016.12.19-20.26.20:949][ 11]LightingResults: New page: Lighting Build
[2016.12.19-20.26.20:950][ 11]LoadErrors: New page: Loading map: Tests.umap
[2016.12.19-20.26.20:951][ 11]MapCheck: New page: Map Check
[2016.12.19-20.26.20:951][ 11]LightingResults: New page: Lighting Build
[2016.12.19-20.26.21:115][ 11]LogSkeletalMesh: UPhysicsAssetInstance::InitInstance : Could not find root physics body: CharacterMesh0
[2016.12.19-20.26.21:115][ 11]LogSkeletalMesh: UPhysicsAssetInstance::InitInstance : Could not find root physics body: CharacterMesh0
[2016.12.19-20.26.21:115][ 11]LogSkeletalMesh: UPhysicsAssetInstance::InitInstance : Could not find root physics body: CharacterMesh0
[2016.12.19-20.26.21:281][ 11]LogEditorServer: Finished looking for orphan Actors (0.000 secs)
[2016.12.19-20.26.21:397][ 11]Cmd: MAP CHECKDEP NOCLEARLOG
[2016.12.19-20.26.21:498][ 11]MapCheck: Info Map check complete: 0 Error(s), 0 Warning(s), took 101.142ms to complete.
[2016.12.19-20.26.21:498][ 11]LogFileHelpers: Loading map 'Tests' took 0.551
[2016.12.19-20.27.00:434][240]LogAssetRegistry: Asset discovery search completed in 85.9792 seconds
[2016.12.19-20.27.00:434][240]LogCollectionManager: Fixed up redirectors for 0 collections in 0.000013 seconds (updated 0 objects)
[2016.12.19-22.58.46:233][265]LogHttp:Warning: 000002419CC88100: request failed, libcurl error: 6 (Couldn't resolve host name)
[2016.12.19-22.58.46:233][265]LogHttp:Warning: 000002419CC88100: libcurl info message cache 1 (Connection 1 seems to be dead!)
[2016.12.19-22.58.46:233][265]LogHttp:Warning: 000002419CC88100: libcurl info message cache 2 (Closing connection 1)
[2016.12.19-22.58.46:233][265]LogHttp:Warning: 000002419CC88100: libcurl info message cache 3 (schannel: shutting down SSL/TLS connection with datarouter.ol.epicgames.com port 443)
[2016.12.19-22.58.46:233][265]LogHttp:Warning: 000002419CC88100: libcurl info message cache 4 (schannel: clear security context handle)
[2016.12.19-22.58.46:233][265]LogHttp:Warning: 000002419CC88100: libcurl info message cache 5 (schannel: decremented credential handle refcount = 0)
[2016.12.19-22.58.46:233][265]LogHttp:Warning: 000002419CC88100: libcurl info message cache 6 (Connection 0 seems to be dead!)
[2016.12.19-22.58.46:233][265]LogHttp:Warning: 000002419CC88100: libcurl info message cache 7 (Closing connection 0)
[2016.12.19-22.58.46:233][265]LogHttp:Warning: 000002419CC88100: libcurl info message cache 8 (Could not resolve host: datarouter.ol.epicgames.com)
[2016.12.19-22.58.46:233][265]LogHttp:Warning: 000002419CC88100: libcurl info message cache 9 (Closing connection 2)
[2016.12.19-23.19.26:265][497]LogSavePackage: Save=16.24ms
[2016.12.19-23.19.26:265][497]LogSavePackage: Moving '../../../../../../Users/usuario/Desktop/VANsGame/Mechanics/BasicMechanics/Saved/DarkForest114BAF0540A754042D9CCEADAB39B1BA.tmp' to '../../../../../../Users/usuario/Desktop/VANsGame/Mechanics/BasicMechanics/Content/Levels/DarkForest.umap'
[2016.12.19-23.19.26:274][497]LogSavePackage:Display: Finished SavePackage ../../../../../../Users/usuario/Desktop/VANsGame/Mechanics/BasicMechanics/Content/Levels/DarkForest.umap
[2016.12.19-23.19.26:276][497]LogFileHelpers: Saving map 'DarkForest' took 0.185
[2016.12.19-23.19.27:195][555]Cmd: MAP LOAD FILE="../../../../../../Users/usuario/Desktop/VANsGame/Mechanics/BasicMechanics/Content/Levels/DarkForest.umap" TEMPLATE=0 SHOWPROGRESS=1 FEATURELEVEL=3
[2016.12.19-23.19.27:195][555]LightingResults: New page: Lighting Build
[2016.12.19-23.19.27:196][555]LoadErrors: New page: Loading map: DarkForest.umap
[2016.12.19-23.19.27:200][555]MapCheck: New page: Map Check
[2016.12.19-23.19.27:200][555]LightingResults: New page: Lighting Build
[2016.12.19-23.19.27:329][555]LogEditorServer: Finished looking for orphan Actors (0.000 secs)
[2016.12.19-23.19.27:330][555]LogAIModule: Creating AISystem for world DarkForest
[2016.12.19-23.19.27:441][555]Cmd: MAP CHECKDEP NOCLEARLOG
[2016.12.19-23.19.27:547][555]MapCheck: Info Map check complete: 0 Error(s), 0 Warning(s), took 105.606ms to complete.
[2016.12.19-23.19.27:548][555]LogFileHelpers: Loading map 'DarkForest' took 0.356
[2016.12.19-23.20.54:318][ 93]LogAIModule: Creating AISystem for world Tests
[2016.12.19-23.20.54:384][ 93]Cmd: MAP LOAD FILE="../../../../../../Users/usuario/Desktop/VANsGame/Mechanics/BasicMechanics/Content/Levels/Tests.umap" TEMPLATE=0 SHOWPROGRESS=1 FEATURELEVEL=3
[2016.12.19-23.20.54:384][ 93]LightingResults: New page: Lighting Build
[2016.12.19-23.20.54:385][ 93]LoadErrors: New page: Loading map: Tests.umap
[2016.12.19-23.20.54:385][ 93]MapCheck: New page: Map Check
[2016.12.19-23.20.54:385][ 93]LightingResults: New page: Lighting Build
[2016.12.19-23.20.54:425][ 93]LogSkeletalMesh: UPhysicsAssetInstance::InitInstance : Could not find root physics body: CharacterMesh0
[2016.12.19-23.20.54:425][ 93]LogSkeletalMesh: UPhysicsAssetInstance::InitInstance : Could not find root physics body: CharacterMesh0
[2016.12.19-23.20.54:425][ 93]LogSkeletalMesh: UPhysicsAssetInstance::InitInstance : Could not find root physics body: CharacterMesh0
[2016.12.19-23.20.54:624][ 93]LogEditorServer: Finished looking for orphan Actors (0.000 secs)
[2016.12.19-23.20.54:730][ 93]Cmd: MAP CHECKDEP NOCLEARLOG
[2016.12.19-23.20.54:830][ 93]MapCheck: Info Map check complete: 0 Error(s), 0 Warning(s), took 100.376ms to complete.
[2016.12.19-23.20.54:832][ 93]LogFileHelpers: Loading map 'Tests' took 0.450
[2016.12.19-23.20.56:013][174]LogEditorViewport: Clicking on Actor (LMB): StaticMeshActor (Floor)
[2016.12.19-23.21.20:549][852]LogEditorViewport: Clicking on Actor (LMB): StaticMeshActor (Floor)
[2016.12.19-23.21.24:930][155]LogBlueprintUserMessages: Early PlayInEditor Detection: Level '/Game/Levels/Tests.Tests:PersistentLevel' has LevelScriptBlueprint '/Game/Levels/Tests.Tests:PersistentLevel.Tests' with GeneratedClass '/Game/Levels/Tests.Tests_C' with ClassGeneratedBy '/Game/Levels/Tests.Tests:PersistentLevel.Tests'
[2016.12.19-23.21.24:942][155]LogPlayLevel: PlayLevel: No blueprints needed recompiling
[2016.12.19-23.21.24:980][155]PIE: New page: PIE session: Tests (Dec 20, 2016, 1:21:24 AM)
[2016.12.19-23.21.24:980][155]LogPlayLevel: Creating play world package: /Game/Levels/UEDPIE_0_Tests
[2016.12.19-23.21.25:003][155]LogPlayLevel: PIE: StaticDuplicateObject took: (0.022730s)
[2016.12.19-23.21.25:004][155]LogAIModule: Creating AISystem for world Tests
[2016.12.19-23.21.25:005][155]LogPlayLevel: PIE: World Init took: (0.002282s)
[2016.12.19-23.21.25:006][155]LogPlayLevel: PIE: Created PIE world by copying editor world from /Game/Levels/Tests.Tests to /Game/Levels/UEDPIE_0_Tests.Tests (0.025482s)
[2016.12.19-23.21.25:050][155]LogInit: XAudio2 using 'Speakers (Realtek High Definition Audio)' : 2 channels at 48 kHz using 32 bits per sample (channel mask 0x3)
[2016.12.19-23.21.25:087][155]LogInit: FAudioDevice initialized.
[2016.12.19-23.21.25:198][155]LogWorld: Game class is 'GameMode'
[2016.12.19-23.21.25:295][155]LogSkeletalMesh: UPhysicsAssetInstance::InitInstance : Could not find root physics body: CharacterMesh0
[2016.12.19-23.21.25:296][155]LogSkeletalMesh: UPhysicsAssetInstance::InitInstance : Could not find root physics body: CharacterMesh0
[2016.12.19-23.21.25:296][155]LogSkeletalMesh: UPhysicsAssetInstance::InitInstance : Could not find root physics body: CharacterMesh0
[2016.12.19-23.21.25:297][155]LogWorld: Bringing World /Game/Levels/UEDPIE_0_Tests.Tests up for play (max tick rate 0) at 2016.12.20-00.21.25
[2016.12.19-23.21.25:332][155]LogWorld: Bringing up level for play took: 0.055361
[2016.12.19-23.21.25:363][155]LogContentBrowser: Native class hierarchy updated for 'MovieSceneCapture' in 0.0007 seconds. Added 11 classes and 0 folders.
[2016.12.19-23.21.25:364][155]LogGameMode:Display: Match State Changed from EnteringMap to WaitingToStart
[2016.12.19-23.21.25:364][155]LogGameState: Match State Changed from EnteringMap to WaitingToStart
[2016.12.19-23.21.25:364][155]LogGameMode:Display: Match State Changed from WaitingToStart to InProgress
[2016.12.19-23.21.25:365][155]LogGameState: Match State Changed from WaitingToStart to InProgress
[2016.12.19-23.21.25:365][155]PIE: Info Play in editor start time for /Game/Levels/UEDPIE_0_Tests -0.049
[2016.12.19-23.21.25:366][155]LogBlueprintUserMessages: Late PlayInEditor Detection: Level '/Game/Levels/Tests.Tests:PersistentLevel' has LevelScriptBlueprint '/Game/Levels/Tests.Tests:PersistentLevel.Tests' with GeneratedClass '/Game/Levels/Tests.Tests_C' with ClassGeneratedBy '/Game/Levels/Tests.Tests:PersistentLevel.Tests'
[2016.12.19-23.23.37:389][558]LogBlueprintUserMessages: Early EndPlayMap Detection: Level '/Game/Levels/Tests.Tests:PersistentLevel' has LevelScriptBlueprint '/Game/Levels/Tests.Tests:PersistentLevel.Tests' with GeneratedClass '/Game/Levels/Tests.Tests_C' with ClassGeneratedBy '/Game/Levels/Tests.Tests:PersistentLevel.Tests'
[2016.12.19-23.23.37:542][558]LogBlueprintUserMessages: Late EndPlayMap Detection: Level '/Game/Levels/Tests.Tests:PersistentLevel' has LevelScriptBlueprint '/Game/Levels/Tests.Tests:PersistentLevel.Tests' with GeneratedClass '/Game/Levels/Tests.Tests_C' with ClassGeneratedBy '/Game/Levels/Tests.Tests:PersistentLevel.Tests'
[2016.12.19-23.23.38:880][634]LogEditorViewport: Clicking on Actor (LMB): StaticMeshActor (Floor)
[2016.12.19-23.23.49:496][364]LogAIModule: Creating AISystem for world DarkForest
[2016.12.19-23.23.49:530][364]Cmd: MAP LOAD FILE="../../../../../../Users/usuario/Desktop/VANsGame/Mechanics/BasicMechanics/Content/Levels/DarkForest.umap" TEMPLATE=0 SHOWPROGRESS=1 FEATURELEVEL=3
[2016.12.19-23.23.49:530][364]LightingResults: New page: Lighting Build
[2016.12.19-23.23.49:531][364]LoadErrors: New page: Loading map: DarkForest.umap
[2016.12.19-23.23.49:535][364]MapCheck: New page: Map Check
[2016.12.19-23.23.49:535][364]LightingResults: New page: Lighting Build
[2016.12.19-23.23.49:687][364]LogEditorServer: Finished looking for orphan Actors (0.000 secs)
[2016.12.19-23.23.49:764][364]Cmd: MAP CHECKDEP NOCLEARLOG
[2016.12.19-23.23.49:858][364]MapCheck: Info Map check complete: 0 Error(s), 0 Warning(s), took 93.31ms to complete.
[2016.12.19-23.23.49:858][364]LogFileHelpers: Loading map 'DarkForest' took 0.329
[2016.12.19-23.24.06:207][  4]LogTexture:Display: Building textures: Texture2D_2 (G8)
[2016.12.19-23.33.50:022][655]LogSavePackage: Save=15.19ms
[2016.12.19-23.33.50:022][655]LogSavePackage: Moving '../../../../../../Users/usuario/Desktop/VANsGame/Mechanics/BasicMechanics/Saved/DarkForest_Auto1645EA74F4259AB9B0BAE63A4C14FEEB9.tmp' to '../../../../../../Users/usuario/Desktop/VANsGame/Mechanics/BasicMechanics/Saved/Autosaves/Game/Levels/DarkForest_Auto1.umap'
[2016.12.19-23.33.50:026][655]LogSavePackage:Display: Finished SavePackage ../../../../../../Users/usuario/Desktop/VANsGame/Mechanics/BasicMechanics/Saved/Autosaves/Game/Levels/DarkForest_Auto1.umap
[2016.12.19-23.33.50:030][655]LogFileHelpers: Editor autosave (incl. sublevels) for '/Game/Levels/DarkForest' took 0.129
[2016.12.19-23.33.50:030][655]LogFileHelpers: Editor autosave (incl. sublevels) for all levels took 0.129
[2016.12.19-23.53.20:986][301]AssetReimport: New page: Outstanding source content changes 1:53:20 AM
[2016.12.19-23.53.20:987][301]LogFactory: FactoryCreateFile: StaticMesh with FbxFactory (0 0 C:/Users/usuario/Desktop/VANsGame/Mechanics/BasicMechanics/Content/Elements/ForestElements/Moon.FBX)
[2016.12.19-23.53.21:442][301]LogFbx: ItemName: GlobalSettings, ItemCount : 1
[2016.12.19-23.53.21:442][301]LogFbx: ItemName: AnimationStack, ItemCount : 1
[2016.12.19-23.53.21:442][301]LogFbx: ItemName: AnimationLayer, ItemCount : 1
[2016.12.19-23.53.21:442][301]LogFbx: ItemName: Model, ItemCount : 1
[2016.12.19-23.53.21:442][301]LogFbx: ItemName: Geometry, ItemCount : 1
[2016.12.19-23.53.21:442][301]LogFbx: ItemName: Material, ItemCount : 1
[2016.12.19-23.53.21:442][301]LogFbx: ItemName: Texture, ItemCount : 1
[2016.12.19-23.53.21:442][301]LogFbx: ItemName: Video, ItemCount : 1
[2016.12.19-23.53.21:475][301]LogFbx: Loading FBX Scene from C:/Users/usuario/Desktop/VANsGame/Mechanics/BasicMechanics/Content/Elements/ForestElements/Moon.FBX
[2016.12.19-23.53.21:513][301]LogFbx: FBX Scene Loaded Succesfully
[2016.12.19-23.53.26:208][301]LogFbx: Loading FBX Scene from C:/Users/usuario/Desktop/VANsGame/Mechanics/BasicMechanics/Content/Elements/ForestElements/Moon.FBX
[2016.12.19-23.53.26:221][301]LogFbx: FBX Scene Loaded Succesfully
[2016.12.19-23.53.36:058][301]LogMaterial: Missing cached shader map for material 02_-_Default, compiling. 
[2016.12.19-23.53.36:917][301]LogStaticMesh: Building static mesh Moon...
[2016.12.19-23.53.36:943][301]LogStaticMesh: Built static mesh [0.03s] /Game/Elements/ForestElements/Moon.Moon
[2016.12.19-23.53.37:181][302]Cmd: OBJ SAVEPACKAGE PACKAGE="/Game/Elements/ForestElements/Moon" FILE="../../../../../../Users/usuario/Desktop/VANsGame/Mechanics/BasicMechanics/Content/Elements/ForestElements/Moon.uasset" SILENT=true
[2016.12.19-23.53.37:206][302]LogSavePackage: Save=21.24ms
[2016.12.19-23.53.37:206][302]LogSavePackage: Moving '../../../../../../Users/usuario/Desktop/VANsGame/Mechanics/BasicMechanics/Saved/Moon09EA0C9C42578B1CD74EF9B477F4252D.tmp' to '../../../../../../Users/usuario/Desktop/VANsGame/Mechanics/BasicMechanics/Content/Elements/ForestElements/Moon.uasset'
[2016.12.19-23.53.37:214][302]LogSavePackage:Display: Finished SavePackage ../../../../../../Users/usuario/Desktop/VANsGame/Mechanics/BasicMechanics/Content/Elements/ForestElements/Moon.uasset
[2016.12.19-23.53.40:220][516]AssetReimport: Info Importing new a