Log file open, 10/27/16 16:22:35
LogInit:Display: Running engine for game: BasicMechanics
LogPlatformFile: Not using cached read wrapper
LogInit:Display: RandInit(-271914811) SRandInit(-271914811).
LogTaskGraph: Started task graph with 5 named threads and 8 total threads with 1 sets of task threads.
LogStats: Stats thread started at 0.068729
LogPluginManager: Loaded Plugin Paper2D, From C:/Program Files (x86)/Epic Games/4.13/Engine/Plugins/2D/Paper2D/Paper2D.uplugin
LogPluginManager: Loaded Plugin LightPropagationVolume, From C:/Program Files (x86)/Epic Games/4.13/Engine/Plugins/Blendables/LightPropagationVolume/LightPropagationVolume.uplugin
LogPluginManager: Loaded Plugin BlankPlugin, From C:/Program Files (x86)/Epic Games/4.13/Engine/Plugins/Developer/BlankPlugin/BlankPlugin.uplugin
LogPluginManager: Loaded Plugin CodeLiteSourceCodeAccess, From C:/Program Files (x86)/Epic Games/4.13/Engine/Plugins/Developer/CodeLiteSourceCodeAccess/CodeLiteSourceCodeAccess.uplugin
LogPluginManager: Loaded Plugin GitSourceControl, From C:/Program Files (x86)/Epic Games/4.13/Engine/Plugins/Developer/GitSourceControl/GitSourceControl.uplugin
LogPluginManager: Loaded Plugin KDevelopSourceCodeAccess, From C:/Program Files (x86)/Epic Games/4.13/Engine/Plugins/Developer/KDevelopSourceCodeAccess/KDevelopSourceCodeAccess.uplugin
LogPluginManager: Loaded Plugin NullSourceCodeAccess, From C:/Program Files (x86)/Epic Games/4.13/Engine/Plugins/Developer/NullSourceCodeAccess/NullSourceCodeAccess.uplugin
LogPluginManager: Loaded Plugin OneSkyLocalizationService, From C:/Program Files (x86)/Epic Games/4.13/Engine/Plugins/Developer/OneSkyLocalizationService/OneSkyLocalizationService.uplugin
LogPluginManager: Loaded Plugin PerforceSourceControl, From C:/Program Files (x86)/Epic Games/4.13/Engine/Plugins/Developer/PerforceSourceControl/PerforceSourceControl.uplugin
LogPluginManager: Loaded Plugin SubversionSourceControl, From C:/Program Files (x86)/Epic Games/4.13/Engine/Plugins/Developer/SubversionSourceControl/SubversionSourceControl.uplugin
LogPluginManager: Loaded Plugin UObjectPlugin, From C:/Program Files (x86)/Epic Games/4.13/Engine/Plugins/Developer/UObjectPlugin/UObjectPlugin.uplugin
LogPluginManager: Loaded Plugin VisualStudioSourceCodeAccess, From C:/Program Files (x86)/Epic Games/4.13/Engine/Plugins/Developer/VisualStudioSourceCodeAccess/VisualStudioSourceCodeAccess.uplugin
LogPluginManager: Loaded Plugin XCodeSourceCodeAccess, From C:/Program Files (x86)/Epic Games/4.13/Engine/Plugins/Developer/XCodeSourceCodeAccess/XCodeSourceCodeAccess.uplugin
LogPluginManager: Loaded Plugin EpicSurvey, From C:/Program Files (x86)/Epic Games/4.13/Engine/Plugins/Editor/EpicSurvey/EpicSurvey.uplugin
LogPluginManager: Loaded Plugin MacGraphicsSwitching, From C:/Program Files (x86)/Epic Games/4.13/Engine/Plugins/Editor/MacGraphicsSwitching/MacGraphicsSwitching.uplugin
LogPluginManager: Loaded Plugin MobileLauncherProfileWizard, From C:/Program Files (x86)/Epic Games/4.13/Engine/Plugins/Editor/MobileLauncherProfileWizard/MobileLauncherProfileWizard.uplugin
LogPluginManager: Loaded Plugin PluginBrowser, From C:/Program Files (x86)/Epic Games/4.13/Engine/Plugins/Editor/PluginBrowser/PluginBrowser.uplugin
LogPluginManager: Loaded Plugin SpeedTreeImporter, From C:/Program Files (x86)/Epic Games/4.13/Engine/Plugins/Editor/SpeedTreeImporter/SpeedTreeImporter.uplugin
LogPluginManager: Loaded Plugin SuperSearchEditor, From C:/Program Files (x86)/Epic Games/4.13/Engine/Plugins/Editor/SuperSearchEditor/SuperSearchEditor.uplugin
LogPluginManager: Loaded Plugin AlembicImporter, From C:/Program Files (x86)/Epic Games/4.13/Engine/Plugins/Experimental/AlembicImporter/AlembicImporter.uplugin
LogPluginManager: Loaded Plugin BlueprintStats, From C:/Program Files (x86)/Epic Games/4.13/Engine/Plugins/Experimental/BlueprintStats/BlueprintStats.uplugin
LogPluginManager: Loaded Plugin CharacterAI, From C:/Program Files (x86)/Epic Games/4.13/Engine/Plugins/Experimental/CharacterAI/CharacterAI.uplugin
LogPluginManager: Loaded Plugin CodeEditor, From C:/Program Files (x86)/Epic Games/4.13/Engine/Plugins/Experimental/CodeEditor/CodeEditor.uplugin
LogPluginManager: Loaded Plugin CodeView, From C:/Program Files (x86)/Epic Games/4.13/Engine/Plugins/Experimental/CodeView/CodeView.uplugin
LogPluginManager: Loaded Plugin HTML5Networking, From C:/Program Files (x86)/Epic Games/4.13/Engine/Plugins/Experimental/HTML5Networking/HTML5Networking.uplugin
LogPluginManager: Loaded Plugin LiveEditor, From C:/Program Files (x86)/Epic Games/4.13/Engine/Plugins/Experimental/LiveEditor/LiveEditor.uplugin
LogPluginManager: Loaded Plugin OSVR, From C:/Program Files (x86)/Epic Games/4.13/Engine/Plugins/Experimental/OSVR/OSVR.uplugin
LogPluginManager: Loaded Plugin Phya, From C:/Program Files (x86)/Epic Games/4.13/Engine/Plugins/Experimental/Phya/Phya.uplugin
LogPluginManager: Loaded Plugin SignificanceManager, From C:/Program Files (x86)/Epic Games/4.13/Engine/Plugins/Experimental/SignificanceManager/SignificanceManager.uplugin
LogPluginManager: Loaded Plugin SimpleHMD, From C:/Program Files (x86)/Epic Games/4.13/Engine/Plugins/Experimental/SimpleHMD/SimpleHMD.uplugin
LogPluginManager: Loaded Plugin StereoPanorama, From C:/Program Files (x86)/Epic Games/4.13/Engine/Plugins/Experimental/StereoPanorama/StereoPanorama.uplugin
LogPluginManager: Loaded Plugin StructBox, From C:/Program Files (x86)/Epic Games/4.13/Engine/Plugins/Experimental/StructBox/StructBox.uplugin
LogPluginManager: Loaded Plugin AndroidMedia, From C:/Program Files (x86)/Epic Games/4.13/Engine/Plugins/Media/AndroidMedia/AndroidMedia.uplugin
LogPluginManager: Loaded Plugin AvfMedia, From C:/Program Files (x86)/Epic Games/4.13/Engine/Plugins/Media/AvfMedia/AvfMedia.uplugin
LogPluginManager: Loaded Plugin MediaPlayerEditor, From C:/Program Files (x86)/Epic Games/4.13/Engine/Plugins/Media/MediaPlayerEditor/MediaPlayerEditor.uplugin
LogPluginManager: Loaded Plugin WmfMedia, From C:/Program Files (x86)/Epic Games/4.13/Engine/Plugins/Media/WmfMedia/WmfMedia.uplugin
LogPluginManager: Loaded Plugin MessagingDebugger, From C:/Program Files (x86)/Epic Games/4.13/Engine/Plugins/Messaging/MessagingDebugger/MessagingDebugger.uplugin
LogPluginManager: Loaded Plugin TcpMessaging, From C:/Program Files (x86)/Epic Games/4.13/Engine/Plugins/Messaging/TcpMessaging/TcpMessaging.uplugin
LogPluginManager: Loaded Plugin UdpMessaging, From C:/Program Files (x86)/Epic Games/4.13/Engine/Plugins/Messaging/UdpMessaging/UdpMessaging.uplugin
LogPluginManager: Loaded Plugin LevelSequenceEditor, From C:/Program Files (x86)/Epic Games/4.13/Engine/Plugins/MovieScene/LevelSequenceEditor/LevelSequenceEditor.uplugin
LogPluginManager: Loaded Plugin MatineeToLevelSequence, From C:/Program Files (x86)/Epic Games/4.13/Engine/Plugins/MovieScene/MatineeToLevelSequence/MatineeToLevelSequence.uplugin
LogPluginManager: Loaded Plugin NetcodeUnitTest, From C:/Program Files (x86)/Epic Games/4.13/Engine/Plugins/NetcodeUnitTest/NetcodeUnitTest/NetcodeUnitTest.uplugin
LogPluginManager: Loaded Plugin NUTUnrealEngine4, From C:/Program Files (x86)/Epic Games/4.13/Engine/Plugins/NetcodeUnitTest/NUTUnrealEngine4/NUTUnrealEngine4.uplugin
LogPluginManager: Loaded Plugin OnlineSubsystemGooglePlay, From C:/Program Files (x86)/Epic Games/4.13/Engine/Plugins/Online/Android/OnlineSubsystemGooglePlay/OnlineSubsystemGooglePlay.uplugin
LogPluginManager: Loaded Plugin OnlineSubsystemIOS, From C:/Program Files (x86)/Epic Games/4.13/Engine/Plugins/Online/IOS/OnlineSubsystemIOS/OnlineSubsystemIOS.uplugin
LogPluginManager: Loaded Plugin OnlineFramework, From C:/Program Files (x86)/Epic Games/4.13/Engine/Plugins/Online/OnlineFramework/OnlineFramework.uplugin
LogPluginManager: Loaded Plugin OnlineSubsystem, From C:/Program Files (x86)/Epic Games/4.13/Engine/Plugins/Online/OnlineSubsystem/OnlineSubsystem.uplugin
LogPluginManager: Loaded Plugin OnlineSubsystemAmazon, From C:/Program Files (x86)/Epic Games/4.13/Engine/Plugins/Online/OnlineSubsystemAmazon/OnlineSubsystemAmazon.uplugin
LogPluginManager: Loaded Plugin OnlineSubsystemFacebook, From C:/Program Files (x86)/Epic Games/4.13/Engine/Plugins/Online/OnlineSubsystemFacebook/OnlineSubsystemFacebook.uplugin
LogPluginManager: Loaded Plugin OnlineSubsystemNull, From C:/Program Files (x86)/Epic Games/4.13/Engine/Plugins/Online/OnlineSubsystemNull/OnlineSubsystemNull.uplugin
LogPluginManager: Loaded Plugin OnlineSubsystemOculus, From C:/Program Files (x86)/Epic Games/4.13/Engine/Plugins/Online/OnlineSubsystemOculus/OnlineSubsystemOculus.uplugin
LogPluginManager: Loaded Plugin OnlineSubsystemSteam, From C:/Program Files (x86)/Epic Games/4.13/Engine/Plugins/Online/OnlineSubsystemSteam/OnlineSubsystemSteam.uplugin
LogPluginManager: Loaded Plugin OnlineSubsystemUtils, From C:/Program Files (x86)/Epic Games/4.13/Engine/Plugins/Online/OnlineSubsystemUtils/OnlineSubsystemUtils.uplugin
LogPluginManager: Loaded Plugin IOSTapJoy, From C:/Program Files (x86)/Epic Games/4.13/Engine/Plugins/Runtime/Advertising/IOSTapJoy/IOSTapJoy.uplugin
LogPluginManager: Loaded Plugin AnalyticsBlueprintLibrary, From C:/Program Files (x86)/Epic Games/4.13/Engine/Plugins/Runtime/Analytics/AnalyticsBlueprintLibrary/AnalyticsBlueprintLibrary.uplugin
LogPluginManager: Loaded Plugin AnalyticsMulticast, From C:/Program Files (x86)/Epic Games/4.13/Engine/Plugins/Runtime/Analytics/AnalyticsMulticast/AnalyticsMulticast.uplugin
LogPluginManager: Loaded Plugin Apsalar, From C:/Program Files (x86)/Epic Games/4.13/Engine/Plugins/Runtime/Analytics/Apsalar/Apsalar.uplugin
LogPluginManager: Loaded Plugin FileLogging, From C:/Program Files (x86)/Epic Games/4.13/Engine/Plugins/Runtime/Analytics/FileLogging/FileLogging.uplugin
LogPluginManager: Loaded Plugin Flurry, From C:/Program Files (x86)/Epic Games/4.13/Engine/Plugins/Runtime/Analytics/Flurry/Flurry.uplugin
LogPluginManager: Loaded Plugin AndroidDeviceProfileSelector, From C:/Program Files (x86)/Epic Games/4.13/Engine/Plugins/Runtime/AndroidDeviceProfileSelector/AndroidDeviceProfileSelector.uplugin
LogPluginManager: Loaded Plugin AndroidMoviePlayer, From C:/Program Files (x86)/Epic Games/4.13/Engine/Plugins/Runtime/AndroidMoviePlayer/AndroidMoviePlayer.uplugin
LogPluginManager: Loaded Plugin AppleMoviePlayer, From C:/Program Files (x86)/Epic Games/4.13/Engine/Plugins/Runtime/AppleMoviePlayer/AppleMoviePlayer.uplugin
LogPluginManager: Loaded Plugin ArchVisCharacter, From C:/Program Files (x86)/Epic Games/4.13/Engine/Plugins/Runtime/ArchVisCharacter/ArchVisCharacter.uplugin
LogPluginManager: Loaded Plugin CableComponent, From C:/Program Files (x86)/Epic Games/4.13/Engine/Plugins/Runtime/CableComponent/CableComponent.uplugin
LogPluginManager: Loaded Plugin CustomMeshComponent, From C:/Program Files (x86)/Epic Games/4.13/Engine/Plugins/Runtime/CustomMeshComponent/CustomMeshComponent.uplugin
LogPluginManager: Loaded Plugin ExampleDeviceProfileSelector, From C:/Program Files (x86)/Epic Games/4.13/Engine/Plugins/Runtime/ExampleDeviceProfileSelector/ExampleDeviceProfileSelector.uplugin
LogPluginManager: Loaded Plugin GearVR, From C:/Program Files (x86)/Epic Games/4.13/Engine/Plugins/Runtime/GearVR/GearVR.uplugin
LogPluginManager: Loaded Plugin GoogleVRController, From C:/Program Files (x86)/Epic Games/4.13/Engine/Plugins/Runtime/GoogleVR/GoogleVRController/GoogleVRController.uplugin
LogPluginManager: Loaded Plugin GoogleVRHMD, From C:/Program Files (x86)/Epic Games/4.13/Engine/Plugins/Runtime/GoogleVR/GoogleVRHMD/GoogleVRHMD.uplugin
LogPluginManager: Loaded Plugin IOSDeviceProfileSelector, From C:/Program Files (x86)/Epic Games/4.13/Engine/Plugins/Runtime/IOSDeviceProfileSelector/IOSDeviceProfileSelector.uplugin
LogPluginManager: Loaded Plugin LeapMotion, From C:/Program Files (x86)/Epic Games/4.13/Engine/Plugins/Runtime/LeapMotion/LeapMotion.uplugin
LogPluginManager: Loaded Plugin LinuxDeviceProfileSelector, From C:/Program Files (x86)/Epic Games/4.13/Engine/Plugins/Runtime/LinuxDeviceProfileSelector/LinuxDeviceProfileSelector.uplugin
LogPluginManager: Loaded Plugin LiveEditorListenServer, From C:/Program Files (x86)/Epic Games/4.13/Engine/Plugins/Runtime/LiveEditorListenServer/LiveEditorListenServer.uplugin
LogPluginManager: Loaded Plugin OculusAudio, From C:/Program Files (x86)/Epic Games/4.13/Engine/Plugins/Runtime/OculusAudio/OculusAudio.uplugin
LogPluginManager: Loaded Plugin OculusInput, From C:/Program Files (x86)/Epic Games/4.13/Engine/Plugins/Runtime/OculusInput/OculusInput.uplugin
LogPluginManager: Loaded Plugin OculusLibrary, From C:/Program Files (x86)/Epic Games/4.13/Engine/Plugins/Runtime/OculusLibrary/OculusLibrary.uplugin
LogPluginManager: Loaded Plugin OculusRift, From C:/Program Files (x86)/Epic Games/4.13/Engine/Plugins/Runtime/OculusRift/OculusRift.uplugin
LogPluginManager: Loaded Plugin Oodle, From C:/Program Files (x86)/Epic Games/4.13/Engine/Plugins/Runtime/PacketHandlers/CompressionComponents/Oodle/Oodle.uplugin
LogPluginManager: Loaded Plugin ProceduralMeshComponent, From C:/Program Files (x86)/Epic Games/4.13/Engine/Plugins/Runtime/ProceduralMeshComponent/ProceduralMeshComponent.uplugin
LogPluginManager: Loaded Plugin SoundMod, From C:/Program Files (x86)/Epic Games/4.13/Engine/Plugins/Runtime/SoundMod/SoundMod.uplugin
LogPluginManager: Loaded Plugin SoundVisualizations, From C:/Program Files (x86)/Epic Games/4.13/Engine/Plugins/Runtime/SoundVisualizations/SoundVisualizations.uplugin
LogPluginManager: Loaded Plugin SteamController, From C:/Program Files (x86)/Epic Games/4.13/Engine/Plugins/Runtime/Steam/SteamController/SteamController.uplugin
LogPluginManager: Loaded Plugin SteamVR, From C:/Program Files (x86)/Epic Games/4.13/Engine/Plugins/Runtime/Steam/SteamVR/SteamVR.uplugin
LogPluginManager: Loaded Plugin WebBrowserWidget, From C:/Program Files (x86)/Epic Games/4.13/Engine/Plugins/Runtime/WebBrowserWidget/WebBrowserWidget.uplugin
LogPluginManager: Loaded Plugin WindowsDeviceProfileSelector, From C:/Program Files (x86)/Epic Games/4.13/Engine/Plugins/Runtime/WindowsDeviceProfileSelector/WindowsDeviceProfileSelector.uplugin
LogPluginManager: Loaded Plugin WindowsMoviePlayer, From C:/Program Files (x86)/Epic Games/4.13/Engine/Plugins/Runtime/WindowsMoviePlayer/WindowsMoviePlayer.uplugin
LogPluginManager: Loaded Plugin ScriptPlugin, From C:/Program Files (x86)/Epic Games/4.13/Engine/Plugins/ScriptPlugin/ScriptPlugin.uplugin
LogPluginManager: Loaded Plugin SlateRemote, From C:/Program Files (x86)/Epic Games/4.13/Engine/Plugins/Slate/SlateRemote/SlateRemote.uplugin
LogInit: Using libcurl 7.47.1
LogInit:  - built for x86_64-pc-win32
LogInit:  - supports SSL with WinSSL
LogInit:  - other features:
LogInit:      CURL_VERSION_SSL
LogInit:      CURL_VERSION_IPV6
LogInit:      CURL_VERSION_ASYNCHDNS
LogInit:      CURL_VERSION_LARGEFILE
LogInit:      CURL_VERSION_IDN
LogInit:  CurlRequestOptions (configurable via config and command line):
LogInit:  - bVerifyPeer = false  - Libcurl will NOT verify peer certificate
LogInit:  - bUseHttpProxy = false  - Libcurl will NOT use HTTP proxy
LogInit:  - bDontReuseConnections = false  - Libcurl will reuse connections
LogInit:  - CertBundlePath = nullptr  - Libcurl will use whatever was configured at build time.
OCULUS: Info: [CAPI] LibOVR module is located at C:\Program Files\Oculus\Support\oculus-runtime\LibOVRRT64_1.dll
OCULUS: Debug: Connected to the server running version (prod = 1).1.6.0(build = 250620) feature version = 0. Client runs version (prod = 1).1.6.0(build = 250620) feature version = 0
LogInit: Build: ++UE4+Release-4.13-CL-3106830
LogInit: Engine Version: 4.13.0-3106830+++UE4+Release-4.13
LogInit: Compatible Engine Version: 4.13.0-3106830+++UE4+Release-4.13
LogInit: Net CL: 3106830
LogDevObjectVersion: Number of dev versions registered: 13
LogDevObjectVersion:   Dev-Blueprints (B0D832E4-1F89-4F0D-ACCF-7EB736FD4AA2): 5
LogDevObjectVersion:   Dev-Build (E1C64328-A22C-4D53-A36C-8E866417BD8C): 0
LogDevObjectVersion:   Dev-Core (375EC13C-06E4-48FB-B500-84F0262A717E): 1
LogDevObjectVersion:   Dev-Editor (E4B068ED-F494-42E9-A231-DA0B2E46BB41): 6
LogDevObjectVersion:   Dev-Framework (CFFC743F-43B0-4480-9391-14DF171D2073): 12
LogDevObjectVersion:   Dev-Mobile (B02B49B5-BB20-44E9-A304-32B752E40360): 0
LogDevObjectVersion:   Dev-Networking (A4E4105C-59A1-49B5-A7C5-40C4547EDFEE): 0
LogDevObjectVersion:   Dev-Online (39C831C9-5AE6-47DC-9A44-9C173E1C8E7C): 0
LogDevObjectVersion:   Dev-Physics (78F01B33-EBEA-4F98-B9B4-84EACCB95AA2): 0
LogDevObjectVersion:   Dev-Platform (6631380F-2D4D-43E0-8009-CF276956A95A): 0
LogDevObjectVersion:   Dev-Rendering (12F88B9F-8875-4AFC-A67C-D90C383ABD29): 4
LogDevObjectVersion:   Dev-Sequencer (7B5AE74C-D270-4C10-A958-57980B212A5A): 0
LogDevObjectVersion:   Dev-VR (D7296918-1DD6-4BDD-9DE2-64A83CC13884): 0
LogInit: Compiled (64-bit): Aug 30 2016 18:11:39
LogInit: Compiled with Visual C++: 19.00.23026.00
LogInit: Build Configuration: Development
LogInit: Branch Name: ++UE4+Release-4.13
LogInit: Command line:  
LogInit: Base directory: C:/Program Files (x86)/Epic Games/4.13/Engine/Binaries/Win64/
LogInit: Installed Engine Build: 1
LogInit: Presizing for max 8388607 objects, including 0 objects not considered by GC, pre-allocating 0 bytes for permanent pool.
LogInit: Object subsystem initialized
[2016.10.27-14.22.35:869][  0]LogInit: Selected Device Profile: [Windows]
[2016.10.27-14.22.35:869][  0]LogInit: Applying CVar settings loaded from the selected device profile: [Windows]
[2016.10.27-14.22.35:881][  0]LogInit: Computer: S3-13
[2016.10.27-14.22.35:881][  0]LogInit: User: egimenez
[2016.10.27-14.22.35:881][  0]LogInit: CPU Page size=65536, Cores=4
[2016.10.27-14.22.35:881][  0]LogInit: High frequency timer resolution =3.117191 MHz
[2016.10.27-14.22.35:881][  0]LogMemory: Memory total: Physical=16.0GB (16GB approx)
[2016.10.27-14.22.35:881][  0]LogMemory: Platform Memory Stats for Windows
[2016.10.27-14.22.35:881][  0]LogMemory: Process Physical Memory: 261.14 MB used, 261.14 MB peak
[2016.10.27-14.22.35:881][  0]LogMemory: Process Virtual Memory: 263.13 MB used, 263.13 MB peak
[2016.10.27-14.22.35:881][  0]LogMemory: Physical Memory: 4228.35 MB used, 16346.68 MB total
[2016.10.27-14.22.35:881][  0]LogMemory: Virtual Memory: 666.90 MB used, 134217728.00 MB total
[2016.10.27-14.22.35:903][  0]LogTextLocalizationManager: No specific translations for ('en-US') exist, so ('en') translations will be used.
[2016.10.27-14.22.36:407][  0]LogD3D11RHI: D3D11 adapters:
[2016.10.27-14.22.36:437][  0]LogD3D11RHI:    0. 'NVIDIA GeForce GTX 960' (Feature Level 11_0)
[2016.10.27-14.22.36:437][  0]LogD3D11RHI:       4010/0/8173 MB DedicatedVideo/DedicatedSystem/SharedSystem, Outputs:1, VendorId:0x10de
[2016.10.27-14.22.36:438][  0]LogD3D11RHI:    1. 'Microsoft Basic Render Driver' (Feature Level 11_0)
[2016.10.27-14.22.36:438][  0]LogD3D11RHI:       0/0/8173 MB DedicatedVideo/DedicatedSystem/SharedSystem, Outputs:0, VendorId:0x1414
[2016.10.27-14.22.36:438][  0]LogD3D11RHI: Chosen D3D11 Adapter: 0
[2016.10.27-14.22.36:441][  0]LogD3D11RHI: Creating new Direct3DDevice
[2016.10.27-14.22.36:442][  0]LogD3D11RHI:     GPU DeviceId: 0x1401 (for the marketing name, search the web for "GPU Device Id")
[2016.10.27-14.22.36:442][  0]LogWindows: EnumDisplayDevices:
[2016.10.27-14.22.36:442][  0]LogWindows:    0. 'NVIDIA GeForce GTX 960' (P:1 D:1)
[2016.10.27-14.22.36:442][  0]LogWindows:    1. 'NVIDIA GeForce GTX 960' (P:0 D:0)
[2016.10.27-14.22.36:442][  0]LogWindows:    2. 'NVIDIA GeForce GTX 960' (P:0 D:0)
[2016.10.27-14.22.36:442][  0]LogWindows:    3. 'NVIDIA GeForce GTX 960' (P:0 D:0)
[2016.10.27-14.22.36:442][  0]LogWindows: DebugString: FoundDriverCount:4 
[2016.10.27-14.22.36:442][  0]LogD3D11RHI:     Adapter Name: NVIDIA GeForce GTX 960
[2016.10.27-14.22.36:442][  0]LogD3D11RHI:   Driver Version: 368.39 (internal:10.18.13.6839, unified:368.39)
[2016.10.27-14.22.36:442][  0]LogD3D11RHI:      Driver Date: 6-2-2016
[2016.10.27-14.22.36:442][  0]LogRHI: Texture pool is 1361 MB (70% of 1945 MB)
[2016.10.27-14.22.36:456][  0]LogD3D11RHI: Async texture creation enabled
[2016.10.27-14.22.36:465][  0]LogD3D11RHI: GPU Timing Frequency: 1000.000000 (Debug: 2 1)
[2016.10.27-14.22.36:467][  0]LogShaderCompilers: Guid format shader working directory is -34 characters bigger than the processId version (../../../../../../Users/egimenez/Desktop/ENTI/VAN/VANsGame/Mechanics/BasicMechanics/Intermediate/Shaders/WorkingDirectory/6356/).
[2016.10.27-14.22.36:467][  0]LogShaderCompilers: Cleaned the shader compiler working directory 'C:/Users/egimenez/AppData/Local/Temp/UnrealShaderWorkingDir/55A3622E4EB6628198982B8E0A60A0C3/'.
[2016.10.27-14.22.36:467][  0]LogShaderCompilers:Display: Using Local Shader Compiler.
[2016.10.27-14.22.37:283][  0]LogTemp:Display: Loaded TP AllDesktopTargetPlatform
[2016.10.27-14.22.37:290][  0]LogTemp:Display: Loaded TP WindowsClientTargetPlatform
[2016.10.27-14.22.37:297][  0]LogTemp:Display: Loaded TP WindowsNoEditorTargetPlatform
[2016.10.27-14.22.37:304][  0]LogTemp:Display: Loaded TP WindowsServerTargetPlatform
[2016.10.27-14.22.37:311][  0]LogTemp:Display: Loaded TP WindowsTargetPlatform
[2016.10.27-14.22.37:317][  0]LogTemp:Display: Loaded TP AndroidTargetPlatform
[2016.10.27-14.22.37:323][  0]LogTemp:Display: Loaded TP Android_ASTCTargetPlatform
[2016.10.27-14.22.37:329][  0]LogTemp:Display: Loaded TP Android_ATCTargetPlatform
[2016.10.27-14.22.37:335][  0]LogTemp:Display: Loaded TP Android_DXTTargetPlatform
[2016.10.27-14.22.37:341][  0]LogTemp:Display: Loaded TP Android_ETC1TargetPlatform
[2016.10.27-14.22.37:346][  0]LogTemp:Display: Loaded TP Android_ETC2TargetPlatform
[2016.10.27-14.22.37:358][  0]LogTemp:Display: Loaded TP Android_MultiTargetPlatform
[2016.10.27-14.22.37:358][  0]LogTemp:Display: Loaded TP Android_PVRTCTargetPlatform
[2016.10.27-14.22.37:359][  0]LogTemp:Display: Loaded TP HTML5TargetPlatform
[2016.10.27-14.22.37:378][  0]LogTemp:Display: Loaded TP IOSTargetPlatform
[2016.10.27-14.22.37:384][  0]LogTemp:Display: Loaded TP TVOSTargetPlatform
[2016.10.27-14.22.37:389][  0]LogTemp:Display: Loaded TP LinuxClientTargetPlatform
[2016.10.27-14.22.37:395][  0]LogTemp:Display: Loaded TP LinuxNoEditorTargetPlatform
[2016.10.27-14.22.37:401][  0]LogTemp:Display: Loaded TP LinuxServerTargetPlatform
[2016.10.27-14.22.37:407][  0]LogTemp:Display: Loaded TP LinuxTargetPlatform
[2016.10.27-14.22.37:407][  0]LogTargetPlatformManager:Display: Building Assets For Windows
[2016.10.27-14.22.37:460][  0]LogDerivedDataCache:Display: Max Cache Size: 512 MB
[2016.10.27-14.22.37:518][  0]LogDerivedDataCache: Loaded boot cache 0.06s 62MB C:/Users/egimenez/AppData/Local/UnrealEngine/4.13/DerivedDataCache/Boot.ddc.
[2016.10.27-14.22.37:518][  0]LogDerivedDataCache:Display: Loaded Boot cache: C:/Users/egimenez/AppData/Local/UnrealEngine/4.13/DerivedDataCache/Boot.ddc
[2016.10.27-14.22.37:518][  0]LogDerivedDataCache: FDerivedDataBackendGraph:  Pak pak cache file ../../../../../../Users/egimenez/Desktop/ENTI/VAN/VANsGame/Mechanics/BasicMechanics/DerivedDataCache/DDC.ddp not found, will not use a pak cache.
[2016.10.27-14.22.37:518][  0]LogDerivedDataCache: Unable to find inner node Pak for hierarchical cache Hierarchy.
[2016.10.27-14.22.37:518][  0]LogDerivedDataCache: FDerivedDataBackendGraph:  CompressedPak pak cache file ../../../../../../Users/egimenez/Desktop/ENTI/VAN/VANsGame/Mechanics/BasicMechanics/DerivedDataCache/Compressed.ddp not found, will not use a pak cache.
[2016.10.27-14.22.37:518][  0]LogDerivedDataCache: Unable to find inner node CompressedPak for hierarchical cache Hierarchy.
[2016.10.27-14.22.37:533][  0]LogDerivedDataCache:Display: Pak cache opened for reading ../../../Engine/DerivedDataCache/Compressed.ddp.
[2016.10.27-14.22.37:545][  0]LogDerivedDataCache: Using Local data cache path C:/Users/egimenez/AppData/Local/UnrealEngine/Common/DerivedDataCache: Writable
[2016.10.27-14.22.37:710][  0]LogInit: Selected Device Profile: [Windows]
[2016.10.27-14.22.37:712][  0]LogContentStreaming: Texture pool size is 0.00 MB
[2016.10.27-14.22.37:787][  0]LogMeshUtilities: No automatic mesh reduction module available
[2016.10.27-14.22.37:787][  0]LogMeshUtilities: No automatic mesh merging module available
[2016.10.27-14.22.37:787][  0]LogMeshUtilities: No distributed automatic mesh merging module available
[2016.10.27-14.22.37:845][  0]LogMaterial: Uniform references updated for custom material expression Custom.
[2016.10.27-14.22.38:104][  0]LogNetVersion: GetLocalNetworkVersion: CL: 3106830, ProjectName: basicmechanics, ProjectVersion: , EngineNetworkVersion: 1, GameNetworkVersion: 0, NetworkChecksum: 2647762835
[2016.10.27-14.22.38:139][  0]LogAssetRegistry: FAssetRegistry took 0.0223 seconds to start up
[2016.10.27-14.22.38:165][  0]LogPackageLocalizationCache: Processed 3 localized package path(s) for 2 prioritized culture(s) in 0.024715 seconds
[2016.10.27-14.22.38:171][  0]LogUObjectArray: 29782 objects as part of root set at end of initial load.
[2016.10.27-14.22.38:171][  0]LogUObjectAllocator: 6126376 out of 0 bytes used by permanent object pool.
[2016.10.27-14.22.38:171][  0]LogUObjectArray: CloseDisregardForGC: 0/0 objects in disregard for GC pool
[2016.10.27-14.22.38:175][  0]LogInit: WinSock: version 1.1 (2.2), MaxSocks=32767, MaxUdp=65467
[2016.10.27-14.22.38:343][  0]LogSlate: SlateFontCache - WITH_FREETYPE: 1, WITH_HARFBUZZ: 1
[2016.10.27-14.22.38:343][  0]LogSlate: SlateFontCache - WITH_FREETYPE: 1, WITH_HARFBUZZ: 1
[2016.10.27-14.22.38:884][  0]LogUdpMessaging: Initializing bridge on interface 0.0.0.0:0 to multicast group 230.0.0.1:6666.
[2016.10.27-14.22.39:074][  0]SourceControl: Info Source control is disabled
[2016.10.27-14.22.39:113][  0]SourceControl: Info Source control is disabled
[2016.10.27-14.22.39:119][  0]SourceControl: Info Source control is disabled
[2016.10.27-14.22.39:124][  0]SourceControl: Info Source control is disabled
[2016.10.27-14.22.39:170][  0]LogLinker:Warning: Can't find file '/Game/ThirdPersonBP/ThirdPersonOverview'
[2016.10.27-14.22.39:170][  0]LogLinker:Warning: Can't find file '/Game/ThirdPersonBP/ThirdPersonOverview'
[2016.10.27-14.22.39:170][  0]LogUObjectGlobals:Warning: Failed to find object 'Class /Game/ThirdPersonBP/ThirdPersonOverview.ThirdPersonOverview_C'
[2016.10.27-14.22.39:328][  0]LogEngine: Initializing Engine...
[2016.10.27-14.22.39:329][  0]LogHMD: Oculus plugin initialized. Version: 4.13.0-3106830+++UE4+Release-4.13, LibOVR: 1.6.0, SDK: 1.6.0, built Aug 30 2016, 18:13:21
[2016.10.27-14.22.39:445][  0]LogAIModule: Creating AISystem for world Untitled
[2016.10.27-14.22.39:454][  0]LogInit: XAudio2 using 'BenQ GL2250H-4 (NVIDIA High Definition Audio)' : 2 channels at 48 kHz using 16 bits per sample (channel mask 0x3)
[2016.10.27-14.22.39:470][  0]LogInit: FAudioDevice initialized.
[2016.10.27-14.22.39:495][  0]LogDerivedDataCache: Saved boot cache 0.02s 62MB C:/Users/egimenez/AppData/Local/UnrealEngine/4.13/DerivedDataCache/Boot.ddc.
[2016.10.27-14.22.39:503][  0]LogInit: Texture streaming: Enabled
[2016.10.27-14.22.39:521][  0]LogInit: Transaction tracking system initialized
[2016.10.27-14.22.39:537][  0]BlueprintLog: New page: Editor Load
[2016.10.27-14.22.39:593][  0]LocalizationService: Info Localization service is disabled
[2016.10.27-14.22.39:649][  0]LogConsoleResponse:Display: 
[2016.10.27-14.22.39:741][  0]LogCook:Display: Max memory allowance for cook 16384mb min free memory 0mb
[2016.10.27-14.22.39:741][  0]LogCook:Display: Mobile HDR setting 1
[2016.10.27-14.22.39:848][  0]LogFileCache: Scanning file cache for directory 'C:/Users/egimenez/Desktop/ENTI/VAN/VANsGame/Mechanics/BasicMechanics/Content/' took 0.01s
[2016.10.27-14.22.39:848][  0]SourceControl: Info Source control is disabled
[2016.10.27-14.22.39:848][  0]Cmd: MAP LOAD FILE="../../../../../../Users/egimenez/Desktop/ENTI/VAN/VANsGame/Mechanics/BasicMechanics/Content/StarterContent/Maps/Minimal_Default.umap" TEMPLATE=0 SHOWPROGRESS=1 FEATURELEVEL=3
[2016.10.27-14.22.39:848][  0]LightingResults: New page: Lighting Build
[2016.10.27-14.22.39:850][  0]MapCheck: New page: Map Check
[2016.10.27-14.22.39:850][  0]LightingResults: New page: Lighting Build
[2016.10.27-14.22.40:135][  0]LogAIModule: Creating AISystem for world Minimal_Default
[2016.10.27-14.22.40:143][  0]LogEditorServer: Finished looking for orphan Actors (0.000 secs)
[2016.10.27-14.22.40:144][  0]Cmd: MAP CHECKDEP NOCLEARLOG
[2016.10.27-14.22.40:177][  0]MapCheck: Info Map check complete: 0 Error(s), 0 Warning(s), took 33.281ms to complete.
[2016.10.27-14.22.40:177][  0]LogFileHelpers: Loading map 'Minimal_Default' took 0.329
[2016.10.27-14.22.40:294][  0]LogCollectionManager: Loaded 0 collections in 0.001270 seconds
[2016.10.27-14.22.40:332][  0]LogFileCache: Scanning file cache for directory 'C:/Users/egimenez/Desktop/ENTI/VAN/VANsGame/Mechanics/BasicMechanics/Saved/Collections/' took 0.01s
[2016.10.27-14.22.40:332][  0]LogFileCache: Scanning file cache for directory 'C:/Users/egimenez/Desktop/ENTI/VAN/VANsGame/Mechanics/BasicMechanics/Content/Developers/egimenez/Collections/' took 0.01s
[2016.10.27-14.22.40:332][  0]LogFileCache: Scanning file cache for directory 'C:/Users/egimenez/Desktop/ENTI/VAN/VANsGame/Mechanics/BasicMechanics/Content/Collections/' took 0.01s
[2016.10.27-14.22.40:332][  0]LogCollectionManager: Rebuilt the GUID cache for 0 collections in 0.000003 seconds
[2016.10.27-14.22.40:340][  0]LogContentBrowser: Native class hierarchy populated in 0.0075 seconds. Added 2148 classes and 417 folders.
[2016.10.27-14.22.40:342][  0]LogStats: UGameplayTagsManager::ConstructGameplayTagTree: Construct from data asset -  0.000 s
[2016.10.27-14.22.40:342][  0]LogStats: UGameplayTagsManager::ConstructGameplayTagTree: GameplayTagTreeChangedEvent.Broadcast -  0.000 s
[2016.10.27-14.22.40:343][  0]LogContentBrowser: Native class hierarchy updated for 'GameplayTags' in 0.0005 seconds. Added 12 classes and 0 folders.
[2016.10.27-14.22.40:346][  0]LogContentBrowser: Native class hierarchy updated for 'WidgetCarousel' in 0.0003 seconds. Added 0 classes and 0 folders.
[2016.10.27-14.22.40:375][  0]LogContentBrowser: Native class hierarchy updated for 'AddContentDialog' in 0.0004 seconds. Added 0 classes and 0 folders.
[2016.10.27-14.22.40:379][  0]LogContentBrowser: Native class hierarchy updated for 'SceneOutliner' in 0.0004 seconds. Added 1 classes and 2 folders.
[2016.10.27-14.22.40:392][  0]LogCrashTracker: Crashtracker disabled due to settings.
[2016.10.27-14.22.40:399][  0]LogUObjectGlobals:Warning: Failed to find object 'Class None.'
[2016.10.27-14.22.40:424][  0]LogContentBrowser: Native class hierarchy updated for 'HierarchicalLODOutliner' in 0.0004 seconds. Added 1 classes and 2 folders.
[2016.10.27-14.22.40:424][  0]LogLoad: (Engine Initialization) Total time: 5.83 seconds
[2016.10.27-14.22.40:424][  0]LogLoad: (Engine Initialization) Total Blueprint compile time: 0.04 seconds
[2016.10.27-14.22.40:424][  0]LogExternalProfiler: Found external profiler: VSPerf
[2016.10.27-14.22.40:424][  0]LogExternalProfiler: Using external profiler: VSPerf
[2016.10.27-14.22.40:434][  0]LogWindowsTextInputMethodSystem:Display: IME system now deactivated.
[2016.10.27-14.22.40:434][  0]LogOcInput: OculusInput pre-init called
[2016.10.27-14.22.40:444][  0]LogOcInput: OculusInput is initialized. Init status 0. Runtime version: 1.6.0
[2016.10.27-14.22.40:462][  0]LogContentStreaming: Texture pool size now 1000 MB
[2016.10.27-14.22.40:613][  0]LogRenderer: Reallocating scene render targets to support 1100x632 (Frame:2).
[2016.10.27-14.22.40:684][  1]LogAssetRegistry: Asset discovery search completed in 2.5670 seconds
[2016.10.27-14.22.40:684][  1]LogCollectionManager: Rebuilt the object cache for 0 collections in 0.000000 seconds (found 0 objects)
[2016.10.27-14.22.40:684][  1]LogCollectionManager: Fixed up redirectors for 0 collections in 0.000017 seconds (updated 0 objects)
[2016.10.27-14.22.49:639][999]LogAIModule: Creating AISystem for world Tests
[2016.10.27-14.22.49:667][999]Cmd: MAP LOAD FILE="../../../../../../Users/egimenez/Desktop/ENTI/VAN/VANsGame/Mechanics/BasicMechanics/Content/Levels/Tests.umap" TEMPLATE=0 SHOWPROGRESS=1 FEATURELEVEL=3
[2016.10.27-14.22.49:667][999]LightingResults: New page: Lighting Build
[2016.10.27-14.22.49:668][999]LoadErrors: New page: Loading map: Tests.umap
[2016.10.27-14.22.49:670][999]MapCheck: New page: Map Check
[2016.10.27-14.22.49:670][999]LightingResults: New page: Lighting Build
[2016.10.27-14.22.49:690][999]LogEditorServer: Finished looking for orphan Actors (0.000 secs)
[2016.10.27-14.22.49:725][999]Cmd: MAP CHECKDEP NOCLEARLOG
[2016.10.27-14.22.49:766][999]MapCheck: Info Map check complete: 0 Error(s), 0 Warning(s), took 40.253ms to complete.
[2016.10.27-14.22.49:766][999]LogFileHelpers: Loading map 'Tests' took 0.100
[2016.10.27-14.22.51:366][184]LogBlueprintUserMessages: Early PlayInEditor Detection: Level '/Game/Levels/Tests.Tests:PersistentLevel' has LevelScriptBlueprint '/Game/Levels/Tests.Tests:PersistentLevel.Tests' with GeneratedClass '/Game/Levels/Tests.Tests_C' with ClassGeneratedBy '/Game/Levels/Tests.Tests:PersistentLevel.Tests'
[2016.10.27-14.22.51:366][184]LogPlayLevel: PlayLevel: No blueprints needed recompiling
[2016.10.27-14.22.51:366][184]PIE: New page: PIE session: Tests (Oct 27, 2016, 5:22:51 PM)
[2016.10.27-14.22.51:366][184]LogPlayLevel: Creating play world package: /Game/Levels/UEDPIE_0_Tests
[2016.10.27-14.22.51:374][184]LogPlayLevel: PIE: StaticDuplicateObject took: (0.007605s)
[2016.10.27-14.22.51:374][184]LogAIModule: Creating AISystem for world Tests
[2016.10.27-14.22.51:374][184]LogPlayLevel: PIE: World Init took: (0.000625s)
[2016.10.27-14.22.51:375][184]LogPlayLevel: PIE: Created PIE world by copying editor world from /Game/Levels/Tests.Tests to /Game/Levels/UEDPIE_0_Tests.Tests (0.008648s)
[2016.10.27-14.22.51:386][184]LogInit: XAudio2 using 'BenQ GL2250H-4 (NVIDIA High Definition Audio)' : 2 channels at 48 kHz using 16 bits per sample (channel mask 0x3)
[2016.10.27-14.22.51:390][184]LogInit: FAudioDevice initialized.
[2016.10.27-14.22.51:435][184]LogWorld: Game class is 'GameMode'
[2016.10.27-14.22.51:445][184]LogWorld: Bringing World /Game/Levels/UEDPIE_0_Tests.Tests up for play (max tick rate 0) at 2016.10.27-16.22.51
[2016.10.27-14.22.51:447][184]LogWorld: Bringing up level for play took: 0.010033
[2016.10.27-14.22.51:450][184]LogContentBrowser: Native class hierarchy updated for 'MovieSceneCapture' in 0.0004 seconds. Added 11 classes and 0 folders.
[2016.10.27-14.22.51:450][184]LogGameMode:Display: Match State Changed from EnteringMap to WaitingToStart
[2016.10.27-14.22.51:450][184]LogGameState: Match State Changed from EnteringMap to WaitingToStart
[2016.10.27-14.22.51:450][184]LogGameMode:Display: Match State Changed from WaitingToStart to InProgress
[2016.10.27-14.22.51:450][184]LogGameState: Match State Changed from WaitingToStart to InProgress
[2016.10.27-14.22.51:450][184]PIE: Info Play in editor start time for /Game/Levels/UEDPIE_0_Tests 0.588
[2016.10.27-14.22.51:450][184]LogBlueprintUserMessages: Late PlayInEditor Detection: Level '/Game/Levels/Tests.Tests:PersistentLevel' has LevelScriptBlueprint '/Game/Levels/Tests.Tests:PersistentLevel.Tests' with GeneratedClass '/Game/Levels/Tests.Tests_C' with ClassGeneratedBy '/Game/Levels/Tests.Tests:PersistentLevel.Tests'
[2016.10.27-14.22.52:538][311]LogBlueprintUserMessages: [Tests_C_0] false
[2016.10.27-14.22.52:538][311]LogBlueprintUserMessages: [Tests_C_0] 2:
[2016.10.27-14.22.52:538][311]LogBlueprintUserMessages: [Tests_C_0] false
[2016.10.27-14.22.52:538][311]LogBlueprintUserMessages: [Tests_C_0] 1:
[2016.10.27-14.23.01:288][334]LogEditorViewport: Clicking on Actor (LMB): StaticMeshActor (Wall_400x300)
[2016.10.27-14.23.03:683][560]PIE:Warning: Warning Mobility of Wall_400x300_2 : StaticMeshComponent0 has to be 'Movable' if you'd like to move. 
[2016.10.27-14.23.03:683][560]PIE:Warning: Warning Mobility of Wall_400x300_2 : StaticMeshComponent0 has to be 'Movable' if you'd like to move. 
[2016.10.27-14.23.03:683][560]PIE:Warning: Warning Mobility of Wall_400x300_2 : StaticMeshComponent0 has to be 'Movable' if you'd like to move. 
[2016.10.27-14.23.03:683][560]PIE:Warning: Warning Mobility of Wall_400x300_2 : StaticMeshComponent0 has to be 'Movable' if you'd like to move. 
[2016.10.27-14.23.03:683][560]PIE:Warning: Warning Mobility of Wall_400x300_2 : StaticMeshComponent0 has to be 'Movable' if you'd like to move. 
[2016.10.27-14.23.04:074][591]PIE:Warning: Warning Mobility of Wall_400x300_2 : StaticMeshComponent0 has to be 'Movable' if you'd like to move. 
[2016.10.27-14.23.04:075][591]PIE:Warning: Warning Mobility of Wall_400x300_2 : StaticMeshComponent0 has to be 'Movable' if you'd like to move. 
[2016.10.27-14.23.04:075][591]PIE:Warning: Warning Mobility of Wall_400x300_2 : StaticMeshComponent0 has to be 'Movable' if you'd like to move. 
[2016.10.27-14.23.04:075][591]PIE:Warning: Warning Mobility of Wall_400x300_2 : StaticMeshComponent0 has to be 'Movable' if you'd like to move. 
[2016.10.27-14.23.04:075][591]PIE:Warning: Warning Mobility of Wall_400x300_2 : StaticMeshComponent0 has to be 'Movable' if you'd like to move. 
[2016.10.27-14.23.08:611][ 92]LogEditorViewport: Clicking on Actor (LMB): StaticMeshActor (Floor)
[2016.10.27-14.23.10:273][260]LogEditorViewport: Clicking on Actor (LMB): StaticMeshActor (Wall_400x300)
[2016.10.27-14.23.11:275][348]LogEditorViewport: Clicking on Actor (LMB): MirrorsRayTrace_C (MirrorsRayTrace)
[2016.10.27-14.23.17:528][950]LogEditorViewport: Clicking on Actor (LMB): StaticMeshActor (Wall_400x300)
[2016.10.27-14.23.20:069][212]PIE:Warning: Warning Mobility of Wall_400x300_2 : StaticMeshComponent0 has to be 'Movable' if you'd like to move. 
[2016.10.27-14.23.20:069][212]PIE:Warning: Warning Mobility of Wall_400x300_2 : StaticMeshComponent0 has to be 'Movable' if you'd like to move. 
[2016.10.27-14.23.20:082][213]PIE:Warning: Warning Mobility of Wall_400x300_2 : StaticMeshComponent0 has to be 'Movable' if you'd like to move. 
[2016.10.27-14.23.20:082][213]PIE:Warning: Warning Mobility of Wall_400x300_2 : StaticMeshComponent0 has to be 'Movable' if you'd like to move. 
[2016.10.27-14.23.20:108][215]PIE:Warning: Warning Mobility of Wall_400x300_2 : StaticMeshComponent0 has to be 'Movable' if you'd like to move. 
[2016.10.27-14.23.20:108][215]PIE:Warning: Warning Mobility of Wall_400x300_2 : StaticMeshComponent0 has to be 'Movable' if you'd like to move. 
[2016.10.27-14.23.20:120][216]PIE:Warning: Warning Mobility of Wall_400x300_2 : StaticMeshComponent0 has to be 'Movable' if you'd like to move. 
[2016.10.27-14.23.20:121][216]PIE:Warning: Warning Mobility of Wall_400x300_2 : StaticMeshComponent0 has to be 'Movable' if you'd like to move. 
[2016.10.27-14.23.20:134][217]PIE:Warning: Warning Mobility of Wall_400x300_2 : StaticMeshComponent0 has to be 'Movable' if you'd like to move. 
[2016.10.27-14.23.20:134][217]PIE:Warning: Warning Mobility of Wall_400x300_2 : StaticMeshComponent0 has to be 'Movable' if you'd like to move. 
[2016.10.27-14.23.20:147][218]PIE:Warning: Warning Mobility of Wall_400x300_2 : StaticMeshComponent0 has to be 'Movable' if you'd like to move. 
[2016.10.27-14.23.20:147][218]PIE:Warning: Warning Mobility of Wall_400x300_2 : StaticMeshComponent0 has to be 'Movable' if you'd like to move. 
[2016.10.27-14.23.20:160][219]PIE:Warning: Warning Mobility of Wall_400x300_2 : StaticMeshComponent0 has to be 'Movable' if you'd like to move. 
[2016.10.27-14.23.20:160][219]PIE:Warning: Warning Mobility of Wall_400x300_2 : StaticMeshComponent0 has to be 'Movable' if you'd like to move. 
[2016.10.27-14.23.20:187][221]PIE:Warning: Warning Mobility of Wall_400x300_2 : StaticMeshComponent0 has to be 'Movable' if you'd like to move. 
[2016.10.27-14.23.20:187][221]PIE:Warning: Warning Mobility of Wall_400x300_2 : StaticMeshComponent0 has to be 'Movable' if you'd like to move. 
[2016.10.27-14.23.20:200][222]PIE:Warning: Warning Mobility of Wall_400x300_2 : StaticMeshComponent0 has to be 'Movable' if you'd like to move. 
[2016.10.27-14.23.20:200][222]PIE:Warning: Warning Mobility of Wall_400x300_2 : StaticMeshComponent0 has to be 'Movable' if you'd like to move. 
[2016.10.27-14.23.20:212][223]PIE:Warning: Warning Mobility of Wall_400x300_2 : StaticMeshComponent0 has to be 'Movable' if you'd like to move. 
[2016.10.27-14.23.20:212][223]PIE:Warning: Warning Mobility of Wall_400x300_2 : StaticMeshComponent0 has to be 'Movable' if you'd like to move. 
[2016.10.27-14.23.20:239][225]PIE:Warning: Warning Mobility of Wall_400x300_2 : StaticMeshComponent0 has to be 'Movable' if you'd like to move. 
[2016.10.27-14.23.20:239][225]PIE:Warning: Warning Mobility of Wall_400x300_2 : StaticMeshComponent0 has to be 'Movable' if you'd like to move. 
[2016.10.27-14.23.20:252][226]PIE:Warning: Warning Mobility of Wall_400x300_2 : StaticMeshComponent0 has to be 'Movable' if you'd like to move. 
[2016.10.27-14.23.20:252][226]PIE:Warning: Warning Mobility of Wall_400x300_2 : StaticMeshComponent0 has to be 'Movable' if you'd like to move. 
[2016.10.27-14.23.20:265][227]PIE:Warning: Warning Mobility of Wall_400x300_2 : StaticMeshComponent0 has to be 'Movable' if you'd like to move. 
[2016.10.27-14.23.20:265][227]PIE:Warning: Warning Mobility of Wall_400x300_2 : StaticMeshComponent0 has to be 'Movable' if you'd like to move. 
[2016.10.27-14.23.20:278][228]PIE:Warning: Warning Mobility of Wall_400x300_2 : StaticMeshComponent0 has to be 'Movable' if you'd like to move. 
[2016.10.27-14.23.20:278][228]PIE:Warning: Warning Mobility of Wall_400x300_2 : StaticMeshComponent0 has to be 'Movable' if you'd like to move. 
[2016.10.27-14.23.20:291][229]PIE:Warning: Warning Mobility of Wall_400x300_2 : StaticMeshComponent0 has to be 'Movable' if you'd like to move. 
[2016.10.27-14.23.20:291][229]PIE:Warning: Warning Mobility of Wall_400x300_2 : StaticMeshComponent0 has to be 'Movable' if you'd like to move. 
[2016.10.27-14.23.20:316][231]PIE:Warning: Warning Mobility of Wall_400x300_2 : StaticMeshComponent0 has to be 'Movable' if you'd like to move. 
[2016.10.27-14.23.20:316][231]PIE:Warning: Warning Mobility of Wall_400x300_2 : StaticMeshComponent0 has to be 'Movable' if you'd like to move. 
[2016.10.27-14.23.20:330][232]PIE:Warning: Warning Mobility of Wall_400x300_2 : StaticMeshComponent0 has to be 'Movable' if you'd like to move. 
[2016.10.27-14.23.20:330][232]PIE:Warning: Warning Mobility of Wall_400x300_2 : StaticMeshComponent0 has to be 'Movable' if you'd like to move. 
[2016.10.27-14.23.20:356][234]PIE:Warning: Warning Mobility of Wall_400x300_2 : StaticMeshComponent0 has to be 'Movable' if you'd like to move. 
[2016.10.27-14.23.20:356][234]PIE:Warning: Warning Mobility of Wall_400x300_2 : StaticMeshComponent0 has to be 'Movable' if you'd like to move. 
[2016.10.27-14.23.20:369][235]PIE:Warning: Warning Mobility of Wall_400x300_2 : StaticMeshComponent0 has to be 'Movable' if you'd like to move. 
[2016.10.27-14.23.20:369][235]PIE:Warning: Warning Mobility of Wall_400x300_2 : StaticMeshComponent0 has to be 'Movable' if you'd like to move. 
[2016.10.27-14.23.20:382][236]PIE:Warning: Warning Mobility of Wall_400x300_2 : StaticMeshComponent0 has to be 'Movable' if you'd like to move. 
[2016.10.27-14.23.20:382][236]PIE:Warning: Warning Mobility of Wall_400x300_2 : StaticMeshComponent0 has to be 'Movable' if you'd like to move. 
[2016.10.27-14.23.20:395][237]PIE:Warning: Warning Mobility of Wall_400x300_2 : StaticMeshComponent0 has to be 'Movable' if you'd like to move. 
[2016.10.27-14.23.20:395][237]PIE:Warning: Warning Mobility of Wall_400x300_2 : StaticMeshComponent0 has to be 'Movable' if you'd like to move. 
[2016.10.27-14.23.20:408][238]PIE:Warning: Warning Mobility of Wall_400x300_2 : StaticMeshComponent0 has to be 'Movable' if you'd like to move. 
[2016.10.27-14.23.20:408][238]PIE:Warning: Warning Mobility of Wall_400x300_2 : StaticMeshComponent0 has to be 'Movable' if you'd like to move. 
[2016.10.27-14.23.20:421][239]PIE:Warning: Warning Mobility of Wall_400x300_2 : StaticMeshComponent0 has to be 'Movable' if you'd like to move. 
[2016.10.27-14.23.20:421][239]PIE:Warning: Warning Mobility of Wall_400x300_2 : StaticMeshComponent0 has to be 'Movable' if you'd like to move. 
[2016.10.27-14.23.20:435][240]PIE:Warning: Warning Mobility of Wall_400x300_2 : StaticMeshComponent0 has to be 'Movable' if you'd like to move. 
[2016.10.27-14.23.20:435][240]PIE:Warning: Warning Mobility of Wall_400x300_2 : StaticMeshComponent0 has to be 'Movable' if you'd like to move. 
[2016.10.27-14.23.21:508][351]PIE:Warning: Warning Mobility of Wall_400x300_2 : StaticMeshComponent0 has to be 'Movable' if you'd like to move. 
[2016.10.27-14.23.21:508][351]PIE:Warning: Warning Mobility of Wall_400x300_2 : StaticMeshComponent0 has to be 'Movable' if you'd like to move. 
[2016.10.27-14.23.21:521][352]PIE:Warning: Warning Mobility of Wall_400x300_2 : StaticMeshComponent0 has to be 'Movable' if you'd like to move. 
[2016.10.27-14.23.21:521][352]PIE:Warning: Warning Mobility of Wall_400x300_2 : StaticMeshComponent0 has to be 'Movable' if you'd like to move. 
[2016.10.27-14.23.21:534][353]PIE:Warning: Warning Mobility of Wall_400x300_2 : StaticMeshComponent0 has to be 'Movable' if you'd like to move. 
[2016.10.27-14.23.21:534][353]PIE:Warning: Warning Mobility of Wall_400x300_2 : StaticMeshComponent0 has to be 'Movable' if you'd like to move. 
[2016.10.27-14.23.21:547][354]PIE:Warning: Warning Mobility of Wall_400x300_2 : StaticMeshComponent0 has to be 'Movable' if you'd like to move. 
[2016.10.27-14.23.21:548][354]PIE:Warning: Warning Mobility of Wall_400x300_2 : StaticMeshComponent0 has to be 'Movable' if you'd like to move. 
[2016.10.27-14.23.21:560][355]PIE:Warning: Warning Mobility of Wall_400x300_2 : StaticMeshComponent0 has to be 'Movable' if you'd like to move. 
[2016.10.27-14.23.21:560][355]PIE:Warning: Warning Mobility of Wall_400x300_2 : StaticMeshComponent0 has to be 'Movable' if you'd like to move. 
[2016.10.27-14.23.21:573][356]PIE:Warning: Warning Mobility of Wall_400x300_2 : StaticMeshComponent0 has to be 'Movable' if you'd like to move. 
[2016.10.27-14.23.21:573][356]PIE:Warning: Warning Mobility of Wall_400x300_2 : StaticMeshComponent0 has to be 'Movable' if you'd like to move. 
[2016.10.27-14.23.21:586][357]PIE:Warning: Warning Mobility of Wall_400x300_2 : StaticMeshComponent0 has to be 'Movable' if you'd like to move. 
[2016.10.27-14.23.21:586][357]PIE:Warning: Warning Mobility of Wall_400x300_2 : StaticMeshComponent0 has to be 'Movable' if you'd like to move. 
[2016.10.27-14.23.21:599][358]PIE:Warning: Warning Mobility of Wall_400x300_2 : StaticMeshComponent0 has to be 'Movable' if you'd like to move. 
[2016.10.27-14.23.21:599][358]PIE:Warning: Warning Mobility of Wall_400x300_2 : StaticMeshComponent0 has to be 'Movable' if you'd like to move. 
[2016.10.27-14.23.21:612][359]PIE:Warning: Warning Mobility of Wall_400x300_2 : StaticMeshComponent0 has to be 'Movable' if you'd like to move. 
[2016.10.27-14.23.21:612][359]PIE:Warning: Warning Mobility of Wall_400x300_2 : StaticMeshComponent0 has to be 'Movable' if you'd like to move. 
[2016.10.27-14.23.21:625][360]PIE:Warning: Warning Mobility of Wall_400x300_2 : StaticMeshComponent0 has to be 'Movable' if you'd like to move. 
[2016.10.27-14.23.21:625][360]PIE:Warning: Warning Mobility of Wall_400x300_2 : StaticMeshComponent0 has to be 'Movable' if you'd like to move. 
[2016.10.27-14.23.21:638][361]PIE:Warning: Warning Mobility of Wall_400x300_2 : StaticMeshComponent0 has to be 'Movable' if you'd like to move. 
[2016.10.27-14.23.21:638][361]PIE:Warning: Warning Mobility of Wall_400x300_2 : StaticMeshComponent0 has to be 'Movable' if you'd like to move. 
[2016.10.27-14.23.21:651][362]PIE:Warning: Warning Mobility of Wall_400x300_2 : StaticMeshComponent0 has to be 'Movable' if you'd like to move. 
[2016.10.27-14.23.21:651][362]PIE:Warning: Warning Mobility of Wall_400x300_2 : StaticMeshComponent0 has to be 'Movable' if you'd like to move. 
[2016.10.27-14.23.21:665][363]PIE:Warning: Warning Mobility of Wall_400x300_2 : StaticMeshComponent0 has to be 'Movable' if you'd like to move. 
[2016.10.27-14.23.21:665][363]PIE:Warning: Warning Mobility of Wall_400x300_2 : StaticMeshComponent0 has to be 'Movable' if you'd like to move. 
[2016.10.27-14.23.21:678][364]PIE:Warning: Warning Mobility of Wall_400x300_2 : StaticMeshComponent0 has to be 'Movable' if you'd like to move. 
[2016.10.27-14.23.21:678][364]PIE:Warning: Warning Mobility of Wall_400x300_2 : StaticMeshComponent0 has to be 'Movable' if you'd like to move. 
[2016.10.27-14.23.21:690][365]PIE:Warning: Warning Mobility of Wall_400x300_2 : StaticMeshComponent0 has to be 'Movable' if you'd like to move. 
[2016.10.27-14.23.21:690][365]PIE:Warning: Warning Mobility of Wall_400x300_2 : StaticMeshComponent0 has to be 'Movable' if you'd like to move. 
[2016.10.27-14.23.22:852][478]PIE:Warning: Warning Mobility of Wall_400x300_2 : StaticMeshComponent0 has to be 'Movable' if you'd like to move. 
[2016.10.27-14.23.22:852][478]PIE:Warning: Warning Mobility of Wall_400x300_2 : StaticMeshComponent0 has to be 'Movable' if you'd like to move. 
[2016.10.27-14.23.22:865][479]PIE:Warning: Warning Mobility of Wall_400x300_2 : StaticMeshComponent0 has to be 'Movable' if you'd like to move. 
[2016.10.27-14.23.22:865][479]PIE:Warning: Warning Mobility of Wall_400x300_2 : StaticMeshComponent0 has to be 'Movable' if you'd like to move. 
[2016.10.27-14.23.22:878][480]PIE:Warning: Warning Mobility of Wall_400x300_2 : StaticMeshComponent0 has to be 'Movable' if you'd like to move. 
[2016.10.27-14.23.22:878][480]PIE:Warning: Warning Mobility of Wall_400x300_2 : StaticMeshComponent0 has to be 'Movable' if you'd like to move. 
[2016.10.27-14.23.22:891][481]PIE:Warning: Warning Mobility of Wall_400x300_2 : StaticMeshComponent0 has to be 'Movable' if you'd like to move. 
[2016.10.27-14.23.22:891][481]PIE:Warning: Warning Mobility of Wall_400x300_2 : StaticMeshComponent0 has to be 'Movable' if you'd like to move. 
[2016.10.27-14.23.22:904][482]PIE:Warning: Warning Mobility of Wall_400x300_2 : StaticMeshComponent0 has to be 'Movable' if you'd like to move. 
[2016.10.27-14.23.22:904][482]PIE:Warning: Warning Mobility of Wall_400x300_2 : StaticMeshComponent0 has to be 'Movable' if you'd like to move. 
[2016.10.27-14.23.22:918][483]PIE:Warning: Warning Mobility of Wall_400x300_2 : StaticMeshComponent0 has to be 'Movable' if you'd like to move. 
[2016.10.27-14.23.22:918][483]PIE:Warning: Warning Mobility of Wall_400x300_2 : StaticMeshComponent0 has to be 'Movable' if you'd like to move. 
[2016.10.27-14.23.22:931][484]PIE:Warning: Warning Mobility of Wall_400x300_2 : StaticMeshComponent0 has to be 'Movable' if you'd like to move. 
[2016.10.27-14.23.22:931][484]PIE:Warning: Warning Mobility of Wall_400x300_2 : StaticMeshComponent0 has to be 'Movable' if you'd like to move. 
[2016.10.27-14.23.22:944][485]PIE:Warning: Warning Mobility of Wall_400x300_2 : StaticMeshComponent0 has to be 'Movable' if you'd like to move. 
[2016.10.27-14.23.22:944][485]PIE:Warning: Warning Mobility of Wall_400x300_2 : StaticMeshComponent0 has to be 'Movable' if you'd like to move. 
[2016.10.27-14.23.22:956][486]PIE:Warning: Warning Mobility of Wall_400x300_2 : StaticMeshComponent0 has to be 'Movable' if you'd like to move. 
[2016.10.27-14.23.22:956][486]PIE:Warning: Warning Mobility of Wall_400x300_2 : StaticMeshComponent0 has to be 'Movable' if you'd like to move. 
[2016.10.27-14.23.22:969][487]PIE:Warning: Warning Mobility of Wall_400x300_2 : StaticMeshComponent0 has to be 'Movable' if you'd like to move. 
[2016.10.27-14.23.22:969][487]PIE:Warning: Warning Mobility of Wall_400x300_2 : StaticMeshComponent0 has to be 'Movable' if you'd like to move. 
[2016.10.27-14.23.22:982][488]PIE:Warning: Warning Mobility of Wall_400x300_2 : StaticMeshComponent0 has to be 'Movable' if you'd like to move. 
[2016.10.27-14.23.22:982][488]PIE:Warning: Warning Mobility of Wall_400x300_2 : StaticMeshComponent0 has to be 'Movable' if you'd like to move. 
[2016.10.27-14.23.22:995][489]PIE:Warning: Warning Mobility of Wall_400x300_2 : StaticMeshComponent0 has to be 'Movable' if you'd like to move. 
[2016.10.27-14.23.22:995][489]PIE:Warning: Warning Mobility of Wall_400x300_2 : StaticMeshComponent0 has to be 'Movable' if you'd like to move. 
[2016.10.27-14.23.23:008][490]PIE:Warning: Warning Mobility of Wall_400x300_2 : StaticMeshComponent0 has to be 'Movable' if you'd like to move. 
[2016.10.27-14.23.23:008][490]PIE:Warning: Warning Mobility of Wall_400x300_2 : StaticMeshComponent0 has to be 'Movable' if you'd like to move. 
[2016.10.27-14.23.23:021][491]PIE:Warning: Warning Mobility of Wall_400x300_2 : StaticMeshComponent0 has to be 'Movable' if you'd like to move. 
[2016.10.27-14.23.23:021][491]PIE:Warning: Warning Mobility of Wall_400x300_2 : StaticMeshComponent0 has to be 'Movable' if you'd like to move. 
[2016.10.27-14.23.23:034][492]PIE:Warning: Warning Mobility of Wall_400x300_2 : StaticMeshComponent0 has to be 'Movable' if you'd like to move. 
[2016.10.27-14.23.23:034][492]PIE:Warning: Warning Mobility of Wall_400x300_2 : StaticMeshComponent0 has to be 'Movable' if you'd like to move. 
[2016.10.27-14.23.23:047][493]PIE:Warning: Warning Mobility of Wall_400x300_2 : StaticMeshComponent0 has to be 'Movable' if you'd like to move. 
[2016.10.27-14.23.23:047][493]PIE:Warning: Warning Mobility of Wall_400x300_2 : StaticMeshComponent0 has to be 'Movable' if you'd like to move. 
[2016.10.27-14.23.24:336][622]PIE:Warning: Warning Mobility of Wall_400x300_2 : StaticMeshComponent0 has to be 'Movable' if you'd like to move. 
[2016.10.27-14.23.24:336][622]PIE:Warning: Warning Mobility of Wall_400x300_2 : StaticMeshComponent0 has to be 'Movable' if you'd like to move. 
[2016.10.27-14.23.24:349][623]PIE:Warning: Warning Mobility of Wall_400x300_2 : StaticMeshComponent0 has to be 'Movable' if you'd like to move. 
[2016.10.27-14.23.24:350][623]PIE:Warning: Warning Mobility of Wall_400x300_2 : StaticMeshComponent0 has to be 'Movable' if you'd like to move. 
[2016.10.27-14.23.24:363][624]PIE:Warning: Warning Mobility of Wall_400x300_2 : StaticMeshComponent0 has to be 'Movable' if you'd like to move. 
[2016.10.27-14.23.24:363][624]PIE:Warning: Warning Mobility of Wall_400x300_2 : StaticMeshComponent0 has to be 'Movable' if you'd like to move. 
[2016.10.27-14.23.24:376][625]PIE:Warning: Warning Mobility of Wall_400x300_2 : StaticMeshComponent0 has to be 'Movable' if you'd like to move. 
[2016.10.27-14.23.24:376][625]PIE:Warning: Warning Mobility of Wall_400x300_2 : StaticMeshComponent0 has to be 'Movable' if you'd like to move. 
[2016.10.27-14.23.24:390][626]PIE:Warning: Warning Mobility of Wall_400x300_2 : StaticMeshComponent0 has to be 'Movable' if you'd like to move. 
[2016.10.27-14.23.24:390][626]PIE:Warning: Warning Mobility of Wall_400x300_2 : StaticMeshComponent0 has to be 'Movable' if you'd like to move. 
[2016.10.27-14.23.24:403][627]PIE:Warning: Warning Mobility of Wall_400x300_2 : StaticMeshComponent0 has to be 'Movable' if you'd like to move. 
[2016.10.27-14.23.24:403][627]PIE:Warning: Warning Mobility of Wall_400x300_2 : StaticMeshComponent0 has to be 'Movable' if you'd like to move. 
[2016.10.27-14.23.24:416][628]PIE:Warning: Warning Mobility of Wall_400x300_2 : StaticMeshComponent0 has to be 'Movable' if you'd like to move. 
[2016.10.27-14.23.24:416][628]PIE:Warning: Warning Mobility of Wall_400x300_2 : StaticMeshComponent0 has to be 'Movable' if you'd like to move. 
[2016.10.27-14.23.24:429][629]PIE:Warning: Warning Mobility of Wall_400x300_2 : StaticMeshComponent0 has to be 'Movable' if you'd like to move. 
[2016.10.27-14.23.24:429][629]PIE:Warning: Warning Mobility of Wall_400x300_2 : StaticMeshComponent0 has to be 'Movable' if you'd like to move. 
[2016.10.27-14.23.24:441][630]PIE:Warning: Warning Mobility of Wall_400x300_2 : StaticMeshComponent0 has to be 'Movable' if you'd like to move. 
[2016.10.27-14.23.24:441][630]PIE:Warning: Warning Mobility of Wall_400x300_2 : StaticMeshComponent0 has to be 'Movable' if you'd like to move. 
[2016.10.27-14.23.24:454][631]PIE:Warning: Warning Mobility of Wall_400x300_2 : StaticMeshComponent0 has to be 'Movable' if you'd like to move. 
[2016.10.27-14.23.24:454][631]PIE:Warning: Warning Mobility of Wall_400x300_2 : StaticMeshComponent0 has to be 'Movable' if you'd like to move. 
[2016.10.27-14.23.26:840][867]LogBlueprintUserMessages: Early EndPlayMap Detection: Level '/Game/Levels/Tests.Tests:PersistentLevel' has LevelScriptBlueprint '/Game/Levels/Tests.Tests:PersistentLevel.Tests' with GeneratedClass '/Game/Levels/Tests.Tests_C' with ClassGeneratedBy '/Game/Levels/Tests.Tests:PersistentLevel.Tests'
[2016.10.27-14.23.26:887][867]LogBlueprintUserMessages: Late EndPlayMap Detection: Level '/Game/Levels/Tests.Tests:PersistentLevel' has LevelScriptBlueprint '/Game/Levels/Tests.Tests:PersistentLevel.Tests' with GeneratedClass '/Game/Levels/Tests.Tests_C' with ClassGeneratedBy '/Game/Levels/Tests.Tests:PersistentLevel.Tests'
[2016.10.27-14.23.27:496][934]LogEditorViewport: Clicking on Actor (LMB): StaticMeshActor (Floor)
[2016.10.27-14.23.40:264][383]LogContentBrowser: Native class hierarchy updated for 'BlueprintGraph' in 0.0008 seconds. Added 112 classes and 0 folders.
[2016.10.27-14.23.41:821][455]LogRenderer: Reallocating scene render targets to support 1100x696 (Frame:7075).
[2016.10.27-14.23.45:043][773]LogEditorViewport: Clicking on Actor (LMB): StaticMeshActor (Wall_400x300)
[2016.10.27-14.23.49:392][254]LogBlueprintUserMessages: Early PlayInEditor Detection: Level '/Game/Levels/Tests.Tests:PersistentLevel' has LevelScriptBlueprint '/Game/Levels/Tests.Tests:PersistentLevel.Tests' with GeneratedClass '/Game/Levels/Tests.Tests_C' with ClassGeneratedBy '/Game/Levels/Tests.Tests:PersistentLevel.Tests'
[2016.10.27-14.23.49:392][254]LogPlayLevel: PlayLevel: No blueprints needed recompiling
[2016.10.27-14.23.49:392][254]PIE: New page: PIE session: Tests (Oct 27, 2016, 5:23:49 PM)
[2016.10.27-14.23.49:392][254]LogPlayLevel: Creating play world package: /Game/Levels/UEDPIE_0_Tests
[2016.10.27-14.23.49:400][254]LogPlayLevel: PIE: StaticDuplicateObject took: (0.008037s)
[2016.10.27-14.23.49:401][254]LogAIModule: Creating AISystem for world Tests
[2016.10.27-14.23.49:401][254]LogPlayLevel: PIE: World Init took: (0.000762s)
[2016.10.27-14.23.49:401][254]LogPlayLevel: PIE: Created PIE world by copying editor world from /Game/Levels/Tests.Tests to /Game/Levels/UEDPIE_0_Tests.Tests (0.009034s)
[2016.10.27-14.23.49:425][254]LogInit: XAudio2 using 'BenQ GL2250H-4 (NVIDIA High Definition Audio)' : 2 channels at 48 kHz using 16 bits per sample (channel mask 0x3)
[2016.10.27-14.23.49:430][254]LogInit: FAudioDevice initialized.
[2016.10.27-14.23.49:461][254]LogWorld: Game class is 'GameMode'
[2016.10.27-14.23.49:471][254]LogWorld: Bringing World /Game/Levels/UEDPIE_0_Tests.Tests up for play (max tick rate 0) at 2016.10.27-16.23.49
[2016.10.27-14.23.49:472][254]LogWorld: Bringing up level for play took: 0.009922
[2016.10.27-14.23.49:472][254]LogGameMode:Display: Match State Changed from EnteringMap to WaitingToStart
[2016.10.27-14.23.49:472][254]LogGameState: Match State Changed from EnteringMap to WaitingToStart
[2016.10.27-14.23.49:472][254]LogGameMode:Display: Match State Changed from WaitingToStart to InProgress
[2016.10.27-14.23.49:473][254]LogGameState: Match State Changed from WaitingToStart to InProgress
[2016.10.27-14.23.49:473][254]PIE: Info Play in editor start time for /Game/Levels/UEDPIE_0_Tests 0.613
[2016.10.27-14.23.49:473][254]LogBlueprintUserMessages: Late PlayInEditor Detection: Level '/Game/Levels/Tests.Tests:PersistentLevel' has LevelScriptBlueprint '/Game/Levels/Tests.Tests:PersistentLevel.Tests' with GeneratedClass '/Game/Levels/Tests.Tests_C' with ClassGeneratedBy '/Game/Levels/Tests.Tests:PersistentLevel.Tests'
[2016.10.27-14.23.51:309][472]LogBlueprintUserMessages: [Tests_C_0] false
[2016.10.27-14.23.51:309][472]LogBlueprintUserMessages: [Tests_C_0] 2:
[2016.10.27-14.23.51:309][472]LogBlueprintUserMessages: [Tests_C_0] false
[2016.10.27-14.23.51:310][472]LogBlueprintUserMessages: [Tests_C_0] 1:
[2016.10.27-14.23.57:169][175]LogBlueprintUserMessages: Early EndPlayMap Detection: Level '/Game/Levels/Tests.Tests:PersistentLevel' has LevelScriptBlueprint '/Game/Levels/Tests.Tests:PersistentLevel.Tests' with GeneratedClass '/Game/Levels/Tests.Tests_C' with ClassGeneratedBy '/Game/Levels/Tests.Tests:PersistentLevel.Tests'
[2016.10.27-14.23.57:214][175]LogBlueprintUserMessages: Late EndPlayMap Detection: Level '/Game/Levels/Tests.Tests:PersistentLevel' has LevelScriptBlueprint '/Game/Levels/Tests.Tests:PersistentLevel.Tests' with GeneratedClass '/Game/Levels/Tests.Tests_C' with ClassGeneratedBy '/Game/Levels/Tests.Tests:PersistentLevel.Tests'
[2016.10.27-14.23.58:918][373]LogBlueprintUserMessages: Early PlayInEditor Detection: Level '/Game/Levels/Tests.Tests:PersistentLevel' has LevelScriptBlueprint '/Game/Levels/Tests.Tests:PersistentLevel.Tests' with GeneratedClass '/Game/Levels/Tests.Tests_C' with ClassGeneratedBy '/Game/Levels/Tests.Tests:PersistentLevel.Tests'
[2016.10.27-14.23.58:918][373]LogPlayLevel: PlayLevel: No blueprints needed recompiling
[2016.10.27-14.23.58:918][373]PIE: New page: PIE session: Tests (Oct 27, 2016, 5:23:58 PM)
[2016.10.27-14.23.58:918][373]LogPlayLevel: Creating play world package: /Game/Levels/UEDPIE_0_Tests
[2016.10.27-14.23.58:927][373]LogPlayLevel: PIE: StaticDuplicateObject took: (0.008611s)
[2016.10.27-14.23.58:927][373]LogAIModule: Creating AISystem for world Tests
[2016.10.27-14.23.58:927][373]LogPlayLevel: PIE: World Init took: (0.000731s)
[2016.10.27-14.23.58:928][373]LogPlayLevel: PIE: Created PIE world by copying editor world from /Game/Levels/Tests.Tests to /Game/Levels/UEDPIE_0_Tests.Tests (0.009632s)
[2016.10.27-14.23.58:943][373]LogInit: XAudio2 using 'BenQ GL2250H-4 (NVIDIA High Definition Audio)' : 2 channels at 48 kHz using 16 bits per sample (channel mask 0x3)
[2016.10.27-14.23.58:948][373]LogInit: FAudioDevice initialized.
[2016.10.27-14.23.58:978][373]LogWorld: Game class is 'GameMode'
[2016.10.27-14.23.58:987][373]LogWorld: Bringing World /Game/Levels/UEDPIE_0_Tests.Tests up for play (max tick rate 0) at 2016.10.27-16.23.58
[2016.10.27-14.23.58:988][373]LogWorld: Bringing up level for play took: 0.009143
[2016.10.27-14.23.58:989][373]LogGameMode:Display: Match State Changed from EnteringMap to WaitingToStart
[2016.10.27-14.23.58:989][373]LogGameState: Match State Changed from EnteringMap to WaitingToStart
[2016.10.27-14.23.58:989][373]LogGameMode:Display: Match State Changed from WaitingToStart to InProgress
[2016.10.27-14.23.58:990][373]LogGameState: Match State Changed from WaitingToStart to InProgress
[2016.10.27-14.23.58:990][373]PIE: Info Play in editor start time for /Game/Levels/UEDPIE_0_Tests 0.131
[2016.10.27-14.23.58:990][373]LogBlueprintUserMessages: Late PlayInEditor Detection: Level '/Game/Levels/Tests.Tests:PersistentLevel' has LevelScriptBlueprint '/Game/Levels/Tests.Tests:PersistentLevel.Tests' with GeneratedClass '/Game/Levels/Tests.Tests_C' with ClassGeneratedBy '/Game/Levels/Tests.Tests:PersistentLevel.Tests'
[2016.10.27-14.24.00:225][519]LogBlueprintUserMessages: [Tests_C_0] false
[2016.10.27-14.24.00:225][519]LogBlueprintUserMessages: [Tests_C_0] 2:
[2016.10.27-14.24.00:226][519]LogBlueprintUserMessages: [Tests_C_0] false
[2016.10.27-14.24.00:226][519]LogBlueprintUserMessages: [Tests_C_0] 1:
[2016.10.27-14.24.06:829][285]LogEditorViewport: Clicking on Actor (LMB): StaticMeshActor (Floor)
[2016.10.27-14.24.07:270][322]LogEditorViewport: Clicking on Actor (LMB): StaticMeshActor (Wall_400x300)
[2016.10.27-14.24.12:517][794]LogEditorViewport: Clicking on Actor (LMB): StaticMeshActor (Floor)
[2016.10.27-14.24.42:273][238]LogEditorViewport: Clicking on Actor (LMB): StaticMeshActor (Floor)
[2016.10.27-14.25.17:317][ 20]LogEditorViewport: Clicking on Actor (LMB): StaticMeshActor (Wall_400x300)
[2016.10.27-14.25.34:465][947]LogSavePackage: Save=226.51ms
[2016.10.27-14.25.34:466][947]LogSavePackage: Moving '../../../../../../Users/egimenez/Desktop/ENTI/VAN/VANsGame/Mechanics/BasicMechanics/Saved/TestsC27B68EA44230942900AADA6A2D3D638.tmp' to '../../../../../../Users/egimenez/Desktop/ENTI/VAN/VANsGame/Mechanics/BasicMechanics/Content/Levels/Tests.umap'
[2016.10.27-14.25.34:469][947]LogSavePackage:Display: Finished SavePackage ../../../../../../Users/egimenez/Desktop/ENTI/VAN/VANsGame/Mechanics/BasicMechanics/Content/Levels/Tests.umap
[2016.10.27-14.25.34:503][947]LogFileHelpers: Saving map 'Tests' took 0.338
[2016.10.27-14.25.35:294][ 29]LogWindowsTextInputMethodSystem:Display: IME system now deactivated.
[2016.10.27-14.25.35:364][ 29]LogBlueprintUserMessages: Early EndPlayMap Detection: Level '/Game/Levels/Tests.Tests:PersistentLevel' has LevelScriptBlueprint '/Game/Levels/Tests.Tests:PersistentLevel.Tests' with GeneratedClass '/Game/Levels/Tests.Tests_C' with ClassGeneratedBy '/Game/Levels/Tests.Tests:PersistentLevel.Tests'
[2016.10.27-14.25.35:393][ 29]LogBlueprintUserMessages: Late EndPlayMap Detection: Level '/Game/Levels/Tests.Tests:PersistentLevel' has LevelScriptBlueprint '/Game/Levels/Tests.Tests:PersistentLevel.Tests' with GeneratedClass '/Game/Levels/Tests.Tests_C' with ClassGeneratedBy '/Game/Levels/Tests.Tests:PersistentLevel.Tests'
[2016.10.27-14.25.35:533][ 30]Cmd: QUIT_EDITOR
[2016.10.27-14.25.36:158][ 30]LogExit: Preparing to exit.
[2016.10.27-14.25.37:060][ 30]LogDirectoryWatcher: A directory notification for 'C:/Users/egimenez/Desktop/ENTI/VAN/VANsGame/Mechanics/BasicMechanics/Content/' was aborted.
[2016.10.27-14.25.37:087][ 30]LogExit: Editor shut down
[2016.10.27-14.25.37:087][ 30]LogExit: Transaction tracking system shut down
[2016.10.27-14.25.37:200][ 30]LogObj: Freed 0b from 0 cluster array pools.
[2016.10.27-14.25.37:200][ 30]LogExit: Object subsystem successfully closed.
[2016.10.27-14.25.37:211][ 30]LogD3D11RHI: Shutdown
[2016.10.27-14.25.37:211][ 30]LogD3D11RHI: CleanupD3DDevice
[2016.10.27-14.25.37:299][ 30]LogD3D11RHI: ~FD3D11DynamicRHI
[2016.10.27-14.25.37:309][ 30]LogModuleManager: Shutting down and abandoning module BlueprintGraph (237)
[2016.10.27-14.25.37:309][ 30]LogModuleManager: Shutting down and abandoning module BlueprintProfiler (236)
[2016.10.27-14.25.37:309][ 30]LogModuleManager: Shutting down and abandoning module MovieSceneCapture (235)
[2016.10.27-14.25.37:309][ 30]LogModuleManager: Shutting down and abandoning module HierarchicalLODOutliner (234)
[2016.10.27-14.25.37:309][ 30]LogModuleManager: Shutting down and abandoning module CrashTracker (233)
[2016.10.27-14.25.37:309][ 30]LogModuleManager: Shutting down and abandoning module SceneOutliner (232)
[2016.10.27-14.25.37:309][ 30]LogModuleManager: Shutting down and abandoning module WidgetCarousel (231)
[2016.10.27-14.25.37:309][ 30]LogModuleManager: Shutting down and abandoning module AddContentDialog (230)
[2016.10.27-14.25.37:309][ 30]LogDirectoryWatcher: A directory notification for 'C:/Program Files (x86)/Epic Games/4.13/FeaturePacks/' was aborted.
[2016.10.27-14.25.37:310][ 30]LogModuleManager: Shutting down and abandoning module GameplayTags (229)
[2016.10.27-14.25.37:310][ 30]LogModuleManager: Shutting down and abandoning module EditorWidgets (228)
[2016.10.27-14.25.37:310][ 30]LogModuleManager: Shutting down and abandoning module CollectionManager (227)
[2016.10.27-14.25.37:310][ 30]LogDirectoryWatcher: A directory notification for 'C:/Users/egimenez/Desktop/ENTI/VAN/VANsGame/Mechanics/BasicMechanics/Content/Collections/' was aborted.
[2016.10.27-14.25.37:310][ 30]LogDirectoryWatcher: A directory notification for 'C:/Users/egimenez/Desktop/ENTI/VAN/VANsGame/Mechanics/BasicMechanics/Content/Developers/egimenez/Collections/' was aborted.
[2016.10.27-14.25.37:310][ 30]LogDirectoryWatcher: A directory notification for 'C:/Users/egimenez/Desktop/ENTI/VAN/VANsGame/Mechanics/BasicMechanics/Saved/Collections/' was aborted.
[2016.10.27-14.25.37:310][ 30]LogModuleManager: Shutting down and abandoning module StatsViewer (226)
[2016.10.27-14.25.37:310][ 30]LogModuleManager: Shutting down and abandoning module FoliageEdit (225)
[2016.10.27-14.25.37:310][ 30]LogModuleManager: Shutting down and abandoning module LandscapeEditor (224)
[2016.10.27-14.25.37:310][ 30]LogModuleManager: Shutting down and abandoning module SceneDepthPickerMode (223)
[2016.10.27-14.25.37:310][ 30]LogModuleManager: Shutting down and abandoning module ActorPickerMode (222)
[2016.10.27-14.25.37:310][ 30]LogModuleManager: Shutting down and abandoning module GeometryMode (221)
[2016.10.27-14.25.37:310][ 30]LogModuleManager: Shutting down and abandoning module TextureAlignMode (220)
[2016.10.27-14.25.37:310][ 30]LogModuleManager: Shutting down and abandoning module BspMode (219)
[2016.10.27-14.25.37:310][ 30]LogModuleManager: Shutting down and abandoning module HardwareSurvey (218)
[2016.10.27-14.25.37:310][ 30]LogModuleManager: Shutting down and abandoning module SequenceRecorderSections (217)
[2016.10.27-14.25.37:310][ 30]LogModuleManager: Shutting down and abandoning module SequenceRecorder (216)
[2016.10.27-14.25.37:310][ 30]LogModuleManager: Shutting down and abandoning module AutomationWorker (215)
[2016.10.27-14.25.37:310][ 30]LogModuleManager: Shutting down and abandoning module MatineeToLevelSequence (214)
[2016.10.27-14.25.37:310][ 30]LogModuleManager: Shutting down and abandoning module PlacementMode (213)
[2016.10.27-14.25.37:310][ 30]LogModuleManager: Shutting down and abandoning module LevelSequenceEditor (212)
[2016.10.27-14.25.37:310][ 30]LogModuleManager: Shutting down and abandoning module WmfMediaFactory (211)
[2016.10.27-14.25.37:311][ 30]LogModuleManager: Shutting down and abandoning module WmfMediaEditor (210)
[2016.10.27-14.25.37:311][ 30]LogModuleManager: Shutting down and abandoning module AvfMediaFactory (209)
[2016.10.27-14.25.37:311][ 30]LogModuleManager: Shutting down and abandoning module AvfMediaEditor (208)
[2016.10.27-14.25.37:311][ 30]LogModuleManager: Shutting down and abandoning module Media (207)
[2016.10.27-14.25.37:311][ 30]LogModuleManager: Shutting down and abandoning module AndroidMediaFactory (206)
[2016.10.27-14.25.37:311][ 30]LogModuleManager: Shutting down and abandoning module AndroidMediaEditor (205)
[2016.10.27-14.25.37:311][ 30]LogModuleManager: Shutting down and abandoning module CharacterAI (204)
[2016.10.27-14.25.37:311][ 30]LogModuleManager: Shutting down and abandoning module SmartSnapping (203)
[2016.10.27-14.25.37:311][ 30]LogModuleManager: Shutting down and abandoning module SessionServices (202)
[2016.10.27-14.25.37:311][ 30]LogModuleManager: Shutting down and abandoning module ViewportSnapping (201)
[2016.10.27-14.25.37:311][ 30]LogModuleManager: Shutting down and abandoning module ViewportInteraction (200)
[2016.10.27-14.25.37:311][ 30]LogModuleManager: Shutting down and abandoning module LogVisualizer (199)
[2016.10.27-14.25.37:311][ 30]LogModuleManager: Shutting down and abandoning module GameProjectGeneration (198)
[2016.10.27-14.25.37:311][ 30]LogModuleManager: Shutting down and abandoning module IntroTutorials (197)
[2016.10.27-14.25.37:311][ 30]LogModuleManager: Shutting down and abandoning module EditorLiveStreaming (196)
[2016.10.27-14.25.37:311][ 30]LogModuleManager: Shutting down and abandoning module IOSPlatformEditor (195)
[2016.10.27-14.25.37:311][ 30]LogModuleManager: Shutting down and abandoning module HTML5PlatformEditor (194)
[2016.10.27-14.25.37:311][ 30]LogModuleManager: Shutting down and abandoning module AndroidDeviceDetection (193)
[2016.10.27-14.25.37:707][ 30]LogModuleManager: Shutting down and abandoning module AndroidPlatformEditor (192)
[2016.10.27-14.25.37:707][ 30]LogModuleManager: Shutting down and abandoning module IOSRuntimeSettings (191)
[2016.10.27-14.25.37:707][ 30]LogModuleManager: Shutting down and abandoning module AndroidRuntimeSettings (190)
[2016.10.27-14.25.37:707][ 30]LogModuleManager: Shutting down and abandoning module NiagaraEditor (189)
[2016.10.27-14.25.37:707][ 30]LogModuleManager: Shutting down and abandoning module MergeActors (188)
[2016.10.27-14.25.37:707][ 30]LogModuleManager: Shutting down and abandoning module SizeMap (187)
[2016.10.27-14.25.37:707][ 30]LogModuleManager: Shutting down and abandoning module TreeMap (186)
[2016.10.27-14.25.37:707][ 30]LogModuleManager: Shutting down and abandoning module ReferenceViewer (185)
[2016.10.27-14.25.37:707][ 30]LogModuleManager: Shutting down and abandoning module LocalizationService (184)
[2016.10.27-14.25.37:707][ 30]LogModuleManager: Shutting down and abandoning module LocalizationDashboard (183)
[2016.10.27-14.25.37:707][ 30]LogModuleManager: Shutting down and abandoning module HardwareTargeting (182)
[2016.10.27-14.25.37:707][ 30]LogModuleManager: Shutting down and abandoning module DeviceProfileEditor (181)
[2016.10.27-14.25.37:707][ 30]LogModuleManager: Shutting down and abandoning module UndoHistory (180)
[2016.10.27-14.25.37:707][ 30]LogModuleManager: Shutting down and abandoning module UserFeedback (179)
[2016.10.27-14.25.37:707][ 30]LogModuleManager: Shutting down and abandoning module XmlParser (178)
[2016.10.27-14.25.37:707][ 30]LogModuleManager: Shutting down and abandoning module Blutility (177)
[2016.10.27-14.25.37:708][ 30]LogModuleManager: Shutting down and abandoning module ProjectTargetPlatformEditor (176)
[2016.10.27-14.25.37:708][ 30]LogModuleManager: Shutting down and abandoning module ProjectSettingsViewer (175)
[2016.10.27-14.25.37:708][ 30]LogModuleManager: Shutting down and abandoning module InputBindingEditor (174)
[2016.10.27-14.25.37:708][ 30]LogModuleManager: Shutting down and abandoning module EditorSettingsViewer (173)
[2016.10.27-14.25.37:708][ 30]LogModuleManager: Shutting down and abandoning module SettingsEditor (172)
[2016.10.27-14.25.37:708][ 30]LogModuleManager: Shutting down and abandoning module ProjectLauncher (171)
[2016.10.27-14.25.37:708][ 30]LogModuleManager: Shutting down and abandoning module SessionFrontend (170)
[2016.10.27-14.25.37:708][ 30]LogModuleManager: Shutting down and abandoning module ProfilerClient (169)
[2016.10.27-14.25.37:708][ 30]LogModuleManager: Shutting down and abandoning module TargetDeviceServices (168)
[2016.10.27-14.25.37:709][ 30]LogModuleManager: Shutting down and abandoning module DeviceManager (167)
[2016.10.27-14.25.37:762][ 30]LogModuleManager: Shutting down and abandoning module AutomationController (166)
[2016.10.27-14.25.37:762][ 30]LogModuleManager: Shutting down and abandoning module AutomationWindow (165)
[2016.10.27-14.25.37:762][ 30]LogModuleManager: Shutting down and abandoning module Layers (164)
[2016.10.27-14.25.37:762][ 30]LogModuleManager: Shutting down and abandoning module ComponentVisualizers (163)
[2016.10.27-14.25.37:762][ 30]LogModuleManager: Shutting down and abandoning module DetailCustomizations (162)
[2016.10.27-14.25.37:762][ 30]LogModuleManager: Shutting down and abandoning module PackagesDialog (161)
[2016.10.27-14.25.37:762][ 30]LogModuleManager: Shutting down and abandoning module AnimGraph (160)
[2016.10.27-14.25.37:762][ 30]LogModuleManager: Shutting down and abandoning module Persona (159)
[2016.10.27-14.25.37:763][ 30]LogModuleManager: Shutting down and abandoning module Kismet (158)
[2016.10.27-14.25.37:771][ 30]LogModuleManager: Shutting down and abandoning module GraphEditor (157)
[2016.10.27-14.25.37:771][ 30]LogModuleManager: Shutting down and abandoning module ClassViewer (156)
[2016.10.27-14.25.37:771][ 30]LogModuleManager: Shutting down and abandoning module Toolbox (155)
[2016.10.27-14.25.37:771][ 30]LogModuleManager: Shutting down and abandoning module ModuleUI (154)
[2016.10.27-14.25.37:771][ 30]LogModuleManager: Shutting down and abandoning module MovieSceneTools (153)
[2016.10.27-14.25.37:771][ 30]LogModuleManager: Shutting down and abandoning module OutputLog (152)
[2016.10.27-14.25.37:771][ 30]LogModuleManager: Shutting down and abandoning module GammaUI (151)
[2016.10.27-14.25.37:772][ 30]LogModuleManager: Shutting down and abandoning module Documentation (150)
[2016.10.27-14.25.37:772][ 30]LogModuleManager: Shutting down and abandoning module Niagara (149)
[2016.10.27-14.25.37:772][ 30]LogModuleManager: Shutting down and abandoning module StreamingPauseRendering (148)
[2016.10.27-14.25.37:772][ 30]LogModuleManager: Shutting down and abandoning module AnalyticsET (147)
[2016.10.27-14.25.37:772][ 30]LogModuleManager: Shutting down and abandoning module PortalServices (146)
[2016.10.27-14.25.37:772][ 30]LogModuleManager: Shutting down and abandoning module PortalRpc (145)
[2016.10.27-14.25.37:772][ 30]LogModuleManager: Shutting down and abandoning module MessagingRpc (144)
[2016.10.27-14.25.37:772][ 30]LogModuleManager: Shutting down and abandoning module GameplayDebugger (143)
[2016.10.27-14.25.37:772][ 30]LogModuleManager: Shutting down and abandoning module AITestSuite (142)
[2016.10.27-14.25.37:772][ 30]LogModuleManager: Shutting down and abandoning module AIModule (141)
[2016.10.27-14.25.37:772][ 30]LogModuleManager: Shutting down and abandoning module ProfilerService (140)
[2016.10.27-14.25.37:787][ 30]LogModuleManager: Shutting down and abandoning module TaskGraph (139)
[2016.10.27-14.25.37:787][ 30]LogModuleManager: Shutting down and abandoning module SlateRemote (138)
[2016.10.27-14.25.37:787][ 30]LogModuleManager: Shutting down and abandoning module SteamVRController (137)
[2016.10.27-14.25.37:787][ 30]LogModuleManager: Shutting down and abandoning module SteamVR (136)
[2016.10.27-14.25.37:787][ 30]LogModuleManager: Shutting down and abandoning module ProceduralMeshComponentEditor (135)
[2016.10.27-14.25.37:787][ 30]LogModuleManager: Shutting down and abandoning module ProceduralMeshComponent (134)
[2016.10.27-14.25.37:787][ 30]LogModuleManager: Shutting down and abandoning module OculusLibrary (133)
[2016.10.27-14.25.37:787][ 30]LogModuleManager: Shutting down and abandoning module OculusInput (132)
[2016.10.27-14.25.37:787][ 30]LogModuleManager: Shutting down and abandoning module CustomMeshComponent (131)
[2016.10.27-14.25.37:787][ 30]LogModuleManager: Shutting down and abandoning module CableComponent (130)
[2016.10.27-14.25.37:787][ 30]LogModuleManager: Shutting down and abandoning module ArchVisCharacter (129)
[2016.10.27-14.25.37:787][ 30]LogModuleManager: Shutting down and abandoning module MediaPlayerEditor (127)
[2016.10.27-14.25.37:787][ 30]LogModuleManager: Shutting down and abandoning module HTML5Networking (126)
[2016.10.27-14.25.37:787][ 30]LogModuleManager: Shutting down and abandoning module GeometryCacheEd (125)
[2016.10.27-14.25.37:787][ 30]LogModuleManager: Shutting down and abandoning module GeometryCache (124)
[2016.10.27-14.25.37:787][ 30]LogModuleManager: Shutting down and abandoning module AlembicLibrary (123)
[2016.10.27-14.25.37:787][ 30]LogModuleManager: Shutting down and abandoning module AlembicImporter (122)
[2016.10.27-14.25.37:787][ 30]LogModuleManager: Shutting down and abandoning module SuperSearch (121)
[2016.10.27-14.25.37:787][ 30]LogModuleManager: Shutting down and abandoning module SuperSearchEditor (120)
[2016.10.27-14.25.37:787][ 30]LogModuleManager: Shutting down and abandoning module SpeedTreeImporter (119)
[2016.10.27-14.25.37:787][ 30]LogModuleManager: Shutting down and abandoning module PluginBrowser (118)
[2016.10.27-14.25.37:788][ 30]LogModuleManager: Shutting down and abandoning module MobileLauncherProfileWizard (117)
[2016.10.27-14.25.37:788][ 30]LogModuleManager: Shutting down and abandoning module EpicSurvey (116)
[2016.10.27-14.25.37:788][ 30]LogModuleManager: Shutting down and abandoning module DesktopPlatform (115)
[2016.10.27-14.25.37:788][ 30]LogModuleManager: Shutting down and abandoning module VisualStudioSourceCodeAccess (114)
[2016.10.27-14.25.37:788][ 30]LogModuleManager: Shutting down and abandoning module UObjectPlugin (113)
[2016.10.27-14.25.37:788][ 30]LogModuleManager: Shutting down and abandoning module SubversionSourceControl (112)
[2016.10.27-14.25.37:788][ 30]LogModuleManager: Shutting down and abandoning module PerforceSourceControl (111)
[2016.10.27-14.25.37:788][ 30]LogModuleManager: Shutting down and abandoning module SourceControl (110)
[2016.10.27-14.25.37:788][ 30]LogModuleManager: Shutting down and abandoning module GitSourceControl (109)
[2016.10.27-14.25.37:788][ 30]LogModuleManager: Shutting down and abandoning module LightPropagationVolumeEditor (108)
[2016.10.27-14.25.37:788][ 30]LogModuleManager: Shutting down and abandoning module PaperTiledImporter (107)
[2016.10.27-14.25.37:788][ 30]LogModuleManager: Shutting down and abandoning module PaperSpriteSheetImporter (106)
[2016.10.27-14.25.37:788][ 30]LogModuleManager: Shutting down and abandoning module MeshPaint (105)
[2016.10.27-14.25.37:788][ 30]LogModuleManager: Shutting down and abandoning module FbxAutomationBuilderModule (104)
[2016.10.27-14.25.37:788][ 30]LogModuleManager: Shutting down and abandoning module PixelInspectorModule (103)
[2016.10.27-14.25.37:788][ 30]LogModuleManager: Shutting down and abandoning module HotReload (102)
[2016.10.27-14.25.37:788][ 30]LogModuleManager: Shutting down and abandoning module MainFrame (101)
[2016.10.27-14.25.37:788][ 30]LogModuleManager: Shutting down and abandoning module LevelEditor (100)
[2016.10.27-14.25.37:789][ 30]LogModuleManager: Shutting down and abandoning module ContentBrowser (99)
[2016.10.27-14.25.37:789][ 30]LogModuleManager: Shutting down and abandoning module Paper2DEditor (98)
[2016.10.27-14.25.37:789][ 30]LogModuleManager: Shutting down and abandoning module UdpMessaging (97)
[2016.10.27-14.25.37:890][ 30]LogModuleManager: Shutting down and abandoning module TcpMessaging (96)
[2016.10.27-14.25.37:890][ 30]LogModuleManager: Shutting down and abandoning module LightPropagationVolumeRuntime (95)
[2016.10.27-14.25.37:890][ 30]LogModuleManager: Shutting down and abandoning module Paper2D (94)
[2016.10.27-14.25.37:890][ 30]LogModuleManager: Shutting down and abandoning module WindowsMoviePlayer (93)
[2016.10.27-14.25.37:890][ 30]LogModuleManager: Shutting down and abandoning module WmfMedia (92)
[2016.10.27-14.25.37:890][ 30]LogModuleManager: Shutting down and abandoning module MediaAssets (91)
[2016.10.27-14.25.37:890][ 30]LogModuleManager: Shutting down and abandoning module GameLiveStreaming (90)
[2016.10.27-14.25.37:891][ 30]LogModuleManager: Shutting down and abandoning module GameplayTagsEditor (89)
[2016.10.27-14.25.37:891][ 30]LogModuleManager: Shutting down and abandoning module EnvironmentQueryEditor (88)
[2016.10.27-14.25.37:891][ 30]LogModuleManager: Shutting down and abandoning module VREditor (87)
[2016.10.27-14.25.37:891][ 30]LogModuleManager: Shutting down and abandoning module GameplayTasksEditor (86)
[2016.10.27-14.25.37:891][ 30]LogModuleManager: Shutting down and abandoning module PropertyEditor (85)
[2016.10.27-14.25.37:891][ 30]LogModuleManager: Shutting down and abandoning module BehaviorTreeEditor (84)
[2016.10.27-14.25.37:891][ 30]LogModuleManager: Shutting down and abandoning module FunctionalTesting (83)
[2016.10.27-14.25.37:891][ 30]LogModuleManager: Shutting down and abandoning module CollisionAnalyzer (82)
[2016.10.27-14.25.37:891][ 30]LogModuleManager: Shutting down and abandoning module Sequencer (81)
[2016.10.27-14.25.37:891][ 30]LogModuleManager: Shutting down and abandoning module WorkspaceMenuStructure (80)
[2016.10.27-14.25.37:891][ 30]LogModuleManager: Shutting down and abandoning module MessageLog (79)
[2016.10.27-14.25.37:891][ 30]LogModuleManager: Shutting down and abandoning module AssetTools (78)
[2016.10.27-14.25.37:891][ 30]LogModuleManager: Shutting down and abandoning module UMGEditor (77)
[2016.10.27-14.25.37:891][ 30]LogModuleManager: Shutting down and abandoning module UMG (76)
[2016.10.27-14.25.37:892][ 30]LogModuleManager: Shutting down and abandoning module SlateReflector (75)
[2016.10.27-14.25.37:892][ 30]LogModuleManager: Shutting down and abandoning module Slate (74)
[2016.10.27-14.25.37:892][ 30]LogModuleManager: Shutting down and abandoning module EditorStyle (73)
[2016.10.27-14.25.37:898][ 30]LogModuleManager: Shutting down and abandoning module SourceCodeAccess (72)
[2016.10.27-14.25.37:898][ 30]LogModuleManager: Shutting down and abandoning module HeadMountedDisplay (71)
[2016.10.27-14.25.37:898][ 30]LogModuleManager: Shutting down and abandoning module XAudio2 (70)
[2016.10.27-14.25.37:898][ 30]LogModuleManager: Shutting down and abandoning module Networking (68)
[2016.10.27-14.25.37:898][ 30]LogModuleManager: Shutting down and abandoning module Core (67)
[2016.10.27-14.25.37:898][ 30]LogModuleManager: Shutting down and abandoning module DirectoryWatcher (66)
[2016.10.27-14.25.37:899][ 30]LogDirectoryWatcher: A directory notification for '../../../Engine/Content/' was aborted.
[2016.10.27-14.25.37:899][ 30]LogDirectoryWatcher: A directory notification for '../../../../../../Users/egimenez/Desktop/ENTI/VAN/VANsGame/Mechanics/BasicMechanics/Content/' was aborted.
[2016.10.27-14.25.37:899][ 30]LogDirectoryWatcher: A directory notification for '../../../Engine/Plugins/2D/Paper2D/Content/' was aborted.
[2016.10.27-14.25.37:899][ 30]LogModuleManager: Shutting down and abandoning module AssetRegistry (65)
[2016.10.27-14.25.38:060][ 30]LogModuleManager: Shutting down and abandoning module KismetCompiler (64)
[2016.10.27-14.25.38:060][ 30]LogModuleManager: Shutting down and abandoning module PhysXFormats (63)
[2016.10.27-14.25.38:061][ 30]LogModuleManager: Shutting down and abandoning module MeshUtilities (62)
[2016.10.27-14.25.38:061][ 30]LogModuleManager: Shutting down and abandoning module DerivedDataCache (61)
[2016.10.27-14.25.38:104][ 30]LogDerivedDataCache: Shutdown
[2016.10.27-14.25.38:104][ 30]LogModuleManager: Shutting down and abandoning module VulkanShaderFormat (60)
[2016.10.27-14.25.38:104][ 30]LogModuleManager: Shutting down and abandoning module ShaderFormatOpenGL (59)
[2016.10.27-14.25.38:104][ 30]LogModuleManager: Shutting down and abandoning module ShaderFormatD3D (58)
[2016.10.27-14.25.38:104][ 30]LogModuleManager: Shutting down and abandoning module MetalShaderFormat (57)
[2016.10.27-14.25.38:104][ 30]LogModuleManager: Shutting down and abandoning module TextureFormatUncompressed (56)
[2016.10.27-14.25.38:104][ 30]LogModuleManager: Shutting down and abandoning module TextureFormatPVR (55)
[2016.10.27-14.25.38:104][ 30]LogModuleManager: Shutting down and abandoning module TextureFormatDXT (54)
[2016.10.27-14.25.38:104][ 30]LogModuleManager: Shutting down and abandoning module TextureFormatIntelISPCTexComp (53)
[2016.10.27-14.25.38:104][ 30]LogModuleManager: Shutting down and abandoning module ImageWrapper (52)
[2016.10.27-14.25.38:104][ 30]LogModuleManager: Shutting down and abandoning module TextureFormatASTC (51)
[2016.10.27-14.25.38:104][ 30]LogModuleManager: Shutting down and abandoning module TextureFormatAndroid (50)
[2016.10.27-14.25.38:104][ 30]LogModuleManager: Shutting down and abandoning module AudioFormatOpus (49)
[2016.10.27-14.25.38:104][ 30]LogModuleManager: Shutting down and abandoning module AudioFormatOgg (48)
[2016.10.27-14.25.38:104][ 30]LogModuleManager: Shutting down and abandoning module AudioFormatADPCM (47)
[2016.10.27-14.25.38:104][ 30]LogModuleManager: Shutting down and abandoning module LinuxTargetPlatform (46)
[2016.10.27-14.25.38:104][ 30]LogModuleManager: Shutting down and abandoning module LinuxServerTargetPlatform (45)
[2016.10.27-14.25.38:104][ 30]LogModuleManager: Shutting down and abandoning module LinuxNoEditorTargetPlatform (44)
[2016.10.27-14.25.38:104][ 30]LogModuleManager: Shutting down and abandoning module LinuxClientTargetPlatform (43)
[2016.10.27-14.25.38:104][ 30]LogModuleManager: Shutting down and abandoning module TVOSTargetPlatform (42)
[2016.10.27-14.25.38:104][ 30]LogModuleManager: Shutting down and abandoning module Messaging (41)
[2016.10.27-14.25.38:104][ 30]LogModuleManager: Shutting down and abandoning module IOSTargetPlatform (40)
[2016.10.27-14.25.38:104][ 30]LogModuleManager: Shutting down and abandoning module HTML5TargetPlatform (39)
[2016.10.27-14.25.38:104][ 30]LogModuleManager: Shutting down and abandoning module Android_PVRTCTargetPlatform (38)
[2016.10.27-14.25.38:105][ 30]LogModuleManager: Shutting down and abandoning module Android_MultiTargetPlatform (37)
[2016.10.27-14.25.38:105][ 30]LogModuleManager: Shutting down and abandoning module Android_ETC2TargetPlatform (36)
[2016.10.27-14.25.38:105][ 30]LogModuleManager: Shutting down and abandoning module Android_ETC1TargetPlatform (35)
[2016.10.27-14.25.38:105][ 30]LogModuleManager: Shutting down and abandoning module Android_DXTTargetPlatform (34)
[2016.10.27-14.25.38:105][ 30]LogModuleManager: Shutting down and abandoning module Android_ATCTargetPlatform (33)
[2016.10.27-14.25.38:105][ 30]LogModuleManager: Shutting down and abandoning module Android_ASTCTargetPlatform (32)
[2016.10.27-14.25.38:105][ 30]LogModuleManager: Shutting down and abandoning module AndroidTargetPlatform (31)
[2016.10.27-14.25.38:105][ 30]LogModuleManager: Shutting down and abandoning module WindowsTargetPlatform (30)
[2016.10.27-14.25.38:105][ 30]LogModuleManager: Shutting down and abandoning module WindowsServerTargetPlatform (29)
[2016.10.27-14.25.38:105][ 30]LogModuleManager: Shutting down and abandoning module WindowsNoEditorTargetPlatform (28)
[2016.10.27-14.25.38:105][ 30]LogModuleManager: Shutting down and abandoning module WindowsClientTargetPlatform (27)
[2016.10.27-14.25.38:105][ 30]LogModuleManager: Shutting down and abandoning module AllDesktopTargetPlatform (26)
[2016.10.27-14.25.38:105][ 30]LogModuleManager: Shutting down and abandoning module TargetPlatform (25)
[2016.10.27-14.25.38:105][ 30]LogModuleManager: Shutting down and abandoning module InputCore (24)
[2016.10.27-14.25.38:105][ 30]LogModuleManager: Shutting down and abandoning module Settings (23)
[2016.10.27-14.25.38:105][ 30]LogModuleManager: Shutting down and abandoning module OculusRift (22)
[2016.10.27-14.25.38:106][ 30]LogHMD: Oculus shutdown.
[2016.10.27-14.25.38:106][ 30]LogModuleManager: Shutting down and abandoning module GearVR (21)
[2016.10.27-14.25.38:106][ 30]LogModuleManager: Shutting down and abandoning module ExampleDeviceProfileSelector (20)
[2016.10.27-14.25.38:106][ 30]LogModuleManager: Shutting down and abandoning module OnlineBlueprintSupport (19)
[2016.10.27-14.25.38:106][ 30]LogModuleManager: Shutting down and abandoning module OnlineSubsystem (17)
[2016.10.27-14.25.38:106][ 30]LogOnline:Display: Unloading online subsystem: NULL
[2016.10.27-14.25.38:106][ 30]LogModuleManager: Shutting down and abandoning module HTTP (16)
[2016.10.27-14.25.38:106][ 30]LogHttp:Display: Http module shutting down, but needs to wait on 1 outstanding Http requests:
[2016.10.27-14.25.38:106][ 30]LogHttp:Display: 	verb=[POST] url=[https://datarouter.ol.epicgames.com/datarouter/api/v1/public/data?SessionID=%7B9C916668-400B-3222-7974-7F96D0D40D48%7D&AppID=UEEditor.Rocket.Release&AppVersion=%2B%2BUE4%2BRelease-4.13-CL-3106830&UserID=3ac887684aea52593b35388a610a4462%7Ca87b32ece6994b04a16f0bd7f6ed0b63%7C16943d82-79fa-4d19-96be-7817be24e4d8&AppEnvironment=datacollector-binary&UploadType=eteventstream] status=Processing
[2016.10.27-14.25.38:108][ 30]LogModuleManager: Shutting down and abandoning module XMPP (15)
[2016.10.27-14.25.38:108][ 30]LogModuleManager: Shutting down and abandoning module TextureCompressor (14)
[2016.10.27-14.25.38:109][ 30]LogModuleManager: Shutting down and abandoning module ShaderCore (13)
[2016.10.27-14.25.38:109][ 30]LogModuleManager: Shutting down and abandoning module Landscape (12)
[2016.10.27-14.25.38:109][ 30]LogModuleManager: Shutting down and abandoning module SlateRHIRenderer (11)
[2016.10.27-14.25.38:110][ 30]LogModuleManager: Shutting down and abandoning module OpenGLDrv (10)
[2016.10.27-14.25.38:110][ 30]LogModuleManager: Shutting down and abandoning module D3D11RHI (9)
[2016.10.27-14.25.38:110][ 30]LogModuleManager: Shutting down and abandoning module AnimGraphRuntime (8)
[2016.10.27-14.25.38:110][ 30]LogModuleManager: Shutting down and abandoning module Renderer (7)
[2016.10.27-14.25.38:110][ 30]LogModuleManager: Shutting down and abandoning module Engine (6)
[2016.10.27-14.25.38:110][ 30]LogModuleManager: Shutting down and abandoning module CoreUObject (5)
[2016.10.27-14.25.38:110][ 30]LogModuleManager: Shutting down and abandoning module NetworkFile (4)
[2016.10.27-14.25.38:110][ 30]LogModuleManager: Shutting down and abandoning module StreamingFile (3)
[2016.10.27-14.25.38:110][ 30]LogModuleManager: Shutting down and abandoning module SandboxFile (2)
[2016.10.27-14.25.38:110][ 30]LogModuleManager: Shutting down and abandoning module PakFile (1)
[2016.10.27-14.25.38:113][ 30]LogExit: Exiting.
[2016.10.27-14.25.38:114][ 30]Log file closed, 10/27/16 16:25:38
