Log file open, 11/09/16 15:52:52
LogInit:Display: Running engine for game: BasicMechanics
LogPlatformFile: Not using cached read wrapper
LogInit:Display: RandInit(799720517) SRandInit(799720517).
LogTaskGraph: Started task graph with 5 named threads and 8 total threads with 1 sets of task threads.
LogStats: Stats thread started at 0.072363
LogPluginManager: Loaded Plugin Paper2D, From C:/Program Files (x86)/Epic Games/4.13/Engine/Plugins/2D/Paper2D/Paper2D.uplugin
LogPluginManager: Loaded Plugin LightPropagationVolume, From C:/Program Files (x86)/Epic Games/4.13/Engine/Plugins/Blendables/LightPropagationVolume/LightPropagationVolume.uplugin
LogPluginManager: Loaded Plugin BlankPlugin, From C:/Program Files (x86)/Epic Games/4.13/Engine/Plugins/Developer/BlankPlugin/BlankPlugin.uplugin
LogPluginManager: Loaded Plugin CodeLiteSourceCodeAccess, From C:/Program Files (x86)/Epic Games/4.13/Engine/Plugins/Developer/CodeLiteSourceCodeAccess/CodeLiteSourceCodeAccess.uplugin
LogPluginManager: Loaded Plugin GitSourceControl, From C:/Program Files (x86)/Epic Games/4.13/Engine/Plugins/Developer/GitSourceControl/GitSourceControl.uplugin
LogPluginManager: Loaded Plugin KDevelopSourceCodeAccess, From C:/Program Files (x86)/Epic Games/4.13/Engine/Plugins/Developer/KDevelopSourceCodeAccess/KDevelopSourceCodeAccess.uplugin
LogPluginManager: Loaded Plugin NullSourceCodeAccess, From C:/Program Files (x86)/Epic Games/4.13/Engine/Plugins/Developer/NullSourceCodeAccess/NullSourceCodeAccess.uplugin
LogPluginManager: Loaded Plugin OneSkyLocalizationService, From C:/Program Files (x86)/Epic Games/4.13/Engine/Plugins/Developer/OneSkyLocalizationService/OneSkyLocalizationService.uplugin
LogPluginManager: Loaded Plugin PerforceSourceControl, From C:/Program Files (x86)/Epic Games/4.13/Engine/Plugins/Developer/PerforceSourceControl/PerforceSourceControl.uplugin
LogPluginManager: Loaded Plugin SubversionSourceControl, From C:/Program Files (x86)/Epic Games/4.13/Engine/Plugins/Developer/SubversionSourceControl/SubversionSourceControl.uplugin
LogPluginManager: Loaded Plugin UObjectPlugin, From C:/Program Files (x86)/Epic Games/4.13/Engine/Plugins/Developer/UObjectPlugin/UObjectPlugin.uplugin
LogPluginManager: Loaded Plugin VisualStudioSourceCodeAccess, From C:/Program Files (x86)/Epic Games/4.13/Engine/Plugins/Developer/VisualStudioSourceCodeAccess/VisualStudioSourceCodeAccess.uplugin
LogPluginManager: Loaded Plugin XCodeSourceCodeAccess, From C:/Program Files (x86)/Epic Games/4.13/Engine/Plugins/Developer/XCodeSourceCodeAccess/XCodeSourceCodeAccess.uplugin
LogPluginManager: Loaded Plugin EpicSurvey, From C:/Program Files (x86)/Epic Games/4.13/Engine/Plugins/Editor/EpicSurvey/EpicSurvey.uplugin
LogPluginManager: Loaded Plugin MacGraphicsSwitching, From C:/Program Files (x86)/Epic Games/4.13/Engine/Plugins/Editor/MacGraphicsSwitching/MacGraphicsSwitching.uplugin
LogPluginManager: Loaded Plugin MobileLauncherProfileWizard, From C:/Program Files (x86)/Epic Games/4.13/Engine/Plugins/Editor/MobileLauncherProfileWizard/MobileLauncherProfileWizard.uplugin
LogPluginManager: Loaded Plugin PluginBrowser, From C:/Program Files (x86)/Epic Games/4.13/Engine/Plugins/Editor/PluginBrowser/PluginBrowser.uplugin
LogPluginManager: Loaded Plugin SpeedTreeImporter, From C:/Program Files (x86)/Epic Games/4.13/Engine/Plugins/Editor/SpeedTreeImporter/SpeedTreeImporter.uplugin
LogPluginManager: Loaded Plugin SuperSearchEditor, From C:/Program Files (x86)/Epic Games/4.13/Engine/Plugins/Editor/SuperSearchEditor/SuperSearchEditor.uplugin
LogPluginManager: Loaded Plugin AlembicImporter, From C:/Program Files (x86)/Epic Games/4.13/Engine/Plugins/Experimental/AlembicImporter/AlembicImporter.uplugin
LogPluginManager: Loaded Plugin BlueprintStats, From C:/Program Files (x86)/Epic Games/4.13/Engine/Plugins/Experimental/BlueprintStats/BlueprintStats.uplugin
LogPluginManager: Loaded Plugin CharacterAI, From C:/Program Files (x86)/Epic Games/4.13/Engine/Plugins/Experimental/CharacterAI/CharacterAI.uplugin
LogPluginManager: Loaded Plugin CodeEditor, From C:/Program Files (x86)/Epic Games/4.13/Engine/Plugins/Experimental/CodeEditor/CodeEditor.uplugin
LogPluginManager: Loaded Plugin CodeView, From C:/Program Files (x86)/Epic Games/4.13/Engine/Plugins/Experimental/CodeView/CodeView.uplugin
LogPluginManager: Loaded Plugin HTML5Networking, From C:/Program Files (x86)/Epic Games/4.13/Engine/Plugins/Experimental/HTML5Networking/HTML5Networking.uplugin
LogPluginManager: Loaded Plugin LiveEditor, From C:/Program Files (x86)/Epic Games/4.13/Engine/Plugins/Experimental/LiveEditor/LiveEditor.uplugin
LogPluginManager: Loaded Plugin OSVR, From C:/Program Files (x86)/Epic Games/4.13/Engine/Plugins/Experimental/OSVR/OSVR.uplugin
LogPluginManager: Loaded Plugin Phya, From C:/Program Files (x86)/Epic Games/4.13/Engine/Plugins/Experimental/Phya/Phya.uplugin
LogPluginManager: Loaded Plugin SignificanceManager, From C:/Program Files (x86)/Epic Games/4.13/Engine/Plugins/Experimental/SignificanceManager/SignificanceManager.uplugin
LogPluginManager: Loaded Plugin SimpleHMD, From C:/Program Files (x86)/Epic Games/4.13/Engine/Plugins/Experimental/SimpleHMD/SimpleHMD.uplugin
LogPluginManager: Loaded Plugin StereoPanorama, From C:/Program Files (x86)/Epic Games/4.13/Engine/Plugins/Experimental/StereoPanorama/StereoPanorama.uplugin
LogPluginManager: Loaded Plugin StructBox, From C:/Program Files (x86)/Epic Games/4.13/Engine/Plugins/Experimental/StructBox/StructBox.uplugin
LogPluginManager: Loaded Plugin AndroidMedia, From C:/Program Files (x86)/Epic Games/4.13/Engine/Plugins/Media/AndroidMedia/AndroidMedia.uplugin
LogPluginManager: Loaded Plugin AvfMedia, From C:/Program Files (x86)/Epic Games/4.13/Engine/Plugins/Media/AvfMedia/AvfMedia.uplugin
LogPluginManager: Loaded Plugin MediaPlayerEditor, From C:/Program Files (x86)/Epic Games/4.13/Engine/Plugins/Media/MediaPlayerEditor/MediaPlayerEditor.uplugin
LogPluginManager: Loaded Plugin WmfMedia, From C:/Program Files (x86)/Epic Games/4.13/Engine/Plugins/Media/WmfMedia/WmfMedia.uplugin
LogPluginManager: Loaded Plugin MessagingDebugger, From C:/Program Files (x86)/Epic Games/4.13/Engine/Plugins/Messaging/MessagingDebugger/MessagingDebugger.uplugin
LogPluginManager: Loaded Plugin TcpMessaging, From C:/Program Files (x86)/Epic Games/4.13/Engine/Plugins/Messaging/TcpMessaging/TcpMessaging.uplugin
LogPluginManager: Loaded Plugin UdpMessaging, From C:/Program Files (x86)/Epic Games/4.13/Engine/Plugins/Messaging/UdpMessaging/UdpMessaging.uplugin
LogPluginManager: Loaded Plugin LevelSequenceEditor, From C:/Program Files (x86)/Epic Games/4.13/Engine/Plugins/MovieScene/LevelSequenceEditor/LevelSequenceEditor.uplugin
LogPluginManager: Loaded Plugin MatineeToLevelSequence, From C:/Program Files (x86)/Epic Games/4.13/Engine/Plugins/MovieScene/MatineeToLevelSequence/MatineeToLevelSequence.uplugin
LogPluginManager: Loaded Plugin NetcodeUnitTest, From C:/Program Files (x86)/Epic Games/4.13/Engine/Plugins/NetcodeUnitTest/NetcodeUnitTest/NetcodeUnitTest.uplugin
LogPluginManager: Loaded Plugin NUTUnrealEngine4, From C:/Program Files (x86)/Epic Games/4.13/Engine/Plugins/NetcodeUnitTest/NUTUnrealEngine4/NUTUnrealEngine4.uplugin
LogPluginManager: Loaded Plugin OnlineSubsystemGooglePlay, From C:/Program Files (x86)/Epic Games/4.13/Engine/Plugins/Online/Android/OnlineSubsystemGooglePlay/OnlineSubsystemGooglePlay.uplugin
LogPluginManager: Loaded Plugin OnlineSubsystemIOS, From C:/Program Files (x86)/Epic Games/4.13/Engine/Plugins/Online/IOS/OnlineSubsystemIOS/OnlineSubsystemIOS.uplugin
LogPluginManager: Loaded Plugin OnlineFramework, From C:/Program Files (x86)/Epic Games/4.13/Engine/Plugins/Online/OnlineFramework/OnlineFramework.uplugin
LogPluginManager: Loaded Plugin OnlineSubsystem, From C:/Program Files (x86)/Epic Games/4.13/Engine/Plugins/Online/OnlineSubsystem/OnlineSubsystem.uplugin
LogPluginManager: Loaded Plugin OnlineSubsystemAmazon, From C:/Program Files (x86)/Epic Games/4.13/Engine/Plugins/Online/OnlineSubsystemAmazon/OnlineSubsystemAmazon.uplugin
LogPluginManager: Loaded Plugin OnlineSubsystemFacebook, From C:/Program Files (x86)/Epic Games/4.13/Engine/Plugins/Online/OnlineSubsystemFacebook/OnlineSubsystemFacebook.uplugin
LogPluginManager: Loaded Plugin OnlineSubsystemNull, From C:/Program Files (x86)/Epic Games/4.13/Engine/Plugins/Online/OnlineSubsystemNull/OnlineSubsystemNull.uplugin
LogPluginManager: Loaded Plugin OnlineSubsystemOculus, From C:/Program Files (x86)/Epic Games/4.13/Engine/Plugins/Online/OnlineSubsystemOculus/OnlineSubsystemOculus.uplugin
LogPluginManager: Loaded Plugin OnlineSubsystemSteam, From C:/Program Files (x86)/Epic Games/4.13/Engine/Plugins/Online/OnlineSubsystemSteam/OnlineSubsystemSteam.uplugin
LogPluginManager: Loaded Plugin OnlineSubsystemUtils, From C:/Program Files (x86)/Epic Games/4.13/Engine/Plugins/Online/OnlineSubsystemUtils/OnlineSubsystemUtils.uplugin
LogPluginManager: Loaded Plugin IOSTapJoy, From C:/Program Files (x86)/Epic Games/4.13/Engine/Plugins/Runtime/Advertising/IOSTapJoy/IOSTapJoy.uplugin
LogPluginManager: Loaded Plugin AnalyticsBlueprintLibrary, From C:/Program Files (x86)/Epic Games/4.13/Engine/Plugins/Runtime/Analytics/AnalyticsBlueprintLibrary/AnalyticsBlueprintLibrary.uplugin
LogPluginManager: Loaded Plugin AnalyticsMulticast, From C:/Program Files (x86)/Epic Games/4.13/Engine/Plugins/Runtime/Analytics/AnalyticsMulticast/AnalyticsMulticast.uplugin
LogPluginManager: Loaded Plugin Apsalar, From C:/Program Files (x86)/Epic Games/4.13/Engine/Plugins/Runtime/Analytics/Apsalar/Apsalar.uplugin
LogPluginManager: Loaded Plugin FileLogging, From C:/Program Files (x86)/Epic Games/4.13/Engine/Plugins/Runtime/Analytics/FileLogging/FileLogging.uplugin
LogPluginManager: Loaded Plugin Flurry, From C:/Program Files (x86)/Epic Games/4.13/Engine/Plugins/Runtime/Analytics/Flurry/Flurry.uplugin
LogPluginManager: Loaded Plugin AndroidDeviceProfileSelector, From C:/Program Files (x86)/Epic Games/4.13/Engine/Plugins/Runtime/AndroidDeviceProfileSelector/AndroidDeviceProfileSelector.uplugin
LogPluginManager: Loaded Plugin AndroidMoviePlayer, From C:/Program Files (x86)/Epic Games/4.13/Engine/Plugins/Runtime/AndroidMoviePlayer/AndroidMoviePlayer.uplugin
LogPluginManager: Loaded Plugin AppleMoviePlayer, From C:/Program Files (x86)/Epic Games/4.13/Engine/Plugins/Runtime/AppleMoviePlayer/AppleMoviePlayer.uplugin
LogPluginManager: Loaded Plugin ArchVisCharacter, From C:/Program Files (x86)/Epic Games/4.13/Engine/Plugins/Runtime/ArchVisCharacter/ArchVisCharacter.uplugin
LogPluginManager: Loaded Plugin CableComponent, From C:/Program Files (x86)/Epic Games/4.13/Engine/Plugins/Runtime/CableComponent/CableComponent.uplugin
LogPluginManager: Loaded Plugin CustomMeshComponent, From C:/Program Files (x86)/Epic Games/4.13/Engine/Plugins/Runtime/CustomMeshComponent/CustomMeshComponent.uplugin
LogPluginManager: Loaded Plugin ExampleDeviceProfileSelector, From C:/Program Files (x86)/Epic Games/4.13/Engine/Plugins/Runtime/ExampleDeviceProfileSelector/ExampleDeviceProfileSelector.uplugin
LogPluginManager: Loaded Plugin GearVR, From C:/Program Files (x86)/Epic Games/4.13/Engine/Plugins/Runtime/GearVR/GearVR.uplugin
LogPluginManager: Loaded Plugin GoogleVRController, From C:/Program Files (x86)/Epic Games/4.13/Engine/Plugins/Runtime/GoogleVR/GoogleVRController/GoogleVRController.uplugin
LogPluginManager: Loaded Plugin GoogleVRHMD, From C:/Program Files (x86)/Epic Games/4.13/Engine/Plugins/Runtime/GoogleVR/GoogleVRHMD/GoogleVRHMD.uplugin
LogPluginManager: Loaded Plugin IOSDeviceProfileSelector, From C:/Program Files (x86)/Epic Games/4.13/Engine/Plugins/Runtime/IOSDeviceProfileSelector/IOSDeviceProfileSelector.uplugin
LogPluginManager: Loaded Plugin LeapMotion, From C:/Program Files (x86)/Epic Games/4.13/Engine/Plugins/Runtime/LeapMotion/LeapMotion.uplugin
LogPluginManager: Loaded Plugin LinuxDeviceProfileSelector, From C:/Program Files (x86)/Epic Games/4.13/Engine/Plugins/Runtime/LinuxDeviceProfileSelector/LinuxDeviceProfileSelector.uplugin
LogPluginManager: Loaded Plugin LiveEditorListenServer, From C:/Program Files (x86)/Epic Games/4.13/Engine/Plugins/Runtime/LiveEditorListenServer/LiveEditorListenServer.uplugin
LogPluginManager: Loaded Plugin OculusAudio, From C:/Program Files (x86)/Epic Games/4.13/Engine/Plugins/Runtime/OculusAudio/OculusAudio.uplugin
LogPluginManager: Loaded Plugin OculusInput, From C:/Program Files (x86)/Epic Games/4.13/Engine/Plugins/Runtime/OculusInput/OculusInput.uplugin
LogPluginManager: Loaded Plugin OculusLibrary, From C:/Program Files (x86)/Epic Games/4.13/Engine/Plugins/Runtime/OculusLibrary/OculusLibrary.uplugin
LogPluginManager: Loaded Plugin OculusRift, From C:/Program Files (x86)/Epic Games/4.13/Engine/Plugins/Runtime/OculusRift/OculusRift.uplugin
LogPluginManager: Loaded Plugin Oodle, From C:/Program Files (x86)/Epic Games/4.13/Engine/Plugins/Runtime/PacketHandlers/CompressionComponents/Oodle/Oodle.uplugin
LogPluginManager: Loaded Plugin ProceduralMeshComponent, From C:/Program Files (x86)/Epic Games/4.13/Engine/Plugins/Runtime/ProceduralMeshComponent/ProceduralMeshComponent.uplugin
LogPluginManager: Loaded Plugin SoundMod, From C:/Program Files (x86)/Epic Games/4.13/Engine/Plugins/Runtime/SoundMod/SoundMod.uplugin
LogPluginManager: Loaded Plugin SoundVisualizations, From C:/Program Files (x86)/Epic Games/4.13/Engine/Plugins/Runtime/SoundVisualizations/SoundVisualizations.uplugin
LogPluginManager: Loaded Plugin SteamController, From C:/Program Files (x86)/Epic Games/4.13/Engine/Plugins/Runtime/Steam/SteamController/SteamController.uplugin
LogPluginManager: Loaded Plugin SteamVR, From C:/Program Files (x86)/Epic Games/4.13/Engine/Plugins/Runtime/Steam/SteamVR/SteamVR.uplugin
LogPluginManager: Loaded Plugin WebBrowserWidget, From C:/Program Files (x86)/Epic Games/4.13/Engine/Plugins/Runtime/WebBrowserWidget/WebBrowserWidget.uplugin
LogPluginManager: Loaded Plugin WindowsDeviceProfileSelector, From C:/Program Files (x86)/Epic Games/4.13/Engine/Plugins/Runtime/WindowsDeviceProfileSelector/WindowsDeviceProfileSelector.uplugin
LogPluginManager: Loaded Plugin WindowsMoviePlayer, From C:/Program Files (x86)/Epic Games/4.13/Engine/Plugins/Runtime/WindowsMoviePlayer/WindowsMoviePlayer.uplugin
LogPluginManager: Loaded Plugin ScriptPlugin, From C:/Program Files (x86)/Epic Games/4.13/Engine/Plugins/ScriptPlugin/ScriptPlugin.uplugin
LogPluginManager: Loaded Plugin SlateRemote, From C:/Program Files (x86)/Epic Games/4.13/Engine/Plugins/Slate/SlateRemote/SlateRemote.uplugin
LogInit: Using libcurl 7.47.1
LogInit:  - built for x86_64-pc-win32
LogInit:  - supports SSL with WinSSL
LogInit:  - other features:
LogInit:      CURL_VERSION_SSL
LogInit:      CURL_VERSION_IPV6
LogInit:      CURL_VERSION_ASYNCHDNS
LogInit:      CURL_VERSION_LARGEFILE
LogInit:      CURL_VERSION_IDN
LogInit:  CurlRequestOptions (configurable via config and command line):
LogInit:  - bVerifyPeer = false  - Libcurl will NOT verify peer certificate
LogInit:  - bUseHttpProxy = false  - Libcurl will NOT use HTTP proxy
LogInit:  - bDontReuseConnections = false  - Libcurl will reuse connections
LogInit:  - CertBundlePath = nullptr  - Libcurl will use whatever was configured at build time.
OCULUS: Info: [CAPI] LibOVR module is located at C:\Program Files\Oculus\Support\oculus-runtime\LibOVRRT64_1.dll
OCULUS: Debug: Connected to the server running version (prod = 1).1.6.0(build = 250620) feature version = 0. Client runs version (prod = 1).1.6.0(build = 250620) feature version = 0
LogInit: Build: ++UE4+Release-4.13-CL-3106830
LogInit: Engine Version: 4.13.0-3106830+++UE4+Release-4.13
LogInit: Compatible Engine Version: 4.13.0-3106830+++UE4+Release-4.13
LogInit: Net CL: 3106830
LogDevObjectVersion: Number of dev versions registered: 13
LogDevObjectVersion:   Dev-Blueprints (B0D832E4-1F89-4F0D-ACCF-7EB736FD4AA2): 5
LogDevObjectVersion:   Dev-Build (E1C64328-A22C-4D53-A36C-8E866417BD8C): 0
LogDevObjectVersion:   Dev-Core (375EC13C-06E4-48FB-B500-84F0262A717E): 1
LogDevObjectVersion:   Dev-Editor (E4B068ED-F494-42E9-A231-DA0B2E46BB41): 6
LogDevObjectVersion:   Dev-Framework (CFFC743F-43B0-4480-9391-14DF171D2073): 12
LogDevObjectVersion:   Dev-Mobile (B02B49B5-BB20-44E9-A304-32B752E40360): 0
LogDevObjectVersion:   Dev-Networking (A4E4105C-59A1-49B5-A7C5-40C4547EDFEE): 0
LogDevObjectVersion:   Dev-Online (39C831C9-5AE6-47DC-9A44-9C173E1C8E7C): 0
LogDevObjectVersion:   Dev-Physics (78F01B33-EBEA-4F98-B9B4-84EACCB95AA2): 0
LogDevObjectVersion:   Dev-Platform (6631380F-2D4D-43E0-8009-CF276956A95A): 0
LogDevObjectVersion:   Dev-Rendering (12F88B9F-8875-4AFC-A67C-D90C383ABD29): 4
LogDevObjectVersion:   Dev-Sequencer (7B5AE74C-D270-4C10-A958-57980B212A5A): 0
LogDevObjectVersion:   Dev-VR (D7296918-1DD6-4BDD-9DE2-64A83CC13884): 0
LogInit: Compiled (64-bit): Aug 30 2016 18:11:39
LogInit: Compiled with Visual C++: 19.00.23026.00
LogInit: Build Configuration: Development
LogInit: Branch Name: ++UE4+Release-4.13
LogInit: Command line: -EpicPortal 
LogInit: Base directory: C:/Program Files (x86)/Epic Games/4.13/Engine/Binaries/Win64/
LogInit: Installed Engine Build: 1
LogInit: Presizing for max 8388607 objects, including 0 objects not considered by GC, pre-allocating 0 bytes for permanent pool.
LogInit: Object subsystem initialized
[2016.11.09-14.52.53:377][  0]LogInit: Selected Device Profile: [Windows]
[2016.11.09-14.52.53:377][  0]LogInit: Applying CVar settings loaded from the selected device profile: [Windows]
[2016.11.09-14.52.53:386][  0]LogInit: Computer: S3-13
[2016.11.09-14.52.53:386][  0]LogInit: User: egimenez
[2016.11.09-14.52.53:386][  0]LogInit: CPU Page size=65536, Cores=4
[2016.11.09-14.52.53:386][  0]LogInit: High frequency timer resolution =3.117186 MHz
[2016.11.09-14.52.53:386][  0]LogMemory: Memory total: Physical=16.0GB (16GB approx)
[2016.11.09-14.52.53:386][  0]LogMemory: Platform Memory Stats for Windows
[2016.11.09-14.52.53:386][  0]LogMemory: Process Physical Memory: 261.57 MB used, 261.57 MB peak
[2016.11.09-14.52.53:386][  0]LogMemory: Process Virtual Memory: 263.26 MB used, 263.26 MB peak
[2016.11.09-14.52.53:386][  0]LogMemory: Physical Memory: 4047.11 MB used, 16346.68 MB total
[2016.11.09-14.52.53:386][  0]LogMemory: Virtual Memory: 662.09 MB used, 134217728.00 MB total
[2016.11.09-14.52.53:408][  0]LogTextLocalizationManager: No specific translations for ('en-US') exist, so ('en') translations will be used.
[2016.11.09-14.52.53:898][  0]LogD3D11RHI: D3D11 adapters:
[2016.11.09-14.52.53:921][  0]LogD3D11RHI:    0. 'NVIDIA GeForce GTX 960' (Feature Level 11_0)
[2016.11.09-14.52.53:921][  0]LogD3D11RHI:       4010/0/8173 MB DedicatedVideo/DedicatedSystem/SharedSystem, Outputs:1, VendorId:0x10de
[2016.11.09-14.52.53:923][  0]LogD3D11RHI:    1. 'Microsoft Basic Render Driver' (Feature Level 11_0)
[2016.11.09-14.52.53:923][  0]LogD3D11RHI:       0/0/8173 MB DedicatedVideo/DedicatedSystem/SharedSystem, Outputs:0, VendorId:0x1414
[2016.11.09-14.52.53:923][  0]LogD3D11RHI: Chosen D3D11 Adapter: 0
[2016.11.09-14.52.53:926][  0]LogD3D11RHI: Creating new Direct3DDevice
[2016.11.09-14.52.53:926][  0]LogD3D11RHI:     GPU DeviceId: 0x1401 (for the marketing name, search the web for "GPU Device Id")
[2016.11.09-14.52.53:926][  0]LogWindows: EnumDisplayDevices:
[2016.11.09-14.52.53:926][  0]LogWindows:    0. 'NVIDIA GeForce GTX 960' (P:1 D:1)
[2016.11.09-14.52.53:928][  0]LogWindows:    1. 'NVIDIA GeForce GTX 960' (P:0 D:0)
[2016.11.09-14.52.53:928][  0]LogWindows:    2. 'NVIDIA GeForce GTX 960' (P:0 D:0)
[2016.11.09-14.52.53:928][  0]LogWindows:    3. 'NVIDIA GeForce GTX 960' (P:0 D:0)
[2016.11.09-14.52.53:928][  0]LogWindows: DebugString: FoundDriverCount:4 
[2016.11.09-14.52.53:928][  0]LogD3D11RHI:     Adapter Name: NVIDIA GeForce GTX 960
[2016.11.09-14.52.53:928][  0]LogD3D11RHI:   Driver Version: 368.39 (internal:10.18.13.6839, unified:368.39)
[2016.11.09-14.52.53:928][  0]LogD3D11RHI:      Driver Date: 6-2-2016
[2016.11.09-14.52.53:928][  0]LogRHI: Texture pool is 1361 MB (70% of 1945 MB)
[2016.11.09-14.52.53:941][  0]LogD3D11RHI: Async texture creation enabled
[2016.11.09-14.52.53:951][  0]LogD3D11RHI: GPU Timing Frequency: 1000.000000 (Debug: 2 1)
[2016.11.09-14.52.53:951][  0]LogShaderCompilers: Guid format shader working directory is -34 characters bigger than the processId version (../../../../../../Users/egimenez/Desktop/ENTI/VAN/VANsGame/Mechanics/BasicMechanics/Intermediate/Shaders/WorkingDirectory/7092/).
[2016.11.09-14.52.53:951][  0]LogShaderCompilers: Cleaned the shader compiler working directory 'C:/Users/egimenez/AppData/Local/Temp/UnrealShaderWorkingDir/ED02EE844FE72D3C4B9C7297B61FD075/'.
[2016.11.09-14.52.53:951][  0]LogShaderCompilers:Display: Using Local Shader Compiler.
[2016.11.09-14.52.54:761][  0]OCULUS: Info: [HMDState] Requested to SetForegroundWindow(904f2ll)
[2016.11.09-14.52.54:761][  0]LogTemp:Display: Loaded TP AllDesktopTargetPlatform
[2016.11.09-14.52.54:769][  0]LogTemp:Display: Loaded TP WindowsClientTargetPlatform
[2016.11.09-14.52.54:776][  0]LogTemp:Display: Loaded TP WindowsNoEditorTargetPlatform
[2016.11.09-14.52.54:783][  0]LogTemp:Display: Loaded TP WindowsServerTargetPlatform
[2016.11.09-14.52.54:789][  0]LogTemp:Display: Loaded TP WindowsTargetPlatform
[2016.11.09-14.52.54:796][  0]LogTemp:Display: Loaded TP AndroidTargetPlatform
[2016.11.09-14.52.54:802][  0]LogTemp:Display: Loaded TP Android_ASTCTargetPlatform
[2016.11.09-14.52.54:808][  0]LogTemp:Display: Loaded TP Android_ATCTargetPlatform
[2016.11.09-14.52.54:814][  0]LogTemp:Display: Loaded TP Android_DXTTargetPlatform
[2016.11.09-14.52.54:820][  0]LogTemp:Display: Loaded TP Android_ETC1TargetPlatform
[2016.11.09-14.52.54:826][  0]LogTemp:Display: Loaded TP Android_ETC2TargetPlatform
[2016.11.09-14.52.54:838][  0]LogTemp:Display: Loaded TP Android_MultiTargetPlatform
[2016.11.09-14.52.54:838][  0]LogTemp:Display: Loaded TP Android_PVRTCTargetPlatform
[2016.11.09-14.52.54:839][  0]LogTemp:Display: Loaded TP HTML5TargetPlatform
[2016.11.09-14.52.54:859][  0]LogTemp:Display: Loaded TP IOSTargetPlatform
[2016.11.09-14.52.54:863][  0]LogTemp:Display: Loaded TP TVOSTargetPlatform
[2016.11.09-14.52.54:869][  0]LogTemp:Display: Loaded TP LinuxClientTargetPlatform
[2016.11.09-14.52.54:876][  0]LogTemp:Display: Loaded TP LinuxNoEditorTargetPlatform
[2016.11.09-14.52.54:882][  0]LogTemp:Display: Loaded TP LinuxServerTargetPlatform
[2016.11.09-14.52.54:887][  0]LogTemp:Display: Loaded TP LinuxTargetPlatform
[2016.11.09-14.52.54:887][  0]LogTargetPlatformManager:Display: Building Assets For Windows
[2016.11.09-14.52.54:946][  0]LogDerivedDataCache:Display: Max Cache Size: 512 MB
[2016.11.09-14.52.55:012][  0]LogDerivedDataCache: Loaded boot cache 0.05s 62MB C:/Users/egimenez/AppData/Local/UnrealEngine/4.13/DerivedDataCache/Boot.ddc.
[2016.11.09-14.52.55:012][  0]LogDerivedDataCache:Display: Loaded Boot cache: C:/Users/egimenez/AppData/Local/UnrealEngine/4.13/DerivedDataCache/Boot.ddc
[2016.11.09-14.52.55:012][  0]LogDerivedDataCache: FDerivedDataBackendGraph:  Pak pak cache file ../../../../../../Users/egimenez/Desktop/ENTI/VAN/VANsGame/Mechanics/BasicMechanics/DerivedDataCache/DDC.ddp not found, will not use a pak cache.
[2016.11.09-14.52.55:012][  0]LogDerivedDataCache: Unable to find inner node Pak for hierarchical cache Hierarchy.
[2016.11.09-14.52.55:012][  0]LogDerivedDataCache: FDerivedDataBackendGraph:  CompressedPak pak cache file ../../../../../../Users/egimenez/Desktop/ENTI/VAN/VANsGame/Mechanics/BasicMechanics/DerivedDataCache/Compressed.ddp not found, will not use a pak cache.
[2016.11.09-14.52.55:012][  0]LogDerivedDataCache: Unable to find inner node CompressedPak for hierarchical cache Hierarchy.
[2016.11.09-14.52.55:028][  0]LogDerivedDataCache:Display: Pak cache opened for reading ../../../Engine/DerivedDataCache/Compressed.ddp.
[2016.11.09-14.52.55:040][  0]LogDerivedDataCache: Using Local data cache path C:/Users/egimenez/AppData/Local/UnrealEngine/Common/DerivedDataCache: Writable
[2016.11.09-14.52.55:205][  0]LogInit: Selected Device Profile: [Windows]
[2016.11.09-14.52.55:207][  0]LogContentStreaming: Texture pool size is 0.00 MB
[2016.11.09-14.52.55:284][  0]LogMeshUtilities: No automatic mesh reduction module available
[2016.11.09-14.52.55:284][  0]LogMeshUtilities: No automatic mesh merging module available
[2016.11.09-14.52.55:284][  0]LogMeshUtilities: No distributed automatic mesh merging module available
[2016.11.09-14.52.55:340][  0]LogMaterial: Uniform references updated for custom material expression Custom.
[2016.11.09-14.52.55:420][  0]LogLinker:Warning: Can't find file '/Engine/EditorMaterials/AssetViewer/EpicQuadPanorama_CC+EV1'
[2016.11.09-14.52.55:420][  0]LogLinker: Can't find file '/Engine/EditorMaterials/AssetViewer/EpicQuadPanorama_CC+EV1'
[2016.11.09-14.52.55:595][  0]LogNetVersion: GetLocalNetworkVersion: CL: 3106830, ProjectName: basicmechanics, ProjectVersion: , EngineNetworkVersion: 1, GameNetworkVersion: 0, NetworkChecksum: 2647762835
[2016.11.09-14.52.55:630][  0]LogAssetRegistry: FAssetRegistry took 0.0216 seconds to start up
[2016.11.09-14.52.55:653][  0]LogPackageLocalizationCache: Processed 3 localized package path(s) for 2 prioritized culture(s) in 0.021336 seconds
[2016.11.09-14.52.55:657][  0]LogUObjectArray: 29783 objects as part of root set at end of initial load.
[2016.11.09-14.52.55:657][  0]LogUObjectAllocator: 6126752 out of 0 bytes used by permanent object pool.
[2016.11.09-14.52.55:657][  0]LogUObjectArray: CloseDisregardForGC: 0/0 objects in disregard for GC pool
[2016.11.09-14.52.55:662][  0]LogInit: WinSock: version 1.1 (2.2), MaxSocks=32767, MaxUdp=65467
[2016.11.09-14.52.55:827][  0]LogSlate: SlateFontCache - WITH_FREETYPE: 1, WITH_HARFBUZZ: 1
[2016.11.09-14.52.55:827][  0]LogSlate: SlateFontCache - WITH_FREETYPE: 1, WITH_HARFBUZZ: 1
[2016.11.09-14.52.56:355][  0]LogUdpMessaging: Initializing bridge on interface 0.0.0.0:0 to multicast group 230.0.0.1:6666.
[2016.11.09-14.52.56:556][  0]SourceControl: Info Source control is disabled
[2016.11.09-14.52.56:586][  0]SourceControl: Info Source control is disabled
[2016.11.09-14.52.56:592][  0]SourceControl: Info Source control is disabled
[2016.11.09-14.52.56:598][  0]SourceControl: Info Source control is disabled
[2016.11.09-14.52.56:645][  0]LogLinker:Warning: Can't find file '/Game/ThirdPersonBP/ThirdPersonOverview'
[2016.11.09-14.52.56:645][  0]LogLinker:Warning: Can't find file '/Game/ThirdPersonBP/ThirdPersonOverview'
[2016.11.09-14.52.56:645][  0]LogUObjectGlobals:Warning: Failed to find object 'Class /Game/ThirdPersonBP/ThirdPersonOverview.ThirdPersonOverview_C'
[2016.11.09-14.52.56:792][  0]LogEngine: Initializing Engine...
[2016.11.09-14.52.56:792][  0]LogHMD: Oculus plugin initialized. Version: 4.13.0-3106830+++UE4+Release-4.13, LibOVR: 1.6.0, SDK: 1.6.0, built Aug 30 2016, 18:13:21
[2016.11.09-14.52.56:914][  0]LogAIModule: Creating AISystem for world Untitled
[2016.11.09-14.52.56:922][  0]LogInit: XAudio2 using 'BenQ GL2250H-4 (NVIDIA High Definition Audio)' : 2 channels at 48 kHz using 16 bits per sample (channel mask 0x3)
[2016.11.09-14.52.56:936][  0]LogInit: FAudioDevice initialized.
[2016.11.09-14.52.56:960][  0]LogDerivedDataCache: Saved boot cache 0.02s 62MB C:/Users/egimenez/AppData/Local/UnrealEngine/4.13/DerivedDataCache/Boot.ddc.
[2016.11.09-14.52.56:967][  0]LogInit: Texture streaming: Enabled
[2016.11.09-14.52.56:986][  0]LogInit: Transaction tracking system initialized
[2016.11.09-14.52.57:002][  0]BlueprintLog: New page: Editor Load
[2016.11.09-14.52.57:056][  0]LocalizationService: Info Localization service is disabled
[2016.11.09-14.52.57:113][  0]LogConsoleResponse:Display: 
[2016.11.09-14.52.57:203][  0]LogCook:Display: Max memory allowance for cook 16384mb min free memory 0mb
[2016.11.09-14.52.57:203][  0]LogCook:Display: Mobile HDR setting 1
[2016.11.09-14.52.57:311][  0]LogFileCache: Scanning file cache for directory 'C:/Users/egimenez/Desktop/ENTI/VAN/VANsGame/Mechanics/BasicMechanics/Content/' took 0.01s
[2016.11.09-14.52.57:311][  0]SourceControl: Info Source control is disabled
[2016.11.09-14.52.57:312][  0]Cmd: MAP LOAD FILE="../../../../../../Users/egimenez/Desktop/ENTI/VAN/VANsGame/Mechanics/BasicMechanics/Content/StarterContent/Maps/Minimal_Default.umap" TEMPLATE=0 SHOWPROGRESS=1 FEATURELEVEL=3
[2016.11.09-14.52.57:312][  0]LightingResults: New page: Lighting Build
[2016.11.09-14.52.57:314][  0]MapCheck: New page: Map Check
[2016.11.09-14.52.57:314][  0]LightingResults: New page: Lighting Build
[2016.11.09-14.52.57:593][  0]LogAIModule: Creating AISystem for world Minimal_Default
[2016.11.09-14.52.57:601][  0]LogEditorServer: Finished looking for orphan Actors (0.000 secs)
[2016.11.09-14.52.57:601][  0]Cmd: MAP CHECKDEP NOCLEARLOG
[2016.11.09-14.52.57:638][  0]MapCheck: Info Map check complete: 0 Error(s), 0 Warning(s), took 36.261ms to complete.
[2016.11.09-14.52.57:638][  0]LogFileHelpers: Loading map 'Minimal_Default' took 0.326
[2016.11.09-14.52.57:757][  0]LogCollectionManager: Loaded 0 collections in 0.001345 seconds
[2016.11.09-14.52.57:795][  0]LogFileCache: Scanning file cache for directory 'C:/Users/egimenez/Desktop/ENTI/VAN/VANsGame/Mechanics/BasicMechanics/Saved/Collections/' took 0.01s
[2016.11.09-14.52.57:795][  0]LogFileCache: Scanning file cache for directory 'C:/Users/egimenez/Desktop/ENTI/VAN/VANsGame/Mechanics/BasicMechanics/Content/Developers/egimenez/Collections/' took 0.01s
[2016.11.09-14.52.57:795][  0]LogFileCache: Scanning file cache for directory 'C:/Users/egimenez/Desktop/ENTI/VAN/VANsGame/Mechanics/BasicMechanics/Content/Collections/' took 0.01s
[2016.11.09-14.52.57:795][  0]LogCollectionManager: Rebuilt the GUID cache for 0 collections in 0.000002 seconds
[2016.11.09-14.52.57:803][  0]LogContentBrowser: Native class hierarchy populated in 0.0073 seconds. Added 2148 classes and 417 folders.
[2016.11.09-14.52.57:805][  0]LogStats: UGameplayTagsManager::ConstructGameplayTagTree: Construct from data asset -  0.000 s
[2016.11.09-14.52.57:805][  0]LogStats: UGameplayTagsManager::ConstructGameplayTagTree: GameplayTagTreeChangedEvent.Broadcast -  0.000 s
[2016.11.09-14.52.57:806][  0]LogContentBrowser: Native class hierarchy updated for 'GameplayTags' in 0.0004 seconds. Added 12 classes and 0 folders.
[2016.11.09-14.52.57:809][  0]LogContentBrowser: Native class hierarchy updated for 'WidgetCarousel' in 0.0003 seconds. Added 0 classes and 0 folders.
[2016.11.09-14.52.57:839][  0]LogContentBrowser: Native class hierarchy updated for 'AddContentDialog' in 0.0003 seconds. Added 0 classes and 0 folders.
[2016.11.09-14.52.57:843][  0]LogContentBrowser: Native class hierarchy updated for 'SceneOutliner' in 0.0004 seconds. Added 1 classes and 2 folders.
[2016.11.09-14.52.57:854][  0]LogCrashTracker: Crashtracker disabled due to settings.
[2016.11.09-14.52.57:859][  0]LogUObjectGlobals:Warning: Failed to find object 'Class None.'
[2016.11.09-14.52.57:885][  0]LogContentBrowser: Native class hierarchy updated for 'HierarchicalLODOutliner' in 0.0004 seconds. Added 1 classes and 2 folders.
[2016.11.09-14.52.57:885][  0]LogLoad: (Engine Initialization) Total time: 5.74 seconds
[2016.11.09-14.52.57:885][  0]LogLoad: (Engine Initialization) Total Blueprint compile time: 0.04 seconds
[2016.11.09-14.52.57:885][  0]LogExternalProfiler: Found external profiler: VSPerf
[2016.11.09-14.52.57:885][  0]LogExternalProfiler: Using external profiler: VSPerf
[2016.11.09-14.52.57:894][  0]LogWindowsTextInputMethodSystem:Display: IME system now deactivated.
[2016.11.09-14.52.57:894][  0]LogOcInput: OculusInput pre-init called
[2016.11.09-14.52.57:904][  0]LogOcInput: OculusInput is initialized. Init status 0. Runtime version: 1.6.0
[2016.11.09-14.52.57:922][  0]LogContentStreaming: Texture pool size now 1000 MB
[2016.11.09-14.52.58:060][  0]LogRenderer: Reallocating scene render targets to support 1060x632 (Frame:2).
[2016.11.09-14.52.58:117][  1]LogAssetRegistry: Asset discovery search completed in 2.5089 seconds
[2016.11.09-14.52.58:117][  1]LogCollectionManager: Rebuilt the object cache for 0 collections in 0.000000 seconds (found 0 objects)
[2016.11.09-14.52.58:117][  1]LogCollectionManager: Fixed up redirectors for 0 collections in 0.000031 seconds (updated 0 objects)
[2016.11.09-14.53.02:660][489]LogContentBrowser: Native class hierarchy updated for 'BlueprintGraph' in 0.0007 seconds. Added 112 classes and 0 folders.
[2016.11.09-14.53.03:300][489]LogBlueprint:Error: [Compiler VAN] Error Invalid pin connection from ' OutActors ' to ' self '. You may have changed the type after the connections were made.
[2016.11.09-14.53.03:301][489]LogBlueprint:Error: [Compiler VAN] Error Invalid pin connection from ' OutActors ' to ' self '. You may have changed the type after the connections were made.
[2016.11.09-14.53.03:307][489]LogBlueprint:Warning: [Compiler VAN] Warning [0011.17] Compile of VAN failed. 2 Fatal Issue(s) 0 Warning(s) [in 15 ms] (/Game/VAN/TopDownBP/Blueprints/VAN.VAN)
[2016.11.09-14.53.03:307][489]LogBlueprint:Warning: [Compiler VAN] Warning [0011.17] Compile of VAN failed. 2 Fatal Issue(s) 1 Warning(s) [in 0 ms] (/Game/VAN/TopDownBP/Blueprints/VAN.VAN)
[2016.11.09-14.53.03:307][489]LogBlueprint:Warning: [Compiler VAN] Warning [0011.17] Compile of VAN failed. 2 Fatal Issue(s) 2 Warning(s) [in 0 ms] (/Game/VAN/TopDownBP/Blueprints/VAN.VAN)
[2016.11.09-14.53.28:069][ 89]LogBlueprint:Warning: [ZoneMonster] 'Life' variable not found. Base class was probably changed.
[2016.11.09-14.53.28:069][ 89]LogBlueprint:Warning: [ZoneMonster] 'Life' variable not found. Base class was probably changed.
[2016.11.09-14.53.28:069][ 89]LogBlueprint:Warning: [ZoneMonster] 'Life' variable not found. Base class was probably changed.
[2016.11.09-14.53.51:233][480]BlueprintLog: New page: Compile ZoneMonster
[2016.11.09-14.53.51:270][480]LogBlueprint:Error: [Compiler VAN] Error Invalid pin connection from ' OutActors ' to ' self '. You may have changed the type after the connections were made.
[2016.11.09-14.53.51:271][480]LogBlueprint:Error: [Compiler VAN] Error Invalid pin connection from ' OutActors ' to ' self '. You may have changed the type after the connections were made.
[2016.11.09-14.53.54:598][815]LogSavePackage: Save=29.78ms
[2016.11.09-14.53.54:598][815]LogSavePackage: Moving '../../../../../../Users/egimenez/Desktop/ENTI/VAN/VANsGame/Mechanics/BasicMechanics/Saved/ZoneMonster8AA2A11E415FC31AF375489A454B8FB7.tmp' to '../../../../../../Users/egimenez/Desktop/ENTI/VAN/VANsGame/Mechanics/BasicMechanics/Content/Elements/Monster/ZoneMonster.uasset'
[2016.11.09-14.53.54:601][815]LogSavePackage:Display: Finished SavePackage ../../../../../../Users/egimenez/Desktop/ENTI/VAN/VANsGame/Mechanics/BasicMechanics/Content/Elements/Monster/ZoneMonster.uasset
[2016.11.09-14.54.56:909][833]LogBlueprint:Warning: [ZoneMonsterReturn] 'Life' variable not found. Base class was probably changed.
[2016.11.09-14.54.56:909][833]LogBlueprint:Warning: [ZoneMonsterReturn] 'Life' variable not found. Base class was probably changed.
[2016.11.09-14.54.56:909][833]LogBlueprint:Warning: [ZoneMonsterReturn] 'Life' variable not found. Base class was probably changed.
[2016.11.09-14.55.03:660][618]LogSavePackage: Save=28.73ms
[2016.11.09-14.55.03:660][618]LogSavePackage: Moving '../../../../../../Users/egimenez/Desktop/ENTI/VAN/VANsGame/Mechanics/BasicMechanics/Saved/ZoneMonster70F2408549853BDB95B4B29067356553.tmp' to '../../../../../../Users/egimenez/Desktop/ENTI/VAN/VANsGame/Mechanics/BasicMechanics/Content/Elements/Monster/ZoneMonster.uasset'
[2016.11.09-14.55.03:663][618]LogSavePackage:Display: Finished SavePackage ../../../../../../Users/egimenez/Desktop/ENTI/VAN/VANsGame/Mechanics/BasicMechanics/Content/Elements/Monster/ZoneMonster.uasset
[2016.11.09-14.55.03:735][618]LogSavePackage: Save=30.57ms
[2016.11.09-14.55.03:735][618]LogSavePackage: Moving '../../../../../../Users/egimenez/Desktop/ENTI/VAN/VANsGame/Mechanics/BasicMechanics/Saved/ZoneMonsterReturnD56EBEA34A5CE58ECB717EBF0415E248.tmp' to '../../../../../../Users/egimenez/Desktop/ENTI/VAN/VANsGame/Mechanics/BasicMechanics/Content/Elements/Monster/ZoneMonsterReturn.uasset'
[2016.11.09-14.55.03:738][618]LogSavePackage:Display: Finished SavePackage ../../../../../../Users/egimenez/Desktop/ENTI/VAN/VANsGame/Mechanics/BasicMechanics/Content/Elements/Monster/ZoneMonsterReturn.uasset
[2016.11.09-14.55.25:742][211]LogBlueprint:Warning: [ZoneMonsterReturn] 'Life' variable not found. Base class was probably changed.
[2016.11.09-14.55.33:270][ 74]LogSavePackage: Save=30.37ms
[2016.11.09-14.55.33:270][ 74]LogSavePackage: Moving '../../../../../../Users/egimenez/Desktop/ENTI/VAN/VANsGame/Mechanics/BasicMechanics/Saved/ZoneMonsterEEB6C4E448C5092D2C62B498B93B43CA.tmp' to '../../../../../../Users/egimenez/Desktop/ENTI/VAN/VANsGame/Mechanics/BasicMechanics/Content/Elements/Monster/ZoneMonster.uasset'
[2016.11.09-14.55.33:274][ 74]LogSavePackage:Display: Finished SavePackage ../../../../../../Users/egimenez/Desktop/ENTI/VAN/VANsGame/Mechanics/BasicMechanics/Content/Elements/Monster/ZoneMonster.uasset
[2016.11.09-14.55.33:342][ 74]LogSavePackage: Save=32.84ms
[2016.11.09-14.55.33:342][ 74]LogSavePackage: Moving '../../../../../../Users/egimenez/Desktop/ENTI/VAN/VANsGame/Mechanics/BasicMechanics/Saved/ZoneMonsterReturn843148404E886FD1E54AE7B4F313955A.tmp' to '../../../../../../Users/egimenez/Desktop/ENTI/VAN/VANsGame/Mechanics/BasicMechanics/Content/Elements/Monster/ZoneMonsterReturn.uasset'
[2016.11.09-14.55.33:344][ 74]LogSavePackage:Display: Finished SavePackage ../../../../../../Users/egimenez/Desktop/ENTI/VAN/VANsGame/Mechanics/BasicMechanics/Content/Elements/Monster/ZoneMonsterReturn.uasset
[2016.11.09-14.56.24:850][ 33]LogSavePackage: Save=30.90ms
[2016.11.09-14.56.24:850][ 33]LogSavePackage: Moving '../../../../../../Users/egimenez/Desktop/ENTI/VAN/VANsGame/Mechanics/BasicMechanics/Saved/ZoneMonsterB2BB15A549C5AEAF0663AC818E5E655D.tmp' to '../../../../../../Users/egimenez/Desktop/ENTI/VAN/VANsGame/Mechanics/BasicMechanics/Content/Elements/Monster/ZoneMonster.uasset'
[2016.11.09-14.56.24:854][ 33]LogSavePackage:Display: Finished SavePackage ../../../../../../Users/egimenez/Desktop/ENTI/VAN/VANsGame/Mechanics/BasicMechanics/Content/Elements/Monster/ZoneMonster.uasset
[2016.11.09-14.56.24:923][ 33]LogSavePackage: Save=33.32ms
[2016.11.09-14.56.24:923][ 33]LogSavePackage: Moving '../../../../../../Users/egimenez/Desktop/ENTI/VAN/VANsGame/Mechanics/BasicMechanics/Saved/ZoneMonsterReturn85B9A60A4FD047CCD2447F8090FE4CB1.tmp' to '../../../../../../Users/egimenez/Desktop/ENTI/VAN/VANsGame/Mechanics/BasicMechanics/Content/Elements/Monster/ZoneMonsterReturn.uasset'
[2016.11.09-14.56.24:926][ 33]LogSavePackage:Display: Finished SavePackage ../../../../../../Users/egimenez/Desktop/ENTI/VAN/VANsGame/Mechanics/BasicMechanics/Content/Elements/Monster/ZoneMonsterReturn.uasset
[2016.11.09-14.56.32:271][807]LogAIModule: Creating AISystem for world Tests
[2016.11.09-14.56.32:304][807]Cmd: MAP LOAD FILE="../../../../../../Users/egimenez/Desktop/ENTI/VAN/VANsGame/Mechanics/BasicMechanics/Content/Levels/Tests.umap" TEMPLATE=0 SHOWPROGRESS=1 FEATURELEVEL=3
[2016.11.09-14.56.32:304][807]LightingResults: New page: Lighting Build
[2016.11.09-14.56.32:305][807]LoadErrors: New page: Loading map: Tests.umap
[2016.11.09-14.56.32:306][807]MapCheck: New page: Map Check
[2016.11.09-14.56.32:306][807]LightingResults: New page: Lighting Build
[2016.11.09-14.56.32:334][807]LogEditorServer: Finished looking for orphan Actors (0.000 secs)
[2016.11.09-14.56.32:370][807]Cmd: MAP CHECKDEP NOCLEARLOG
[2016.11.09-14.56.32:413][807]MapCheck: Info Map check complete: 0 Error(s), 0 Warning(s), took 43.083ms to complete.
[2016.11.09-14.56.32:413][807]LogFileHelpers: Loading map 'Tests' took 0.110
[2016.11.09-14.56.33:767][961]LogBlueprintUserMessages: Early PlayInEditor Detection: Level '/Game/Levels/Tests.Tests:PersistentLevel' has LevelScriptBlueprint '/Game/Levels/Tests.Tests:PersistentLevel.Tests' with GeneratedClass '/Game/Levels/Tests.Tests_C' with ClassGeneratedBy '/Game/Levels/Tests.Tests:PersistentLevel.Tests'
[2016.11.09-14.56.33:767][961]BlueprintLog: New page: Pre-Play auto-recompile
[2016.11.09-14.56.33:767][961]LogPlayLevel: [PlayLevel] Compiling ZoneMonster before play...
[2016.11.09-14.56.33:781][961]LogPlayLevel: [PlayLevel]   Compiling VAN as a dependent...
[2016.11.09-14.56.33:803][961]LogBlueprint:Error: [Compiler VAN] Error Invalid pin connection from ' OutActors ' to ' self '. You may have changed the type after the connections were made.
[2016.11.09-14.56.33:804][961]LogBlueprint:Error: [Compiler VAN] Error Invalid pin connection from ' OutActors ' to ' self '. You may have changed the type after the connections were made.
[2016.11.09-14.56.33:959][961]LogPlayLevel: [PlayLevel] Compiling ZoneMonsterReturn before play...
[2016.11.09-14.56.33:971][961]LogBlueprint:Error: [Compiler ZoneMonsterReturn] Error The property associated with  Life  could not be found
[2016.11.09-14.56.33:971][961]LogBlueprint:Error: [Compiler ZoneMonsterReturn] Error The property associated with  Life  could not be found
[2016.11.09-14.56.33:971][961]LogBlueprint:Error: [Compiler ZoneMonsterReturn] Error The property associated with  Life  could not be found
[2016.11.09-14.56.33:974][961]LogPlayLevel: [PlayLevel]   Compiling VAN as a dependent...
[2016.11.09-14.56.33:995][961]LogBlueprint:Error: [Compiler VAN] Error Invalid pin connection from ' OutActors ' to ' self '. You may have changed the type after the connections were made.
[2016.11.09-14.56.33:996][961]LogBlueprint:Error: [Compiler VAN] Error Invalid pin connection from ' OutActors ' to ' self '. You may have changed the type after the connections were made.
[2016.11.09-14.56.34:187][961]LogBlueprint:Warning: [Compiler ZoneMonsterReturn] Warning [0222.06] Compile of ZoneMonsterReturn failed. 3 Fatal Issue(s) 0 Warning(s) [in 222 ms] (/Game/Elements/Monster/ZoneMonsterReturn.ZoneMonsterReturn)
[2016.11.09-14.56.34:188][961]LogBlueprint:Warning: [Compiler ZoneMonsterReturn] Warning [0222.06] Compile of ZoneMonsterReturn failed. 3 Fatal Issue(s) 1 Warning(s) [in 0 ms] (/Game/Elements/Monster/ZoneMonsterReturn.ZoneMonsterReturn)
[2016.11.09-14.56.34:188][961]LogBlueprint:Warning: [Compiler ZoneMonsterReturn] Warning [0222.06] Compile of ZoneMonsterReturn failed. 3 Fatal Issue(s) 2 Warning(s) [in 0 ms] (/Game/Elements/Monster/ZoneMonsterReturn.ZoneMonsterReturn)
[2016.11.09-14.56.34:188][961]LogBlueprint:Warning: [Compiler ZoneMonsterReturn] Warning [0222.06] Compile of ZoneMonsterReturn failed. 3 Fatal Issue(s) 3 Warning(s) [in 0 ms] (/Game/Elements/Monster/ZoneMonsterReturn.ZoneMonsterReturn)
[2016.11.09-14.56.34:192][961]LogBlueprint:Warning: [Compiler ZoneMonsterReturn] Warning [0222.07] Compile of ZoneMonsterReturn failed. 3 Fatal Issue(s) 4 Warning(s) [in 4 ms] (/Game/Elements/Monster/ZoneMonsterReturn.ZoneMonsterReturn)
[2016.11.09-14.56.34:192][961]LogBlueprint:Warning: [Compiler ZoneMonsterReturn] Warning [0222.07] Compile of ZoneMonsterReturn failed. 3 Fatal Issue(s) 5 Warning(s) [in 0 ms] (/Game/Elements/Monster/ZoneMonsterReturn.ZoneMonsterReturn)
[2016.11.09-14.56.34:209][961]LogPlayLevel: PlayLevel: Blueprint regeneration took 442 ms (4 blueprints)
[2016.11.09-14.56.34:209][961]BlueprintLog: Info Blueprint ZoneMonsterReturn failed to compile
[2016.11.09-14.56.39:784][366]BlueprintLog: New page: Compile ZoneMonsterReturn
[2016.11.09-14.56.39:797][366]LogBlueprint:Error: [Compiler ZoneMonsterReturn] Error The property associated with  Life  could not be found
[2016.11.09-14.56.39:797][366]LogBlueprint:Error: [Compiler ZoneMonsterReturn] Error The property associated with  Life  could not be found
[2016.11.09-14.56.39:797][366]LogBlueprint:Error: [Compiler ZoneMonsterReturn] Error The property associated with  Life  could not be found
[2016.11.09-14.56.39:939][366]BlueprintEditorCompileResults:Error: Error The property associated with  Life  could not be found
[2016.11.09-14.56.39:940][366]BlueprintEditorCompileResults:Error: Error The property associated with  Life  could not be found
[2016.11.09-14.56.39:940][366]BlueprintEditorCompileResults:Error: Error The property associated with  Life  could not be found
[2016.11.09-14.56.39:940][366]LogBlueprint:Warning: [Compiler ZoneMonsterReturn] Warning [0227.81] Compile of ZoneMonsterReturn failed. 3 Fatal Issue(s) 0 Warning(s) [in 156 ms] (/Game/Elements/Monster/ZoneMonsterReturn.ZoneMonsterReturn)
[2016.11.09-14.57.04:635][ 70]LogSavePackage: Save=238.14ms
[2016.11.09-14.57.04:635][ 70]LogSavePackage: Moving '../../../../../../Users/egimenez/Desktop/ENTI/VAN/VANsGame/Mechanics/BasicMechanics/Saved/Tests2C0099AD4F7CA2F6CBA51D91BB2BB4A9.tmp' to '../../../../../../Users/egimenez/Desktop/ENTI/VAN/VANsGame/Mechanics/BasicMechanics/Content/Levels/Tests.umap'
[2016.11.09-14.57.04:638][ 70]LogSavePackage:Display: Finished SavePackage ../../../../../../Users/egimenez/Desktop/ENTI/VAN/VANsGame/Mechanics/BasicMechanics/Content/Levels/Tests.umap
[2016.11.09-14.57.04:674][ 70]LogFileHelpers: Saving map 'Tests' took 0.358
[2016.11.09-14.57.04:747][ 70]LogSavePackage: Save=32.84ms
[2016.11.09-14.57.04:747][ 70]LogSavePackage: Moving '../../../../../../Users/egimenez/Desktop/ENTI/VAN/VANsGame/Mechanics/BasicMechanics/Saved/ZoneMonsterReturn561059424F496F336459F1A5190C37FA.tmp' to '../../../../../../Users/egimenez/Desktop/ENTI/VAN/VANsGame/Mechanics/BasicMechanics/Content/Elements/Monster/ZoneMonsterReturn.uasset'
[2016.11.09-14.57.04:750][ 70]LogSavePackage:Display: Finished SavePackage ../../../../../../Users/egimenez/Desktop/ENTI/VAN/VANsGame/Mechanics/BasicMechanics/Content/Elements/Monster/ZoneMonsterReturn.uasset
[2016.11.09-14.57.06:215][241]LogBlueprintUserMessages: Early PlayInEditor Detection: Level '/Game/Levels/Tests.Tests:PersistentLevel' has LevelScriptBlueprint '/Game/Levels/Tests.Tests:PersistentLevel.Tests' with GeneratedClass '/Game/Levels/Tests.Tests_C' with ClassGeneratedBy '/Game/Levels/Tests.Tests:PersistentLevel.Tests'
[2016.11.09-14.57.06:216][241]BlueprintLog: New page: Pre-Play auto-recompile
[2016.11.09-14.57.06:216][241]LogPlayLevel: [PlayLevel] Compiling ZoneMonsterReturn before play...
[2016.11.09-14.57.06:232][241]LogPlayLevel: [PlayLevel]   Compiling VAN as a dependent...
[2016.11.09-14.57.06:255][241]LogBlueprint:Error: [Compiler VAN] Error Invalid pin connection from ' OutActors ' to ' self '. You may have changed the type after the connections were made.
[2016.11.09-14.57.06:255][241]LogBlueprint:Error: [Compiler VAN] Error Invalid pin connection from ' OutActors ' to ' self '. You may have changed the type after the connections were made.
[2016.11.09-14.57.06:267][241]LogUObjectGlobals:Warning: Guid referenced by CapsuleComponent /Game/Levels/Tests.Tests:PersistentLevel.ZoneMonsterReturn_141.CollisionCylinder is already used by CapsuleComponent /Game/Levels/Tests.Tests:PersistentLevel.REINST_ZoneMonsterReturn_C_0.CollisionCylinder, which should never happen in the editor but could happen at runtime with duplicate level loading or PIE
[2016.11.09-14.57.06:268][241]LogUObjectGlobals:Warning: Guid referenced by ArrowComponent /Game/Levels/Tests.Tests:PersistentLevel.ZoneMonsterReturn_141.Arrow is already used by ArrowComponent /Game/Levels/Tests.Tests:PersistentLevel.REINST_ZoneMonsterReturn_C_0.Arrow, which should never happen in the editor but could happen at runtime with duplicate level loading or PIE
[2016.11.09-14.57.06:268][241]LogUObjectGlobals:Warning: Guid referenced by CharacterMovementComponent /Game/Levels/Tests.Tests:PersistentLevel.ZoneMonsterReturn_141.CharMoveComp is already used by CharacterMovementComponent /Game/Levels/Tests.Tests:PersistentLevel.REINST_ZoneMonsterReturn_C_0.CharMoveComp, which should never happen in the editor but could happen at runtime with duplicate level loading or PIE
[2016.11.09-14.57.06:268][241]LogUObjectGlobals:Warning: Guid referenced by SkeletalMeshComponent /Game/Levels/Tests.Tests:PersistentLevel.ZoneMonsterReturn_141.CharacterMesh0 is already used by SkeletalMeshComponent /Game/Levels/Tests.Tests:PersistentLevel.REINST_ZoneMonsterReturn_C_0.CharacterMesh0, which should never happen in the editor but could happen at runtime with duplicate level loading or PIE
[2016.11.09-14.57.06:592][241]LogPlayLevel: PlayLevel: Blueprint regeneration took 376 ms (2 blueprints)
[2016.11.09-14.57.20:052][302]LogActorComponent: UnregisterComponent: (/Engine/Transient.EditorFloorComp) Not registered. Aborting.
[2016.11.09-14.57.20:116][302]LogActorComponent: UnregisterComponent: (/Engine/Transient.EditorFloorComp) Not registered. Aborting.
[2016.11.09-14.57.20:180][302]LogActorComponent: UnregisterComponent: (/Engine/Transient.EditorFloorComp) Not registered. Aborting.
[2016.11.09-14.58.10:406][467]BlueprintLog: New page: Compile VAN
[2016.11.09-14.58.10:434][467]LogBlueprint:Error: [Compiler VAN] Error Invalid pin connection from ' OutActors ' to ' self '. You may have changed the type after the connections were made.
[2016.11.09-14.58.10:434][467]LogBlueprint:Error: [Compiler VAN] Error Invalid pin connection from ' OutActors ' to ' self '. You may have changed the type after the connections were made.
[2016.11.09-14.58.10:590][467]BlueprintEditorCompileResults:Error: Error Invalid pin connection from ' OutActors ' to ' self '. You may have changed the type after the connections were made.
[2016.11.09-14.58.10:590][467]BlueprintEditorCompileResults:Error: Error Invalid pin connection from ' OutActors ' to ' self '. You may have changed the type after the connections were made.
[2016.11.09-14.58.10:590][467]LogBlueprint:Warning: [Compiler VAN] Warning [0318.47] Compile of VAN failed. 2 Fatal Issue(s) 0 Warning(s) [in 183 ms] (/Game/VAN/TopDownBP/Blueprints/VAN.VAN)
[2016.11.09-14.58.28:178][359]BlueprintLog: New page: Compile ZoneMonster
[2016.11.09-14.58.44:116][149]LogSlate:Warning: Prevented a slow task dialog from being summoned while a context menu was open
[2016.11.09-14.59.38:692][500]BlueprintLog: New page: Compile VAN
[2016.11.09-14.59.47:497][487]LogSavePackage: Save=221.81ms
[2016.11.09-14.59.47:497][487]LogSavePackage: Moving '../../../../../../Users/egimenez/Desktop/ENTI/VAN/VANsGame/Mechanics/BasicMechanics/Saved/Tests0881F13A4DF484A653D1A8A95E51C6DD.tmp' to '../../../../../../Users/egimenez/Desktop/ENTI/VAN/VANsGame/Mechanics/BasicMechanics/Content/Levels/Tests.umap'
[2016.11.09-14.59.47:500][487]LogSavePackage:Display: Finished SavePackage ../../../../../../Users/egimenez/Desktop/ENTI/VAN/VANsGame/Mechanics/BasicMechanics/Content/Levels/Tests.umap
[2016.11.09-14.59.47:537][487]LogFileHelpers: Saving map 'Tests' took 0.337
[2016.11.09-14.59.47:629][487]LogSavePackage: Save=50.98ms
[2016.11.09-14.59.47:629][487]LogSavePackage: Moving '../../../../../../Users/egimenez/Desktop/ENTI/VAN/VANsGame/Mechanics/BasicMechanics/Saved/VAN80EA169E42A178FB994A8FBC0DC3BC0F.tmp' to '../../../../../../Users/egimenez/Desktop/ENTI/VAN/VANsGame/Mechanics/BasicMechanics/Content/VAN/TopDownBP/Blueprints/VAN.uasset'
[2016.11.09-14.59.47:632][487]LogSavePackage:Display: Finished SavePackage ../../../../../../Users/egimenez/Desktop/ENTI/VAN/VANsGame/Mechanics/BasicMechanics/Content/VAN/TopDownBP/Blueprints/VAN.uasset
[2016.11.09-14.59.47:702][487]LogSavePackage: Save=29.84ms
[2016.11.09-14.59.47:702][487]LogSavePackage: Moving '../../../../../../Users/egimenez/Desktop/ENTI/VAN/VANsGame/Mechanics/BasicMechanics/Saved/ZoneMonster3B98A1F34A735D5C35F7B3BA56A0B58B.tmp' to '../../../../../../Users/egimenez/Desktop/ENTI/VAN/VANsGame/Mechanics/BasicMechanics/Content/Elements/Monster/ZoneMonster.uasset'
[2016.11.09-14.59.47:705][487]LogSavePackage:Display: Finished SavePackage ../../../../../../Users/egimenez/Desktop/ENTI/VAN/VANsGame/Mechanics/BasicMechanics/Content/Elements/Monster/ZoneMonster.uasset
[2016.11.09-14.59.49:665][718]LogBlueprintUserMessages: Early PlayInEditor Detection: Level '/Game/Levels/Tests.Tests:PersistentLevel' has LevelScriptBlueprint '/Game/Levels/Tests.Tests:PersistentLevel.Tests' with GeneratedClass '/Game/Levels/Tests.Tests_C' with ClassGeneratedBy '/Game/Levels/Tests.Tests:PersistentLevel.Tests'
[2016.11.09-14.59.49:666][718]LogPlayLevel: PlayLevel: No blueprints needed recompiling
[2016.11.09-14.59.49:666][718]PIE: New page: PIE session: Tests (Nov 9, 2016, 4:59:49 PM)
[2016.11.09-14.59.49:666][718]LogPlayLevel: Creating play world package: /Game/Levels/UEDPIE_0_Tests
[2016.11.09-14.59.49:675][718]LogPlayLevel: PIE: StaticDuplicateObject took: (0.009195s)
[2016.11.09-14.59.49:676][718]LogAIModule: Creating AISystem for world Tests
[2016.11.09-14.59.49:676][718]LogPlayLevel: PIE: World Init took: (0.000801s)
[2016.11.09-14.59.49:676][718]LogPlayLevel: PIE: Created PIE world by copying editor world from /Game/Levels/Tests.Tests to /Game/Levels/UEDPIE_0_Tests.Tests (0.010396s)
[2016.11.09-14.59.49:695][718]LogInit: XAudio2 using 'BenQ GL2250H-4 (NVIDIA High Definition Audio)' : 2 channels at 48 kHz using 16 bits per sample (channel mask 0x3)
[2016.11.09-14.59.49:700][718]LogInit: FAudioDevice initialized.
[2016.11.09-14.59.49:745][718]LogWorld: Game class is 'GameMode'
[2016.11.09-14.59.49:756][718]LogWorld: Bringing World /Game/Levels/UEDPIE_0_Tests.Tests up for play (max tick rate 0) at 2016.11.09-15.59.49
[2016.11.09-14.59.49:757][718]LogWorld: Bringing up level for play took: 0.010368
[2016.11.09-14.59.49:761][718]LogContentBrowser: Native class hierarchy updated for 'MovieSceneCapture' in 0.0007 seconds. Added 11 classes and 0 folders.
[2016.11.09-14.59.49:762][718]LogGameMode:Display: Match State Changed from EnteringMap to WaitingToStart
[2016.11.09-14.59.49:762][718]LogGameState: Match State Changed from EnteringMap to WaitingToStart
[2016.11.09-14.59.49:762][718]LogGameMode:Display: Match State Changed from WaitingToStart to InProgress
[2016.11.09-14.59.49:762][718]LogGameState: Match State Changed from WaitingToStart to InProgress
[2016.11.09-14.59.49:762][718]PIE: Info Play in editor start time for /Game/Levels/UEDPIE_0_Tests -0.152
[2016.11.09-14.59.49:762][718]LogBlueprintUserMessages: Late PlayInEditor Detection: Level '/Game/Levels/Tests.Tests:PersistentLevel' has LevelScriptBlueprint '/Game/Levels/Tests.Tests:PersistentLevel.Tests' with GeneratedClass '/Game/Levels/Tests.Tests_C' with ClassGeneratedBy '/Game/Levels/Tests.Tests:PersistentLevel.Tests'
[2016.11.09-14.59.49:764][718]LogNavigation:Warning: UNavigationSystem::SimpleMoveToActor called for NavSys:None Controller:None controlling Pawn:NULL (if any of these is None then there's your problem
[2016.11.09-14.59.50:967][859]LogBlueprintUserMessages: [Tests_C_0] true
[2016.11.09-14.59.50:967][859]LogBlueprintUserMessages: [Tests_C_0] 2:
[2016.11.09-14.59.50:967][859]LogBlueprintUserMessages: [Tests_C_0] false
[2016.11.09-14.59.50:967][859]LogBlueprintUserMessages: [Tests_C_0] 1:
[2016.11.09-14.59.57:668][663]LogBlueprintUserMessages: Early EndPlayMap Detection: Level '/Game/Levels/Tests.Tests:PersistentLevel' has LevelScriptBlueprint '/Game/Levels/Tests.Tests:PersistentLevel.Tests' with GeneratedClass '/Game/Levels/Tests.Tests_C' with ClassGeneratedBy '/Game/Levels/Tests.Tests:PersistentLevel.Tests'
[2016.11.09-14.59.57:715][663]LogBlueprintUserMessages: Late EndPlayMap Detection: Level '/Game/Levels/Tests.Tests:PersistentLevel' has LevelScriptBlueprint '/Game/Levels/Tests.Tests:PersistentLevel.Tests' with GeneratedClass '/Game/Levels/Tests.Tests_C' with ClassGeneratedBy '/Game/Levels/Tests.Tests:PersistentLevel.Tests'
[2016.11.09-15.00.12:026][ 93]LogSavePackage: Save=224.10ms
[2016.11.09-15.00.12:026][ 93]LogSavePackage: Moving '../../../../../../Users/egimenez/Desktop/ENTI/VAN/VANsGame/Mechanics/BasicMechanics/Saved/Tests107A9A7047313C782ABAB2B9CCCFB5EB.tmp' to '../../../../../../Users/egimenez/Desktop/ENTI/VAN/VANsGame/Mechanics/BasicMechanics/Content/Levels/Tests.umap'
[2016.11.09-15.00.12:029][ 93]LogSavePackage:Display: Finished SavePackage ../../../../../../Users/egimenez/Desktop/ENTI/VAN/VANsGame/Mechanics/BasicMechanics/Content/Levels/Tests.umap
[2016.11.09-15.00.12:065][ 93]LogFileHelpers: Saving map 'Tests' took 0.340
[2016.11.09-15.00.12:131][ 93]LogSavePackage: Save=33.20ms
[2016.11.09-15.00.12:131][ 93]LogSavePackage: Moving '../../../../../../Users/egimenez/Desktop/ENTI/VAN/VANsGame/Mechanics/BasicMechanics/Saved/ZoneMonsterE49F25D14AC50FEFC55D4CA22405DB58.tmp' to '../../../../../../Users/egimenez/Desktop/ENTI/VAN/VANsGame/Mechanics/BasicMechanics/Content/Elements/Monster/ZoneMonster.uasset'
[2016.11.09-15.00.12:133][ 93]LogSavePackage:Display: Finished SavePackage ../../../../../../Users/egimenez/Desktop/ENTI/VAN/VANsGame/Mechanics/BasicMechanics/Content/Elements/Monster/ZoneMonster.uasset
[2016.11.09-15.00.12:203][ 93]LogSavePackage: Save=31.53ms
[2016.11.09-15.00.12:203][ 93]LogSavePackage: Moving '../../../../../../Users/egimenez/Desktop/ENTI/VAN/VANsGame/Mechanics/BasicMechanics/Saved/ZoneMonsterReturnA0B2E43B4CB849521B87B4B68E71EB40.tmp' to '../../../../../../Users/egimenez/Desktop/ENTI/VAN/VANsGame/Mechanics/BasicMechanics/Content/Elements/Monster/ZoneMonsterReturn.uasset'
[2016.11.09-15.00.12:205][ 93]LogSavePackage:Display: Finished SavePackage ../../../../../../Users/egimenez/Desktop/ENTI/VAN/VANsGame/Mechanics/BasicMechanics/Content/Elements/Monster/ZoneMonsterReturn.uasset
[2016.11.09-15.00.13:239][199]LogActorComponent: UnregisterComponent: (/Engine/Transient.EditorFloorComp) Not registered. Aborting.
[2016.11.09-15.00.13:304][199]LogActorComponent: UnregisterComponent: (/Engine/Transient.EditorFloorComp) Not registered. Aborting.
[2016.11.09-15.00.13:367][199]LogActorComponent: UnregisterComponent: (/Engine/Transient.EditorFloorComp) Not registered. Aborting.
[2016.11.09-15.00.14:303][302]LogBlueprintUserMessages: Early PlayInEditor Detection: Level '/Game/Levels/Tests.Tests:PersistentLevel' has LevelScriptBlueprint '/Game/Levels/Tests.Tests:PersistentLevel.Tests' with GeneratedClass '/Game/Levels/Tests.Tests_C' with ClassGeneratedBy '/Game/Levels/Tests.Tests:PersistentLevel.Tests'
[2016.11.09-15.00.14:303][302]BlueprintLog: New page: Pre-Play auto-recompile
[2016.11.09-15.00.14:303][302]LogPlayLevel: [PlayLevel] Compiling ZoneMonster before play...
[2016.11.09-15.00.14:373][302]LogPlayLevel: [PlayLevel] Compiling ZoneMonsterReturn before play...
[2016.11.09-15.00.14:462][302]LogPlayLevel: PlayLevel: Blueprint regeneration took 158 ms (2 blueprints)
[2016.11.09-15.00.14:462][302]PIE: New page: PIE session: Tests (Nov 9, 2016, 5:00:14 PM)
[2016.11.09-15.00.14:463][302]LogPlayLevel: Creating play world package: /Game/Levels/UEDPIE_0_Tests
[2016.11.09-15.00.14:471][302]LogPlayLevel: PIE: StaticDuplicateObject took: (0.008694s)
[2016.11.09-15.00.14:472][302]LogAIModule: Creating AISystem for world Tests
[2016.11.09-15.00.14:472][302]LogPlayLevel: PIE: World Init took: (0.000688s)
[2016.11.09-15.00.14:472][302]LogPlayLevel: PIE: Created PIE world by copying editor world from /Game/Levels/Tests.Tests to /Game/Levels/UEDPIE_0_Tests.Tests (0.009667s)
[2016.11.09-15.00.14:489][302]LogInit: XAudio2 using 'BenQ GL2250H-4 (NVIDIA High Definition Audio)' : 2 channels at 48 kHz using 16 bits per sample (channel mask 0x3)
[2016.11.09-15.00.14:493][302]LogInit: FAudioDevice initialized.
[2016.11.09-15.00.14:522][302]LogWorld: Game class is 'GameMode'
[2016.11.09-15.00.14:533][302]LogWorld: Bringing World /Game/Levels/UEDPIE_0_Tests.Tests up for play (max tick rate 0) at 2016.11.09-16.00.14
[2016.11.09-15.00.14:534][302]LogWorld: Bringing up level for play took: 0.010342
[2016.11.09-15.00.14:534][302]LogGameMode:Display: Match State Changed from EnteringMap to WaitingToStart
[2016.11.09-15.00.14:534][302]LogGameState: Match State Changed from EnteringMap to WaitingToStart
[2016.11.09-15.00.14:534][302]LogGameMode:Display: Match State Changed from WaitingToStart to InProgress
[2016.11.09-15.00.14:535][302]LogGameState: Match State Changed from WaitingToStart to InProgress
[2016.11.09-15.00.14:535][302]PIE: Info Play in editor start time for /Game/Levels/UEDPIE_0_Tests 0.622
[2016.11.09-15.00.14:535][302]LogBlueprintUserMessages: Late PlayInEditor Detection: Level '/Game/Levels/Tests.Tests:PersistentLevel' has LevelScriptBlueprint '/Game/Levels/Tests.Tests:PersistentLevel.Tests' with GeneratedClass '/Game/Levels/Tests.Tests_C' with ClassGeneratedBy '/Game/Levels/Tests.Tests:PersistentLevel.Tests'
[2016.11.09-15.00.15:446][410]LogBlueprintUserMessages: [Tests_C_1] true
[2016.11.09-15.00.15:446][410]LogBlueprintUserMessages: [Tests_C_1] 2:
[2016.11.09-15.00.15:446][410]LogBlueprintUserMessages: [Tests_C_1] false
[2016.11.09-15.00.15:446][410]LogBlueprintUserMessages: [Tests_C_1] 1:
[2016.11.09-15.00.38:824][215]LogBlueprintUserMessages: Early EndPlayMap Detection: Level '/Game/Levels/Tests.Tests:PersistentLevel' has LevelScriptBlueprint '/Game/Levels/Tests.Tests:PersistentLevel.Tests' with GeneratedClass '/Game/Levels/Tests.Tests_C' with ClassGeneratedBy '/Game/Levels/Tests.Tests:PersistentLevel.Tests'
[2016.11.09-15.00.38:852][215]LogBlueprintUserMessages: Late EndPlayMap Detection: Level '/Game/Levels/Tests.Tests:PersistentLevel' has LevelScriptBlueprint '/Game/Levels/Tests.Tests:PersistentLevel.Tests' with GeneratedClass '/Game/Levels/Tests.Tests_C' with ClassGeneratedBy '/Game/Levels/Tests.Tests:PersistentLevel.Tests'
[2016.11.09-15.01.40:389][ 47]BlueprintLog: New page: Compile ZoneMonsterReturn
[2016.11.09-15.01.41:918][185]LogBlueprintUserMessages: Early PlayInEditor Detection: Level '/Game/Levels/Tests.Tests:PersistentLevel' has LevelScriptBlueprint '/Game/Levels/Tests.Tests:PersistentLevel.Tests' with GeneratedClass '/Game/Levels/Tests.Tests_C' with ClassGeneratedBy '/Game/Levels/Tests.Tests:PersistentLevel.Tests'
[2016.11.09-15.01.41:918][185]LogPlayLevel: PlayLevel: No blueprints needed recompiling
[2016.11.09-15.01.41:919][185]PIE: New page: PIE session: Tests (Nov 9, 2016, 5:01:41 PM)
[2016.11.09-15.01.41:919][185]LogPlayLevel: Creating play world package: /Game/Levels/UEDPIE_0_Tests
[2016.11.09-15.01.41:928][185]LogPlayLevel: PIE: StaticDuplicateObject took: (0.009571s)
[2016.11.09-15.01.41:929][185]LogAIModule: Creating AISystem for world Tests
[2016.11.09-15.01.41:929][185]LogPlayLevel: PIE: World Init took: (0.000848s)
[2016.11.09-15.01.41:929][185]LogPlayLevel: PIE: Created PIE world by copying editor world from /Game/Levels/Tests.Tests to /Game/Levels/UEDPIE_0_Tests.Tests (0.010689s)
[2016.11.09-15.01.41:948][185]LogInit: XAudio2 using 'BenQ GL2250H-4 (NVIDIA High Definition Audio)' : 2 channels at 48 kHz using 16 bits per sample (channel mask 0x3)
[2016.11.09-15.01.41:952][185]LogInit: FAudioDevice initialized.
[2016.11.09-15.01.41:985][185]LogWorld: Game class is 'GameMode'
[2016.11.09-15.01.41:994][185]LogWorld: Bringing World /Game/Levels/UEDPIE_0_Tests.Tests up for play (max tick rate 0) at 2016.11.09-16.01.41
[2016.11.09-15.01.41:995][185]LogWorld: Bringing up level for play took: 0.009844
[2016.11.09-15.01.41:996][185]LogGameMode:Display: Match State Changed from EnteringMap to WaitingToStart
[2016.11.09-15.01.41:996][185]LogGameState: Match State Changed from EnteringMap to WaitingToStart
[2016.11.09-15.01.41:996][185]LogGameMode:Display: Match State Changed from WaitingToStart to InProgress
[2016.11.09-15.01.41:996][185]LogGameState: Match State Changed from WaitingToStart to InProgress
[2016.11.09-15.01.41:996][185]PIE: Info Play in editor start time for /Game/Levels/UEDPIE_0_Tests 0.087
[2016.11.09-15.01.41:997][185]LogBlueprintUserMessages: Late PlayInEditor Detection: Level '/Game/Levels/Tests.Tests:PersistentLevel' has LevelScriptBlueprint '/Game/Levels/Tests.Tests:PersistentLevel.Tests' with GeneratedClass '/Game/Levels/Tests.Tests_C' with ClassGeneratedBy '/Game/Levels/Tests.Tests:PersistentLevel.Tests'
[2016.11.09-15.01.42:786][275]LogBlueprintUserMessages: [Tests_C_1] true
[2016.11.09-15.01.42:786][275]LogBlueprintUserMessages: [Tests_C_1] 2:
[2016.11.09-15.01.42:786][275]LogBlueprintUserMessages: [Tests_C_1] false
[2016.11.09-15.01.42:786][275]LogBlueprintUserMessages: [Tests_C_1] 1:
[2016.11.09-15.01.44:225][444]LogBlueprintUserMessages: [Tests_C_1] false
[2016.11.09-15.01.44:225][444]LogBlueprintUserMessages: [Tests_C_1] 2:
[2016.11.09-15.01.44:225][444]LogBlueprintUserMessages: [Tests_C_1] false
[2016.11.09-15.01.44:225][444]LogBlueprintUserMessages: [Tests_C_1] 1:
[2016.11.09-15.01.57:134][946]LogBlueprintUserMessages: Early EndPlayMap Detection: Level '/Game/Levels/Tests.Tests:PersistentLevel' has LevelScriptBlueprint '/Game/Levels/Tests.Tests:PersistentLevel.Tests' with GeneratedClass '/Game/Levels/Tests.Tests_C' with ClassGeneratedBy '/Game/Levels/Tests.Tests:PersistentLevel.Tests'
[2016.11.09-15.01.57:182][946]LogBlueprintUserMessages: Late EndPlayMap Detection: Level '/Game/Levels/Tests.Tests:PersistentLevel' has LevelScriptBlueprint '/Game/Levels/Tests.Tests:PersistentLevel.Tests' with GeneratedClass '/Game/Levels/Tests.Tests_C' with ClassGeneratedBy '/Game/Levels/Tests.Tests:PersistentLevel.Tests'
[2016.11.09-15.05.53:340][906]LogSlate:Warning: Prevented a slow task dialog from being summoned while a context menu was open
[2016.11.09-15.06.26:876][285]BlueprintLog: New page: Compile VAN
[2016.11.09-15.06.29:985][533]LogSavePackage: Save=224.23ms
[2016.11.09-15.06.29:985][533]LogSavePackage: Moving '../../../../../../Users/egimenez/Desktop/ENTI/VAN/VANsGame/Mechanics/BasicMechanics/Saved/TestsC11197A246B74CF9DC4B98A65E9499D2.tmp' to '../../../../../../Users/egimenez/Desktop/ENTI/VAN/VANsGame/Mechanics/BasicMechanics/Content/Levels/Tests.umap'
[2016.11.09-15.06.29:988][533]LogSavePackage:Display: Finished SavePackage ../../../../../../Users/egimenez/Desktop/ENTI/VAN/VANsGame/Mechanics/BasicMechanics/Content/Levels/Tests.umap
[2016.11.09-15.06.30:024][533]LogFileHelpers: Saving map 'Tests' took 0.346
[2016.11.09-15.06.30:118][533]LogSavePackage: Save=55.30ms
[2016.11.09-15.06.30:118][533]LogSavePackage: Moving '../../../../../../Users/egimenez/Desktop/ENTI/VAN/VANsGame/Mechanics/BasicMechanics/Saved/VANB6BFA44B4B9DCDCDF67226919B5EE738.tmp' to '../../../../../../Users/egimenez/Desktop/ENTI/VAN/VANsGame/Mechanics/BasicMechanics/Content/VAN/TopDownBP/Blueprints/VAN.uasset'
[2016.11.09-15.06.30:120][533]LogSavePackage:Display: Finished SavePackage ../../../../../../Users/egimenez/Desktop/ENTI/VAN/VANsGame/Mechanics/BasicMechanics/Content/VAN/TopDownBP/Blueprints/VAN.uasset
[2016.11.09-15.06.30:192][533]LogSavePackage: Save=32.55ms
[2016.11.09-15.06.30:192][533]LogSavePackage: Moving '../../../../../../Users/egimenez/Desktop/ENTI/VAN/VANsGame/Mechanics/BasicMechanics/Saved/ZoneMonsterReturn70E8210D404209D130CA968E015F4F7D.tmp' to '../../../../../../Users/egimenez/Desktop/ENTI/VAN/VANsGame/Mechanics/BasicMechanics/Content/Elements/Monster/ZoneMonsterReturn.uasset'
[2016.11.09-15.06.30:195][533]LogSavePackage:Display: Finished SavePackage ../../../../../../Users/egimenez/Desktop/ENTI/VAN/VANsGame/Mechanics/BasicMechanics/Content/Elements/Monster/ZoneMonsterReturn.uasset
[2016.11.09-15.06.36:952][261]LogBlueprintUserMessages: Early PlayInEditor Detection: Level '/Game/Levels/Tests.Tests:PersistentLevel' has LevelScriptBlueprint '/Game/Levels/Tests.Tests:PersistentLevel.Tests' with GeneratedClass '/Game/Levels/Tests.Tests_C' with ClassGeneratedBy '/Game/Levels/Tests.Tests:PersistentLevel.Tests'
[2016.11.09-15.06.36:952][261]LogPlayLevel: PlayLevel: No blueprints needed recompiling
[2016.11.09-15.06.36:952][261]PIE: New page: PIE session: Tests (Nov 9, 2016, 5:06:36 PM)
[2016.11.09-15.06.36:952][261]LogPlayLevel: Creating play world package: /Game/Levels/UEDPIE_0_Tests
[2016.11.09-15.06.36:962][261]LogPlayLevel: PIE: StaticDuplicateObject took: (0.009869s)
[2016.11.09-15.06.36:962][261]LogAIModule: Creating AISystem for world Tests
[2016.11.09-15.06.36:963][261]LogPlayLevel: PIE: World Init took: (0.001021s)
[2016.11.09-15.06.36:963][261]LogPlayLevel: PIE: Created PIE world by copying editor world from /Game/Levels/Tests.Tests to /Game/Levels/UEDPIE_0_Tests.Tests (0.011094s)
[2016.11.09-15.06.36:983][261]LogInit: XAudio2 using 'BenQ GL2250H-4 (NVIDIA High Definition Audio)' : 2 channels at 48 kHz using 16 bits per sample (channel mask 0x3)
[2016.11.09-15.06.36:989][261]LogInit: FAudioDevice initialized.
[2016.11.09-15.06.37:017][261]LogWorld: Game class is 'GameMode'
[2016.11.09-15.06.37:028][261]LogWorld: Bringing World /Game/Levels/UEDPIE_0_Tests.Tests up for play (max tick rate 0) at 2016.11.09-16.06.37
[2016.11.09-15.06.37:029][261]LogWorld: Bringing up level for play took: 0.011534
[2016.11.09-15.06.37:030][261]LogGameMode:Display: Match State Changed from EnteringMap to WaitingToStart
[2016.11.09-15.06.37:030][261]LogGameState: Match State Changed from EnteringMap to WaitingToStart
[2016.11.09-15.06.37:030][261]LogGameMode:Display: Match State Changed from WaitingToStart to InProgress
[2016.11.09-15.06.37:030][261]LogGameState: Match State Changed from WaitingToStart to InProgress
[2016.11.09-15.06.37:030][261]PIE: Info Play in editor start time for /Game/Levels/UEDPIE_0_Tests -0.868
[2016.11.09-15.06.37:030][261]LogBlueprintUserMessages: Late PlayInEditor Detection: Level '/Game/Levels/Tests.Tests:PersistentLevel' has LevelScriptBlueprint '/Game/Levels/Tests.Tests:PersistentLevel.Tests' with GeneratedClass '/Game/Levels/Tests.Tests_C' with ClassGeneratedBy '/Game/Levels/Tests.Tests:PersistentLevel.Tests'
[2016.11.09-15.06.37:874][360]LogBlueprintUserMessages: [Tests_C_0] true
[2016.11.09-15.06.37:874][360]LogBlueprintUserMessages: [Tests_C_0] 2:
[2016.11.09-15.06.37:874][360]LogBlueprintUserMessages: [Tests_C_0] false
[2016.11.09-15.06.37:874][360]LogBlueprintUserMessages: [Tests_C_0] 1:
[2016.11.09-15.07.25:803][111]LogNavigation:Warning: UNavigationSystem::SimpleMoveToActor called for NavSys:None Controller:None controlling Pawn:NULL (if any of these is None then there's your problem
[2016.11.09-15.07.29:827][594]LogBlueprintUserMessages: Early EndPlayMap Detection: Level '/Game/Levels/Tests.Tests:PersistentLevel' has LevelScriptBlueprint '/Game/Levels/Tests.Tests:PersistentLevel.Tests' with GeneratedClass '/Game/Levels/Tests.Tests_C' with ClassGeneratedBy '/Game/Levels/Tests.Tests:PersistentLevel.Tests'
[2016.11.09-15.07.29:886][594]LogBlueprintUserMessages: Late EndPlayMap Detection: Level '/Game/Levels/Tests.Tests:PersistentLevel' has LevelScriptBlueprint '/Game/Levels/Tests.Tests:PersistentLevel.Tests' with GeneratedClass '/Game/Levels/Tests.Tests_C' with ClassGeneratedBy '/Game/Levels/Tests.Tests:PersistentLevel.Tests'
[2016.11.09-15.07.39:729][745]LogActorComponent: UnregisterComponent: (/Engine/Transient.EditorFloorComp) Not registered. Aborting.
[2016.11.09-15.07.39:773][745]LogActorComponent: UnregisterComponent: (/Engine/Transient.EditorFloorComp) Not registered. Aborting.
[2016.11.09-15.07.39:827][745]LogActorComponent: UnregisterComponent: (/Engine/Transient.EditorFloorComp) Not registered. Aborting.
[2016.11.09-15.07.39:873][745]LogWindowsTextInputMethodSystem:Display: IME system now deactivated.
[2016.11.09-15.07.40:074][746]Cmd: QUIT_EDITOR
[2016.11.09-15.07.41:018][746]LogExit: Preparing to exit.
[2016.11.09-15.07.41:744][746]LogDirectoryWatcher: A directory notification for 'C:/Users/egimenez/Desktop/ENTI/VAN/VANsGame/Mechanics/BasicMechanics/Content/' was aborted.
[2016.11.09-15.07.41:775][746]LogExit: Editor shut down
[2016.11.09-15.07.41:776][746]LogExit: Transaction tracking system shut down
[2016.11.09-15.07.41:900][746]LogObj: Freed 0b from 0 cluster array pools.
[2016.11.09-15.07.41:900][746]LogExit: Object subsystem successfully closed.
[2016.11.09-15.07.41:922][746]LogD3D11RHI: Shutdown
[2016.11.09-15.07.41:922][746]LogD3D11RHI: CleanupD3DDevice
[2016.11.09-15.07.42:002][746]LogD3D11RHI: ~FD3D11DynamicRHI
[2016.11.09-15.07.42:015][746]LogModuleManager: Shutting down and abandoning module MovieSceneCapture (237)
[2016.11.09-15.07.42:015][746]LogModuleManager: Shutting down and abandoning module BlueprintGraph (236)
[2016.11.09-15.07.42:015][746]LogModuleManager: Shutting down and abandoning module BlueprintProfiler (235)
[2016.11.09-15.07.42:016][746]LogModuleManager: Shutting down and abandoning module HierarchicalLODOutliner (234)
[2016.11.09-15.07.42:016][746]LogModuleManager: Shutting down and abandoning module CrashTracker (233)
[2016.11.09-15.07.42:016][746]LogModuleManager: Shutting down and abandoning module SceneOutliner (232)
[2016.11.09-15.07.42:016][746]LogModuleManager: Shutting down and abandoning module WidgetCarousel (231)
[2016.11.09-15.07.42:016][746]LogModuleManager: Shutting down and abandoning module AddContentDialog (230)
[2016.11.09-15.07.42:016][746]LogDirectoryWatcher: A directory notification for 'C:/Program Files (x86)/Epic Games/4.13/FeaturePacks/' was aborted.
[2016.11.09-15.07.42:017][746]LogModuleManager: Shutting down and abandoning module GameplayTags (229)
[2016.11.09-15.07.42:018][746]LogModuleManager: Shutting down and abandoning module EditorWidgets (228)
[2016.11.09-15.07.42:018][746]LogModuleManager: Shutting down and abandoning module CollectionManager (227)
[2016.11.09-15.07.42:018][746]LogDirectoryWatcher: A directory notification for 'C:/Users/egimenez/Desktop/ENTI/VAN/VANsGame/Mechanics/BasicMechanics/Content/Collections/' was aborted.
[2016.11.09-15.07.42:018][746]LogDirectoryWatcher: A directory notification for 'C:/Users/egimenez/Desktop/ENTI/VAN/VANsGame/Mechanics/BasicMechanics/Content/Developers/egimenez/Collections/' was aborted.
[2016.11.09-15.07.42:018][746]LogDirectoryWatcher: A directory notification for 'C:/Users/egimenez/Desktop/ENTI/VAN/VANsGame/Mechanics/BasicMechanics/Saved/Collections/' was aborted.
[2016.11.09-15.07.42:018][746]LogModuleManager: Shutting down and abandoning module StatsViewer (226)
[2016.11.09-15.07.42:018][746]LogModuleManager: Shutting down and abandoning module FoliageEdit (225)
[2016.11.09-15.07.42:018][746]LogModuleManager: Shutting down and abandoning module LandscapeEditor (224)
[2016.11.09-15.07.42:018][746]LogModuleManager: Shutting down and abandoning module SceneDepthPickerMode (223)
[2016.11.09-15.07.42:018][746]LogModuleManager: Shutting down and abandoning module ActorPickerMode (222)
[2016.11.09-15.07.42:018][746]LogModuleManager: Shutting down and abandoning module GeometryMode (221)
[2016.11.09-15.07.42:018][746]LogModuleManager: Shutting down and abandoning module TextureAlignMode (220)
[2016.11.09-15.07.42:018][746]LogModuleManager: Shutting down and abandoning module BspMode (219)
[2016.11.09-15.07.42:018][746]LogModuleManager: Shutting down and abandoning module HardwareSurvey (218)
[2016.11.09-15.07.42:018][746]LogModuleManager: Shutting down and abandoning module SequenceRecorderSections (217)
[2016.11.09-15.07.42:018][746]LogModuleManager: Shutting down and abandoning module SequenceRecorder (216)
[2016.11.09-15.07.42:018][746]LogModuleManager: Shutting down and abandoning module AutomationWorker (215)
[2016.11.09-15.07.42:018][746]LogModuleManager: Shutting down and abandoning module MatineeToLevelSequence (214)
[2016.11.09-15.07.42:018][746]LogModuleManager: Shutting down and abandoning module PlacementMode (213)
[2016.11.09-15.07.42:018][746]LogModuleManager: Shutting down and abandoning module LevelSequenceEditor (212)
[2016.11.09-15.07.42:018][746]LogModuleManager: Shutting down and abandoning module WmfMediaFactory (211)
[2016.11.09-15.07.42:018][746]LogModuleManager: Shutting down and abandoning module WmfMediaEditor (210)
[2016.11.09-15.07.42:018][746]LogModuleManager: Shutting down and abandoning module AvfMediaFactory (209)
[2016.11.09-15.07.42:018][746]LogModuleManager: Shutting down and abandoning module AvfMediaEditor (208)
[2016.11.09-15.07.42:018][746]LogModuleManager: Shutting down and abandoning module Media (207)
[2016.11.09-15.07.42:018][746]LogModuleManager: Shutting down and abandoning module AndroidMediaFactory (206)
[2016.11.09-15.07.42:019][746]LogModuleManager: Shutting down and abandoning module AndroidMediaEditor (205)
[2016.11.09-15.07.42:019][746]LogModuleManager: Shutting down and abandoning module CharacterAI (204)
[2016.11.09-15.07.42:019][746]LogModuleManager: Shutting down and abandoning module SmartSnapping (203)
[2016.11.09-15.07.42:019][746]LogModuleManager: Shutting down and abandoning module SessionServices (202)
[2016.11.09-15.07.42:019][746]LogModuleManager: Shutting down and abandoning module ViewportSnapping (201)
[2016.11.09-15.07.42:019][746]LogModuleManager: Shutting down and abandoning module ViewportInteraction (200)
[2016.11.09-15.07.42:019][746]LogModuleManager: Shutting down and abandoning module LogVisualizer (199)
[2016.11.09-15.07.42:019][746]LogModuleManager: Shutting down and abandoning module GameProjectGeneration (198)
[2016.11.09-15.07.42:019][746]LogModuleManager: Shutting down and abandoning module IntroTutorials (197)
[2016.11.09-15.07.42:019][746]LogModuleManager: Shutting down and abandoning module EditorLiveStreaming (196)
[2016.11.09-15.07.42:019][746]LogModuleManager: Shutting down and abandoning module IOSPlatformEditor (195)
[2016.11.09-15.07.42:019][746]LogModuleManager: Shutting down and abandoning module HTML5PlatformEditor (194)
[2016.11.09-15.07.42:019][746]LogModuleManager: Shutting down and abandoning module AndroidDeviceDetection (193)
[2016.11.09-15.07.42:500][746]LogModuleManager: Shutting down and abandoning module AndroidPlatformEditor (192)
[2016.11.09-15.07.42:500][746]LogModuleManager: Shutting down and abandoning module IOSRuntimeSettings (191)
[2016.11.09-15.07.42:500][746]LogModuleManager: Shutting down and abandoning module AndroidRuntimeSettings (190)
[2016.11.09-15.07.42:500][746]LogModuleManager: Shutting down and abandoning module NiagaraEditor (189)
[2016.11.09-15.07.42:500][746]LogModuleManager: Shutting down and abandoning module MergeActors (188)
[2016.11.09-15.07.42:500][746]LogModuleManager: Shutting down and abandoning module SizeMap (187)
[2016.11.09-15.07.42:500][746]LogModuleManager: Shutting down and abandoning module TreeMap (186)
[2016.11.09-15.07.42:500][746]LogModuleManager: Shutting down and abandoning module ReferenceViewer (185)
[2016.11.09-15.07.42:500][746]LogModuleManager: Shutting down and abandoning module LocalizationService (184)
[2016.11.09-15.07.42:500][746]LogModuleManager: Shutting down and abandoning module LocalizationDashboard (183)
[2016.11.09-15.07.42:500][746]LogModuleManager: Shutting down and abandoning module HardwareTargeting (182)
[2016.11.09-15.07.42:500][746]LogModuleManager: Shutting down and abandoning module DeviceProfileEditor (181)
[2016.11.09-15.07.42:500][746]LogModuleManager: Shutting down and abandoning module UndoHistory (180)
[2016.11.09-15.07.42:501][746]LogModuleManager: Shutting down and abandoning module UserFeedback (179)
[2016.11.09-15.07.42:501][746]LogModuleManager: Shutting down and abandoning module XmlParser (178)
[2016.11.09-15.07.42:501][746]LogModuleManager: Shutting down and abandoning module Blutility (177)
[2016.11.09-15.07.42:501][746]LogModuleManager: Shutting down and abandoning module ProjectTargetPlatformEditor (176)
[2016.11.09-15.07.42:501][746]LogModuleManager: Shutting down and abandoning module ProjectSettingsViewer (175)
[2016.11.09-15.07.42:501][746]LogModuleManager: Shutting down and abandoning module InputBindingEditor (174)
[2016.11.09-15.07.42:502][746]LogModuleManager: Shutting down and abandoning module EditorSettingsViewer (173)
[2016.11.09-15.07.42:502][746]LogModuleManager: Shutting down and abandoning module SettingsEditor (172)
[2016.11.09-15.07.42:502][746]LogModuleManager: Shutting down and abandoning module ProjectLauncher (171)
[2016.11.09-15.07.42:502][746]LogModuleManager: Shutting down and abandoning module SessionFrontend (170)
[2016.11.09-15.07.42:502][746]LogModuleManager: Shutting down and abandoning module ProfilerClient (169)
[2016.11.09-15.07.42:502][746]LogModuleManager: Shutting down and abandoning module TargetDeviceServices (168)
[2016.11.09-15.07.42:502][746]LogModuleManager: Shutting down and abandoning module DeviceManager (167)
[2016.11.09-15.07.42:556][746]LogModuleManager: Shutting down and abandoning module AutomationController (166)
[2016.11.09-15.07.42:556][746]LogModuleManager: Shutting down and abandoning module AutomationWindow (165)
[2016.11.09-15.07.42:556][746]LogModuleManager: Shutting down and abandoning module Layers (164)
[2016.11.09-15.07.42:556][746]LogModuleManager: Shutting down and abandoning module ComponentVisualizers (163)
[2016.11.09-15.07.42:556][746]LogModuleManager: Shutting down and abandoning module DetailCustomizations (162)
[2016.11.09-15.07.42:556][746]LogModuleManager: Shutting down and abandoning module PackagesDialog (161)
[2016.11.09-15.07.42:556][746]LogModuleManager: Shutting down and abandoning module AnimGraph (160)
[2016.11.09-15.07.42:556][746]LogModuleManager: Shutting down and abandoning module Persona (159)
[2016.11.09-15.07.42:557][746]LogModuleManager: Shutting down and abandoning module Kismet (158)
[2016.11.09-15.07.42:571][746]LogModuleManager: Shutting down and abandoning module GraphEditor (157)
[2016.11.09-15.07.42:571][746]LogModuleManager: Shutting down and abandoning module ClassViewer (156)
[2016.11.09-15.07.42:573][746]LogModuleManager: Shutting down and abandoning module Toolbox (155)
[2016.11.09-15.07.42:573][746]LogModuleManager: Shutting down and abandoning module ModuleUI (154)
[2016.11.09-15.07.42:573][746]LogModuleManager: Shutting down and abandoning module MovieSceneTools (153)
[2016.11.09-15.07.42:573][746]LogModuleManager: Shutting down and abandoning module OutputLog (152)
[2016.11.09-15.07.42:573][746]LogModuleManager: Shutting down and abandoning module GammaUI (151)
[2016.11.09-15.07.42:573][746]LogModuleManager: Shutting down and abandoning module Documentation (150)
[2016.11.09-15.07.42:573][746]LogModuleManager: Shutting down and abandoning module Niagara (149)
[2016.11.09-15.07.42:573][746]LogModuleManager: Shutting down and abandoning module StreamingPauseRendering (148)
[2016.11.09-15.07.42:573][746]LogModuleManager: Shutting down and abandoning module AnalyticsET (147)
[2016.11.09-15.07.42:573][746]LogModuleManager: Shutting down and abandoning module PortalServices (146)
[2016.11.09-15.07.42:573][746]LogModuleManager: Shutting down and abandoning module PortalRpc (145)
[2016.11.09-15.07.42:573][746]LogModuleManager: Shutting down and abandoning module MessagingRpc (144)
[2016.11.09-15.07.42:573][746]LogModuleManager: Shutting down and abandoning module GameplayDebugger (143)
[2016.11.09-15.07.42:573][746]LogModuleManager: Shutting down and abandoning module AITestSuite (142)
[2016.11.09-15.07.42:573][746]LogModuleManager: Shutting down and abandoning module AIModule (141)
[2016.11.09-15.07.42:573][746]LogModuleManager: Shutting down and abandoning module ProfilerService (140)
[2016.11.09-15.07.42:681][746]LogModuleManager: Shutting down and abandoning module TaskGraph (139)
[2016.11.09-15.07.42:682][746]LogModuleManager: Shutting down and abandoning module SlateRemote (138)
[2016.11.09-15.07.42:682][746]LogModuleManager: Shutting down and abandoning module SteamVRController (137)
[2016.11.09-15.07.42:682][746]LogModuleManager: Shutting down and abandoning module SteamVR (136)
[2016.11.09-15.07.42:682][746]LogModuleManager: Shutting down and abandoning module ProceduralMeshComponentEditor (135)
[2016.11.09-15.07.42:682][746]LogModuleManager: Shutting down and abandoning module ProceduralMeshComponent (134)
[2016.11.09-15.07.42:682][746]LogModuleManager: Shutting down and abandoning module OculusLibrary (133)
[2016.11.09-15.07.42:682][746]LogModuleManager: Shutting down and abandoning module OculusInput (132)
[2016.11.09-15.07.42:682][746]LogModuleManager: Shutting down and abandoning module CustomMeshComponent (131)
[2016.11.09-15.07.42:682][746]LogModuleManager: Shutting down and abandoning module CableComponent (130)
[2016.11.09-15.07.42:682][746]LogModuleManager: Shutting down and abandoning module ArchVisCharacter (129)
[2016.11.09-15.07.42:682][746]LogModuleManager: Shutting down and abandoning module MediaPlayerEditor (127)
[2016.11.09-15.07.42:682][746]LogModuleManager: Shutting down and abandoning module HTML5Networking (126)
[2016.11.09-15.07.42:682][746]LogModuleManager: Shutting down and abandoning module GeometryCacheEd (125)
[2016.11.09-15.07.42:682][746]LogModuleManager: Shutting down and abandoning module GeometryCache (124)
[2016.11.09-15.07.42:682][746]LogModuleManager: Shutting down and abandoning module AlembicLibrary (123)
[2016.11.09-15.07.42:682][746]LogModuleManager: Shutting down and abandoning module AlembicImporter (122)
[2016.11.09-15.07.42:682][746]LogModuleManager: Shutting down and abandoning module SuperSearch (121)
[2016.11.09-15.07.42:682][746]LogModuleManager: Shutting down and abandoning module SuperSearchEditor (120)
[2016.11.09-15.07.42:682][746]LogModuleManager: Shutting down and abandoning module SpeedTreeImporter (119)
[2016.11.09-15.07.42:682][746]LogModuleManager: Shutting down and abandoning module PluginBrowser (118)
[2016.11.09-15.07.42:682][746]LogModuleManager: Shutting down and abandoning module MobileLauncherProfileWizard (117)
[2016.11.09-15.07.42:683][746]LogModuleManager: Shutting down and abandoning module EpicSurvey (116)
[2016.11.09-15.07.42:683][746]LogModuleManager: Shutting down and abandoning module DesktopPlatform (115)
[2016.11.09-15.07.42:683][746]LogModuleManager: Shutting down and abandoning module VisualStudioSourceCodeAccess (114)
[2016.11.09-15.07.42:683][746]LogModuleManager: Shutting down and abandoning module UObjectPlugin (113)
[2016.11.09-15.07.42:683][746]LogModuleManager: Shutting down and abandoning module SubversionSourceControl (112)
[2016.11.09-15.07.42:683][746]LogModuleManager: Shutting down and abandoning module PerforceSourceControl (111)
[2016.11.09-15.07.42:683][746]LogModuleManager: Shutting down and abandoning module SourceControl (110)
[2016.11.09-15.07.42:683][746]LogModuleManager: Shutting down and abandoning module GitSourceControl (109)
[2016.11.09-15.07.42:683][746]LogModuleManager: Shutting down and abandoning module LightPropagationVolumeEditor (108)
[2016.11.09-15.07.42:683][746]LogModuleManager: Shutting down and abandoning module PaperTiledImporter (107)
[2016.11.09-15.07.42:683][746]LogModuleManager: Shutting down and abandoning module PaperSpriteSheetImporter (106)
[2016.11.09-15.07.42:683][746]LogModuleManager: Shutting down and abandoning module MeshPaint (105)
[2016.11.09-15.07.42:683][746]LogModuleManager: Shutting down and abandoning module FbxAutomationBuilderModule (104)
[2016.11.09-15.07.42:683][746]LogModuleManager: Shutting down and abandoning module PixelInspectorModule (103)
[2016.11.09-15.07.42:683][746]LogModuleManager: Shutting down and abandoning module HotReload (102)
[2016.11.09-15.07.42:685][746]LogModuleManager: Shutting down and abandoning module MainFrame (101)
[2016.11.09-15.07.42:685][746]LogModuleManager: Shutting down and abandoning module LevelEditor (100)
[2016.11.09-15.07.42:687][746]LogModuleManager: Shutting down and abandoning module ContentBrowser (99)
[2016.11.09-15.07.42:687][746]LogModuleManager: Shutting down and abandoning module Paper2DEditor (98)
[2016.11.09-15.07.42:688][746]LogModuleManager: Shutting down and abandoning module UdpMessaging (97)
[2016.11.09-15.07.42:789][746]LogModuleManager: Shutting down and abandoning module TcpMessaging (96)
[2016.11.09-15.07.42:789][746]LogModuleManager: Shutting down and abandoning module LightPropagationVolumeRuntime (95)
[2016.11.09-15.07.42:789][746]LogModuleManager: Shutting down and abandoning module Paper2D (94)
[2016.11.09-15.07.42:789][746]LogModuleManager: Shutting down and abandoning module WindowsMoviePlayer (93)
[2016.11.09-15.07.42:789][746]LogModuleManager: Shutting down and abandoning module WmfMedia (92)
[2016.11.09-15.07.42:789][746]LogModuleManager: Shutting down and abandoning module MediaAssets (91)
[2016.11.09-15.07.42:789][746]LogModuleManager: Shutting down and abandoning module GameLiveStreaming (90)
[2016.11.09-15.07.42:790][746]LogModuleManager: Shutting down and abandoning module GameplayTagsEditor (89)
[2016.11.09-15.07.42:790][746]LogModuleManager: Shutting down and abandoning module EnvironmentQueryEditor (88)
[2016.11.09-15.07.42:792][746]LogModuleManager: Shutting down and abandoning module VREditor (87)
[2016.11.09-15.07.42:792][746]LogModuleManager: Shutting down and abandoning module GameplayTasksEditor (86)
[2016.11.09-15.07.42:792][746]LogModuleManager: Shutting down and abandoning module PropertyEditor (85)
[2016.11.09-15.07.42:792][746]LogModuleManager: Shutting down and abandoning module BehaviorTreeEditor (84)
[2016.11.09-15.07.42:792][746]LogModuleManager: Shutting down and abandoning module FunctionalTesting (83)
[2016.11.09-15.07.42:792][746]LogModuleManager: Shutting down and abandoning module CollisionAnalyzer (82)
[2016.11.09-15.07.42:792][746]LogModuleManager: Shutting down and abandoning module Sequencer (81)
[2016.11.09-15.07.42:792][746]LogModuleManager: Shutting down and abandoning module WorkspaceMenuStructure (80)
[2016.11.09-15.07.42:792][746]LogModuleManager: Shutting down and abandoning module MessageLog (79)
[2016.11.09-15.07.42:792][746]LogModuleManager: Shutting down and abandoning module AssetTools (78)
[2016.11.09-15.07.42:793][746]LogModuleManager: Shutting down and abandoning module UMGEditor (77)
[2016.11.09-15.07.42:793][746]LogModuleManager: Shutting down and abandoning module UMG (76)
[2016.11.09-15.07.42:793][746]LogModuleManager: Shutting down and abandoning module SlateReflector (75)
[2016.11.09-15.07.42:793][746]LogModuleManager: Shutting down and abandoning module Slate (74)
[2016.11.09-15.07.42:793][746]LogModuleManager: Shutting down and abandoning module EditorStyle (73)
[2016.11.09-15.07.42:800][746]LogModuleManager: Shutting down and abandoning module SourceCodeAccess (72)
[2016.11.09-15.07.42:800][746]LogModuleManager: Shutting down and abandoning module HeadMountedDisplay (71)
[2016.11.09-15.07.42:800][746]LogModuleManager: Shutting down and abandoning module XAudio2 (70)
[2016.11.09-15.07.42:800][746]LogModuleManager: Shutting down and abandoning module Networking (68)
[2016.11.09-15.07.42:800][746]LogModuleManager: Shutting down and abandoning module Core (67)
[2016.11.09-15.07.42:800][746]LogModuleManager: Shutting down and abandoning module DirectoryWatcher (66)
[2016.11.09-15.07.42:800][746]LogDirectoryWatcher: A directory notification for '../../../Engine/Content/' was aborted.
[2016.11.09-15.07.42:801][746]LogDirectoryWatcher: A directory notification for '../../../../../../Users/egimenez/Desktop/ENTI/VAN/VANsGame/Mechanics/BasicMechanics/Content/' was aborted.
[2016.11.09-15.07.42:801][746]LogDirectoryWatcher: A directory notification for '../../../Engine/Plugins/2D/Paper2D/Content/' was aborted.
[2016.11.09-15.07.42:802][746]LogModuleManager: Shutting down and abandoning module AssetRegistry (65)
[2016.11.09-15.07.42:914][746]LogModuleManager: Shutting down and abandoning module KismetCompiler (64)
[2016.11.09-15.07.42:914][746]LogModuleManager: Shutting down and abandoning module PhysXFormats (63)
[2016.11.09-15.07.42:914][746]LogModuleManager: Shutting down and abandoning module MeshUtilities (62)
[2016.11.09-15.07.42:914][746]LogModuleManager: Shutting down and abandoning module DerivedDataCache (61)
[2016.11.09-15.07.42:980][746]LogDerivedDataCache: Shutdown
[2016.11.09-15.07.42:980][746]LogModuleManager: Shutting down and abandoning module VulkanShaderFormat (60)
[2016.11.09-15.07.42:980][746]LogModuleManager: Shutting down and abandoning module ShaderFormatOpenGL (59)
[2016.11.09-15.07.42:980][746]LogModuleManager: Shutting down and abandoning module ShaderFormatD3D (58)
[2016.11.09-15.07.42:980][746]LogModuleManager: Shutting down and abandoning module MetalShaderFormat (57)
[2016.11.09-15.07.42:980][746]LogModuleManager: Shutting down and abandoning module TextureFormatUncompressed (56)
[2016.11.09-15.07.42:980][746]LogModuleManager: Shutting down and abandoning module TextureFormatPVR (55)
[2016.11.09-15.07.42:980][746]LogModuleManager: Shutting down and abandoning module TextureFormatDXT (54)
[2016.11.09-15.07.42:980][746]LogModuleManager: Shutting down and abandoning module TextureFormatIntelISPCTexComp (53)
[2016.11.09-15.07.42:980][746]LogModuleManager: Shutting down and abandoning module ImageWrapper (52)
[2016.11.09-15.07.42:980][746]LogModuleManager: Shutting down and abandoning module TextureFormatASTC (51)
[2016.11.09-15.07.42:980][746]LogModuleManager: Shutting down and abandoning module TextureFormatAndroid (50)
[2016.11.09-15.07.42:981][746]LogModuleManager: Shutting down and abandoning module AudioFormatOpus (49)
[2016.11.09-15.07.42:981][746]LogModuleManager: Shutting down and abandoning module AudioFormatOgg (48)
[2016.11.09-15.07.42:981][746]LogModuleManager: Shutting down and abandoning module AudioFormatADPCM (47)
[2016.11.09-15.07.42:981][746]LogModuleManager: Shutting down and abandoning module LinuxTargetPlatform (46)
[2016.11.09-15.07.42:981][746]LogModuleManager: Shutting down and abandoning module LinuxServerTargetPlatform (45)
[2016.11.09-15.07.42:981][746]LogModuleManager: Shutting down and abandoning module LinuxNoEditorTargetPlatform (44)
[2016.11.09-15.07.42:981][746]LogModuleManager: Shutting down and abandoning module LinuxClientTargetPlatform (43)
[2016.11.09-15.07.42:981][746]LogModuleManager: Shutting down and abandoning module TVOSTargetPlatform (42)
[2016.11.09-15.07.42:981][746]LogModuleManager: Shutting down and abandoning module Messaging (41)
[2016.11.09-15.07.42:981][746]LogModuleManager: Shutting down and abandoning module IOSTargetPlatform (40)
[2016.11.09-15.07.42:981][746]LogModuleManager: Shutting down and abandoning module HTML5TargetPlatform (39)
[2016.11.09-15.07.42:981][746]LogModuleManager: Shutting down and abandoning module Android_PVRTCTargetPlatform (38)
[2016.11.09-15.07.42:981][746]LogModuleManager: Shutting down and abandoning module Android_MultiTargetPlatform (37)
[2016.11.09-15.07.42:981][746]LogModuleManager: Shutting down and abandoning module Android_ETC2TargetPlatform (36)
[2016.11.09-15.07.42:981][746]LogModuleManager: Shutting down and abandoning module Android_ETC1TargetPlatform (35)
[2016.11.09-15.07.42:981][746]LogModuleManager: Shutting down and abandoning module Android_DXTTargetPlatform (34)
[2016.11.09-15.07.42:981][746]LogModuleManager: Shutting down and abandoning module Android_ATCTargetPlatform (33)
[2016.11.09-15.07.42:981][746]LogModuleManager: Shutting down and abandoning module Android_ASTCTargetPlatform (32)
[2016.11.09-15.07.42:981][746]LogModuleManager: Shutting down and abandoning module AndroidTargetPlatform (31)
[2016.11.09-15.07.42:981][746]LogModuleManager: Shutting down and abandoning module WindowsTargetPlatform (30)
[2016.11.09-15.07.42:981][746]LogModuleManager: Shutting down and abandoning module WindowsServerTargetPlatform (29)
[2016.11.09-15.07.42:981][746]LogModuleManager: Shutting down and abandoning module WindowsNoEditorTargetPlatform (28)
[2016.11.09-15.07.42:981][746]LogModuleManager: Shutting down and abandoning module WindowsClientTargetPlatform (27)
[2016.11.09-15.07.42:981][746]LogModuleManager: Shutting down and abandoning module AllDesktopTargetPlatform (26)
[2016.11.09-15.07.42:981][746]LogModuleManager: Shutting down and abandoning module TargetPlatform (25)
[2016.11.09-15.07.42:981][746]LogModuleManager: Shutting down and abandoning module InputCore (24)
[2016.11.09-15.07.42:981][746]LogModuleManager: Shutting down and abandoning module Settings (23)
[2016.11.09-15.07.42:981][746]LogModuleManager: Shutting down and abandoning module OculusRift (22)
[2016.11.09-15.07.42:982][746]LogHMD: Oculus shutdown.
[2016.11.09-15.07.42:982][746]LogModuleManager: Shutting down and abandoning module GearVR (21)
[2016.11.09-15.07.42:982][746]LogModuleManager: Shutting down and abandoning module ExampleDeviceProfileSelector (20)
[2016.11.09-15.07.42:982][746]LogModuleManager: Shutting down and abandoning module OnlineBlueprintSupport (19)
[2016.11.09-15.07.42:982][746]LogModuleManager: Shutting down and abandoning module OnlineSubsystem (17)
[2016.11.09-15.07.42:982][746]LogOnline:Display: Unloading online subsystem: NULL
[2016.11.09-15.07.42:982][746]LogModuleManager: Shutting down and abandoning module HTTP (16)
[2016.11.09-15.07.42:982][746]LogHttp:Display: Http module shutting down, but needs to wait on 1 outstanding Http requests:
[2016.11.09-15.07.42:982][746]LogHttp:Display: 	verb=[POST] url=[https://datarouter.ol.epicgames.com/datarouter/api/v1/public/data?SessionID=%7B05D8267D-446F-1A21-3B14-2AA87020AB4C%7D&AppID=UEEditor.Rocket.Release&AppVersion=%2B%2BUE4%2BRelease-4.13-CL-3106830&UserID=3ac887684aea52593b35388a610a4462%7Ca87b32ece6994b04a16f0bd7f6ed0b63%7C16943d82-79fa-4d19-96be-7817be24e4d8&AppEnvironment=datacollector-binary&UploadType=eteventstream] status=Processing
[2016.11.09-15.07.42:994][746]LogModuleManager: Shutting down and abandoning module XMPP (15)
[2016.11.09-15.07.42:994][746]LogModuleManager: Shutting down and abandoning module TextureCompressor (14)
[2016.11.09-15.07.42:994][746]LogModuleManager: Shutting down and abandoning module ShaderCore (13)
[2016.11.09-15.07.42:994][746]LogModuleManager: Shutting down and abandoning module Landscape (12)
[2016.11.09-15.07.42:994][746]LogModuleManager: Shutting down and abandoning module SlateRHIRenderer (11)
[2016.11.09-15.07.43:000][746]LogModuleManager: Shutting down and abandoning module OpenGLDrv (10)
[2016.11.09-15.07.43:000][746]LogModuleManager: Shutting down and abandoning module D3D11RHI (9)
[2016.11.09-15.07.43:000][746]LogModuleManager: Shutting down and abandoning module AnimGraphRuntime (8)
[2016.11.09-15.07.43:000][746]LogModuleManager: Shutting down and abandoning module Renderer (7)
[2016.11.09-15.07.43:000][746]LogModuleManager: Shutting down and abandoning module Engine (6)
[2016.11.09-15.07.43:000][746]LogModuleManager: Shutting down and abandoning module CoreUObject (5)
[2016.11.09-15.07.43:000][746]LogModuleManager: Shutting down and abandoning module NetworkFile (4)
[2016.11.09-15.07.43:000][746]LogModuleManager: Shutting down and abandoning module StreamingFile (3)
[2016.11.09-15.07.43:000][746]LogModuleManager: Shutting down and abandoning module SandboxFile (2)
[2016.11.09-15.07.43:000][746]LogModuleManager: Shutting down and abandoning module PakFile (1)
[2016.11.09-15.07.43:003][746]LogExit: Exiting.
[2016.11.09-15.07.43:031][746]Log file closed, 11/09/16 16:07:43
