Log file open, 02/02/17 09:23:42
LogInit:Display: Running engine for game: BasicMechanics
LogPlatformFile: Not using cached read wrapper
LogInit:Display: RandInit(39481923) SRandInit(39481923).
LogTaskGraph: Started task graph with 5 named threads and 10 total threads with 1 sets of task threads.
LogStats: Stats thread started at 2.624706
LogPluginManager: Loaded Plugin Paper2D, From C:/Program Files (x86)/Epic Games/4.14/Engine/Plugins/2D/Paper2D/Paper2D.uplugin
LogPluginManager: Loaded Plugin LightPropagationVolume, From C:/Program Files (x86)/Epic Games/4.14/Engine/Plugins/Blendables/LightPropagationVolume/LightPropagationVolume.uplugin
LogPluginManager: Loaded Plugin BlankPlugin, From C:/Program Files (x86)/Epic Games/4.14/Engine/Plugins/Developer/BlankPlugin/BlankPlugin.uplugin
LogPluginManager: Loaded Plugin CodeLiteSourceCodeAccess, From C:/Program Files (x86)/Epic Games/4.14/Engine/Plugins/Developer/CodeLiteSourceCodeAccess/CodeLiteSourceCodeAccess.uplugin
LogPluginManager: Loaded Plugin GitSourceControl, From C:/Program Files (x86)/Epic Games/4.14/Engine/Plugins/Developer/GitSourceControl/GitSourceControl.uplugin
LogPluginManager: Loaded Plugin KDevelopSourceCodeAccess, From C:/Program Files (x86)/Epic Games/4.14/Engine/Plugins/Developer/KDevelopSourceCodeAccess/KDevelopSourceCodeAccess.uplugin
LogPluginManager: Loaded Plugin NullSourceCodeAccess, From C:/Program Files (x86)/Epic Games/4.14/Engine/Plugins/Developer/NullSourceCodeAccess/NullSourceCodeAccess.uplugin
LogPluginManager: Loaded Plugin OneSkyLocalizationService, From C:/Program Files (x86)/Epic Games/4.14/Engine/Plugins/Developer/OneSkyLocalizationService/OneSkyLocalizationService.uplugin
LogPluginManager: Loaded Plugin PerforceSourceControl, From C:/Program Files (x86)/Epic Games/4.14/Engine/Plugins/Developer/PerforceSourceControl/PerforceSourceControl.uplugin
LogPluginManager: Loaded Plugin SubversionSourceControl, From C:/Program Files (x86)/Epic Games/4.14/Engine/Plugins/Developer/SubversionSourceControl/SubversionSourceControl.uplugin
LogPluginManager: Loaded Plugin UObjectPlugin, From C:/Program Files (x86)/Epic Games/4.14/Engine/Plugins/Developer/UObjectPlugin/UObjectPlugin.uplugin
LogPluginManager: Loaded Plugin VisualStudioSourceCodeAccess, From C:/Program Files (x86)/Epic Games/4.14/Engine/Plugins/Developer/VisualStudioSourceCodeAccess/VisualStudioSourceCodeAccess.uplugin
LogPluginManager: Loaded Plugin XCodeSourceCodeAccess, From C:/Program Files (x86)/Epic Games/4.14/Engine/Plugins/Developer/XCodeSourceCodeAccess/XCodeSourceCodeAccess.uplugin
LogPluginManager: Loaded Plugin AudioCapture, From C:/Program Files (x86)/Epic Games/4.14/Engine/Plugins/Editor/AudioCapture/AudioCapture.uplugin
LogPluginManager: Loaded Plugin EpicSurvey, From C:/Program Files (x86)/Epic Games/4.14/Engine/Plugins/Editor/EpicSurvey/EpicSurvey.uplugin
LogPluginManager: Loaded Plugin MacGraphicsSwitching, From C:/Program Files (x86)/Epic Games/4.14/Engine/Plugins/Editor/MacGraphicsSwitching/MacGraphicsSwitching.uplugin
LogPluginManager: Loaded Plugin MobileLauncherProfileWizard, From C:/Program Files (x86)/Epic Games/4.14/Engine/Plugins/Editor/MobileLauncherProfileWizard/MobileLauncherProfileWizard.uplugin
LogPluginManager: Loaded Plugin PluginBrowser, From C:/Program Files (x86)/Epic Games/4.14/Engine/Plugins/Editor/PluginBrowser/PluginBrowser.uplugin
LogPluginManager: Loaded Plugin SpeedTreeImporter, From C:/Program Files (x86)/Epic Games/4.14/Engine/Plugins/Editor/SpeedTreeImporter/SpeedTreeImporter.uplugin
LogPluginManager: Loaded Plugin SuperSearchEditor, From C:/Program Files (x86)/Epic Games/4.14/Engine/Plugins/Editor/SuperSearchEditor/SuperSearchEditor.uplugin
LogPluginManager: Loaded Plugin AlembicImporter, From C:/Program Files (x86)/Epic Games/4.14/Engine/Plugins/Experimental/AlembicImporter/AlembicImporter.uplugin
LogPluginManager: Loaded Plugin BlueprintStats, From C:/Program Files (x86)/Epic Games/4.14/Engine/Plugins/Experimental/BlueprintStats/BlueprintStats.uplugin
LogPluginManager: Loaded Plugin CharacterAI, From C:/Program Files (x86)/Epic Games/4.14/Engine/Plugins/Experimental/CharacterAI/CharacterAI.uplugin
LogPluginManager: Loaded Plugin CodeEditor, From C:/Program Files (x86)/Epic Games/4.14/Engine/Plugins/Experimental/CodeEditor/CodeEditor.uplugin
LogPluginManager: Loaded Plugin CodeView, From C:/Program Files (x86)/Epic Games/4.14/Engine/Plugins/Experimental/CodeView/CodeView.uplugin
LogPluginManager: Loaded Plugin HTML5Networking, From C:/Program Files (x86)/Epic Games/4.14/Engine/Plugins/Experimental/HTML5Networking/HTML5Networking.uplugin
LogPluginManager: Loaded Plugin OSVR, From C:/Program Files (x86)/Epic Games/4.14/Engine/Plugins/Experimental/OSVR/OSVR.uplugin
LogPluginManager: Loaded Plugin Phya, From C:/Program Files (x86)/Epic Games/4.14/Engine/Plugins/Experimental/Phya/Phya.uplugin
LogPluginManager: Loaded Plugin SignificanceManager, From C:/Program Files (x86)/Epic Games/4.14/Engine/Plugins/Experimental/SignificanceManager/SignificanceManager.uplugin
LogPluginManager: Loaded Plugin SimpleHMD, From C:/Program Files (x86)/Epic Games/4.14/Engine/Plugins/Experimental/SimpleHMD/SimpleHMD.uplugin
LogPluginManager: Loaded Plugin StereoPanorama, From C:/Program Files (x86)/Epic Games/4.14/Engine/Plugins/Experimental/StereoPanorama/StereoPanorama.uplugin
LogPluginManager: Loaded Plugin StructBox, From C:/Program Files (x86)/Epic Games/4.14/Engine/Plugins/Experimental/StructBox/StructBox.uplugin
LogPluginManager: Loaded Plugin AndroidMedia, From C:/Program Files (x86)/Epic Games/4.14/Engine/Plugins/Media/AndroidMedia/AndroidMedia.uplugin
LogPluginManager: Loaded Plugin AvfMedia, From C:/Program Files (x86)/Epic Games/4.14/Engine/Plugins/Media/AvfMedia/AvfMedia.uplugin
LogPluginManager: Loaded Plugin MediaPlayerEditor, From C:/Program Files (x86)/Epic Games/4.14/Engine/Plugins/Media/MediaPlayerEditor/MediaPlayerEditor.uplugin
LogPluginManager: Loaded Plugin WmfMedia, From C:/Program Files (x86)/Epic Games/4.14/Engine/Plugins/Media/WmfMedia/WmfMedia.uplugin
LogPluginManager: Loaded Plugin MessagingDebugger, From C:/Program Files (x86)/Epic Games/4.14/Engine/Plugins/Messaging/MessagingDebugger/MessagingDebugger.uplugin
LogPluginManager: Loaded Plugin TcpMessaging, From C:/Program Files (x86)/Epic Games/4.14/Engine/Plugins/Messaging/TcpMessaging/TcpMessaging.uplugin
LogPluginManager: Loaded Plugin UdpMessaging, From C:/Program Files (x86)/Epic Games/4.14/Engine/Plugins/Messaging/UdpMessaging/UdpMessaging.uplugin
LogPluginManager: Loaded Plugin LevelSequenceEditor, From C:/Program Files (x86)/Epic Games/4.14/Engine/Plugins/MovieScene/LevelSequenceEditor/LevelSequenceEditor.uplugin
LogPluginManager: Loaded Plugin MatineeToLevelSequence, From C:/Program Files (x86)/Epic Games/4.14/Engine/Plugins/MovieScene/MatineeToLevelSequence/MatineeToLevelSequence.uplugin
LogPluginManager: Loaded Plugin NetcodeUnitTest, From C:/Program Files (x86)/Epic Games/4.14/Engine/Plugins/NetcodeUnitTest/NetcodeUnitTest/NetcodeUnitTest.uplugin
LogPluginManager: Loaded Plugin NUTUnrealEngine4, From C:/Program Files (x86)/Epic Games/4.14/Engine/Plugins/NetcodeUnitTest/NUTUnrealEngine4/NUTUnrealEngine4.uplugin
LogPluginManager: Loaded Plugin OnlineSubsystemGameCircle, From C:/Program Files (x86)/Epic Games/4.14/Engine/Plugins/Online/Android/OnlineSubsystemGameCircle/OnlineSubsystemGameCircle.uplugin
LogPluginManager: Loaded Plugin OnlineSubsystemGooglePlay, From C:/Program Files (x86)/Epic Games/4.14/Engine/Plugins/Online/Android/OnlineSubsystemGooglePlay/OnlineSubsystemGooglePlay.uplugin
LogPluginManager: Loaded Plugin OnlineSubsystemIOS, From C:/Program Files (x86)/Epic Games/4.14/Engine/Plugins/Online/IOS/OnlineSubsystemIOS/OnlineSubsystemIOS.uplugin
LogPluginManager: Loaded Plugin OnlineFramework, From C:/Program Files (x86)/Epic Games/4.14/Engine/Plugins/Online/OnlineFramework/OnlineFramework.uplugin
LogPluginManager: Loaded Plugin OnlineSubsystem, From C:/Program Files (x86)/Epic Games/4.14/Engine/Plugins/Online/OnlineSubsystem/OnlineSubsystem.uplugin
LogPluginManager: Loaded Plugin OnlineSubsystemAmazon, From C:/Program Files (x86)/Epic Games/4.14/Engine/Plugins/Online/OnlineSubsystemAmazon/OnlineSubsystemAmazon.uplugin
LogPluginManager: Loaded Plugin OnlineSubsystemFacebook, From C:/Program Files (x86)/Epic Games/4.14/Engine/Plugins/Online/OnlineSubsystemFacebook/OnlineSubsystemFacebook.uplugin
LogPluginManager: Loaded Plugin OnlineSubsystemNull, From C:/Program Files (x86)/Epic Games/4.14/Engine/Plugins/Online/OnlineSubsystemNull/OnlineSubsystemNull.uplugin
LogPluginManager: Loaded Plugin OnlineSubsystemOculus, From C:/Program Files (x86)/Epic Games/4.14/Engine/Plugins/Online/OnlineSubsystemOculus/OnlineSubsystemOculus.uplugin
LogPluginManager: Loaded Plugin OnlineSubsystemSteam, From C:/Program Files (x86)/Epic Games/4.14/Engine/Plugins/Online/OnlineSubsystemSteam/OnlineSubsystemSteam.uplugin
LogPluginManager: Loaded Plugin OnlineSubsystemUtils, From C:/Program Files (x86)/Epic Games/4.14/Engine/Plugins/Online/OnlineSubsystemUtils/OnlineSubsystemUtils.uplugin
LogPluginManager: Loaded Plugin IOSTapJoy, From C:/Program Files (x86)/Epic Games/4.14/Engine/Plugins/Runtime/Advertising/IOSTapJoy/IOSTapJoy.uplugin
LogPluginManager: Loaded Plugin AnalyticsBlueprintLibrary, From C:/Program Files (x86)/Epic Games/4.14/Engine/Plugins/Runtime/Analytics/AnalyticsBlueprintLibrary/AnalyticsBlueprintLibrary.uplugin
LogPluginManager: Loaded Plugin AnalyticsMulticast, From C:/Program Files (x86)/Epic Games/4.14/Engine/Plugins/Runtime/Analytics/AnalyticsMulticast/AnalyticsMulticast.uplugin
LogPluginManager: Loaded Plugin Apsalar, From C:/Program Files (x86)/Epic Games/4.14/Engine/Plugins/Runtime/Analytics/Apsalar/Apsalar.uplugin
LogPluginManager: Loaded Plugin FileLogging, From C:/Program Files (x86)/Epic Games/4.14/Engine/Plugins/Runtime/Analytics/FileLogging/FileLogging.uplugin
LogPluginManager: Loaded Plugin Flurry, From C:/Program Files (x86)/Epic Games/4.14/Engine/Plugins/Runtime/Analytics/Flurry/Flurry.uplugin
LogPluginManager: Loaded Plugin AndroidDeviceProfileSelector, From C:/Program Files (x86)/Epic Games/4.14/Engine/Plugins/Runtime/AndroidDeviceProfileSelector/AndroidDeviceProfileSelector.uplugin
LogPluginManager: Loaded Plugin AndroidMoviePlayer, From C:/Program Files (x86)/Epic Games/4.14/Engine/Plugins/Runtime/AndroidMoviePlayer/AndroidMoviePlayer.uplugin
LogPluginManager: Loaded Plugin AppleMoviePlayer, From C:/Program Files (x86)/Epic Games/4.14/Engine/Plugins/Runtime/AppleMoviePlayer/AppleMoviePlayer.uplugin
LogPluginManager: Loaded Plugin ArchVisCharacter, From C:/Program Files (x86)/Epic Games/4.14/Engine/Plugins/Runtime/ArchVisCharacter/ArchVisCharacter.uplugin
LogPluginManager: Loaded Plugin CableComponent, From C:/Program Files (x86)/Epic Games/4.14/Engine/Plugins/Runtime/CableComponent/CableComponent.uplugin
LogPluginManager: Loaded Plugin CustomMeshComponent, From C:/Program Files (x86)/Epic Games/4.14/Engine/Plugins/Runtime/CustomMeshComponent/CustomMeshComponent.uplugin
LogPluginManager: Loaded Plugin ExampleDeviceProfileSelector, From C:/Program Files (x86)/Epic Games/4.14/Engine/Plugins/Runtime/ExampleDeviceProfileSelector/ExampleDeviceProfileSelector.uplugin
LogPluginManager: Loaded Plugin GearVR, From C:/Program Files (x86)/Epic Games/4.14/Engine/Plugins/Runtime/GearVR/GearVR.uplugin
LogPluginManager: Loaded Plugin GoogleVRController, From C:/Program Files (x86)/Epic Games/4.14/Engine/Plugins/Runtime/GoogleVR/GoogleVRController/GoogleVRController.uplugin
LogPluginManager: Loaded Plugin GoogleVRHMD, From C:/Program Files (x86)/Epic Games/4.14/Engine/Plugins/Runtime/GoogleVR/GoogleVRHMD/GoogleVRHMD.uplugin
LogPluginManager: Loaded Plugin IOSDeviceProfileSelector, From C:/Program Files (x86)/Epic Games/4.14/Engine/Plugins/Runtime/IOSDeviceProfileSelector/IOSDeviceProfileSelector.uplugin
LogPluginManager: Loaded Plugin LeapMotion, From C:/Program Files (x86)/Epic Games/4.14/Engine/Plugins/Runtime/LeapMotion/LeapMotion.uplugin
LogPluginManager: Loaded Plugin LinuxDeviceProfileSelector, From C:/Program Files (x86)/Epic Games/4.14/Engine/Plugins/Runtime/LinuxDeviceProfileSelector/LinuxDeviceProfileSelector.uplugin
LogPluginManager: Loaded Plugin MIDIDevice, From C:/Program Files (x86)/Epic Games/4.14/Engine/Plugins/Runtime/MIDIDevice/MIDIDevice.uplugin
LogPluginManager: Loaded Plugin MobilePatchingUtils, From C:/Program Files (x86)/Epic Games/4.14/Engine/Plugins/Runtime/MobilePatchingUtils/MobilePatchingUtils.uplugin
LogPluginManager: Loaded Plugin Ansel, From C:/Program Files (x86)/Epic Games/4.14/Engine/Plugins/Runtime/Nvidia/Ansel/Ansel.uplugin
LogPluginManager: Loaded Plugin OculusAudio, From C:/Program Files (x86)/Epic Games/4.14/Engine/Plugins/Runtime/OculusAudio/OculusAudio.uplugin
LogPluginManager: Loaded Plugin OculusInput, From C:/Program Files (x86)/Epic Games/4.14/Engine/Plugins/Runtime/OculusInput/OculusInput.uplugin
LogPluginManager: Loaded Plugin OculusLibrary, From C:/Program Files (x86)/Epic Games/4.14/Engine/Plugins/Runtime/OculusLibrary/OculusLibrary.uplugin
LogPluginManager: Loaded Plugin OculusRift, From C:/Program Files (x86)/Epic Games/4.14/Engine/Plugins/Runtime/OculusRift/OculusRift.uplugin
LogPluginManager: Loaded Plugin Oodle, From C:/Program Files (x86)/Epic Games/4.14/Engine/Plugins/Runtime/PacketHandlers/CompressionComponents/Oodle/Oodle.uplugin
LogPluginManager: Loaded Plugin ProceduralMeshComponent, From C:/Program Files (x86)/Epic Games/4.14/Engine/Plugins/Runtime/ProceduralMeshComponent/ProceduralMeshComponent.uplugin
LogPluginManager: Loaded Plugin SoundMod, From C:/Program Files (x86)/Epic Games/4.14/Engine/Plugins/Runtime/SoundMod/SoundMod.uplugin
LogPluginManager: Loaded Plugin SoundVisualizations, From C:/Program Files (x86)/Epic Games/4.14/Engine/Plugins/Runtime/SoundVisualizations/SoundVisualizations.uplugin
LogPluginManager: Loaded Plugin SteamController, From C:/Program Files (x86)/Epic Games/4.14/Engine/Plugins/Runtime/Steam/SteamController/SteamController.uplugin
LogPluginManager: Loaded Plugin SteamVR, From C:/Program Files (x86)/Epic Games/4.14/Engine/Plugins/Runtime/Steam/SteamVR/SteamVR.uplugin
LogPluginManager: Loaded Plugin WebBrowserWidget, From C:/Program Files (x86)/Epic Games/4.14/Engine/Plugins/Runtime/WebBrowserWidget/WebBrowserWidget.uplugin
LogPluginManager: Loaded Plugin WindowsDeviceProfileSelector, From C:/Program Files (x86)/Epic Games/4.14/Engine/Plugins/Runtime/WindowsDeviceProfileSelector/WindowsDeviceProfileSelector.uplugin
LogPluginManager: Loaded Plugin WindowsMoviePlayer, From C:/Program Files (x86)/Epic Games/4.14/Engine/Plugins/Runtime/WindowsMoviePlayer/WindowsMoviePlayer.uplugin
LogPluginManager: Loaded Plugin ScriptPlugin, From C:/Program Files (x86)/Epic Games/4.14/Engine/Plugins/ScriptPlugin/ScriptPlugin.uplugin
LogPluginManager: Loaded Plugin SlateRemote, From C:/Program Files (x86)/Epic Games/4.14/Engine/Plugins/Slate/SlateRemote/SlateRemote.uplugin
LogPluginManager: Loaded Plugin EditorTests, From C:/Program Files (x86)/Epic Games/4.14/Engine/Plugins/Tests/EditorTests/EditorTests.uplugin
LogPluginManager: Loaded Plugin FbxAutomationTestBuilder, From C:/Program Files (x86)/Epic Games/4.14/Engine/Plugins/Tests/FbxAutomationTestBuilder/FbxAutomationTestBuilder.uplugin
LogPluginManager: Loaded Plugin FunctionalTestingEditor, From C:/Program Files (x86)/Epic Games/4.14/Engine/Plugins/Tests/FunctionalTestingEditor/FunctionalTestingEditor.uplugin
LogPluginManager: Loaded Plugin RuntimeTests, From C:/Program Files (x86)/Epic Games/4.14/Engine/Plugins/Tests/RuntimeTests/RuntimeTests.uplugin
LogPluginManager: Loaded Plugin ScreenshotTools, From C:/Program Files (x86)/Epic Games/4.14/Engine/Plugins/Tests/ScreenshotTools/ScreenshotTools.uplugin
LogInit: Using libcurl 7.47.1
LogInit:  - built for x86_64-pc-win32
LogInit:  - supports SSL with OpenSSL/1.0.2g
LogInit:  - supports HTTP deflate (compression) using libz 1.2.8
LogInit:  - other features:
LogInit:      CURL_VERSION_SSL
LogInit:      CURL_VERSION_LIBZ
LogInit:      CURL_VERSION_IPV6
LogInit:      CURL_VERSION_ASYNCHDNS
LogInit:      CURL_VERSION_LARGEFILE
LogInit:      CURL_VERSION_IDN
LogInit:  CurlRequestOptions (configurable via config and command line):
LogInit:  - bVerifyPeer = false  - Libcurl will NOT verify peer certificate
LogInit:  - bUseHttpProxy = false  - Libcurl will NOT use HTTP proxy
LogInit:  - bDontReuseConnections = false  - Libcurl will reuse connections
LogInit:  - CertBundlePath = nullptr  - Libcurl will use whatever was configured at build time.
LogInit: Build: ++UE4+Release-4.14-CL-3249277
LogInit: Engine Version: 4.14.3-3249277+++UE4+Release-4.14
LogInit: Compatible Engine Version: 4.14.0-3195953+++UE4+Release-4.14
LogInit: Net CL: 3195953
LogDevObjectVersion: Number of dev versions registered: 13
LogDevObjectVersion:   Dev-Blueprints (B0D832E4-1F89-4F0D-ACCF-7EB736FD4AA2): 7
LogDevObjectVersion:   Dev-Build (E1C64328-A22C-4D53-A36C-8E866417BD8C): 0
LogDevObjectVersion:   Dev-Core (375EC13C-06E4-48FB-B500-84F0262A717E): 1
LogDevObjectVersion:   Dev-Editor (E4B068ED-F494-42E9-A231-DA0B2E46BB41): 8
LogDevObjectVersion:   Dev-Framework (CFFC743F-43B0-4480-9391-14DF171D2073): 17
LogDevObjectVersion:   Dev-Mobile (B02B49B5-BB20-44E9-A304-32B752E40360): 0
LogDevObjectVersion:   Dev-Networking (A4E4105C-59A1-49B5-A7C5-40C4547EDFEE): 0
LogDevObjectVersion:   Dev-Online (39C831C9-5AE6-47DC-9A44-9C173E1C8E7C): 0
LogDevObjectVersion:   Dev-Physics (78F01B33-EBEA-4F98-B9B4-84EACCB95AA2): 0
LogDevObjectVersion:   Dev-Platform (6631380F-2D4D-43E0-8009-CF276956A95A): 0
LogDevObjectVersion:   Dev-Rendering (12F88B9F-8875-4AFC-A67C-D90C383ABD29): 12
LogDevObjectVersion:   Dev-Sequencer (7B5AE74C-D270-4C10-A958-57980B212A5A): 1
LogDevObjectVersion:   Dev-VR (D7296918-1DD6-4BDD-9DE2-64A83CC13884): 0
LogInit: Compiled (64-bit): Jan  6 2017 10:49:43
LogInit: Compiled with Visual C++: 19.00.23026.00
LogInit: Build Configuration: Development
LogInit: Branch Name: ++UE4+Release-4.14
LogInit: Command line:  
LogInit: Base directory: C:/Program Files (x86)/Epic Games/4.14/Engine/Binaries/Win64/
LogInit: Installed Engine Build: 1
LogInit: Presizing for max 8388607 objects, including 0 objects not considered by GC, pre-allocating 0 bytes for permanent pool.
LogInit: Object subsystem initialized
[2017.02.02-08.23.43:203][  0]LogInit: Selected Device Profile: [Windows]
[2017.02.02-08.23.43:203][  0]LogInit: Applying CVar settings loaded from the selected device profile: [Windows]
[2017.02.02-08.23.43:319][  0]LogInit: Computer: BAR-EGIMENEZ
[2017.02.02-08.23.43:319][  0]LogInit: User: egimenez
[2017.02.02-08.23.43:319][  0]LogInit: CPU Page size=65536, Cores=6
[2017.02.02-08.23.43:319][  0]LogInit: High frequency timer resolution =3.409814 MHz
[2017.02.02-08.23.43:319][  0]LogMemory: Memory total: Physical=63.9GB (64GB approx)
[2017.02.02-08.23.43:326][  0]LogMemory: Platform Memory Stats for Windows
[2017.02.02-08.23.43:326][  0]LogMemory: Process Physical Memory: 268.37 MB used, 268.37 MB peak
[2017.02.02-08.23.43:326][  0]LogMemory: Process Virtual Memory: 275.65 MB used, 275.65 MB peak
[2017.02.02-08.23.43:326][  0]LogMemory: Physical Memory: 6582.25 MB used,  58881.82 MB free, 65464.06 MB total
[2017.02.02-08.23.43:326][  0]LogMemory: Virtual Memory: 672.09 MB used,  58881.82 MB free, 8388608.00 MB total
[2017.02.02-08.23.44:427][  0]LogInit: Overriding culture en with editor configuration.
[2017.02.02-08.23.51:448][  0]LogD3D11RHI: D3D11 adapters:
[2017.02.02-08.23.51:481][  0]LogD3D11RHI:    0. 'NVIDIA GeForce GTX 670' (Feature Level 11_0)
[2017.02.02-08.23.51:481][  0]LogD3D11RHI:       4026/0/32476 MB DedicatedVideo/DedicatedSystem/SharedSystem, Outputs:1, VendorId:0x10de
[2017.02.02-08.23.51:481][  0]LogD3D11RHI: Chosen D3D11 Adapter: 0
[2017.02.02-08.23.56:991][  0]LogD3D11RHI: Creating new Direct3DDevice
[2017.02.02-08.23.56:991][  0]LogD3D11RHI:     GPU DeviceId: 0x1189 (for the marketing name, search the web for "GPU Device Id")
[2017.02.02-08.23.56:991][  0]LogWindows: EnumDisplayDevices:
[2017.02.02-08.23.56:991][  0]LogWindows:    0. 'NVIDIA GeForce GTX 670' (P:1 D:1)
[2017.02.02-08.23.56:991][  0]LogWindows:    1. 'NVIDIA GeForce GTX 670' (P:0 D:0)
[2017.02.02-08.23.56:991][  0]LogWindows:    2. 'NVIDIA GeForce GTX 670' (P:0 D:0)
[2017.02.02-08.23.56:991][  0]LogWindows:    3. 'NVIDIA GeForce GTX 670' (P:0 D:0)
[2017.02.02-08.23.56:992][  0]LogWindows:    4. 'RDPDD Chained DD' (P:0 D:0)
[2017.02.02-08.23.56:992][  0]LogWindows:    5. 'RDP Encoder Mirror Driver' (P:0 D:0)
[2017.02.02-08.23.56:992][  0]LogWindows:    6. 'RDP Reflector Display Driver' (P:0 D:0)
[2017.02.02-08.23.56:992][  0]LogWindows: DebugString: GetVideoDriverDetailsInvalid PrimaryIsNotTheChoosenAdapter GetVideoDriverDetailsInvalid PrimaryIsNotTheChoosenAdapter GetVideoDriverDetailsInvalid PrimaryIsNotTheChoosenAdapter FoundDriverCount:4 
[2017.02.02-08.23.56:992][  0]LogD3D11RHI:     Adapter Name: NVIDIA GeForce GTX 670
[2017.02.02-08.23.56:992][  0]LogD3D11RHI:   Driver Version: 372.90 (internal:21.21.13.7290, unified:372.90)
[2017.02.02-08.23.56:992][  0]LogD3D11RHI:      Driver Date: 9-16-2016
[2017.02.02-08.23.56:992][  0]LogRHI: Texture pool is 1361 MB (70% of 1945 MB)
[2017.02.02-08.23.57:003][  0]LogD3D11RHI:Warning: Timestamp queries are currently disabled on this hardware due to instability. Realtime GPU stats will not be available. You can override this behaviour by setting r.NVIDIATimestampWorkaround to 0
[2017.02.02-08.23.57:003][  0]LogD3D11RHI: Async texture creation enabled
[2017.02.02-08.23.57:320][  0]LogD3D11RHI: GPU Timing Frequency: 1000.000000 (Debug: 2 2)
[2017.02.02-08.23.57:357][  0]LogShaderCompilers: Guid format shader working directory is -29 characters bigger than the processId version (../../../../../../Users/egimenez/Desktop/VAN/VANsGame/Mechanics/BasicMechanics/Intermediate/Shaders/WorkingDirectory/9104/).
[2017.02.02-08.23.57:357][  0]LogShaderCompilers: Cleaned the shader compiler working directory 'C:/Users/egimenez/AppData/Local/Temp/UnrealShaderWorkingDir/A0C3FB454E5D600C39664387EB31C0A1/'.
[2017.02.02-08.23.57:357][  0]LogShaderCompilers:Display: Using Local Shader Compiler.
[2017.02.02-08.24.08:455][  0]LogTemp:Display: Loaded TP AllDesktopTargetPlatform
[2017.02.02-08.24.13:437][  0]LogTemp:Display: Loaded TP MacClientTargetPlatform
[2017.02.02-08.24.16:774][  0]LogTemp:Display: Loaded TP MacNoEditorTargetPlatform
[2017.02.02-08.24.17:802][  0]LogTemp:Display: Loaded TP MacServerTargetPlatform
[2017.02.02-08.24.18:307][  0]LogTemp:Display: Loaded TP MacTargetPlatform
[2017.02.02-08.24.19:225][  0]LogTemp:Display: Loaded TP WindowsClientTargetPlatform
[2017.02.02-08.24.19:523][  0]LogTemp:Display: Loaded TP WindowsNoEditorTargetPlatform
[2017.02.02-08.24.19:938][  0]LogTemp:Display: Loaded TP WindowsServerTargetPlatform
[2017.02.02-08.24.19:995][  0]LogTemp:Display: Loaded TP WindowsTargetPlatform
[2017.02.02-08.24.20:140][  0]LogTemp:Display: Loaded TP AndroidTargetPlatform
[2017.02.02-08.24.20:224][  0]LogTemp:Display: Loaded TP Android_ASTCTargetPlatform
[2017.02.02-08.24.20:520][  0]LogTemp:Display: Loaded TP Android_ATCTargetPlatform
[2017.02.02-08.24.20:653][  0]LogTemp:Display: Loaded TP Android_DXTTargetPlatform
[2017.02.02-08.24.20:738][  0]LogTemp:Display: Loaded TP Android_ETC1TargetPlatform
[2017.02.02-08.24.20:818][  0]LogTemp:Display: Loaded TP Android_ETC2TargetPlatform
[2017.02.02-08.24.21:158][  0]LogTemp:Display: Loaded TP Android_MultiTargetPlatform
[2017.02.02-08.24.21:158][  0]LogTemp:Display: Loaded TP Android_PVRTCTargetPlatform
[2017.02.02-08.24.21:223][  0]LogTemp:Display: Loaded TP HTML5TargetPlatform
[2017.02.02-08.24.21:468][  0]LogTemp:Display: Loaded TP IOSTargetPlatform
[2017.02.02-08.24.21:514][  0]LogTemp:Display: Loaded TP TVOSTargetPlatform
[2017.02.02-08.24.21:841][  0]LogTemp:Display: Loaded TP LinuxClientTargetPlatform
[2017.02.02-08.24.21:925][  0]LogTemp:Display: Loaded TP LinuxNoEditorTargetPlatform
[2017.02.02-08.24.22:016][  0]LogTemp:Display: Loaded TP LinuxServerTargetPlatform
[2017.02.02-08.24.22:281][  0]LogTemp:Display: Loaded TP LinuxTargetPlatform
[2017.02.02-08.24.22:281][  0]LogTargetPlatformManager:Display: Building Assets For Windows
[2017.02.02-08.24.23:667][  0]LogDerivedDataCache:Display: Max Cache Size: 512 MB
[2017.02.02-08.24.24:397][  0]LogDerivedDataCache: Loaded boot cache 0.72s 52MB C:/Users/egimenez/AppData/Local/UnrealEngine/4.14/DerivedDataCache/Boot.ddc.
[2017.02.02-08.24.24:397][  0]LogDerivedDataCache:Display: Loaded Boot cache: C:/Users/egimenez/AppData/Local/UnrealEngine/4.14/DerivedDataCache/Boot.ddc
[2017.02.02-08.24.24:398][  0]LogDerivedDataCache: FDerivedDataBackendGraph:  Pak pak cache file ../../../../../../Users/egimenez/Desktop/VAN/VANsGame/Mechanics/BasicMechanics/DerivedDataCache/DDC.ddp not found, will not use a pak cache.
[2017.02.02-08.24.24:398][  0]LogDerivedDataCache: Unable to find inner node Pak for hierarchical cache Hierarchy.
[2017.02.02-08.24.24:398][  0]LogDerivedDataCache: FDerivedDataBackendGraph:  CompressedPak pak cache file ../../../../../../Users/egimenez/Desktop/VAN/VANsGame/Mechanics/BasicMechanics/DerivedDataCache/Compressed.ddp not found, will not use a pak cache.
[2017.02.02-08.24.24:398][  0]LogDerivedDataCache: Unable to find inner node CompressedPak for hierarchical cache Hierarchy.
[2017.02.02-08.24.24:535][  0]LogDerivedDataCache:Display: Pak cache opened for reading ../../../Engine/DerivedDataCache/Compressed.ddp.
[2017.02.02-08.24.24:548][  0]LogDerivedDataCache: Using Local data cache path C:/Users/egimenez/AppData/Local/UnrealEngine/Common/DerivedDataCache: Writable
[2017.02.02-08.24.34:386][  0]LogInit: Selected Device Profile: [Windows]
[2017.02.02-08.24.34:573][  0]LogContentStreaming: Texture pool size is 0.00 MB
[2017.02.02-08.24.35:954][  0]LogMeshUtilities: Using QuadricMeshReduction for automatic static mesh reduction
[2017.02.02-08.24.36:096][  0]LogSimplygon: Simplygon DLL not present - disabling.
[2017.02.02-08.24.36:178][  0]LogMeshUtilities: Using SimplygonSwarm for distributed automatic mesh merging
[2017.02.02-08.24.36:178][  0]LogMeshUtilities: No automatic skeletal mesh reduction module available
[2017.02.02-08.24.36:178][  0]LogMeshUtilities: No automatic mesh merging module available
[2017.02.02-08.24.45:084][  0]LogNetVersion: GetLocalNetworkVersion: CL: 3195953, ProjectName: basicmechanics, ProjectVersion: , EngineNetworkVersion: 2, GameNetworkVersion: 0, NetworkChecksum: 1363929391
[2017.02.02-08.24.45:296][  0]LogAssetRegistry: FAssetRegistry took 0.0235 seconds to start up
[2017.02.02-08.24.46:533][  0]LogPackageLocalizationCache: Processed 3 localized package path(s) for 1 prioritized culture(s) in 1.126765 seconds
[2017.02.02-08.24.46:568][  0]LogUObjectArray: 31946 objects as part of root set at end of initial load.
[2017.02.02-08.24.46:568][  0]LogUObjectAllocator: 6935848 out of 0 bytes used by permanent object pool.
[2017.02.02-08.24.46:568][  0]LogUObjectArray: CloseDisregardForGC: 0/0 objects in disregard for GC pool
[2017.02.02-08.24.46:651][  0]LogInit: WinSock: version 1.1 (2.2), MaxSocks=32767, MaxUdp=65467
[2017.02.02-08.24.52:781][  0]LogSlate: Using Freetype 2.6.0
[2017.02.02-08.24.52:966][  0]LogSlate: SlateFontCache - WITH_FREETYPE: 1, WITH_HARFBUZZ: 1
[2017.02.02-08.24.52:966][  0]LogSlate: SlateFontCache - WITH_FREETYPE: 1, WITH_HARFBUZZ: 1
[2017.02.02-08.25.25:126][  0]LogTcpMessaging: Initializing TcpMessaging bridge
[2017.02.02-08.25.25:221][  0]LogUdpMessaging: Initializing bridge on interface 0.0.0.0:0 to multicast group 230.0.0.1:6666.
[2017.02.02-08.25.26:852][  0]LogMaterial: Uniform references updated for custom material expression Custom.
[2017.02.02-08.25.30:145][  0]SourceControl: Info Source control is disabled
[2017.02.02-08.25.30:147][  0]SourceControl: Info Source control is disabled
[2017.02.02-08.25.30:473][  0]SourceControl: Info Source control is disabled
[2017.02.02-08.25.30:971][  0]SourceControl: Info Source control is disabled
[2017.02.02-08.25.36:378][  0]LogEngine: Initializing Engine...
[2017.02.02-08.25.36:416][  0]LogHMD: Failed to initialize OpenVR with code 110
[2017.02.02-08.25.38:979][  0]LogAIModule: Creating AISystem for world Untitled
[2017.02.02-08.25.38:992][  0]LogInit: XAudio2 using 'Speakers (Realtek High Definition Audio)' : 2 channels at 48 kHz using 32 bits per sample (channel mask 0x3)
[2017.02.02-08.25.39:023][  0]LogInit: FAudioDevice initialized.
[2017.02.02-08.25.39:059][  0]LogDerivedDataCache: Saved boot cache 0.03s 52MB C:/Users/egimenez/AppData/Local/UnrealEngine/4.14/DerivedDataCache/Boot.ddc.
[2017.02.02-08.25.39:068][  0]LogInit: Texture streaming: Enabled
[2017.02.02-08.25.39:813][  0]LogInit: Transaction tracking system initialized
[2017.02.02-08.25.41:774][  0]BlueprintLog: New page: Editor Load
[2017.02.02-08.25.45:213][  0]LocalizationService: Info Localization service is disabled
[2017.02.02-08.25.48:071][  0]LogConsoleResponse:Display: 
[2017.02.02-08.25.57:654][  0]LogFileCache: Scanning file cache for directory 'C:/Users/egimenez/Desktop/VAN/VANsGame/Mechanics/BasicMechanics/Content/' took 0.11s
[2017.02.02-08.25.57:654][  0]LogCook:Display: Max memory allowance for cook 16384mb min free memory 0mb
[2017.02.02-08.25.57:664][  0]LogCook:Display: Mobile HDR setting 1
[2017.02.02-08.26.07:897][  0]SourceControl: Info Source control is disabled
[2017.02.02-08.26.08:077][  0]Cmd: MAP LOAD FILE="../../../../../../Users/egimenez/Desktop/VAN/VANsGame/Mechanics/BasicMechanics/Content/StarterContent/Maps/Minimal_Default.umap" TEMPLATE=0 SHOWPROGRESS=1 FEATURELEVEL=3
[2017.02.02-08.26.08:208][  0]LightingResults: New page: Lighting Build
[2017.02.02-08.26.08:902][  0]MapCheck: New page: Map Check
[2017.02.02-08.26.08:902][  0]LightingResults: New page: Lighting Build
[2017.02.02-08.26.25:220][  0]LogAIModule: Creating AISystem for world Minimal_Default
[2017.02.02-08.26.25:271][  0]LogActorComponent: RegisterComponentWithWorld: (/Game/StarterContent/Maps/Minimal_Default.Minimal_Default:PersistentLevel.WorldSettings_1.StaticMeshComponent0) Trying to register component with IsPendingKill() == true. Aborting.
[2017.02.02-08.26.26:015][  0]LogEditorServer: Finished looking for orphan Actors (0.000 secs)
[2017.02.02-08.26.26:136][  0]Cmd: MAP CHECKDEP NOCLEARLOG
[2017.02.02-08.26.26:416][  0]MapCheck: Info Map check complete: 0 Error(s), 0 Warning(s), took 280.245ms to complete.
[2017.02.02-08.26.26:417][  0]LogFileHelpers: Loading map 'Minimal_Default' took 18.359
[2017.02.02-08.26.41:136][  0]LogCollectionManager: Loaded 0 collections in 0.002312 seconds
[2017.02.02-08.26.41:778][  0]LogFileCache: Scanning file cache for directory 'C:/Users/egimenez/Desktop/VAN/VANsGame/Mechanics/BasicMechanics/Saved/Collections/' took 0.01s
[2017.02.02-08.26.41:778][  0]LogFileCache: Scanning file cache for directory 'C:/Users/egimenez/Desktop/VAN/VANsGame/Mechanics/BasicMechanics/Content/Developers/egimenez/Collections/' took 0.01s
[2017.02.02-08.26.41:778][  0]LogFileCache: Scanning file cache for directory 'C:/Users/egimenez/Desktop/VAN/VANsGame/Mechanics/BasicMechanics/Content/Collections/' took 0.01s
[2017.02.02-08.26.41:778][  0]LogCollectionManager: Rebuilt the GUID cache for 0 collections in 0.000004 seconds
[2017.02.02-08.26.41:910][  0]LogContentBrowser: Native class hierarchy populated in 0.0980 seconds. Added 2190 classes and 428 folders.
[2017.02.02-08.26.42:170][  0]LogStats: UGameplayTagsManager::ConstructGameplayTagTree: Construct from data asset -  0.000 s
[2017.02.02-08.26.42:170][  0]LogStats: UGameplayTagsManager::ConstructGameplayTagTree: GameplayTagTreeChangedEvent.Broadcast -  0.000 s
[2017.02.02-08.26.42:172][  0]LogContentBrowser: Native class hierarchy updated for 'GameplayTags' in 0.0017 seconds. Added 13 classes and 0 folders.
[2017.02.02-08.26.42:555][  0]LogContentBrowser: Native class hierarchy updated for 'WidgetCarousel' in 0.0010 seconds. Added 0 classes and 0 folders.
[2017.02.02-08.26.47:475][  0]LogContentBrowser: Native class hierarchy updated for 'AddContentDialog' in 0.0014 seconds. Added 0 classes and 0 folders.
[2017.02.02-08.26.47:755][  0]LogContentBrowser: Native class hierarchy updated for 'SceneOutliner' in 0.0007 seconds. Added 1 classes and 2 folders.
[2017.02.02-08.26.50:143][  0]LogCrashTracker: Crashtracker disabled due to settings.
[2017.02.02-08.26.50:641][  0]LogUObjectGlobals:Warning: Failed to find object 'Class None.'
[2017.02.02-08.26.51:177][  0]LogContentBrowser: Native class hierarchy updated for 'HierarchicalLODOutliner' in 0.0011 seconds. Added 1 classes and 2 folders.
[2017.02.02-08.26.51:177][  0]LogLoad: (Engine Initialization) Total time: 202.28 seconds
[2017.02.02-08.26.51:177][  0]LogLoad: (Engine Initialization) Total Blueprint compile time: 1.09 seconds
[2017.02.02-08.26.51:177][  0]LogExternalProfiler: No external profilers were discovered.  External profiling features will not be available.
[2017.02.02-08.26.51:187][  0]LogOcInput: OculusInput pre-init called
[2017.02.02-08.26.51:759][  0]LogContentStreaming: Texture pool size now 1000 MB
[2017.02.02-08.26.58:480][  1]LogRenderer: Reallocating scene render targets to support 940x512 NumSamples 1 (Frame:2).
[2017.02.02-08.27.03:596][  4]LogAssetRegistry: Asset discovery search completed in 138.3037 seconds
[2017.02.02-08.27.03:702][  4]LogCollectionManager: Rebuilt the object cache for 0 collections in 0.000001 seconds (found 0 objects)
[2017.02.02-08.27.03:702][  4]LogCollectionManager: Fixed up redirectors for 0 collections in 0.106096 seconds (updated 0 objects)
[2017.02.02-08.27.05:108][  9]LogFileCache: Retrieving MD5 hashes for directory 'C:/Users/egimenez/Desktop/VAN/VANsGame/Mechanics/BasicMechanics/Content/' took 13.91s
[2017.02.02-08.27.12:108][ 31]LogHttp:Warning: 00000000467D0A00: request failed, libcurl error: 7 (Couldn't connect to server)
[2017.02.02-08.27.12:108][ 31]LogHttp:Warning: 00000000467D0A00: libcurl info message cache 0 (  Trying 54.192.50.229...)
[2017.02.02-08.27.12:108][ 31]LogHttp:Warning: 00000000467D0A00: libcurl info message cache 1 (connect to 54.192.50.229 port 80 failed: Timed out)
[2017.02.02-08.27.12:109][ 31]LogHttp:Warning: 00000000467D0A00: libcurl info message cache 2 (Failed to connect to cdn.unrealengine.com port 80: Timed out)
[2017.02.02-08.27.12:109][ 31]LogHttp:Warning: 00000000467D0A00: libcurl info message cache 3 (Closing connection 0)
[2017.02.02-08.27.33:443][ 95]LogHttp:Warning: 00000000344DE980: request failed, libcurl error: 7 (Couldn't connect to server)
[2017.02.02-08.27.33:443][ 95]LogHttp:Warning: 00000000344DE980: libcurl info message cache 0 (Hostname cdn.unrealengine.com was found in DNS cache)
[2017.02.02-08.27.33:443][ 95]LogHttp:Warning: 00000000344DE980: libcurl info message cache 1 (  Trying 54.192.50.229...)
[2017.02.02-08.27.33:443][ 95]LogHttp:Warning: 00000000344DE980: libcurl info message cache 2 (connect to 54.192.50.229 port 80 failed: Timed out)
[2017.02.02-08.27.33:443][ 95]LogHttp:Warning: 00000000344DE980: libcurl info message cache 3 (Failed to connect to cdn.unrealengine.com port 80: Timed out)
[2017.02.02-08.27.33:443][ 95]LogHttp:Warning: 00000000344DE980: libcurl info message cache 4 (Closing connection 1)
[2017.02.02-08.27.54:777][159]LogHttp:Warning: 00000000344DEE00: request failed, libcurl error: 7 (Couldn't connect to server)
[2017.02.02-08.27.54:777][159]LogHttp:Warning: 00000000344DEE00: libcurl info message cache 0 (Hostname cdn.unrealengine.com was found in DNS cache)
[2017.02.02-08.27.54:777][159]LogHttp:Warning: 00000000344DEE00: libcurl info message cache 1 (  Trying 54.192.50.229...)
[2017.02.02-08.27.54:777][159]LogHttp:Warning: 00000000344DEE00: libcurl info message cache 2 (connect to 54.192.50.229 port 80 failed: Timed out)
[2017.02.02-08.27.54:777][159]LogHttp:Warning: 00000000344DEE00: libcurl info message cache 3 (Failed to connect to cdn.unrealengine.com port 80: Timed out)
[2017.02.02-08.27.54:777][159]LogHttp:Warning: 00000000344DEE00: libcurl info message cache 4 (Closing connection 2)
[2017.02.02-08.31.14:632][ 79]LogLinker:Warning: Can't find file '/Game/Levels/DarkSwitch_BuiltData'
[2017.02.02-08.31.14:632][ 79]LogLinker:Warning: Can't find file for asset '/Game/Levels/DarkSwitch_BuiltData' while loading ../../../../../../Users/egimenez/Desktop/VAN/VANsGame/Mechanics/BasicMechanics/Content/Levels/DarkSwitch.umap.
[2017.02.02-08.31.14:632][ 79]LoadErrors:Error: Error /Game/Levels/DarkSwitch : Can't find file for asset. /Game/Levels/DarkSwitch_BuiltData
[2017.02.02-08.31.16:803][ 79]LogLinker:Warning: Can't find file '/Game/Levels/DarkSwitch_BuiltData'
[2017.02.02-08.31.16:803][ 79]LogLinker:Warning: Can't find file for asset '/Game/Levels/DarkSwitch_BuiltData' while loading ../../../../../../Users/egimenez/Desktop/VAN/VANsGame/Mechanics/BasicMechanics/Content/Levels/DarkSwitch.umap.
[2017.02.02-08.31.17:933][ 79]LogLinker:Warning: Can't find file '/Game/Levels/DarkSwitch_BuiltData'
[2017.02.02-08.31.18:087][ 79]LoadErrors: Info Failed to load /Game/Levels/DarkSwitch_BuiltData.DarkSwitch_BuiltData Referenced by PersistentLevel
[2017.02.02-08.31.18:089][ 79]LogLinker:Warning: Can't find file for asset '/Game/Levels/DarkSwitch_BuiltData' while loading NULL.
[2017.02.02-08.31.26:335][ 79]LogAIModule: Creating AISystem for world DarkSwitch
[2017.02.02-08.31.26:517][ 79]Cmd: MAP LOAD FILE="../../../../../../Users/egimenez/Desktop/VAN/VANsGame/Mechanics/BasicMechanics/Content/Levels/DarkSwitch.umap" TEMPLATE=0 SHOWPROGRESS=1 FEATURELEVEL=3
[2017.02.02-08.31.26:517][ 79]LightingResults: New page: Lighting Build
[2017.02.02-08.31.26:518][ 79]LoadErrors: New page: Loading map: DarkSwitch.umap
[2017.02.02-08.31.26:567][ 79]MapCheck: New page: Map Check
[2017.02.02-08.31.26:568][ 79]LightingResults: New page: Lighting Build
[2017.02.02-08.31.26:629][ 79]LogEditorServer: Finished looking for orphan Actors (0.000 secs)
[2017.02.02-08.31.26:762][ 79]Cmd: MAP CHECKDEP NOCLEARLOG
[2017.02.02-08.31.26:828][ 79]MapCheck: Info Map check complete: 0 Error(s), 0 Warning(s), took 65.251ms to complete.
[2017.02.02-08.31.26:828][ 79]LogFileHelpers: Loading map 'DarkSwitch' took 0.326
[2017.02.02-08.32.22:022][939]MapCheck: New page: Map Check
[2017.02.02-08.32.22:059][939]Cmd: MAP REBUILD ALLVISIBLE
[2017.02.02-08.32.22:059][939]LogEditorServer: Rebuildmap Clear paths rebuilt
[2017.02.02-08.32.22:364][939]LightingResults: New page: Lighting Build - Feb 2, 2017, 10:32:22 AM
[2017.02.02-08.32.22:684][939]LogSwarmInterface: [OpenConnection] Registering TCP channel ...
[2017.02.02-08.32.22:784][939]LogSwarmInterface: [OpenConnection] Connecting to agent ...
[2017.02.02-08.32.22:835][939]LogSwarmInterface: [TryOpenConnection] Testing the Agent
[2017.02.02-08.32.24:513][939]LogSwarmInterface: [TryOpenConnection] Opening Connection to Agent
[2017.02.02-08.32.24:513][939]LogSwarmInterface: [TryOpenConnection] Local Process ID is 9104
[2017.02.02-08.32.27:987][939]LightingResults:Warning: Performance Warning No importance volume found and the scene is so large that the automatically synthesized volume will not yield good results.  Please add a tightly bounding lightmass importance volume to optimize your scene's quality and lighting build times.
[2017.02.02-08.32.27:995][939]LogStaticLightingSystem: Running Lightmass w/ ImmediateImport mode ENABLED
[2017.02.02-08.32.27:995][939]LogStaticLightingSystem: Running Lightmass w/ ImmediateProcess mode ENABLED
[2017.02.02-08.32.27:995][939]LogStaticLightingSystem: Running Lightmass w/ Sorting mode ENABLED
[2017.02.02-08.32.27:995][939]LogStaticLightingSystem: Running Lightmass w/ Mapping paddings ENABLED
[2017.02.02-08.32.27:995][939]LogStaticLightingSystem: Running Lightmass w/ Mapping debug paddings DISABLED
[2017.02.02-08.32.28:371][939]Cmd: MAP CHECK DONTDISPLAYDIALOG
[2017.02.02-08.32.28:371][939]MapCheck: New page: DarkSwitch - Feb 2, 2017, 10:32:28 AM
[2017.02.02-08.32.28:424][939]MapCheck:Warning: Warning AmurCork_Desktop_Winter14 AmurCork_Desktop_Winter14 is in the same location as AmurCork_Desktop_Winter18 
[2017.02.02-08.32.28:424][939]MapCheck:Warning: Warning AmurCork_Desktop_Winter16 AmurCork_Desktop_Winter16 is in the same location as AmurCork_Desktop_Winter20 
[2017.02.02-08.32.28:424][939]MapCheck:Warning: Warning AmurCork_Desktop_Winter18 AmurCork_Desktop_Winter18 is in the same location as AmurCork_Desktop_Winter14 
[2017.02.02-08.32.28:425][939]MapCheck:Warning: Warning AmurCork_Desktop_Winter20 AmurCork_Desktop_Winter20 is in the same location as AmurCork_Desktop_Winter16 
[2017.02.02-08.32.28:425][939]MapCheck:Warning: Warning AmurCork_Desktop_Winter28 AmurCork_Desktop_Winter28 is in the same location as AmurCork_Desktop_Winter32 
[2017.02.02-08.32.28:425][939]MapCheck:Warning: Warning AmurCork_Desktop_Winter32 AmurCork_Desktop_Winter32 is in the same location as AmurCork_Desktop_Winter28 
[2017.02.02-08.32.28:425][939]MapCheck:Warning: Warning AmurCork_Desktop_Winter34 AmurCork_Desktop_Winter34 is in the same location as AmurCork_Desktop_Winter38 
[2017.02.02-08.32.28:425][939]MapCheck:Warning: Warning AmurCork_Desktop_Winter38 AmurCork_Desktop_Winter38 is in the same location as AmurCork_Desktop_Winter34 
[2017.02.02-08.32.28:425][939]MapCheck:Warning: Warning AmurCork_Desktop_Winter46 AmurCork_Desktop_Winter46 is in the same location as AmurCork_Desktop_Winter50 
[2017.02.02-08.32.28:425][939]MapCheck:Warning: Warning AmurCork_Desktop_Winter50 AmurCork_Desktop_Winter50 is in the same location as AmurCork_Desktop_Winter46 
[2017.02.02-08.32.28:451][939]MapCheck:Error: Error WorldSettings Maps need lighting rebuilt 
[2017.02.02-08.32.28:517][939]MapCheck: Info Map check complete: 1 Error(s), 10 Warning(s), took 145.245ms to complete.
[2017.02.02-08.32.28:537][939]LogEditorBuildUtils: Build time 0:06
[2017.02.02-08.36.57:517][592]Job is a success!
[2017.02.02-08.37.00:091][593]LogTexture:Display: Building textures: SkyOcclusion0_1 (AutoDXT)
[2017.02.02-08.37.00:091][593]LogTexture:Display: Building textures: HQ_Lightmap0_1 (AutoDXT)
[2017.02.02-08.37.00:091][593]LogTexture:Display: Building textures: LQ_Lightmap_0_1 (DXT1)
[2017.02.02-08.37.00:091][593]LogTexture:Display: Building textures: SkyOcclusion0_2 (AutoDXT)
[2017.02.02-08.37.00:091][593]LogTexture:Display: Building textures: HQ_Lightmap0_2 (AutoDXT)
[2017.02.02-08.37.00:091][593]LogTexture:Display: Building textures: LQ_Lightmap_0_2 (DXT1)
[2017.02.02-08.37.00:091][593]LogTexture:Display: Building textures: SkyOcclusion0_3 (AutoDXT)
[2017.02.02-08.37.00:091][593]LogTexture:Display: Building textures: SkyOcclusion0_4 (AutoDXT)
[2017.02.02-08.37.00:091][593]LogTexture:Display: Building textures: LQ_Lightmap_0_3 (DXT1)
[2017.02.02-08.37.00:091][593]LogTexture:Display: Building textures: HQ_Lightmap0_3 (AutoDXT)
[2017.02.02-08.37.00:091][593]LogTexture:Display: Building textures: HQ_Lightmap0_4 (AutoDXT)
[2017.02.02-08.37.00:091][593]LogTexture:Display: Building textures: LQ_Lightmap_0_4 (DXT1)
[2017.02.02-08.37.01:106][593]LogTexture:Display: Building textures: ShadowMapTexture2D_0 (BGRA8)
[2017.02.02-08.37.01:106][593]LogTexture:Display: Building textures: ShadowMapTexture2D_2 (G8)
[2017.02.02-08.37.01:192][593]LogTexture:Display: Building textures: ShadowMapTexture2D_1 (G8)
[2017.02.02-08.37.01:287][593]Lightmass on BAR-EGIMENEZ: 4:30 min total, 1.44 sec importing, 477 ms setup, 10.7 sec photons, 4:17 min processing, 0 ms extra exporting [85/85 mappings]. Threads: 47:12 min total, 39:28 min processing.
[2017.02.02-08.37.01:321][593]LogStaticLightingSystem: Illumination: 4:38 min (1.92 sec encoding lightmaps, 1.09 sec encoding shadowmaps)
[2017.02.02-08.37.01:321][593]LogStaticLightingSystem: Lightmap texture memory:  16.0 MB (16.0 MB streaming, 0.0 MB non-streaming), 8 textures
[2017.02.02-08.37.01:321][593]LogStaticLightingSystem: Shadowmap texture memory: 13.3 MB (13.3 MB streaming, 0.0 MB non-streaming), 3 textures
[2017.02.02-08.37.02:063][593]DumpUnbuiltLightIteractions
[2017.02.02-08.37.02:063][593]Lights with unbuilt interactions: 0
[2017.02.02-08.37.02:063][593]
[2017.02.02-08.37.02:063][593]Primitives with unbuilt interactions: 0
[2017.02.02-08.37.02:077][594]Cmd: MAP CHECK NOTIFYRESULTS
[2017.02.02-08.37.02:077][594]MapCheck: New page: DarkSwitch - Feb 2, 2017, 10:37:02 AM
[2017.02.02-08.37.02:078][594]MapCheck:Warning: Warning AmurCork_Desktop_Winter14 AmurCork_Desktop_Winter14 is in the same location as AmurCork_Desktop_Winter18 
[2017.02.02-08.37.02:078][594]MapCheck:Warning: Warning AmurCork_Desktop_Winter16 AmurCork_Desktop_Winter16 is in the same location as AmurCork_Desktop_Winter20 
[2017.02.02-08.37.02:078][594]MapCheck:Warning: Warning AmurCork_Desktop_Winter18 AmurCork_Desktop_Winter18 is in the same location as AmurCork_Desktop_Winter14 
[2017.02.02-08.37.02:078][594]MapCheck:Warning: Warning AmurCork_Desktop_Winter20 AmurCork_Desktop_Winter20 is in the same location as AmurCork_Desktop_Winter16 
[2017.02.02-08.37.02:078][594]MapCheck:Warning: Warning AmurCork_Desktop_Winter28 AmurCork_Desktop_Winter28 is in the same location as AmurCork_Desktop_Winter32 
[2017.02.02-08.37.02:078][594]MapCheck:Warning: Warning AmurCork_Desktop_Winter32 AmurCork_Desktop_Winter32 is in the same location as AmurCork_Desktop_Winter28 
[2017.02.02-08.37.02:078][594]MapCheck:Warning: Warning AmurCork_Desktop_Winter34 AmurCork_Desktop_Winter34 is in the same location as AmurCork_Desktop_Winter38 
[2017.02.02-08.37.02:078][594]MapCheck:Warning: Warning AmurCork_Desktop_Winter38 AmurCork_Desktop_Winter38 is in the same location as AmurCork_Desktop_Winter34 
[2017.02.02-08.37.02:078][594]MapCheck:Warning: Warning AmurCork_Desktop_Winter46 AmurCork_Desktop_Winter46 is in the same location as AmurCork_Desktop_Winter50 
[2017.02.02-08.37.02:078][594]MapCheck:Warning: Warning AmurCork_Desktop_Winter50 AmurCork_Desktop_Winter50 is in the same location as AmurCork_Desktop_Winter46 
[2017.02.02-08.37.02:142][594]MapCheck: Info Map check complete: 0 Error(s), 10 Warning(s), took 64.707ms to complete.
[2017.02.02-08.41.16:845][896]LogSavePackage: Save=129.25ms
[2017.02.02-08.41.16:846][896]LogSavePackage: Moving '../../../../../../Users/egimenez/Desktop/VAN/VANsGame/Mechanics/BasicMechanics/Saved/DarkSwitch_Auto1801F05EF434B5F0573F25FB4C79CA1D7.tmp' to '../../../../../../Users/egimenez/Desktop/VAN/VANsGame/Mechanics/BasicMechanics/Saved/Autosaves/Game/Levels/DarkSwitch_Auto1.umap'
[2017.02.02-08.41.16:939][896]LogSavePackage:Display: Finished SavePackage ../../../../../../Users/egimenez/Desktop/VAN/VANsGame/Mechanics/BasicMechanics/Saved/Autosaves/Game/Levels/DarkSwitch_Auto1.umap
[2017.02.02-08.41.17:048][896]LogSavePackage: Save=67.58ms
[2017.02.02-08.41.17:048][896]LogSavePackage: Moving '../../../../../../Users/egimenez/Desktop/VAN/VANsGame/Mechanics/BasicMechanics/Saved/DarkSwitch_BuiltData3993CAA943EB420B482BAF8912F08257.tmp' to '../../../../../../Users/egimenez/Desktop/VAN/VANsGame/Mechanics/BasicMechanics/Content/Levels/DarkSwitch_BuiltData.uasset'
[2017.02.02-08.41.17:049][896]LogSavePackage:Display: Finished SavePackage ../../../../../../Users/egimenez/Desktop/VAN/VANsGame/Mechanics/BasicMechanics/Content/Levels/DarkSwitch_BuiltData.uasset
[2017.02.02-08.41.17:051][896]LogFileHelpers: Editor autosave (incl. sublevels) for '/Game/Levels/DarkSwitch' took 0.379
[2017.02.02-08.41.17:051][896]LogFileHelpers: Editor autosave (incl. sublevels) for all levels took 0.379
[2017.02.02-08.45.48:252][916]LogTemp: Repeting last play command: New Editor Window (PIE)
[2017.02.02-08.45.48:322][916]LogPlayLevel: PlayLevel: No blueprints needed recompiling
[2017.02.02-08.45.48:351][916]PIE: New page: PIE session: DarkSwitch (Feb 2, 2017, 10:45:48 AM)
[2017.02.02-08.45.48:370][916]LogPlayLevel: Creating play world package: /Game/Levels/UEDPIE_0_DarkSwitch
[2017.02.02-08.45.48:455][916]LogPlayLevel: PIE: StaticDuplicateObject took: (0.084842s)
[2017.02.02-08.45.48:456][916]LogAIModule: Creating AISystem for world DarkSwitch
[2017.02.02-08.45.48:466][916]LogPlayLevel: PIE: World Init took: (0.010455s)
[2017.02.02-08.45.48:475][916]LogPlayLevel: PIE: Created PIE world by copying editor world from /Game/Levels/DarkSwitch.DarkSwitch to /Game/Levels/UEDPIE_0_DarkSwitch.DarkSwitch (0.123901s)
[2017.02.02-08.45.48:503][916]LogInit: XAudio2 using 'Speakers (Realtek High Definition Audio)' : 2 channels at 48 kHz using 32 bits per sample (channel mask 0x3)
[2017.02.02-08.45.48:511][916]LogInit: FAudioDevice initialized.
[2017.02.02-08.45.48:590][916]LogLoad: Game class is 'GameModeBase'
[2017.02.02-08.45.48:715][916]LogWorld: Bringing World /Game/Levels/UEDPIE_0_DarkSwitch.DarkSwitch up for play (max tick rate 0) at 2017.02.02-09.45.48
[2017.02.02-08.45.48:756][916]LogWorld: Bringing up level for play took: 0.060137
[2017.02.02-08.45.48:931][916]LogContentBrowser: Native class hierarchy updated for 'MovieSceneCapture' in 0.0007 seconds. Added 11 classes and 0 folders.
[2017.02.02-08.45.48:954][916]PIE: Info Play in editor start time for /Game/Levels/UEDPIE_0_DarkSwitch 0.644
[2017.02.02-08.45.49:081][916]LogRenderer: Reallocating scene render targets to support 1292x756 NumSamples 1 (Frame:3470).
[2017.02.02-08.46.11:177][341]LogEditorViewport: Clicking on Actor (context menu): StaticMeshActor (Floor)
[2017.02.02-08.46.12:817][473]LogTemp: Repeting last play command: New Editor Window (PIE)
[2017.02.02-08.46.12:850][473]LogPlayLevel: PlayLevel: No blueprints needed recompiling
[2017.02.02-08.46.12:850][473]PIE: New page: PIE session: DarkSwitch (Feb 2, 2017, 10:46:12 AM)
[2017.02.02-08.46.12:850][473]LogPlayLevel: Creating play world package: /Game/Levels/UEDPIE_0_DarkSwitch
[2017.02.02-08.46.12:867][473]LogPlayLevel: PIE: StaticDuplicateObject took: (0.016985s)
[2017.02.02-08.46.12:868][473]LogAIModule: Creating AISystem for world DarkSwitch
[2017.02.02-08.46.12:868][473]LogPlayLevel: PIE: World Init took: (0.000637s)
[2017.02.02-08.46.12:868][473]LogPlayLevel: PIE: Created PIE world by copying editor world from /Game/Levels/DarkSwitch.DarkSwitch to /Game/Levels/UEDPIE_0_DarkSwitch.DarkSwitch (0.017841s)
[2017.02.02-08.46.12:899][473]LogInit: XAudio2 using 'Speakers (Realtek High Definition Audio)' : 2 channels at 48 kHz using 32 bits per sample (channel mask 0x3)
[2017.02.02-08.46.12:906][473]LogInit: FAudioDevice initialized.
[2017.02.02-08.46.12:942][473]LogLoad: Game class is 'GameModeBase'
[2017.02.02-08.46.12:947][473]LogWorld: Bringing World /Game/Levels/UEDPIE_0_DarkSwitch.DarkSwitch up for play (max tick rate 0) at 2017.02.02-09.46.12
[2017.02.02-08.46.12:948][473]LogWorld: Bringing up level for play took: 0.005008
[2017.02.02-08.46.12:952][473]PIE: Info Play in editor start time for /Game/Levels/UEDPIE_0_DarkSwitch 0.642
[2017.02.02-08.46.30:866][580]LogEditorViewport: Clicking on Actor (LMB): StaticMeshActor (AmurCork_Desktop_Winter52)
[2017.02.02-08.46.39:423][556]Cmd: TRANSACTION UNDO
[2017.02.02-08.46.39:423][556]LogEditorTransaction: Undo Move Actors
[2017.02.02-08.46.40:105][612]Cmd: TRANSACTION UNDO
[2017.02.02-08.46.40:105][612]LogEditorTransaction: Undo Move Actors
[2017.02.02-08.46.40:527][660]Cmd: TRANSACTION UNDO
[2017.02.02-08.46.40:527][660]LogEditorTransaction: Undo Move Actors
[2017.02.02-08.46.40:942][708]Cmd: TRANSACTION UNDO
[2017.02.02-08.46.40:942][708]LogEditorTransaction: Undo Move Actors
[2017.02.02-08.46.43:016][942]Cmd: TRANSACTION UNDO
[2017.02.02-08.46.43:016][942]LogEditorTransaction: Undo Move Actors
[2017.02.02-08.46.43:338][979]Cmd: TRANSACTION UNDO
[2017.02.02-08.46.43:338][979]LogEditorTransaction: Undo Move Actors
[2017.02.02-08.46.43:709][ 22]Cmd: TRANSACTION UNDO
[2017.02.02-08.46.43:709][ 22]LogEditorTransaction: Undo Move Actors
[2017.02.02-08.46.54:608][158]LogTemp: Repeting last play command: New Editor Window (PIE)
[2017.02.02-08.46.54:641][158]LogPlayLevel: PlayLevel: No blueprints needed recompiling
[2017.02.02-08.46.54:641][158]PIE: New page: PIE session: DarkSwitch (Feb 2, 2017, 10:46:54 AM)
[2017.02.02-08.46.54:641][158]LogPlayLevel: Creating play world package: /Game/Levels/UEDPIE_0_DarkSwitch
[2017.02.02-08.46.54:658][158]LogPlayLevel: PIE: StaticDuplicateObject took: (0.016540s)
[2017.02.02-08.46.54:659][158]LogAIModule: Creating AISystem for world DarkSwitch
[2017.02.02-08.46.54:659][158]LogPlayLevel: PIE: World Init took: (0.000648s)
[2017.02.02-08.46.54:659][158]LogPlayLevel: PIE: Created PIE world by copying editor world from /Game/Levels/DarkSwitch.DarkSwitch to /Game/Levels/UEDPIE_0_DarkSwitch.DarkSwitch (0.017409s)
[2017.02.02-08.46.54:669][158]LogInit: XAudio2 using 'Speakers (Realtek High Definition Audio)' : 2 channels at 48 kHz using 32 bits per sample (channel mask 0x3)
[2017.02.02-08.46.54:676][158]LogInit: FAudioDevice initialized.
[2017.02.02-08.46.54:713][158]LogLoad: Game class is 'GameModeBase'
[2017.02.02-08.46.54:719][158]LogWorld: Bringing World /Game/Levels/UEDPIE_0_DarkSwitch.DarkSwitch up for play (max tick rate 0) at 2017.02.02-09.46.54
[2017.02.02-08.46.54:720][158]LogWorld: Bringing up level for play took: 0.005164
[2017.02.02-08.46.54:725][158]PIE: Info Play in editor start time for /Game/Levels/UEDPIE_0_DarkSwitch 0.412
[2017.02.02-08.48.08:596][851]Cmd: TRANSACTION UNDO
[2017.02.02-08.48.08:596][851]LogEditorTransaction: Undo Move Actors
[2017.02.02-08.48.30:158][241]Cmd: TRANSACTION UNDO
[2017.02.02-08.48.30:158][241]LogEditorTransaction: Undo Move Actors
[2017.02.02-08.48.33:455][586]Cmd: TRANSACTION UNDO
[2017.02.02-08.48.33:456][586]LogEditorTransaction: Undo Edit Fog Height Falloff
[2017.02.02-08.48.34:031][632]Cmd: TRANSACTION UNDO
[2017.02.02-08.48.34:031][632]LogEditorTransaction: Undo Move Actors
[2017.02.02-08.48.47:368][ 68]Cmd: DELETE
[2017.02.02-08.48.47:368][ 68]Cmd: ACTOR DELETE
[2017.02.02-08.48.47:479][ 68]LogEditorActor: Deleted Actor: AtmosphericFog
[2017.02.02-08.48.47:490][ 68]LogEditorActor: Deleted 1 Actors (0.012 secs)
[2017.02.02-08.49.19:610][630]LogEditorViewport: Clicking on Actor (LMB): StaticMeshActor (AmurCork_Desktop_Fall5)
[2017.02.02-08.49.20:241][696]LogEditorViewport: Clicking on Actor (LMB): StaticMeshActor (Floor)
[2017.02.02-08.49.28:763][628]LogTemp: Repeting last play command: New Editor Window (PIE)
[2017.02.02-08.49.28:796][628]LogPlayLevel: PlayLevel: No blueprints needed recompiling
[2017.02.02-08.49.28:796][628]PIE: New page: PIE session: DarkSwitch (Feb 2, 2017, 10:49:28 AM)
[2017.02.02-08.49.28:796][628]LogPlayLevel: Creating play world package: /Game/Levels/UEDPIE_0_DarkSwitch
[2017.02.02-08.49.28:812][628]LogPlayLevel: PIE: StaticDuplicateObject took: (0.016400s)
[2017.02.02-08.49.28:813][628]LogAIModule: Creating AISystem for world DarkSwitch
[2017.02.02-08.49.28:813][628]LogPlayLevel: PIE: World Init took: (0.000743s)
[2017.02.02-08.49.28:813][628]LogPlayLevel: PIE: Created PIE world by copying editor world from /Game/Levels/DarkSwitch.DarkSwitch to /Game/Levels/UEDPIE_0_DarkSwitch.DarkSwitch (0.017375s)
[2017.02.02-08.49.28:824][628]LogInit: XAudio2 using 'Speakers (Realtek High Definition Audio)' : 2 channels at 48 kHz using 32 bits per sample (channel mask 0x3)
[2017.02.02-08.49.28:831][628]LogInit: FAudioDevice initialized.
[2017.02.02-08.49.28:867][628]LogLoad: Game class is 'GameModeBase'
[2017.02.02-08.49.28:872][628]LogWorld: Bringing World /Game/Levels/UEDPIE_0_DarkSwitch.DarkSwitch up for play (max tick rate 0) at 2017.02.02-09.49.28
[2017.02.02-08.49.28:873][628]LogWorld: Bringing up level for play took: 0.005088
[2017.02.02-08.49.28:878][628]PIE: Info Play in editor start time for /Game/Levels/UEDPIE_0_DarkSwitch 0.555
[2017.02.02-08.50.12:347][814]Cmd: QUIT_EDITOR
[2017.02.02-08.50.12:551][814]LogExit: Preparing to exit.
[2017.02.02-08.50.13:594][814]LogDirectoryWatcher: A directory notification for 'C:/Users/egimenez/Desktop/VAN/VANsGame/Mechanics/BasicMechanics/Content/' was aborted.
[2017.02.02-08.50.13:671][814]LogExit: Editor shut down
[2017.02.02-08.50.13:671][814]LogExit: Transaction tracking system shut down
[2017.02.02-08.50.14:368][814]LogObj: Freed 0b from 0 cluster array pools.
[2017.02.02-08.50.14:368][814]LogExit: Object subsystem successfully closed.
[2017.02.02-08.50.14:527][814]LogD3D11RHI: Shutdown
[2017.02.02-08.50.14:527][814]LogD3D11RHI: CleanupD3DDevice
[2017.02.02-08.50.14:620][814]LogD3D11RHI: ~FD3D11DynamicRHI
[2017.02.02-08.50.15:089][814]LogHttp:Display: Http module shutting down, but needs to wait on 1 outstanding Http requests:
[2017.02.02-08.50.15:089][814]LogHttp:Display: 	verb=[POST] url=[https://datarouter.ol.epicgames.com/datarouter/api/v1/public/data?SessionID=%7B4178DA03-4626-C11F-F97B-4AA935D4C8C4%7D&AppID=UEEditor.Rocket.Release&AppVersion=4.14.3-3249277%2B%2B%2BUE4%2BRelease-4.14&UserID=2f021e9640f34e1b79125c885e74038b%7Ca87b32ece6994b04a16f0bd7f6ed0b63%7Ce7b4e52c-2add-4ef6-a14c-b99df0828af2&AppEnvironment=datacollector-binary&UploadType=eteventstream] status=Processing
[2017.02.02-08.50.15:157][814]LogModuleManager: Shutting down and abandoning module MovieSceneCapture (243)
[2017.02.02-08.50.15:157][814]LogModuleManager: Shutting down and abandoning module HierarchicalLODUtilities (242)
[2017.02.02-08.50.15:164][814]LogModuleManager: Shutting down and abandoning module HierarchicalLODOutliner (241)
[2017.02.02-08.50.15:178][814]LogModuleManager: Shutting down and abandoning module CrashTracker (240)
[2017.02.02-08.50.15:178][814]LogModuleManager: Shutting down and abandoning module SceneOutliner (239)
[2017.02.02-08.50.15:178][814]LogModuleManager: Shutting down and abandoning module WidgetCarousel (238)
[2017.02.02-08.50.15:178][814]LogModuleManager: Shutting down and abandoning module AddContentDialog (237)
[2017.02.02-08.50.15:196][814]LogDirectoryWatcher: A directory notification for 'C:/Program Files (x86)/Epic Games/4.14/FeaturePacks/' was aborted.
[2017.02.02-08.50.15:197][814]LogModuleManager: Shutting down and abandoning module GameplayTags (236)
[2017.02.02-08.50.15:197][814]LogModuleManager: Shutting down and abandoning module EditorWidgets (235)
[2017.02.02-08.50.15:197][814]LogModuleManager: Shutting down and abandoning module CollectionManager (234)
[2017.02.02-08.50.15:203][814]LogDirectoryWatcher: A directory notification for 'C:/Users/egimenez/Desktop/VAN/VANsGame/Mechanics/BasicMechanics/Content/Collections/' was aborted.
[2017.02.02-08.50.15:203][814]LogDirectoryWatcher: A directory notification for 'C:/Users/egimenez/Desktop/VAN/VANsGame/Mechanics/BasicMechanics/Content/Developers/egimenez/Collections/' was aborted.
[2017.02.02-08.50.15:203][814]LogDirectoryWatcher: A directory notification for 'C:/Users/egimenez/Desktop/VAN/VANsGame/Mechanics/BasicMechanics/Saved/Collections/' was aborted.
[2017.02.02-08.50.15:203][814]LogModuleManager: Shutting down and abandoning module StatsViewer (233)
[2017.02.02-08.50.15:212][814]LogModuleManager: Shutting down and abandoning module FoliageEdit (232)
[2017.02.02-08.50.15:212][814]LogModuleManager: Shutting down and abandoning module LandscapeEditor (231)
[2017.02.02-08.50.15:224][814]LogModuleManager: Shutting down and abandoning module SceneDepthPickerMode (230)
[2017.02.02-08.50.15:224][814]LogModuleManager: Shutting down and abandoning module ActorPickerMode (229)
[2017.02.02-08.50.15:224][814]LogModuleManager: Shutting down and abandoning module GeometryMode (228)
[2017.02.02-08.50.15:224][814]LogModuleManager: Shutting down and abandoning module TextureAlignMode (227)
[2017.02.02-08.50.15:224][814]LogModuleManager: Shutting down and abandoning module BspMode (226)
[2017.02.02-08.50.15:224][814]LogModuleManager: Shutting down and abandoning module HardwareSurvey (225)
[2017.02.02-08.50.15:224][814]LogModuleManager: Shutting down and abandoning module SequenceRecorderSections (224)
[2017.02.02-08.50.15:224][814]LogModuleManager: Shutting down and abandoning module AutomationWorker (223)
[2017.02.02-08.50.15:225][814]LogModuleManager: Shutting down and abandoning module MatineeToLevelSequence (222)
[2017.02.02-08.50.15:225][814]LogModuleManager: Shutting down and abandoning module PlacementMode (221)
[2017.02.02-08.50.15:243][814]LogModuleManager: Shutting down and abandoning module LevelSequenceEditor (220)
[2017.02.02-08.50.15:250][814]LogModuleManager: Shutting down and abandoning module WmfMediaFactory (219)
[2017.02.02-08.50.15:250][814]LogModuleManager: Shutting down and abandoning module WmfMediaEditor (218)
[2017.02.02-08.50.15:250][814]LogModuleManager: Shutting down and abandoning module AvfMediaFactory (217)
[2017.02.02-08.50.15:250][814]LogModuleManager: Shutting down and abandoning module AvfMediaEditor (216)
[2017.02.02-08.50.15:250][814]LogModuleManager: Shutting down and abandoning module Media (215)
[2017.02.02-08.50.15:250][814]LogModuleManager: Shutting down and abandoning module AndroidMediaFactory (214)
[2017.02.02-08.50.15:250][814]LogModuleManager: Shutting down and abandoning module AndroidMediaEditor (213)
[2017.02.02-08.50.15:250][814]LogModuleManager: Shutting down and abandoning module CharacterAI (212)
[2017.02.02-08.50.15:250][814]LogModuleManager: Shutting down and abandoning module SequenceRecorder (211)
[2017.02.02-08.50.15:271][814]LogModuleManager: Shutting down and abandoning module AudioCapture (210)
[2017.02.02-08.50.15:271][814]LogModuleManager: Shutting down and abandoning module SmartSnapping (209)
[2017.02.02-08.50.15:271][814]LogModuleManager: Shutting down and abandoning module SessionServices (208)
[2017.02.02-08.50.15:271][814]LogModuleManager: Shutting down and abandoning module ViewportSnapping (207)
[2017.02.02-08.50.15:271][814]LogModuleManager: Shutting down and abandoning module ViewportInteraction (206)
[2017.02.02-08.50.15:271][814]LogModuleManager: Shutting down and abandoning module LogVisualizer (205)
[2017.02.02-08.50.15:286][814]LogModuleManager: Shutting down and abandoning module GameProjectGeneration (204)
[2017.02.02-08.50.15:299][814]LogModuleManager: Shutting down and abandoning module IntroTutorials (203)
[2017.02.02-08.50.15:304][814]LogModuleManager: Shutting down and abandoning module EditorLiveStreaming (202)
[2017.02.02-08.50.15:304][814]LogModuleManager: Shutting down and abandoning module IOSPlatformEditor (201)
[2017.02.02-08.50.15:334][814]LogModuleManager: Shutting down and abandoning module HTML5PlatformEditor (200)
[2017.02.02-08.50.15:334][814]LogModuleManager: Shutting down and abandoning module AndroidDeviceDetection (199)
[2017.02.02-08.50.15:531][814]LogModuleManager: Shutting down and abandoning module AndroidPlatformEditor (198)
[2017.02.02-08.50.15:775][814]LogModuleManager: Shutting down and abandoning module IOSRuntimeSettings (197)
[2017.02.02-08.50.15:776][814]LogModuleManager: Shutting down and abandoning module AndroidRuntimeSettings (196)
[2017.02.02-08.50.15:776][814]LogModuleManager: Shutting down and abandoning module InputBindingEditor (195)
[2017.02.02-08.50.15:793][814]LogModuleManager: Shutting down and abandoning module NiagaraEditor (194)
[2017.02.02-08.50.15:817][814]LogModuleManager: Shutting down and abandoning module MergeActors (193)
[2017.02.02-08.50.15:827][814]LogModuleManager: Shutting down and abandoning module SizeMap (192)
[2017.02.02-08.50.15:827][814]LogModuleManager: Shutting down and abandoning module TreeMap (191)
[2017.02.02-08.50.15:828][814]LogModuleManager: Shutting down and abandoning module ReferenceViewer (190)
[2017.02.02-08.50.15:828][814]LogModuleManager: Shutting down and abandoning module LocalizationService (189)
[2017.02.02-08.50.15:838][814]LogModuleManager: Shutting down and abandoning module LocalizationDashboard (188)
[2017.02.02-08.50.15:839][814]LogModuleManager: Shutting down and abandoning module HardwareTargeting (187)
[2017.02.02-08.50.15:839][814]LogModuleManager: Shutting down and abandoning module DeviceProfileEditor (186)
[2017.02.02-08.50.15:863][814]LogModuleManager: Shutting down and abandoning module UndoHistory (185)
[2017.02.02-08.50.15:879][814]LogModuleManager: Shutting down and abandoning module UserFeedback (184)
[2017.02.02-08.50.15:879][814]LogModuleManager: Shutting down and abandoning module XmlParser (183)
[2017.02.02-08.50.15:879][814]LogModuleManager: Shutting down and abandoning module Blutility (182)
[2017.02.02-08.50.15:888][814]LogModuleManager: Shutting down and abandoning module ProjectTargetPlatformEditor (181)
[2017.02.02-08.50.15:889][814]LogModuleManager: Shutting down and abandoning module ProjectSettingsViewer (180)
[2017.02.02-08.50.15:889][814]LogModuleManager: Shutting down and abandoning module EditorSettingsViewer (179)
[2017.02.02-08.50.15:889][814]LogModuleManager: Shutting down and abandoning module SettingsEditor (178)
[2017.02.02-08.50.15:892][814]LogModuleManager: Shutting down and abandoning module ProjectLauncher (177)
[2017.02.02-08.50.15:904][814]LogModuleManager: Shutting down and abandoning module SessionFrontend (176)
[2017.02.02-08.50.15:913][814]LogModuleManager: Shutting down and abandoning module ProfilerClient (175)
[2017.02.02-08.50.15:924][814]LogModuleManager: Shutting down and abandoning module TargetDeviceServices (174)
[2017.02.02-08.50.15:924][814]LogModuleManager: Shutting down and abandoning module DeviceManager (173)
[2017.02.02-08.50.15:990][814]LogModuleManager: Shutting down and abandoning module AutomationController (172)
[2017.02.02-08.50.16:013][814]LogModuleManager: Shutting down and abandoning module AutomationWindow (171)
[2017.02.02-08.50.16:023][814]LogModuleManager: Shutting down and abandoning module Layers (170)
[2017.02.02-08.50.16:038][814]LogModuleManager: Shutting down and abandoning module ComponentVisualizers (169)
[2017.02.02-08.50.16:038][814]LogModuleManager: Shutting down and abandoning module DetailCustomizations (168)
[2017.02.02-08.50.16:039][814]LogModuleManager: Shutting down and abandoning module PackagesDialog (167)
[2017.02.02-08.50.16:039][814]LogModuleManager: Shutting down and abandoning module AnimGraph (166)
[2017.02.02-08.50.16:039][814]LogModuleManager: Shutting down and abandoning module Persona (165)
[2017.02.02-08.50.16:053][814]LogModuleManager: Shutting down and abandoning module Kismet (164)
[2017.02.02-08.50.16:055][814]LogModuleManager: Shutting down and abandoning module GraphEditor (163)
[2017.02.02-08.50.16:143][814]LogModuleManager: Shutting down and abandoning module ClassViewer (162)
[2017.02.02-08.50.16:158][814]LogModuleManager: Shutting down and abandoning module Toolbox (161)
[2017.02.02-08.50.16:158][814]LogModuleManager: Shutting down and abandoning module ModuleUI (160)
[2017.02.02-08.50.16:168][814]LogModuleManager: Shutting down and abandoning module MovieSceneTools (159)
[2017.02.02-08.50.16:186][814]LogModuleManager: Shutting down and abandoning module OutputLog (158)
[2017.02.02-08.50.16:211][814]LogModuleManager: Shutting down and abandoning module GammaUI (157)
[2017.02.02-08.50.16:235][814]LogModuleManager: Shutting down and abandoning module Documentation (156)
[2017.02.02-08.50.16:235][814]LogModuleManager: Shutting down and abandoning module Niagara (155)
[2017.02.02-08.50.16:235][814]LogModuleManager: Shutting down and abandoning module StreamingPauseRendering (154)
[2017.02.02-08.50.16:235][814]LogModuleManager: Shutting down and abandoning module AnalyticsET (153)
[2017.02.02-08.50.16:235][814]LogModuleManager: Shutting down and abandoning module PortalServices (152)
[2017.02.02-08.50.16:235][814]LogModuleManager: Shutting down and abandoning module PortalRpc (151)
[2017.02.02-08.50.16:235][814]LogModuleManager: Shutting down and abandoning module MessagingRpc (150)
[2017.02.02-08.50.16:235][814]LogModuleManager: Shutting down and abandoning module GameplayDebugger (149)
[2017.02.02-08.50.16:235][814]LogModuleManager: Shutting down and abandoning module AITestSuite (148)
[2017.02.02-08.50.16:255][814]LogModuleManager: Shutting down and abandoning module AIModule (147)
[2017.02.02-08.50.16:256][814]LogModuleManager: Shutting down and abandoning module ProfilerService (146)
[2017.02.02-08.50.16:286][814]LogModuleManager: Shutting down and abandoning module TaskGraph (145)
[2017.02.02-08.50.16:291][814]LogModuleManager: Shutting down and abandoning module SlateRemote (144)
[2017.02.02-08.50.16:291][814]LogModuleManager: Shutting down and abandoning module SteamVRController (143)
[2017.02.02-08.50.16:291][814]LogModuleManager: Shutting down and abandoning module SteamVR (142)
[2017.02.02-08.50.16:291][814]LogModuleManager: Shutting down and abandoning module ProceduralMeshComponentEditor (141)
[2017.02.02-08.50.16:291][814]LogModuleManager: Shutting down and abandoning module ProceduralMeshComponent (140)
[2017.02.02-08.50.16:291][814]LogModuleManager: Shutting down and abandoning module OculusLibrary (139)
[2017.02.02-08.50.16:291][814]LogModuleManager: Shutting down and abandoning module OculusInput (138)
[2017.02.02-08.50.16:291][814]LogModuleManager: Shutting down and abandoning module MobilePatchingUtils (137)
[2017.02.02-08.50.16:291][814]LogModuleManager: Shutting down and abandoning module CustomMeshComponent (136)
[2017.02.02-08.50.16:291][814]LogModuleManager: Shutting down and abandoning module CableComponent (135)
[2017.02.02-08.50.16:291][814]LogModuleManager: Shutting down and abandoning module ArchVisCharacter (134)
[2017.02.02-08.50.16:291][814]LogModuleManager: Shutting down and abandoning module MediaPlayerEditor (132)
[2017.02.02-08.50.16:321][814]LogModuleManager: Shutting down and abandoning module HTML5Networking (131)
[2017.02.02-08.50.16:339][814]LogModuleManager: Shutting down and abandoning module GeometryCacheEd (130)
[2017.02.02-08.50.16:339][814]LogModuleManager: Shutting down and abandoning module GeometryCache (129)
[2017.02.02-08.50.16:339][814]LogModuleManager: Shutting down and abandoning module AlembicLibrary (128)
[2017.02.02-08.50.16:339][814]LogModuleManager: Shutting down and abandoning module AlembicImporter (127)
[2017.02.02-08.50.16:349][814]LogModuleManager: Shutting down and abandoning module SuperSearch (126)
[2017.02.02-08.50.16:349][814]LogModuleManager: Shutting down and abandoning module SuperSearchEditor (125)
[2017.02.02-08.50.16:349][814]LogModuleManager: Shutting down and abandoning module SpeedTreeImporter (124)
[2017.02.02-08.50.16:349][814]LogModuleManager: Shutting down and abandoning module PluginBrowser (123)
[2017.02.02-08.50.16:349][814]LogModuleManager: Shutting down and abandoning module MobileLauncherProfileWizard (122)
[2017.02.02-08.50.16:358][814]LogModuleManager: Shutting down and abandoning module EpicSurvey (121)
[2017.02.02-08.50.16:358][814]LogModuleManager: Shutting down and abandoning module DesktopPlatform (120)
[2017.02.02-08.50.16:358][814]LogModuleManager: Shutting down and abandoning module VisualStudioSourceCodeAccess (119)
[2017.02.02-08.50.16:358][814]LogModuleManager: Shutting down and abandoning module UObjectPlugin (118)
[2017.02.02-08.50.16:358][814]LogModuleManager: Shutting down and abandoning module SubversionSourceControl (117)
[2017.02.02-08.50.16:358][814]LogModuleManager: Shutting down and abandoning module PerforceSourceControl (116)
[2017.02.02-08.50.16:358][814]LogModuleManager: Shutting down and abandoning module SourceControl (115)
[2017.02.02-08.50.16:358][814]LogModuleManager: Shutting down and abandoning module GitSourceControl (114)
[2017.02.02-08.50.16:358][814]LogModuleManager: Shutting down and abandoning module LightPropagationVolumeEditor (113)
[2017.02.02-08.50.16:358][814]LogModuleManager: Shutting down and abandoning module PaperTiledImporter (112)
[2017.02.02-08.50.16:358][814]LogModuleManager: Shutting down and abandoning module PaperSpriteSheetImporter (111)
[2017.02.02-08.50.16:358][814]LogModuleManager: Shutting down and abandoning module MeshPaint (110)
[2017.02.02-08.50.16:358][814]LogModuleManager: Shutting down and abandoning module PixelInspectorModule (109)
[2017.02.02-08.50.16:376][814]LogModuleManager: Shutting down and abandoning module HotReload (108)
[2017.02.02-08.50.16:377][814]LogModuleManager: Shutting down and abandoning module MainFrame (107)
[2017.02.02-08.50.16:377][814]LogModuleManager: Shutting down and abandoning module LevelEditor (106)
[2017.02.02-08.50.16:378][814]LogModuleManager: Shutting down and abandoning module ContentBrowser (105)
[2017.02.02-08.50.16:379][814]LogModuleManager: Shutting down and abandoning module Paper2DEditor (104)
[2017.02.02-08.50.16:379][814]LogModuleManager: Shutting down and abandoning module UdpMessaging (103)
[2017.02.02-08.50.16:479][814]LogModuleManager: Shutting down and abandoning module TcpMessaging (102)
[2017.02.02-08.50.16:579][814]LogModuleManager: Shutting down and abandoning module LightPropagationVolumeRuntime (101)
[2017.02.02-08.50.16:579][814]LogModuleManager: Shutting down and abandoning module Paper2D (100)
[2017.02.02-08.50.16:579][814]LogModuleManager: Shutting down and abandoning module WindowsMoviePlayer (99)
[2017.02.02-08.50.16:579][814]LogModuleManager: Shutting down and abandoning module WmfMedia (98)
[2017.02.02-08.50.16:595][814]LogModuleManager: Shutting down and abandoning module MediaAssets (97)
[2017.02.02-08.50.16:595][814]LogModuleManager: Shutting down and abandoning module GameLiveStreaming (96)
[2017.02.02-08.50.16:595][814]LogModuleManager: Shutting down and abandoning module GameplayTagsEditor (95)
[2017.02.02-08.50.16:595][814]LogModuleManager: Shutting down and abandoning module VREditor (94)
[2017.02.02-08.50.16:595][814]LogModuleManager: Shutting down and abandoning module GameplayTasksEditor (93)
[2017.02.02-08.50.16:595][814]LogModuleManager: Shutting down and abandoning module BehaviorTreeEditor (92)
[2017.02.02-08.50.16:610][814]LogModuleManager: Shutting down and abandoning module FunctionalTesting (91)
[2017.02.02-08.50.16:610][814]LogModuleManager: Shutting down and abandoning module CollisionAnalyzer (90)
[2017.02.02-08.50.16:617][814]LogModuleManager: Shutting down and abandoning module Sequencer (89)
[2017.02.02-08.50.16:624][814]LogModuleManager: Shutting down and abandoning module WorkspaceMenuStructure (88)
[2017.02.02-08.50.16:624][814]LogModuleManager: Shutting down and abandoning module MessageLog (87)
[2017.02.02-08.50.16:624][814]LogModuleManager: Shutting down and abandoning module AssetTools (86)
[2017.02.02-08.50.16:636][814]LogModuleManager: Shutting down and abandoning module UMGEditor (85)
[2017.02.02-08.50.16:640][814]LogModuleManager: Shutting down and abandoning module UMG (84)
[2017.02.02-08.50.16:643][814]LogModuleManager: Shutting down and abandoning module SlateReflector (83)
[2017.02.02-08.50.16:658][814]LogModuleManager: Shutting down and abandoning module Slate (82)
[2017.02.02-08.50.16:658][814]LogModuleManager: Shutting down and abandoning module EditorStyle (81)
[2017.02.02-08.50.16:661][814]LogModuleManager: Shutting down and abandoning module SourceCodeAccess (80)
[2017.02.02-08.50.16:661][814]LogModuleManager: Shutting down and abandoning module HeadMountedDisplay (79)
[2017.02.02-08.50.16:661][814]LogModuleManager: Shutting down and abandoning module XAudio2 (78)
[2017.02.02-08.50.16:661][814]LogModuleManager: Shutting down and abandoning module Networking (76)
[2017.02.02-08.50.16:661][814]LogModuleManager: Shutting down and abandoning module Core (75)
[2017.02.02-08.50.16:661][814]LogModuleManager: Shutting down and abandoning module DirectoryWatcher (74)
[2017.02.02-08.50.16:661][814]LogDirectoryWatcher: A directory notification for '../../../Engine/Content/' was aborted.
[2017.02.02-08.50.16:661][814]LogDirectoryWatcher: A directory notification for '../../../../../../Users/egimenez/Desktop/VAN/VANsGame/Mechanics/BasicMechanics/Content/' was aborted.
[2017.02.02-08.50.16:661][814]LogDirectoryWatcher: A directory notification for '../../../Engine/Plugins/2D/Paper2D/Content/' was aborted.
[2017.02.02-08.50.16:661][814]LogModuleManager: Shutting down and abandoning module AssetRegistry (73)
[2017.02.02-08.50.16:876][814]LogModuleManager: Shutting down and abandoning module KismetCompiler (72)
[2017.02.02-08.50.16:876][814]LogModuleManager: Shutting down and abandoning module PhysXFormats (71)
[2017.02.02-08.50.16:876][814]LogModuleManager: Shutting down and abandoning module SimplygonSwarm (70)
[2017.02.02-08.50.16:881][814]LogModuleManager: Shutting down and abandoning module SimplygonMeshReduction (69)
[2017.02.02-08.50.16:881][814]LogModuleManager: Shutting down and abandoning module QuadricMeshReduction (68)
[2017.02.02-08.50.16:881][814]LogModuleManager: Shutting down and abandoning module PropertyEditor (67)
[2017.02.02-08.50.16:881][814]LogModuleManager: Shutting down and abandoning module MeshUtilities (66)
[2017.02.02-08.50.16:891][814]LogModuleManager: Shutting down and abandoning module DerivedDataCache (65)
[2017.02.02-08.50.16:919][814]LogDerivedDataCache: Shutdown
[2017.02.02-08.50.16:919][814]LogModuleManager: Shutting down and abandoning module VulkanShaderFormat (64)
[2017.02.02-08.50.16:919][814]LogModuleManager: Shutting down and abandoning module ShaderFormatOpenGL (63)
[2017.02.02-08.50.16:926][814]LogModuleManager: Shutting down and abandoning module ShaderFormatD3D (62)
[2017.02.02-08.50.16:926][814]LogModuleManager: Shutting down and abandoning module MetalShaderFormat (61)
[2017.02.02-08.50.16:936][814]LogModuleManager: Shutting down and abandoning module TextureFormatUncompressed (60)
[2017.02.02-08.50.16:936][814]LogModuleManager: Shutting down and abandoning module TextureFormatPVR (59)
[2017.02.02-08.50.16:936][814]LogModuleManager: Shutting down and abandoning module TextureFormatDXT (58)
[2017.02.02-08.50.16:936][814]LogModuleManager: Shutting down and abandoning module TextureFormatIntelISPCTexComp (57)
[2017.02.02-08.50.16:936][814]LogModuleManager: Shutting down and abandoning module ImageWrapper (56)
[2017.02.02-08.50.16:937][814]LogModuleManager: Shutting down and abandoning module TextureFormatASTC (55)
[2017.02.02-08.50.16:937][814]LogModuleManager: Shutting down and abandoning module TextureFormatAndroid (54)
[2017.02.02-08.50.16:937][814]LogModuleManager: Shutting down and abandoning module AudioFormatOpus (53)
[2017.02.02-08.50.16:937][814]LogModuleManager: Shutting down and abandoning module AudioFormatOgg (52)
[2017.02.02-08.50.16:937][814]LogModuleManager: Shutting down and abandoning module AudioFormatADPCM (51)
[2017.02.02-08.50.16:937][814]LogModuleManager: Shutting down and abandoning module LinuxTargetPlatform (50)
[2017.02.02-08.50.16:937][814]LogModuleManager: Shutting down and abandoning module LinuxServerTargetPlatform (49)
[2017.02.02-08.50.16:937][814]LogModuleManager: Shutting down and abandoning module LinuxNoEditorTargetPlatform (48)
[2017.02.02-08.50.16:937][814]LogModuleManager: Shutting down and abandoning module LinuxClientTargetPlatform (47)
[2017.02.02-08.50.16:937][814]LogModuleManager: Shutting down and abandoning module TVOSTargetPlatform (46)
[2017.02.02-08.50.16:937][814]LogModuleManager: Shutting down and abandoning module Messaging (45)
[2017.02.02-08.50.16:937][814]LogModuleManager: Shutting down and abandoning module IOSTargetPlatform (44)
[2017.02.02-08.50.16:937][814]LogModuleManager: Shutting down and abandoning module HTML5TargetPlatform (43)
[2017.02.02-08.50.16:937][814]LogModuleManager: Shutting down and abandoning module Android_PVRTCTargetPlatform (42)
[2017.02.02-08.50.16:937][814]LogModuleManager: Shutting down and abandoning module Android_MultiTargetPlatform (41)
[2017.02.02-08.50.16:937][814]LogModuleManager: Shutting down and abandoning module Android_ETC2TargetPlatform (40)
[2017.02.02-08.50.16:937][814]LogModuleManager: Shutting down and abandoning module Android_ETC1TargetPlatform (39)
[2017.02.02-08.50.16:937][814]LogModuleManager: Shutting down and abandoning module Android_DXTTargetPlatform (38)
[2017.02.02-08.50.16:937][814]LogModuleManager: Shutting down and abandoning module Android_ATCTargetPlatform (37)
[2017.02.02-08.50.16:937][814]LogModuleManager: Shutting down and abandoning module Android_ASTCTargetPlatform (36)
[2017.02.02-08.50.16:937][814]LogModuleManager: Shutting down and abandoning module AndroidTargetPlatform (35)
[2017.02.02-08.50.16:937][814]LogModuleManager: Shutting down and abandoning module WindowsTargetPlatform (34)
[2017.02.02-08.50.16:937][814]LogModuleManager: Shutting down and abandoning module WindowsServerTargetPlatform (33)
[2017.02.02-08.50.16:937][814]LogModuleManager: Shutting down and abandoning module WindowsNoEditorTargetPlatform (32)
[2017.02.02-08.50.16:937][814]LogModuleManager: Shutting down and abandoning module WindowsClientTargetPlatform (31)
[2017.02.02-08.50.16:937][814]LogModuleManager: Shutting down and abandoning module MacTargetPlatform (30)
[2017.02.02-08.50.16:937][814]LogModuleManager: Shutting down and abandoning module MacServerTargetPlatform (29)
[2017.02.02-08.50.16:937][814]LogModuleManager: Shutting down and abandoning module MacNoEditorTargetPlatform (28)
[2017.02.02-08.50.16:937][814]LogModuleManager: Shutting down and abandoning module MacClientTargetPlatform (27)
[2017.02.02-08.50.16:937][814]LogModuleManager: Shutting down and abandoning module AllDesktopTargetPlatform (26)
[2017.02.02-08.50.16:937][814]LogModuleManager: Shutting down and abandoning module TargetPlatform (25)
[2017.02.02-08.50.16:937][814]LogModuleManager: Shutting down and abandoning module InputCore (24)
[2017.02.02-08.50.16:937][814]LogModuleManager: Shutting down and abandoning module Settings (23)
[2017.02.02-08.50.16:937][814]LogModuleManager: Shutting down and abandoning module OculusRift (22)
[2017.02.02-08.50.16:937][814]LogModuleManager: Shutting down and abandoning module ExampleDeviceProfileSelector (21)
[2017.02.02-08.50.16:937][814]LogModuleManager: Shutting down and abandoning module OnlineBlueprintSupport (20)
[2017.02.02-08.50.16:937][814]LogModuleManager: Shutting down and abandoning module OnlineSubsystem (18)
[2017.02.02-08.50.16:937][814]LogOnline:Display: Unloading online subsystem: NULL
[2017.02.02-08.50.16:962][814]LogModuleManager: Shutting down and abandoning module SSL (17)
[2017.02.02-08.50.16:963][814]LogModuleManager: Shutting down and abandoning module HTTP (16)
[2017.02.02-08.50.16:963][814]LogModuleManager: Shutting down and abandoning module XMPP (15)
[2017.02.02-08.50.16:989][814]LogModuleManager: Shutting down and abandoning module TextureCompressor (14)
[2017.02.02-08.50.16:989][814]LogModuleManager: Shutting down and abandoning module ShaderCore (13)
[2017.02.02-08.50.16:989][814]LogModuleManager: Shutting down and abandoning module Landscape (12)
[2017.02.02-08.50.16:989][814]LogModuleManager: Shutting down and abandoning module SlateRHIRenderer (11)
[2017.02.02-08.50.17:010][814]LogModuleManager: Shutting down and abandoning module OpenGLDrv (10)
[2017.02.02-08.50.17:038][814]LogModuleManager: Shutting down and abandoning module D3D11RHI (9)
[2017.02.02-08.50.17:038][814]LogModuleManager: Shutting down and abandoning module AnimGraphRuntime (8)
[2017.02.02-08.50.17:038][814]LogModuleManager: Shutting down and abandoning module Renderer (7)
[2017.02.02-08.50.17:054][814]LogModuleManager: Shutting down and abandoning module Engine (6)
[2017.02.02-08.50.17:054][814]LogModuleManager: Shutting down and abandoning module CoreUObject (5)
[2017.02.02-08.50.17:054][814]LogModuleManager: Shutting down and abandoning module NetworkFile (4)
[2017.02.02-08.50.17:075][814]LogModuleManager: Shutting down and abandoning module StreamingFile (3)
[2017.02.02-08.50.17:075][814]LogModuleManager: Shutting down and abandoning module SandboxFile (2)
[2017.02.02-08.50.17:075][814]LogModuleManager: Shutting down and abandoning module PakFile (1)
[2017.02.02-08.50.17:118][814]LogExit: Exiting.
[2017.02.02-08.50.17:119][814]Log file closed, 02/02/17 09:50:17
