Log file open, 11/30/16 12:12:12
LogInit:Display: Running engine for game: BasicMechanics
LogPlatformFile: Not using cached read wrapper
LogInit:Display: RandInit(312003752) SRandInit(312003752).
LogTaskGraph: Started task graph with 5 named threads and 10 total threads with 1 sets of task threads.
LogStats: Stats thread started at 0.177897
LogPluginManager: Loaded Plugin Paper2D, From C:/Program Files (x86)/Epic Games/4.13/Engine/Plugins/2D/Paper2D/Paper2D.uplugin
LogPluginManager: Loaded Plugin LightPropagationVolume, From C:/Program Files (x86)/Epic Games/4.13/Engine/Plugins/Blendables/LightPropagationVolume/LightPropagationVolume.uplugin
LogPluginManager: Loaded Plugin BlankPlugin, From C:/Program Files (x86)/Epic Games/4.13/Engine/Plugins/Developer/BlankPlugin/BlankPlugin.uplugin
LogPluginManager: Loaded Plugin CodeLiteSourceCodeAccess, From C:/Program Files (x86)/Epic Games/4.13/Engine/Plugins/Developer/CodeLiteSourceCodeAccess/CodeLiteSourceCodeAccess.uplugin
LogPluginManager: Loaded Plugin GitSourceControl, From C:/Program Files (x86)/Epic Games/4.13/Engine/Plugins/Developer/GitSourceControl/GitSourceControl.uplugin
LogPluginManager: Loaded Plugin KDevelopSourceCodeAccess, From C:/Program Files (x86)/Epic Games/4.13/Engine/Plugins/Developer/KDevelopSourceCodeAccess/KDevelopSourceCodeAccess.uplugin
LogPluginManager: Loaded Plugin NullSourceCodeAccess, From C:/Program Files (x86)/Epic Games/4.13/Engine/Plugins/Developer/NullSourceCodeAccess/NullSourceCodeAccess.uplugin
LogPluginManager: Loaded Plugin OneSkyLocalizationService, From C:/Program Files (x86)/Epic Games/4.13/Engine/Plugins/Developer/OneSkyLocalizationService/OneSkyLocalizationService.uplugin
LogPluginManager: Loaded Plugin PerforceSourceControl, From C:/Program Files (x86)/Epic Games/4.13/Engine/Plugins/Developer/PerforceSourceControl/PerforceSourceControl.uplugin
LogPluginManager: Loaded Plugin SubversionSourceControl, From C:/Program Files (x86)/Epic Games/4.13/Engine/Plugins/Developer/SubversionSourceControl/SubversionSourceControl.uplugin
LogPluginManager: Loaded Plugin UObjectPlugin, From C:/Program Files (x86)/Epic Games/4.13/Engine/Plugins/Developer/UObjectPlugin/UObjectPlugin.uplugin
LogPluginManager: Loaded Plugin VisualStudioSourceCodeAccess, From C:/Program Files (x86)/Epic Games/4.13/Engine/Plugins/Developer/VisualStudioSourceCodeAccess/VisualStudioSourceCodeAccess.uplugin
LogPluginManager: Loaded Plugin XCodeSourceCodeAccess, From C:/Program Files (x86)/Epic Games/4.13/Engine/Plugins/Developer/XCodeSourceCodeAccess/XCodeSourceCodeAccess.uplugin
LogPluginManager: Loaded Plugin EpicSurvey, From C:/Program Files (x86)/Epic Games/4.13/Engine/Plugins/Editor/EpicSurvey/EpicSurvey.uplugin
LogPluginManager: Loaded Plugin MacGraphicsSwitching, From C:/Program Files (x86)/Epic Games/4.13/Engine/Plugins/Editor/MacGraphicsSwitching/MacGraphicsSwitching.uplugin
LogPluginManager: Loaded Plugin MobileLauncherProfileWizard, From C:/Program Files (x86)/Epic Games/4.13/Engine/Plugins/Editor/MobileLauncherProfileWizard/MobileLauncherProfileWizard.uplugin
LogPluginManager: Loaded Plugin PluginBrowser, From C:/Program Files (x86)/Epic Games/4.13/Engine/Plugins/Editor/PluginBrowser/PluginBrowser.uplugin
LogPluginManager: Loaded Plugin SpeedTreeImporter, From C:/Program Files (x86)/Epic Games/4.13/Engine/Plugins/Editor/SpeedTreeImporter/SpeedTreeImporter.uplugin
LogPluginManager: Loaded Plugin SuperSearchEditor, From C:/Program Files (x86)/Epic Games/4.13/Engine/Plugins/Editor/SuperSearchEditor/SuperSearchEditor.uplugin
LogPluginManager: Loaded Plugin AlembicImporter, From C:/Program Files (x86)/Epic Games/4.13/Engine/Plugins/Experimental/AlembicImporter/AlembicImporter.uplugin
LogPluginManager: Loaded Plugin BlueprintStats, From C:/Program Files (x86)/Epic Games/4.13/Engine/Plugins/Experimental/BlueprintStats/BlueprintStats.uplugin
LogPluginManager: Loaded Plugin CharacterAI, From C:/Program Files (x86)/Epic Games/4.13/Engine/Plugins/Experimental/CharacterAI/CharacterAI.uplugin
LogPluginManager: Loaded Plugin CodeEditor, From C:/Program Files (x86)/Epic Games/4.13/Engine/Plugins/Experimental/CodeEditor/CodeEditor.uplugin
LogPluginManager: Loaded Plugin CodeView, From C:/Program Files (x86)/Epic Games/4.13/Engine/Plugins/Experimental/CodeView/CodeView.uplugin
LogPluginManager: Loaded Plugin HTML5Networking, From C:/Program Files (x86)/Epic Games/4.13/Engine/Plugins/Experimental/HTML5Networking/HTML5Networking.uplugin
LogPluginManager: Loaded Plugin LiveEditor, From C:/Program Files (x86)/Epic Games/4.13/Engine/Plugins/Experimental/LiveEditor/LiveEditor.uplugin
LogPluginManager: Loaded Plugin OSVR, From C:/Program Files (x86)/Epic Games/4.13/Engine/Plugins/Experimental/OSVR/OSVR.uplugin
LogPluginManager: Loaded Plugin Phya, From C:/Program Files (x86)/Epic Games/4.13/Engine/Plugins/Experimental/Phya/Phya.uplugin
LogPluginManager: Loaded Plugin SignificanceManager, From C:/Program Files (x86)/Epic Games/4.13/Engine/Plugins/Experimental/SignificanceManager/SignificanceManager.uplugin
LogPluginManager: Loaded Plugin SimpleHMD, From C:/Program Files (x86)/Epic Games/4.13/Engine/Plugins/Experimental/SimpleHMD/SimpleHMD.uplugin
LogPluginManager: Loaded Plugin StereoPanorama, From C:/Program Files (x86)/Epic Games/4.13/Engine/Plugins/Experimental/StereoPanorama/StereoPanorama.uplugin
LogPluginManager: Loaded Plugin StructBox, From C:/Program Files (x86)/Epic Games/4.13/Engine/Plugins/Experimental/StructBox/StructBox.uplugin
LogPluginManager: Loaded Plugin AndroidMedia, From C:/Program Files (x86)/Epic Games/4.13/Engine/Plugins/Media/AndroidMedia/AndroidMedia.uplugin
LogPluginManager: Loaded Plugin AvfMedia, From C:/Program Files (x86)/Epic Games/4.13/Engine/Plugins/Media/AvfMedia/AvfMedia.uplugin
LogPluginManager: Loaded Plugin MediaPlayerEditor, From C:/Program Files (x86)/Epic Games/4.13/Engine/Plugins/Media/MediaPlayerEditor/MediaPlayerEditor.uplugin
LogPluginManager: Loaded Plugin WmfMedia, From C:/Program Files (x86)/Epic Games/4.13/Engine/Plugins/Media/WmfMedia/WmfMedia.uplugin
LogPluginManager: Loaded Plugin MessagingDebugger, From C:/Program Files (x86)/Epic Games/4.13/Engine/Plugins/Messaging/MessagingDebugger/MessagingDebugger.uplugin
LogPluginManager: Loaded Plugin TcpMessaging, From C:/Program Files (x86)/Epic Games/4.13/Engine/Plugins/Messaging/TcpMessaging/TcpMessaging.uplugin
LogPluginManager: Loaded Plugin UdpMessaging, From C:/Program Files (x86)/Epic Games/4.13/Engine/Plugins/Messaging/UdpMessaging/UdpMessaging.uplugin
LogPluginManager: Loaded Plugin LevelSequenceEditor, From C:/Program Files (x86)/Epic Games/4.13/Engine/Plugins/MovieScene/LevelSequenceEditor/LevelSequenceEditor.uplugin
LogPluginManager: Loaded Plugin MatineeToLevelSequence, From C:/Program Files (x86)/Epic Games/4.13/Engine/Plugins/MovieScene/MatineeToLevelSequence/MatineeToLevelSequence.uplugin
LogPluginManager: Loaded Plugin NetcodeUnitTest, From C:/Program Files (x86)/Epic Games/4.13/Engine/Plugins/NetcodeUnitTest/NetcodeUnitTest/NetcodeUnitTest.uplugin
LogPluginManager: Loaded Plugin NUTUnrealEngine4, From C:/Program Files (x86)/Epic Games/4.13/Engine/Plugins/NetcodeUnitTest/NUTUnrealEngine4/NUTUnrealEngine4.uplugin
LogPluginManager: Loaded Plugin OnlineSubsystemGooglePlay, From C:/Program Files (x86)/Epic Games/4.13/Engine/Plugins/Online/Android/OnlineSubsystemGooglePlay/OnlineSubsystemGooglePlay.uplugin
LogPluginManager: Loaded Plugin OnlineSubsystemIOS, From C:/Program Files (x86)/Epic Games/4.13/Engine/Plugins/Online/IOS/OnlineSubsystemIOS/OnlineSubsystemIOS.uplugin
LogPluginManager: Loaded Plugin OnlineFramework, From C:/Program Files (x86)/Epic Games/4.13/Engine/Plugins/Online/OnlineFramework/OnlineFramework.uplugin
LogPluginManager: Loaded Plugin OnlineSubsystem, From C:/Program Files (x86)/Epic Games/4.13/Engine/Plugins/Online/OnlineSubsystem/OnlineSubsystem.uplugin
LogPluginManager: Loaded Plugin OnlineSubsystemAmazon, From C:/Program Files (x86)/Epic Games/4.13/Engine/Plugins/Online/OnlineSubsystemAmazon/OnlineSubsystemAmazon.uplugin
LogPluginManager: Loaded Plugin OnlineSubsystemFacebook, From C:/Program Files (x86)/Epic Games/4.13/Engine/Plugins/Online/OnlineSubsystemFacebook/OnlineSubsystemFacebook.uplugin
LogPluginManager: Loaded Plugin OnlineSubsystemNull, From C:/Program Files (x86)/Epic Games/4.13/Engine/Plugins/Online/OnlineSubsystemNull/OnlineSubsystemNull.uplugin
LogPluginManager: Loaded Plugin OnlineSubsystemOculus, From C:/Program Files (x86)/Epic Games/4.13/Engine/Plugins/Online/OnlineSubsystemOculus/OnlineSubsystemOculus.uplugin
LogPluginManager: Loaded Plugin OnlineSubsystemSteam, From C:/Program Files (x86)/Epic Games/4.13/Engine/Plugins/Online/OnlineSubsystemSteam/OnlineSubsystemSteam.uplugin
LogPluginManager: Loaded Plugin OnlineSubsystemUtils, From C:/Program Files (x86)/Epic Games/4.13/Engine/Plugins/Online/OnlineSubsystemUtils/OnlineSubsystemUtils.uplugin
LogPluginManager: Loaded Plugin IOSTapJoy, From C:/Program Files (x86)/Epic Games/4.13/Engine/Plugins/Runtime/Advertising/IOSTapJoy/IOSTapJoy.uplugin
LogPluginManager: Loaded Plugin AnalyticsBlueprintLibrary, From C:/Program Files (x86)/Epic Games/4.13/Engine/Plugins/Runtime/Analytics/AnalyticsBlueprintLibrary/AnalyticsBlueprintLibrary.uplugin
LogPluginManager: Loaded Plugin AnalyticsMulticast, From C:/Program Files (x86)/Epic Games/4.13/Engine/Plugins/Runtime/Analytics/AnalyticsMulticast/AnalyticsMulticast.uplugin
LogPluginManager: Loaded Plugin Apsalar, From C:/Program Files (x86)/Epic Games/4.13/Engine/Plugins/Runtime/Analytics/Apsalar/Apsalar.uplugin
LogPluginManager: Loaded Plugin FileLogging, From C:/Program Files (x86)/Epic Games/4.13/Engine/Plugins/Runtime/Analytics/FileLogging/FileLogging.uplugin
LogPluginManager: Loaded Plugin Flurry, From C:/Program Files (x86)/Epic Games/4.13/Engine/Plugins/Runtime/Analytics/Flurry/Flurry.uplugin
LogPluginManager: Loaded Plugin AndroidDeviceProfileSelector, From C:/Program Files (x86)/Epic Games/4.13/Engine/Plugins/Runtime/AndroidDeviceProfileSelector/AndroidDeviceProfileSelector.uplugin
LogPluginManager: Loaded Plugin AndroidMoviePlayer, From C:/Program Files (x86)/Epic Games/4.13/Engine/Plugins/Runtime/AndroidMoviePlayer/AndroidMoviePlayer.uplugin
LogPluginManager: Loaded Plugin AppleMoviePlayer, From C:/Program Files (x86)/Epic Games/4.13/Engine/Plugins/Runtime/AppleMoviePlayer/AppleMoviePlayer.uplugin
LogPluginManager: Loaded Plugin ArchVisCharacter, From C:/Program Files (x86)/Epic Games/4.13/Engine/Plugins/Runtime/ArchVisCharacter/ArchVisCharacter.uplugin
LogPluginManager: Loaded Plugin CableComponent, From C:/Program Files (x86)/Epic Games/4.13/Engine/Plugins/Runtime/CableComponent/CableComponent.uplugin
LogPluginManager: Loaded Plugin CustomMeshComponent, From C:/Program Files (x86)/Epic Games/4.13/Engine/Plugins/Runtime/CustomMeshComponent/CustomMeshComponent.uplugin
LogPluginManager: Loaded Plugin ExampleDeviceProfileSelector, From C:/Program Files (x86)/Epic Games/4.13/Engine/Plugins/Runtime/ExampleDeviceProfileSelector/ExampleDeviceProfileSelector.uplugin
LogPluginManager: Loaded Plugin GearVR, From C:/Program Files (x86)/Epic Games/4.13/Engine/Plugins/Runtime/GearVR/GearVR.uplugin
LogPluginManager: Loaded Plugin GoogleVRController, From C:/Program Files (x86)/Epic Games/4.13/Engine/Plugins/Runtime/GoogleVR/GoogleVRController/GoogleVRController.uplugin
LogPluginManager: Loaded Plugin GoogleVRHMD, From C:/Program Files (x86)/Epic Games/4.13/Engine/Plugins/Runtime/GoogleVR/GoogleVRHMD/GoogleVRHMD.uplugin
LogPluginManager: Loaded Plugin IOSDeviceProfileSelector, From C:/Program Files (x86)/Epic Games/4.13/Engine/Plugins/Runtime/IOSDeviceProfileSelector/IOSDeviceProfileSelector.uplugin
LogPluginManager: Loaded Plugin LeapMotion, From C:/Program Files (x86)/Epic Games/4.13/Engine/Plugins/Runtime/LeapMotion/LeapMotion.uplugin
LogPluginManager: Loaded Plugin LinuxDeviceProfileSelector, From C:/Program Files (x86)/Epic Games/4.13/Engine/Plugins/Runtime/LinuxDeviceProfileSelector/LinuxDeviceProfileSelector.uplugin
LogPluginManager: Loaded Plugin LiveEditorListenServer, From C:/Program Files (x86)/Epic Games/4.13/Engine/Plugins/Runtime/LiveEditorListenServer/LiveEditorListenServer.uplugin
LogPluginManager: Loaded Plugin OculusAudio, From C:/Program Files (x86)/Epic Games/4.13/Engine/Plugins/Runtime/OculusAudio/OculusAudio.uplugin
LogPluginManager: Loaded Plugin OculusInput, From C:/Program Files (x86)/Epic Games/4.13/Engine/Plugins/Runtime/OculusInput/OculusInput.uplugin
LogPluginManager: Loaded Plugin OculusLibrary, From C:/Program Files (x86)/Epic Games/4.13/Engine/Plugins/Runtime/OculusLibrary/OculusLibrary.uplugin
LogPluginManager: Loaded Plugin OculusRift, From C:/Program Files (x86)/Epic Games/4.13/Engine/Plugins/Runtime/OculusRift/OculusRift.uplugin
LogPluginManager: Loaded Plugin Oodle, From C:/Program Files (x86)/Epic Games/4.13/Engine/Plugins/Runtime/PacketHandlers/CompressionComponents/Oodle/Oodle.uplugin
LogPluginManager: Loaded Plugin ProceduralMeshComponent, From C:/Program Files (x86)/Epic Games/4.13/Engine/Plugins/Runtime/ProceduralMeshComponent/ProceduralMeshComponent.uplugin
LogPluginManager: Loaded Plugin SoundMod, From C:/Program Files (x86)/Epic Games/4.13/Engine/Plugins/Runtime/SoundMod/SoundMod.uplugin
LogPluginManager: Loaded Plugin SoundVisualizations, From C:/Program Files (x86)/Epic Games/4.13/Engine/Plugins/Runtime/SoundVisualizations/SoundVisualizations.uplugin
LogPluginManager: Loaded Plugin SteamController, From C:/Program Files (x86)/Epic Games/4.13/Engine/Plugins/Runtime/Steam/SteamController/SteamController.uplugin
LogPluginManager: Loaded Plugin SteamVR, From C:/Program Files (x86)/Epic Games/4.13/Engine/Plugins/Runtime/Steam/SteamVR/SteamVR.uplugin
LogPluginManager: Loaded Plugin WebBrowserWidget, From C:/Program Files (x86)/Epic Games/4.13/Engine/Plugins/Runtime/WebBrowserWidget/WebBrowserWidget.uplugin
LogPluginManager: Loaded Plugin WindowsDeviceProfileSelector, From C:/Program Files (x86)/Epic Games/4.13/Engine/Plugins/Runtime/WindowsDeviceProfileSelector/WindowsDeviceProfileSelector.uplugin
LogPluginManager: Loaded Plugin WindowsMoviePlayer, From C:/Program Files (x86)/Epic Games/4.13/Engine/Plugins/Runtime/WindowsMoviePlayer/WindowsMoviePlayer.uplugin
LogPluginManager: Loaded Plugin ScriptPlugin, From C:/Program Files (x86)/Epic Games/4.13/Engine/Plugins/ScriptPlugin/ScriptPlugin.uplugin
LogPluginManager: Loaded Plugin SlateRemote, From C:/Program Files (x86)/Epic Games/4.13/Engine/Plugins/Slate/SlateRemote/SlateRemote.uplugin
LogInit: Using libcurl 7.47.1
LogInit:  - built for x86_64-pc-win32
LogInit:  - supports SSL with WinSSL
LogInit:  - other features:
LogInit:      CURL_VERSION_SSL
LogInit:      CURL_VERSION_IPV6
LogInit:      CURL_VERSION_ASYNCHDNS
LogInit:      CURL_VERSION_LARGEFILE
LogInit:      CURL_VERSION_IDN
LogInit:  CurlRequestOptions (configurable via config and command line):
LogInit:  - bVerifyPeer = false  - Libcurl will NOT verify peer certificate
LogInit:  - bUseHttpProxy = false  - Libcurl will NOT use HTTP proxy
LogInit:  - bDontReuseConnections = false  - Libcurl will reuse connections
LogInit:  - CertBundlePath = nullptr  - Libcurl will use whatever was configured at build time.
LogInit: Build: ++UE4+Release-4.13-CL-3142249
LogInit: Engine Version: 4.13.1-3142249+++UE4+Release-4.13
LogInit: Compatible Engine Version: 4.13.0-3106830+++UE4+Release-4.13
LogInit: Net CL: 3142249
LogDevObjectVersion: Number of dev versions registered: 13
LogDevObjectVersion:   Dev-Blueprints (B0D832E4-1F89-4F0D-ACCF-7EB736FD4AA2): 5
LogDevObjectVersion:   Dev-Build (E1C64328-A22C-4D53-A36C-8E866417BD8C): 0
LogDevObjectVersion:   Dev-Core (375EC13C-06E4-48FB-B500-84F0262A717E): 1
LogDevObjectVersion:   Dev-Editor (E4B068ED-F494-42E9-A231-DA0B2E46BB41): 6
LogDevObjectVersion:   Dev-Framework (CFFC743F-43B0-4480-9391-14DF171D2073): 12
LogDevObjectVersion:   Dev-Mobile (B02B49B5-BB20-44E9-A304-32B752E40360): 0
LogDevObjectVersion:   Dev-Networking (A4E4105C-59A1-49B5-A7C5-40C4547EDFEE): 0
LogDevObjectVersion:   Dev-Online (39C831C9-5AE6-47DC-9A44-9C173E1C8E7C): 0
LogDevObjectVersion:   Dev-Physics (78F01B33-EBEA-4F98-B9B4-84EACCB95AA2): 0
LogDevObjectVersion:   Dev-Platform (6631380F-2D4D-43E0-8009-CF276956A95A): 0
LogDevObjectVersion:   Dev-Rendering (12F88B9F-8875-4AFC-A67C-D90C383ABD29): 4
LogDevObjectVersion:   Dev-Sequencer (7B5AE74C-D270-4C10-A958-57980B212A5A): 0
LogDevObjectVersion:   Dev-VR (D7296918-1DD6-4BDD-9DE2-64A83CC13884): 0
LogInit: Compiled (64-bit): Sep 28 2016 02:12:12
LogInit: Compiled with Visual C++: 19.00.23026.00
LogInit: Build Configuration: Development
LogInit: Branch Name: ++UE4+Release-4.13
LogInit: Command line: 
LogInit: Base directory: C:/Program Files (x86)/Epic Games/4.13/Engine/Binaries/Win64/
LogInit: Installed Engine Build: 1
LogInit: Presizing for max 8388607 objects, including 0 objects not considered by GC, pre-allocating 0 bytes for permanent pool.
LogInit: Object subsystem initialized
[2016.11.30-11.12.12:711][  0]LogInit: Selected Device Profile: [Windows]
[2016.11.30-11.12.12:711][  0]LogInit: Applying CVar settings loaded from the selected device profile: [Windows]
[2016.11.30-11.12.13:214][  0]LogInit: Computer: BAR-EGIMENEZ
[2016.11.30-11.12.13:214][  0]LogInit: User: egimenez
[2016.11.30-11.12.13:214][  0]LogInit: CPU Page size=65536, Cores=6
[2016.11.30-11.12.13:214][  0]LogInit: High frequency timer resolution =3.409785 MHz
[2016.11.30-11.12.13:215][  0]LogMemory: Memory total: Physical=63.9GB (64GB approx)
[2016.11.30-11.12.13:215][  0]LogMemory: Platform Memory Stats for Windows
[2016.11.30-11.12.13:215][  0]LogMemory: Process Physical Memory: 259.79 MB used, 259.79 MB peak
[2016.11.30-11.12.13:215][  0]LogMemory: Process Virtual Memory: 262.95 MB used, 262.95 MB peak
[2016.11.30-11.12.13:215][  0]LogMemory: Physical Memory: 6868.81 MB used, 65464.06 MB total
[2016.11.30-11.12.13:215][  0]LogMemory: Virtual Memory: 594.02 MB used, 8388608.00 MB total
[2016.11.30-11.12.13:847][  0]LogInit: Overriding culture en w/ editor configuration.
[2016.11.30-11.12.23:346][  0]LogD3D11RHI: D3D11 adapters:
[2016.11.30-11.12.23:364][  0]LogD3D11RHI:    0. 'NVIDIA GeForce GTX 670' (Feature Level 11_0)
[2016.11.30-11.12.23:364][  0]LogD3D11RHI:       4027/0/32476 MB DedicatedVideo/DedicatedSystem/SharedSystem, Outputs:1, VendorId:0x10de
[2016.11.30-11.12.23:364][  0]LogD3D11RHI: Chosen D3D11 Adapter: 0
[2016.11.30-11.12.25:693][  0]LogD3D11RHI: Creating new Direct3DDevice
[2016.11.30-11.12.25:694][  0]LogD3D11RHI:     GPU DeviceId: 0x1189 (for the marketing name, search the web for "GPU Device Id")
[2016.11.30-11.12.25:694][  0]LogWindows: EnumDisplayDevices:
[2016.11.30-11.12.25:694][  0]LogWindows:    0. 'NVIDIA GeForce GTX 670' (P:1 D:1)
[2016.11.30-11.12.25:694][  0]LogWindows:    1. 'NVIDIA GeForce GTX 670' (P:0 D:0)
[2016.11.30-11.12.25:695][  0]LogWindows:    2. 'NVIDIA GeForce GTX 670' (P:0 D:0)
[2016.11.30-11.12.25:695][  0]LogWindows:    3. 'NVIDIA GeForce GTX 670' (P:0 D:0)
[2016.11.30-11.12.25:696][  0]LogWindows:    4. 'RDPDD Chained DD' (P:0 D:0)
[2016.11.30-11.12.25:696][  0]LogWindows:    5. 'RDP Encoder Mirror Driver' (P:0 D:0)
[2016.11.30-11.12.25:696][  0]LogWindows:    6. 'RDP Reflector Display Driver' (P:0 D:0)
[2016.11.30-11.12.25:696][  0]LogWindows: DebugString: GetVideoDriverDetailsInvalid PrimaryIsNotTheChoosenAdapter GetVideoDriverDetailsInvalid PrimaryIsNotTheChoosenAdapter GetVideoDriverDetailsInvalid PrimaryIsNotTheChoosenAdapter FoundDriverCount:4 
[2016.11.30-11.12.25:696][  0]LogD3D11RHI:     Adapter Name: NVIDIA GeForce GTX 670
[2016.11.30-11.12.25:696][  0]LogD3D11RHI:   Driver Version: 347.52 (internal:9.18.13.4752, unified:347.52)
[2016.11.30-11.12.25:696][  0]LogD3D11RHI:      Driver Date: 2-5-2015
[2016.11.30-11.12.25:696][  0]LogRHI: Texture pool is 1361 MB (70% of 1945 MB)
[2016.11.30-11.12.25:717][  0]LogD3D11RHI: Async texture creation enabled
[2016.11.30-11.12.25:742][  0]LogD3D11RHI: GPU Timing Frequency: 1000.000000 (Debug: 2 2)
[2016.11.30-11.12.25:743][  0]LogShaderCompilers: Guid format shader working directory is -29 characters bigger than the processId version (../../../../../../Users/egimenez/Desktop/VAN/VANsGame/Mechanics/BasicMechanics/Intermediate/Shaders/WorkingDirectory/8108/).
[2016.11.30-11.12.25:743][  0]LogShaderCompilers: Cleaned the shader compiler working directory 'C:/Users/egimenez/AppData/Local/Temp/UnrealShaderWorkingDir/2DB539644DDFD08560E766823826E611/'.
[2016.11.30-11.12.25:743][  0]LogShaderCompilers:Display: Using Local Shader Compiler.
[2016.11.30-11.12.33:165][  0]LogTemp:Display: Loaded TP AllDesktopTargetPlatform
[2016.11.30-11.12.33:185][  0]LogTemp:Display: Loaded TP WindowsClientTargetPlatform
[2016.11.30-11.12.33:203][  0]LogTemp:Display: Loaded TP WindowsNoEditorTargetPlatform
[2016.11.30-11.12.33:213][  0]LogTemp:Display: Loaded TP WindowsServerTargetPlatform
[2016.11.30-11.12.33:221][  0]LogTemp:Display: Loaded TP WindowsTargetPlatform
[2016.11.30-11.12.33:256][  0]LogTemp:Display: Loaded TP AndroidTargetPlatform
[2016.11.30-11.12.33:263][  0]LogTemp:Display: Loaded TP Android_ASTCTargetPlatform
[2016.11.30-11.12.33:273][  0]LogTemp:Display: Loaded TP Android_ATCTargetPlatform
[2016.11.30-11.12.33:287][  0]LogTemp:Display: Loaded TP Android_DXTTargetPlatform
[2016.11.30-11.12.33:298][  0]LogTemp:Display: Loaded TP Android_ETC1TargetPlatform
[2016.11.30-11.12.33:306][  0]LogTemp:Display: Loaded TP Android_ETC2TargetPlatform
[2016.11.30-11.12.33:326][  0]LogTemp:Display: Loaded TP Android_MultiTargetPlatform
[2016.11.30-11.12.33:326][  0]LogTemp:Display: Loaded TP Android_PVRTCTargetPlatform
[2016.11.30-11.12.33:326][  0]LogTemp:Display: Loaded TP HTML5TargetPlatform
[2016.11.30-11.12.33:464][  0]LogTemp:Display: Loaded TP IOSTargetPlatform
[2016.11.30-11.12.33:477][  0]LogTemp:Display: Loaded TP TVOSTargetPlatform
[2016.11.30-11.12.33:485][  0]LogTemp:Display: Loaded TP LinuxClientTargetPlatform
[2016.11.30-11.12.33:492][  0]LogTemp:Display: Loaded TP LinuxNoEditorTargetPlatform
[2016.11.30-11.12.33:502][  0]LogTemp:Display: Loaded TP LinuxServerTargetPlatform
[2016.11.30-11.12.33:573][  0]LogTemp:Display: Loaded TP LinuxTargetPlatform
[2016.11.30-11.12.33:573][  0]LogTargetPlatformManager:Display: Building Assets For Windows
[2016.11.30-11.12.34:778][  0]LogDerivedDataCache:Display: Max Cache Size: 512 MB
[2016.11.30-11.12.35:554][  0]LogDerivedDataCache: Loaded boot cache 0.78s 62MB C:/Users/egimenez/AppData/Local/UnrealEngine/4.13/DerivedDataCache/Boot.ddc.
[2016.11.30-11.12.35:554][  0]LogDerivedDataCache:Display: Loaded Boot cache: C:/Users/egimenez/AppData/Local/UnrealEngine/4.13/DerivedDataCache/Boot.ddc
[2016.11.30-11.12.35:554][  0]LogDerivedDataCache: FDerivedDataBackendGraph:  Pak pak cache file ../../../../../../Users/egimenez/Desktop/VAN/VANsGame/Mechanics/BasicMechanics/DerivedDataCache/DDC.ddp not found, will not use a pak cache.
[2016.11.30-11.12.35:554][  0]LogDerivedDataCache: Unable to find inner node Pak for hierarchical cache Hierarchy.
[2016.11.30-11.12.35:554][  0]LogDerivedDataCache: FDerivedDataBackendGraph:  CompressedPak pak cache file ../../../../../../Users/egimenez/Desktop/VAN/VANsGame/Mechanics/BasicMechanics/DerivedDataCache/Compressed.ddp not found, will not use a pak cache.
[2016.11.30-11.12.35:554][  0]LogDerivedDataCache: Unable to find inner node CompressedPak for hierarchical cache Hierarchy.
[2016.11.30-11.12.35:618][  0]LogDerivedDataCache:Display: Pak cache opened for reading ../../../Engine/DerivedDataCache/Compressed.ddp.
[2016.11.30-11.12.35:630][  0]LogDerivedDataCache: Using Local data cache path C:/Users/egimenez/AppData/Local/UnrealEngine/Common/DerivedDataCache: Writable
[2016.11.30-11.12.45:041][  0]LogInit: Selected Device Profile: [Windows]
[2016.11.30-11.12.45:043][  0]LogMaterial: Uniform references updated for custom material expression Custom.
[2016.11.30-11.12.45:048][  0]LogContentStreaming: Texture pool size is 0.00 MB
[2016.11.30-11.12.45:268][  0]LogMeshUtilities: No automatic mesh reduction module available
[2016.11.30-11.12.45:268][  0]LogMeshUtilities: No automatic mesh merging module available
[2016.11.30-11.12.45:268][  0]LogMeshUtilities: No distributed automatic mesh merging module available
[2016.11.30-11.12.46:858][  0]LogNetVersion: GetLocalNetworkVersion: CL: 3106830, ProjectName: basicmechanics, ProjectVersion: , EngineNetworkVersion: 1, GameNetworkVersion: 0, NetworkChecksum: 1815648402
[2016.11.30-11.12.46:947][  0]LogAssetRegistry: FAssetRegistry took 0.0211 seconds to start up
[2016.11.30-11.12.46:979][  0]LogPackageLocalizationCache: Processed 3 localized package path(s) for 1 prioritized culture(s) in 0.027759 seconds
[2016.11.30-11.12.46:985][  0]LogUObjectArray: 29781 objects as part of root set at end of initial load.
[2016.11.30-11.12.46:985][  0]LogUObjectAllocator: 6126280 out of 0 bytes used by permanent object pool.
[2016.11.30-11.12.46:985][  0]LogUObjectArray: CloseDisregardForGC: 0/0 objects in disregard for GC pool
[2016.11.30-11.12.46:993][  0]LogInit: WinSock: version 1.1 (2.2), MaxSocks=32767, MaxUdp=65467
[2016.11.30-11.12.48:638][  0]LogSlate: SlateFontCache - WITH_FREETYPE: 1, WITH_HARFBUZZ: 1
[2016.11.30-11.12.48:638][  0]LogSlate: SlateFontCache - WITH_FREETYPE: 1, WITH_HARFBUZZ: 1
[2016.11.30-11.13.15:241][  0]LogTcpMessaging: Initializing TcpMessaging bridge
[2016.11.30-11.13.15:265][  0]LogUdpMessaging: Initializing bridge on interface 0.0.0.0:0 to multicast group 230.0.0.1:6666.
[2016.11.30-11.13.16:776][  0]SourceControl: Info Source control is disabled
[2016.11.30-11.13.16:777][  0]SourceControl: Info Source control is disabled
[2016.11.30-11.13.16:784][  0]SourceControl: Info Source control is disabled
[2016.11.30-11.13.16:791][  0]SourceControl: Info Source control is disabled
[2016.11.30-11.13.17:409][  0]LogEngine: Initializing Engine...
[2016.11.30-11.13.17:409][  0]LogHMD: Failed to initialize OpenVR with code 110
[2016.11.30-11.13.17:730][  0]LogAIModule: Creating AISystem for world Untitled
[2016.11.30-11.13.17:741][  0]LogInit: XAudio2 using 'Speakers (Realtek High Definition Audio)' : 2 channels at 48 kHz using 32 bits per sample (channel mask 0x3)
[2016.11.30-11.13.17:754][  0]LogInit: FAudioDevice initialized.
[2016.11.30-11.13.17:765][  0]LogDerivedDataCache:Error: Could not save memory cache C:/Users/egimenez/AppData/Local/UnrealEngine/4.13/DerivedDataCache/Boot.ddc.
[2016.11.30-11.13.17:771][  0]LogInit: Texture streaming: Enabled
[2016.11.30-11.13.17:799][  0]LogInit: Transaction tracking system initialized
[2016.11.30-11.13.17:820][  0]BlueprintLog: New page: Editor Load
[2016.11.30-11.13.17:913][  0]LocalizationService: Info Localization service is disabled
[2016.11.30-11.13.18:206][  0]LogConsoleResponse:Display: 
[2016.11.30-11.13.19:165][  0]LogCook:Display: Max memory allowance for cook 16384mb min free memory 0mb
[2016.11.30-11.13.19:165][  0]LogCook:Display: Mobile HDR setting 1
[2016.11.30-11.13.19:744][  0]LogFileCache: Scanning file cache for directory 'C:/Users/egimenez/Desktop/VAN/VANsGame/Mechanics/BasicMechanics/Content/' took 0.03s
[2016.11.30-11.13.19:744][  0]SourceControl: Info Source control is disabled
[2016.11.30-11.13.19:744][  0]Cmd: MAP LOAD FILE="../../../../../../Users/egimenez/Desktop/VAN/VANsGame/Mechanics/BasicMechanics/Content/StarterContent/Maps/Minimal_Default.umap" TEMPLATE=0 SHOWPROGRESS=1 FEATURELEVEL=3
[2016.11.30-11.13.19:778][  0]LightingResults: New page: Lighting Build
[2016.11.30-11.13.19:781][  0]MapCheck: New page: Map Check
[2016.11.30-11.13.19:781][  0]LightingResults: New page: Lighting Build
[2016.11.30-11.13.22:673][  0]LogAIModule: Creating AISystem for world Minimal_Default
[2016.11.30-11.13.22:704][  0]LogEditorServer: Finished looking for orphan Actors (0.000 secs)
[2016.11.30-11.13.22:704][  0]Cmd: MAP CHECKDEP NOCLEARLOG
[2016.11.30-11.13.22:748][  0]MapCheck: Info Map check complete: 0 Error(s), 0 Warning(s), took 43.737ms to complete.
[2016.11.30-11.13.22:748][  0]LogFileHelpers: Loading map 'Minimal_Default' took 3.004
[2016.11.30-11.13.22:988][  0]LogCollectionManager: Loaded 0 collections in 0.001927 seconds
[2016.11.30-11.13.23:025][  0]LogFileCache: Scanning file cache for directory 'C:/Users/egimenez/Desktop/VAN/VANsGame/Mechanics/BasicMechanics/Saved/Collections/' took 0.01s
[2016.11.30-11.13.23:025][  0]LogFileCache: Scanning file cache for directory 'C:/Users/egimenez/Desktop/VAN/VANsGame/Mechanics/BasicMechanics/Content/Developers/egimenez/Collections/' took 0.01s
[2016.11.30-11.13.23:025][  0]LogFileCache: Scanning file cache for directory 'C:/Users/egimenez/Desktop/VAN/VANsGame/Mechanics/BasicMechanics/Content/Collections/' took 0.01s
[2016.11.30-11.13.23:025][  0]LogCollectionManager: Rebuilt the GUID cache for 0 collections in 0.000003 seconds
[2016.11.30-11.13.23:036][  0]LogContentBrowser: Native class hierarchy populated in 0.0103 seconds. Added 2148 classes and 417 folders.
[2016.11.30-11.13.23:040][  0]LogStats: UGameplayTagsManager::ConstructGameplayTagTree: Construct from data asset -  0.000 s
[2016.11.30-11.13.23:040][  0]LogStats: UGameplayTagsManager::ConstructGameplayTagTree: GameplayTagTreeChangedEvent.Broadcast -  0.000 s
[2016.11.30-11.13.23:041][  0]LogContentBrowser: Native class hierarchy updated for 'GameplayTags' in 0.0005 seconds. Added 12 classes and 0 folders.
[2016.11.30-11.13.23:045][  0]LogContentBrowser: Native class hierarchy updated for 'WidgetCarousel' in 0.0003 seconds. Added 0 classes and 0 folders.
[2016.11.30-11.13.24:923][  0]LogContentBrowser: Native class hierarchy updated for 'AddContentDialog' in 0.0005 seconds. Added 0 classes and 0 folders.
[2016.11.30-11.13.24:928][  0]LogContentBrowser: Native class hierarchy updated for 'SceneOutliner' in 0.0005 seconds. Added 1 classes and 2 folders.
[2016.11.30-11.13.24:992][  0]LogCrashTracker: Crashtracker disabled due to settings.
[2016.11.30-11.13.25:137][  0]LogUObjectGlobals:Warning: Failed to find object 'Class None.'
[2016.11.30-11.13.25:163][  0]LogContentBrowser: Native class hierarchy updated for 'HierarchicalLODOutliner' in 0.0005 seconds. Added 1 classes and 2 folders.
[2016.11.30-11.13.25:164][  0]LogLoad: (Engine Initialization) Total time: 80.88 seconds
[2016.11.30-11.13.25:164][  0]LogLoad: (Engine Initialization) Total Blueprint compile time: 0.35 seconds
[2016.11.30-11.13.25:164][  0]LogExternalProfiler: No external profilers were discovered.  External profiling features will not be available.
[2016.11.30-11.13.25:503][  0]LogOcInput: OculusInput pre-init called
[2016.11.30-11.13.25:544][  0]LogContentStreaming: Texture pool size now 1000 MB
[2016.11.30-11.13.26:013][  0]LogRenderer: Reallocating scene render targets to support 960x620 (Frame:2).
[2016.11.30-11.13.26:852][  3]LogAssetRegistry: Asset discovery search completed in 39.9240 seconds
[2016.11.30-11.13.26:852][  3]LogCollectionManager: Rebuilt the object cache for 0 collections in 0.000002 seconds (found 0 objects)
[2016.11.30-11.13.26:852][  3]LogCollectionManager: Fixed up redirectors for 0 collections in 0.000057 seconds (updated 0 objects)
[2016.11.30-11.13.39:309][721]LogBlueprint:Warning: [Compiler Answers] Warning 'Item' is already a 'NPC', you don't need  K2Node_DynamicCast_0 .
[2016.11.30-11.13.39:309][721]LogBlueprint:Warning: [Compiler Answers] Warning 'Item' is already a 'NPC', you don't need  K2Node_DynamicCast_15 .
[2016.11.30-11.13.39:310][721]LogBlueprint:Warning: [Compiler Answers] Warning 'Item' is already a 'NPC', you don't need  K2Node_DynamicCast_2 .
[2016.11.30-11.13.39:331][721]LogBlueprint:Warning: [Compiler Answers] Warning [0095.05] Compile of Answers successful, but with 3 Warning(s) [in 48 ms] (/Game/Elements/NPCDialogue/Answers.Answers)
[2016.11.30-11.13.39:331][721]LogBlueprint:Warning: [Compiler Answers] Warning [0095.05] Compile of Answers successful, but with 4 Warning(s) [in 0 ms] (/Game/Elements/NPCDialogue/Answers.Answers)
[2016.11.30-11.13.39:331][721]LogBlueprint:Warning: [Compiler Answers] Warning [0095.05] Compile of Answers successful, but with 5 Warning(s) [in 0 ms] (/Game/Elements/NPCDialogue/Answers.Answers)
[2016.11.30-11.13.39:395][721]LogBlueprint:Warning: [Compiler Answers] Warning 'Item' is already a 'NPC', you don't need  K2Node_DynamicCast_0 .
[2016.11.30-11.13.39:395][721]LogBlueprint:Warning: [Compiler Answers] Warning 'Item' is already a 'NPC', you don't need  K2Node_DynamicCast_15 .
[2016.11.30-11.13.39:395][721]LogBlueprint:Warning: [Compiler Answers] Warning 'Item' is already a 'NPC', you don't need  K2Node_DynamicCast_2 .
[2016.11.30-11.13.39:417][721]LogBlueprint:Warning: [Compiler Answers] Warning [0095.14] Compile of Answers successful, but with 3 Warning(s) [in 36 ms] (/Game/Elements/NPCDialogue/Answers.Answers)
[2016.11.30-11.13.39:417][721]LogBlueprint:Warning: [Compiler Answers] Warning [0095.14] Compile of Answers successful, but with 4 Warning(s) [in 0 ms] (/Game/Elements/NPCDialogue/Answers.Answers)
[2016.11.30-11.13.39:418][721]LogBlueprint:Warning: [Compiler Answers] Warning [0095.14] Compile of Answers successful, but with 5 Warning(s) [in 0 ms] (/Game/Elements/NPCDialogue/Answers.Answers)
[2016.11.30-11.13.42:820][721]LogAIModule: Creating AISystem for world Tests
[2016.11.30-11.13.42:890][721]Cmd: MAP LOAD FILE="../../../../../../Users/egimenez/Desktop/VAN/VANsGame/Mechanics/BasicMechanics/Content/Levels/Tests.umap" TEMPLATE=0 SHOWPROGRESS=1 FEATURELEVEL=3
[2016.11.30-11.13.42:890][721]LightingResults: New page: Lighting Build
[2016.11.30-11.13.42:890][721]LoadErrors: New page: Loading map: Tests.umap
[2016.11.30-11.13.42:891][721]MapCheck: New page: Map Check
[2016.11.30-11.13.42:891][721]LightingResults: New page: Lighting Build
[2016.11.30-11.13.42:986][721]LogEditorServer: Finished looking for orphan Actors (0.000 secs)
[2016.11.30-11.13.43:079][721]Cmd: MAP CHECKDEP NOCLEARLOG
[2016.11.30-11.13.43:142][721]MapCheck: Info Map check complete: 0 Error(s), 0 Warning(s), took 63.295ms to complete.
[2016.11.30-11.13.43:142][721]LogFileHelpers: Loading map 'Tests' took 0.253
[2016.11.30-11.14.00:758][692]LogEditorViewport: Clicking on Actor (LMB): SimpleSwitchRot_C (SimpleSwitchRotation)
[2016.11.30-11.14.02:088][833]Cmd: DELETE
[2016.11.30-11.14.02:088][833]Cmd: ACTOR DELETE
[2016.11.30-11.14.02:094][833]LogEditorActor: Deleted Actor: SimpleSwitchRot_C
[2016.11.30-11.14.02:102][833]LogEditorActor: Deleted 1 Actors (0.014 secs)
[2016.11.30-11.14.04:674][140]LogEditorViewport: Clicking on Actor (LMB): SimpleSwitchTrans_C (SimpleSwitchTranslation)
[2016.11.30-11.14.05:416][224]Cmd: DELETE
[2016.11.30-11.14.05:416][224]Cmd: ACTOR DELETE
[2016.11.30-11.14.05:417][224]LogEditorActor: Deleted Actor: SimpleSwitchTrans_C
[2016.11.30-11.14.05:425][224]LogEditorActor: Deleted 1 Actors (0.009 secs)
[2016.11.30-11.14.06:316][331]LogEditorViewport: Clicking on Actor (LMB): TextRenderActor (TextRenderActor2)
[2016.11.30-11.14.07:112][410]Cmd: DELETE
[2016.11.30-11.14.07:112][410]Cmd: ACTOR DELETE
[2016.11.30-11.14.07:113][410]LogEditorActor: Deleted Actor: TextRenderActor
[2016.11.30-11.14.07:121][410]LogEditorActor: Deleted 1 Actors (0.009 secs)
[2016.11.30-11.14.09:000][635]LogEditorViewport: Clicking on Actor (LMB): StaticMeshActor (Floor)
[2016.11.30-11.14.10:385][767]LogEditorViewport: Clicking on Actor (LMB): TextRenderActor (TextRenderActor13)
[2016.11.30-11.14.10:851][812]Cmd: DELETE
[2016.11.30-11.14.10:852][812]Cmd: ACTOR DELETE
[2016.11.30-11.14.10:853][812]LogEditorActor: Deleted Actor: TextRenderActor
[2016.11.30-11.14.10:861][812]LogEditorActor: Deleted 1 Actors (0.009 secs)
[2016.11.30-11.14.11:956][943]LogEditorViewport: Clicking on Actor (LMB): StaticMeshActor (Floor)
[2016.11.30-11.14.12:442][990]LogEditorViewport: Clicking on Actor (LMB): StaticMeshActor (Floor)
[2016.11.30-11.14.13:118][ 62]LogEditorViewport: Clicking on Actor (LMB): TextRenderActor (TextRenderActor4)
[2016.11.30-11.14.13:559][107]Cmd: DELETE
[2016.11.30-11.14.13:559][107]Cmd: ACTOR DELETE
[2016.11.30-11.14.13:560][107]LogEditorActor: Deleted Actor: TextRenderActor
[2016.11.30-11.14.13:568][107]LogEditorActor: Deleted 1 Actors (0.009 secs)
[2016.11.30-11.14.14:271][190]LogEditorViewport: Clicking on Actor (LMB): StaticMeshActor (cerca15)
[2016.11.30-11.14.14:938][260]Cmd: DELETE
[2016.11.30-11.14.14:938][260]Cmd: ACTOR DELETE
[2016.11.30-11.14.16:233][260]LogEditorActor: Deleted Actor: StaticMeshActor
[2016.11.30-11.14.18:855][260]LogEditorActor: Deleted Actor: StaticMeshActor
[2016.11.30-11.14.18:857][260]LogEditorActor: Deleted Actor: StaticMeshActor
[2016.11.30-11.14.18:858][260]LogEditorActor: Deleted Actor: StaticMeshActor
[2016.11.30-11.14.18:860][260]LogEditorActor: Deleted Actor: StaticMeshActor
[2016.11.30-11.14.18:862][260]LogEditorActor: Deleted Actor: StaticMeshActor
[2016.11.30-11.14.18:863][260]LogEditorActor: Deleted Actor: StaticMeshActor
[2016.11.30-11.14.18:864][260]LogEditorActor: Deleted Actor: StaticMeshActor
[2016.11.30-11.14.18:866][260]LogEditorActor: Deleted Actor: StaticMeshActor
[2016.11.30-11.14.18:888][260]LogEditorActor: Deleted 9 Actors (3.949 secs)
[2016.11.30-11.14.20:109][404]LogEditorViewport: Clicking on Actor (LMB): StaticMeshActor (Floor)
[2016.11.30-11.14.20:702][460]LogEditorViewport: Clicking on Actor (LMB): StaticMeshActor (cerca4)
[2016.11.30-11.14.21:964][592]LogEditorViewport: Clicking on Actor (CTRL LMB): StaticMeshActor (cerca3)
[2016.11.30-11.14.22:870][683]LogEditorViewport: Clicking on Actor (CTRL LMB): StaticMeshActor (cerca2)
[2016.11.30-11.14.23:650][754]LogEditorViewport: Clicking on Actor (CTRL LMB): StaticMeshActor (cerca8)
[2016.11.30-11.14.24:315][822]LogEditorViewport: Clicking on Actor (CTRL LMB): StaticMeshActor (cerca9)
[2016.11.30-11.14.24:772][863]LogEditorViewport: Clicking on Actor (CTRL LMB): StaticMeshActor (Floor)
[2016.11.30-11.14.26:823][ 90]Cmd: TRANSACTION UNDO
[2016.11.30-11.14.26:823][ 90]LogEditorTransaction: Undo Clicking on Actors
[2016.11.30-11.14.27:570][143]LogEditorViewport: Clicking on Actor (CTRL LMB): StaticMeshActor (cerca10)
[2016.11.30-11.14.28:168][203]LogEditorViewport: Clicking on Actor (CTRL LMB): StaticMeshActor (cerca5)
[2016.11.30-11.14.28:983][289]LogEditorViewport: Clicking on Actor (CTRL LMB): StaticMeshActor (cerca6)
[2016.11.30-11.14.29:824][376]LogEditorViewport: Clicking on Actor (CTRL LMB): StaticMeshActor (cerca7)
[2016.11.30-11.14.30:679][468]LogEditorViewport: Clicking on Actor (CTRL LMB): StaticMeshActor (cerca20)
[2016.11.30-11.14.31:352][537]LogEditorViewport: Clicking on Actor (CTRL LMB): StaticMeshActor (cerca21)
[2016.11.30-11.14.32:117][615]LogEditorViewport: Clicking on Actor (CTRL LMB): StaticMeshActor (cerca22)
[2016.11.30-11.14.41:675][649]LogEditorViewport: Clicking on Actor (LMB): SimpleSwitchRotART_C (SimpleSwitchRotART)
[2016.11.30-11.14.52:400][741]LogEditorViewport: Clicking on Actor (LMB): BP_Sky_Sphere_C (BP_Sky_Sphere)
[2016.11.30-11.15.24:957][218]LogEditorViewport: Clicking on Actor (LMB): TemporizeSwitch_C (TemporizeSwitch)
[2016.11.30-11.15.26:794][319]LogContentBrowser: Native class hierarchy updated for 'BlueprintGraph' in 0.0009 seconds. Added 112 classes and 0 folders.
[2016.11.30-11.15.44:963][984]LogEditorViewport: Clicking on Actor (LMB): BP_Sky_Sphere_C (BP_Sky_Sphere)
[2016.11.30-11.15.45:424][  2]LogEditorViewport: Clicking on Actor (LMB): TemporizeSwitch_C (TemporizeSwitch)
[2016.11.30-11.15.47:163][ 81]Cmd: DELETE
[2016.11.30-11.15.47:163][ 81]Cmd: ACTOR DELETE
[2016.11.30-11.15.47:164][ 81]LogEditorActor: Deleted Actor: TemporizeSwitch_C
[2016.11.30-11.15.47:203][ 81]LogEditorActor: Deleted 1 Actors (0.039 secs)
[2016.11.30-11.16.06:269][801]LogObjectTools:Warning: ForceReplaceReferences replaced references for a transient object 'DEADCLASS_SimpleSwitchRot_C_2' or package '/Engine/Transient'.
[2016.11.30-11.16.06:278][801]LogObjectTools:Warning: ForceReplaceReferences replaced references for a transient object 'DEADCLASS_SimpleSwitchRot_C_3' or package '/Engine/Transient'.
[2016.11.30-11.16.06:278][801]LogObjectTools:Warning: ForceReplaceReferences replaced references for a transient object 'DEADCLASS_SimpleSwitchTrans_C_0' or package '/Engine/Transient'.
[2016.11.30-11.16.06:281][801]LogObjectTools:Warning: ForceReplaceReferences replaced references for a transient object 'DEADCLASS_SimpleSwitchTrans_C_1' or package '/Engine/Transient'.
[2016.11.30-11.16.06:281][801]LogObjectTools:Warning: ForceReplaceReferences replaced references for a transient object 'REINST_SKEL_SimpleSwitchRot_C_110' or package '/Engine/Transient'.
[2016.11.30-11.16.06:282][801]LogObjectTools:Warning: ForceReplaceReferences replaced references for a transient object 'REINST_SimpleSwitchRot_C_109' or package '/Engine/Transient'.
[2016.11.30-11.16.06:282][801]LogObjectTools:Warning: ForceReplaceReferences replaced references for a transient object 'REINST_SKEL_SimpleSwitchTrans_C_108' or package '/Engine/Transient'.
[2016.11.30-11.16.06:282][801]LogObjectTools:Warning: ForceReplaceReferences replaced references for a transient object 'REINST_SimpleSwitchTrans_C_107' or package '/Engine/Transient'.
[2016.11.30-11.16.30:030][409]LogMetaData: Removing '/Game/Elements/Switches/SimpleSwitch/SimpleSwitchRotART.SimpleSwitchRotART_C' ref from Metadata '/Game/Elements/Switches/SimpleSwitch/WithArt/SimpleSwitchRotART.PackageMetaData'
[2016.11.30-11.16.30:030][409]LogMetaData: Removing '/Game/Elements/Switches/SimpleSwitch/SimpleSwitchRotART.SimpleSwitchRotART_C:BndEvt__TriggerVolume_K2Node_ComponentBoundEvent_0_ComponentBeginOverlapSignature__DelegateSignature' ref from Metadata '/Game/Elements/Switches/SimpleSwitch/WithArt/SimpleSwitchRotART.PackageMetaData'
[2016.11.30-11.16.30:030][409]LogMetaData: Removing '/Game/Elements/Switches/SimpleSwitch/SimpleSwitchRotART.SimpleSwitchRotART_C:BndEvt__TriggerVolume_K2Node_ComponentBoundEvent_0_ComponentEndOverlapSignature__DelegateSignature' ref from Metadata '/Game/Elements/Switches/SimpleSwitch/WithArt/SimpleSwitchRotART.PackageMetaData'
[2016.11.30-11.16.30:030][409]LogMetaData: Removing '/Game/Elements/Switches/SimpleSwitch/SimpleSwitchRotART.SimpleSwitchRotART_C:ExecuteUbergraph_SimpleSwitchRotART' ref from Metadata '/Game/Elements/Switches/SimpleSwitch/WithArt/SimpleSwitchRotART.PackageMetaData'
[2016.11.30-11.16.30:030][409]LogMetaData: Removing '/Game/Elements/Switches/SimpleSwitch/SimpleSwitchRotART.SimpleSwitchRotART_C:UserConstructionScript' ref from Metadata '/Game/Elements/Switches/SimpleSwitch/WithArt/SimpleSwitchRotART.PackageMetaData'
[2016.11.30-11.16.30:030][409]LogMetaData: Removing '/Game/Elements/Switches/SimpleSwitch/SimpleSwitchRotART.SimpleSwitchRotART_C:ColumnR' ref from Metadata '/Game/Elements/Switches/SimpleSwitch/WithArt/SimpleSwitchRotART.PackageMetaData'
[2016.11.30-11.16.30:030][409]LogMetaData: Removing '/Game/Elements/Switches/SimpleSwitch/SimpleSwitchRotART.SimpleSwitchRotART_C:ColumnL' ref from Metadata '/Game/Elements/Switches/SimpleSwitch/WithArt/SimpleSwitchRotART.PackageMetaData'
[2016.11.30-11.16.30:030][409]LogMetaData: Removing '/Game/Elements/Switches/SimpleSwitch/SimpleSwitchRotART.SimpleSwitchRotART_C:Cylinder' ref from Metadata '/Game/Elements/Switches/SimpleSwitch/WithArt/SimpleSwitchRotART.PackageMetaData'
[2016.11.30-11.16.30:030][409]LogMetaData: Removing '/Game/Elements/Switches/SimpleSwitch/SimpleSwitchRotART.SimpleSwitchRotART_C:SwitchCase' ref from Metadata '/Game/Elements/Switches/SimpleSwitch/WithArt/SimpleSwitchRotART.PackageMetaData'
[2016.11.30-11.16.30:030][409]LogMetaData: Removing '/Game/Elements/Switches/SimpleSwitch/SimpleSwitchRotART.SimpleSwitchRotART_C:Switch' ref from Metadata '/Game/Elements/Switches/SimpleSwitch/WithArt/SimpleSwitchRotART.PackageMetaData'
[2016.11.30-11.16.30:030][409]LogMetaData: Removing '/Game/Elements/Switches/SimpleSwitch/SimpleSwitchRotART.SimpleSwitchRotART_C:GateL' ref from Metadata '/Game/Elements/Switches/SimpleSwitch/WithArt/SimpleSwitchRotART.PackageMetaData'
[2016.11.30-11.16.30:030][409]LogMetaData: Removing '/Game/Elements/Switches/SimpleSwitch/SimpleSwitchRotART.SimpleSwitchRotART_C:GateR' ref from Metadata '/Game/Elements/Switches/SimpleSwitch/WithArt/SimpleSwitchRotART.PackageMetaData'
[2016.11.30-11.16.30:030][409]LogMetaData: Removing '/Game/Elements/Switches/SimpleSwitch/SimpleSwitchRotART.SimpleSwitchRotART_C:TriggerVolume' ref from Metadata '/Game/Elements/Switches/SimpleSwitch/WithArt/SimpleSwitchRotART.PackageMetaData'
[2016.11.30-11.16.30:030][409]LogMetaData: Removing '/Game/Elements/Switches/SimpleSwitch/SimpleSwitchRotART.SimpleSwitchRotART_C:DefaultSceneRoot' ref from Metadata '/Game/Elements/Switches/SimpleSwitch/WithArt/SimpleSwitchRotART.PackageMetaData'
[2016.11.30-11.16.30:030][409]LogMetaData: Removing '/Game/Elements/Switches/SimpleSwitch/SimpleSwitchRotART.SimpleSwitchRotART_C:Timeline_1' ref from Metadata '/Game/Elements/Switches/SimpleSwitch/WithArt/SimpleSwitchRotART.PackageMetaData'
[2016.11.30-11.16.30:030][409]LogMetaData: Removing '/Game/Elements/Switches/SimpleSwitch/SimpleSwitchRotART.SimpleSwitchRotART_C:Timeline_0' ref from Metadata '/Game/Elements/Switches/SimpleSwitch/WithArt/SimpleSwitchRotART.PackageMetaData'
[2016.11.30-11.16.30:030][409]LogMetaData: Removing '/Game/Elements/Switches/SimpleSwitch/SimpleSwitchRotART.SimpleSwitchRotART_C:Línea de tiempo_1' ref from Metadata '/Game/Elements/Switches/SimpleSwitch/WithArt/SimpleSwitchRotART.PackageMetaData'
[2016.11.30-11.16.30:030][409]LogMetaData: Removing '/Game/Elements/Switches/SimpleSwitch/SimpleSwitchRotART.SimpleSwitchRotART_C:Línea de tiempo_0' ref from Metadata '/Game/Elements/Switches/SimpleSwitch/WithArt/SimpleSwitchRotART.PackageMetaData'
[2016.11.30-11.16.30:030][409]LogMetaData: Removing '/Game/Elements/Switches/SimpleSwitch/SimpleSwitchRotART.SimpleSwitchRotART_C:DoorStart' ref from Metadata '/Game/Elements/Switches/SimpleSwitch/WithArt/SimpleSwitchRotART.PackageMetaData'
[2016.11.30-11.16.30:030][409]LogMetaData: Removing '/Game/Elements/Switches/SimpleSwitch/SimpleSwitchRotART.SimpleSwitchRotART_C:DoorEnd' ref from Metadata '/Game/Elements/Switches/SimpleSwitch/WithArt/SimpleSwitchRotART.PackageMetaData'
[2016.11.30-11.16.30:030][409]LogMetaData: Removing '/Game/Elements/Switches/SimpleSwitch/SimpleSwitchRotART.SimpleSwitchRotART_C:DoorOpened' ref from Metadata '/Game/Elements/Switches/SimpleSwitch/WithArt/SimpleSwitchRotART.PackageMetaData'
[2016.11.30-11.16.30:030][409]LogMetaData: Removing '/Game/Elements/Switches/SimpleSwitch/SimpleSwitchRotART.SimpleSwitchRotART_C:IsFinished' ref from Metadata '/Game/Elements/Switches/SimpleSwitch/WithArt/SimpleSwitchRotART.PackageMetaData'
[2016.11.30-11.16.30:030][409]LogMetaData: Removing '/Game/Elements/Switches/SimpleSwitch/SimpleSwitchRotART.SimpleSwitchRotART_C:RDoorRot' ref from Metadata '/Game/Elements/Switches/SimpleSwitch/WithArt/SimpleSwitchRotART.PackageMetaData'
[2016.11.30-11.16.30:030][409]LogMetaData: Removing '/Game/Elements/Switches/SimpleSwitch/SimpleSwitchRotART.SimpleSwitchRotART_C:SwitchRot' ref from Metadata '/Game/Elements/Switches/SimpleSwitch/WithArt/SimpleSwitchRotART.PackageMetaData'
[2016.11.30-11.16.30:030][409]LogMetaData: Removing '/Game/Elements/Switches/SimpleSwitch/SimpleSwitchRotART.SimpleSwitchRotART_C:LDoorRot' ref from Metadata '/Game/Elements/Switches/SimpleSwitch/WithArt/SimpleSwitchRotART.PackageMetaData'
[2016.11.30-11.16.30:030][409]LogMetaData: Removing '/Game/Elements/Switches/SimpleSwitch/SimpleSwitchRotART.SKEL_SimpleSwitchRotART_C:LDoorRot' ref from Metadata '/Game/Elements/Switches/SimpleSwitch/WithArt/SimpleSwitchRotART.PackageMetaData'
[2016.11.30-11.16.30:031][409]LogMetaData: Removing '/Game/Elements/Switches/SimpleSwitch/SimpleSwitchRotART.SKEL_SimpleSwitchRotART_C:SwitchRot' ref from Metadata '/Game/Elements/Switches/SimpleSwitch/WithArt/SimpleSwitchRotART.PackageMetaData'
[2016.11.30-11.16.30:031][409]LogMetaData: Removing '/Game/Elements/Switches/SimpleSwitch/SimpleSwitchRotART.SKEL_SimpleSwitchRotART_C:RDoorRot' ref from Metadata '/Game/Elements/Switches/SimpleSwitch/WithArt/SimpleSwitchRotART.PackageMetaData'
[2016.11.30-11.16.30:031][409]LogMetaData: Removing '/Game/Elements/Switches/SimpleSwitch/SimpleSwitchRotART.SKEL_SimpleSwitchRotART_C:IsFinished' ref from Metadata '/Game/Elements/Switches/SimpleSwitch/WithArt/SimpleSwitchRotART.PackageMetaData'
[2016.11.30-11.16.30:031][409]LogMetaData: Removing '/Game/Elements/Switches/SimpleSwitch/SimpleSwitchRotART.SKEL_SimpleSwitchRotART_C:DoorOpened' ref from Metadata '/Game/Elements/Switches/SimpleSwitch/WithArt/SimpleSwitchRotART.PackageMetaData'
[2016.11.30-11.16.30:031][409]LogMetaData: Removing '/Game/Elements/Switches/SimpleSwitch/SimpleSwitchRotART.SKEL_SimpleSwitchRotART_C:DoorEnd' ref from Metadata '/Game/Elements/Switches/SimpleSwitch/WithArt/SimpleSwitchRotART.PackageMetaData'
[2016.11.30-11.16.30:031][409]LogMetaData: Removing '/Game/Elements/Switches/SimpleSwitch/SimpleSwitchRotART.SKEL_SimpleSwitchRotART_C:DoorStart' ref from Metadata '/Game/Elements/Switches/SimpleSwitch/WithArt/SimpleSwitchRotART.PackageMetaData'
[2016.11.30-11.16.30:031][409]LogMetaData: Removing '/Game/Elements/Switches/SimpleSwitch/SimpleSwitchRotART.SKEL_SimpleSwitchRotART_C:Línea de tiempo_0' ref from Metadata '/Game/Elements/Switches/SimpleSwitch/WithArt/SimpleSwitchRotART.PackageMetaData'
[2016.11.30-11.16.30:031][409]LogMetaData: Removing '/Game/Elements/Switches/SimpleSwitch/SimpleSwitchRotART.SKEL_SimpleSwitchRotART_C:Línea de tiempo_1' ref from Metadata '/Game/Elements/Switches/SimpleSwitch/WithArt/SimpleSwitchRotART.PackageMetaData'
[2016.11.30-11.16.30:031][409]LogMetaData: Removing '/Game/Elements/Switches/SimpleSwitch/SimpleSwitchRotART.SKEL_SimpleSwitchRotART_C:Timeline_0' ref from Metadata '/Game/Elements/Switches/SimpleSwitch/WithArt/SimpleSwitchRotART.PackageMetaData'
[2016.11.30-11.16.30:031][409]LogMetaData: Removing '/Game/Elements/Switches/SimpleSwitch/SimpleSwitchRotART.SKEL_SimpleSwitchRotART_C:Timeline_1' ref from Metadata '/Game/Elements/Switches/SimpleSwitch/WithArt/SimpleSwitchRotART.PackageMetaData'
[2016.11.30-11.16.30:031][409]LogMetaData: Removing '/Game/Elements/Switches/SimpleSwitch/SimpleSwitchRotART.SKEL_SimpleSwitchRotART_C:DefaultSceneRoot' ref from Metadata '/Game/Elements/Switches/SimpleSwitch/WithArt/SimpleSwitchRotART.PackageMetaData'
[2016.11.30-11.16.30:031][409]LogMetaData: Removing '/Game/Elements/Switches/SimpleSwitch/SimpleSwitchRotART.SKEL_SimpleSwitchRotART_C:TriggerVolume' ref from Metadata '/Game/Elements/Switches/SimpleSwitch/WithArt/SimpleSwitchRotART.PackageMetaData'
[2016.11.30-11.16.30:031][409]LogMetaData: Removing '/Game/Elements/Switches/SimpleSwitch/SimpleSwitchRotART.SKEL_SimpleSwitchRotART_C:GateR' ref from Metadata '/Game/Elements/Switches/SimpleSwitch/WithArt/SimpleSwitchRotART.PackageMetaData'
[2016.11.30-11.16.30:031][409]LogMetaData: Removing '/Game/Elements/Switches/SimpleSwitch/SimpleSwitchRotART.SKEL_SimpleSwitchRotART_C:GateL' ref from Metadata '/Game/Elements/Switches/SimpleSwitch/WithArt/SimpleSwitchRotART.PackageMetaData'
[2016.11.30-11.16.30:031][409]LogMetaData: Removing '/Game/Elements/Switches/SimpleSwitch/SimpleSwitchRotART.SKEL_SimpleSwitchRotART_C:Switch' ref from Metadata '/Game/Elements/Switches/SimpleSwitch/WithArt/SimpleSwitchRotART.PackageMetaData'
[2016.11.30-11.16.30:031][409]LogMetaData: Removing '/Game/Elements/Switches/SimpleSwitch/SimpleSwitchRotART.SKEL_SimpleSwitchRotART_C:SwitchCase' ref from Metadata '/Game/Elements/Switches/SimpleSwitch/WithArt/SimpleSwitchRotART.PackageMetaData'
[2016.11.30-11.16.30:031][409]LogMetaData: Removing '/Game/Elements/Switches/SimpleSwitch/SimpleSwitchRotART.SKEL_SimpleSwitchRotART_C:Cylinder' ref from Metadata '/Game/Elements/Switches/SimpleSwitch/WithArt/SimpleSwitchRotART.PackageMetaData'
[2016.11.30-11.16.30:031][409]LogMetaData: Removing '/Game/Elements/Switches/SimpleSwitch/SimpleSwitchRotART.SKEL_SimpleSwitchRotART_C:ColumnL' ref from Metadata '/Game/Elements/Switches/SimpleSwitch/WithArt/SimpleSwitchRotART.PackageMetaData'
[2016.11.30-11.16.30:031][409]LogMetaData: Removing '/Game/Elements/Switches/SimpleSwitch/SimpleSwitchRotART.SKEL_SimpleSwitchRotART_C:ColumnR' ref from Metadata '/Game/Elements/Switches/SimpleSwitch/WithArt/SimpleSwitchRotART.PackageMetaData'
[2016.11.30-11.16.30:031][409]LogMetaData: Removing '/Game/Elements/Switches/SimpleSwitch/SimpleSwitchRotART.SKEL_SimpleSwitchRotART_C:UserConstructionScript' ref from Metadata '/Game/Elements/Switches/SimpleSwitch/WithArt/SimpleSwitchRotART.PackageMetaData'
[2016.11.30-11.16.30:031][409]LogMetaData: Removing '/Game/Elements/Switches/SimpleSwitch/SimpleSwitchRotART.SKEL_SimpleSwitchRotART_C:ExecuteUbergraph_SimpleSwitchRotART' ref from Metadata '/Game/Elements/Switches/SimpleSwitch/WithArt/SimpleSwitchRotART.PackageMetaData'
[2016.11.30-11.16.30:031][409]LogMetaData: Removing '/Game/Elements/Switches/SimpleSwitch/SimpleSwitchRotART.SKEL_SimpleSwitchRotART_C:BndEvt__TriggerVolume_K2Node_ComponentBoundEvent_0_ComponentEndOverlapSignature__DelegateSignature' ref from Metadata '/Game/Elements/Switches/SimpleSwitch/WithArt/SimpleSwitchRotART.PackageMetaData'
[2016.11.30-11.16.30:031][409]LogMetaData: Removing '/Game/Elements/Switches/SimpleSwitch/SimpleSwitchRotART.SKEL_SimpleSwitchRotART_C:BndEvt__TriggerVolume_K2Node_ComponentBoundEvent_0_ComponentBeginOverlapSignature__DelegateSignature' ref from Metadata '/Game/Elements/Switches/SimpleSwitch/WithArt/SimpleSwitchRotART.PackageMetaData'
[2016.11.30-11.16.30:031][409]LogMetaData: Removing '/Game/Elements/Switches/SimpleSwitch/SimpleSwitchRotART.SKEL_SimpleSwitchRotART_C' ref from Metadata '/Game/Elements/Switches/SimpleSwitch/WithArt/SimpleSwitchRotART.PackageMetaData'
[2016.11.30-11.16.30:223][409]LogSavePackage: Save=108.10ms
[2016.11.30-11.16.30:223][409]LogSavePackage: Moving '../../../../../../Users/egimenez/Desktop/VAN/VANsGame/Mechanics/BasicMechanics/Saved/SimpleSwitchRotARTE498BDBA47F068858BB2AA99B2AD5BB2.tmp' to '../../../../../../Users/egimenez/Desktop/VAN/VANsGame/Mechanics/BasicMechanics/Content/Elements/Switches/SimpleSwitch/SimpleSwitchRotART.uasset'
[2016.11.30-11.16.30:226][409]LogSavePackage:Display: Finished SavePackage ../../../../../../Users/egimenez/Desktop/VAN/VANsGame/Mechanics/BasicMechanics/Content/Elements/Switches/SimpleSwitch/SimpleSwitchRotART.uasset
[2016.11.30-11.16.30:333][409]LogSavePackage: Save=10.22ms
[2016.11.30-11.16.30:333][409]LogSavePackage: Moving '../../../../../../Users/egimenez/Desktop/VAN/VANsGame/Mechanics/BasicMechanics/Saved/SimpleSwitchRotART6813A4A34E47453F58A5B38033E58446.tmp' to '../../../../../../Users/egimenez/Desktop/VAN/VANsGame/Mechanics/BasicMechanics/Content/Elements/Switches/SimpleSwitch/WithArt/SimpleSwitchRotART.uasset'
[2016.11.30-11.16.30:337][409]LogSavePackage:Display: Finished SavePackage ../../../../../../Users/egimenez/Desktop/VAN/VANsGame/Mechanics/BasicMechanics/Content/Elements/Switches/SimpleSwitch/WithArt/SimpleSwitchRotART.uasset
[2016.11.30-11.16.42:527][877]LogTextFormatter:Warning: Failed to parse argument "DropPath" as a number (using "0" as a fallback). Please check your format string for errors: "Move into "{DropPath}"".
[2016.11.30-11.17.14:709][887]LogSavePackage: Save=472.46ms
[2016.11.30-11.17.14:709][887]LogSavePackage: Moving '../../../../../../Users/egimenez/Desktop/VAN/VANsGame/Mechanics/BasicMechanics/Saved/Tests757CFF1940F3F267B64BBF83EA956FD3.tmp' to '../../../../../../Users/egimenez/Desktop/VAN/VANsGame/Mechanics/BasicMechanics/Content/Levels/Tests.umap'
[2016.11.30-11.17.14:713][887]LogSavePackage:Display: Finished SavePackage ../../../../../../Users/egimenez/Desktop/VAN/VANsGame/Mechanics/BasicMechanics/Content/Levels/Tests.umap
[2016.11.30-11.17.14:759][887]LogFileHelpers: Saving map 'Tests' took 0.760
[2016.11.30-11.17.14:769][887]LogSavePackage: Save=5.19ms
[2016.11.30-11.17.14:769][887]LogSavePackage: Moving '../../../../../../Users/egimenez/Desktop/VAN/VANsGame/Mechanics/BasicMechanics/Saved/SimpleSwitchRotARTB6FEE67E435C12A29FA7D087CFA06EF8.tmp' to '../../../../../../Users/egimenez/Desktop/VAN/VANsGame/Mechanics/BasicMechanics/Content/Elements/Switches/SimpleSwitch/WithArt/SimpleSwitchRotART.uasset'
[2016.11.30-11.17.14:772][887]LogSavePackage:Display: Finished SavePackage ../../../../../../Users/egimenez/Desktop/VAN/VANsGame/Mechanics/BasicMechanics/Content/Elements/Switches/SimpleSwitch/WithArt/SimpleSwitchRotART.uasset
[2016.11.30-11.17.15:761][937]Cmd: QUIT_EDITOR
[2016.11.30-11.17.15:860][937]LogExit: Preparing to exit.
[2016.11.30-11.17.16:407][937]LogDirectoryWatcher: A directory notification for 'C:/Users/egimenez/Desktop/VAN/VANsGame/Mechanics/BasicMechanics/Content/' was aborted.
[2016.11.30-11.17.16:450][937]LogExit: Editor shut down
[2016.11.30-11.17.16:451][937]LogExit: Transaction tracking system shut down
[2016.11.30-11.17.16:725][937]LogObj: Freed 0b from 0 cluster array pools.
[2016.11.30-11.17.16:725][937]LogExit: Object subsystem successfully closed.
[2016.11.30-11.17.16:739][937]LogD3D11RHI: Shutdown
[2016.11.30-11.17.16:739][937]LogD3D11RHI: CleanupD3DDevice
[2016.11.30-11.17.16:785][937]LogD3D11RHI: ~FD3D11DynamicRHI
[2016.11.30-11.17.16:800][937]LogModuleManager: Shutting down and abandoning module BlueprintGraph (237)
[2016.11.30-11.17.16:800][937]LogModuleManager: Shutting down and abandoning module BlueprintProfiler (236)
[2016.11.30-11.17.16:800][937]LogModuleManager: Shutting down and abandoning module HierarchicalLODOutliner (235)
[2016.11.30-11.17.16:800][937]LogModuleManager: Shutting down and abandoning module ExternalImagePicker (234)
[2016.11.30-11.17.16:800][937]LogModuleManager: Shutting down and abandoning module CrashTracker (233)
[2016.11.30-11.17.16:800][937]LogModuleManager: Shutting down and abandoning module SceneOutliner (232)
[2016.11.30-11.17.16:800][937]LogModuleManager: Shutting down and abandoning module WidgetCarousel (231)
[2016.11.30-11.17.16:800][937]LogModuleManager: Shutting down and abandoning module AddContentDialog (230)
[2016.11.30-11.17.16:800][937]LogDirectoryWatcher: A directory notification for 'C:/Program Files (x86)/Epic Games/4.13/FeaturePacks/' was aborted.
[2016.11.30-11.17.16:801][937]LogModuleManager: Shutting down and abandoning module GameplayTags (229)
[2016.11.30-11.17.16:801][937]LogModuleManager: Shutting down and abandoning module EditorWidgets (228)
[2016.11.30-11.17.16:801][937]LogModuleManager: Shutting down and abandoning module CollectionManager (227)
[2016.11.30-11.17.16:801][937]LogDirectoryWatcher: A directory notification for 'C:/Users/egimenez/Desktop/VAN/VANsGame/Mechanics/BasicMechanics/Content/Collections/' was aborted.
[2016.11.30-11.17.16:801][937]LogDirectoryWatcher: A directory notification for 'C:/Users/egimenez/Desktop/VAN/VANsGame/Mechanics/BasicMechanics/Content/Developers/egimenez/Collections/' was aborted.
[2016.11.30-11.17.16:801][937]LogDirectoryWatcher: A directory notification for 'C:/Users/egimenez/Desktop/VAN/VANsGame/Mechanics/BasicMechanics/Saved/Collections/' was aborted.
[2016.11.30-11.17.16:801][937]LogModuleManager: Shutting down and abandoning module StatsViewer (226)
[2016.11.30-11.17.16:801][937]LogModuleManager: Shutting down and abandoning module FoliageEdit (225)
[2016.11.30-11.17.16:801][937]LogModuleManager: Shutting down and abandoning module LandscapeEditor (224)
[2016.11.30-11.17.16:801][937]LogModuleManager: Shutting down and abandoning module SceneDepthPickerMode (223)
[2016.11.30-11.17.16:801][937]LogModuleManager: Shutting down and abandoning module ActorPickerMode (222)
[2016.11.30-11.17.16:801][937]LogModuleManager: Shutting down and abandoning module GeometryMode (221)
[2016.11.30-11.17.16:801][937]LogModuleManager: Shutting down and abandoning module TextureAlignMode (220)
[2016.11.30-11.17.16:801][937]LogModuleManager: Shutting down and abandoning module BspMode (219)
[2016.11.30-11.17.16:801][937]LogModuleManager: Shutting down and abandoning module HardwareSurvey (218)
[2016.11.30-11.17.16:801][937]LogModuleManager: Shutting down and abandoning module SequenceRecorderSections (217)
[2016.11.30-11.17.16:802][937]LogModuleManager: Shutting down and abandoning module SequenceRecorder (216)
[2016.11.30-11.17.16:802][937]LogModuleManager: Shutting down and abandoning module AutomationWorker (215)
[2016.11.30-11.17.16:802][937]LogModuleManager: Shutting down and abandoning module MatineeToLevelSequence (214)
[2016.11.30-11.17.16:802][937]LogModuleManager: Shutting down and abandoning module PlacementMode (213)
[2016.11.30-11.17.16:802][937]LogModuleManager: Shutting down and abandoning module LevelSequenceEditor (212)
[2016.11.30-11.17.16:802][937]LogModuleManager: Shutting down and abandoning module WmfMediaFactory (211)
[2016.11.30-11.17.16:802][937]LogModuleManager: Shutting down and abandoning module WmfMediaEditor (210)
[2016.11.30-11.17.16:802][937]LogModuleManager: Shutting down and abandoning module AvfMediaFactory (209)
[2016.11.30-11.17.16:802][937]LogModuleManager: Shutting down and abandoning module AvfMediaEditor (208)
[2016.11.30-11.17.16:802][937]LogModuleManager: Shutting down and abandoning module Media (207)
[2016.11.30-11.17.16:802][937]LogModuleManager: Shutting down and abandoning module AndroidMediaFactory (206)
[2016.11.30-11.17.16:802][937]LogModuleManager: Shutting down and abandoning module AndroidMediaEditor (205)
[2016.11.30-11.17.16:802][937]LogModuleManager: Shutting down and abandoning module CharacterAI (204)
[2016.11.30-11.17.16:802][937]LogModuleManager: Shutting down and abandoning module SmartSnapping (203)
[2016.11.30-11.17.16:802][937]LogModuleManager: Shutting down and abandoning module SessionServices (202)
[2016.11.30-11.17.16:802][937]LogModuleManager: Shutting down and abandoning module ViewportSnapping (201)
[2016.11.30-11.17.16:802][937]LogModuleManager: Shutting down and abandoning module ViewportInteraction (200)
[2016.11.30-11.17.16:802][937]LogModuleManager: Shutting down and abandoning module LogVisualizer (199)
[2016.11.30-11.17.16:802][937]LogModuleManager: Shutting down and abandoning module GameProjectGeneration (198)
[2016.11.30-11.17.16:802][937]LogModuleManager: Shutting down and abandoning module IntroTutorials (197)
[2016.11.30-11.17.16:802][937]LogModuleManager: Shutting down and abandoning module EditorLiveStreaming (196)
[2016.11.30-11.17.16:802][937]LogModuleManager: Shutting down and abandoning module IOSPlatformEditor (195)
[2016.11.30-11.17.16:802][937]LogModuleManager: Shutting down and abandoning module HTML5PlatformEditor (194)
[2016.11.30-11.17.16:802][937]LogModuleManager: Shutting down and abandoning module AndroidDeviceDetection (193)
[2016.11.30-11.17.17:005][937]LogModuleManager: Shutting down and abandoning module AndroidPlatformEditor (192)
[2016.11.30-11.17.17:005][937]LogModuleManager: Shutting down and abandoning module IOSRuntimeSettings (191)
[2016.11.30-11.17.17:005][937]LogModuleManager: Shutting down and abandoning module AndroidRuntimeSettings (190)
[2016.11.30-11.17.17:005][937]LogModuleManager: Shutting down and abandoning module NiagaraEditor (189)
[2016.11.30-11.17.17:005][937]LogModuleManager: Shutting down and abandoning module MergeActors (188)
[2016.11.30-11.17.17:005][937]LogModuleManager: Shutting down and abandoning module SizeMap (187)
[2016.11.30-11.17.17:005][937]LogModuleManager: Shutting down and abandoning module TreeMap (186)
[2016.11.30-11.17.17:005][937]LogModuleManager: Shutting down and abandoning module ReferenceViewer (185)
[2016.11.30-11.17.17:005][937]LogModuleManager: Shutting down and abandoning module LocalizationService (184)
[2016.11.30-11.17.17:005][937]LogModuleManager: Shutting down and abandoning module LocalizationDashboard (183)
[2016.11.30-11.17.17:006][937]LogModuleManager: Shutting down and abandoning module HardwareTargeting (182)
[2016.11.30-11.17.17:006][937]LogModuleManager: Shutting down and abandoning module DeviceProfileEditor (181)
[2016.11.30-11.17.17:006][937]LogModuleManager: Shutting down and abandoning module UndoHistory (180)
[2016.11.30-11.17.17:006][937]LogModuleManager: Shutting down and abandoning module UserFeedback (179)
[2016.11.30-11.17.17:006][937]LogModuleManager: Shutting down and abandoning module XmlParser (178)
[2016.11.30-11.17.17:006][937]LogModuleManager: Shutting down and abandoning module Blutility (177)
[2016.11.30-11.17.17:006][937]LogModuleManager: Shutting down and abandoning module ProjectTargetPlatformEditor (176)
[2016.11.30-11.17.17:006][937]LogModuleManager: Shutting down and abandoning module ProjectSettingsViewer (175)
[2016.11.30-11.17.17:006][937]LogModuleManager: Shutting down and abandoning module InputBindingEditor (174)
[2016.11.30-11.17.17:006][937]LogModuleManager: Shutting down and abandoning module EditorSettingsViewer (173)
[2016.11.30-11.17.17:006][937]LogModuleManager: Shutting down and abandoning module SettingsEditor (172)
[2016.11.30-11.17.17:006][937]LogModuleManager: Shutting down and abandoning module ProjectLauncher (171)
[2016.11.30-11.17.17:006][937]LogModuleManager: Shutting down and abandoning module SessionFrontend (170)
[2016.11.30-11.17.17:006][937]LogModuleManager: Shutting down and abandoning module ProfilerClient (169)
[2016.11.30-11.17.17:006][937]LogModuleManager: Shutting down and abandoning module TargetDeviceServices (168)
[2016.11.30-11.17.17:006][937]LogModuleManager: Shutting down and abandoning module DeviceManager (167)
[2016.11.30-11.17.17:046][937]LogModuleManager: Shutting down and abandoning module AutomationController (166)
[2016.11.30-11.17.17:046][937]LogModuleManager: Shutting down and abandoning module AutomationWindow (165)
[2016.11.30-11.17.17:046][937]LogModuleManager: Shutting down and abandoning module Layers (164)
[2016.11.30-11.17.17:046][937]LogModuleManager: Shutting down and abandoning module ComponentVisualizers (163)
[2016.11.30-11.17.17:046][937]LogModuleManager: Shutting down and abandoning module DetailCustomizations (162)
[2016.11.30-11.17.17:046][937]LogModuleManager: Shutting down and abandoning module PackagesDialog (161)
[2016.11.30-11.17.17:046][937]LogModuleManager: Shutting down and abandoning module AnimGraph (160)
[2016.11.30-11.17.17:046][937]LogModuleManager: Shutting down and abandoning module Persona (159)
[2016.11.30-11.17.17:046][937]LogModuleManager: Shutting down and abandoning module Kismet (158)
[2016.11.30-11.17.17:056][937]LogModuleManager: Shutting down and abandoning module GraphEditor (157)
[2016.11.30-11.17.17:056][937]LogModuleManager: Shutting down and abandoning module ClassViewer (156)
[2016.11.30-11.17.17:057][937]LogModuleManager: Shutting down and abandoning module Toolbox (155)
[2016.11.30-11.17.17:057][937]LogModuleManager: Shutting down and abandoning module ModuleUI (154)
[2016.11.30-11.17.17:057][937]LogModuleManager: Shutting down and abandoning module MovieSceneTools (153)
[2016.11.30-11.17.17:057][937]LogModuleManager: Shutting down and abandoning module OutputLog (152)
[2016.11.30-11.17.17:057][937]LogModuleManager: Shutting down and abandoning module GammaUI (151)
[2016.11.30-11.17.17:057][937]LogModuleManager: Shutting down and abandoning module Documentation (150)
[2016.11.30-11.17.17:057][937]LogModuleManager: Shutting down and abandoning module Niagara (149)
[2016.11.30-11.17.17:057][937]LogModuleManager: Shutting down and abandoning module StreamingPauseRendering (148)
[2016.11.30-11.17.17:057][937]LogModuleManager: Shutting down and abandoning module AnalyticsET (147)
[2016.11.30-11.17.17:057][937]LogModuleManager: Shutting down and abandoning module PortalServices (146)
[2016.11.30-11.17.17:057][937]LogModuleManager: Shutting down and abandoning module PortalRpc (145)
[2016.11.30-11.17.17:057][937]LogModuleManager: Shutting down and abandoning module MessagingRpc (144)
[2016.11.30-11.17.17:057][937]LogModuleManager: Shutting down and abandoning module GameplayDebugger (143)
[2016.11.30-11.17.17:057][937]LogModuleManager: Shutting down and abandoning module AITestSuite (142)
[2016.11.30-11.17.17:057][937]LogModuleManager: Shutting down and abandoning module AIModule (141)
[2016.11.30-11.17.17:057][937]LogModuleManager: Shutting down and abandoning module ProfilerService (140)
[2016.11.30-11.17.17:101][937]LogModuleManager: Shutting down and abandoning module TaskGraph (139)
[2016.11.30-11.17.17:102][937]LogModuleManager: Shutting down and abandoning module SlateRemote (138)
[2016.11.30-11.17.17:102][937]LogModuleManager: Shutting down and abandoning module SteamVRController (137)
[2016.11.30-11.17.17:102][937]LogModuleManager: Shutting down and abandoning module SteamVR (136)
[2016.11.30-11.17.17:102][937]LogModuleManager: Shutting down and abandoning module ProceduralMeshComponentEditor (135)
[2016.11.30-11.17.17:102][937]LogModuleManager: Shutting down and abandoning module ProceduralMeshComponent (134)
[2016.11.30-11.17.17:102][937]LogModuleManager: Shutting down and abandoning module OculusLibrary (133)
[2016.11.30-11.17.17:102][937]LogModuleManager: Shutting down and abandoning module OculusInput (132)
[2016.11.30-11.17.17:102][937]LogModuleManager: Shutting down and abandoning module CustomMeshComponent (131)
[2016.11.30-11.17.17:102][937]LogModuleManager: Shutting down and abandoning module CableComponent (130)
[2016.11.30-11.17.17:102][937]LogModuleManager: Shutting down and abandoning module ArchVisCharacter (129)
[2016.11.30-11.17.17:102][937]LogModuleManager: Shutting down and abandoning module MediaPlayerEditor (127)
[2016.11.30-11.17.17:102][937]LogModuleManager: Shutting down and abandoning module HTML5Networking (126)
[2016.11.30-11.17.17:102][937]LogModuleManager: Shutting down and abandoning module GeometryCacheEd (125)
[2016.11.30-11.17.17:102][937]LogModuleManager: Shutting down and abandoning module GeometryCache (124)
[2016.11.30-11.17.17:102][937]LogModuleManager: Shutting down and abandoning module AlembicLibrary (123)
[2016.11.30-11.17.17:102][937]LogModuleManager: Shutting down and abandoning module AlembicImporter (122)
[2016.11.30-11.17.17:102][937]LogModuleManager: Shutting down and abandoning module SuperSearch (121)
[2016.11.30-11.17.17:102][937]LogModuleManager: Shutting down and abandoning module SuperSearchEditor (120)
[2016.11.30-11.17.17:102][937]LogModuleManager: Shutting down and abandoning module SpeedTreeImporter (119)
[2016.11.30-11.17.17:102][937]LogModuleManager: Shutting down and abandoning module PluginBrowser (118)
[2016.11.30-11.17.17:102][937]LogModuleManager: Shutting down and abandoning module MobileLauncherProfileWizard (117)
[2016.11.30-11.17.17:102][937]LogModuleManager: Shutting down and abandoning module EpicSurvey (116)
[2016.11.30-11.17.17:102][937]LogModuleManager: Shutting down and abandoning module DesktopPlatform (115)
[2016.11.30-11.17.17:102][937]LogModuleManager: Shutting down and abandoning module VisualStudioSourceCodeAccess (114)
[2016.11.30-11.17.17:103][937]LogModuleManager: Shutting down and abandoning module UObjectPlugin (113)
[2016.11.30-11.17.17:103][937]LogModuleManager: Shutting down and abandoning module SubversionSourceControl (112)
[2016.11.30-11.17.17:103][937]LogModuleManager: Shutting down and abandoning module PerforceSourceControl (111)
[2016.11.30-11.17.17:103][937]LogModuleManager: Shutting down and abandoning module SourceControl (110)
[2016.11.30-11.17.17:103][937]LogModuleManager: Shutting down and abandoning module GitSourceControl (109)
[2016.11.30-11.17.17:103][937]LogModuleManager: Shutting down and abandoning module LightPropagationVolumeEditor (108)
[2016.11.30-11.17.17:103][937]LogModuleManager: Shutting down and abandoning module PaperTiledImporter (107)
[2016.11.30-11.17.17:103][937]LogModuleManager: Shutting down and abandoning module PaperSpriteSheetImporter (106)
[2016.11.30-11.17.17:103][937]LogModuleManager: Shutting down and abandoning module MeshPaint (105)
[2016.11.30-11.17.17:103][937]LogModuleManager: Shutting down and abandoning module FbxAutomationBuilderModule (104)
[2016.11.30-11.17.17:103][937]LogModuleManager: Shutting down and abandoning module PixelInspectorModule (103)
[2016.11.30-11.17.17:103][937]LogModuleManager: Shutting down and abandoning module HotReload (102)
[2016.11.30-11.17.17:104][937]LogModuleManager: Shutting down and abandoning module MainFrame (101)
[2016.11.30-11.17.17:104][937]LogModuleManager: Shutting down and abandoning module LevelEditor (100)
[2016.11.30-11.17.17:106][937]LogModuleManager: Shutting down and abandoning module ContentBrowser (99)
[2016.11.30-11.17.17:107][937]LogModuleManager: Shutting down and abandoning module Paper2DEditor (98)
[2016.11.30-11.17.17:107][937]LogModuleManager: Shutting down and abandoning module UdpMessaging (97)
[2016.11.30-11.17.17:207][937]LogModuleManager: Shutting down and abandoning module TcpMessaging (96)
[2016.11.30-11.17.17:307][937]LogModuleManager: Shutting down and abandoning module LightPropagationVolumeRuntime (95)
[2016.11.30-11.17.17:307][937]LogModuleManager: Shutting down and abandoning module Paper2D (94)
[2016.11.30-11.17.17:307][937]LogModuleManager: Shutting down and abandoning module WindowsMoviePlayer (93)
[2016.11.30-11.17.17:307][937]LogModuleManager: Shutting down and abandoning module WmfMedia (92)
[2016.11.30-11.17.17:308][937]LogModuleManager: Shutting down and abandoning module MediaAssets (91)
[2016.11.30-11.17.17:308][937]LogModuleManager: Shutting down and abandoning module GameLiveStreaming (90)
[2016.11.30-11.17.17:308][937]LogModuleManager: Shutting down and abandoning module GameplayTagsEditor (89)
[2016.11.30-11.17.17:308][937]LogModuleManager: Shutting down and abandoning module EnvironmentQueryEditor (88)
[2016.11.30-11.17.17:308][937]LogModuleManager: Shutting down and abandoning module VREditor (87)
[2016.11.30-11.17.17:308][937]LogModuleManager: Shutting down and abandoning module GameplayTasksEditor (86)
[2016.11.30-11.17.17:308][937]LogModuleManager: Shutting down and abandoning module PropertyEditor (85)
[2016.11.30-11.17.17:308][937]LogModuleManager: Shutting down and abandoning module BehaviorTreeEditor (84)
[2016.11.30-11.17.17:308][937]LogModuleManager: Shutting down and abandoning module FunctionalTesting (83)
[2016.11.30-11.17.17:308][937]LogModuleManager: Shutting down and abandoning module CollisionAnalyzer (82)
[2016.11.30-11.17.17:308][937]LogModuleManager: Shutting down and abandoning module Sequencer (81)
[2016.11.30-11.17.17:308][937]LogModuleManager: Shutting down and abandoning module WorkspaceMenuStructure (80)
[2016.11.30-11.17.17:308][937]LogModuleManager: Shutting down and abandoning module MessageLog (79)
[2016.11.30-11.17.17:308][937]LogModuleManager: Shutting down and abandoning module AssetTools (78)
[2016.11.30-11.17.17:308][937]LogModuleManager: Shutting down and abandoning module UMGEditor (77)
[2016.11.30-11.17.17:308][937]LogModuleManager: Shutting down and abandoning module UMG (76)
[2016.11.30-11.17.17:308][937]LogModuleManager: Shutting down and abandoning module SlateReflector (75)
[2016.11.30-11.17.17:308][937]LogModuleManager: Shutting down and abandoning module Slate (74)
[2016.11.30-11.17.17:308][937]LogModuleManager: Shutting down and abandoning module EditorStyle (73)
[2016.11.30-11.17.17:313][937]LogModuleManager: Shutting down and abandoning module SourceCodeAccess (72)
[2016.11.30-11.17.17:313][937]LogModuleManager: Shutting down and abandoning module HeadMountedDisplay (71)
[2016.11.30-11.17.17:313][937]LogModuleManager: Shutting down and abandoning module XAudio2 (70)
[2016.11.30-11.17.17:313][937]LogModuleManager: Shutting down and abandoning module Networking (68)
[2016.11.30-11.17.17:313][937]LogModuleManager: Shutting down and abandoning module Core (67)
[2016.11.30-11.17.17:313][937]LogModuleManager: Shutting down and abandoning module DirectoryWatcher (66)
[2016.11.30-11.17.17:313][937]LogDirectoryWatcher: A directory notification for '../../../Engine/Content/' was aborted.
[2016.11.30-11.17.17:313][937]LogDirectoryWatcher: A directory notification for '../../../../../../Users/egimenez/Desktop/VAN/VANsGame/Mechanics/BasicMechanics/Content/' was aborted.
[2016.11.30-11.17.17:313][937]LogDirectoryWatcher: A directory notification for '../../../Engine/Plugins/2D/Paper2D/Content/' was aborted.
[2016.11.30-11.17.17:314][937]LogModuleManager: Shutting down and abandoning module AssetRegistry (65)
[2016.11.30-11.17.17:431][937]LogModuleManager: Shutting down and abandoning module KismetCompiler (64)
[2016.11.30-11.17.17:431][937]LogModuleManager: Shutting down and abandoning module PhysXFormats (63)
[2016.11.30-11.17.17:431][937]LogModuleManager: Shutting down and abandoning module MeshUtilities (62)
[2016.11.30-11.17.17:431][937]LogModuleManager: Shutting down and abandoning module DerivedDataCache (61)
[2016.11.30-11.17.17:456][937]LogDerivedDataCache: Shutdown
[2016.11.30-11.17.17:456][937]LogModuleManager: Shutting down and abandoning module VulkanShaderFormat (60)
[2016.11.30-11.17.17:456][937]LogModuleManager: Shutting down and abandoning module ShaderFormatOpenGL (59)
[2016.11.30-11.17.17:456][937]LogModuleManager: Shutting down and abandoning module ShaderFormatD3D (58)
[2016.11.30-11.17.17:456][937]LogModuleManager: Shutting down and abandoning module MetalShaderFormat (57)
[2016.11.30-11.17.17:456][937]LogModuleManager: Shutting down and abandoning module TextureFormatUncompressed (56)
[2016.11.30-11.17.17:456][937]LogModuleManager: Shutting down and abandoning module TextureFormatPVR (55)
[2016.11.30-11.17.17:456][937]LogModuleManager: Shutting down and abandoning module TextureFormatDXT (54)
[2016.11.30-11.17.17:456][937]LogModuleManager: Shutting down and abandoning module TextureFormatIntelISPCTexComp (53)
[2016.11.30-11.17.17:456][937]LogModuleManager: Shutting down and abandoning module ImageWrapper (52)
[2016.11.30-11.17.17:456][937]LogModuleManager: Shutting down and abandoning module TextureFormatASTC (51)
[2016.11.30-11.17.17:456][937]LogModuleManager: Shutting down and abandoning module TextureFormatAndroid (50)
[2016.11.30-11.17.17:457][937]LogModuleManager: Shutting down and abandoning module AudioFormatOpus (49)
[2016.11.30-11.17.17:457][937]LogModuleManager: Shutting down and abandoning module AudioFormatOgg (48)
[2016.11.30-11.17.17:457][937]LogModuleManager: Shutting down and abandoning module AudioFormatADPCM (47)
[2016.11.30-11.17.17:457][937]LogModuleManager: Shutting down and abandoning module LinuxTargetPlatform (46)
[2016.11.30-11.17.17:457][937]LogModuleManager: Shutting down and abandoning module LinuxServerTargetPlatform (45)
[2016.11.30-11.17.17:457][937]LogModuleManager: Shutting down and abandoning module LinuxNoEditorTargetPlatform (44)
[2016.11.30-11.17.17:457][937]LogModuleManager: Shutting down and abandoning module LinuxClientTargetPlatform (43)
[2016.11.30-11.17.17:457][937]LogModuleManager: Shutting down and abandoning module TVOSTargetPlatform (42)
[2016.11.30-11.17.17:457][937]LogModuleManager: Shutting down and abandoning module Messaging (41)
[2016.11.30-11.17.17:457][937]LogModuleManager: Shutting down and abandoning module IOSTargetPlatform (40)
[2016.11.30-11.17.17:457][937]LogModuleManager: Shutting down and abandoning module HTML5TargetPlatform (39)
[2016.11.30-11.17.17:457][937]LogModuleManager: Shutting down and abandoning module Android_PVRTCTargetPlatform (38)
[2016.11.30-11.17.17:457][937]LogModuleManager: Shutting down and abandoning module Android_MultiTargetPlatform (37)
[2016.11.30-11.17.17:457][937]LogModuleManager: Shutting down and abandoning module Android_ETC2TargetPlatform (36)
[2016.11.30-11.17.17:457][937]LogModuleManager: Shutting down and abandoning module Android_ETC1TargetPlatform (35)
[2016.11.30-11.17.17:457][937]LogModuleManager: Shutting down and abandoning module Android_DXTTargetPlatform (34)
[2016.11.30-11.17.17:457][937]LogModuleManager: Shutting down and abandoning module Android_ATCTargetPlatform (33)
[2016.11.30-11.17.17:457][937]LogModuleManager: Shutting down and abandoning module Android_ASTCTargetPlatform (32)
[2016.11.30-11.17.17:457][937]LogModuleManager: Shutting down and abandoning module AndroidTargetPlatform (31)
[2016.11.30-11.17.17:457][937]LogModuleManager: Shutting down and abandoning module WindowsTargetPlatform (30)
[2016.11.30-11.17.17:457][937]LogModuleManager: Shutting down and abandoning module WindowsServerTargetPlatform (29)
[2016.11.30-11.17.17:457][937]LogModuleManager: Shutting down and abandoning module WindowsNoEditorTargetPlatform (28)
[2016.11.30-11.17.17:457][937]LogModuleManager: Shutting down and abandoning module WindowsClientTargetPlatform (27)
[2016.11.30-11.17.17:457][937]LogModuleManager: Shutting down and abandoning module AllDesktopTargetPlatform (26)
[2016.11.30-11.17.17:457][937]LogModuleManager: Shutting down and abandoning module TargetPlatform (25)
[2016.11.30-11.17.17:457][937]LogModuleManager: Shutting down and abandoning module InputCore (24)
[2016.11.30-11.17.17:457][937]LogModuleManager: Shutting down and abandoning module Settings (23)
[2016.11.30-11.17.17:457][937]LogModuleManager: Shutting down and abandoning module OculusRift (22)
[2016.11.30-11.17.17:457][937]LogModuleManager: Shutting down and abandoning module GearVR (21)
[2016.11.30-11.17.17:457][937]LogModuleManager: Shutting down and abandoning module ExampleDeviceProfileSelector (20)
[2016.11.30-11.17.17:457][937]LogModuleManager: Shutting down and abandoning module OnlineBlueprintSupport (19)
[2016.11.30-11.17.17:457][937]LogModuleManager: Shutting down and abandoning module OnlineSubsystem (17)
[2016.11.30-11.17.17:457][937]LogOnline:Display: Unloading online subsystem: NULL
[2016.11.30-11.17.17:457][937]LogModuleManager: Shutting down and abandoning module HTTP (16)
[2016.11.30-11.17.17:457][937]LogHttp:Display: Http module shutting down, but needs to wait on 1 outstanding Http requests:
[2016.11.30-11.17.17:457][937]LogHttp:Display: 	verb=[POST] url=[https://datarouter.ol.epicgames.com/datarouter/api/v1/public/data?SessionID=%7B79C920F6-4335-EBC4-6AE3-11A99521B38A%7D&AppID=UEEditor.Rocket.Release&AppVersion=4.13.1-3142249%2B%2B%2BUE4%2BRelease-4.13&UserID=2f021e9640f34e1b79125c885e74038b%7Ca87b32ece6994b04a16f0bd7f6ed0b63%7Ce7b4e52c-2add-4ef6-a14c-b99df0828af2&AppEnvironment=datacollector-binary&UploadType=eteventstream] status=Processing
[2016.11.30-11.17.17:481][937]LogModuleManager: Shutting down and abandoning module XMPP (15)
[2016.11.30-11.17.17:481][937]LogModuleManager: Shutting down and abandoning module TextureCompressor (14)
[2016.11.30-11.17.17:481][937]LogModuleManager: Shutting down and abandoning module ShaderCore (13)
[2016.11.30-11.17.17:481][937]LogModuleManager: Shutting down and abandoning module Landscape (12)
[2016.11.30-11.17.17:481][937]LogModuleManager: Shutting down and abandoning module SlateRHIRenderer (11)
[2016.11.30-11.17.17:483][937]LogModuleManager: Shutting down and abandoning module OpenGLDrv (10)
[2016.11.30-11.17.17:483][937]LogModuleManager: Shutting down and abandoning module D3D11RHI (9)
[2016.11.30-11.17.17:483][937]LogModuleManager: Shutting down and abandoning module AnimGraphRuntime (8)
[2016.11.30-11.17.17:483][937]LogModuleManager: Shutting down and abandoning module Renderer (7)
[2016.11.30-11.17.17:483][937]LogModuleManager: Shutting down and abandoning module Engine (6)
[2016.11.30-11.17.17:483][937]LogModuleManager: Shutting down and abandoning module CoreUObject (5)
[2016.11.30-11.17.17:483][937]LogModuleManager: Shutting down and abandoning module NetworkFile (4)
[2016.11.30-11.17.17:483][937]LogModuleManager: Shutting down and abandoning module StreamingFile (3)
[2016.11.30-11.17.17:483][937]LogModuleManager: Shutting down and abandoning module SandboxFile (2)
[2016.11.30-11.17.17:483][937]LogModuleManager: Shutting down and abandoning module PakFile (1)
[2016.11.30-11.17.17:487][937]LogExit: Exiting.
[2016.11.30-11.17.17:489][937]Log file closed, 11/30/16 12:17:17
