Log file open, 10/05/16 14:07:05
LogInit:Display: Running engine for game: BasicMechanics
LogPlatformFile: Not using cached read wrapper
LogInit:Display: RandInit(-408402555) SRandInit(-408402555).
LogTaskGraph: Started task graph with 5 named threads and 6 total threads with 1 sets of task threads.
LogStats: Stats thread started at 0.074318
LogPluginManager: Loaded Plugin Paper2D, From C:/Program Files (x86)/Epic Games/4.13/Engine/Plugins/2D/Paper2D/Paper2D.uplugin
LogPluginManager: Loaded Plugin LightPropagationVolume, From C:/Program Files (x86)/Epic Games/4.13/Engine/Plugins/Blendables/LightPropagationVolume/LightPropagationVolume.uplugin
LogPluginManager: Loaded Plugin BlankPlugin, From C:/Program Files (x86)/Epic Games/4.13/Engine/Plugins/Developer/BlankPlugin/BlankPlugin.uplugin
LogPluginManager: Loaded Plugin CodeLiteSourceCodeAccess, From C:/Program Files (x86)/Epic Games/4.13/Engine/Plugins/Developer/CodeLiteSourceCodeAccess/CodeLiteSourceCodeAccess.uplugin
LogPluginManager: Loaded Plugin GitSourceControl, From C:/Program Files (x86)/Epic Games/4.13/Engine/Plugins/Developer/GitSourceControl/GitSourceControl.uplugin
LogPluginManager: Loaded Plugin KDevelopSourceCodeAccess, From C:/Program Files (x86)/Epic Games/4.13/Engine/Plugins/Developer/KDevelopSourceCodeAccess/KDevelopSourceCodeAccess.uplugin
LogPluginManager: Loaded Plugin NullSourceCodeAccess, From C:/Program Files (x86)/Epic Games/4.13/Engine/Plugins/Developer/NullSourceCodeAccess/NullSourceCodeAccess.uplugin
LogPluginManager: Loaded Plugin OneSkyLocalizationService, From C:/Program Files (x86)/Epic Games/4.13/Engine/Plugins/Developer/OneSkyLocalizationService/OneSkyLocalizationService.uplugin
LogPluginManager: Loaded Plugin PerforceSourceControl, From C:/Program Files (x86)/Epic Games/4.13/Engine/Plugins/Developer/PerforceSourceControl/PerforceSourceControl.uplugin
LogPluginManager: Loaded Plugin SubversionSourceControl, From C:/Program Files (x86)/Epic Games/4.13/Engine/Plugins/Developer/SubversionSourceControl/SubversionSourceControl.uplugin
LogPluginManager: Loaded Plugin UObjectPlugin, From C:/Program Files (x86)/Epic Games/4.13/Engine/Plugins/Developer/UObjectPlugin/UObjectPlugin.uplugin
LogPluginManager: Loaded Plugin VisualStudioSourceCodeAccess, From C:/Program Files (x86)/Epic Games/4.13/Engine/Plugins/Developer/VisualStudioSourceCodeAccess/VisualStudioSourceCodeAccess.uplugin
LogPluginManager: Loaded Plugin XCodeSourceCodeAccess, From C:/Program Files (x86)/Epic Games/4.13/Engine/Plugins/Developer/XCodeSourceCodeAccess/XCodeSourceCodeAccess.uplugin
LogPluginManager: Loaded Plugin EpicSurvey, From C:/Program Files (x86)/Epic Games/4.13/Engine/Plugins/Editor/EpicSurvey/EpicSurvey.uplugin
LogPluginManager: Loaded Plugin MacGraphicsSwitching, From C:/Program Files (x86)/Epic Games/4.13/Engine/Plugins/Editor/MacGraphicsSwitching/MacGraphicsSwitching.uplugin
LogPluginManager: Loaded Plugin MobileLauncherProfileWizard, From C:/Program Files (x86)/Epic Games/4.13/Engine/Plugins/Editor/MobileLauncherProfileWizard/MobileLauncherProfileWizard.uplugin
LogPluginManager: Loaded Plugin PluginBrowser, From C:/Program Files (x86)/Epic Games/4.13/Engine/Plugins/Editor/PluginBrowser/PluginBrowser.uplugin
LogPluginManager: Loaded Plugin SpeedTreeImporter, From C:/Program Files (x86)/Epic Games/4.13/Engine/Plugins/Editor/SpeedTreeImporter/SpeedTreeImporter.uplugin
LogPluginManager: Loaded Plugin SuperSearchEditor, From C:/Program Files (x86)/Epic Games/4.13/Engine/Plugins/Editor/SuperSearchEditor/SuperSearchEditor.uplugin
LogPluginManager: Loaded Plugin AlembicImporter, From C:/Program Files (x86)/Epic Games/4.13/Engine/Plugins/Experimental/AlembicImporter/AlembicImporter.uplugin
LogPluginManager: Loaded Plugin BlueprintStats, From C:/Program Files (x86)/Epic Games/4.13/Engine/Plugins/Experimental/BlueprintStats/BlueprintStats.uplugin
LogPluginManager: Loaded Plugin CharacterAI, From C:/Program Files (x86)/Epic Games/4.13/Engine/Plugins/Experimental/CharacterAI/CharacterAI.uplugin
LogPluginManager: Loaded Plugin CodeEditor, From C:/Program Files (x86)/Epic Games/4.13/Engine/Plugins/Experimental/CodeEditor/CodeEditor.uplugin
LogPluginManager: Loaded Plugin CodeView, From C:/Program Files (x86)/Epic Games/4.13/Engine/Plugins/Experimental/CodeView/CodeView.uplugin
LogPluginManager: Loaded Plugin HTML5Networking, From C:/Program Files (x86)/Epic Games/4.13/Engine/Plugins/Experimental/HTML5Networking/HTML5Networking.uplugin
LogPluginManager: Loaded Plugin LiveEditor, From C:/Program Files (x86)/Epic Games/4.13/Engine/Plugins/Experimental/LiveEditor/LiveEditor.uplugin
LogPluginManager: Loaded Plugin OSVR, From C:/Program Files (x86)/Epic Games/4.13/Engine/Plugins/Experimental/OSVR/OSVR.uplugin
LogPluginManager: Loaded Plugin Phya, From C:/Program Files (x86)/Epic Games/4.13/Engine/Plugins/Experimental/Phya/Phya.uplugin
LogPluginManager: Loaded Plugin SignificanceManager, From C:/Program Files (x86)/Epic Games/4.13/Engine/Plugins/Experimental/SignificanceManager/SignificanceManager.uplugin
LogPluginManager: Loaded Plugin SimpleHMD, From C:/Program Files (x86)/Epic Games/4.13/Engine/Plugins/Experimental/SimpleHMD/SimpleHMD.uplugin
LogPluginManager: Loaded Plugin StereoPanorama, From C:/Program Files (x86)/Epic Games/4.13/Engine/Plugins/Experimental/StereoPanorama/StereoPanorama.uplugin
LogPluginManager: Loaded Plugin StructBox, From C:/Program Files (x86)/Epic Games/4.13/Engine/Plugins/Experimental/StructBox/StructBox.uplugin
LogPluginManager: Loaded Plugin AndroidMedia, From C:/Program Files (x86)/Epic Games/4.13/Engine/Plugins/Media/AndroidMedia/AndroidMedia.uplugin
LogPluginManager: Loaded Plugin AvfMedia, From C:/Program Files (x86)/Epic Games/4.13/Engine/Plugins/Media/AvfMedia/AvfMedia.uplugin
LogPluginManager: Loaded Plugin MediaPlayerEditor, From C:/Program Files (x86)/Epic Games/4.13/Engine/Plugins/Media/MediaPlayerEditor/MediaPlayerEditor.uplugin
LogPluginManager: Loaded Plugin WmfMedia, From C:/Program Files (x86)/Epic Games/4.13/Engine/Plugins/Media/WmfMedia/WmfMedia.uplugin
LogPluginManager: Loaded Plugin MessagingDebugger, From C:/Program Files (x86)/Epic Games/4.13/Engine/Plugins/Messaging/MessagingDebugger/MessagingDebugger.uplugin
LogPluginManager: Loaded Plugin TcpMessaging, From C:/Program Files (x86)/Epic Games/4.13/Engine/Plugins/Messaging/TcpMessaging/TcpMessaging.uplugin
LogPluginManager: Loaded Plugin UdpMessaging, From C:/Program Files (x86)/Epic Games/4.13/Engine/Plugins/Messaging/UdpMessaging/UdpMessaging.uplugin
LogPluginManager: Loaded Plugin LevelSequenceEditor, From C:/Program Files (x86)/Epic Games/4.13/Engine/Plugins/MovieScene/LevelSequenceEditor/LevelSequenceEditor.uplugin
LogPluginManager: Loaded Plugin MatineeToLevelSequence, From C:/Program Files (x86)/Epic Games/4.13/Engine/Plugins/MovieScene/MatineeToLevelSequence/MatineeToLevelSequence.uplugin
LogPluginManager: Loaded Plugin NetcodeUnitTest, From C:/Program Files (x86)/Epic Games/4.13/Engine/Plugins/NetcodeUnitTest/NetcodeUnitTest/NetcodeUnitTest.uplugin
LogPluginManager: Loaded Plugin NUTUnrealEngine4, From C:/Program Files (x86)/Epic Games/4.13/Engine/Plugins/NetcodeUnitTest/NUTUnrealEngine4/NUTUnrealEngine4.uplugin
LogPluginManager: Loaded Plugin OnlineSubsystemGooglePlay, From C:/Program Files (x86)/Epic Games/4.13/Engine/Plugins/Online/Android/OnlineSubsystemGooglePlay/OnlineSubsystemGooglePlay.uplugin
LogPluginManager: Loaded Plugin OnlineSubsystemIOS, From C:/Program Files (x86)/Epic Games/4.13/Engine/Plugins/Online/IOS/OnlineSubsystemIOS/OnlineSubsystemIOS.uplugin
LogPluginManager: Loaded Plugin OnlineFramework, From C:/Program Files (x86)/Epic Games/4.13/Engine/Plugins/Online/OnlineFramework/OnlineFramework.uplugin
LogPluginManager: Loaded Plugin OnlineSubsystem, From C:/Program Files (x86)/Epic Games/4.13/Engine/Plugins/Online/OnlineSubsystem/OnlineSubsystem.uplugin
LogPluginManager: Loaded Plugin OnlineSubsystemAmazon, From C:/Program Files (x86)/Epic Games/4.13/Engine/Plugins/Online/OnlineSubsystemAmazon/OnlineSubsystemAmazon.uplugin
LogPluginManager: Loaded Plugin OnlineSubsystemFacebook, From C:/Program Files (x86)/Epic Games/4.13/Engine/Plugins/Online/OnlineSubsystemFacebook/OnlineSubsystemFacebook.uplugin
LogPluginManager: Loaded Plugin OnlineSubsystemNull, From C:/Program Files (x86)/Epic Games/4.13/Engine/Plugins/Online/OnlineSubsystemNull/OnlineSubsystemNull.uplugin
LogPluginManager: Loaded Plugin OnlineSubsystemOculus, From C:/Program Files (x86)/Epic Games/4.13/Engine/Plugins/Online/OnlineSubsystemOculus/OnlineSubsystemOculus.uplugin
LogPluginManager: Loaded Plugin OnlineSubsystemSteam, From C:/Program Files (x86)/Epic Games/4.13/Engine/Plugins/Online/OnlineSubsystemSteam/OnlineSubsystemSteam.uplugin
LogPluginManager: Loaded Plugin OnlineSubsystemUtils, From C:/Program Files (x86)/Epic Games/4.13/Engine/Plugins/Online/OnlineSubsystemUtils/OnlineSubsystemUtils.uplugin
LogPluginManager: Loaded Plugin IOSTapJoy, From C:/Program Files (x86)/Epic Games/4.13/Engine/Plugins/Runtime/Advertising/IOSTapJoy/IOSTapJoy.uplugin
LogPluginManager: Loaded Plugin AnalyticsBlueprintLibrary, From C:/Program Files (x86)/Epic Games/4.13/Engine/Plugins/Runtime/Analytics/AnalyticsBlueprintLibrary/AnalyticsBlueprintLibrary.uplugin
LogPluginManager: Loaded Plugin AnalyticsMulticast, From C:/Program Files (x86)/Epic Games/4.13/Engine/Plugins/Runtime/Analytics/AnalyticsMulticast/AnalyticsMulticast.uplugin
LogPluginManager: Loaded Plugin Apsalar, From C:/Program Files (x86)/Epic Games/4.13/Engine/Plugins/Runtime/Analytics/Apsalar/Apsalar.uplugin
LogPluginManager: Loaded Plugin FileLogging, From C:/Program Files (x86)/Epic Games/4.13/Engine/Plugins/Runtime/Analytics/FileLogging/FileLogging.uplugin
LogPluginManager: Loaded Plugin Flurry, From C:/Program Files (x86)/Epic Games/4.13/Engine/Plugins/Runtime/Analytics/Flurry/Flurry.uplugin
LogPluginManager: Loaded Plugin AndroidDeviceProfileSelector, From C:/Program Files (x86)/Epic Games/4.13/Engine/Plugins/Runtime/AndroidDeviceProfileSelector/AndroidDeviceProfileSelector.uplugin
LogPluginManager: Loaded Plugin AndroidMoviePlayer, From C:/Program Files (x86)/Epic Games/4.13/Engine/Plugins/Runtime/AndroidMoviePlayer/AndroidMoviePlayer.uplugin
LogPluginManager: Loaded Plugin AppleMoviePlayer, From C:/Program Files (x86)/Epic Games/4.13/Engine/Plugins/Runtime/AppleMoviePlayer/AppleMoviePlayer.uplugin
LogPluginManager: Loaded Plugin ArchVisCharacter, From C:/Program Files (x86)/Epic Games/4.13/Engine/Plugins/Runtime/ArchVisCharacter/ArchVisCharacter.uplugin
LogPluginManager: Loaded Plugin CableComponent, From C:/Program Files (x86)/Epic Games/4.13/Engine/Plugins/Runtime/CableComponent/CableComponent.uplugin
LogPluginManager: Loaded Plugin CustomMeshComponent, From C:/Program Files (x86)/Epic Games/4.13/Engine/Plugins/Runtime/CustomMeshComponent/CustomMeshComponent.uplugin
LogPluginManager: Loaded Plugin ExampleDeviceProfileSelector, From C:/Program Files (x86)/Epic Games/4.13/Engine/Plugins/Runtime/ExampleDeviceProfileSelector/ExampleDeviceProfileSelector.uplugin
LogPluginManager: Loaded Plugin GearVR, From C:/Program Files (x86)/Epic Games/4.13/Engine/Plugins/Runtime/GearVR/GearVR.uplugin
LogPluginManager: Loaded Plugin GoogleVRController, From C:/Program Files (x86)/Epic Games/4.13/Engine/Plugins/Runtime/GoogleVR/GoogleVRController/GoogleVRController.uplugin
LogPluginManager: Loaded Plugin GoogleVRHMD, From C:/Program Files (x86)/Epic Games/4.13/Engine/Plugins/Runtime/GoogleVR/GoogleVRHMD/GoogleVRHMD.uplugin
LogPluginManager: Loaded Plugin IOSDeviceProfileSelector, From C:/Program Files (x86)/Epic Games/4.13/Engine/Plugins/Runtime/IOSDeviceProfileSelector/IOSDeviceProfileSelector.uplugin
LogPluginManager: Loaded Plugin LeapMotion, From C:/Program Files (x86)/Epic Games/4.13/Engine/Plugins/Runtime/LeapMotion/LeapMotion.uplugin
LogPluginManager: Loaded Plugin LinuxDeviceProfileSelector, From C:/Program Files (x86)/Epic Games/4.13/Engine/Plugins/Runtime/LinuxDeviceProfileSelector/LinuxDeviceProfileSelector.uplugin
LogPluginManager: Loaded Plugin LiveEditorListenServer, From C:/Program Files (x86)/Epic Games/4.13/Engine/Plugins/Runtime/LiveEditorListenServer/LiveEditorListenServer.uplugin
LogPluginManager: Loaded Plugin OculusAudio, From C:/Program Files (x86)/Epic Games/4.13/Engine/Plugins/Runtime/OculusAudio/OculusAudio.uplugin
LogPluginManager: Loaded Plugin OculusInput, From C:/Program Files (x86)/Epic Games/4.13/Engine/Plugins/Runtime/OculusInput/OculusInput.uplugin
LogPluginManager: Loaded Plugin OculusLibrary, From C:/Program Files (x86)/Epic Games/4.13/Engine/Plugins/Runtime/OculusLibrary/OculusLibrary.uplugin
LogPluginManager: Loaded Plugin OculusRift, From C:/Program Files (x86)/Epic Games/4.13/Engine/Plugins/Runtime/OculusRift/OculusRift.uplugin
LogPluginManager: Loaded Plugin Oodle, From C:/Program Files (x86)/Epic Games/4.13/Engine/Plugins/Runtime/PacketHandlers/CompressionComponents/Oodle/Oodle.uplugin
LogPluginManager: Loaded Plugin ProceduralMeshComponent, From C:/Program Files (x86)/Epic Games/4.13/Engine/Plugins/Runtime/ProceduralMeshComponent/ProceduralMeshComponent.uplugin
LogPluginManager: Loaded Plugin SoundMod, From C:/Program Files (x86)/Epic Games/4.13/Engine/Plugins/Runtime/SoundMod/SoundMod.uplugin
LogPluginManager: Loaded Plugin SoundVisualizations, From C:/Program Files (x86)/Epic Games/4.13/Engine/Plugins/Runtime/SoundVisualizations/SoundVisualizations.uplugin
LogPluginManager: Loaded Plugin SteamController, From C:/Program Files (x86)/Epic Games/4.13/Engine/Plugins/Runtime/Steam/SteamController/SteamController.uplugin
LogPluginManager: Loaded Plugin SteamVR, From C:/Program Files (x86)/Epic Games/4.13/Engine/Plugins/Runtime/Steam/SteamVR/SteamVR.uplugin
LogPluginManager: Loaded Plugin WebBrowserWidget, From C:/Program Files (x86)/Epic Games/4.13/Engine/Plugins/Runtime/WebBrowserWidget/WebBrowserWidget.uplugin
LogPluginManager: Loaded Plugin WindowsDeviceProfileSelector, From C:/Program Files (x86)/Epic Games/4.13/Engine/Plugins/Runtime/WindowsDeviceProfileSelector/WindowsDeviceProfileSelector.uplugin
LogPluginManager: Loaded Plugin WindowsMoviePlayer, From C:/Program Files (x86)/Epic Games/4.13/Engine/Plugins/Runtime/WindowsMoviePlayer/WindowsMoviePlayer.uplugin
LogPluginManager: Loaded Plugin ScriptPlugin, From C:/Program Files (x86)/Epic Games/4.13/Engine/Plugins/ScriptPlugin/ScriptPlugin.uplugin
LogPluginManager: Loaded Plugin SlateRemote, From C:/Program Files (x86)/Epic Games/4.13/Engine/Plugins/Slate/SlateRemote/SlateRemote.uplugin
LogInit: Using libcurl 7.47.1
LogInit:  - built for x86_64-pc-win32
LogInit:  - supports SSL with WinSSL
LogInit:  - other features:
LogInit:      CURL_VERSION_SSL
LogInit:      CURL_VERSION_IPV6
LogInit:      CURL_VERSION_ASYNCHDNS
LogInit:      CURL_VERSION_LARGEFILE
LogInit:      CURL_VERSION_IDN
LogInit:  CurlRequestOptions (configurable via config and command line):
LogInit:  - bVerifyPeer = false  - Libcurl will NOT verify peer certificate
LogInit:  - bUseHttpProxy = false  - Libcurl will NOT use HTTP proxy
LogInit:  - bDontReuseConnections = false  - Libcurl will reuse connections
LogInit:  - CertBundlePath = nullptr  - Libcurl will use whatever was configured at build time.
LogInit: Build: ++UE4+Release-4.13-CL-3106830
LogInit: Engine Version: 4.13.0-3106830+++UE4+Release-4.13
LogInit: Compatible Engine Version: 4.13.0-3106830+++UE4+Release-4.13
LogInit: Net CL: 3106830
LogDevObjectVersion: Number of dev versions registered: 13
LogDevObjectVersion:   Dev-Blueprints (B0D832E4-1F89-4F0D-ACCF-7EB736FD4AA2): 5
LogDevObjectVersion:   Dev-Build (E1C64328-A22C-4D53-A36C-8E866417BD8C): 0
LogDevObjectVersion:   Dev-Core (375EC13C-06E4-48FB-B500-84F0262A717E): 1
LogDevObjectVersion:   Dev-Editor (E4B068ED-F494-42E9-A231-DA0B2E46BB41): 6
LogDevObjectVersion:   Dev-Framework (CFFC743F-43B0-4480-9391-14DF171D2073): 12
LogDevObjectVersion:   Dev-Mobile (B02B49B5-BB20-44E9-A304-32B752E40360): 0
LogDevObjectVersion:   Dev-Networking (A4E4105C-59A1-49B5-A7C5-40C4547EDFEE): 0
LogDevObjectVersion:   Dev-Online (39C831C9-5AE6-47DC-9A44-9C173E1C8E7C): 0
LogDevObjectVersion:   Dev-Physics (78F01B33-EBEA-4F98-B9B4-84EACCB95AA2): 0
LogDevObjectVersion:   Dev-Platform (6631380F-2D4D-43E0-8009-CF276956A95A): 0
LogDevObjectVersion:   Dev-Rendering (12F88B9F-8875-4AFC-A67C-D90C383ABD29): 4
LogDevObjectVersion:   Dev-Sequencer (7B5AE74C-D270-4C10-A958-57980B212A5A): 0
LogDevObjectVersion:   Dev-VR (D7296918-1DD6-4BDD-9DE2-64A83CC13884): 0
LogInit: Compiled (64-bit): Aug 30 2016 18:11:39
LogInit: Compiled with Visual C++: 19.00.23026.00
LogInit: Build Configuration: Development
LogInit: Branch Name: ++UE4+Release-4.13
LogInit: Command line: 
LogInit: Base directory: C:/Program Files (x86)/Epic Games/4.13/Engine/Binaries/Win64/
LogInit: Installed Engine Build: 1
LogInit: Presizing for max 8388607 objects, including 0 objects not considered by GC, pre-allocating 0 bytes for permanent pool.
LogInit: Object subsystem initialized
[2016.10.05-12.07.05:448][  0]LogInit: Selected Device Profile: [Windows]
[2016.10.05-12.07.05:448][  0]LogInit: Applying CVar settings loaded from the selected device profile: [Windows]
[2016.10.05-12.07.05:461][  0]LogInit: Computer: MEDION-PC
[2016.10.05-12.07.05:461][  0]LogInit: User: usuario
[2016.10.05-12.07.05:461][  0]LogInit: CPU Page size=65536, Cores=2
[2016.10.05-12.07.05:461][  0]LogInit: High frequency timer resolution =3.411598 MHz
[2016.10.05-12.07.05:461][  0]LogMemory: Memory total: Physical=15.9GB (16GB approx)
[2016.10.05-12.07.05:461][  0]LogMemory: Platform Memory Stats for Windows
[2016.10.05-12.07.05:461][  0]LogMemory: Process Physical Memory: 256.17 MB used, 256.17 MB peak
[2016.10.05-12.07.05:461][  0]LogMemory: Process Virtual Memory: 259.80 MB used, 259.80 MB peak
[2016.10.05-12.07.05:461][  0]LogMemory: Physical Memory: 5329.20 MB used, 16301.30 MB total
[2016.10.05-12.07.05:461][  0]LogMemory: Virtual Memory: 607.29 MB used, 134217728.00 MB total
[2016.10.05-12.07.05:493][  0]LogInit: Overriding culture en w/ editor configuration.
[2016.10.05-12.07.06:383][  0]LogD3D11RHI: D3D11 adapters:
[2016.10.05-12.07.06:426][  0]LogD3D11RHI:    0. 'NVIDIA GeForce GTX 745' (Feature Level 11_0)
[2016.10.05-12.07.06:426][  0]LogD3D11RHI:       4034/0/8150 MB DedicatedVideo/DedicatedSystem/SharedSystem, Outputs:2, VendorId:0x10de
[2016.10.05-12.07.06:429][  0]LogD3D11RHI:    1. 'Microsoft Basic Render Driver' (Feature Level 11_0)
[2016.10.05-12.07.06:429][  0]LogD3D11RHI:       0/0/8150 MB DedicatedVideo/DedicatedSystem/SharedSystem, Outputs:0, VendorId:0x1414
[2016.10.05-12.07.06:429][  0]LogD3D11RHI: Chosen D3D11 Adapter: 0
[2016.10.05-12.07.06:440][  0]LogD3D11RHI: Creating new Direct3DDevice
[2016.10.05-12.07.06:440][  0]LogD3D11RHI:     GPU DeviceId: 0x1382 (for the marketing name, search the web for "GPU Device Id")
[2016.10.05-12.07.06:440][  0]LogWindows: EnumDisplayDevices:
[2016.10.05-12.07.06:440][  0]LogWindows:    0. 'NVIDIA GeForce GTX 745' (P:1 D:1)
[2016.10.05-12.07.06:441][  0]LogWindows:    1. 'NVIDIA GeForce GTX 745' (P:0 D:1)
[2016.10.05-12.07.06:441][  0]LogWindows: DebugString: FoundDriverCount:2 
[2016.10.05-12.07.06:441][  0]LogD3D11RHI:     Adapter Name: NVIDIA GeForce GTX 745
[2016.10.05-12.07.06:441][  0]LogD3D11RHI:   Driver Version: 368.39 (internal:10.18.13.6839, unified:368.39)
[2016.10.05-12.07.06:441][  0]LogD3D11RHI:      Driver Date: 6-2-2016
[2016.10.05-12.07.06:441][  0]LogRHI: Texture pool is 1361 MB (70% of 1945 MB)
[2016.10.05-12.07.06:464][  0]LogD3D11RHI: Async texture creation enabled
[2016.10.05-12.07.06:478][  0]LogD3D11RHI: GPU Timing Frequency: 1000.000000 (Debug: 2 1)
[2016.10.05-12.07.06:478][  0]LogShaderCompilers: Guid format shader working directory is -26 characters bigger than the processId version (../../../../../../Users/usuario/Desktop/VANsGame/Mechanics/BasicMechanics/Intermediate/Shaders/WorkingDirectory/10340/).
[2016.10.05-12.07.06:479][  0]LogShaderCompilers: Cleaned the shader compiler working directory 'C:/Users/usuario/AppData/Local/Temp/UnrealShaderWorkingDir/8EEBB1CF44BC1BF8CDAE3194E0D26CE8/'.
[2016.10.05-12.07.06:479][  0]LogShaderCompilers:Display: Using Local Shader Compiler.
[2016.10.05-12.07.07:954][  0]LogTemp:Display: Loaded TP AllDesktopTargetPlatform
[2016.10.05-12.07.07:966][  0]LogTemp:Display: Loaded TP WindowsClientTargetPlatform
[2016.10.05-12.07.07:977][  0]LogTemp:Display: Loaded TP WindowsNoEditorTargetPlatform
[2016.10.05-12.07.07:991][  0]LogTemp:Display: Loaded TP WindowsServerTargetPlatform
[2016.10.05-12.07.08:003][  0]LogTemp:Display: Loaded TP WindowsTargetPlatform
[2016.10.05-12.07.08:013][  0]LogTemp:Display: Loaded TP AndroidTargetPlatform
[2016.10.05-12.07.08:023][  0]LogTemp:Display: Loaded TP Android_ASTCTargetPlatform
[2016.10.05-12.07.08:033][  0]LogTemp:Display: Loaded TP Android_ATCTargetPlatform
[2016.10.05-12.07.08:044][  0]LogTemp:Display: Loaded TP Android_DXTTargetPlatform
[2016.10.05-12.07.08:056][  0]LogTemp:Display: Loaded TP Android_ETC1TargetPlatform
[2016.10.05-12.07.08:065][  0]LogTemp:Display: Loaded TP Android_ETC2TargetPlatform
[2016.10.05-12.07.08:084][  0]LogTemp:Display: Loaded TP Android_MultiTargetPlatform
[2016.10.05-12.07.08:084][  0]LogTemp:Display: Loaded TP Android_PVRTCTargetPlatform
[2016.10.05-12.07.08:086][  0]LogTemp:Display: Loaded TP HTML5TargetPlatform
[2016.10.05-12.07.08:111][  0]LogTemp:Display: Loaded TP IOSTargetPlatform
[2016.10.05-12.07.08:120][  0]LogTemp:Display: Loaded TP TVOSTargetPlatform
[2016.10.05-12.07.08:131][  0]LogTemp:Display: Loaded TP LinuxClientTargetPlatform
[2016.10.05-12.07.08:142][  0]LogTemp:Display: Loaded TP LinuxNoEditorTargetPlatform
[2016.10.05-12.07.08:153][  0]LogTemp:Display: Loaded TP LinuxServerTargetPlatform
[2016.10.05-12.07.08:164][  0]LogTemp:Display: Loaded TP LinuxTargetPlatform
[2016.10.05-12.07.08:164][  0]LogTargetPlatformManager:Display: Building Assets For Windows
[2016.10.05-12.07.08:283][  0]LogDerivedDataCache:Display: Max Cache Size: 512 MB
[2016.10.05-12.07.08:417][  0]LogDerivedDataCache: Loaded boot cache 0.13s 62MB C:/Users/usuario/AppData/Local/UnrealEngine/4.13/DerivedDataCache/Boot.ddc.
[2016.10.05-12.07.08:417][  0]LogDerivedDataCache:Display: Loaded Boot cache: C:/Users/usuario/AppData/Local/UnrealEngine/4.13/DerivedDataCache/Boot.ddc
[2016.10.05-12.07.08:417][  0]LogDerivedDataCache: FDerivedDataBackendGraph:  Pak pak cache file ../../../../../../Users/usuario/Desktop/VANsGame/Mechanics/BasicMechanics/DerivedDataCache/DDC.ddp not found, will not use a pak cache.
[2016.10.05-12.07.08:417][  0]LogDerivedDataCache: Unable to find inner node Pak for hierarchical cache Hierarchy.
[2016.10.05-12.07.08:417][  0]LogDerivedDataCache: FDerivedDataBackendGraph:  CompressedPak pak cache file ../../../../../../Users/usuario/Desktop/VANsGame/Mechanics/BasicMechanics/DerivedDataCache/Compressed.ddp not found, will not use a pak cache.
[2016.10.05-12.07.08:417][  0]LogDerivedDataCache: Unable to find inner node CompressedPak for hierarchical cache Hierarchy.
[2016.10.05-12.07.08:439][  0]LogDerivedDataCache:Display: Pak cache opened for reading ../../../Engine/DerivedDataCache/Compressed.ddp.
[2016.10.05-12.07.08:453][  0]LogDerivedDataCache: Using Local data cache path C:/Users/usuario/AppData/Local/UnrealEngine/Common/DerivedDataCache: Writable
[2016.10.05-12.07.08:753][  0]LogInit: Selected Device Profile: [Windows]
[2016.10.05-12.07.08:758][  0]LogContentStreaming: Texture pool size is 0.00 MB
[2016.10.05-12.07.08:880][  0]LogMeshUtilities: No automatic mesh reduction module available
[2016.10.05-12.07.08:880][  0]LogMeshUtilities: No automatic mesh merging module available
[2016.10.05-12.07.08:880][  0]LogMeshUtilities: No distributed automatic mesh merging module available
[2016.10.05-12.07.08:977][  0]LogMaterial: Uniform references updated for custom material expression Custom.
[2016.10.05-12.07.09:476][  0]LogNetVersion: GetLocalNetworkVersion: CL: 3106830, ProjectName: basicmechanics, ProjectVersion: , EngineNetworkVersion: 1, GameNetworkVersion: 0, NetworkChecksum: 2647762835
[2016.10.05-12.07.09:519][  0]LogAssetRegistry: FAssetRegistry took 0.0223 seconds to start up
[2016.10.05-12.07.09:543][  0]LogPackageLocalizationCache: Processed 3 localized package path(s) for 1 prioritized culture(s) in 0.019482 seconds
[2016.10.05-12.07.09:554][  0]LogUObjectArray: 29777 objects as part of root set at end of initial load.
[2016.10.05-12.07.09:554][  0]LogUObjectAllocator: 6124704 out of 0 bytes used by permanent object pool.
[2016.10.05-12.07.09:554][  0]LogUObjectArray: CloseDisregardForGC: 0/0 objects in disregard for GC pool
[2016.10.05-12.07.09:568][  0]LogInit: WinSock: version 1.1 (2.2), MaxSocks=32767, MaxUdp=65467
[2016.10.05-12.07.09:881][  0]LogSlate: SlateFontCache - WITH_FREETYPE: 1, WITH_HARFBUZZ: 1
[2016.10.05-12.07.09:881][  0]LogSlate: SlateFontCache - WITH_FREETYPE: 1, WITH_HARFBUZZ: 1
[2016.10.05-12.07.10:754][  0]LogUdpMessaging: Initializing bridge on interface 0.0.0.0:0 to multicast group 230.0.0.1:6666.
[2016.10.05-12.07.11:060][  0]SourceControl: Info Source control is disabled
[2016.10.05-12.07.11:062][  0]SourceControl: Info Source control is disabled
[2016.10.05-12.07.11:076][  0]SourceControl: Info Source control is disabled
[2016.10.05-12.07.11:091][  0]SourceControl: Info Source control is disabled
[2016.10.05-12.07.11:571][  0]LogEngine: Initializing Engine...
[2016.10.05-12.07.11:571][  0]LogHMD: Failed to initialize OpenVR with code 110
[2016.10.05-12.07.11:770][  0]LogAIModule: Creating AISystem for world Untitled
[2016.10.05-12.07.11:782][  0]LogInit: XAudio2 using 'Speakers (Realtek High Definition Audio)' : 2 channels at 48 kHz using 32 bits per sample (channel mask 0x3)
[2016.10.05-12.07.11:804][  0]LogInit: FAudioDevice initialized.
[2016.10.05-12.07.11:875][  0]LogDerivedDataCache: Saved boot cache 0.07s 62MB C:/Users/usuario/AppData/Local/UnrealEngine/4.13/DerivedDataCache/Boot.ddc.
[2016.10.05-12.07.11:896][  0]LogInit: Texture streaming: Enabled
[2016.10.05-12.07.11:937][  0]LogInit: Transaction tracking system initialized
[2016.10.05-12.07.11:971][  0]BlueprintLog: New page: Editor Load
[2016.10.05-12.07.12:098][  0]LocalizationService: Info Localization service is disabled
[2016.10.05-12.07.12:213][  0]LogConsoleResponse:Display: 
[2016.10.05-12.07.12:369][  0]LogCook:Display: Max memory allowance for cook 16384mb min free memory 0mb
[2016.10.05-12.07.12:370][  0]LogCook:Display: Mobile HDR setting 1
[2016.10.05-12.07.12:598][  0]LogFileCache: Scanning file cache for directory 'C:/Users/usuario/Desktop/VANsGame/Mechanics/BasicMechanics/Content/' took 0.02s
[2016.10.05-12.07.12:646][  0]SourceControl: Info Source control is disabled
[2016.10.05-12.07.12:646][  0]Cmd: MAP LOAD FILE="../../../../../../Users/usuario/Desktop/VANsGame/Mechanics/BasicMechanics/Content/TopDownBP/Maps/TopDownExampleMap.umap" TEMPLATE=0 SHOWPROGRESS=1 FEATURELEVEL=3
[2016.10.05-12.07.12:647][  0]LightingResults: New page: Lighting Build
[2016.10.05-12.07.12:652][  0]MapCheck: New page: Map Check
[2016.10.05-12.07.12:652][  0]LightingResults: New page: Lighting Build
[2016.10.05-12.07.13:317][  0]LogAIModule: Creating AISystem for world TopDownExampleMap
[2016.10.05-12.07.13:332][  0]LogEditorServer: Finished looking for orphan Actors (0.000 secs)
[2016.10.05-12.07.13:333][  0]Cmd: MAP CHECKDEP NOCLEARLOG
[2016.10.05-12.07.13:399][  0]MapCheck: Info Map check complete: 0 Error(s), 0 Warning(s), took 65.405ms to complete.
[2016.10.05-12.07.13:399][  0]LogFileHelpers: Loading map 'TopDownExampleMap' took 0.752
[2016.10.05-12.07.13:550][  0]LogCollectionManager: Loaded 0 collections in 0.002746 seconds
[2016.10.05-12.07.13:596][  0]LogFileCache: Scanning file cache for directory 'C:/Users/usuario/Desktop/VANsGame/Mechanics/BasicMechanics/Saved/Collections/' took 0.01s
[2016.10.05-12.07.13:596][  0]LogFileCache: Scanning file cache for directory 'C:/Users/usuario/Desktop/VANsGame/Mechanics/BasicMechanics/Content/Developers/usuario/Collections/' took 0.01s
[2016.10.05-12.07.13:596][  0]LogFileCache: Scanning file cache for directory 'C:/Users/usuario/Desktop/VANsGame/Mechanics/BasicMechanics/Content/Collections/' took 0.01s
[2016.10.05-12.07.13:596][  0]LogCollectionManager: Rebuilt the GUID cache for 0 collections in 0.000004 seconds
[2016.10.05-12.07.13:609][  0]LogContentBrowser: Native class hierarchy populated in 0.0127 seconds. Added 2141 classes and 415 folders.
[2016.10.05-12.07.13:614][  0]LogStats: UGameplayTagsManager::ConstructGameplayTagTree: Construct from data asset -  0.000 s
[2016.10.05-12.07.13:614][  0]LogStats: UGameplayTagsManager::ConstructGameplayTagTree: GameplayTagTreeChangedEvent.Broadcast -  0.000 s
[2016.10.05-12.07.13:615][  0]LogContentBrowser: Native class hierarchy updated for 'GameplayTags' in 0.0008 seconds. Added 12 classes and 0 folders.
[2016.10.05-12.07.13:622][  0]LogContentBrowser: Native class hierarchy updated for 'WidgetCarousel' in 0.0007 seconds. Added 0 classes and 0 folders.
[2016.10.05-12.07.13:692][  0]LogContentBrowser: Native class hierarchy updated for 'AddContentDialog' in 0.0007 seconds. Added 0 classes and 0 folders.
[2016.10.05-12.07.13:699][  0]LogContentBrowser: Native class hierarchy updated for 'SceneOutliner' in 0.0007 seconds. Added 1 classes and 2 folders.
[2016.10.05-12.07.13:721][  0]LogCrashTracker: Crashtracker disabled due to settings.
[2016.10.05-12.07.13:729][  0]LogUObjectGlobals:Warning: Failed to find object 'Class None.'
[2016.10.05-12.07.13:760][  0]LogContentBrowser: Native class hierarchy updated for 'HierarchicalLODOutliner' in 0.0009 seconds. Added 1 classes and 2 folders.
[2016.10.05-12.07.13:761][  0]LogLoad: (Engine Initialization) Total time: 9.56 seconds
[2016.10.05-12.07.13:761][  0]LogLoad: (Engine Initialization) Total Blueprint compile time: 0.17 seconds
[2016.10.05-12.07.13:761][  0]LogExternalProfiler: Found external profiler: VSPerf
[2016.10.05-12.07.13:761][  0]LogExternalProfiler: Using external profiler: VSPerf
[2016.10.05-12.07.13:770][  0]LogWindowsTextInputMethodSystem:Display: IME system now deactivated.
[2016.10.05-12.07.13:771][  0]LogOcInput: OculusInput pre-init called
[2016.10.05-12.07.13:791][  0]LogContentStreaming: Texture pool size now 1000 MB
[2016.10.05-12.07.13:970][  0]LogRenderer: Reallocating scene render targets to support 960x628 (Frame:2).
[2016.10.05-12.07.14:183][  2]LogAssetRegistry: Asset discovery search completed in 4.6866 seconds
[2016.10.05-12.07.14:183][  2]LogCollectionManager: Rebuilt the object cache for 0 collections in 0.000001 seconds (found 0 objects)
[2016.10.05-12.07.14:183][  2]LogCollectionManager: Fixed up redirectors for 0 collections in 0.000033 seconds (updated 0 objects)
[2016.10.05-12.07.25:059][245]LogLinker:Warning: Can't resolve asset name
[2016.10.05-12.07.28:747][658]LogTexture:Display: Building textures: HQ_Lightmap2_1 (AutoDXT)
[2016.10.05-12.07.29:262][658]LogTexture:Display: Building textures: HQ_Lightmap2_2 (AutoDXT)
[2016.10.05-12.07.29:783][658]LogTexture:Display: Building textures: HQ_Lightmap2_3 (AutoDXT)
[2016.10.05-12.07.29:800][658]LogTexture:Display: Building textures: LQ_Lightmap_2_1 (DXT1)
[2016.10.05-12.07.30:020][658]LogTexture:Display: Building textures: LQ_Lightmap_2_2 (DXT1)
[2016.10.05-12.07.30:265][658]LogTexture:Display: Building textures: LQ_Lightmap_2_3 (DXT1)
[2016.10.05-12.07.30:279][658]LogTexture:Display: Building textures: SkyOcclusion2_1 (AutoDXT)
[2016.10.05-12.07.30:542][658]LogTexture:Display: Building textures: SkyOcclusion2_2 (AutoDXT)
[2016.10.05-12.07.30:767][658]LogTexture:Display: Building textures: SkyOcclusion2_3 (AutoDXT)
[2016.10.05-12.07.30:783][658]LogAIModule: Creating AISystem for world SimpleSwitch
[2016.10.05-12.07.30:831][658]Cmd: MAP LOAD FILE="../../../../../../Users/usuario/Desktop/VANsGame/Mechanics/BasicMechanics/Content/LEVELS/SimpleSwitch.umap" TEMPLATE=0 SHOWPROGRESS=1 FEATURELEVEL=3
[2016.10.05-12.07.30:831][658]LightingResults: New page: Lighting Build
[2016.10.05-12.07.30:832][658]LoadErrors: New page: Loading map: SimpleSwitch.umap
[2016.10.05-12.07.30:833][658]MapCheck: New page: Map Check
[2016.10.05-12.07.30:833][658]LightingResults: New page: Lighting Build
[2016.10.05-12.07.30:872][658]LogEditorServer: Finished looking for orphan Actors (0.000 secs)
[2016.10.05-12.07.30:896][658]Cmd: MAP CHECKDEP NOCLEARLOG
[2016.10.05-12.07.30:971][658]MapCheck: Info Map check complete: 0 Error(s), 0 Warning(s), took 74.381ms to complete.
[2016.10.05-12.07.30:971][658]LogFileHelpers: Loading map 'SimpleSwitch' took 0.141
[2016.10.05-12.07.32:551][812]LogBlueprintUserMessages: Early PlayInEditor Detection: Level '/Game/LEVELS/SimpleSwitch.SimpleSwitch:PersistentLevel' has LevelScriptBlueprint '/Game/LEVELS/SimpleSwitch.SimpleSwitch:PersistentLevel.SimpleSwitch' with GeneratedClass '/Game/LEVELS/SimpleSwitch.SimpleSwitch_C' with ClassGeneratedBy '/Game/LEVELS/SimpleSwitch.SimpleSwitch:PersistentLevel.SimpleSwitch'
[2016.10.05-12.07.32:551][812]LogPlayLevel: PlayLevel: No blueprints needed recompiling
[2016.10.05-12.07.32:551][812]PIE: New page: PIE session: SimpleSwitch (Oct 5, 2016, 3:07:32 PM)
[2016.10.05-12.07.32:551][812]LogPlayLevel: Creating play world package: /Game/LEVELS/UEDPIE_0_SimpleSwitch
[2016.10.05-12.07.32:612][812]LogPlayLevel: PIE: StaticDuplicateObject took: (0.060676s)
[2016.10.05-12.07.32:613][812]LogAIModule: Creating AISystem for world SimpleSwitch
[2016.10.05-12.07.32:614][812]LogPlayLevel: PIE: World Init took: (0.001740s)
[2016.10.05-12.07.32:615][812]LogPlayLevel: PIE: Created PIE world by copying editor world from /Game/LEVELS/SimpleSwitch.SimpleSwitch to /Game/LEVELS/UEDPIE_0_SimpleSwitch.SimpleSwitch (0.063246s)
[2016.10.05-12.07.32:657][812]LogInit: XAudio2 using 'Speakers (Realtek High Definition Audio)' : 2 channels at 48 kHz using 32 bits per sample (channel mask 0x3)
[2016.10.05-12.07.32:671][812]LogInit: FAudioDevice initialized.
[2016.10.05-12.07.32:718][812]LogWorld: Game class is 'TopDownGameMode_C'
[2016.10.05-12.07.32:729][812]LogWorld: Bringing World /Game/LEVELS/UEDPIE_0_SimpleSwitch.SimpleSwitch up for play (max tick rate 0) at 2016.10.05-14.07.32
[2016.10.05-12.07.32:730][812]LogWorld: Bringing up level for play took: 0.009332
[2016.10.05-12.07.32:735][812]LogContentBrowser: Native class hierarchy updated for 'MovieSceneCapture' in 0.0007 seconds. Added 11 classes and 0 folders.
[2016.10.05-12.07.32:735][812]LogGameMode:Display: Match State Changed from EnteringMap to WaitingToStart
[2016.10.05-12.07.32:735][812]LogGameState: Match State Changed from EnteringMap to WaitingToStart
[2016.10.05-12.07.32:735][812]LogGameMode:Display: Match State Changed from WaitingToStart to InProgress
[2016.10.05-12.07.32:736][812]LogGameState: Match State Changed from WaitingToStart to InProgress
[2016.10.05-12.07.32:736][812]PIE: Info Play in editor start time for /Game/LEVELS/UEDPIE_0_SimpleSwitch -0.806
[2016.10.05-12.07.32:736][812]LogBlueprintUserMessages: Late PlayInEditor Detection: Level '/Game/LEVELS/SimpleSwitch.SimpleSwitch:PersistentLevel' has LevelScriptBlueprint '/Game/LEVELS/SimpleSwitch.SimpleSwitch:PersistentLevel.SimpleSwitch' with GeneratedClass '/Game/LEVELS/SimpleSwitch.SimpleSwitch_C' with ClassGeneratedBy '/Game/LEVELS/SimpleSwitch.SimpleSwitch:PersistentLevel.SimpleSwitch'
[2016.10.05-12.07.43:376][677]LogBlueprintUserMessages: Early EndPlayMap Detection: Level '/Game/LEVELS/SimpleSwitch.SimpleSwitch:PersistentLevel' has LevelScriptBlueprint '/Game/LEVELS/SimpleSwitch.SimpleSwitch:PersistentLevel.SimpleSwitch' with GeneratedClass '/Game/LEVELS/SimpleSwitch.SimpleSwitch_C' with ClassGeneratedBy '/Game/LEVELS/SimpleSwitch.SimpleSwitch:PersistentLevel.SimpleSwitch'
[2016.10.05-12.07.43:426][677]LogBlueprintUserMessages: Late EndPlayMap Detection: Level '/Game/LEVELS/SimpleSwitch.SimpleSwitch:PersistentLevel' has LevelScriptBlueprint '/Game/LEVELS/SimpleSwitch.SimpleSwitch:PersistentLevel.SimpleSwitch' with GeneratedClass '/Game/LEVELS/SimpleSwitch.SimpleSwitch_C' with ClassGeneratedBy '/Game/LEVELS/SimpleSwitch.SimpleSwitch:PersistentLevel.SimpleSwitch'
[2016.10.05-12.07.44:624][797]Cmd: MAP LOAD FILE="../../../../../../Users/usuario/Desktop/VANsGame/Mechanics/BasicMechanics/Content/LEVELS/SimpleSwitch.umap" TEMPLATE=0 SHOWPROGRESS=1 FEATURELEVEL=3
[2016.10.05-12.07.44:624][797]LightingResults: New page: Lighting Build
[2016.10.05-12.07.44:625][797]LoadErrors: New page: Loading map: SimpleSwitch.umap
[2016.10.05-12.07.44:627][797]MapCheck: New page: Map Check
[2016.10.05-12.07.44:627][797]LightingResults: New page: Lighting Build
[2016.10.05-12.07.44:766][797]LogAIModule: Creating AISystem for world SimpleSwitch
[2016.10.05-12.07.44:774][797]LogEditorServer: Finished looking for orphan Actors (0.000 secs)
[2016.10.05-12.07.44:817][797]Cmd: MAP CHECKDEP NOCLEARLOG
[2016.10.05-12.07.44:887][797]MapCheck: Info Map check complete: 0 Error(s), 0 Warning(s), took 69.592ms to complete.
[2016.10.05-12.07.44:888][797]LogFileHelpers: Loading map 'SimpleSwitch' took 0.265
[2016.10.05-12.07.45:998][902]LogAIModule: Creating AISystem for world TemporizateSwitch
[2016.10.05-12.07.46:037][902]Cmd: MAP LOAD FILE="../../../../../../Users/usuario/Desktop/VANsGame/Mechanics/BasicMechanics/Content/LEVELS/TemporizateSwitch.umap" TEMPLATE=0 SHOWPROGRESS=1 FEATURELEVEL=3
[2016.10.05-12.07.46:037][902]LightingResults: New page: Lighting Build
[2016.10.05-12.07.46:038][902]LoadErrors: New page: Loading map: TemporizateSwitch.umap
[2016.10.05-12.07.46:039][902]MapCheck: New page: Map Check
[2016.10.05-12.07.46:039][902]LightingResults: New page: Lighting Build
[2016.10.05-12.07.46:076][902]LogEditorServer: Finished looking for orphan Actors (0.000 secs)
[2016.10.05-12.07.46:099][902]Cmd: MAP CHECKDEP NOCLEARLOG
[2016.10.05-12.07.46:180][902]MapCheck: Info Map check complete: 0 Error(s), 0 Warning(s), took 80.797ms to complete.
[2016.10.05-12.07.46:180][902]LogFileHelpers: Loading map 'TemporizateSwitch' took 0.144
[2016.10.05-12.07.47:543][ 48]LogBlueprintUserMessages: Early PlayInEditor Detection: Level '/Game/LEVELS/TemporizateSwitch.TemporizateSwitch:PersistentLevel' has LevelScriptBlueprint '/Game/LEVELS/TemporizateSwitch.TemporizateSwitch:PersistentLevel.TemporizateSwitch' with GeneratedClass '/Game/LEVELS/TemporizateSwitch.TemporizateSwitch_C' with ClassGeneratedBy '/Game/LEVELS/TemporizateSwitch.TemporizateSwitch:PersistentLevel.TemporizateSwitch'
[2016.10.05-12.07.47:543][ 48]LogPlayLevel: PlayLevel: No blueprints needed recompiling
[2016.10.05-12.07.47:543][ 48]PIE: New page: PIE session: TemporizateSwitch (Oct 5, 2016, 3:07:47 PM)
[2016.10.05-12.07.47:543][ 48]LogPlayLevel: Creating play world package: /Game/LEVELS/UEDPIE_0_TemporizateSwitch
[2016.10.05-12.07.47:608][ 48]LogPlayLevel: PIE: StaticDuplicateObject took: (0.064354s)
[2016.10.05-12.07.47:611][ 48]LogAIModule: Creating AISystem for world TemporizateSwitch
[2016.10.05-12.07.47:611][ 48]LogPlayLevel: PIE: World Init took: (0.003396s)
[2016.10.05-12.07.47:612][ 48]LogPlayLevel: PIE: Created PIE world by copying editor world from /Game/LEVELS/TemporizateSwitch.TemporizateSwitch to /Game/LEVELS/UEDPIE_0_TemporizateSwitch.TemporizateSwitch (0.068345s)
[2016.10.05-12.07.47:644][ 48]LogInit: XAudio2 using 'Speakers (Realtek High Definition Audio)' : 2 channels at 48 kHz using 32 bits per sample (channel mask 0x3)
[2016.10.05-12.07.47:657][ 48]LogInit: FAudioDevice initialized.
[2016.10.05-12.07.47:691][ 48]LogWorld: Game class is 'TopDownGameMode_C'
[2016.10.05-12.07.47:698][ 48]LogWorld: Bringing World /Game/LEVELS/UEDPIE_0_TemporizateSwitch.TemporizateSwitch up for play (max tick rate 0) at 2016.10.05-14.07.47
[2016.10.05-12.07.47:699][ 48]LogWorld: Bringing up level for play took: 0.008031
[2016.10.05-12.07.47:701][ 48]LogGameMode:Display: Match State Changed from EnteringMap to WaitingToStart
[2016.10.05-12.07.47:701][ 48]LogGameState: Match State Changed from EnteringMap to WaitingToStart
[2016.10.05-12.07.47:701][ 48]LogGameMode:Display: Match State Changed from WaitingToStart to InProgress
[2016.10.05-12.07.47:701][ 48]LogGameState: Match State Changed from WaitingToStart to InProgress
[2016.10.05-12.07.47:701][ 48]PIE: Info Play in editor start time for /Game/LEVELS/UEDPIE_0_TemporizateSwitch 0.159
[2016.10.05-12.07.47:701][ 48]LogBlueprintUserMessages: Late PlayInEditor Detection: Level '/Game/LEVELS/TemporizateSwitch.TemporizateSwitch:PersistentLevel' has LevelScriptBlueprint '/Game/LEVELS/TemporizateSwitch.TemporizateSwitch:PersistentLevel.TemporizateSwitch' with GeneratedClass '/Game/LEVELS/TemporizateSwitch.TemporizateSwitch_C' with ClassGeneratedBy '/Game/LEVELS/TemporizateSwitch.TemporizateSwitch:PersistentLevel.TemporizateSwitch'
[2016.10.05-12.08.04:324][396]LogBlueprintUserMessages: Early EndPlayMap Detection: Level '/Game/LEVELS/TemporizateSwitch.TemporizateSwitch:PersistentLevel' has LevelScriptBlueprint '/Game/LEVELS/TemporizateSwitch.TemporizateSwitch:PersistentLevel.TemporizateSwitch' with GeneratedClass '/Game/LEVELS/TemporizateSwitch.TemporizateSwitch_C' with ClassGeneratedBy '/Game/LEVELS/TemporizateSwitch.TemporizateSwitch:PersistentLevel.TemporizateSwitch'
[2016.10.05-12.08.04:364][396]LogBlueprintUserMessages: Late EndPlayMap Detection: Level '/Game/LEVELS/TemporizateSwitch.TemporizateSwitch:PersistentLevel' has LevelScriptBlueprint '/Game/LEVELS/TemporizateSwitch.TemporizateSwitch:PersistentLevel.TemporizateSwitch' with GeneratedClass '/Game/LEVELS/TemporizateSwitch.TemporizateSwitch_C' with ClassGeneratedBy '/Game/LEVELS/TemporizateSwitch.TemporizateSwitch:PersistentLevel.TemporizateSwitch'
[2016.10.05-12.08.08:056][728]LogContentBrowser: Native class hierarchy updated for 'BlueprintGraph' in 0.0012 seconds. Added 112 classes and 0 folders.
[2016.10.05-12.09.13:682][832]LogEditorTransaction: Undo Create Pin Link
[2016.10.05-12.09.56:947][538]LogSavePackage: Save=856.87ms
[2016.10.05-12.09.56:947][538]LogSavePackage: Moving '../../../../../../Users/usuario/Desktop/VANsGame/Mechanics/BasicMechanics/Saved/TemporizateSwitchB124FD32488839FD75CBD3B35B7111DB.tmp' to '../../../../../../Users/usuario/Desktop/VANsGame/Mechanics/BasicMechanics/Content/LEVELS/TemporizateSwitch.umap'
[2016.10.05-12.09.56:953][538]LogSavePackage:Display: Finished SavePackage ../../../../../../Users/usuario/Desktop/VANsGame/Mechanics/BasicMechanics/Content/LEVELS/TemporizateSwitch.umap
[2016.10.05-12.09.57:000][538]LogFileHelpers: Saving map 'TemporizateSwitch' took 1.071
[2016.10.05-12.10.05:965][747]LogEditorViewport: Clicking on Actor (LMB): StaticMeshActor (Floor)
[2016.10.05-12.10.07:113][806]LogBlueprintUserMessages: Early PlayInEditor Detection: Level '/Game/LEVELS/TemporizateSwitch.TemporizateSwitch:PersistentLevel' has LevelScriptBlueprint '/Game/LEVELS/TemporizateSwitch.TemporizateSwitch:PersistentLevel.TemporizateSwitch' with GeneratedClass '/Game/LEVELS/TemporizateSwitch.TemporizateSwitch_C' with ClassGeneratedBy '/Game/LEVELS/TemporizateSwitch.TemporizateSwitch:PersistentLevel.TemporizateSwitch'
[2016.10.05-12.10.07:113][806]LogPlayLevel: PlayLevel: No blueprints needed recompiling
[2016.10.05-12.10.07:113][806]PIE: New page: PIE session: TemporizateSwitch (Oct 5, 2016, 3:10:07 PM)
[2016.10.05-12.10.07:113][806]LogPlayLevel: Creating play world package: /Game/LEVELS/UEDPIE_0_TemporizateSwitch
[2016.10.05-12.10.07:156][806]LogPlayLevel: PIE: StaticDuplicateObject took: (0.043251s)
[2016.10.05-12.10.07:158][806]LogAIModule: Creating AISystem for world TemporizateSwitch
[2016.10.05-12.10.07:159][806]LogPlayLevel: PIE: World Init took: (0.002564s)
[2016.10.05-12.10.07:160][806]LogPlayLevel: PIE: Created PIE world by copying editor world from /Game/LEVELS/TemporizateSwitch.TemporizateSwitch to /Game/LEVELS/UEDPIE_0_TemporizateSwitch.TemporizateSwitch (0.046400s)
[2016.10.05-12.10.07:210][806]LogInit: XAudio2 using 'Speakers (Realtek High Definition Audio)' : 2 channels at 48 kHz using 32 bits per sample (channel mask 0x3)
[2016.10.05-12.10.07:223][806]LogInit: FAudioDevice initialized.
[2016.10.05-12.10.07:255][806]LogWorld: Game class is 'TopDownGameMode_C'
[2016.10.05-12.10.07:264][806]LogWorld: Bringing World /Game/LEVELS/UEDPIE_0_TemporizateSwitch.TemporizateSwitch up for play (max tick rate 0) at 2016.10.05-14.10.07
[2016.10.05-12.10.07:264][806]LogWorld: Bringing up level for play took: 0.008010
[2016.10.05-12.10.07:265][806]LogGameMode:Display: Match State Changed from EnteringMap to WaitingToStart
[2016.10.05-12.10.07:266][806]LogGameState: Match State Changed from EnteringMap to WaitingToStart
[2016.10.05-12.10.07:266][806]LogGameMode:Display: Match State Changed from WaitingToStart to InProgress
[2016.10.05-12.10.07:266][806]LogGameState: Match State Changed from WaitingToStart to InProgress
[2016.10.05-12.10.07:266][806]PIE: Info Play in editor start time for /Game/LEVELS/UEDPIE_0_TemporizateSwitch -0.276
[2016.10.05-12.10.07:266][806]LogBlueprintUserMessages: Late PlayInEditor Detection: Level '/Game/LEVELS/TemporizateSwitch.TemporizateSwitch:PersistentLevel' has LevelScriptBlueprint '/Game/LEVELS/TemporizateSwitch.TemporizateSwitch:PersistentLevel.TemporizateSwitch' with GeneratedClass '/Game/LEVELS/TemporizateSwitch.TemporizateSwitch_C' with ClassGeneratedBy '/Game/LEVELS/TemporizateSwitch.TemporizateSwitch:PersistentLevel.TemporizateSwitch'
[2016.10.05-12.10.38:475][670]LogBlueprintUserMessages: Early EndPlayMap Detection: Level '/Game/LEVELS/TemporizateSwitch.TemporizateSwitch:PersistentLevel' has LevelScriptBlueprint '/Game/LEVELS/TemporizateSwitch.TemporizateSwitch:PersistentLevel.TemporizateSwitch' with GeneratedClass '/Game/LEVELS/TemporizateSwitch.TemporizateSwitch_C' with ClassGeneratedBy '/Game/LEVELS/TemporizateSwitch.TemporizateSwitch:PersistentLevel.TemporizateSwitch'
[2016.10.05-12.10.38:532][670]LogBlueprintUserMessages: Late EndPlayMap Detection: Level '/Game/LEVELS/TemporizateSwitch.TemporizateSwitch:PersistentLevel' has LevelScriptBlueprint '/Game/LEVELS/TemporizateSwitch.TemporizateSwitch:PersistentLevel.TemporizateSwitch' with GeneratedClass '/Game/LEVELS/TemporizateSwitch.TemporizateSwitch_C' with ClassGeneratedBy '/Game/LEVELS/TemporizateSwitch.TemporizateSwitch:PersistentLevel.TemporizateSwitch'
[2016.10.05-12.10.42:556][868]LogBlueprintUserMessages: Early PlayInEditor Detection: Level '/Game/LEVELS/TemporizateSwitch.TemporizateSwitch:PersistentLevel' has LevelScriptBlueprint '/Game/LEVELS/TemporizateSwitch.TemporizateSwitch:PersistentLevel.TemporizateSwitch' with GeneratedClass '/Game/LEVELS/TemporizateSwitch.TemporizateSwitch_C' with ClassGeneratedBy '/Game/LEVELS/TemporizateSwitch.TemporizateSwitch:PersistentLevel.TemporizateSwitch'
[2016.10.05-12.10.42:556][868]LogPlayLevel: PlayLevel: No blueprints needed recompiling
[2016.10.05-12.10.42:556][868]PIE: New page: PIE session: TemporizateSwitch (Oct 5, 2016, 3:10:42 PM)
[2016.10.05-12.10.42:556][868]LogPlayLevel: Creating play world package: /Game/LEVELS/UEDPIE_0_TemporizateSwitch
[2016.10.05-12.10.42:606][868]LogPlayLevel: PIE: StaticDuplicateObject took: (0.049777s)
[2016.10.05-12.10.42:608][868]LogAIModule: Creating AISystem for world TemporizateSwitch
[2016.10.05-12.10.42:609][868]LogPlayLevel: PIE: World Init took: (0.002555s)
[2016.10.05-12.10.42:609][868]LogPlayLevel: PIE: Created PIE world by copying editor world from /Game/LEVELS/TemporizateSwitch.TemporizateSwitch to /Game/LEVELS/UEDPIE_0_TemporizateSwitch.TemporizateSwitch (0.053007s)
[2016.10.05-12.10.42:665][868]LogInit: XAudio2 using 'Speakers (Realtek High Definition Audio)' : 2 channels at 48 kHz using 32 bits per sample (channel mask 0x3)
[2016.10.05-12.10.42:679][868]LogInit: FAudioDevice initialized.
[2016.10.05-12.10.42:713][868]LogWorld: Game class is 'TopDownGameMode_C'
[2016.10.05-12.10.42:721][868]LogWorld: Bringing World /Game/LEVELS/UEDPIE_0_TemporizateSwitch.TemporizateSwitch up for play (max tick rate 0) at 2016.10.05-14.10.42
[2016.10.05-12.10.42:722][868]LogWorld: Bringing up level for play took: 0.008039
[2016.10.05-12.10.42:723][868]LogGameMode:Display: Match State Changed from EnteringMap to WaitingToStart
[2016.10.05-12.10.42:723][868]LogGameState: Match State Changed from EnteringMap to WaitingToStart
[2016.10.05-12.10.42:723][868]LogGameMode:Display: Match State Changed from WaitingToStart to InProgress
[2016.10.05-12.10.42:724][868]LogGameState: Match State Changed from WaitingToStart to InProgress
[2016.10.05-12.10.42:724][868]PIE: Info Play in editor start time for /Game/LEVELS/UEDPIE_0_TemporizateSwitch -0.819
[2016.10.05-12.10.42:724][868]LogBlueprintUserMessages: Late PlayInEditor Detection: Level '/Game/LEVELS/TemporizateSwitch.TemporizateSwitch:PersistentLevel' has LevelScriptBlueprint '/Game/LEVELS/TemporizateSwitch.TemporizateSwitch:PersistentLevel.TemporizateSwitch' with GeneratedClass '/Game/LEVELS/TemporizateSwitch.TemporizateSwitch_C' with ClassGeneratedBy '/Game/LEVELS/TemporizateSwitch.TemporizateSwitch:PersistentLevel.TemporizateSwitch'
[2016.10.05-12.11.08:757][191]LogBlueprintUserMessages: Early EndPlayMap Detection: Level '/Game/LEVELS/TemporizateSwitch.TemporizateSwitch:PersistentLevel' has LevelScriptBlueprint '/Game/LEVELS/TemporizateSwitch.TemporizateSwitch:PersistentLevel.TemporizateSwitch' with GeneratedClass '/Game/LEVELS/TemporizateSwitch.TemporizateSwitch_C' with ClassGeneratedBy '/Game/LEVELS/TemporizateSwitch.TemporizateSwitch:PersistentLevel.TemporizateSwitch'
[2016.10.05-12.11.08:831][191]LogBlueprintUserMessages: Late EndPlayMap Detection: Level '/Game/LEVELS/TemporizateSwitch.TemporizateSwitch:PersistentLevel' has LevelScriptBlueprint '/Game/LEVELS/TemporizateSwitch.TemporizateSwitch:PersistentLevel.TemporizateSwitch' with GeneratedClass '/Game/LEVELS/TemporizateSwitch.TemporizateSwitch_C' with ClassGeneratedBy '/Game/LEVELS/TemporizateSwitch.TemporizateSwitch:PersistentLevel.TemporizateSwitch'
[2016.10.05-12.11.18:444][642]LogSavePackage: Save=930.22ms
[2016.10.05-12.11.18:444][642]LogSavePackage: Moving '../../../../../../Users/usuario/Desktop/VANsGame/Mechanics/BasicMechanics/Saved/TemporizateSwitchB49F315840086852DB2776AA9EB5BD9D.tmp' to '../../../../../../Users/usuario/Desktop/VANsGame/Mechanics/BasicMechanics/Content/LEVELS/TemporizateSwitch.umap'
[2016.10.05-12.11.18:453][642]LogSavePackage:Display: Finished SavePackage ../../../../../../Users/usuario/Desktop/VANsGame/Mechanics/BasicMechanics/Content/LEVELS/TemporizateSwitch.umap
[2016.10.05-12.11.18:488][642]LogFileHelpers: Saving map 'TemporizateSwitch' took 1.105
[2016.10.05-12.11.19:997][726]LogBlueprintUserMessages: Early PlayInEditor Detection: Level '/Game/LEVELS/TemporizateSwitch.TemporizateSwitch:PersistentLevel' has LevelScriptBlueprint '/Game/LEVELS/TemporizateSwitch.TemporizateSwitch:PersistentLevel.TemporizateSwitch' with GeneratedClass '/Game/LEVELS/TemporizateSwitch.TemporizateSwitch_C' with ClassGeneratedBy '/Game/LEVELS/TemporizateSwitch.TemporizateSwitch:PersistentLevel.TemporizateSwitch'
[2016.10.05-12.11.19:997][726]LogPlayLevel: PlayLevel: No blueprints needed recompiling
[2016.10.05-12.11.19:997][726]PIE: New page: PIE session: TemporizateSwitch (Oct 5, 2016, 3:11:19 PM)
[2016.10.05-12.11.19:998][726]LogPlayLevel: Creating play world package: /Game/LEVELS/UEDPIE_0_TemporizateSwitch
[2016.10.05-12.11.20:043][726]LogPlayLevel: PIE: StaticDuplicateObject took: (0.044994s)
[2016.10.05-12.11.20:044][726]LogAIModule: Creating AISystem for world TemporizateSwitch
[2016.10.05-12.11.20:045][726]LogPlayLevel: PIE: World Init took: (0.002011s)
[2016.10.05-12.11.20:045][726]LogPlayLevel: PIE: Created PIE world by copying editor world from /Game/LEVELS/TemporizateSwitch.TemporizateSwitch to /Game/LEVELS/UEDPIE_0_TemporizateSwitch.TemporizateSwitch (0.047402s)
[2016.10.05-12.11.20:092][726]LogInit: XAudio2 using 'Speakers (Realtek High Definition Audio)' : 2 channels at 48 kHz using 32 bits per sample (channel mask 0x3)
[2016.10.05-12.11.20:106][726]LogInit: FAudioDevice initialized.
[2016.10.05-12.11.20:143][726]LogWorld: Game class is 'TopDownGameMode_C'
[2016.10.05-12.11.20:151][726]LogWorld: Bringing World /Game/LEVELS/UEDPIE_0_TemporizateSwitch.TemporizateSwitch up for play (max tick rate 0) at 2016.10.05-14.11.20
[2016.10.05-12.11.20:152][726]LogWorld: Bringing up level for play took: 0.008850
[2016.10.05-12.11.20:153][726]LogGameMode:Display: Match State Changed from EnteringMap to WaitingToStart
[2016.10.05-12.11.20:153][726]LogGameState: Match State Changed from EnteringMap to WaitingToStart
[2016.10.05-12.11.20:153][726]LogGameMode:Display: Match State Changed from WaitingToStart to InProgress
[2016.10.05-12.11.20:153][726]LogGameState: Match State Changed from WaitingToStart to InProgress
[2016.10.05-12.11.20:154][726]PIE: Info Play in editor start time for /Game/LEVELS/UEDPIE_0_TemporizateSwitch 0.611
[2016.10.05-12.11.20:154][726]LogBlueprintUserMessages: Late PlayInEditor Detection: Level '/Game/LEVELS/TemporizateSwitch.TemporizateSwitch:PersistentLevel' has LevelScriptBlueprint '/Game/LEVELS/TemporizateSwitch.TemporizateSwitch:PersistentLevel.TemporizateSwitch' with GeneratedClass '/Game/LEVELS/TemporizateSwitch.TemporizateSwitch_C' with ClassGeneratedBy '/Game/LEVELS/TemporizateSwitch.TemporizateSwitch:PersistentLevel.TemporizateSwitch'
[2016.10.05-12.11.31:934][428]LogBlueprintUserMessages: Early EndPlayMap Detection: Level '/Game/LEVELS/TemporizateSwitch.TemporizateSwitch:PersistentLevel' has LevelScriptBlueprint '/Game/LEVELS/TemporizateSwitch.TemporizateSwitch:PersistentLevel.TemporizateSwitch' with GeneratedClass '/Game/LEVELS/TemporizateSwitch.TemporizateSwitch_C' with ClassGeneratedBy '/Game/LEVELS/TemporizateSwitch.TemporizateSwitch:PersistentLevel.TemporizateSwitch'
[2016.10.05-12.11.32:007][428]LogBlueprintUserMessages: Late EndPlayMap Detection: Level '/Game/LEVELS/TemporizateSwitch.TemporizateSwitch:PersistentLevel' has LevelScriptBlueprint '/Game/LEVELS/TemporizateSwitch.TemporizateSwitch:PersistentLevel.TemporizateSwitch' with GeneratedClass '/Game/LEVELS/TemporizateSwitch.TemporizateSwitch_C' with ClassGeneratedBy '/Game/LEVELS/TemporizateSwitch.TemporizateSwitch:PersistentLevel.TemporizateSwitch'
[2016.10.05-12.13.07:693][656]LogSavePackage: Save=835.08ms
[2016.10.05-12.13.07:693][656]LogSavePackage: Moving '../../../../../../Users/usuario/Desktop/VANsGame/Mechanics/BasicMechanics/Saved/TemporizateSwitch754FE3F34D0B8DA631B727AE04ED89A5.tmp' to '../../../../../../Users/usuario/Desktop/VANsGame/Mechanics/BasicMechanics/Content/LEVELS/TemporizateSwitch.umap'
[2016.10.05-12.13.07:699][656]LogSavePackage:Display: Finished SavePackage ../../../../../../Users/usuario/Desktop/VANsGame/Mechanics/BasicMechanics/Content/LEVELS/TemporizateSwitch.umap
[2016.10.05-12.13.07:757][656]LogFileHelpers: Saving map 'TemporizateSwitch' took 1.033
[2016.10.05-12.13.08:980][717]LogBlueprintUserMessages: Early PlayInEditor Detection: Level '/Game/LEVELS/TemporizateSwitch.TemporizateSwitch:PersistentLevel' has LevelScriptBlueprint '/Game/LEVELS/TemporizateSwitch.TemporizateSwitch:PersistentLevel.TemporizateSwitch' with GeneratedClass '/Game/LEVELS/TemporizateSwitch.TemporizateSwitch_C' with ClassGeneratedBy '/Game/LEVELS/TemporizateSwitch.TemporizateSwitch:PersistentLevel.TemporizateSwitch'
[2016.10.05-12.13.08:980][717]LogPlayLevel: PlayLevel: No blueprints needed recompiling
[2016.10.05-12.13.08:980][717]PIE: New page: PIE session: TemporizateSwitch (Oct 5, 2016, 3:13:08 PM)
[2016.10.05-12.13.08:981][717]LogPlayLevel: Creating play world package: /Game/LEVELS/UEDPIE_0_TemporizateSwitch
[2016.10.05-12.13.09:027][717]LogPlayLevel: PIE: StaticDuplicateObject took: (0.046587s)
[2016.10.05-12.13.09:029][717]LogAIModule: Creating AISystem for world TemporizateSwitch
[2016.10.05-12.13.09:029][717]LogPlayLevel: PIE: World Init took: (0.001951s)
[2016.10.05-12.13.09:030][717]LogPlayLevel: PIE: Created PIE world by copying editor world from /Game/LEVELS/TemporizateSwitch.TemporizateSwitch to /Game/LEVELS/UEDPIE_0_TemporizateSwitch.TemporizateSwitch (0.048992s)
[2016.10.05-12.13.09:080][717]LogInit: XAudio2 using 'Speakers (Realtek High Definition Audio)' : 2 channels at 48 kHz using 32 bits per sample (channel mask 0x3)
[2016.10.05-12.13.09:094][717]LogInit: FAudioDevice initialized.
[2016.10.05-12.13.09:138][717]LogWorld: Game class is 'TopDownGameMode_C'
[2016.10.05-12.13.09:149][717]LogWorld: Bringing World /Game/LEVELS/UEDPIE_0_TemporizateSwitch.TemporizateSwitch up for play (max tick rate 0) at 2016.10.05-14.13.09
[2016.10.05-12.13.09:150][717]LogWorld: Bringing up level for play took: 0.011138
[2016.10.05-12.13.09:151][717]LogGameMode:Display: Match State Changed from EnteringMap to WaitingToStart
[2016.10.05-12.13.09:151][717]LogGameState: Match State Changed from EnteringMap to WaitingToStart
[2016.10.05-12.13.09:151][717]LogGameMode:Display: Match State Changed from WaitingToStart to InProgress
[2016.10.05-12.13.09:152][717]LogGameState: Match State Changed from WaitingToStart to InProgress
[2016.10.05-12.13.09:152][717]PIE: Info Play in editor start time for /Game/LEVELS/UEDPIE_0_TemporizateSwitch -0.39
[2016.10.05-12.13.09:152][717]LogBlueprintUserMessages: Late PlayInEditor Detection: Level '/Game/LEVELS/TemporizateSwitch.TemporizateSwitch:PersistentLevel' has LevelScriptBlueprint '/Game/LEVELS/TemporizateSwitch.TemporizateSwitch:PersistentLevel.TemporizateSwitch' with GeneratedClass '/Game/LEVELS/TemporizateSwitch.TemporizateSwitch_C' with ClassGeneratedBy '/Game/LEVELS/TemporizateSwitch.TemporizateSwitch:PersistentLevel.TemporizateSwitch'
[2016.10.05-12.13.30:081][962]LogBlueprintUserMessages: Early EndPlayMap Detection: Level '/Game/LEVELS/TemporizateSwitch.TemporizateSwitch:PersistentLevel' has LevelScriptBlueprint '/Game/LEVELS/TemporizateSwitch.TemporizateSwitch:PersistentLevel.TemporizateSwitch' with GeneratedClass '/Game/LEVELS/TemporizateSwitch.TemporizateSwitch_C' with ClassGeneratedBy '/Game/LEVELS/TemporizateSwitch.TemporizateSwitch:PersistentLevel.TemporizateSwitch'
[2016.10.05-12.13.30:153][962]LogBlueprintUserMessages: Late EndPlayMap Detection: Level '/Game/LEVELS/TemporizateSwitch.TemporizateSwitch:PersistentLevel' has LevelScriptBlueprint '/Game/LEVELS/TemporizateSwitch.TemporizateSwitch:PersistentLevel.TemporizateSwitch' with GeneratedClass '/Game/LEVELS/TemporizateSwitch.TemporizateSwitch_C' with ClassGeneratedBy '/Game/LEVELS/TemporizateSwitch.TemporizateSwitch:PersistentLevel.TemporizateSwitch'
[2016.10.05-12.14.01:488][615]LogSavePackage: Save=890.24ms
[2016.10.05-12.14.01:488][615]LogSavePackage: Moving '../../../../../../Users/usuario/Desktop/VANsGame/Mechanics/BasicMechanics/Saved/TemporizateSwitch66BFC4074713BD70225C5393C1C34086.tmp' to '../../../../../../Users/usuario/Desktop/VANsGame/Mechanics/BasicMechanics/Content/LEVELS/TemporizateSwitch.umap'
[2016.10.05-12.14.01:494][615]LogSavePackage:Display: Finished SavePackage ../../../../../../Users/usuario/Desktop/VANsGame/Mechanics/BasicMechanics/Content/LEVELS/TemporizateSwitch.umap
[2016.10.05-12.14.01:529][615]LogFileHelpers: Saving map 'TemporizateSwitch' took 1.057
[2016.10.05-12.14.02:527][657]LogBlueprintUserMessages: Early PlayInEditor Detection: Level '/Game/LEVELS/TemporizateSwitch.TemporizateSwitch:PersistentLevel' has LevelScriptBlueprint '/Game/LEVELS/TemporizateSwitch.TemporizateSwitch:PersistentLevel.TemporizateSwitch' with GeneratedClass '/Game/LEVELS/TemporizateSwitch.TemporizateSwitch_C' with ClassGeneratedBy '/Game/LEVELS/TemporizateSwitch.TemporizateSwitch:PersistentLevel.TemporizateSwitch'
[2016.10.05-12.14.02:527][657]LogPlayLevel: PlayLevel: No blueprints needed recompiling
[2016.10.05-12.14.02:527][657]PIE: New page: PIE session: TemporizateSwitch (Oct 5, 2016, 3:14:02 PM)
[2016.10.05-12.14.02:527][657]LogPlayLevel: Creating play world package: /Game/LEVELS/UEDPIE_0_TemporizateSwitch
[2016.10.05-12.14.02:582][657]LogPlayLevel: PIE: StaticDuplicateObject took: (0.055344s)
[2016.10.05-12.14.02:585][657]LogAIModule: Creating AISystem for world TemporizateSwitch
[2016.10.05-12.14.02:587][657]LogPlayLevel: PIE: World Init took: (0.004088s)
[2016.10.05-12.14.02:587][657]LogPlayLevel: PIE: Created PIE world by copying editor world from /Game/LEVELS/TemporizateSwitch.TemporizateSwitch to /Game/LEVELS/UEDPIE_0_TemporizateSwitch.TemporizateSwitch (0.059901s)
[2016.10.05-12.14.02:644][657]LogInit: XAudio2 using 'Speakers (Realtek High Definition Audio)' : 2 channels at 48 kHz using 32 bits per sample (channel mask 0x3)
[2016.10.05-12.14.02:661][657]LogInit: FAudioDevice initialized.
[2016.10.05-12.14.02:696][657]LogWorld: Game class is 'TopDownGameMode_C'
[2016.10.05-12.14.02:704][657]LogWorld: Bringing World /Game/LEVELS/UEDPIE_0_TemporizateSwitch.TemporizateSwitch up for play (max tick rate 0) at 2016.10.05-14.14.02
[2016.10.05-12.14.02:704][657]LogWorld: Bringing up level for play took: 0.007972
[2016.10.05-12.14.02:705][657]LogGameMode:Display: Match State Changed from EnteringMap to WaitingToStart
[2016.10.05-12.14.02:705][657]LogGameState: Match State Changed from EnteringMap to WaitingToStart
[2016.10.05-12.14.02:705][657]LogGameMode:Display: Match State Changed from WaitingToStart to InProgress
[2016.10.05-12.14.02:706][657]LogGameState: Match State Changed from WaitingToStart to InProgress
[2016.10.05-12.14.02:706][657]PIE: Info Play in editor start time for /Game/LEVELS/UEDPIE_0_TemporizateSwitch 1.164
[2016.10.05-12.14.02:706][657]LogBlueprintUserMessages: Late PlayInEditor Detection: Level '/Game/LEVELS/TemporizateSwitch.TemporizateSwitch:PersistentLevel' has LevelScriptBlueprint '/Game/LEVELS/TemporizateSwitch.TemporizateSwitch:PersistentLevel.TemporizateSwitch' with GeneratedClass '/Game/LEVELS/TemporizateSwitch.TemporizateSwitch_C' with ClassGeneratedBy '/Game/LEVELS/TemporizateSwitch.TemporizateSwitch:PersistentLevel.TemporizateSwitch'
[2016.10.05-12.14.19:211][637]LogBlueprintUserMessages: Early EndPlayMap Detection: Level '/Game/LEVELS/TemporizateSwitch.TemporizateSwitch:PersistentLevel' has LevelScriptBlueprint '/Game/LEVELS/TemporizateSwitch.TemporizateSwitch:PersistentLevel.TemporizateSwitch' with GeneratedClass '/Game/LEVELS/TemporizateSwitch.TemporizateSwitch_C' with ClassGeneratedBy '/Game/LEVELS/TemporizateSwitch.TemporizateSwitch:PersistentLevel.TemporizateSwitch'
[2016.10.05-12.14.19:281][637]LogBlueprintUserMessages: Late EndPlayMap Detection: Level '/Game/LEVELS/TemporizateSwitch.TemporizateSwitch:PersistentLevel' has LevelScriptBlueprint '/Game/LEVELS/TemporizateSwitch.TemporizateSwitch:PersistentLevel.TemporizateSwitch' with GeneratedClass '/Game/LEVELS/TemporizateSwitch.TemporizateSwitch_C' with ClassGeneratedBy '/Game/LEVELS/TemporizateSwitch.TemporizateSwitch:PersistentLevel.TemporizateSwitch'
[2016.10.05-12.14.22:937][838]LogBlueprintUserMessages: Early PlayInEditor Detection: Level '/Game/LEVELS/TemporizateSwitch.TemporizateSwitch:PersistentLevel' has LevelScriptBlueprint '/Game/LEVELS/TemporizateSwitch.TemporizateSwitch:PersistentLevel.TemporizateSwitch' with GeneratedClass '/Game/LEVELS/TemporizateSwitch.TemporizateSwitch_C' with ClassGeneratedBy '/Game/LEVELS/TemporizateSwitch.TemporizateSwitch:PersistentLevel.TemporizateSwitch'
[2016.10.05-12.14.22:937][838]LogPlayLevel: PlayLevel: No blueprints needed recompiling
[2016.10.05-12.14.22:937][838]PIE: New page: PIE session: TemporizateSwitch (Oct 5, 2016, 3:14:22 PM)
[2016.10.05-12.14.22:938][838]LogPlayLevel: Creating play world package: /Game/LEVELS/UEDPIE_0_TemporizateSwitch
[2016.10.05-12.14.22:977][838]LogPlayLevel: PIE: StaticDuplicateObject took: (0.039686s)
[2016.10.05-12.14.22:979][838]LogAIModule: Creating AISystem for world TemporizateSwitch
[2016.10.05-12.14.22:979][838]LogPlayLevel: PIE: World Init took: (0.002084s)
[2016.10.05-12.14.22:980][838]LogPlayLevel: PIE: Created PIE world by copying editor world from /Game/LEVELS/TemporizateSwitch.TemporizateSwitch to /Game/LEVELS/UEDPIE_0_TemporizateSwitch.TemporizateSwitch (0.042213s)
[2016.10.05-12.14.23:032][838]LogInit: XAudio2 using 'Speakers (Realtek High Definition Audio)' : 2 channels at 48 kHz using 32 bits per sample (channel mask 0x3)
[2016.10.05-12.14.23:045][838]LogInit: FAudioDevice initialized.
[2016.10.05-12.14.23:088][838]LogWorld: Game class is 'TopDownGameMode_C'
[2016.10.05-12.14.23:096][838]LogWorld: Bringing World /Game/LEVELS/UEDPIE_0_TemporizateSwitch.TemporizateSwitch up for play (max tick rate 0) at 2016.10.05-14.14.23
[2016.10.05-12.14.23:097][838]LogWorld: Bringing up level for play took: 0.007673
[2016.10.05-12.14.23:098][838]LogGameMode:Display: Match State Changed from EnteringMap to WaitingToStart
[2016.10.05-12.14.23:098][838]LogGameState: Match State Changed from EnteringMap to WaitingToStart
[2016.10.05-12.14.23:098][838]LogGameMode:Display: Match State Changed from WaitingToStart to InProgress
[2016.10.05-12.14.23:098][838]LogGameState: Match State Changed from WaitingToStart to InProgress
[2016.10.05-12.14.23:099][838]PIE: Info Play in editor start time for /Game/LEVELS/UEDPIE_0_TemporizateSwitch -0.444
[2016.10.05-12.14.23:099][838]LogBlueprintUserMessages: Late PlayInEditor Detection: Level '/Game/LEVELS/TemporizateSwitch.TemporizateSwitch:PersistentLevel' has LevelScriptBlueprint '/Game/LEVELS/TemporizateSwitch.TemporizateSwitch:PersistentLevel.TemporizateSwitch' with GeneratedClass '/Game/LEVELS/TemporizateSwitch.TemporizateSwitch_C' with ClassGeneratedBy '/Game/LEVELS/TemporizateSwitch.TemporizateSwitch:PersistentLevel.TemporizateSwitch'
[2016.10.05-12.14.38:341][746]LogBlueprintUserMessages: Early EndPlayMap Detection: Level '/Game/LEVELS/TemporizateSwitch.TemporizateSwitch:PersistentLevel' has LevelScriptBlueprint '/Game/LEVELS/TemporizateSwitch.TemporizateSwitch:PersistentLevel.TemporizateSwitch' with GeneratedClass '/Game/LEVELS/TemporizateSwitch.TemporizateSwitch_C' with ClassGeneratedBy '/Game/LEVELS/TemporizateSwitch.TemporizateSwitch:PersistentLevel.TemporizateSwitch'
[2016.10.05-12.14.38:413][746]LogBlueprintUserMessages: Late EndPlayMap Detection: Level '/Game/LEVELS/TemporizateSwitch.TemporizateSwitch:PersistentLevel' has LevelScriptBlueprint '/Game/LEVELS/TemporizateSwitch.TemporizateSwitch:PersistentLevel.TemporizateSwitch' with GeneratedClass '/Game/LEVELS/TemporizateSwitch.TemporizateSwitch_C' with ClassGeneratedBy '/Game/LEVELS/TemporizateSwitch.TemporizateSwitch:PersistentLevel.TemporizateSwitch'
[2016.10.05-12.14.42:153][  0]LogWindowsTextInputMethodSystem:Display: IME system now deactivated.
[2016.10.05-12.14.42:375][  1]Cmd: QUIT_EDITOR
[2016.10.05-12.14.43:448][  1]LogExit: Preparing to exit.
[2016.10.05-12.14.44:068][  1]LogDirectoryWatcher: A directory notification for 'C:/Users/usuario/Desktop/VANsGame/Mechanics/BasicMechanics/Content/' was aborted.
[2016.10.05-12.14.44:126][  1]LogExit: Editor shut down
[2016.10.05-12.14.44:126][  1]LogExit: Transaction tracking system shut down
[2016.10.05-12.14.44:373][  1]LogObj: Freed 0b from 0 cluster array pools.
[2016.10.05-12.14.44:373][  1]LogExit: Object subsystem successfully closed.
[2016.10.05-12.14.44:389][  1]LogD3D11RHI: Shutdown
[2016.10.05-12.14.44:389][  1]LogD3D11RHI: CleanupD3DDevice
[2016.10.05-12.14.44:511][  1]LogD3D11RHI: ~FD3D11DynamicRHI
[2016.10.05-12.14.44:535][  1]LogModuleManager: Shutting down and abandoning module BlueprintGraph (236)
[2016.10.05-12.14.44:535][  1]LogModuleManager: Shutting down and abandoning module BlueprintProfiler (235)
[2016.10.05-12.14.44:535][  1]LogModuleManager: Shutting down and abandoning module MovieSceneCapture (234)
[2016.10.05-12.14.44:535][  1]LogModuleManager: Shutting down and abandoning module HierarchicalLODOutliner (233)
[2016.10.05-12.14.44:535][  1]LogModuleManager: Shutting down and abandoning module CrashTracker (232)
[2016.10.05-12.14.44:535][  1]LogModuleManager: Shutting down and abandoning module SceneOutliner (231)
[2016.10.05-12.14.44:535][  1]LogModuleManager: Shutting down and abandoning module WidgetCarousel (230)
[2016.10.05-12.14.44:535][  1]LogModuleManager: Shutting down and abandoning module AddContentDialog (229)
[2016.10.05-12.14.44:535][  1]LogDirectoryWatcher: A directory notification for 'C:/Program Files (x86)/Epic Games/4.13/FeaturePacks/' was aborted.
[2016.10.05-12.14.44:537][  1]LogModuleManager: Shutting down and abandoning module GameplayTags (228)
[2016.10.05-12.14.44:537][  1]LogModuleManager: Shutting down and abandoning module EditorWidgets (227)
[2016.10.05-12.14.44:537][  1]LogModuleManager: Shutting down and abandoning module CollectionManager (226)
[2016.10.05-12.14.44:537][  1]LogDirectoryWatcher: A directory notification for 'C:/Users/usuario/Desktop/VANsGame/Mechanics/BasicMechanics/Content/Collections/' was aborted.
[2016.10.05-12.14.44:537][  1]LogDirectoryWatcher: A directory notification for 'C:/Users/usuario/Desktop/VANsGame/Mechanics/BasicMechanics/Content/Developers/usuario/Collections/' was aborted.
[2016.10.05-12.14.44:537][  1]LogDirectoryWatcher: A directory notification for 'C:/Users/usuario/Desktop/VANsGame/Mechanics/BasicMechanics/Saved/Collections/' was aborted.
[2016.10.05-12.14.44:537][  1]LogModuleManager: Shutting down and abandoning module StatsViewer (225)
[2016.10.05-12.14.44:537][  1]LogModuleManager: Shutting down and abandoning module FoliageEdit (224)
[2016.10.05-12.14.44:537][  1]LogModuleManager: Shutting down and abandoning module LandscapeEditor (223)
[2016.10.05-12.14.44:537][  1]LogModuleManager: Shutting down and abandoning module SceneDepthPickerMode (222)
[2016.10.05-12.14.44:537][  1]LogModuleManager: Shutting down and abandoning module ActorPickerMode (221)
[2016.10.05-12.14.44:537][  1]LogModuleManager: Shutting down and abandoning module GeometryMode (220)
[2016.10.05-12.14.44:538][  1]LogModuleManager: Shutting down and abandoning module TextureAlignMode (219)
[2016.10.05-12.14.44:538][  1]LogModuleManager: Shutting down and abandoning module BspMode (218)
[2016.10.05-12.14.44:538][  1]LogModuleManager: Shutting down and abandoning module HardwareSurvey (217)
[2016.10.05-12.14.44:538][  1]LogModuleManager: Shutting down and abandoning module SequenceRecorderSections (216)
[2016.10.05-12.14.44:538][  1]LogModuleManager: Shutting down and abandoning module SequenceRecorder (215)
[2016.10.05-12.14.44:538][  1]LogModuleManager: Shutting down and abandoning module AutomationWorker (214)
[2016.10.05-12.14.44:538][  1]LogModuleManager: Shutting down and abandoning module MatineeToLevelSequence (213)
[2016.10.05-12.14.44:538][  1]LogModuleManager: Shutting down and abandoning module PlacementMode (212)
[2016.10.05-12.14.44:538][  1]LogModuleManager: Shutting down and abandoning module LevelSequenceEditor (211)
[2016.10.05-12.14.44:538][  1]LogModuleManager: Shutting down and abandoning module WmfMediaFactory (210)
[2016.10.05-12.14.44:538][  1]LogModuleManager: Shutting down and abandoning module WmfMediaEditor (209)
[2016.10.05-12.14.44:538][  1]LogModuleManager: Shutting down and abandoning module AvfMediaFactory (208)
[2016.10.05-12.14.44:538][  1]LogModuleManager: Shutting down and abandoning module AvfMediaEditor (207)
[2016.10.05-12.14.44:538][  1]LogModuleManager: Shutting down and abandoning module Media (206)
[2016.10.05-12.14.44:538][  1]LogModuleManager: Shutting down and abandoning module AndroidMediaFactory (205)
[2016.10.05-12.14.44:538][  1]LogModuleManager: Shutting down and abandoning module AndroidMediaEditor (204)
[2016.10.05-12.14.44:538][  1]LogModuleManager: Shutting down and abandoning module CharacterAI (203)
[2016.10.05-12.14.44:538][  1]LogModuleManager: Shutting down and abandoning module SmartSnapping (202)
[2016.10.05-12.14.44:538][  1]LogModuleManager: Shutting down and abandoning module SessionServices (201)
[2016.10.05-12.14.44:538][  1]LogModuleManager: Shutting down and abandoning module ViewportSnapping (200)
[2016.10.05-12.14.44:538][  1]LogModuleManager: Shutting down and abandoning module ViewportInteraction (199)
[2016.10.05-12.14.44:538][  1]LogModuleManager: Shutting down and abandoning module LogVisualizer (198)
[2016.10.05-12.14.44:538][  1]LogModuleManager: Shutting down and abandoning module GameProjectGeneration (197)
[2016.10.05-12.14.44:539][  1]LogModuleManager: Shutting down and abandoning module IntroTutorials (196)
[2016.10.05-12.14.44:539][  1]LogModuleManager: Shutting down and abandoning module EditorLiveStreaming (195)
[2016.10.05-12.14.44:539][  1]LogModuleManager: Shutting down and abandoning module IOSPlatformEditor (194)
[2016.10.05-12.14.44:539][  1]LogModuleManager: Shutting down and abandoning module HTML5PlatformEditor (193)
[2016.10.05-12.14.44:539][  1]LogModuleManager: Shutting down and abandoning module AndroidDeviceDetection (192)
[2016.10.05-12.14.45:343][  1]LogModuleManager: Shutting down and abandoning module AndroidPlatformEditor (191)
[2016.10.05-12.14.45:343][  1]LogModuleManager: Shutting down and abandoning module IOSRuntimeSettings (190)
[2016.10.05-12.14.45:343][  1]LogModuleManager: Shutting down and abandoning module AndroidRuntimeSettings (189)
[2016.10.05-12.14.45:343][  1]LogModuleManager: Shutting down and abandoning module NiagaraEditor (188)
[2016.10.05-12.14.45:343][  1]LogModuleManager: Shutting down and abandoning module MergeActors (187)
[2016.10.05-12.14.45:343][  1]LogModuleManager: Shutting down and abandoning module SizeMap (186)
[2016.10.05-12.14.45:343][  1]LogModuleManager: Shutting down and abandoning module TreeMap (185)
[2016.10.05-12.14.45:343][  1]LogModuleManager: Shutting down and abandoning module ReferenceViewer (184)
[2016.10.05-12.14.45:343][  1]LogModuleManager: Shutting down and abandoning module LocalizationService (183)
[2016.10.05-12.14.45:343][  1]LogModuleManager: Shutting down and abandoning module LocalizationDashboard (182)
[2016.10.05-12.14.45:343][  1]LogModuleManager: Shutting down and abandoning module HardwareTargeting (181)
[2016.10.05-12.14.45:343][  1]LogModuleManager: Shutting down and abandoning module DeviceProfileEditor (180)
[2016.10.05-12.14.45:343][  1]LogModuleManager: Shutting down and abandoning module UndoHistory (179)
[2016.10.05-12.14.45:343][  1]LogModuleManager: Shutting down and abandoning module UserFeedback (178)
[2016.10.05-12.14.45:343][  1]LogModuleManager: Shutting down and abandoning module XmlParser (177)
[2016.10.05-12.14.45:343][  1]LogModuleManager: Shutting down and abandoning module Blutility (176)
[2016.10.05-12.14.45:343][  1]LogModuleManager: Shutting down and abandoning module ProjectTargetPlatformEditor (175)
[2016.10.05-12.14.45:343][  1]LogModuleManager: Shutting down and abandoning module ProjectSettingsViewer (174)
[2016.10.05-12.14.45:343][  1]LogModuleManager: Shutting down and abandoning module InputBindingEditor (173)
[2016.10.05-12.14.45:344][  1]LogModuleManager: Shutting down and abandoning module EditorSettingsViewer (172)
[2016.10.05-12.14.45:344][  1]LogModuleManager: Shutting down and abandoning module SettingsEditor (171)
[2016.10.05-12.14.45:344][  1]LogModuleManager: Shutting down and abandoning module ProjectLauncher (170)
[2016.10.05-12.14.45:344][  1]LogModuleManager: Shutting down and abandoning module SessionFrontend (169)
[2016.10.05-12.14.45:344][  1]LogModuleManager: Shutting down and abandoning module ProfilerClient (168)
[2016.10.05-12.14.45:344][  1]LogModuleManager: Shutting down and abandoning module TargetDeviceServices (167)
[2016.10.05-12.14.45:344][  1]LogModuleManager: Shutting down and abandoning module DeviceManager (166)
[2016.10.05-12.14.45:386][  1]LogModuleManager: Shutting down and abandoning module AutomationController (165)
[2016.10.05-12.14.45:386][  1]LogModuleManager: Shutting down and abandoning module AutomationWindow (164)
[2016.10.05-12.14.45:386][  1]LogModuleManager: Shutting down and abandoning module Layers (163)
[2016.10.05-12.14.45:386][  1]LogModuleManager: Shutting down and abandoning module ComponentVisualizers (162)
[2016.10.05-12.14.45:386][  1]LogModuleManager: Shutting down and abandoning module DetailCustomizations (161)
[2016.10.05-12.14.45:386][  1]LogModuleManager: Shutting down and abandoning module PackagesDialog (160)
[2016.10.05-12.14.45:387][  1]LogModuleManager: Shutting down and abandoning module AnimGraph (159)
[2016.10.05-12.14.45:387][  1]LogModuleManager: Shutting down and abandoning module Persona (158)
[2016.10.05-12.14.45:387][  1]LogModuleManager: Shutting down and abandoning module Kismet (157)
[2016.10.05-12.14.45:397][  1]LogModuleManager: Shutting down and abandoning module GraphEditor (156)
[2016.10.05-12.14.45:397][  1]LogModuleManager: Shutting down and abandoning module ClassViewer (155)
[2016.10.05-12.14.45:397][  1]LogModuleManager: Shutting down and abandoning module Toolbox (154)
[2016.10.05-12.14.45:397][  1]LogModuleManager: Shutting down and abandoning module ModuleUI (153)
[2016.10.05-12.14.45:397][  1]LogModuleManager: Shutting down and abandoning module MovieSceneTools (152)
[2016.10.05-12.14.45:397][  1]LogModuleManager: Shutting down and abandoning module OutputLog (151)
[2016.10.05-12.14.45:397][  1]LogModuleManager: Shutting down and abandoning module GammaUI (150)
[2016.10.05-12.14.45:397][  1]LogModuleManager: Shutting down and abandoning module Documentation (149)
[2016.10.05-12.14.45:397][  1]LogModuleManager: Shutting down and abandoning module Niagara (148)
[2016.10.05-12.14.45:397][  1]LogModuleManager: Shutting down and abandoning module StreamingPauseRendering (147)
[2016.10.05-12.14.45:397][  1]LogModuleManager: Shutting down and abandoning module AnalyticsET (146)
[2016.10.05-12.14.45:397][  1]LogModuleManager: Shutting down and abandoning module PortalServices (145)
[2016.10.05-12.14.45:397][  1]LogModuleManager: Shutting down and abandoning module PortalRpc (144)
[2016.10.05-12.14.45:397][  1]LogModuleManager: Shutting down and abandoning module MessagingRpc (143)
[2016.10.05-12.14.45:397][  1]LogModuleManager: Shutting down and abandoning module GameplayDebugger (142)
[2016.10.05-12.14.45:397][  1]LogModuleManager: Shutting down and abandoning module AITestSuite (141)
[2016.10.05-12.14.45:397][  1]LogModuleManager: Shutting down and abandoning module AIModule (140)
[2016.10.05-12.14.45:397][  1]LogModuleManager: Shutting down and abandoning module ProfilerService (139)
[2016.10.05-12.14.45:504][  1]LogModuleManager: Shutting down and abandoning module TaskGraph (138)
[2016.10.05-12.14.45:504][  1]LogModuleManager: Shutting down and abandoning module SlateRemote (137)
[2016.10.05-12.14.45:504][  1]LogModuleManager: Shutting down and abandoning module SteamVRController (136)
[2016.10.05-12.14.45:504][  1]LogModuleManager: Shutting down and abandoning module SteamVR (135)
[2016.10.05-12.14.45:504][  1]LogModuleManager: Shutting down and abandoning module ProceduralMeshComponentEditor (134)
[2016.10.05-12.14.45:504][  1]LogModuleManager: Shutting down and abandoning module ProceduralMeshComponent (133)
[2016.10.05-12.14.45:504][  1]LogModuleManager: Shutting down and abandoning module OculusLibrary (132)
[2016.10.05-12.14.45:504][  1]LogModuleManager: Shutting down and abandoning module OculusInput (131)
[2016.10.05-12.14.45:504][  1]LogModuleManager: Shutting down and abandoning module CustomMeshComponent (130)
[2016.10.05-12.14.45:504][  1]LogModuleManager: Shutting down and abandoning module CableComponent (129)
[2016.10.05-12.14.45:504][  1]LogModuleManager: Shutting down and abandoning module ArchVisCharacter (128)
[2016.10.05-12.14.45:504][  1]LogModuleManager: Shutting down and abandoning module MediaPlayerEditor (126)
[2016.10.05-12.14.45:505][  1]LogModuleManager: Shutting down and abandoning module HTML5Networking (125)
[2016.10.05-12.14.45:505][  1]LogModuleManager: Shutting down and abandoning module GeometryCacheEd (124)
[2016.10.05-12.14.45:505][  1]LogModuleManager: Shutting down and abandoning module GeometryCache (123)
[2016.10.05-12.14.45:505][  1]LogModuleManager: Shutting down and abandoning module AlembicLibrary (122)
[2016.10.05-12.14.45:505][  1]LogModuleManager: Shutting down and abandoning module AlembicImporter (121)
[2016.10.05-12.14.45:505][  1]LogModuleManager: Shutting down and abandoning module SuperSearch (120)
[2016.10.05-12.14.45:505][  1]LogModuleManager: Shutting down and abandoning module SuperSearchEditor (119)
[2016.10.05-12.14.45:505][  1]LogModuleManager: Shutting down and abandoning module SpeedTreeImporter (118)
[2016.10.05-12.14.45:505][  1]LogModuleManager: Shutting down and abandoning module PluginBrowser (117)
[2016.10.05-12.14.45:505][  1]LogModuleManager: Shutting down and abandoning module MobileLauncherProfileWizard (116)
[2016.10.05-12.14.45:505][  1]LogModuleManager: Shutting down and abandoning module EpicSurvey (115)
[2016.10.05-12.14.45:505][  1]LogModuleManager: Shutting down and abandoning module DesktopPlatform (114)
[2016.10.05-12.14.45:505][  1]LogModuleManager: Shutting down and abandoning module VisualStudioSourceCodeAccess (113)
[2016.10.05-12.14.45:505][  1]LogModuleManager: Shutting down and abandoning module UObjectPlugin (112)
[2016.10.05-12.14.45:505][  1]LogModuleManager: Shutting down and abandoning module SubversionSourceControl (111)
[2016.10.05-12.14.45:505][  1]LogModuleManager: Shutting down and abandoning module PerforceSourceControl (110)
[2016.10.05-12.14.45:505][  1]LogModuleManager: Shutting down and abandoning module SourceControl (109)
[2016.10.05-12.14.45:505][  1]LogModuleManager: Shutting down and abandoning module GitSourceControl (108)
[2016.10.05-12.14.45:505][  1]LogModuleManager: Shutting down and abandoning module LightPropagationVolumeEditor (107)
[2016.10.05-12.14.45:505][  1]LogModuleManager: Shutting down and abandoning module PaperTiledImporter (106)
[2016.10.05-12.14.45:505][  1]LogModuleManager: Shutting down and abandoning module PaperSpriteSheetImporter (105)
[2016.10.05-12.14.45:505][  1]LogModuleManager: Shutting down and abandoning module MeshPaint (104)
[2016.10.05-12.14.45:505][  1]LogModuleManager: Shutting down and abandoning module FbxAutomationBuilderModule (103)
[2016.10.05-12.14.45:505][  1]LogModuleManager: Shutting down and abandoning module PixelInspectorModule (102)
[2016.10.05-12.14.45:505][  1]LogModuleManager: Shutting down and abandoning module HotReload (101)
[2016.10.05-12.14.45:506][  1]LogModuleManager: Shutting down and abandoning module MainFrame (100)
[2016.10.05-12.14.45:506][  1]LogModuleManager: Shutting down and abandoning module LevelEditor (99)
[2016.10.05-12.14.45:508][  1]LogModuleManager: Shutting down and abandoning module ContentBrowser (98)
[2016.10.05-12.14.45:509][  1]LogModuleManager: Shutting down and abandoning module Paper2DEditor (97)
[2016.10.05-12.14.45:509][  1]LogModuleManager: Shutting down and abandoning module UdpMessaging (96)
[2016.10.05-12.14.45:610][  1]LogModuleManager: Shutting down and abandoning module TcpMessaging (95)
[2016.10.05-12.14.45:610][  1]LogModuleManager: Shutting down and abandoning module LightPropagationVolumeRuntime (94)
[2016.10.05-12.14.45:610][  1]LogModuleManager: Shutting down and abandoning module Paper2D (93)
[2016.10.05-12.14.45:610][  1]LogModuleManager: Shutting down and abandoning module WindowsMoviePlayer (92)
[2016.10.05-12.14.45:610][  1]LogModuleManager: Shutting down and abandoning module WmfMedia (91)
[2016.10.05-12.14.45:610][  1]LogModuleManager: Shutting down and abandoning module MediaAssets (90)
[2016.10.05-12.14.45:610][  1]LogModuleManager: Shutting down and abandoning module GameLiveStreaming (89)
[2016.10.05-12.14.45:610][  1]LogModuleManager: Shutting down and abandoning module GameplayTagsEditor (88)
[2016.10.05-12.14.45:611][  1]LogModuleManager: Shutting down and abandoning module VREditor (87)
[2016.10.05-12.14.45:611][  1]LogModuleManager: Shutting down and abandoning module GameplayTasksEditor (86)
[2016.10.05-12.14.45:611][  1]LogModuleManager: Shutting down and abandoning module PropertyEditor (85)
[2016.10.05-12.14.45:611][  1]LogModuleManager: Shutting down and abandoning module BehaviorTreeEditor (84)
[2016.10.05-12.14.45:611][  1]LogModuleManager: Shutting down and abandoning module FunctionalTesting (83)
[2016.10.05-12.14.45:611][  1]LogModuleManager: Shutting down and abandoning module CollisionAnalyzer (82)
[2016.10.05-12.14.45:611][  1]LogModuleManager: Shutting down and abandoning module Sequencer (81)
[2016.10.05-12.14.45:611][  1]LogModuleManager: Shutting down and abandoning module WorkspaceMenuStructure (80)
[2016.10.05-12.14.45:611][  1]LogModuleManager: Shutting down and abandoning module MessageLog (79)
[2016.10.05-12.14.45:611][  1]LogModuleManager: Shutting down and abandoning module AssetTools (78)
[2016.10.05-12.14.45:611][  1]LogModuleManager: Shutting down and abandoning module UMGEditor (77)
[2016.10.05-12.14.45:611][  1]LogModuleManager: Shutting down and abandoning module UMG (76)
[2016.10.05-12.14.45:612][  1]LogModuleManager: Shutting down and abandoning module SlateReflector (75)
[2016.10.05-12.14.45:612][  1]LogModuleManager: Shutting down and abandoning module Slate (74)
[2016.10.05-12.14.45:612][  1]LogModuleManager: Shutting down and abandoning module EditorStyle (73)
[2016.10.05-12.14.45:618][  1]LogModuleManager: Shutting down and abandoning module SourceCodeAccess (72)
[2016.10.05-12.14.45:618][  1]LogModuleManager: Shutting down and abandoning module HeadMountedDisplay (71)
[2016.10.05-12.14.45:619][  1]LogModuleManager: Shutting down and abandoning module XAudio2 (70)
[2016.10.05-12.14.45:619][  1]LogModuleManager: Shutting down and abandoning module Networking (68)
[2016.10.05-12.14.45:619][  1]LogModuleManager: Shutting down and abandoning module Core (67)
[2016.10.05-12.14.45:619][  1]LogModuleManager: Shutting down and abandoning module DirectoryWatcher (66)
[2016.10.05-12.14.45:619][  1]LogDirectoryWatcher: A directory notification for '../../../Engine/Content/' was aborted.
[2016.10.05-12.14.45:619][  1]LogDirectoryWatcher: A directory notification for '../../../../../../Users/usuario/Desktop/VANsGame/Mechanics/BasicMechanics/Content/' was aborted.
[2016.10.05-12.14.45:619][  1]LogDirectoryWatcher: A directory notification for '../../../Engine/Plugins/2D/Paper2D/Content/' was aborted.
[2016.10.05-12.14.45:621][  1]LogModuleManager: Shutting down and abandoning module AssetRegistry (65)
[2016.10.05-12.14.45:788][  1]LogModuleManager: Shutting down and abandoning module KismetCompiler (64)
[2016.10.05-12.14.45:788][  1]LogModuleManager: Shutting down and abandoning module PhysXFormats (63)
[2016.10.05-12.14.45:788][  1]LogModuleManager: Shutting down and abandoning module MeshUtilities (62)
[2016.10.05-12.14.45:788][  1]LogModuleManager: Shutting down and abandoning module DerivedDataCache (61)
[2016.10.05-12.14.45:880][  1]LogDerivedDataCache: Shutdown
[2016.10.05-12.14.45:880][  1]LogModuleManager: Shutting down and abandoning module VulkanShaderFormat (60)
[2016.10.05-12.14.45:880][  1]LogModuleManager: Shutting down and abandoning module ShaderFormatOpenGL (59)
[2016.10.05-12.14.45:880][  1]LogModuleManager: Shutting down and abandoning module ShaderFormatD3D (58)
[2016.10.05-12.14.45:880][  1]LogModuleManager: Shutting down and abandoning module MetalShaderFormat (57)
[2016.10.05-12.14.45:880][  1]LogModuleManager: Shutting down and abandoning module TextureFormatUncompressed (56)
[2016.10.05-12.14.45:880][  1]LogModuleManager: Shutting down and abandoning module TextureFormatPVR (55)
[2016.10.05-12.14.45:880][  1]LogModuleManager: Shutting down and abandoning module TextureFormatDXT (54)
[2016.10.05-12.14.45:880][  1]LogModuleManager: Shutting down and abandoning module TextureFormatIntelISPCTexComp (53)
[2016.10.05-12.14.45:881][  1]LogModuleManager: Shutting down and abandoning module ImageWrapper (52)
[2016.10.05-12.14.45:881][  1]LogModuleManager: Shutting down and abandoning module TextureFormatASTC (51)
[2016.10.05-12.14.45:881][  1]LogModuleManager: Shutting down and abandoning module TextureFormatAndroid (50)
[2016.10.05-12.14.45:881][  1]LogModuleManager: Shutting down and abandoning module AudioFormatOpus (49)
[2016.10.05-12.14.45:881][  1]LogModuleManager: Shutting down and abandoning module AudioFormatOgg (48)
[2016.10.05-12.14.45:881][  1]LogModuleManager: Shutting down and abandoning module AudioFormatADPCM (47)
[2016.10.05-12.14.45:881][  1]LogModuleManager: Shutting down and abandoning module LinuxTargetPlatform (46)
[2016.10.05-12.14.45:881][  1]LogModuleManager: Shutting down and abandoning module LinuxServerTargetPlatform (45)
[2016.10.05-12.14.45:881][  1]LogModuleManager: Shutting down and abandoning module LinuxNoEditorTargetPlatform (44)
[2016.10.05-12.14.45:881][  1]LogModuleManager: Shutting down and abandoning module LinuxClientTargetPlatform (43)
[2016.10.05-12.14.45:881][  1]LogModuleManager: Shutting down and abandoning module TVOSTargetPlatform (42)
[2016.10.05-12.14.45:881][  1]LogModuleManager: Shutting down and abandoning module Messaging (41)
[2016.10.05-12.14.45:881][  1]LogModuleManager: Shutting down and abandoning module IOSTargetPlatform (40)
[2016.10.05-12.14.45:881][  1]LogModuleManager: Shutting down and abandoning module HTML5TargetPlatform (39)
[2016.10.05-12.14.45:881][  1]LogModuleManager: Shutting down and abandoning module Android_PVRTCTargetPlatform (38)
[2016.10.05-12.14.45:881][  1]LogModuleManager: Shutting down and abandoning module Android_MultiTargetPlatform (37)
[2016.10.05-12.14.45:881][  1]LogModuleManager: Shutting down and abandoning module Android_ETC2TargetPlatform (36)
[2016.10.05-12.14.45:881][  1]LogModuleManager: Shutting down and abandoning module Android_ETC1TargetPlatform (35)
[2016.10.05-12.14.45:881][  1]LogModuleManager: Shutting down and abandoning module Android_DXTTargetPlatform (34)
[2016.10.05-12.14.45:881][  1]LogModuleManager: Shutting down and abandoning module Android_ATCTargetPlatform (33)
[2016.10.05-12.14.45:881][  1]LogModuleManager: Shutting down and abandoning module Android_ASTCTargetPlatform (32)
[2016.10.05-12.14.45:881][  1]LogModuleManager: Shutting down and abandoning module AndroidTargetPlatform (31)
[2016.10.05-12.14.45:881][  1]LogModuleManager: Shutting down and abandoning module WindowsTargetPlatform (30)
[2016.10.05-12.14.45:881][  1]LogModuleManager: Shutting down and abandoning module WindowsServerTargetPlatform (29)
[2016.10.05-12.14.45:881][  1]LogModuleManager: Shutting down and abandoning module WindowsNoEditorTargetPlatform (28)
[2016.10.05-12.14.45:881][  1]LogModuleManager: Shutting down and abandoning module WindowsClientTargetPlatform (27)
[2016.10.05-12.14.45:881][  1]LogModuleManager: Shutting down and abandoning module AllDesktopTargetPlatform (26)
[2016.10.05-12.14.45:882][  1]LogModuleManager: Shutting down and abandoning module TargetPlatform (25)
[2016.10.05-12.14.45:882][  1]LogModuleManager: Shutting down and abandoning module InputCore (24)
[2016.10.05-12.14.45:882][  1]LogModuleManager: Shutting down and abandoning module Settings (23)
[2016.10.05-12.14.45:882][  1]LogModuleManager: Shutting down and abandoning module OculusRift (22)
[2016.10.05-12.14.45:882][  1]LogModuleManager: Shutting down and abandoning module GearVR (21)
[2016.10.05-12.14.45:882][  1]LogModuleManager: Shutting down and abandoning module ExampleDeviceProfileSelector (20)
[2016.10.05-12.14.45:882][  1]LogModuleManager: Shutting down and abandoning module OnlineBlueprintSupport (19)
[2016.10.05-12.14.45:882][  1]LogModuleManager: Shutting down and abandoning module OnlineSubsystem (17)
[2016.10.05-12.14.45:882][  1]LogOnline:Display: Unloading online subsystem: NULL
[2016.10.05-12.14.45:882][  1]LogModuleManager: Shutting down and abandoning module HTTP (16)
[2016.10.05-12.14.45:882][  1]LogHttp:Display: Http module shutting down, but needs to wait on 1 outstanding Http requests:
[2016.10.05-12.14.45:882][  1]LogHttp:Display: 	verb=[POST] url=[https://datarouter.ol.epicgames.com/datarouter/api/v1/public/data?SessionID=%7B7E6A244C-47B5-0402-B365-83924A0ED2CC%7D&AppID=UEEditor.Rocket.Release&AppVersion=%2B%2BUE4%2BRelease-4.13-CL-3106830&UserID=b8dd728f40baa09a39d29fb1ea98e9bb%7C2b96ea3f579d47e6bbc473ce50562fcb%7C7c014019-e1ce-47fc-909f-e82437c4a38e&AppEnvironment=datacollector-binary&UploadType=eteventstream] status=Processing
[2016.10.05-12.14.45:917][  1]LogModuleManager: Shutting down and abandoning module XMPP (15)
[2016.10.05-12.14.45:917][  1]LogModuleManager: Shutting down and abandoning module TextureCompressor (14)
[2016.10.05-12.14.45:917][  1]LogModuleManager: Shutting down and abandoning module ShaderCore (13)
[2016.10.05-12.14.45:917][  1]LogModuleManager: Shutting down and abandoning module Landscape (12)
[2016.10.05-12.14.45:917][  1]LogModuleManager: Shutting down and abandoning module SlateRHIRenderer (11)
[2016.10.05-12.14.45:924][  1]LogModuleManager: Shutting down and abandoning module OpenGLDrv (10)
[2016.10.05-12.14.45:924][  1]LogModuleManager: Shutting down and abandoning module D3D11RHI (9)
[2016.10.05-12.14.45:924][  1]LogModuleManager: Shutting down and abandoning module AnimGraphRuntime (8)
[2016.10.05-12.14.45:924][  1]LogModuleManager: Shutting down and abandoning module Renderer (7)
[2016.10.05-12.14.45:924][  1]LogModuleManager: Shutting down and abandoning module Engine (6)
[2016.10.05-12.14.45:924][  1]LogModuleManager: Shutting down and abandoning module CoreUObject (5)
[2016.10.05-12.14.45:924][  1]LogModuleManager: Shutting down and abandoning module NetworkFile (4)
[2016.10.05-12.14.45:924][  1]LogModuleManager: Shutting down and abandoning module StreamingFile (3)
[2016.10.05-12.14.45:924][  1]LogModuleManager: Shutting down and abandoning module SandboxFile (2)
[2016.10.05-12.14.45:924][  1]LogModuleManager: Shutting down and abandoning module PakFile (1)
[2016.10.05-12.14.45:928][  1]LogExit: Exiting.
[2016.10.05-12.14.45:931][  1]Log file closed, 10/05/16 14:14:45
