Log file open, 12/12/16 10:18:54
LogInit:Display: Running engine for game: BasicMechanics
LogPlatformFile: Not using cached read wrapper
LogInit:Display: RandInit(-220209621) SRandInit(-220209621).
LogTaskGraph: Started task graph with 5 named threads and 9 total threads with 1 sets of task threads.
LogStats: Stats thread started at 0.082480
LogPluginManager: Loaded Plugin Paper2D, From C:/Program Files (x86)/Epic Games/4.13/Engine/Plugins/2D/Paper2D/Paper2D.uplugin
LogPluginManager: Loaded Plugin LightPropagationVolume, From C:/Program Files (x86)/Epic Games/4.13/Engine/Plugins/Blendables/LightPropagationVolume/LightPropagationVolume.uplugin
LogPluginManager: Loaded Plugin BlankPlugin, From C:/Program Files (x86)/Epic Games/4.13/Engine/Plugins/Developer/BlankPlugin/BlankPlugin.uplugin
LogPluginManager: Loaded Plugin CodeLiteSourceCodeAccess, From C:/Program Files (x86)/Epic Games/4.13/Engine/Plugins/Developer/CodeLiteSourceCodeAccess/CodeLiteSourceCodeAccess.uplugin
LogPluginManager: Loaded Plugin GitSourceControl, From C:/Program Files (x86)/Epic Games/4.13/Engine/Plugins/Developer/GitSourceControl/GitSourceControl.uplugin
LogPluginManager: Loaded Plugin KDevelopSourceCodeAccess, From C:/Program Files (x86)/Epic Games/4.13/Engine/Plugins/Developer/KDevelopSourceCodeAccess/KDevelopSourceCodeAccess.uplugin
LogPluginManager: Loaded Plugin NullSourceCodeAccess, From C:/Program Files (x86)/Epic Games/4.13/Engine/Plugins/Developer/NullSourceCodeAccess/NullSourceCodeAccess.uplugin
LogPluginManager: Loaded Plugin OneSkyLocalizationService, From C:/Program Files (x86)/Epic Games/4.13/Engine/Plugins/Developer/OneSkyLocalizationService/OneSkyLocalizationService.uplugin
LogPluginManager: Loaded Plugin PerforceSourceControl, From C:/Program Files (x86)/Epic Games/4.13/Engine/Plugins/Developer/PerforceSourceControl/PerforceSourceControl.uplugin
LogPluginManager: Loaded Plugin SubversionSourceControl, From C:/Program Files (x86)/Epic Games/4.13/Engine/Plugins/Developer/SubversionSourceControl/SubversionSourceControl.uplugin
LogPluginManager: Loaded Plugin UObjectPlugin, From C:/Program Files (x86)/Epic Games/4.13/Engine/Plugins/Developer/UObjectPlugin/UObjectPlugin.uplugin
LogPluginManager: Loaded Plugin VisualStudioSourceCodeAccess, From C:/Program Files (x86)/Epic Games/4.13/Engine/Plugins/Developer/VisualStudioSourceCodeAccess/VisualStudioSourceCodeAccess.uplugin
LogPluginManager: Loaded Plugin XCodeSourceCodeAccess, From C:/Program Files (x86)/Epic Games/4.13/Engine/Plugins/Developer/XCodeSourceCodeAccess/XCodeSourceCodeAccess.uplugin
LogPluginManager: Loaded Plugin EpicSurvey, From C:/Program Files (x86)/Epic Games/4.13/Engine/Plugins/Editor/EpicSurvey/EpicSurvey.uplugin
LogPluginManager: Loaded Plugin MacGraphicsSwitching, From C:/Program Files (x86)/Epic Games/4.13/Engine/Plugins/Editor/MacGraphicsSwitching/MacGraphicsSwitching.uplugin
LogPluginManager: Loaded Plugin MobileLauncherProfileWizard, From C:/Program Files (x86)/Epic Games/4.13/Engine/Plugins/Editor/MobileLauncherProfileWizard/MobileLauncherProfileWizard.uplugin
LogPluginManager: Loaded Plugin PluginBrowser, From C:/Program Files (x86)/Epic Games/4.13/Engine/Plugins/Editor/PluginBrowser/PluginBrowser.uplugin
LogPluginManager: Loaded Plugin SpeedTreeImporter, From C:/Program Files (x86)/Epic Games/4.13/Engine/Plugins/Editor/SpeedTreeImporter/SpeedTreeImporter.uplugin
LogPluginManager: Loaded Plugin SuperSearchEditor, From C:/Program Files (x86)/Epic Games/4.13/Engine/Plugins/Editor/SuperSearchEditor/SuperSearchEditor.uplugin
LogPluginManager: Loaded Plugin AlembicImporter, From C:/Program Files (x86)/Epic Games/4.13/Engine/Plugins/Experimental/AlembicImporter/AlembicImporter.uplugin
LogPluginManager: Loaded Plugin BlueprintStats, From C:/Program Files (x86)/Epic Games/4.13/Engine/Plugins/Experimental/BlueprintStats/BlueprintStats.uplugin
LogPluginManager: Loaded Plugin CharacterAI, From C:/Program Files (x86)/Epic Games/4.13/Engine/Plugins/Experimental/CharacterAI/CharacterAI.uplugin
LogPluginManager: Loaded Plugin CodeEditor, From C:/Program Files (x86)/Epic Games/4.13/Engine/Plugins/Experimental/CodeEditor/CodeEditor.uplugin
LogPluginManager: Loaded Plugin CodeView, From C:/Program Files (x86)/Epic Games/4.13/Engine/Plugins/Experimental/CodeView/CodeView.uplugin
LogPluginManager: Loaded Plugin HTML5Networking, From C:/Program Files (x86)/Epic Games/4.13/Engine/Plugins/Experimental/HTML5Networking/HTML5Networking.uplugin
LogPluginManager: Loaded Plugin LiveEditor, From C:/Program Files (x86)/Epic Games/4.13/Engine/Plugins/Experimental/LiveEditor/LiveEditor.uplugin
LogPluginManager: Loaded Plugin OSVR, From C:/Program Files (x86)/Epic Games/4.13/Engine/Plugins/Experimental/OSVR/OSVR.uplugin
LogPluginManager: Loaded Plugin Phya, From C:/Program Files (x86)/Epic Games/4.13/Engine/Plugins/Experimental/Phya/Phya.uplugin
LogPluginManager: Loaded Plugin SignificanceManager, From C:/Program Files (x86)/Epic Games/4.13/Engine/Plugins/Experimental/SignificanceManager/SignificanceManager.uplugin
LogPluginManager: Loaded Plugin SimpleHMD, From C:/Program Files (x86)/Epic Games/4.13/Engine/Plugins/Experimental/SimpleHMD/SimpleHMD.uplugin
LogPluginManager: Loaded Plugin StereoPanorama, From C:/Program Files (x86)/Epic Games/4.13/Engine/Plugins/Experimental/StereoPanorama/StereoPanorama.uplugin
LogPluginManager: Loaded Plugin StructBox, From C:/Program Files (x86)/Epic Games/4.13/Engine/Plugins/Experimental/StructBox/StructBox.uplugin
LogPluginManager: Loaded Plugin AndroidMedia, From C:/Program Files (x86)/Epic Games/4.13/Engine/Plugins/Media/AndroidMedia/AndroidMedia.uplugin
LogPluginManager: Loaded Plugin AvfMedia, From C:/Program Files (x86)/Epic Games/4.13/Engine/Plugins/Media/AvfMedia/AvfMedia.uplugin
LogPluginManager: Loaded Plugin MediaPlayerEditor, From C:/Program Files (x86)/Epic Games/4.13/Engine/Plugins/Media/MediaPlayerEditor/MediaPlayerEditor.uplugin
LogPluginManager: Loaded Plugin WmfMedia, From C:/Program Files (x86)/Epic Games/4.13/Engine/Plugins/Media/WmfMedia/WmfMedia.uplugin
LogPluginManager: Loaded Plugin MessagingDebugger, From C:/Program Files (x86)/Epic Games/4.13/Engine/Plugins/Messaging/MessagingDebugger/MessagingDebugger.uplugin
LogPluginManager: Loaded Plugin TcpMessaging, From C:/Program Files (x86)/Epic Games/4.13/Engine/Plugins/Messaging/TcpMessaging/TcpMessaging.uplugin
LogPluginManager: Loaded Plugin UdpMessaging, From C:/Program Files (x86)/Epic Games/4.13/Engine/Plugins/Messaging/UdpMessaging/UdpMessaging.uplugin
LogPluginManager: Loaded Plugin LevelSequenceEditor, From C:/Program Files (x86)/Epic Games/4.13/Engine/Plugins/MovieScene/LevelSequenceEditor/LevelSequenceEditor.uplugin
LogPluginManager: Loaded Plugin MatineeToLevelSequence, From C:/Program Files (x86)/Epic Games/4.13/Engine/Plugins/MovieScene/MatineeToLevelSequence/MatineeToLevelSequence.uplugin
LogPluginManager: Loaded Plugin NetcodeUnitTest, From C:/Program Files (x86)/Epic Games/4.13/Engine/Plugins/NetcodeUnitTest/NetcodeUnitTest/NetcodeUnitTest.uplugin
LogPluginManager: Loaded Plugin NUTUnrealEngine4, From C:/Program Files (x86)/Epic Games/4.13/Engine/Plugins/NetcodeUnitTest/NUTUnrealEngine4/NUTUnrealEngine4.uplugin
LogPluginManager: Loaded Plugin OnlineSubsystemGooglePlay, From C:/Program Files (x86)/Epic Games/4.13/Engine/Plugins/Online/Android/OnlineSubsystemGooglePlay/OnlineSubsystemGooglePlay.uplugin
LogPluginManager: Loaded Plugin OnlineSubsystemIOS, From C:/Program Files (x86)/Epic Games/4.13/Engine/Plugins/Online/IOS/OnlineSubsystemIOS/OnlineSubsystemIOS.uplugin
LogPluginManager: Loaded Plugin OnlineFramework, From C:/Program Files (x86)/Epic Games/4.13/Engine/Plugins/Online/OnlineFramework/OnlineFramework.uplugin
LogPluginManager: Loaded Plugin OnlineSubsystem, From C:/Program Files (x86)/Epic Games/4.13/Engine/Plugins/Online/OnlineSubsystem/OnlineSubsystem.uplugin
LogPluginManager: Loaded Plugin OnlineSubsystemAmazon, From C:/Program Files (x86)/Epic Games/4.13/Engine/Plugins/Online/OnlineSubsystemAmazon/OnlineSubsystemAmazon.uplugin
LogPluginManager: Loaded Plugin OnlineSubsystemFacebook, From C:/Program Files (x86)/Epic Games/4.13/Engine/Plugins/Online/OnlineSubsystemFacebook/OnlineSubsystemFacebook.uplugin
LogPluginManager: Loaded Plugin OnlineSubsystemNull, From C:/Program Files (x86)/Epic Games/4.13/Engine/Plugins/Online/OnlineSubsystemNull/OnlineSubsystemNull.uplugin
LogPluginManager: Loaded Plugin OnlineSubsystemOculus, From C:/Program Files (x86)/Epic Games/4.13/Engine/Plugins/Online/OnlineSubsystemOculus/OnlineSubsystemOculus.uplugin
LogPluginManager: Loaded Plugin OnlineSubsystemSteam, From C:/Program Files (x86)/Epic Games/4.13/Engine/Plugins/Online/OnlineSubsystemSteam/OnlineSubsystemSteam.uplugin
LogPluginManager: Loaded Plugin OnlineSubsystemUtils, From C:/Program Files (x86)/Epic Games/4.13/Engine/Plugins/Online/OnlineSubsystemUtils/OnlineSubsystemUtils.uplugin
LogPluginManager: Loaded Plugin IOSTapJoy, From C:/Program Files (x86)/Epic Games/4.13/Engine/Plugins/Runtime/Advertising/IOSTapJoy/IOSTapJoy.uplugin
LogPluginManager: Loaded Plugin AnalyticsBlueprintLibrary, From C:/Program Files (x86)/Epic Games/4.13/Engine/Plugins/Runtime/Analytics/AnalyticsBlueprintLibrary/AnalyticsBlueprintLibrary.uplugin
LogPluginManager: Loaded Plugin AnalyticsMulticast, From C:/Program Files (x86)/Epic Games/4.13/Engine/Plugins/Runtime/Analytics/AnalyticsMulticast/AnalyticsMulticast.uplugin
LogPluginManager: Loaded Plugin Apsalar, From C:/Program Files (x86)/Epic Games/4.13/Engine/Plugins/Runtime/Analytics/Apsalar/Apsalar.uplugin
LogPluginManager: Loaded Plugin FileLogging, From C:/Program Files (x86)/Epic Games/4.13/Engine/Plugins/Runtime/Analytics/FileLogging/FileLogging.uplugin
LogPluginManager: Loaded Plugin Flurry, From C:/Program Files (x86)/Epic Games/4.13/Engine/Plugins/Runtime/Analytics/Flurry/Flurry.uplugin
LogPluginManager: Loaded Plugin AndroidDeviceProfileSelector, From C:/Program Files (x86)/Epic Games/4.13/Engine/Plugins/Runtime/AndroidDeviceProfileSelector/AndroidDeviceProfileSelector.uplugin
LogPluginManager: Loaded Plugin AndroidMoviePlayer, From C:/Program Files (x86)/Epic Games/4.13/Engine/Plugins/Runtime/AndroidMoviePlayer/AndroidMoviePlayer.uplugin
LogPluginManager: Loaded Plugin AppleMoviePlayer, From C:/Program Files (x86)/Epic Games/4.13/Engine/Plugins/Runtime/AppleMoviePlayer/AppleMoviePlayer.uplugin
LogPluginManager: Loaded Plugin ArchVisCharacter, From C:/Program Files (x86)/Epic Games/4.13/Engine/Plugins/Runtime/ArchVisCharacter/ArchVisCharacter.uplugin
LogPluginManager: Loaded Plugin CableComponent, From C:/Program Files (x86)/Epic Games/4.13/Engine/Plugins/Runtime/CableComponent/CableComponent.uplugin
LogPluginManager: Loaded Plugin CustomMeshComponent, From C:/Program Files (x86)/Epic Games/4.13/Engine/Plugins/Runtime/CustomMeshComponent/CustomMeshComponent.uplugin
LogPluginManager: Loaded Plugin ExampleDeviceProfileSelector, From C:/Program Files (x86)/Epic Games/4.13/Engine/Plugins/Runtime/ExampleDeviceProfileSelector/ExampleDeviceProfileSelector.uplugin
LogPluginManager: Loaded Plugin GearVR, From C:/Program Files (x86)/Epic Games/4.13/Engine/Plugins/Runtime/GearVR/GearVR.uplugin
LogPluginManager: Loaded Plugin GoogleVRController, From C:/Program Files (x86)/Epic Games/4.13/Engine/Plugins/Runtime/GoogleVR/GoogleVRController/GoogleVRController.uplugin
LogPluginManager: Loaded Plugin GoogleVRHMD, From C:/Program Files (x86)/Epic Games/4.13/Engine/Plugins/Runtime/GoogleVR/GoogleVRHMD/GoogleVRHMD.uplugin
LogPluginManager: Loaded Plugin IOSDeviceProfileSelector, From C:/Program Files (x86)/Epic Games/4.13/Engine/Plugins/Runtime/IOSDeviceProfileSelector/IOSDeviceProfileSelector.uplugin
LogPluginManager: Loaded Plugin LeapMotion, From C:/Program Files (x86)/Epic Games/4.13/Engine/Plugins/Runtime/LeapMotion/LeapMotion.uplugin
LogPluginManager: Loaded Plugin LinuxDeviceProfileSelector, From C:/Program Files (x86)/Epic Games/4.13/Engine/Plugins/Runtime/LinuxDeviceProfileSelector/LinuxDeviceProfileSelector.uplugin
LogPluginManager: Loaded Plugin LiveEditorListenServer, From C:/Program Files (x86)/Epic Games/4.13/Engine/Plugins/Runtime/LiveEditorListenServer/LiveEditorListenServer.uplugin
LogPluginManager: Loaded Plugin OculusAudio, From C:/Program Files (x86)/Epic Games/4.13/Engine/Plugins/Runtime/OculusAudio/OculusAudio.uplugin
LogPluginManager: Loaded Plugin OculusInput, From C:/Program Files (x86)/Epic Games/4.13/Engine/Plugins/Runtime/OculusInput/OculusInput.uplugin
LogPluginManager: Loaded Plugin OculusLibrary, From C:/Program Files (x86)/Epic Games/4.13/Engine/Plugins/Runtime/OculusLibrary/OculusLibrary.uplugin
LogPluginManager: Loaded Plugin OculusRift, From C:/Program Files (x86)/Epic Games/4.13/Engine/Plugins/Runtime/OculusRift/OculusRift.uplugin
LogPluginManager: Loaded Plugin Oodle, From C:/Program Files (x86)/Epic Games/4.13/Engine/Plugins/Runtime/PacketHandlers/CompressionComponents/Oodle/Oodle.uplugin
LogPluginManager: Loaded Plugin ProceduralMeshComponent, From C:/Program Files (x86)/Epic Games/4.13/Engine/Plugins/Runtime/ProceduralMeshComponent/ProceduralMeshComponent.uplugin
LogPluginManager: Loaded Plugin SoundMod, From C:/Program Files (x86)/Epic Games/4.13/Engine/Plugins/Runtime/SoundMod/SoundMod.uplugin
LogPluginManager: Loaded Plugin SoundVisualizations, From C:/Program Files (x86)/Epic Games/4.13/Engine/Plugins/Runtime/SoundVisualizations/SoundVisualizations.uplugin
LogPluginManager: Loaded Plugin SteamController, From C:/Program Files (x86)/Epic Games/4.13/Engine/Plugins/Runtime/Steam/SteamController/SteamController.uplugin
LogPluginManager: Loaded Plugin SteamVR, From C:/Program Files (x86)/Epic Games/4.13/Engine/Plugins/Runtime/Steam/SteamVR/SteamVR.uplugin
LogPluginManager: Loaded Plugin WebBrowserWidget, From C:/Program Files (x86)/Epic Games/4.13/Engine/Plugins/Runtime/WebBrowserWidget/WebBrowserWidget.uplugin
LogPluginManager: Loaded Plugin WindowsDeviceProfileSelector, From C:/Program Files (x86)/Epic Games/4.13/Engine/Plugins/Runtime/WindowsDeviceProfileSelector/WindowsDeviceProfileSelector.uplugin
LogPluginManager: Loaded Plugin WindowsMoviePlayer, From C:/Program Files (x86)/Epic Games/4.13/Engine/Plugins/Runtime/WindowsMoviePlayer/WindowsMoviePlayer.uplugin
LogPluginManager: Loaded Plugin ScriptPlugin, From C:/Program Files (x86)/Epic Games/4.13/Engine/Plugins/ScriptPlugin/ScriptPlugin.uplugin
LogPluginManager: Loaded Plugin SlateRemote, From C:/Program Files (x86)/Epic Games/4.13/Engine/Plugins/Slate/SlateRemote/SlateRemote.uplugin
LogInit: Using libcurl 7.47.1
LogInit:  - built for x86_64-pc-win32
LogInit:  - supports SSL with WinSSL
LogInit:  - other features:
LogInit:      CURL_VERSION_SSL
LogInit:      CURL_VERSION_IPV6
LogInit:      CURL_VERSION_ASYNCHDNS
LogInit:      CURL_VERSION_LARGEFILE
LogInit:      CURL_VERSION_IDN
LogInit:  CurlRequestOptions (configurable via config and command line):
LogInit:  - bVerifyPeer = false  - Libcurl will NOT verify peer certificate
LogInit:  - bUseHttpProxy = false  - Libcurl will NOT use HTTP proxy
LogInit:  - bDontReuseConnections = false  - Libcurl will reuse connections
LogInit:  - CertBundlePath = nullptr  - Libcurl will use whatever was configured at build time.
LogInit: Build: ++UE4+Release-4.13-CL-3142249
LogInit: Engine Version: 4.13.1-3142249+++UE4+Release-4.13
LogInit: Compatible Engine Version: 4.13.0-3106830+++UE4+Release-4.13
LogInit: Net CL: 3142249
LogDevObjectVersion: Number of dev versions registered: 13
LogDevObjectVersion:   Dev-Blueprints (B0D832E4-1F89-4F0D-ACCF-7EB736FD4AA2): 5
LogDevObjectVersion:   Dev-Build (E1C64328-A22C-4D53-A36C-8E866417BD8C): 0
LogDevObjectVersion:   Dev-Core (375EC13C-06E4-48FB-B500-84F0262A717E): 1
LogDevObjectVersion:   Dev-Editor (E4B068ED-F494-42E9-A231-DA0B2E46BB41): 6
LogDevObjectVersion:   Dev-Framework (CFFC743F-43B0-4480-9391-14DF171D2073): 12
LogDevObjectVersion:   Dev-Mobile (B02B49B5-BB20-44E9-A304-32B752E40360): 0
LogDevObjectVersion:   Dev-Networking (A4E4105C-59A1-49B5-A7C5-40C4547EDFEE): 0
LogDevObjectVersion:   Dev-Online (39C831C9-5AE6-47DC-9A44-9C173E1C8E7C): 0
LogDevObjectVersion:   Dev-Physics (78F01B33-EBEA-4F98-B9B4-84EACCB95AA2): 0
LogDevObjectVersion:   Dev-Platform (6631380F-2D4D-43E0-8009-CF276956A95A): 0
LogDevObjectVersion:   Dev-Rendering (12F88B9F-8875-4AFC-A67C-D90C383ABD29): 4
LogDevObjectVersion:   Dev-Sequencer (7B5AE74C-D270-4C10-A958-57980B212A5A): 0
LogDevObjectVersion:   Dev-VR (D7296918-1DD6-4BDD-9DE2-64A83CC13884): 0
LogInit: Compiled (64-bit): Sep 28 2016 02:12:12
LogInit: Compiled with Visual C++: 19.00.23026.00
LogInit: Build Configuration: Development
LogInit: Branch Name: ++UE4+Release-4.13
LogInit: Command line:  /Temp/Autosaves/Game/Levels/UEDPCTests -game -PIEVIACONSOLE -ResX=1280 -ResY=720  -Multiprocess -windowed -messaging -SessionName="Play in Standalone Game" -featureleveles2 -faketouches 
LogInit: Base directory: C:/Program Files (x86)/Epic Games/4.13/Engine/Binaries/Win64/
LogInit: Installed Engine Build: 1
LogInit: Presizing for max 8388607 objects, including 0 objects not considered by GC, pre-allocating 0 bytes for permanent pool.
LogInit: Object subsystem initialized
[2016.12.12-09.18.54:252][  0]LogInit: Selected Device Profile: [Windows]
[2016.12.12-09.18.54:252][  0]LogInit: Applying CVar settings loaded from the selected device profile: [Windows]
[2016.12.12-09.18.54:255][  0]LogInit: Computer: BAR-EGIMENEZ
[2016.12.12-09.18.54:255][  0]LogInit: User: egimenez
[2016.12.12-09.18.54:255][  0]LogInit: CPU Page size=65536, Cores=6
[2016.12.12-09.18.54:255][  0]LogInit: High frequency timer resolution =3.409775 MHz
[2016.12.12-09.18.54:256][  0]LogMemory: Memory total: Physical=63.9GB (64GB approx)
[2016.12.12-09.18.54:256][  0]LogMemory: Platform Memory Stats for Windows
[2016.12.12-09.18.54:256][  0]LogMemory: Process Physical Memory: 259.75 MB used, 259.75 MB peak
[2016.12.12-09.18.54:256][  0]LogMemory: Process Virtual Memory: 262.93 MB used, 262.93 MB peak
[2016.12.12-09.18.54:256][  0]LogMemory: Physical Memory: 11930.34 MB used, 65464.06 MB total
[2016.12.12-09.18.54:256][  0]LogMemory: Virtual Memory: 593.52 MB used, 8388608.00 MB total
[2016.12.12-09.18.54:284][  0]LogInit: Overriding culture en w/ editor configuration.
[2016.12.12-09.18.54:693][  0]LogD3D11RHI: D3D11 adapters:
[2016.12.12-09.18.54:705][  0]LogD3D11RHI:    0. 'NVIDIA GeForce GTX 670' (Feature Level 11_0)
[2016.12.12-09.18.54:705][  0]LogD3D11RHI:       4027/0/32476 MB DedicatedVideo/DedicatedSystem/SharedSystem, Outputs:1, VendorId:0x10de
[2016.12.12-09.18.54:705][  0]LogD3D11RHI: Chosen D3D11 Adapter: 0
[2016.12.12-09.18.56:083][  0]LogD3D11RHI: Creating new Direct3DDevice
[2016.12.12-09.18.56:083][  0]LogD3D11RHI:     GPU DeviceId: 0x1189 (for the marketing name, search the web for "GPU Device Id")
[2016.12.12-09.18.56:083][  0]LogWindows: EnumDisplayDevices:
[2016.12.12-09.18.56:083][  0]LogWindows:    0. 'NVIDIA GeForce GTX 670' (P:1 D:1)
[2016.12.12-09.18.56:083][  0]LogWindows:    1. 'NVIDIA GeForce GTX 670' (P:0 D:0)
[2016.12.12-09.18.56:084][  0]LogWindows:    2. 'NVIDIA GeForce GTX 670' (P:0 D:0)
[2016.12.12-09.18.56:084][  0]LogWindows:    3. 'NVIDIA GeForce GTX 670' (P:0 D:0)
[2016.12.12-09.18.56:085][  0]LogWindows:    4. 'RDPDD Chained DD' (P:0 D:0)
[2016.12.12-09.18.56:085][  0]LogWindows:    5. 'RDP Encoder Mirror Driver' (P:0 D:0)
[2016.12.12-09.18.56:085][  0]LogWindows:    6. 'RDP Reflector Display Driver' (P:0 D:0)
[2016.12.12-09.18.56:085][  0]LogWindows: DebugString: GetVideoDriverDetailsInvalid PrimaryIsNotTheChoosenAdapter GetVideoDriverDetailsInvalid PrimaryIsNotTheChoosenAdapter GetVideoDriverDetailsInvalid PrimaryIsNotTheChoosenAdapter FoundDriverCount:4 
[2016.12.12-09.18.56:085][  0]LogD3D11RHI:     Adapter Name: NVIDIA GeForce GTX 670
[2016.12.12-09.18.56:085][  0]LogD3D11RHI:   Driver Version: 347.52 (internal:9.18.13.4752, unified:347.52)
[2016.12.12-09.18.56:086][  0]LogD3D11RHI:      Driver Date: 2-5-2015
[2016.12.12-09.18.56:086][  0]LogRHI: Texture pool is 1361 MB (70% of 1945 MB)
[2016.12.12-09.18.56:100][  0]LogD3D11RHI: Async texture creation enabled
[2016.12.12-09.18.56:118][  0]LogD3D11RHI: GPU Timing Frequency: 1000.000000 (Debug: 2 2)
[2016.12.12-09.18.56:118][  0]LogShaderCompilers: Guid format shader working directory is -29 characters bigger than the processId version (../../../../../../Users/egimenez/Desktop/VAN/VANsGame/Mechanics/BasicMechanics/Intermediate/Shaders/WorkingDirectory/9020/).
[2016.12.12-09.18.56:118][  0]LogShaderCompilers: Cleaned the shader compiler working directory 'C:/Users/egimenez/AppData/Local/Temp/UnrealShaderWorkingDir/486630324BE96FE728017DA775E4FDA2/'.
[2016.12.12-09.18.56:118][  0]LogShaderCompilers:Display: Using Local Shader Compiler.
[2016.12.12-09.18.57:428][  0]LogTemp:Display: Loaded TP WindowsClientTargetPlatform
[2016.12.12-09.18.57:438][  0]LogTemp:Display: Loaded TP WindowsNoEditorTargetPlatform
[2016.12.12-09.18.57:447][  0]LogTemp:Display: Loaded TP WindowsServerTargetPlatform
[2016.12.12-09.18.57:455][  0]LogTemp:Display: Loaded TP WindowsTargetPlatform
[2016.12.12-09.18.57:455][  0]LogTargetPlatformManager:Display: Building Assets For Windows
[2016.12.12-09.18.57:530][  0]LogDerivedDataCache:Display: Max Cache Size: 512 MB
[2016.12.12-09.18.57:633][  0]LogDerivedDataCache: Loaded boot cache 0.10s 74MB C:/Users/egimenez/AppData/Local/UnrealEngine/4.13/DerivedDataCache/Boot.ddc.
[2016.12.12-09.18.57:633][  0]LogDerivedDataCache:Display: Loaded Boot cache: C:/Users/egimenez/AppData/Local/UnrealEngine/4.13/DerivedDataCache/Boot.ddc
[2016.12.12-09.18.57:633][  0]LogDerivedDataCache: FDerivedDataBackendGraph:  Pak pak cache file ../../../../../../Users/egimenez/Desktop/VAN/VANsGame/Mechanics/BasicMechanics/DerivedDataCache/DDC.ddp not found, will not use a pak cache.
[2016.12.12-09.18.57:633][  0]LogDerivedDataCache: Unable to find inner node Pak for hierarchical cache Hierarchy.
[2016.12.12-09.18.57:633][  0]LogDerivedDataCache: FDerivedDataBackendGraph:  CompressedPak pak cache file ../../../../../../Users/egimenez/Desktop/VAN/VANsGame/Mechanics/BasicMechanics/DerivedDataCache/Compressed.ddp not found, will not use a pak cache.
[2016.12.12-09.18.57:633][  0]LogDerivedDataCache: Unable to find inner node CompressedPak for hierarchical cache Hierarchy.
[2016.12.12-09.18.57:656][  0]LogDerivedDataCache:Display: Pak cache opened for reading ../../../Engine/DerivedDataCache/Compressed.ddp.
[2016.12.12-09.18.57:669][  0]LogDerivedDataCache: Using Local data cache path C:/Users/egimenez/AppData/Local/UnrealEngine/Common/DerivedDataCache: Writable
[2016.12.12-09.18.58:363][  0]LogAssetRegistry: FAssetRegistry took 0.0001 seconds to start up
[2016.12.12-09.18.58:365][  0]LogPackageLocalizationCache: Processed 3 localized package path(s) for 1 prioritized culture(s) in 0.002382 seconds
[2016.12.12-09.18.58:387][  0]LogInit: Selected Device Profile: [Windows]
[2016.12.12-09.18.58:395][  0]LogMaterial: Uniform references updated for custom material expression Custom.
[2016.12.12-09.18.58:395][  0]LogContentStreaming: Texture pool size is 1000.00 MB
[2016.12.12-09.18.58:455][  0]LogMaterial: Missing cached shader map for material WorldGridMaterial, compiling. Is special engine material.
[2016.12.12-09.19.37:047][  0]LogMaterial: Missing cached shader map for material DefaultDeferredDecalMaterial, compiling. 
[2016.12.12-09.19.43:639][  0]LogMaterial: Missing cached shader map for material DefaultLightFunctionMaterial, compiling. 
[2016.12.12-09.19.43:806][  0]LogMaterial: Missing cached shader map for material DefaultPostProcessMaterial, compiling. 
[2016.12.12-09.19.44:218][  0]LogMaterial: Missing cached shader map for material Widget3DPassThrough, compiling. 
[2016.12.12-09.19.44:234][  0]LogMaterial: Missing cached shader map for material Widget3DPassThrough, compiling. 
[2016.12.12-09.19.44:270][  0]LogMaterial: Missing cached shader map for material Widget3DPassThrough, compiling. 
[2016.12.12-09.19.44:296][  0]LogMaterial: Missing cached shader map for material Widget3DPassThrough, compiling. 
[2016.12.12-09.19.44:308][  0]LogMaterial: Missing cached shader map for material Widget3DPassThrough, compiling. 
[2016.12.12-09.19.44:355][  0]LogMaterial: Missing cached shader map for material Widget3DPassThrough, compiling. 
[2016.12.12-09.19.44:389][  0]LogMaterial: Missing cached shader map for material CineMat, compiling. 
[2016.12.12-09.19.44:544][  0]LogMeshUtilities: No automatic mesh reduction module available
[2016.12.12-09.19.44:545][  0]LogMeshUtilities: No automatic mesh merging module available
[2016.12.12-09.19.44:545][  0]LogMeshUtilities: No distributed automatic mesh merging module available
[2016.12.12-09.19.44:603][  0]LogMaterial: Missing cached shader map for material MatineeCam_mat, compiling. 
[2016.12.12-09.19.44:740][  0]LogMaterial: Missing cached shader map for material M_SimpleOpaque, compiling. 
[2016.12.12-09.19.44:830][  0]LogMaterial: Missing cached shader map for material M_SimpleTranslucent, compiling. 
[2016.12.12-09.19.45:079][  0]LogMaterial: Missing cached shader map for material SkySphereMaterial, compiling. 
[2016.12.12-09.19.45:102][  0]LogMaterial: Missing cached shader map for material FloorPlaneMaterial, compiling. 
[2016.12.12-09.19.45:363][  0]LogMaterial: Missing cached shader map for material LandscapeGizmo_Mat, compiling. 
[2016.12.12-09.19.45:432][  0]LogMaterial: Missing cached shader map for material LandscapeGizmoHeight_Mat, compiling. 
[2016.12.12-09.19.45:595][  0]LogMaterial: Missing cached shader map for material SplineEditorMeshMat, compiling. 
[2016.12.12-09.19.45:635][  0]LogMaterial: Missing cached shader map for material HelpActorMaterial, compiling. 
[2016.12.12-09.19.45:745][  0]LogMaterial: Missing cached shader map for material DefaultTextMaterialOpaque, compiling. 
[2016.12.12-09.19.45:962][  0]LogNetVersion: GetLocalNetworkVersion: CL: 3106830, ProjectName: basicmechanics, ProjectVersion: , EngineNetworkVersion: 1, GameNetworkVersion: 0, NetworkChecksum: 1815648402
[2016.12.12-09.19.45:987][  0]LogMaterial: Missing cached shader map for material DefaultMaterial, compiling. 
[2016.12.12-09.19.46:656][  0]LogInit: WinSock: version 1.1 (2.2), MaxSocks=32767, MaxUdp=65467
[2016.12.12-09.19.46:913][  0]LogMaterial: Missing cached shader map for material TransformGizmoMaterial, compiling. 
[2016.12.12-09.19.46:933][  0]LogMaterial: Missing cached shader map for material TranslucentTransformGizmoMaterial, compiling. 
[2016.12.12-09.19.47:002][  0]LogMaterial: Missing cached shader map for material M_ContentWindow, compiling. 
[2016.12.12-09.19.47:154][  0]LogMaterial: Missing cached shader map for material LineMaterial, compiling. 
[2016.12.12-09.19.47:169][  0]LogMaterial: Missing cached shader map for material VRTextMaterial, compiling. 
[2016.12.12-09.19.47:198][  0]LogMaterial: Missing cached shader map for material VRTextMaterial, compiling. 
[2016.12.12-09.19.47:231][  0]LogMaterial: Missing cached shader map for material GenericHMDMaterial, compiling. 
[2016.12.12-09.19.47:347][  0]LogMaterial: Missing cached shader map for material FlattenHeightMat, compiling. 
[2016.12.12-09.19.47:387][  0]LogMaterial: Missing cached shader map for material GridMaterial, compiling. 
[2016.12.12-09.19.47:406][  0]LogMaterial: Missing cached shader map for material LaserPointerMaterial, compiling. 
[2016.12.12-09.19.47:415][  0]LogMaterial: Missing cached shader map for material LaserPointerMaterial, compiling. 
[2016.12.12-09.19.47:442][  0]LogMaterial: Missing cached shader map for material GridPostProcess, compiling. 
[2016.12.12-09.19.47:477][  0]LogSlate: SlateFontCache - WITH_FREETYPE: 1, WITH_HARFBUZZ: 1
[2016.12.12-09.19.47:477][  0]LogSlate: SlateFontCache - WITH_FREETYPE: 1, WITH_HARFBUZZ: 1
[2016.12.12-09.19.47:576][  0]LogMoviePlayer: Initializing movie player
[2016.12.12-09.19.47:981][  0]LogWindowsMoviePlayer: Unable to load movie: ../../../../../../Users/egimenez/Desktop/VAN/VANsGame/Mechanics/BasicMechanics/Content/Movies/Default_Startup.mp4
[2016.12.12-09.19.48:240][  0]LogMaterial: Missing cached shader map for material DefaultSpriteMaterial, compiling. 
[2016.12.12-09.19.48:274][  0]LogMaterial: Missing cached shader map for material DefaultSpriteMaterial, compiling. 
[2016.12.12-09.19.48:317][  0]LogTcpMessaging: Initializing TcpMessaging bridge
[2016.12.12-09.19.48:343][  0]LogUdpMessaging: Initializing bridge on interface 0.0.0.0:0 to multicast group 230.0.0.1:6666.
[2016.12.12-09.19.48:419][  0]SourceControl: Info Source control is disabled
[2016.12.12-09.19.48:419][  0]SourceControl: Info Source control is disabled
[2016.12.12-09.19.48:433][  0]SourceControl: Info Source control is disabled
[2016.12.12-09.19.48:641][  0]LogUObjectArray: 32681 objects as part of root set at end of initial load.
[2016.12.12-09.19.48:641][  0]LogUObjectAllocator: 7253464 out of 0 bytes used by permanent object pool.
[2016.12.12-09.19.48:641][  0]LogUObjectArray: CloseDisregardForGC: 0/0 objects in disregard for GC pool
[2016.12.12-09.19.48:671][  0]LogMaterial: Missing cached shader map for material HighResScreenshot, compiling. 
[2016.12.12-09.19.48:683][  0]LogMaterial: Missing cached shader map for material HighResScreenshotMask, compiling. 
[2016.12.12-09.19.48:701][  0]LogMaterial: Missing cached shader map for material HighResScreenshotCaptureRegion, compiling. 
[2016.12.12-09.19.48:745][  0]LogEngine: Initializing Engine...
[2016.12.12-09.19.48:745][  0]LogHMD: Failed to initialize OpenVR with code 110
[2016.12.12-09.19.48:761][  0]LogMaterial: Missing cached shader map for material WireframeMaterial, compiling. Is special engine material.
[2016.12.12-09.19.48:904][  0]LogMaterial: Missing cached shader map for material LevelColorationLitMaterial, compiling. Is special engine material.
[2016.12.12-09.19.49:968][  0]LogMaterial: Missing cached shader map for material LevelColorationUnlitMaterial, compiling. Is special engine material.
[2016.12.12-09.19.50:081][  0]LogMaterial: Missing cached shader map for material MAT_LevelColorationLitLightmapUV, compiling. Is special engine material.
[2016.12.12-09.19.51:201][  0]LogMaterial: Missing cached shader map for material ShadedLevelColorationLitMaterial, compiling. Is special engine material.
[2016.12.12-09.19.52:272][  0]LogMaterial: Missing cached shader map for material ShadedLevelColorationUnlitMateri, compiling. Is special engine material.
[2016.12.12-09.19.52:372][  0]LogMaterial: Missing cached shader map for material VertexColorMaterial, compiling. 
[2016.12.12-09.19.52:522][  0]LogMaterial: Missing cached shader map for material VertexColorViewMode_ColorOnly, compiling. 
[2016.12.12-09.19.52:575][  0]LogMaterial: Missing cached shader map for material VertexColorViewMode_AlphaAsColor, compiling. 
[2016.12.12-09.19.52:601][  0]LogMaterial: Missing cached shader map for material VertexColorViewMode_RedOnly, compiling. 
[2016.12.12-09.19.52:626][  0]LogMaterial: Missing cached shader map for material VertexColorViewMode_GreenOnly, compiling. 
[2016.12.12-09.19.52:669][  0]LogMaterial: Missing cached shader map for material VertexColorViewMode_BlueOnly, compiling. 
[2016.12.12-09.19.52:723][  0]LogMaterial: Missing cached shader map for material RemoveSurfaceMaterial, compiling. 
[2016.12.12-09.19.52:810][  0]LogMaterial: Missing cached shader map for material DebugMeshMaterial, compiling. 
[2016.12.12-09.19.52:868][  0]LogMaterial: Missing cached shader map for material M_InvalidLightmapSettings, compiling. 
[2016.12.12-09.19.53:127][  0]LogMaterial: Missing cached shader map for material GizmoMaterial, compiling. 
[2016.12.12-09.19.53:146][  0]LogMaterial: Missing cached shader map for material PhAT_JointLimitMaterial, compiling. 
[2016.12.12-09.19.53:219][  0]LogInit: XAudio2 using 'Speakers (Realtek High Definition Audio)' : 2 channels at 48 kHz using 32 bits per sample (channel mask 0x3)
[2016.12.12-09.19.53:241][  0]LogInit: FAudioDevice initialized.
[2016.12.12-09.19.53:248][  0]LogInit: Texture streaming: Enabled
[2016.12.12-09.19.53:273][  0]LogMaterial: Missing cached shader map for material BaseColor, compiling. 
[2016.12.12-09.19.53:273][  0]LogMaterial:Warning: Failed to compile Material /Engine/BufferVisualization/BaseColor.BaseColor for platform PCD3D_ES2, Default Material will be used in game.
[2016.12.12-09.19.53:273][  0]LogMaterial:Warning: 	(Node FeatureLevelSwitch) Feature Level switch missing default input
[2016.12.12-09.19.53:276][  0]LogMaterial: Missing cached shader map for material CustomDepth, compiling. 
[2016.12.12-09.19.53:340][  0]LogMaterial: Missing cached shader map for material CustomStencil, compiling. 
[2016.12.12-09.19.53:380][  0]LogMaterial: Missing cached shader map for material FinalImage, compiling. 
[2016.12.12-09.19.53:393][  0]LogMaterial: Missing cached shader map for material LightingModel, compiling. 
[2016.12.12-09.19.53:411][  0]LogMaterial: Missing cached shader map for material MaterialAO, compiling. 
[2016.12.12-09.19.53:423][  0]LogMaterial: Missing cached shader map for material Metallic, compiling. 
[2016.12.12-09.19.53:461][  0]LogMaterial: Missing cached shader map for material Opacity, compiling. 
[2016.12.12-09.19.53:536][  0]LogMaterial: Missing cached shader map for material Roughness, compiling. 
[2016.12.12-09.19.53:548][  0]LogMaterial: Missing cached shader map for material SceneColor, compiling. 
[2016.12.12-09.19.53:566][  0]LogMaterial: Missing cached shader map for material SceneDepth, compiling. 
[2016.12.12-09.19.53:630][  0]LogMaterial: Missing cached shader map for material SeparateTranslucencyRGB, compiling. 
[2016.12.12-09.19.53:696][  0]LogMaterial: Missing cached shader map for material SeparateTranslucencyA, compiling. 
[2016.12.12-09.19.53:707][  0]LogMaterial: Missing cached shader map for material Specular, compiling. 
[2016.12.12-09.19.53:707][  0]LogMaterial:Warning: Failed to compile Material /Engine/BufferVisualization/Specular.Specular for platform PCD3D_ES2, Default Material will be used in game.
[2016.12.12-09.19.53:707][  0]LogMaterial:Warning: 	(Node FeatureLevelSwitch) Feature Level switch missing default input
[2016.12.12-09.19.53:729][  0]LogMaterial: Missing cached shader map for material SubsurfaceColor, compiling. 
[2016.12.12-09.19.53:741][  0]LogMaterial: Missing cached shader map for material WorldNormal, compiling. 
[2016.12.12-09.19.53:791][  0]LogMaterial: Missing cached shader map for material AmbientOcclusion, compiling. 
[2016.12.12-09.19.53:841][  0]LogMaterial: Missing cached shader map for material CustomDepthWorldUnits, compiling. 
[2016.12.12-09.19.53:865][  0]LogMaterial: Missing cached shader map for material SceneDepthWorldUnits, compiling. 
[2016.12.12-09.19.53:887][  0]LogMaterial: Missing cached shader map for material HDRColor, compiling. 
[2016.12.12-09.19.53:961][  0]LogInit:Display: Game Engine Initialized.
[2016.12.12-09.19.54:118][  0]LogInit:Display: Starting Game.
[2016.12.12-09.19.54:118][  0]LogNet: Browse: /Temp/Autosaves/Game/Levels/UEDPCTests?Name=Player
[2016.12.12-09.19.54:118][  0]LogLoad: LoadMap: /Temp/Autosaves/Game/Levels/UEDPCTests?Name=Player
[2016.12.12-09.19.54:159][  0]LogMemory: Platform Memory Stats for Windows
[2016.12.12-09.19.54:159][  0]LogMemory: Process Physical Memory: 1308.56 MB used, 1342.69 MB peak
[2016.12.12-09.19.54:159][  0]LogMemory: Process Virtual Memory: 1294.94 MB used, 1324.90 MB peak
[2016.12.12-09.19.54:159][  0]LogMemory: Physical Memory: 13391.88 MB used, 65464.06 MB total
[2016.12.12-09.19.54:159][  0]LogMemory: Virtual Memory: 1907.31 MB used, 8388608.00 MB total
[2016.12.12-09.19.54:160][  0]LogMemory: 
[2016.12.12-09.19.54:160][  0]Allocator Stats for TBB: (not implemented)
[2016.12.12-09.19.55:030][  0]LogBlueprint:Warning: [Compiler Answers] Warning 'Item' is already a 'NPC', you don't need  K2Node_DynamicCast_0 .
[2016.12.12-09.19.55:030][  0]LogBlueprint:Warning: [Compiler Answers] Warning 'Item' is already a 'NPC', you don't need  K2Node_DynamicCast_15 .
[2016.12.12-09.19.55:030][  0]LogBlueprint:Warning: [Compiler Answers] Warning 'Item' is already a 'NPC', you don't need  K2Node_DynamicCast_2 .
[2016.12.12-09.19.55:050][  0]LogBlueprint:Warning: [Compiler Answers] Warning [0061.63] Compile of Answers successful, but with 3 Warning(s) [in 34 ms] (/Game/Elements/NPCDialogue/Answers.Answers)
[2016.12.12-09.19.55:051][  0]LogBlueprint:Warning: [Compiler Answers] Warning [0061.63] Compile of Answers successful, but with 4 Warning(s) [in 0 ms] (/Game/Elements/NPCDialogue/Answers.Answers)
[2016.12.12-09.19.55:051][  0]LogBlueprint:Warning: [Compiler Answers] Warning [0061.63] Compile of Answers successful, but with 5 Warning(s) [in 0 ms] (/Game/Elements/NPCDialogue/Answers.Answers)
[2016.12.12-09.19.55:994][  0]LogBlueprint:Warning: [Compiler Answers] Warning 'Item' is already a 'NPC', you don't need  K2Node_DynamicCast_0 .
[2016.12.12-09.19.55:994][  0]LogBlueprint:Warning: [Compiler Answers] Warning 'Item' is already a 'NPC', you don't need  K2Node_DynamicCast_15 .
[2016.12.12-09.19.55:994][  0]LogBlueprint:Warning: [Compiler Answers] Warning 'Item' is already a 'NPC', you don't need  K2Node_DynamicCast_2 .
[2016.12.12-09.19.56:013][  0]LogBlueprint:Warning: [Compiler Answers] Warning [0062.60] Compile of Answers successful, but with 3 Warning(s) [in 33 ms] (/Game/Elements/NPCDialogue/Answers.Answers)
[2016.12.12-09.19.56:013][  0]LogBlueprint:Warning: [Compiler Answers] Warning [0062.60] Compile of Answers successful, but with 4 Warning(s) [in 0 ms] (/Game/Elements/NPCDialogue/Answers.Answers)
[2016.12.12-09.19.56:014][  0]LogBlueprint:Warning: [Compiler Answers] Warning [0062.60] Compile of Answers successful, but with 5 Warning(s) [in 0 ms] (/Game/Elements/NPCDialogue/Answers.Answers)
[2016.12.12-09.19.56:326][  0]LogMaterial: Missing cached shader map for material M_Sky_Panning_Clouds2, compiling. 
[2016.12.12-09.19.56:383][  0]LogMaterial: Missing cached shader map for material LightRayMaterial, compiling. 
[2016.12.12-09.19.56:470][  0]LogMaterial: Missing cached shader map for material M_Metal_Gold, compiling. 
[2016.12.12-09.19.56:638][  0]LogMaterial: Missing cached shader map for material M_Metal_Burnished_Steel, compiling. 
[2016.12.12-09.19.56:849][  0]LogMaterial: Missing cached shader map for material M_Brick_Clay_Old, compiling. 
[2016.12.12-09.19.57:057][  0]LogMaterial: Missing cached shader map for material M_Cursor_Decal, compiling. 
[2016.12.12-09.19.57:208][  0]LogMaterial: Missing cached shader map for material M_Wood_Pine, compiling. 
[2016.12.12-09.19.57:384][  0]LogMaterial: Missing cached shader map for material M_Metal_Steel, compiling. 
[2016.12.12-09.19.57:604][  0]LogMaterial: Missing cached shader map for material M_Wood_Floor_Walnut_Worn, compiling. 
[2016.12.12-09.19.57:757][  0]LogMaterial: Missing cached shader map for material M_Basic_Wall2, compiling. 
[2016.12.12-09.19.57:920][  0]LogMaterial: Missing cached shader map for material M_UE4Man_Body, compiling. 
[2016.12.12-09.19.58:089][  0]LogMaterial: Missing cached shader map for material M_UE4Man_Body, compiling. 
[2016.12.12-09.19.58:262][  0]LogMaterial: Missing cached shader map for material BasicShapeMaterial, compiling. 
[2016.12.12-09.19.58:404][  0]LogMaterial: Missing cached shader map for material Mud, compiling. 
[2016.12.12-09.19.58:732][  0]LogMaterial: Missing cached shader map for material M_Wood_Floor_Walnut_Polished, compiling. 
[2016.12.12-09.19.58:887][  0]LogMaterial: Missing cached shader map for material Material__light-wood-texture-_2_jpg, compiling. 
[2016.12.12-09.19.59:012][  0]LogMaterial: Missing cached shader map for material None__wood_2_jpg, compiling. 
[2016.12.12-09.19.59:149][  0]LogAIModule: Creating AISystem for world Tests
[2016.12.12-09.19.59:149][  0]LogWorld: Game class is 'GameMode'
[2016.12.12-09.19.59:165][  0]LogSkeletalMesh: UPhysicsAssetInstance::InitInstance : Could not find root physics body: CharacterMesh0
[2016.12.12-09.19.59:166][  0]LogSkeletalMesh: UPhysicsAssetInstance::InitInstance : Could not find root physics body: CharacterMesh0
[2016.12.12-09.19.59:166][  0]LogSkeletalMesh: UPhysicsAssetInstance::InitInstance : Could not find root physics body: CharacterMesh0
[2016.12.12-09.19.59:202][  0]LogWorld: Bringing World /Temp/Autosaves/Game/Levels/UEDPCTests.Tests up for play (max tick rate 0) at 2016.12.12-10.19.59
[2016.12.12-09.19.59:204][  0]LogWorld: Bringing up level for play took: 0.053805
[2016.12.12-09.19.59:523][  0]LogGameMode:Display: Match State Changed from EnteringMap to WaitingToStart
[2016.12.12-09.19.59:523][  0]LogGameState: Match State Changed from EnteringMap to WaitingToStart
[2016.12.12-09.19.59:523][  0]LogGameMode:Display: Match State Changed from WaitingToStart to InProgress
[2016.12.12-09.19.59:524][  0]LogGameState: Match State Changed from WaitingToStart to InProgress
[2016.12.12-09.19.59:524][  0]LogLoad: Took 5.406529 seconds to LoadMap(/Temp/Autosaves/Game/Levels/UEDPCTests)
[2016.12.12-09.19.59:781][  0]LogLoad: (Engine Initialization) Total time: 66.36 seconds
[2016.12.12-09.19.59:781][  0]LogLoad: (Engine Initialization) Total Blueprint compile time: 1.29 seconds
[2016.12.12-09.19.59:781][  0]LogExternalProfiler: No external profilers were discovered.  External profiling features will not be available.
[2016.12.12-09.19.59:798][  0]LogOcInput: OculusInput pre-init called
[2016.12.12-09.19.59:865][  1]LogRenderer: Reallocating scene render targets to support 1280x720 (Frame:2).
[2016.12.12-09.22.17:142][323]LogEngine: All Windows Closed
[2016.12.12-09.22.17:142][323]LogWindows: FPlatformMisc::RequestExit(0)
[2016.12.12-09.22.17:143][324]LogMoviePlayer: Shutting down movie player
[2016.12.12-09.22.17:794][324]LogExit: Preparing to exit.
[2016.12.12-09.22.18:607][324]LogExit: Game engine shut down
[2016.12.12-09.22.18:819][324]LogObj: Freed 0b from 0 cluster array pools.
[2016.12.12-09.22.18:819][324]LogExit: Object subsystem successfully closed.
[2016.12.12-09.22.18:906][324]LogD3D11RHI: Shutdown
[2016.12.12-09.22.18:906][324]LogD3D11RHI: CleanupD3DDevice
[2016.12.12-09.22.18:931][324]LogD3D11RHI: ~FD3D11DynamicRHI
[2016.12.12-09.22.18:937][324]LogModuleManager: Shutting down and abandoning module SequenceRecorderSections (120)
[2016.12.12-09.22.18:937][324]LogModuleManager: Shutting down and abandoning module SequenceRecorder (119)
[2016.12.12-09.22.18:937][324]LogModuleManager: Shutting down and abandoning module AutomationController (118)
[2016.12.12-09.22.18:938][324]LogModuleManager: Shutting down and abandoning module AutomationWorker (117)
[2016.12.12-09.22.18:938][324]LogModuleManager: Shutting down and abandoning module GameplayDebugger (116)
[2016.12.12-09.22.18:938][324]LogModuleManager: Shutting down and abandoning module AITestSuite (115)
[2016.12.12-09.22.18:938][324]LogModuleManager: Shutting down and abandoning module AIModule (114)
[2016.12.12-09.22.18:938][324]LogModuleManager: Shutting down and abandoning module WmfMediaFactory (113)
[2016.12.12-09.22.18:938][324]LogModuleManager: Shutting down and abandoning module AvfMediaFactory (112)
[2016.12.12-09.22.18:938][324]LogModuleManager: Shutting down and abandoning module Media (111)
[2016.12.12-09.22.18:938][324]LogModuleManager: Shutting down and abandoning module AndroidMediaFactory (110)
[2016.12.12-09.22.18:938][324]LogModuleManager: Shutting down and abandoning module CharacterAI (109)
[2016.12.12-09.22.18:938][324]LogModuleManager: Shutting down and abandoning module SessionServices (108)
[2016.12.12-09.22.18:938][324]LogModuleManager: Shutting down and abandoning module MovieSceneCapture (107)
[2016.12.12-09.22.18:938][324]LogModuleManager: Shutting down and abandoning module Niagara (106)
[2016.12.12-09.22.18:938][324]LogModuleManager: Shutting down and abandoning module StreamingPauseRendering (105)
[2016.12.12-09.22.18:938][324]LogModuleManager: Shutting down and abandoning module PortalServices (104)
[2016.12.12-09.22.18:938][324]LogModuleManager: Shutting down and abandoning module PortalRpc (103)
[2016.12.12-09.22.18:938][324]LogModuleManager: Shutting down and abandoning module MessagingRpc (102)
[2016.12.12-09.22.18:938][324]LogModuleManager: Shutting down and abandoning module ProfilerService (101)
[2016.12.12-09.22.18:959][324]LogModuleManager: Shutting down and abandoning module TaskGraph (100)
[2016.12.12-09.22.18:959][324]LogModuleManager: Shutting down and abandoning module SlateRemote (99)
[2016.12.12-09.22.18:959][324]LogModuleManager: Shutting down and abandoning module SteamVRController (98)
[2016.12.12-09.22.18:959][324]LogModuleManager: Shutting down and abandoning module SteamVR (97)
[2016.12.12-09.22.18:959][324]LogModuleManager: Shutting down and abandoning module ProceduralMeshComponent (96)
[2016.12.12-09.22.18:959][324]LogModuleManager: Shutting down and abandoning module OculusLibrary (95)
[2016.12.12-09.22.18:959][324]LogModuleManager: Shutting down and abandoning module OculusInput (94)
[2016.12.12-09.22.18:959][324]LogModuleManager: Shutting down and abandoning module CustomMeshComponent (93)
[2016.12.12-09.22.18:959][324]LogModuleManager: Shutting down and abandoning module CableComponent (92)
[2016.12.12-09.22.18:959][324]LogModuleManager: Shutting down and abandoning module ArchVisCharacter (91)
[2016.12.12-09.22.18:959][324]LogModuleManager: Shutting down and abandoning module HTML5Networking (89)
[2016.12.12-09.22.18:959][324]LogModuleManager: Shutting down and abandoning module DesktopPlatform (88)
[2016.12.12-09.22.18:959][324]LogModuleManager: Shutting down and abandoning module DirectoryWatcher (87)
[2016.12.12-09.22.18:959][324]LogModuleManager: Shutting down and abandoning module HotReload (86)
[2016.12.12-09.22.18:959][324]LogModuleManager: Shutting down and abandoning module VisualStudioSourceCodeAccess (85)
[2016.12.12-09.22.18:959][324]LogModuleManager: Shutting down and abandoning module UObjectPlugin (84)
[2016.12.12-09.22.18:959][324]LogModuleManager: Shutting down and abandoning module SubversionSourceControl (83)
[2016.12.12-09.22.18:959][324]LogModuleManager: Shutting down and abandoning module SourceControl (82)
[2016.12.12-09.22.18:959][324]LogModuleManager: Shutting down and abandoning module PerforceSourceControl (81)
[2016.12.12-09.22.18:959][324]LogModuleManager: Shutting down and abandoning module UdpMessaging (80)
[2016.12.12-09.22.19:060][324]LogModuleManager: Shutting down and abandoning module TcpMessaging (79)
[2016.12.12-09.22.19:347][324]LogModuleManager: Shutting down and abandoning module LightPropagationVolumeRuntime (78)
[2016.12.12-09.22.19:347][324]LogModuleManager: Shutting down and abandoning module Paper2D (77)
[2016.12.12-09.22.19:348][324]LogModuleManager: Shutting down and abandoning module WindowsMoviePlayer (76)
[2016.12.12-09.22.19:348][324]LogModuleManager: Shutting down and abandoning module WmfMedia (75)
[2016.12.12-09.22.19:348][324]LogModuleManager: Shutting down and abandoning module MediaAssets (74)
[2016.12.12-09.22.19:348][324]LogModuleManager: Shutting down and abandoning module GameLiveStreaming (73)
[2016.12.12-09.22.19:348][324]LogModuleManager: Shutting down and abandoning module GameplayTagsEditor (72)
[2016.12.12-09.22.19:348][324]LogModuleManager: Shutting down and abandoning module EnvironmentQueryEditor (71)
[2016.12.12-09.22.19:348][324]LogModuleManager: Shutting down and abandoning module VREditor (70)
[2016.12.12-09.22.19:348][324]LogModuleManager: Shutting down and abandoning module GameplayTasksEditor (69)
[2016.12.12-09.22.19:348][324]LogModuleManager: Shutting down and abandoning module PropertyEditor (68)
[2016.12.12-09.22.19:349][324]LogModuleManager: Shutting down and abandoning module BehaviorTreeEditor (67)
[2016.12.12-09.22.19:349][324]LogModuleManager: Shutting down and abandoning module FunctionalTesting (66)
[2016.12.12-09.22.19:349][324]LogModuleManager: Shutting down and abandoning module CollisionAnalyzer (65)
[2016.12.12-09.22.19:349][324]LogModuleManager: Shutting down and abandoning module Sequencer (64)
[2016.12.12-09.22.19:349][324]LogModuleManager: Shutting down and abandoning module WorkspaceMenuStructure (63)
[2016.12.12-09.22.19:349][324]LogModuleManager: Shutting down and abandoning module MessageLog (62)
[2016.12.12-09.22.19:349][324]LogModuleManager: Shutting down and abandoning module AssetTools (61)
[2016.12.12-09.22.19:349][324]LogModuleManager: Shutting down and abandoning module UMGEditor (60)
[2016.12.12-09.22.19:349][324]LogModuleManager: Shutting down and abandoning module UMG (59)
[2016.12.12-09.22.19:349][324]LogModuleManager: Shutting down and abandoning module SlateReflector (58)
[2016.12.12-09.22.19:349][324]LogModuleManager: Shutting down and abandoning module Slate (57)
[2016.12.12-09.22.19:349][324]LogModuleManager: Shutting down and abandoning module EditorStyle (56)
[2016.12.12-09.22.19:353][324]LogModuleManager: Shutting down and abandoning module Messaging (55)
[2016.12.12-09.22.19:354][324]LogModuleManager: Shutting down and abandoning module SourceCodeAccess (54)
[2016.12.12-09.22.19:354][324]LogModuleManager: Shutting down and abandoning module HeadMountedDisplay (53)
[2016.12.12-09.22.19:354][324]LogModuleManager: Shutting down and abandoning module XAudio2 (52)
[2016.12.12-09.22.19:354][324]LogModuleManager: Shutting down and abandoning module Networking (50)
[2016.12.12-09.22.19:354][324]LogModuleManager: Shutting down and abandoning module Core (49)
[2016.12.12-09.22.19:354][324]LogModuleManager: Shutting down and abandoning module KismetCompiler (48)
[2016.12.12-09.22.19:354][324]LogModuleManager: Shutting down and abandoning module PhysXFormats (47)
[2016.12.12-09.22.19:354][324]LogModuleManager: Shutting down and abandoning module MeshUtilities (46)
[2016.12.12-09.22.19:354][324]LogModuleManager: Shutting down and abandoning module AssetRegistry (45)
[2016.12.12-09.22.19:354][324]LogModuleManager: Shutting down and abandoning module DerivedDataCache (44)
[2016.12.12-09.22.19:420][324]LogDerivedDataCache: Shutdown
[2016.12.12-09.22.19:420][324]LogModuleManager: Shutting down and abandoning module VulkanShaderFormat (43)
[2016.12.12-09.22.19:420][324]LogModuleManager: Shutting down and abandoning module ShaderFormatOpenGL (42)
[2016.12.12-09.22.19:421][324]LogModuleManager: Shutting down and abandoning module ShaderFormatD3D (41)
[2016.12.12-09.22.19:421][324]LogModuleManager: Shutting down and abandoning module MetalShaderFormat (40)
[2016.12.12-09.22.19:421][324]LogModuleManager: Shutting down and abandoning module TextureFormatUncompressed (39)
[2016.12.12-09.22.19:421][324]LogModuleManager: Shutting down and abandoning module TextureFormatPVR (38)
[2016.12.12-09.22.19:421][324]LogModuleManager: Shutting down and abandoning module TextureFormatDXT (37)
[2016.12.12-09.22.19:421][324]LogModuleManager: Shutting down and abandoning module TextureFormatIntelISPCTexComp (36)
[2016.12.12-09.22.19:421][324]LogModuleManager: Shutting down and abandoning module ImageWrapper (35)
[2016.12.12-09.22.19:421][324]LogModuleManager: Shutting down and abandoning module TextureFormatASTC (34)
[2016.12.12-09.22.19:421][324]LogModuleManager: Shutting down and abandoning module TextureFormatAndroid (33)
[2016.12.12-09.22.19:421][324]LogModuleManager: Shutting down and abandoning module AudioFormatOpus (32)
[2016.12.12-09.22.19:421][324]LogModuleManager: Shutting down and abandoning module AudioFormatOgg (31)
[2016.12.12-09.22.19:421][324]LogModuleManager: Shutting down and abandoning module AudioFormatADPCM (30)
[2016.12.12-09.22.19:421][324]LogModuleManager: Shutting down and abandoning module WindowsTargetPlatform (29)
[2016.12.12-09.22.19:421][324]LogModuleManager: Shutting down and abandoning module WindowsServerTargetPlatform (28)
[2016.12.12-09.22.19:421][324]LogModuleManager: Shutting down and abandoning module WindowsNoEditorTargetPlatform (27)
[2016.12.12-09.22.19:421][324]LogModuleManager: Shutting down and abandoning module WindowsClientTargetPlatform (26)
[2016.12.12-09.22.19:421][324]LogModuleManager: Shutting down and abandoning module TargetPlatform (25)
[2016.12.12-09.22.19:422][324]LogModuleManager: Shutting down and abandoning module InputCore (24)
[2016.12.12-09.22.19:422][324]LogModuleManager: Shutting down and abandoning module Settings (23)
[2016.12.12-09.22.19:422][324]LogModuleManager: Shutting down and abandoning module OculusRift (22)
[2016.12.12-09.22.19:422][324]LogModuleManager: Shutting down and abandoning module GearVR (21)
[2016.12.12-09.22.19:422][324]LogModuleManager: Shutting down and abandoning module ExampleDeviceProfileSelector (20)
[2016.12.12-09.22.19:422][324]LogModuleManager: Shutting down and abandoning module OnlineBlueprintSupport (19)
[2016.12.12-09.22.19:422][324]LogModuleManager: Shutting down and abandoning module OnlineSubsystem (17)
[2016.12.12-09.22.19:422][324]LogOnline:Display: Unloading online subsystem: NULL
[2016.12.12-09.22.19:422][324]LogModuleManager: Shutting down and abandoning module HTTP (16)
[2016.12.12-09.22.19:433][324]LogModuleManager: Shutting down and abandoning module XMPP (15)
[2016.12.12-09.22.19:433][324]LogModuleManager: Shutting down and abandoning module TextureCompressor (14)
[2016.12.12-09.22.19:434][324]LogModuleManager: Shutting down and abandoning module ShaderCore (13)
[2016.12.12-09.22.19:434][324]LogModuleManager: Shutting down and abandoning module Landscape (12)
[2016.12.12-09.22.19:434][324]LogModuleManager: Shutting down and abandoning module SlateRHIRenderer (11)
[2016.12.12-09.22.19:434][324]LogModuleManager: Shutting down and abandoning module OpenGLDrv (10)
[2016.12.12-09.22.19:434][324]LogModuleManager: Shutting down and abandoning module D3D11RHI (9)
[2016.12.12-09.22.19:434][324]LogModuleManager: Shutting down and abandoning module AnimGraphRuntime (8)
[2016.12.12-09.22.19:434][324]LogModuleManager: Shutting down and abandoning module Renderer (7)
[2016.12.12-09.22.19:434][324]LogModuleManager: Shutting down and abandoning module Engine (6)
[2016.12.12-09.22.19:434][324]LogModuleManager: Shutting down and abandoning module CoreUObject (5)
[2016.12.12-09.22.19:434][324]LogModuleManager: Shutting down and abandoning module NetworkFile (4)
[2016.12.12-09.22.19:435][324]LogModuleManager: Shutting down and abandoning module StreamingFile (3)
[2016.12.12-09.22.19:435][324]LogModuleManager: Shutting down and abandoning module SandboxFile (2)
[2016.12.12-09.22.19:435][324]LogModuleManager: Shutting down and abandoning module PakFile (1)
[2016.12.12-09.22.19:437][324]LogExit: Exiting.
[2016.12.12-09.22.19:441][324]Log file closed, 12/12/16 10:22:19
