Log file open, 02/02/17 12:18:08
LogInit:Display: Running engine for game: BasicMechanics
LogPlatformFile: Not using cached read wrapper
LogInit:Display: RandInit(1396727194) SRandInit(1396727194).
LogTaskGraph: Started task graph with 5 named threads and 10 total threads with 1 sets of task threads.
LogStats: Stats thread started at 0.093912
LogPluginManager: Loaded Plugin Paper2D, From C:/Program Files (x86)/Epic Games/4.14/Engine/Plugins/2D/Paper2D/Paper2D.uplugin
LogPluginManager: Loaded Plugin LightPropagationVolume, From C:/Program Files (x86)/Epic Games/4.14/Engine/Plugins/Blendables/LightPropagationVolume/LightPropagationVolume.uplugin
LogPluginManager: Loaded Plugin BlankPlugin, From C:/Program Files (x86)/Epic Games/4.14/Engine/Plugins/Developer/BlankPlugin/BlankPlugin.uplugin
LogPluginManager: Loaded Plugin CodeLiteSourceCodeAccess, From C:/Program Files (x86)/Epic Games/4.14/Engine/Plugins/Developer/CodeLiteSourceCodeAccess/CodeLiteSourceCodeAccess.uplugin
LogPluginManager: Loaded Plugin GitSourceControl, From C:/Program Files (x86)/Epic Games/4.14/Engine/Plugins/Developer/GitSourceControl/GitSourceControl.uplugin
LogPluginManager: Loaded Plugin KDevelopSourceCodeAccess, From C:/Program Files (x86)/Epic Games/4.14/Engine/Plugins/Developer/KDevelopSourceCodeAccess/KDevelopSourceCodeAccess.uplugin
LogPluginManager: Loaded Plugin NullSourceCodeAccess, From C:/Program Files (x86)/Epic Games/4.14/Engine/Plugins/Developer/NullSourceCodeAccess/NullSourceCodeAccess.uplugin
LogPluginManager: Loaded Plugin OneSkyLocalizationService, From C:/Program Files (x86)/Epic Games/4.14/Engine/Plugins/Developer/OneSkyLocalizationService/OneSkyLocalizationService.uplugin
LogPluginManager: Loaded Plugin PerforceSourceControl, From C:/Program Files (x86)/Epic Games/4.14/Engine/Plugins/Developer/PerforceSourceControl/PerforceSourceControl.uplugin
LogPluginManager: Loaded Plugin SubversionSourceControl, From C:/Program Files (x86)/Epic Games/4.14/Engine/Plugins/Developer/SubversionSourceControl/SubversionSourceControl.uplugin
LogPluginManager: Loaded Plugin UObjectPlugin, From C:/Program Files (x86)/Epic Games/4.14/Engine/Plugins/Developer/UObjectPlugin/UObjectPlugin.uplugin
LogPluginManager: Loaded Plugin VisualStudioSourceCodeAccess, From C:/Program Files (x86)/Epic Games/4.14/Engine/Plugins/Developer/VisualStudioSourceCodeAccess/VisualStudioSourceCodeAccess.uplugin
LogPluginManager: Loaded Plugin XCodeSourceCodeAccess, From C:/Program Files (x86)/Epic Games/4.14/Engine/Plugins/Developer/XCodeSourceCodeAccess/XCodeSourceCodeAccess.uplugin
LogPluginManager: Loaded Plugin AudioCapture, From C:/Program Files (x86)/Epic Games/4.14/Engine/Plugins/Editor/AudioCapture/AudioCapture.uplugin
LogPluginManager: Loaded Plugin EpicSurvey, From C:/Program Files (x86)/Epic Games/4.14/Engine/Plugins/Editor/EpicSurvey/EpicSurvey.uplugin
LogPluginManager: Loaded Plugin MacGraphicsSwitching, From C:/Program Files (x86)/Epic Games/4.14/Engine/Plugins/Editor/MacGraphicsSwitching/MacGraphicsSwitching.uplugin
LogPluginManager: Loaded Plugin MobileLauncherProfileWizard, From C:/Program Files (x86)/Epic Games/4.14/Engine/Plugins/Editor/MobileLauncherProfileWizard/MobileLauncherProfileWizard.uplugin
LogPluginManager: Loaded Plugin PluginBrowser, From C:/Program Files (x86)/Epic Games/4.14/Engine/Plugins/Editor/PluginBrowser/PluginBrowser.uplugin
LogPluginManager: Loaded Plugin SpeedTreeImporter, From C:/Program Files (x86)/Epic Games/4.14/Engine/Plugins/Editor/SpeedTreeImporter/SpeedTreeImporter.uplugin
LogPluginManager: Loaded Plugin SuperSearchEditor, From C:/Program Files (x86)/Epic Games/4.14/Engine/Plugins/Editor/SuperSearchEditor/SuperSearchEditor.uplugin
LogPluginManager: Loaded Plugin AlembicImporter, From C:/Program Files (x86)/Epic Games/4.14/Engine/Plugins/Experimental/AlembicImporter/AlembicImporter.uplugin
LogPluginManager: Loaded Plugin BlueprintStats, From C:/Program Files (x86)/Epic Games/4.14/Engine/Plugins/Experimental/BlueprintStats/BlueprintStats.uplugin
LogPluginManager: Loaded Plugin CharacterAI, From C:/Program Files (x86)/Epic Games/4.14/Engine/Plugins/Experimental/CharacterAI/CharacterAI.uplugin
LogPluginManager: Loaded Plugin CodeEditor, From C:/Program Files (x86)/Epic Games/4.14/Engine/Plugins/Experimental/CodeEditor/CodeEditor.uplugin
LogPluginManager: Loaded Plugin CodeView, From C:/Program Files (x86)/Epic Games/4.14/Engine/Plugins/Experimental/CodeView/CodeView.uplugin
LogPluginManager: Loaded Plugin HTML5Networking, From C:/Program Files (x86)/Epic Games/4.14/Engine/Plugins/Experimental/HTML5Networking/HTML5Networking.uplugin
LogPluginManager: Loaded Plugin OSVR, From C:/Program Files (x86)/Epic Games/4.14/Engine/Plugins/Experimental/OSVR/OSVR.uplugin
LogPluginManager: Loaded Plugin Phya, From C:/Program Files (x86)/Epic Games/4.14/Engine/Plugins/Experimental/Phya/Phya.uplugin
LogPluginManager: Loaded Plugin SignificanceManager, From C:/Program Files (x86)/Epic Games/4.14/Engine/Plugins/Experimental/SignificanceManager/SignificanceManager.uplugin
LogPluginManager: Loaded Plugin SimpleHMD, From C:/Program Files (x86)/Epic Games/4.14/Engine/Plugins/Experimental/SimpleHMD/SimpleHMD.uplugin
LogPluginManager: Loaded Plugin StereoPanorama, From C:/Program Files (x86)/Epic Games/4.14/Engine/Plugins/Experimental/StereoPanorama/StereoPanorama.uplugin
LogPluginManager: Loaded Plugin StructBox, From C:/Program Files (x86)/Epic Games/4.14/Engine/Plugins/Experimental/StructBox/StructBox.uplugin
LogPluginManager: Loaded Plugin AndroidMedia, From C:/Program Files (x86)/Epic Games/4.14/Engine/Plugins/Media/AndroidMedia/AndroidMedia.uplugin
LogPluginManager: Loaded Plugin AvfMedia, From C:/Program Files (x86)/Epic Games/4.14/Engine/Plugins/Media/AvfMedia/AvfMedia.uplugin
LogPluginManager: Loaded Plugin MediaPlayerEditor, From C:/Program Files (x86)/Epic Games/4.14/Engine/Plugins/Media/MediaPlayerEditor/MediaPlayerEditor.uplugin
LogPluginManager: Loaded Plugin WmfMedia, From C:/Program Files (x86)/Epic Games/4.14/Engine/Plugins/Media/WmfMedia/WmfMedia.uplugin
LogPluginManager: Loaded Plugin MessagingDebugger, From C:/Program Files (x86)/Epic Games/4.14/Engine/Plugins/Messaging/MessagingDebugger/MessagingDebugger.uplugin
LogPluginManager: Loaded Plugin TcpMessaging, From C:/Program Files (x86)/Epic Games/4.14/Engine/Plugins/Messaging/TcpMessaging/TcpMessaging.uplugin
LogPluginManager: Loaded Plugin UdpMessaging, From C:/Program Files (x86)/Epic Games/4.14/Engine/Plugins/Messaging/UdpMessaging/UdpMessaging.uplugin
LogPluginManager: Loaded Plugin LevelSequenceEditor, From C:/Program Files (x86)/Epic Games/4.14/Engine/Plugins/MovieScene/LevelSequenceEditor/LevelSequenceEditor.uplugin
LogPluginManager: Loaded Plugin MatineeToLevelSequence, From C:/Program Files (x86)/Epic Games/4.14/Engine/Plugins/MovieScene/MatineeToLevelSequence/MatineeToLevelSequence.uplugin
LogPluginManager: Loaded Plugin NetcodeUnitTest, From C:/Program Files (x86)/Epic Games/4.14/Engine/Plugins/NetcodeUnitTest/NetcodeUnitTest/NetcodeUnitTest.uplugin
LogPluginManager: Loaded Plugin NUTUnrealEngine4, From C:/Program Files (x86)/Epic Games/4.14/Engine/Plugins/NetcodeUnitTest/NUTUnrealEngine4/NUTUnrealEngine4.uplugin
LogPluginManager: Loaded Plugin OnlineSubsystemGameCircle, From C:/Program Files (x86)/Epic Games/4.14/Engine/Plugins/Online/Android/OnlineSubsystemGameCircle/OnlineSubsystemGameCircle.uplugin
LogPluginManager: Loaded Plugin OnlineSubsystemGooglePlay, From C:/Program Files (x86)/Epic Games/4.14/Engine/Plugins/Online/Android/OnlineSubsystemGooglePlay/OnlineSubsystemGooglePlay.uplugin
LogPluginManager: Loaded Plugin OnlineSubsystemIOS, From C:/Program Files (x86)/Epic Games/4.14/Engine/Plugins/Online/IOS/OnlineSubsystemIOS/OnlineSubsystemIOS.uplugin
LogPluginManager: Loaded Plugin OnlineFramework, From C:/Program Files (x86)/Epic Games/4.14/Engine/Plugins/Online/OnlineFramework/OnlineFramework.uplugin
LogPluginManager: Loaded Plugin OnlineSubsystem, From C:/Program Files (x86)/Epic Games/4.14/Engine/Plugins/Online/OnlineSubsystem/OnlineSubsystem.uplugin
LogPluginManager: Loaded Plugin OnlineSubsystemAmazon, From C:/Program Files (x86)/Epic Games/4.14/Engine/Plugins/Online/OnlineSubsystemAmazon/OnlineSubsystemAmazon.uplugin
LogPluginManager: Loaded Plugin OnlineSubsystemFacebook, From C:/Program Files (x86)/Epic Games/4.14/Engine/Plugins/Online/OnlineSubsystemFacebook/OnlineSubsystemFacebook.uplugin
LogPluginManager: Loaded Plugin OnlineSubsystemNull, From C:/Program Files (x86)/Epic Games/4.14/Engine/Plugins/Online/OnlineSubsystemNull/OnlineSubsystemNull.uplugin
LogPluginManager: Loaded Plugin OnlineSubsystemOculus, From C:/Program Files (x86)/Epic Games/4.14/Engine/Plugins/Online/OnlineSubsystemOculus/OnlineSubsystemOculus.uplugin
LogPluginManager: Loaded Plugin OnlineSubsystemSteam, From C:/Program Files (x86)/Epic Games/4.14/Engine/Plugins/Online/OnlineSubsystemSteam/OnlineSubsystemSteam.uplugin
LogPluginManager: Loaded Plugin OnlineSubsystemUtils, From C:/Program Files (x86)/Epic Games/4.14/Engine/Plugins/Online/OnlineSubsystemUtils/OnlineSubsystemUtils.uplugin
LogPluginManager: Loaded Plugin IOSTapJoy, From C:/Program Files (x86)/Epic Games/4.14/Engine/Plugins/Runtime/Advertising/IOSTapJoy/IOSTapJoy.uplugin
LogPluginManager: Loaded Plugin AnalyticsBlueprintLibrary, From C:/Program Files (x86)/Epic Games/4.14/Engine/Plugins/Runtime/Analytics/AnalyticsBlueprintLibrary/AnalyticsBlueprintLibrary.uplugin
LogPluginManager: Loaded Plugin AnalyticsMulticast, From C:/Program Files (x86)/Epic Games/4.14/Engine/Plugins/Runtime/Analytics/AnalyticsMulticast/AnalyticsMulticast.uplugin
LogPluginManager: Loaded Plugin Apsalar, From C:/Program Files (x86)/Epic Games/4.14/Engine/Plugins/Runtime/Analytics/Apsalar/Apsalar.uplugin
LogPluginManager: Loaded Plugin FileLogging, From C:/Program Files (x86)/Epic Games/4.14/Engine/Plugins/Runtime/Analytics/FileLogging/FileLogging.uplugin
LogPluginManager: Loaded Plugin Flurry, From C:/Program Files (x86)/Epic Games/4.14/Engine/Plugins/Runtime/Analytics/Flurry/Flurry.uplugin
LogPluginManager: Loaded Plugin AndroidDeviceProfileSelector, From C:/Program Files (x86)/Epic Games/4.14/Engine/Plugins/Runtime/AndroidDeviceProfileSelector/AndroidDeviceProfileSelector.uplugin
LogPluginManager: Loaded Plugin AndroidMoviePlayer, From C:/Program Files (x86)/Epic Games/4.14/Engine/Plugins/Runtime/AndroidMoviePlayer/AndroidMoviePlayer.uplugin
LogPluginManager: Loaded Plugin AppleMoviePlayer, From C:/Program Files (x86)/Epic Games/4.14/Engine/Plugins/Runtime/AppleMoviePlayer/AppleMoviePlayer.uplugin
LogPluginManager: Loaded Plugin ArchVisCharacter, From C:/Program Files (x86)/Epic Games/4.14/Engine/Plugins/Runtime/ArchVisCharacter/ArchVisCharacter.uplugin
LogPluginManager: Loaded Plugin CableComponent, From C:/Program Files (x86)/Epic Games/4.14/Engine/Plugins/Runtime/CableComponent/CableComponent.uplugin
LogPluginManager: Loaded Plugin CustomMeshComponent, From C:/Program Files (x86)/Epic Games/4.14/Engine/Plugins/Runtime/CustomMeshComponent/CustomMeshComponent.uplugin
LogPluginManager: Loaded Plugin ExampleDeviceProfileSelector, From C:/Program Files (x86)/Epic Games/4.14/Engine/Plugins/Runtime/ExampleDeviceProfileSelector/ExampleDeviceProfileSelector.uplugin
LogPluginManager: Loaded Plugin GearVR, From C:/Program Files (x86)/Epic Games/4.14/Engine/Plugins/Runtime/GearVR/GearVR.uplugin
LogPluginManager: Loaded Plugin GoogleVRController, From C:/Program Files (x86)/Epic Games/4.14/Engine/Plugins/Runtime/GoogleVR/GoogleVRController/GoogleVRController.uplugin
LogPluginManager: Loaded Plugin GoogleVRHMD, From C:/Program Files (x86)/Epic Games/4.14/Engine/Plugins/Runtime/GoogleVR/GoogleVRHMD/GoogleVRHMD.uplugin
LogPluginManager: Loaded Plugin IOSDeviceProfileSelector, From C:/Program Files (x86)/Epic Games/4.14/Engine/Plugins/Runtime/IOSDeviceProfileSelector/IOSDeviceProfileSelector.uplugin
LogPluginManager: Loaded Plugin LeapMotion, From C:/Program Files (x86)/Epic Games/4.14/Engine/Plugins/Runtime/LeapMotion/LeapMotion.uplugin
LogPluginManager: Loaded Plugin LinuxDeviceProfileSelector, From C:/Program Files (x86)/Epic Games/4.14/Engine/Plugins/Runtime/LinuxDeviceProfileSelector/LinuxDeviceProfileSelector.uplugin
LogPluginManager: Loaded Plugin MIDIDevice, From C:/Program Files (x86)/Epic Games/4.14/Engine/Plugins/Runtime/MIDIDevice/MIDIDevice.uplugin
LogPluginManager: Loaded Plugin MobilePatchingUtils, From C:/Program Files (x86)/Epic Games/4.14/Engine/Plugins/Runtime/MobilePatchingUtils/MobilePatchingUtils.uplugin
LogPluginManager: Loaded Plugin Ansel, From C:/Program Files (x86)/Epic Games/4.14/Engine/Plugins/Runtime/Nvidia/Ansel/Ansel.uplugin
LogPluginManager: Loaded Plugin OculusAudio, From C:/Program Files (x86)/Epic Games/4.14/Engine/Plugins/Runtime/OculusAudio/OculusAudio.uplugin
LogPluginManager: Loaded Plugin OculusInput, From C:/Program Files (x86)/Epic Games/4.14/Engine/Plugins/Runtime/OculusInput/OculusInput.uplugin
LogPluginManager: Loaded Plugin OculusLibrary, From C:/Program Files (x86)/Epic Games/4.14/Engine/Plugins/Runtime/OculusLibrary/OculusLibrary.uplugin
LogPluginManager: Loaded Plugin OculusRift, From C:/Program Files (x86)/Epic Games/4.14/Engine/Plugins/Runtime/OculusRift/OculusRift.uplugin
LogPluginManager: Loaded Plugin Oodle, From C:/Program Files (x86)/Epic Games/4.14/Engine/Plugins/Runtime/PacketHandlers/CompressionComponents/Oodle/Oodle.uplugin
LogPluginManager: Loaded Plugin ProceduralMeshComponent, From C:/Program Files (x86)/Epic Games/4.14/Engine/Plugins/Runtime/ProceduralMeshComponent/ProceduralMeshComponent.uplugin
LogPluginManager: Loaded Plugin SoundMod, From C:/Program Files (x86)/Epic Games/4.14/Engine/Plugins/Runtime/SoundMod/SoundMod.uplugin
LogPluginManager: Loaded Plugin SoundVisualizations, From C:/Program Files (x86)/Epic Games/4.14/Engine/Plugins/Runtime/SoundVisualizations/SoundVisualizations.uplugin
LogPluginManager: Loaded Plugin SteamController, From C:/Program Files (x86)/Epic Games/4.14/Engine/Plugins/Runtime/Steam/SteamController/SteamController.uplugin
LogPluginManager: Loaded Plugin SteamVR, From C:/Program Files (x86)/Epic Games/4.14/Engine/Plugins/Runtime/Steam/SteamVR/SteamVR.uplugin
LogPluginManager: Loaded Plugin WebBrowserWidget, From C:/Program Files (x86)/Epic Games/4.14/Engine/Plugins/Runtime/WebBrowserWidget/WebBrowserWidget.uplugin
LogPluginManager: Loaded Plugin WindowsDeviceProfileSelector, From C:/Program Files (x86)/Epic Games/4.14/Engine/Plugins/Runtime/WindowsDeviceProfileSelector/WindowsDeviceProfileSelector.uplugin
LogPluginManager: Loaded Plugin WindowsMoviePlayer, From C:/Program Files (x86)/Epic Games/4.14/Engine/Plugins/Runtime/WindowsMoviePlayer/WindowsMoviePlayer.uplugin
LogPluginManager: Loaded Plugin ScriptPlugin, From C:/Program Files (x86)/Epic Games/4.14/Engine/Plugins/ScriptPlugin/ScriptPlugin.uplugin
LogPluginManager: Loaded Plugin SlateRemote, From C:/Program Files (x86)/Epic Games/4.14/Engine/Plugins/Slate/SlateRemote/SlateRemote.uplugin
LogPluginManager: Loaded Plugin EditorTests, From C:/Program Files (x86)/Epic Games/4.14/Engine/Plugins/Tests/EditorTests/EditorTests.uplugin
LogPluginManager: Loaded Plugin FbxAutomationTestBuilder, From C:/Program Files (x86)/Epic Games/4.14/Engine/Plugins/Tests/FbxAutomationTestBuilder/FbxAutomationTestBuilder.uplugin
LogPluginManager: Loaded Plugin FunctionalTestingEditor, From C:/Program Files (x86)/Epic Games/4.14/Engine/Plugins/Tests/FunctionalTestingEditor/FunctionalTestingEditor.uplugin
LogPluginManager: Loaded Plugin RuntimeTests, From C:/Program Files (x86)/Epic Games/4.14/Engine/Plugins/Tests/RuntimeTests/RuntimeTests.uplugin
LogPluginManager: Loaded Plugin ScreenshotTools, From C:/Program Files (x86)/Epic Games/4.14/Engine/Plugins/Tests/ScreenshotTools/ScreenshotTools.uplugin
LogInit: Using libcurl 7.47.1
LogInit:  - built for x86_64-pc-win32
LogInit:  - supports SSL with OpenSSL/1.0.2g
LogInit:  - supports HTTP deflate (compression) using libz 1.2.8
LogInit:  - other features:
LogInit:      CURL_VERSION_SSL
LogInit:      CURL_VERSION_LIBZ
LogInit:      CURL_VERSION_IPV6
LogInit:      CURL_VERSION_ASYNCHDNS
LogInit:      CURL_VERSION_LARGEFILE
LogInit:      CURL_VERSION_IDN
LogInit:  CurlRequestOptions (configurable via config and command line):
LogInit:  - bVerifyPeer = false  - Libcurl will NOT verify peer certificate
LogInit:  - bUseHttpProxy = false  - Libcurl will NOT use HTTP proxy
LogInit:  - bDontReuseConnections = false  - Libcurl will reuse connections
LogInit:  - CertBundlePath = nullptr  - Libcurl will use whatever was configured at build time.
LogInit: Build: ++UE4+Release-4.14-CL-3249277
LogInit: Engine Version: 4.14.3-3249277+++UE4+Release-4.14
LogInit: Compatible Engine Version: 4.14.0-3195953+++UE4+Release-4.14
LogInit: Net CL: 3195953
LogDevObjectVersion: Number of dev versions registered: 13
LogDevObjectVersion:   Dev-Blueprints (B0D832E4-1F89-4F0D-ACCF-7EB736FD4AA2): 7
LogDevObjectVersion:   Dev-Build (E1C64328-A22C-4D53-A36C-8E866417BD8C): 0
LogDevObjectVersion:   Dev-Core (375EC13C-06E4-48FB-B500-84F0262A717E): 1
LogDevObjectVersion:   Dev-Editor (E4B068ED-F494-42E9-A231-DA0B2E46BB41): 8
LogDevObjectVersion:   Dev-Framework (CFFC743F-43B0-4480-9391-14DF171D2073): 17
LogDevObjectVersion:   Dev-Mobile (B02B49B5-BB20-44E9-A304-32B752E40360): 0
LogDevObjectVersion:   Dev-Networking (A4E4105C-59A1-49B5-A7C5-40C4547EDFEE): 0
LogDevObjectVersion:   Dev-Online (39C831C9-5AE6-47DC-9A44-9C173E1C8E7C): 0
LogDevObjectVersion:   Dev-Physics (78F01B33-EBEA-4F98-B9B4-84EACCB95AA2): 0
LogDevObjectVersion:   Dev-Platform (6631380F-2D4D-43E0-8009-CF276956A95A): 0
LogDevObjectVersion:   Dev-Rendering (12F88B9F-8875-4AFC-A67C-D90C383ABD29): 12
LogDevObjectVersion:   Dev-Sequencer (7B5AE74C-D270-4C10-A958-57980B212A5A): 1
LogDevObjectVersion:   Dev-VR (D7296918-1DD6-4BDD-9DE2-64A83CC13884): 0
LogInit: Compiled (64-bit): Jan  6 2017 10:49:43
LogInit: Compiled with Visual C++: 19.00.23026.00
LogInit: Build Configuration: Development
LogInit: Branch Name: ++UE4+Release-4.14
LogInit: Command line: -EpicPortal 
LogInit: Base directory: C:/Program Files (x86)/Epic Games/4.14/Engine/Binaries/Win64/
LogInit: Installed Engine Build: 1
LogInit: Presizing for max 8388607 objects, including 0 objects not considered by GC, pre-allocating 0 bytes for permanent pool.
LogInit: Object subsystem initialized
[2017.02.02-11.18.08:306][  0]LogInit: Selected Device Profile: [Windows]
[2017.02.02-11.18.08:306][  0]LogInit: Applying CVar settings loaded from the selected device profile: [Windows]
[2017.02.02-11.18.08:318][  0]LogInit: Computer: BAR-EGIMENEZ
[2017.02.02-11.18.08:319][  0]LogInit: User: egimenez
[2017.02.02-11.18.08:319][  0]LogInit: CPU Page size=65536, Cores=6
[2017.02.02-11.18.08:319][  0]LogInit: High frequency timer resolution =3.409814 MHz
[2017.02.02-11.18.08:319][  0]LogMemory: Memory total: Physical=63.9GB (64GB approx)
[2017.02.02-11.18.08:319][  0]LogMemory: Platform Memory Stats for Windows
[2017.02.02-11.18.08:319][  0]LogMemory: Process Physical Memory: 269.26 MB used, 269.26 MB peak
[2017.02.02-11.18.08:319][  0]LogMemory: Process Virtual Memory: 272.75 MB used, 272.75 MB peak
[2017.02.02-11.18.08:319][  0]LogMemory: Physical Memory: 10930.11 MB used,  54533.95 MB free, 65464.06 MB total
[2017.02.02-11.18.08:319][  0]LogMemory: Virtual Memory: 669.03 MB used,  54533.95 MB free, 8388608.00 MB total
[2017.02.02-11.18.08:348][  0]LogInit: Overriding culture en with editor configuration.
[2017.02.02-11.18.08:984][  0]LogD3D11RHI: D3D11 adapters:
[2017.02.02-11.18.09:008][  0]LogD3D11RHI:    0. 'NVIDIA GeForce GTX 670' (Feature Level 11_0)
[2017.02.02-11.18.09:008][  0]LogD3D11RHI:       4026/0/32476 MB DedicatedVideo/DedicatedSystem/SharedSystem, Outputs:1, VendorId:0x10de
[2017.02.02-11.18.09:008][  0]LogD3D11RHI: Chosen D3D11 Adapter: 0
[2017.02.02-11.18.10:239][  0]LogD3D11RHI: Creating new Direct3DDevice
[2017.02.02-11.18.10:239][  0]LogD3D11RHI:     GPU DeviceId: 0x1189 (for the marketing name, search the web for "GPU Device Id")
[2017.02.02-11.18.10:239][  0]LogWindows: EnumDisplayDevices:
[2017.02.02-11.18.10:239][  0]LogWindows:    0. 'NVIDIA GeForce GTX 670' (P:1 D:1)
[2017.02.02-11.18.10:239][  0]LogWindows:    1. 'NVIDIA GeForce GTX 670' (P:0 D:0)
[2017.02.02-11.18.10:240][  0]LogWindows:    2. 'NVIDIA GeForce GTX 670' (P:0 D:0)
[2017.02.02-11.18.10:240][  0]LogWindows:    3. 'NVIDIA GeForce GTX 670' (P:0 D:0)
[2017.02.02-11.18.10:240][  0]LogWindows:    4. 'RDPDD Chained DD' (P:0 D:0)
[2017.02.02-11.18.10:240][  0]LogWindows:    5. 'RDP Encoder Mirror Driver' (P:0 D:0)
[2017.02.02-11.18.10:240][  0]LogWindows:    6. 'RDP Reflector Display Driver' (P:0 D:0)
[2017.02.02-11.18.10:241][  0]LogWindows: DebugString: GetVideoDriverDetailsInvalid PrimaryIsNotTheChoosenAdapter GetVideoDriverDetailsInvalid PrimaryIsNotTheChoosenAdapter GetVideoDriverDetailsInvalid PrimaryIsNotTheChoosenAdapter FoundDriverCount:4 
[2017.02.02-11.18.10:241][  0]LogD3D11RHI:     Adapter Name: NVIDIA GeForce GTX 670
[2017.02.02-11.18.10:241][  0]LogD3D11RHI:   Driver Version: 372.90 (internal:21.21.13.7290, unified:372.90)
[2017.02.02-11.18.10:241][  0]LogD3D11RHI:      Driver Date: 9-16-2016
[2017.02.02-11.18.10:241][  0]LogRHI: Texture pool is 1361 MB (70% of 1945 MB)
[2017.02.02-11.18.10:254][  0]LogD3D11RHI:Warning: Timestamp queries are currently disabled on this hardware due to instability. Realtime GPU stats will not be available. You can override this behaviour by setting r.NVIDIATimestampWorkaround to 0
[2017.02.02-11.18.10:254][  0]LogD3D11RHI: Async texture creation enabled
[2017.02.02-11.18.10:271][  0]LogD3D11RHI: GPU Timing Frequency: 1000.000000 (Debug: 2 2)
[2017.02.02-11.18.10:271][  0]LogShaderCompilers: Guid format shader working directory is -30 characters bigger than the processId version (../../../../../../Users/egimenez/Desktop/VAN/VANsGame/Mechanics/BasicMechanics/Intermediate/Shaders/WorkingDirectory/10484/).
[2017.02.02-11.18.10:271][  0]LogShaderCompilers: Cleaned the shader compiler working directory 'C:/Users/egimenez/AppData/Local/Temp/UnrealShaderWorkingDir/9DC10856425B5CAD077519BA8626DBF7/'.
[2017.02.02-11.18.10:271][  0]LogShaderCompilers:Display: Using Local Shader Compiler.
[2017.02.02-11.18.12:333][  0]LogTemp:Display: Loaded TP AllDesktopTargetPlatform
[2017.02.02-11.18.12:393][  0]LogTemp:Display: Loaded TP MacClientTargetPlatform
[2017.02.02-11.18.12:453][  0]LogTemp:Display: Loaded TP MacNoEditorTargetPlatform
[2017.02.02-11.18.12:513][  0]LogTemp:Display: Loaded TP MacServerTargetPlatform
[2017.02.02-11.18.12:579][  0]LogTemp:Display: Loaded TP MacTargetPlatform
[2017.02.02-11.18.12:661][  0]LogTemp:Display: Loaded TP WindowsClientTargetPlatform
[2017.02.02-11.18.12:758][  0]LogTemp:Display: Loaded TP WindowsNoEditorTargetPlatform
[2017.02.02-11.18.12:833][  0]LogTemp:Display: Loaded TP WindowsServerTargetPlatform
[2017.02.02-11.18.12:889][  0]LogTemp:Display: Loaded TP WindowsTargetPlatform
[2017.02.02-11.18.12:969][  0]LogTemp:Display: Loaded TP AndroidTargetPlatform
[2017.02.02-11.18.13:052][  0]LogTemp:Display: Loaded TP Android_ASTCTargetPlatform
[2017.02.02-11.18.13:118][  0]LogTemp:Display: Loaded TP Android_ATCTargetPlatform
[2017.02.02-11.18.13:186][  0]LogTemp:Display: Loaded TP Android_DXTTargetPlatform
[2017.02.02-11.18.13:256][  0]LogTemp:Display: Loaded TP Android_ETC1TargetPlatform
[2017.02.02-11.18.13:338][  0]LogTemp:Display: Loaded TP Android_ETC2TargetPlatform
[2017.02.02-11.18.13:517][  0]LogTemp:Display: Loaded TP Android_MultiTargetPlatform
[2017.02.02-11.18.13:517][  0]LogTemp:Display: Loaded TP Android_PVRTCTargetPlatform
[2017.02.02-11.18.13:575][  0]LogTemp:Display: Loaded TP HTML5TargetPlatform
[2017.02.02-11.18.13:686][  0]LogTemp:Display: Loaded TP IOSTargetPlatform
[2017.02.02-11.18.13:740][  0]LogTemp:Display: Loaded TP TVOSTargetPlatform
[2017.02.02-11.18.13:810][  0]LogTemp:Display: Loaded TP LinuxClientTargetPlatform
[2017.02.02-11.18.13:896][  0]LogTemp:Display: Loaded TP LinuxNoEditorTargetPlatform
[2017.02.02-11.18.13:965][  0]LogTemp:Display: Loaded TP LinuxServerTargetPlatform
[2017.02.02-11.18.14:036][  0]LogTemp:Display: Loaded TP LinuxTargetPlatform
[2017.02.02-11.18.14:036][  0]LogTargetPlatformManager:Display: Building Assets For Windows
[2017.02.02-11.18.14:515][  0]LogDerivedDataCache:Display: Max Cache Size: 512 MB
[2017.02.02-11.18.14:577][  0]LogDerivedDataCache: Loaded boot cache 0.06s 50MB C:/Users/egimenez/AppData/Local/UnrealEngine/4.14/DerivedDataCache/Boot.ddc.
[2017.02.02-11.18.14:577][  0]LogDerivedDataCache:Display: Loaded Boot cache: C:/Users/egimenez/AppData/Local/UnrealEngine/4.14/DerivedDataCache/Boot.ddc
[2017.02.02-11.18.14:577][  0]LogDerivedDataCache: FDerivedDataBackendGraph:  Pak pak cache file ../../../../../../Users/egimenez/Desktop/VAN/VANsGame/Mechanics/BasicMechanics/DerivedDataCache/DDC.ddp not found, will not use a pak cache.
[2017.02.02-11.18.14:577][  0]LogDerivedDataCache: Unable to find inner node Pak for hierarchical cache Hierarchy.
[2017.02.02-11.18.14:577][  0]LogDerivedDataCache: FDerivedDataBackendGraph:  CompressedPak pak cache file ../../../../../../Users/egimenez/Desktop/VAN/VANsGame/Mechanics/BasicMechanics/DerivedDataCache/Compressed.ddp not found, will not use a pak cache.
[2017.02.02-11.18.14:577][  0]LogDerivedDataCache: Unable to find inner node CompressedPak for hierarchical cache Hierarchy.
[2017.02.02-11.18.14:598][  0]LogDerivedDataCache:Display: Pak cache opened for reading ../../../Engine/DerivedDataCache/Compressed.ddp.
[2017.02.02-11.18.14:611][  0]LogDerivedDataCache: Using Local data cache path C:/Users/egimenez/AppData/Local/UnrealEngine/Common/DerivedDataCache: Writable
[2017.02.02-11.18.14:917][  0]LogInit: Selected Device Profile: [Windows]
[2017.02.02-11.18.14:921][  0]LogContentStreaming: Texture pool size is 0.00 MB
[2017.02.02-11.18.15:151][  0]LogMeshUtilities: Using QuadricMeshReduction for automatic static mesh reduction
[2017.02.02-11.18.15:199][  0]LogSimplygon: Simplygon DLL not present - disabling.
[2017.02.02-11.18.15:259][  0]LogMeshUtilities: Using SimplygonSwarm for distributed automatic mesh merging
[2017.02.02-11.18.15:259][  0]LogMeshUtilities: No automatic skeletal mesh reduction module available
[2017.02.02-11.18.15:259][  0]LogMeshUtilities: No automatic mesh merging module available
[2017.02.02-11.18.15:847][  0]LogNetVersion: GetLocalNetworkVersion: CL: 3195953, ProjectName: basicmechanics, ProjectVersion: , EngineNetworkVersion: 2, GameNetworkVersion: 0, NetworkChecksum: 1363929391
[2017.02.02-11.18.15:913][  0]LogAssetRegistry: FAssetRegistry took 0.0208 seconds to start up
[2017.02.02-11.18.15:950][  0]LogPackageLocalizationCache: Processed 3 localized package path(s) for 1 prioritized culture(s) in 0.016557 seconds
[2017.02.02-11.18.15:956][  0]LogUObjectArray: 31946 objects as part of root set at end of initial load.
[2017.02.02-11.18.15:956][  0]LogUObjectAllocator: 6935840 out of 0 bytes used by permanent object pool.
[2017.02.02-11.18.15:956][  0]LogUObjectArray: CloseDisregardForGC: 0/0 objects in disregard for GC pool
[2017.02.02-11.18.16:016][  0]LogInit: WinSock: version 1.1 (2.2), MaxSocks=32767, MaxUdp=65467
[2017.02.02-11.18.16:904][  0]LogSlate: Using Freetype 2.6.0
[2017.02.02-11.18.16:905][  0]LogSlate: SlateFontCache - WITH_FREETYPE: 1, WITH_HARFBUZZ: 1
[2017.02.02-11.18.16:905][  0]LogSlate: SlateFontCache - WITH_FREETYPE: 1, WITH_HARFBUZZ: 1
[2017.02.02-11.18.17:800][  0]LogTcpMessaging: Initializing TcpMessaging bridge
[2017.02.02-11.18.17:842][  0]LogUdpMessaging: Initializing bridge on interface 0.0.0.0:0 to multicast group 230.0.0.1:6666.
[2017.02.02-11.18.18:219][  0]LogMaterial: Uniform references updated for custom material expression Custom.
[2017.02.02-11.18.18:714][  0]SourceControl: Info Source control is disabled
[2017.02.02-11.18.18:715][  0]SourceControl: Info Source control is disabled
[2017.02.02-11.18.18:770][  0]SourceControl: Info Source control is disabled
[2017.02.02-11.18.18:860][  0]SourceControl: Info Source control is disabled
[2017.02.02-11.18.20:716][  0]LogEngine: Initializing Engine...
[2017.02.02-11.18.20:717][  0]LogHMD: Failed to initialize OpenVR with code 110
[2017.02.02-11.18.21:107][  0]LogAIModule: Creating AISystem for world Untitled
[2017.02.02-11.18.21:120][  0]LogInit: XAudio2 using 'Speakers (Realtek High Definition Audio)' : 2 channels at 48 kHz using 32 bits per sample (channel mask 0x3)
[2017.02.02-11.18.21:132][  0]LogInit: FAudioDevice initialized.
[2017.02.02-11.18.21:161][  0]LogDerivedDataCache: Saved boot cache 0.03s 50MB C:/Users/egimenez/AppData/Local/UnrealEngine/4.14/DerivedDataCache/Boot.ddc.
[2017.02.02-11.18.21:169][  0]LogInit: Texture streaming: Enabled
[2017.02.02-11.18.21:403][  0]LogInit: Transaction tracking system initialized
[2017.02.02-11.18.21:874][  0]BlueprintLog: New page: Editor Load
[2017.02.02-11.18.23:179][  0]LocalizationService: Info Localization service is disabled
[2017.02.02-11.18.24:041][  0]LogConsoleResponse:Display: 
[2017.02.02-11.18.24:186][  0]LogCook:Display: Max memory allowance for cook 16384mb min free memory 0mb
[2017.02.02-11.18.24:186][  0]LogCook:Display: Mobile HDR setting 1
[2017.02.02-11.18.25:013][  0]LogFileCache: Scanning file cache for directory 'C:/Users/egimenez/Desktop/VAN/VANsGame/Mechanics/BasicMechanics/Content/' took 0.02s
[2017.02.02-11.18.25:433][  0]SourceControl: Info Source control is disabled
[2017.02.02-11.18.25:434][  0]Cmd: MAP LOAD FILE="../../../../../../Users/egimenez/Desktop/VAN/VANsGame/Mechanics/BasicMechanics/Content/StarterContent/Maps/Minimal_Default.umap" TEMPLATE=0 SHOWPROGRESS=1 FEATURELEVEL=3
[2017.02.02-11.18.25:434][  0]LightingResults: New page: Lighting Build
[2017.02.02-11.18.25:487][  0]MapCheck: New page: Map Check
[2017.02.02-11.18.25:487][  0]LightingResults: New page: Lighting Build
[2017.02.02-11.18.25:920][  0]LogAIModule: Creating AISystem for world Minimal_Default
[2017.02.02-11.18.25:921][  0]LogActorComponent: RegisterComponentWithWorld: (/Game/StarterContent/Maps/Minimal_Default.Minimal_Default:PersistentLevel.WorldSettings_1.StaticMeshComponent0) Trying to register component with IsPendingKill() == true. Aborting.
[2017.02.02-11.18.25:930][  0]LogEditorServer: Finished looking for orphan Actors (0.000 secs)
[2017.02.02-11.18.25:931][  0]Cmd: MAP CHECKDEP NOCLEARLOG
[2017.02.02-11.18.25:981][  0]MapCheck: Info Map check complete: 0 Error(s), 0 Warning(s), took 50.111ms to complete.
[2017.02.02-11.18.25:981][  0]LogFileHelpers: Loading map 'Minimal_Default' took 0.548
[2017.02.02-11.18.26:144][  0]LogCollectionManager: Loaded 0 collections in 0.001647 seconds
[2017.02.02-11.18.26:263][  0]LogFileCache: Scanning file cache for directory 'C:/Users/egimenez/Desktop/VAN/VANsGame/Mechanics/BasicMechanics/Saved/Collections/' took 0.01s
[2017.02.02-11.18.26:263][  0]LogFileCache: Scanning file cache for directory 'C:/Users/egimenez/Desktop/VAN/VANsGame/Mechanics/BasicMechanics/Content/Developers/egimenez/Collections/' took 0.01s
[2017.02.02-11.18.26:263][  0]LogFileCache: Scanning file cache for directory 'C:/Users/egimenez/Desktop/VAN/VANsGame/Mechanics/BasicMechanics/Content/Collections/' took 0.01s
[2017.02.02-11.18.26:263][  0]LogCollectionManager: Rebuilt the GUID cache for 0 collections in 0.000004 seconds
[2017.02.02-11.18.26:282][  0]LogContentBrowser: Native class hierarchy populated in 0.0182 seconds. Added 2190 classes and 428 folders.
[2017.02.02-11.18.26:370][  0]LogStats: UGameplayTagsManager::ConstructGameplayTagTree: Construct from data asset -  0.000 s
[2017.02.02-11.18.26:370][  0]LogStats: UGameplayTagsManager::ConstructGameplayTagTree: GameplayTagTreeChangedEvent.Broadcast -  0.000 s
[2017.02.02-11.18.26:371][  0]LogContentBrowser: Native class hierarchy updated for 'GameplayTags' in 0.0009 seconds. Added 13 classes and 0 folders.
[2017.02.02-11.18.26:470][  0]LogContentBrowser: Native class hierarchy updated for 'WidgetCarousel' in 0.0005 seconds. Added 0 classes and 0 folders.
[2017.02.02-11.18.26:510][  0]LogContentBrowser: Native class hierarchy updated for 'AddContentDialog' in 0.0005 seconds. Added 0 classes and 0 folders.
[2017.02.02-11.18.26:568][  0]LogContentBrowser: Native class hierarchy updated for 'SceneOutliner' in 0.0007 seconds. Added 1 classes and 2 folders.
[2017.02.02-11.18.26:627][  0]LogCrashTracker: Crashtracker disabled due to settings.
[2017.02.02-11.18.26:632][  0]LogUObjectGlobals:Warning: Failed to find object 'Class None.'
[2017.02.02-11.18.26:710][  0]LogContentBrowser: Native class hierarchy updated for 'HierarchicalLODOutliner' in 0.0006 seconds. Added 1 classes and 2 folders.
[2017.02.02-11.18.26:711][  0]LogLoad: (Engine Initialization) Total time: 20.16 seconds
[2017.02.02-11.18.26:711][  0]LogLoad: (Engine Initialization) Total Blueprint compile time: 0.18 seconds
[2017.02.02-11.18.26:711][  0]LogExternalProfiler: No external profilers were discovered.  External profiling features will not be available.
[2017.02.02-11.18.27:050][  0]LogOcInput: OculusInput pre-init called
[2017.02.02-11.18.27:090][  0]LogContentStreaming: Texture pool size now 1000 MB
[2017.02.02-11.18.27:270][  0]LogRenderer: Reallocating scene render targets to support 948x556 NumSamples 1 (Frame:2).
[2017.02.02-11.18.27:383][  1]LogFileCache: Retrieving MD5 hashes for directory 'C:/Users/egimenez/Desktop/VAN/VANsGame/Mechanics/BasicMechanics/Content/' took 0.32s
[2017.02.02-11.18.28:069][  3]LogAssetRegistry: Asset discovery search completed in 12.1766 seconds
[2017.02.02-11.18.28:069][  3]LogCollectionManager: Rebuilt the object cache for 0 collections in 0.000001 seconds (found 0 objects)
[2017.02.02-11.18.28:069][  3]LogCollectionManager: Fixed up redirectors for 0 collections in 0.000021 seconds (updated 0 objects)
[2017.02.02-11.18.44:834][795]LogAIModule: Creating AISystem for world DarkSwitch
[2017.02.02-11.18.44:880][795]Cmd: MAP LOAD FILE="../../../../../../Users/egimenez/Desktop/VAN/VANsGame/Mechanics/BasicMechanics/Content/Levels/DarkSwitch.umap" TEMPLATE=0 SHOWPROGRESS=1 FEATURELEVEL=3
[2017.02.02-11.18.44:880][795]LightingResults: New page: Lighting Build
[2017.02.02-11.18.44:881][795]LoadErrors: New page: Loading map: DarkSwitch.umap
[2017.02.02-11.18.44:882][795]MapCheck: New page: Map Check
[2017.02.02-11.18.44:882][795]LightingResults: New page: Lighting Build
[2017.02.02-11.18.44:906][795]LogEditorServer: Finished looking for orphan Actors (0.000 secs)
[2017.02.02-11.18.44:981][795]Cmd: MAP CHECKDEP NOCLEARLOG
[2017.02.02-11.18.45:044][795]MapCheck: Info Map check complete: 0 Error(s), 0 Warning(s), took 63.427ms to complete.
[2017.02.02-11.18.45:044][795]LogFileHelpers: Loading map 'DarkSwitch' took 0.166
[2017.02.02-11.18.52:541][559]LogContentBrowser: Native class hierarchy updated for 'BlueprintGraph' in 0.0010 seconds. Added 111 classes and 0 folders.
[2017.02.02-11.20.45:080][304]BlueprintLog: New page: Compile VAN
[2017.02.02-11.21.13:148][949]LogEditorTransaction: Undo Rename Node
[2017.02.02-11.21.17:195][185]Cmd: TRANSACTION REDO
[2017.02.02-11.21.17:195][185]LogEditorTransaction: Redo Rename Node
[2017.02.02-11.22.42:030][834]LogTemp: Repeting last play command: New Editor Window (PIE)
[2017.02.02-11.22.42:076][834]BlueprintLog: New page: Pre-Play auto-recompile
[2017.02.02-11.22.42:076][834]LogPlayLevel: [PlayLevel] Compiling VAN before play...
[2017.02.02-11.22.42:318][834]LogPlayLevel: PlayLevel: Blueprint regeneration took 241 ms (1 blueprints)
[2017.02.02-11.22.42:318][834]PIE: New page: PIE session: DarkSwitch (Feb 2, 2017, 1:22:42 PM)
[2017.02.02-11.22.42:318][834]LogPlayLevel: Creating play world package: /Game/Levels/UEDPIE_0_DarkSwitch
[2017.02.02-11.22.42:335][834]LogPlayLevel: PIE: StaticDuplicateObject took: (0.016501s)
[2017.02.02-11.22.42:335][834]LogAIModule: Creating AISystem for world DarkSwitch
[2017.02.02-11.22.42:335][834]LogPlayLevel: PIE: World Init took: (0.000762s)
[2017.02.02-11.22.42:336][834]LogPlayLevel: PIE: Created PIE world by copying editor world from /Game/Levels/DarkSwitch.DarkSwitch to /Game/Levels/UEDPIE_0_DarkSwitch.DarkSwitch (0.017510s)
[2017.02.02-11.22.42:349][834]LogInit: XAudio2 using 'Speakers (Realtek High Definition Audio)' : 2 channels at 48 kHz using 32 bits per sample (channel mask 0x3)
[2017.02.02-11.22.42:356][834]LogInit: FAudioDevice initialized.
[2017.02.02-11.22.42:432][834]LogLoad: Game class is 'GameModeBase'
[2017.02.02-11.22.42:442][834]LogWorld: Bringing World /Game/Levels/UEDPIE_0_DarkSwitch.DarkSwitch up for play (max tick rate 0) at 2017.02.02-12.22.42
[2017.02.02-11.22.42:442][834]LogWorld: Bringing up level for play took: 0.006292
[2017.02.02-11.22.42:502][834]LogContentBrowser: Native class hierarchy updated for 'MovieSceneCapture' in 0.0007 seconds. Added 11 classes and 0 folders.
[2017.02.02-11.22.42:523][834]PIE: Info Play in editor start time for /Game/Levels/UEDPIE_0_DarkSwitch -0.149
[2017.02.02-11.22.42:586][834]LogRenderer: Reallocating scene render targets to support 1292x756 NumSamples 1 (Frame:8425).
[2017.02.02-11.22.58:354][780]LogTemp: Repeting last play command: New Editor Window (PIE)
[2017.02.02-11.22.58:419][780]LogPlayLevel: PlayLevel: No blueprints needed recompiling
[2017.02.02-11.22.58:420][780]PIE: New page: PIE session: DarkSwitch (Feb 2, 2017, 1:22:58 PM)
[2017.02.02-11.22.58:420][780]LogPlayLevel: Creating play world package: /Game/Levels/UEDPIE_0_DarkSwitch
[2017.02.02-11.22.58:444][780]LogPlayLevel: PIE: StaticDuplicateObject took: (0.024488s)
[2017.02.02-11.22.58:445][780]LogAIModule: Creating AISystem for world DarkSwitch
[2017.02.02-11.22.58:445][780]LogPlayLevel: PIE: World Init took: (0.000771s)
[2017.02.02-11.22.58:445][780]LogPlayLevel: PIE: Created PIE world by copying editor world from /Game/Levels/DarkSwitch.DarkSwitch to /Game/Levels/UEDPIE_0_DarkSwitch.DarkSwitch (0.025547s)
[2017.02.02-11.22.58:460][780]LogInit: XAudio2 using 'Speakers (Realtek High Definition Audio)' : 2 channels at 48 kHz using 32 bits per sample (channel mask 0x3)
[2017.02.02-11.22.58:468][780]LogInit: FAudioDevice initialized.
[2017.02.02-11.22.58:526][780]LogLoad: Game class is 'GameModeBase'
[2017.02.02-11.22.58:535][780]LogWorld: Bringing World /Game/Levels/UEDPIE_0_DarkSwitch.DarkSwitch up for play (max tick rate 0) at 2017.02.02-12.22.58
[2017.02.02-11.22.58:536][780]LogWorld: Bringing up level for play took: 0.007508
[2017.02.02-11.22.58:555][780]PIE: Info Play in editor start time for /Game/Levels/UEDPIE_0_DarkSwitch -0.119
[2017.02.02-11.23.13:614][543]LogTemp: Repeting last play command: New Editor Window (PIE)
[2017.02.02-11.23.13:655][543]LogPlayLevel: PlayLevel: No blueprints needed recompiling
[2017.02.02-11.23.13:655][543]PIE: New page: PIE session: DarkSwitch (Feb 2, 2017, 1:23:13 PM)
[2017.02.02-11.23.13:655][543]LogPlayLevel: Creating play world package: /Game/Levels/UEDPIE_0_DarkSwitch
[2017.02.02-11.23.13:673][543]LogPlayLevel: PIE: StaticDuplicateObject took: (0.018437s)
[2017.02.02-11.23.13:674][543]LogAIModule: Creating AISystem for world DarkSwitch
[2017.02.02-11.23.13:674][543]LogPlayLevel: PIE: World Init took: (0.000643s)
[2017.02.02-11.23.13:674][543]LogPlayLevel: PIE: Created PIE world by copying editor world from /Game/Levels/DarkSwitch.DarkSwitch to /Game/Levels/UEDPIE_0_DarkSwitch.DarkSwitch (0.019314s)
[2017.02.02-11.23.13:689][543]LogInit: XAudio2 using 'Speakers (Realtek High Definition Audio)' : 2 channels at 48 kHz using 32 bits per sample (channel mask 0x3)
[2017.02.02-11.23.13:696][543]LogInit: FAudioDevice initialized.
[2017.02.02-11.23.13:750][543]LogLoad: Game class is 'GameModeBase'
[2017.02.02-11.23.13:756][543]LogWorld: Bringing World /Game/Levels/UEDPIE_0_DarkSwitch.DarkSwitch up for play (max tick rate 0) at 2017.02.02-12.23.13
[2017.02.02-11.23.13:756][543]LogWorld: Bringing up level for play took: 0.004859
[2017.02.02-11.23.13:772][543]PIE: Info Play in editor start time for /Game/Levels/UEDPIE_0_DarkSwitch 1.097
[2017.02.02-11.23.17:053][602]LogRenderer: Reallocating scene render targets to support 1680x988 NumSamples 1 (Frame:10220).
[2017.02.02-11.23.39:895][795]LogSavePackage: Save=112.12ms
[2017.02.02-11.23.39:895][795]LogSavePackage: Moving '../../../../../../Users/egimenez/Desktop/VAN/VANsGame/Mechanics/BasicMechanics/Saved/DarkSwitchC3035D1243502FC1AF2134A3B81DC03C.tmp' to '../../../../../../Users/egimenez/Desktop/VAN/VANsGame/Mechanics/BasicMechanics/Content/Levels/DarkSwitch.umap'
[2017.02.02-11.23.39:899][795]LogSavePackage:Display: Finished SavePackage ../../../../../../Users/egimenez/Desktop/VAN/VANsGame/Mechanics/BasicMechanics/Content/Levels/DarkSwitch.umap
[2017.02.02-11.23.39:981][795]LogFileHelpers: Saving map 'DarkSwitch' took 0.359
[2017.02.02-11.23.40:206][795]LogSavePackage: Save=189.17ms
[2017.02.02-11.23.40:206][795]LogSavePackage: Moving '../../../../../../Users/egimenez/Desktop/VAN/VANsGame/Mechanics/BasicMechanics/Saved/VANF8480EF14C21A1863290DB92D6175C5C.tmp' to '../../../../../../Users/egimenez/Desktop/VAN/VANsGame/Mechanics/BasicMechanics/Content/VAN/TopDownBP/Blueprints/VAN.uasset'
[2017.02.02-11.23.40:222][795]LogSavePackage:Display: Finished SavePackage ../../../../../../Users/egimenez/Desktop/VAN/VANsGame/Mechanics/BasicMechanics/Content/VAN/TopDownBP/Blueprints/VAN.uasset
[2017.02.02-11.23.40:799][796]Cmd: QUIT_EDITOR
[2017.02.02-11.23.40:897][796]LogExit: Preparing to exit.
[2017.02.02-11.23.42:027][796]LogDirectoryWatcher: A directory notification failed for 'C:/Users/egimenez/Desktop/VAN/VANsGame/Mechanics/BasicMechanics/Content/', and we were unable to create a new request.
[2017.02.02-11.23.42:092][796]LogExit: Editor shut down
[2017.02.02-11.23.42:092][796]LogExit: Transaction tracking system shut down
[2017.02.02-11.23.42:204][796]LogObj: Freed 0b from 0 cluster array pools.
[2017.02.02-11.23.42:204][796]LogExit: Object subsystem successfully closed.
[2017.02.02-11.23.42:218][796]LogD3D11RHI: Shutdown
[2017.02.02-11.23.42:218][796]LogD3D11RHI: CleanupD3DDevice
[2017.02.02-11.23.42:284][796]LogD3D11RHI: ~FD3D11DynamicRHI
[2017.02.02-11.23.42:297][796]LogHttp:Display: Http module shutting down, but needs to wait on 1 outstanding Http requests:
[2017.02.02-11.23.42:297][796]LogHttp:Display: 	verb=[POST] url=[https://datarouter.ol.epicgames.com/datarouter/api/v1/public/data?SessionID=%7B9E8438F4-42F0-8042-97A6-928C4228D0BF%7D&AppID=UEEditor.Rocket.Release&AppVersion=4.14.3-3249277%2B%2B%2BUE4%2BRelease-4.14&UserID=2f021e9640f34e1b79125c885e74038b%7Ca87b32ece6994b04a16f0bd7f6ed0b63%7Ce7b4e52c-2add-4ef6-a14c-b99df0828af2&AppEnvironment=datacollector-binary&UploadType=eteventstream] status=Processing
[2017.02.02-11.23.42:301][796]LogModuleManager: Shutting down and abandoning module MovieSceneCapture (244)
[2017.02.02-11.23.42:301][796]LogModuleManager: Shutting down and abandoning module BlueprintGraph (243)
[2017.02.02-11.23.42:301][796]LogModuleManager: Shutting down and abandoning module BlueprintProfiler (242)
[2017.02.02-11.23.42:301][796]LogModuleManager: Shutting down and abandoning module HierarchicalLODOutliner (241)
[2017.02.02-11.23.42:301][796]LogModuleManager: Shutting down and abandoning module CrashTracker (240)
[2017.02.02-11.23.42:301][796]LogModuleManager: Shutting down and abandoning module SceneOutliner (239)
[2017.02.02-11.23.42:301][796]LogModuleManager: Shutting down and abandoning module WidgetCarousel (238)
[2017.02.02-11.23.42:301][796]LogModuleManager: Shutting down and abandoning module AddContentDialog (237)
[2017.02.02-11.23.42:301][796]LogDirectoryWatcher: A directory notification for 'C:/Program Files (x86)/Epic Games/4.14/FeaturePacks/' was aborted.
[2017.02.02-11.23.42:302][796]LogModuleManager: Shutting down and abandoning module GameplayTags (236)
[2017.02.02-11.23.42:302][796]LogModuleManager: Shutting down and abandoning module EditorWidgets (235)
[2017.02.02-11.23.42:302][796]LogModuleManager: Shutting down and abandoning module CollectionManager (234)
[2017.02.02-11.23.42:302][796]LogDirectoryWatcher: A directory notification for 'C:/Users/egimenez/Desktop/VAN/VANsGame/Mechanics/BasicMechanics/Content/Collections/' was aborted.
[2017.02.02-11.23.42:302][796]LogDirectoryWatcher: A directory notification for 'C:/Users/egimenez/Desktop/VAN/VANsGame/Mechanics/BasicMechanics/Content/Developers/egimenez/Collections/' was aborted.
[2017.02.02-11.23.42:302][796]LogDirectoryWatcher: A directory notification for 'C:/Users/egimenez/Desktop/VAN/VANsGame/Mechanics/BasicMechanics/Saved/Collections/' was aborted.
[2017.02.02-11.23.42:302][796]LogModuleManager: Shutting down and abandoning module StatsViewer (233)
[2017.02.02-11.23.42:302][796]LogModuleManager: Shutting down and abandoning module FoliageEdit (232)
[2017.02.02-11.23.42:302][796]LogModuleManager: Shutting down and abandoning module LandscapeEditor (231)
[2017.02.02-11.23.42:302][796]LogModuleManager: Shutting down and abandoning module SceneDepthPickerMode (230)
[2017.02.02-11.23.42:302][796]LogModuleManager: Shutting down and abandoning module ActorPickerMode (229)
[2017.02.02-11.23.42:302][796]LogModuleManager: Shutting down and abandoning module GeometryMode (228)
[2017.02.02-11.23.42:302][796]LogModuleManager: Shutting down and abandoning module TextureAlignMode (227)
[2017.02.02-11.23.42:302][796]LogModuleManager: Shutting down and abandoning module BspMode (226)
[2017.02.02-11.23.42:302][796]LogModuleManager: Shutting down and abandoning module HardwareSurvey (225)
[2017.02.02-11.23.42:302][796]LogModuleManager: Shutting down and abandoning module SequenceRecorderSections (224)
[2017.02.02-11.23.42:303][796]LogModuleManager: Shutting down and abandoning module AutomationWorker (223)
[2017.02.02-11.23.42:303][796]LogModuleManager: Shutting down and abandoning module MatineeToLevelSequence (222)
[2017.02.02-11.23.42:303][796]LogModuleManager: Shutting down and abandoning module PlacementMode (221)
[2017.02.02-11.23.42:303][796]LogModuleManager: Shutting down and abandoning module LevelSequenceEditor (220)
[2017.02.02-11.23.42:303][796]LogModuleManager: Shutting down and abandoning module WmfMediaFactory (219)
[2017.02.02-11.23.42:303][796]LogModuleManager: Shutting down and abandoning module WmfMediaEditor (218)
[2017.02.02-11.23.42:303][796]LogModuleManager: Shutting down and abandoning module AvfMediaFactory (217)
[2017.02.02-11.23.42:303][796]LogModuleManager: Shutting down and abandoning module AvfMediaEditor (216)
[2017.02.02-11.23.42:303][796]LogModuleManager: Shutting down and abandoning module Media (215)
[2017.02.02-11.23.42:303][796]LogModuleManager: Shutting down and abandoning module AndroidMediaFactory (214)
[2017.02.02-11.23.42:303][796]LogModuleManager: Shutting down and abandoning module AndroidMediaEditor (213)
[2017.02.02-11.23.42:303][796]LogModuleManager: Shutting down and abandoning module CharacterAI (212)
[2017.02.02-11.23.42:303][796]LogModuleManager: Shutting down and abandoning module SequenceRecorder (211)
[2017.02.02-11.23.42:303][796]LogModuleManager: Shutting down and abandoning module AudioCapture (210)
[2017.02.02-11.23.42:303][796]LogModuleManager: Shutting down and abandoning module SmartSnapping (209)
[2017.02.02-11.23.42:303][796]LogModuleManager: Shutting down and abandoning module SessionServices (208)
[2017.02.02-11.23.42:303][796]LogModuleManager: Shutting down and abandoning module ViewportSnapping (207)
[2017.02.02-11.23.42:303][796]LogModuleManager: Shutting down and abandoning module ViewportInteraction (206)
[2017.02.02-11.23.42:303][796]LogModuleManager: Shutting down and abandoning module LogVisualizer (205)
[2017.02.02-11.23.42:303][796]LogModuleManager: Shutting down and abandoning module GameProjectGeneration (204)
[2017.02.02-11.23.42:303][796]LogModuleManager: Shutting down and abandoning module IntroTutorials (203)
[2017.02.02-11.23.42:303][796]LogModuleManager: Shutting down and abandoning module EditorLiveStreaming (202)
[2017.02.02-11.23.42:303][796]LogModuleManager: Shutting down and abandoning module IOSPlatformEditor (201)
[2017.02.02-11.23.42:303][796]LogModuleManager: Shutting down and abandoning module HTML5PlatformEditor (200)
[2017.02.02-11.23.42:303][796]LogModuleManager: Shutting down and abandoning module AndroidDeviceDetection (199)
[2017.02.02-11.23.43:010][796]LogModuleManager: Shutting down and abandoning module AndroidPlatformEditor (198)
[2017.02.02-11.23.43:011][796]LogModuleManager: Shutting down and abandoning module IOSRuntimeSettings (197)
[2017.02.02-11.23.43:011][796]LogModuleManager: Shutting down and abandoning module AndroidRuntimeSettings (196)
[2017.02.02-11.23.43:011][796]LogModuleManager: Shutting down and abandoning module InputBindingEditor (195)
[2017.02.02-11.23.43:011][796]LogModuleManager: Shutting down and abandoning module NiagaraEditor (194)
[2017.02.02-11.23.43:011][796]LogModuleManager: Shutting down and abandoning module MergeActors (193)
[2017.02.02-11.23.43:011][796]LogModuleManager: Shutting down and abandoning module SizeMap (192)
[2017.02.02-11.23.43:011][796]LogModuleManager: Shutting down and abandoning module TreeMap (191)
[2017.02.02-11.23.43:011][796]LogModuleManager: Shutting down and abandoning module ReferenceViewer (190)
[2017.02.02-11.23.43:011][796]LogModuleManager: Shutting down and abandoning module LocalizationService (189)
[2017.02.02-11.23.43:011][796]LogModuleManager: Shutting down and abandoning module LocalizationDashboard (188)
[2017.02.02-11.23.43:011][796]LogModuleManager: Shutting down and abandoning module HardwareTargeting (187)
[2017.02.02-11.23.43:011][796]LogModuleManager: Shutting down and abandoning module DeviceProfileEditor (186)
[2017.02.02-11.23.43:011][796]LogModuleManager: Shutting down and abandoning module UndoHistory (185)
[2017.02.02-11.23.43:011][796]LogModuleManager: Shutting down and abandoning module UserFeedback (184)
[2017.02.02-11.23.43:011][796]LogModuleManager: Shutting down and abandoning module XmlParser (183)
[2017.02.02-11.23.43:011][796]LogModuleManager: Shutting down and abandoning module Blutility (182)
[2017.02.02-11.23.43:011][796]LogModuleManager: Shutting down and abandoning module ProjectTargetPlatformEditor (181)
[2017.02.02-11.23.43:012][796]LogModuleManager: Shutting down and abandoning module ProjectSettingsViewer (180)
[2017.02.02-11.23.43:012][796]LogModuleManager: Shutting down and abandoning module EditorSettingsViewer (179)
[2017.02.02-11.23.43:012][796]LogModuleManager: Shutting down and abandoning module SettingsEditor (178)
[2017.02.02-11.23.43:012][796]LogModuleManager: Shutting down and abandoning module ProjectLauncher (177)
[2017.02.02-11.23.43:012][796]LogModuleManager: Shutting down and abandoning module SessionFrontend (176)
[2017.02.02-11.23.43:012][796]LogModuleManager: Shutting down and abandoning module ProfilerClient (175)
[2017.02.02-11.23.43:012][796]LogModuleManager: Shutting down and abandoning module TargetDeviceServices (174)
[2017.02.02-11.23.43:012][796]LogModuleManager: Shutting down and abandoning module DeviceManager (173)
[2017.02.02-11.23.43:052][796]LogModuleManager: Shutting down and abandoning module AutomationController (172)
[2017.02.02-11.23.43:052][796]LogModuleManager: Shutting down and abandoning module AutomationWindow (171)
[2017.02.02-11.23.43:052][796]LogModuleManager: Shutting down and abandoning module Layers (170)
[2017.02.02-11.23.43:052][796]LogModuleManager: Shutting down and abandoning module ComponentVisualizers (169)
[2017.02.02-11.23.43:052][796]LogModuleManager: Shutting down and abandoning module DetailCustomizations (168)
[2017.02.02-11.23.43:052][796]LogModuleManager: Shutting down and abandoning module PackagesDialog (167)
[2017.02.02-11.23.43:052][796]LogModuleManager: Shutting down and abandoning module AnimGraph (166)
[2017.02.02-11.23.43:052][796]LogModuleManager: Shutting down and abandoning module Persona (165)
[2017.02.02-11.23.43:052][796]LogModuleManager: Shutting down and abandoning module Kismet (164)
[2017.02.02-11.23.43:070][796]LogModuleManager: Shutting down and abandoning module GraphEditor (163)
[2017.02.02-11.23.43:070][796]LogModuleManager: Shutting down and abandoning module ClassViewer (162)
[2017.02.02-11.23.43:070][796]LogModuleManager: Shutting down and abandoning module Toolbox (161)
[2017.02.02-11.23.43:070][796]LogModuleManager: Shutting down and abandoning module ModuleUI (160)
[2017.02.02-11.23.43:071][796]LogModuleManager: Shutting down and abandoning module MovieSceneTools (159)
[2017.02.02-11.23.43:071][796]LogModuleManager: Shutting down and abandoning module OutputLog (158)
[2017.02.02-11.23.43:071][796]LogModuleManager: Shutting down and abandoning module GammaUI (157)
[2017.02.02-11.23.43:071][796]LogModuleManager: Shutting down and abandoning module Documentation (156)
[2017.02.02-11.23.43:071][796]LogModuleManager: Shutting down and abandoning module Niagara (155)
[2017.02.02-11.23.43:071][796]LogModuleManager: Shutting down and abandoning module StreamingPauseRendering (154)
[2017.02.02-11.23.43:071][796]LogModuleManager: Shutting down and abandoning module AnalyticsET (153)
[2017.02.02-11.23.43:071][796]LogModuleManager: Shutting down and abandoning module PortalServices (152)
[2017.02.02-11.23.43:071][796]LogModuleManager: Shutting down and abandoning module PortalRpc (151)
[2017.02.02-11.23.43:071][796]LogModuleManager: Shutting down and abandoning module MessagingRpc (150)
[2017.02.02-11.23.43:071][796]LogModuleManager: Shutting down and abandoning module GameplayDebugger (149)
[2017.02.02-11.23.43:071][796]LogModuleManager: Shutting down and abandoning module AITestSuite (148)
[2017.02.02-11.23.43:071][796]LogModuleManager: Shutting down and abandoning module AIModule (147)
[2017.02.02-11.23.43:071][796]LogModuleManager: Shutting down and abandoning module ProfilerService (146)
[2017.02.02-11.23.43:201][796]LogModuleManager: Shutting down and abandoning module TaskGraph (145)
[2017.02.02-11.23.43:201][796]LogModuleManager: Shutting down and abandoning module SlateRemote (144)
[2017.02.02-11.23.43:201][796]LogModuleManager: Shutting down and abandoning module SteamVRController (143)
[2017.02.02-11.23.43:201][796]LogModuleManager: Shutting down and abandoning module SteamVR (142)
[2017.02.02-11.23.43:201][796]LogModuleManager: Shutting down and abandoning module ProceduralMeshComponentEditor (141)
[2017.02.02-11.23.43:201][796]LogModuleManager: Shutting down and abandoning module ProceduralMeshComponent (140)
[2017.02.02-11.23.43:201][796]LogModuleManager: Shutting down and abandoning module OculusLibrary (139)
[2017.02.02-11.23.43:201][796]LogModuleManager: Shutting down and abandoning module OculusInput (138)
[2017.02.02-11.23.43:201][796]LogModuleManager: Shutting down and abandoning module MobilePatchingUtils (137)
[2017.02.02-11.23.43:201][796]LogModuleManager: Shutting down and abandoning module CustomMeshComponent (136)
[2017.02.02-11.23.43:201][796]LogModuleManager: Shutting down and abandoning module CableComponent (135)
[2017.02.02-11.23.43:201][796]LogModuleManager: Shutting down and abandoning module ArchVisCharacter (134)
[2017.02.02-11.23.43:201][796]LogModuleManager: Shutting down and abandoning module MediaPlayerEditor (132)
[2017.02.02-11.23.43:201][796]LogModuleManager: Shutting down and abandoning module HTML5Networking (131)
[2017.02.02-11.23.43:201][796]LogModuleManager: Shutting down and abandoning module GeometryCacheEd (130)
[2017.02.02-11.23.43:201][796]LogModuleManager: Shutting down and abandoning module GeometryCache (129)
[2017.02.02-11.23.43:201][796]LogModuleManager: Shutting down and abandoning module AlembicLibrary (128)
[2017.02.02-11.23.43:201][796]LogModuleManager: Shutting down and abandoning module AlembicImporter (127)
[2017.02.02-11.23.43:201][796]LogModuleManager: Shutting down and abandoning module SuperSearch (126)
[2017.02.02-11.23.43:201][796]LogModuleManager: Shutting down and abandoning module SuperSearchEditor (125)
[2017.02.02-11.23.43:201][796]LogModuleManager: Shutting down and abandoning module SpeedTreeImporter (124)
[2017.02.02-11.23.43:201][796]LogModuleManager: Shutting down and abandoning module PluginBrowser (123)
[2017.02.02-11.23.43:201][796]LogModuleManager: Shutting down and abandoning module MobileLauncherProfileWizard (122)
[2017.02.02-11.23.43:201][796]LogModuleManager: Shutting down and abandoning module EpicSurvey (121)
[2017.02.02-11.23.43:202][796]LogModuleManager: Shutting down and abandoning module DesktopPlatform (120)
[2017.02.02-11.23.43:202][796]LogModuleManager: Shutting down and abandoning module VisualStudioSourceCodeAccess (119)
[2017.02.02-11.23.43:202][796]LogModuleManager: Shutting down and abandoning module UObjectPlugin (118)
[2017.02.02-11.23.43:202][796]LogModuleManager: Shutting down and abandoning module SubversionSourceControl (117)
[2017.02.02-11.23.43:202][796]LogModuleManager: Shutting down and abandoning module PerforceSourceControl (116)
[2017.02.02-11.23.43:202][796]LogModuleManager: Shutting down and abandoning module SourceControl (115)
[2017.02.02-11.23.43:202][796]LogModuleManager: Shutting down and abandoning module GitSourceControl (114)
[2017.02.02-11.23.43:202][796]LogModuleManager: Shutting down and abandoning module LightPropagationVolumeEditor (113)
[2017.02.02-11.23.43:202][796]LogModuleManager: Shutting down and abandoning module PaperTiledImporter (112)
[2017.02.02-11.23.43:202][796]LogModuleManager: Shutting down and abandoning module PaperSpriteSheetImporter (111)
[2017.02.02-11.23.43:202][796]LogModuleManager: Shutting down and abandoning module MeshPaint (110)
[2017.02.02-11.23.43:202][796]LogModuleManager: Shutting down and abandoning module PixelInspectorModule (109)
[2017.02.02-11.23.43:202][796]LogModuleManager: Shutting down and abandoning module HotReload (108)
[2017.02.02-11.23.43:202][796]LogModuleManager: Shutting down and abandoning module MainFrame (107)
[2017.02.02-11.23.43:202][796]LogModuleManager: Shutting down and abandoning module LevelEditor (106)
[2017.02.02-11.23.43:203][796]LogModuleManager: Shutting down and abandoning module ContentBrowser (105)
[2017.02.02-11.23.43:204][796]LogModuleManager: Shutting down and abandoning module Paper2DEditor (104)
[2017.02.02-11.23.43:204][796]LogModuleManager: Shutting down and abandoning module UdpMessaging (103)
[2017.02.02-11.23.43:304][796]LogModuleManager: Shutting down and abandoning module TcpMessaging (102)
[2017.02.02-11.23.43:404][796]LogModuleManager: Shutting down and abandoning module LightPropagationVolumeRuntime (101)
[2017.02.02-11.23.43:404][796]LogModuleManager: Shutting down and abandoning module Paper2D (100)
[2017.02.02-11.23.43:404][796]LogModuleManager: Shutting down and abandoning module WindowsMoviePlayer (99)
[2017.02.02-11.23.43:404][796]LogModuleManager: Shutting down and abandoning module WmfMedia (98)
[2017.02.02-11.23.43:405][796]LogModuleManager: Shutting down and abandoning module MediaAssets (97)
[2017.02.02-11.23.43:405][796]LogModuleManager: Shutting down and abandoning module GameLiveStreaming (96)
[2017.02.02-11.23.43:405][796]LogModuleManager: Shutting down and abandoning module GameplayTagsEditor (95)
[2017.02.02-11.23.43:405][796]LogModuleManager: Shutting down and abandoning module VREditor (94)
[2017.02.02-11.23.43:405][796]LogModuleManager: Shutting down and abandoning module GameplayTasksEditor (93)
[2017.02.02-11.23.43:405][796]LogModuleManager: Shutting down and abandoning module BehaviorTreeEditor (92)
[2017.02.02-11.23.43:405][796]LogModuleManager: Shutting down and abandoning module FunctionalTesting (91)
[2017.02.02-11.23.43:405][796]LogModuleManager: Shutting down and abandoning module CollisionAnalyzer (90)
[2017.02.02-11.23.43:405][796]LogModuleManager: Shutting down and abandoning module Sequencer (89)
[2017.02.02-11.23.43:405][796]LogModuleManager: Shutting down and abandoning module WorkspaceMenuStructure (88)
[2017.02.02-11.23.43:405][796]LogModuleManager: Shutting down and abandoning module MessageLog (87)
[2017.02.02-11.23.43:405][796]LogModuleManager: Shutting down and abandoning module AssetTools (86)
[2017.02.02-11.23.43:406][796]LogModuleManager: Shutting down and abandoning module UMGEditor (85)
[2017.02.02-11.23.43:406][796]LogModuleManager: Shutting down and abandoning module UMG (84)
[2017.02.02-11.23.43:406][796]LogModuleManager: Shutting down and abandoning module SlateReflector (83)
[2017.02.02-11.23.43:406][796]LogModuleManager: Shutting down and abandoning module Slate (82)
[2017.02.02-11.23.43:406][796]LogModuleManager: Shutting down and abandoning module EditorStyle (81)
[2017.02.02-11.23.43:411][796]LogModuleManager: Shutting down and abandoning module SourceCodeAccess (80)
[2017.02.02-11.23.43:411][796]LogModuleManager: Shutting down and abandoning module HeadMountedDisplay (79)
[2017.02.02-11.23.43:411][796]LogModuleManager: Shutting down and abandoning module XAudio2 (78)
[2017.02.02-11.23.43:411][796]LogModuleManager: Shutting down and abandoning module Networking (76)
[2017.02.02-11.23.43:411][796]LogModuleManager: Shutting down and abandoning module Core (75)
[2017.02.02-11.23.43:411][796]LogModuleManager: Shutting down and abandoning module DirectoryWatcher (74)
[2017.02.02-11.23.43:411][796]LogDirectoryWatcher: A directory notification for '../../../Engine/Content/' was aborted.
[2017.02.02-11.23.43:411][796]LogDirectoryWatcher: A directory notification for '../../../../../../Users/egimenez/Desktop/VAN/VANsGame/Mechanics/BasicMechanics/Content/' was aborted.
[2017.02.02-11.23.43:412][796]LogDirectoryWatcher: A directory notification for '../../../Engine/Plugins/2D/Paper2D/Content/' was aborted.
[2017.02.02-11.23.43:413][796]LogModuleManager: Shutting down and abandoning module AssetRegistry (73)
[2017.02.02-11.23.43:533][796]LogModuleManager: Shutting down and abandoning module KismetCompiler (72)
[2017.02.02-11.23.43:533][796]LogModuleManager: Shutting down and abandoning module PhysXFormats (71)
[2017.02.02-11.23.43:533][796]LogModuleManager: Shutting down and abandoning module SimplygonSwarm (70)
[2017.02.02-11.23.43:533][796]LogModuleManager: Shutting down and abandoning module SimplygonMeshReduction (69)
[2017.02.02-11.23.43:534][796]LogModuleManager: Shutting down and abandoning module QuadricMeshReduction (68)
[2017.02.02-11.23.43:534][796]LogModuleManager: Shutting down and abandoning module PropertyEditor (67)
[2017.02.02-11.23.43:534][796]LogModuleManager: Shutting down and abandoning module MeshUtilities (66)
[2017.02.02-11.23.43:534][796]LogModuleManager: Shutting down and abandoning module DerivedDataCache (65)
[2017.02.02-11.23.43:559][796]LogDerivedDataCache: Shutdown
[2017.02.02-11.23.43:559][796]LogModuleManager: Shutting down and abandoning module VulkanShaderFormat (64)
[2017.02.02-11.23.43:559][796]LogModuleManager: Shutting down and abandoning module ShaderFormatOpenGL (63)
[2017.02.02-11.23.43:559][796]LogModuleManager: Shutting down and abandoning module ShaderFormatD3D (62)
[2017.02.02-11.23.43:559][796]LogModuleManager: Shutting down and abandoning module MetalShaderFormat (61)
[2017.02.02-11.23.43:559][796]LogModuleManager: Shutting down and abandoning module TextureFormatUncompressed (60)
[2017.02.02-11.23.43:559][796]LogModuleManager: Shutting down and abandoning module TextureFormatPVR (59)
[2017.02.02-11.23.43:559][796]LogModuleManager: Shutting down and abandoning module TextureFormatDXT (58)
[2017.02.02-11.23.43:559][796]LogModuleManager: Shutting down and abandoning module TextureFormatIntelISPCTexComp (57)
[2017.02.02-11.23.43:560][796]LogModuleManager: Shutting down and abandoning module ImageWrapper (56)
[2017.02.02-11.23.43:560][796]LogModuleManager: Shutting down and abandoning module TextureFormatASTC (55)
[2017.02.02-11.23.43:560][796]LogModuleManager: Shutting down and abandoning module TextureFormatAndroid (54)
[2017.02.02-11.23.43:560][796]LogModuleManager: Shutting down and abandoning module AudioFormatOpus (53)
[2017.02.02-11.23.43:560][796]LogModuleManager: Shutting down and abandoning module AudioFormatOgg (52)
[2017.02.02-11.23.43:560][796]LogModuleManager: Shutting down and abandoning module AudioFormatADPCM (51)
[2017.02.02-11.23.43:560][796]LogModuleManager: Shutting down and abandoning module LinuxTargetPlatform (50)
[2017.02.02-11.23.43:560][796]LogModuleManager: Shutting down and abandoning module LinuxServerTargetPlatform (49)
[2017.02.02-11.23.43:560][796]LogModuleManager: Shutting down and abandoning module LinuxNoEditorTargetPlatform (48)
[2017.02.02-11.23.43:560][796]LogModuleManager: Shutting down and abandoning module LinuxClientTargetPlatform (47)
[2017.02.02-11.23.43:560][796]LogModuleManager: Shutting down and abandoning module TVOSTargetPlatform (46)
[2017.02.02-11.23.43:560][796]LogModuleManager: Shutting down and abandoning module Messaging (45)
[2017.02.02-11.23.43:560][796]LogModuleManager: Shutting down and abandoning module IOSTargetPlatform (44)
[2017.02.02-11.23.43:560][796]LogModuleManager: Shutting down and abandoning module HTML5TargetPlatform (43)
[2017.02.02-11.23.43:560][796]LogModuleManager: Shutting down and abandoning module Android_PVRTCTargetPlatform (42)
[2017.02.02-11.23.43:560][796]LogModuleManager: Shutting down and abandoning module Android_MultiTargetPlatform (41)
[2017.02.02-11.23.43:560][796]LogModuleManager: Shutting down and abandoning module Android_ETC2TargetPlatform (40)
[2017.02.02-11.23.43:560][796]LogModuleManager: Shutting down and abandoning module Android_ETC1TargetPlatform (39)
[2017.02.02-11.23.43:560][796]LogModuleManager: Shutting down and abandoning module Android_DXTTargetPlatform (38)
[2017.02.02-11.23.43:560][796]LogModuleManager: Shutting down and abandoning module Android_ATCTargetPlatform (37)
[2017.02.02-11.23.43:560][796]LogModuleManager: Shutting down and abandoning module Android_ASTCTargetPlatform (36)
[2017.02.02-11.23.43:560][796]LogModuleManager: Shutting down and abandoning module AndroidTargetPlatform (35)
[2017.02.02-11.23.43:560][796]LogModuleManager: Shutting down and abandoning module WindowsTargetPlatform (34)
[2017.02.02-11.23.43:560][796]LogModuleManager: Shutting down and abandoning module WindowsServerTargetPlatform (33)
[2017.02.02-11.23.43:560][796]LogModuleManager: Shutting down and abandoning module WindowsNoEditorTargetPlatform (32)
[2017.02.02-11.23.43:560][796]LogModuleManager: Shutting down and abandoning module WindowsClientTargetPlatform (31)
[2017.02.02-11.23.43:560][796]LogModuleManager: Shutting down and abandoning module MacTargetPlatform (30)
[2017.02.02-11.23.43:560][796]LogModuleManager: Shutting down and abandoning module MacServerTargetPlatform (29)
[2017.02.02-11.23.43:560][796]LogModuleManager: Shutting down and abandoning module MacNoEditorTargetPlatform (28)
[2017.02.02-11.23.43:560][796]LogModuleManager: Shutting down and abandoning module MacClientTargetPlatform (27)
[2017.02.02-11.23.43:560][796]LogModuleManager: Shutting down and abandoning module AllDesktopTargetPlatform (26)
[2017.02.02-11.23.43:560][796]LogModuleManager: Shutting down and abandoning module TargetPlatform (25)
[2017.02.02-11.23.43:560][796]LogModuleManager: Shutting down and abandoning module InputCore (24)
[2017.02.02-11.23.43:560][796]LogModuleManager: Shutting down and abandoning module Settings (23)
[2017.02.02-11.23.43:560][796]LogModuleManager: Shutting down and abandoning module OculusRift (22)
[2017.02.02-11.23.43:560][796]LogModuleManager: Shutting down and abandoning module ExampleDeviceProfileSelector (21)
[2017.02.02-11.23.43:560][796]LogModuleManager: Shutting down and abandoning module OnlineBlueprintSupport (20)
[2017.02.02-11.23.43:560][796]LogModuleManager: Shutting down and abandoning module OnlineSubsystem (18)
[2017.02.02-11.23.43:560][796]LogOnline:Display: Unloading online subsystem: NULL
[2017.02.02-11.23.43:560][796]LogModuleManager: Shutting down and abandoning module SSL (17)
[2017.02.02-11.23.43:561][796]LogModuleManager: Shutting down and abandoning module HTTP (16)
[2017.02.02-11.23.43:561][796]LogModuleManager: Shutting down and abandoning module XMPP (15)
[2017.02.02-11.23.43:561][796]LogModuleManager: Shutting down and abandoning module TextureCompressor (14)
[2017.02.02-11.23.43:562][796]LogModuleManager: Shutting down and abandoning module ShaderCore (13)
[2017.02.02-11.23.43:562][796]LogModuleManager: Shutting down and abandoning module Landscape (12)
[2017.02.02-11.23.43:562][796]LogModuleManager: Shutting down and abandoning module SlateRHIRenderer (11)
[2017.02.02-11.23.43:564][796]LogModuleManager: Shutting down and abandoning module OpenGLDrv (10)
[2017.02.02-11.23.43:564][796]LogModuleManager: Shutting down and abandoning module D3D11RHI (9)
[2017.02.02-11.23.43:564][796]LogModuleManager: Shutting down and abandoning module AnimGraphRuntime (8)
[2017.02.02-11.23.43:564][796]LogModuleManager: Shutting down and abandoning module Renderer (7)
[2017.02.02-11.23.43:565][796]LogModuleManager: Shutting down and abandoning module Engine (6)
[2017.02.02-11.23.43:565][796]LogModuleManager: Shutting down and abandoning module CoreUObject (5)
[2017.02.02-11.23.43:565][796]LogModuleManager: Shutting down and abandoning module NetworkFile (4)
[2017.02.02-11.23.43:565][796]LogModuleManager: Shutting down and abandoning module StreamingFile (3)
[2017.02.02-11.23.43:565][796]LogModuleManager: Shutting down and abandoning module SandboxFile (2)
[2017.02.02-11.23.43:565][796]LogModuleManager: Shutting down and abandoning module PakFile (1)
[2017.02.02-11.23.43:566][796]LogExit: Exiting.
[2017.02.02-11.23.43:569][796]Log file closed, 02/02/17 12:23:43
