Log file open, 02/22/17 09:24:20
LogInit:Display: Running engine for game: BasicMechanics
LogPlatformFile: Not using cached read wrapper
LogInit:Display: RandInit(-1733355951) SRandInit(-1733355951).
LogTaskGraph: Started task graph with 5 named threads and 10 total threads with 1 sets of task threads.
LogStats: Stats thread started at 0.097395
LogPluginManager: Loaded Plugin Paper2D, From C:/Program Files (x86)/Epic Games/4.14/Engine/Plugins/2D/Paper2D/Paper2D.uplugin
LogPluginManager: Loaded Plugin LightPropagationVolume, From C:/Program Files (x86)/Epic Games/4.14/Engine/Plugins/Blendables/LightPropagationVolume/LightPropagationVolume.uplugin
LogPluginManager: Loaded Plugin BlankPlugin, From C:/Program Files (x86)/Epic Games/4.14/Engine/Plugins/Developer/BlankPlugin/BlankPlugin.uplugin
LogPluginManager: Loaded Plugin CodeLiteSourceCodeAccess, From C:/Program Files (x86)/Epic Games/4.14/Engine/Plugins/Developer/CodeLiteSourceCodeAccess/CodeLiteSourceCodeAccess.uplugin
LogPluginManager: Loaded Plugin GitSourceControl, From C:/Program Files (x86)/Epic Games/4.14/Engine/Plugins/Developer/GitSourceControl/GitSourceControl.uplugin
LogPluginManager: Loaded Plugin KDevelopSourceCodeAccess, From C:/Program Files (x86)/Epic Games/4.14/Engine/Plugins/Developer/KDevelopSourceCodeAccess/KDevelopSourceCodeAccess.uplugin
LogPluginManager: Loaded Plugin NullSourceCodeAccess, From C:/Program Files (x86)/Epic Games/4.14/Engine/Plugins/Developer/NullSourceCodeAccess/NullSourceCodeAccess.uplugin
LogPluginManager: Loaded Plugin OneSkyLocalizationService, From C:/Program Files (x86)/Epic Games/4.14/Engine/Plugins/Developer/OneSkyLocalizationService/OneSkyLocalizationService.uplugin
LogPluginManager: Loaded Plugin PerforceSourceControl, From C:/Program Files (x86)/Epic Games/4.14/Engine/Plugins/Developer/PerforceSourceControl/PerforceSourceControl.uplugin
LogPluginManager: Loaded Plugin SubversionSourceControl, From C:/Program Files (x86)/Epic Games/4.14/Engine/Plugins/Developer/SubversionSourceControl/SubversionSourceControl.uplugin
LogPluginManager: Loaded Plugin UObjectPlugin, From C:/Program Files (x86)/Epic Games/4.14/Engine/Plugins/Developer/UObjectPlugin/UObjectPlugin.uplugin
LogPluginManager: Loaded Plugin VisualStudioSourceCodeAccess, From C:/Program Files (x86)/Epic Games/4.14/Engine/Plugins/Developer/VisualStudioSourceCodeAccess/VisualStudioSourceCodeAccess.uplugin
LogPluginManager: Loaded Plugin XCodeSourceCodeAccess, From C:/Program Files (x86)/Epic Games/4.14/Engine/Plugins/Developer/XCodeSourceCodeAccess/XCodeSourceCodeAccess.uplugin
LogPluginManager: Loaded Plugin AudioCapture, From C:/Program Files (x86)/Epic Games/4.14/Engine/Plugins/Editor/AudioCapture/AudioCapture.uplugin
LogPluginManager: Loaded Plugin EpicSurvey, From C:/Program Files (x86)/Epic Games/4.14/Engine/Plugins/Editor/EpicSurvey/EpicSurvey.uplugin
LogPluginManager: Loaded Plugin MacGraphicsSwitching, From C:/Program Files (x86)/Epic Games/4.14/Engine/Plugins/Editor/MacGraphicsSwitching/MacGraphicsSwitching.uplugin
LogPluginManager: Loaded Plugin MobileLauncherProfileWizard, From C:/Program Files (x86)/Epic Games/4.14/Engine/Plugins/Editor/MobileLauncherProfileWizard/MobileLauncherProfileWizard.uplugin
LogPluginManager: Loaded Plugin PluginBrowser, From C:/Program Files (x86)/Epic Games/4.14/Engine/Plugins/Editor/PluginBrowser/PluginBrowser.uplugin
LogPluginManager: Loaded Plugin SpeedTreeImporter, From C:/Program Files (x86)/Epic Games/4.14/Engine/Plugins/Editor/SpeedTreeImporter/SpeedTreeImporter.uplugin
LogPluginManager: Loaded Plugin SuperSearchEditor, From C:/Program Files (x86)/Epic Games/4.14/Engine/Plugins/Editor/SuperSearchEditor/SuperSearchEditor.uplugin
LogPluginManager: Loaded Plugin AlembicImporter, From C:/Program Files (x86)/Epic Games/4.14/Engine/Plugins/Experimental/AlembicImporter/AlembicImporter.uplugin
LogPluginManager: Loaded Plugin BlueprintStats, From C:/Program Files (x86)/Epic Games/4.14/Engine/Plugins/Experimental/BlueprintStats/BlueprintStats.uplugin
LogPluginManager: Loaded Plugin CharacterAI, From C:/Program Files (x86)/Epic Games/4.14/Engine/Plugins/Experimental/CharacterAI/CharacterAI.uplugin
LogPluginManager: Loaded Plugin CodeEditor, From C:/Program Files (x86)/Epic Games/4.14/Engine/Plugins/Experimental/CodeEditor/CodeEditor.uplugin
LogPluginManager: Loaded Plugin CodeView, From C:/Program Files (x86)/Epic Games/4.14/Engine/Plugins/Experimental/CodeView/CodeView.uplugin
LogPluginManager: Loaded Plugin HTML5Networking, From C:/Program Files (x86)/Epic Games/4.14/Engine/Plugins/Experimental/HTML5Networking/HTML5Networking.uplugin
LogPluginManager: Loaded Plugin OSVR, From C:/Program Files (x86)/Epic Games/4.14/Engine/Plugins/Experimental/OSVR/OSVR.uplugin
LogPluginManager: Loaded Plugin Phya, From C:/Program Files (x86)/Epic Games/4.14/Engine/Plugins/Experimental/Phya/Phya.uplugin
LogPluginManager: Loaded Plugin SignificanceManager, From C:/Program Files (x86)/Epic Games/4.14/Engine/Plugins/Experimental/SignificanceManager/SignificanceManager.uplugin
LogPluginManager: Loaded Plugin SimpleHMD, From C:/Program Files (x86)/Epic Games/4.14/Engine/Plugins/Experimental/SimpleHMD/SimpleHMD.uplugin
LogPluginManager: Loaded Plugin StereoPanorama, From C:/Program Files (x86)/Epic Games/4.14/Engine/Plugins/Experimental/StereoPanorama/StereoPanorama.uplugin
LogPluginManager: Loaded Plugin StructBox, From C:/Program Files (x86)/Epic Games/4.14/Engine/Plugins/Experimental/StructBox/StructBox.uplugin
LogPluginManager: Loaded Plugin AndroidMedia, From C:/Program Files (x86)/Epic Games/4.14/Engine/Plugins/Media/AndroidMedia/AndroidMedia.uplugin
LogPluginManager: Loaded Plugin AvfMedia, From C:/Program Files (x86)/Epic Games/4.14/Engine/Plugins/Media/AvfMedia/AvfMedia.uplugin
LogPluginManager: Loaded Plugin MediaPlayerEditor, From C:/Program Files (x86)/Epic Games/4.14/Engine/Plugins/Media/MediaPlayerEditor/MediaPlayerEditor.uplugin
LogPluginManager: Loaded Plugin WmfMedia, From C:/Program Files (x86)/Epic Games/4.14/Engine/Plugins/Media/WmfMedia/WmfMedia.uplugin
LogPluginManager: Loaded Plugin MessagingDebugger, From C:/Program Files (x86)/Epic Games/4.14/Engine/Plugins/Messaging/MessagingDebugger/MessagingDebugger.uplugin
LogPluginManager: Loaded Plugin TcpMessaging, From C:/Program Files (x86)/Epic Games/4.14/Engine/Plugins/Messaging/TcpMessaging/TcpMessaging.uplugin
LogPluginManager: Loaded Plugin UdpMessaging, From C:/Program Files (x86)/Epic Games/4.14/Engine/Plugins/Messaging/UdpMessaging/UdpMessaging.uplugin
LogPluginManager: Loaded Plugin LevelSequenceEditor, From C:/Program Files (x86)/Epic Games/4.14/Engine/Plugins/MovieScene/LevelSequenceEditor/LevelSequenceEditor.uplugin
LogPluginManager: Loaded Plugin MatineeToLevelSequence, From C:/Program Files (x86)/Epic Games/4.14/Engine/Plugins/MovieScene/MatineeToLevelSequence/MatineeToLevelSequence.uplugin
LogPluginManager: Loaded Plugin NetcodeUnitTest, From C:/Program Files (x86)/Epic Games/4.14/Engine/Plugins/NetcodeUnitTest/NetcodeUnitTest/NetcodeUnitTest.uplugin
LogPluginManager: Loaded Plugin NUTUnrealEngine4, From C:/Program Files (x86)/Epic Games/4.14/Engine/Plugins/NetcodeUnitTest/NUTUnrealEngine4/NUTUnrealEngine4.uplugin
LogPluginManager: Loaded Plugin OnlineSubsystemGameCircle, From C:/Program Files (x86)/Epic Games/4.14/Engine/Plugins/Online/Android/OnlineSubsystemGameCircle/OnlineSubsystemGameCircle.uplugin
LogPluginManager: Loaded Plugin OnlineSubsystemGooglePlay, From C:/Program Files (x86)/Epic Games/4.14/Engine/Plugins/Online/Android/OnlineSubsystemGooglePlay/OnlineSubsystemGooglePlay.uplugin
LogPluginManager: Loaded Plugin OnlineSubsystemIOS, From C:/Program Files (x86)/Epic Games/4.14/Engine/Plugins/Online/IOS/OnlineSubsystemIOS/OnlineSubsystemIOS.uplugin
LogPluginManager: Loaded Plugin OnlineFramework, From C:/Program Files (x86)/Epic Games/4.14/Engine/Plugins/Online/OnlineFramework/OnlineFramework.uplugin
LogPluginManager: Loaded Plugin OnlineSubsystem, From C:/Program Files (x86)/Epic Games/4.14/Engine/Plugins/Online/OnlineSubsystem/OnlineSubsystem.uplugin
LogPluginManager: Loaded Plugin OnlineSubsystemAmazon, From C:/Program Files (x86)/Epic Games/4.14/Engine/Plugins/Online/OnlineSubsystemAmazon/OnlineSubsystemAmazon.uplugin
LogPluginManager: Loaded Plugin OnlineSubsystemFacebook, From C:/Program Files (x86)/Epic Games/4.14/Engine/Plugins/Online/OnlineSubsystemFacebook/OnlineSubsystemFacebook.uplugin
LogPluginManager: Loaded Plugin OnlineSubsystemNull, From C:/Program Files (x86)/Epic Games/4.14/Engine/Plugins/Online/OnlineSubsystemNull/OnlineSubsystemNull.uplugin
LogPluginManager: Loaded Plugin OnlineSubsystemOculus, From C:/Program Files (x86)/Epic Games/4.14/Engine/Plugins/Online/OnlineSubsystemOculus/OnlineSubsystemOculus.uplugin
LogPluginManager: Loaded Plugin OnlineSubsystemSteam, From C:/Program Files (x86)/Epic Games/4.14/Engine/Plugins/Online/OnlineSubsystemSteam/OnlineSubsystemSteam.uplugin
LogPluginManager: Loaded Plugin OnlineSubsystemUtils, From C:/Program Files (x86)/Epic Games/4.14/Engine/Plugins/Online/OnlineSubsystemUtils/OnlineSubsystemUtils.uplugin
LogPluginManager: Loaded Plugin IOSTapJoy, From C:/Program Files (x86)/Epic Games/4.14/Engine/Plugins/Runtime/Advertising/IOSTapJoy/IOSTapJoy.uplugin
LogPluginManager: Loaded Plugin AnalyticsBlueprintLibrary, From C:/Program Files (x86)/Epic Games/4.14/Engine/Plugins/Runtime/Analytics/AnalyticsBlueprintLibrary/AnalyticsBlueprintLibrary.uplugin
LogPluginManager: Loaded Plugin AnalyticsMulticast, From C:/Program Files (x86)/Epic Games/4.14/Engine/Plugins/Runtime/Analytics/AnalyticsMulticast/AnalyticsMulticast.uplugin
LogPluginManager: Loaded Plugin Apsalar, From C:/Program Files (x86)/Epic Games/4.14/Engine/Plugins/Runtime/Analytics/Apsalar/Apsalar.uplugin
LogPluginManager: Loaded Plugin FileLogging, From C:/Program Files (x86)/Epic Games/4.14/Engine/Plugins/Runtime/Analytics/FileLogging/FileLogging.uplugin
LogPluginManager: Loaded Plugin Flurry, From C:/Program Files (x86)/Epic Games/4.14/Engine/Plugins/Runtime/Analytics/Flurry/Flurry.uplugin
LogPluginManager: Loaded Plugin AndroidDeviceProfileSelector, From C:/Program Files (x86)/Epic Games/4.14/Engine/Plugins/Runtime/AndroidDeviceProfileSelector/AndroidDeviceProfileSelector.uplugin
LogPluginManager: Loaded Plugin AndroidMoviePlayer, From C:/Program Files (x86)/Epic Games/4.14/Engine/Plugins/Runtime/AndroidMoviePlayer/AndroidMoviePlayer.uplugin
LogPluginManager: Loaded Plugin AppleMoviePlayer, From C:/Program Files (x86)/Epic Games/4.14/Engine/Plugins/Runtime/AppleMoviePlayer/AppleMoviePlayer.uplugin
LogPluginManager: Loaded Plugin ArchVisCharacter, From C:/Program Files (x86)/Epic Games/4.14/Engine/Plugins/Runtime/ArchVisCharacter/ArchVisCharacter.uplugin
LogPluginManager: Loaded Plugin CableComponent, From C:/Program Files (x86)/Epic Games/4.14/Engine/Plugins/Runtime/CableComponent/CableComponent.uplugin
LogPluginManager: Loaded Plugin CustomMeshComponent, From C:/Program Files (x86)/Epic Games/4.14/Engine/Plugins/Runtime/CustomMeshComponent/CustomMeshComponent.uplugin
LogPluginManager: Loaded Plugin ExampleDeviceProfileSelector, From C:/Program Files (x86)/Epic Games/4.14/Engine/Plugins/Runtime/ExampleDeviceProfileSelector/ExampleDeviceProfileSelector.uplugin
LogPluginManager: Loaded Plugin GearVR, From C:/Program Files (x86)/Epic Games/4.14/Engine/Plugins/Runtime/GearVR/GearVR.uplugin
LogPluginManager: Loaded Plugin GoogleVRController, From C:/Program Files (x86)/Epic Games/4.14/Engine/Plugins/Runtime/GoogleVR/GoogleVRController/GoogleVRController.uplugin
LogPluginManager: Loaded Plugin GoogleVRHMD, From C:/Program Files (x86)/Epic Games/4.14/Engine/Plugins/Runtime/GoogleVR/GoogleVRHMD/GoogleVRHMD.uplugin
LogPluginManager: Loaded Plugin IOSDeviceProfileSelector, From C:/Program Files (x86)/Epic Games/4.14/Engine/Plugins/Runtime/IOSDeviceProfileSelector/IOSDeviceProfileSelector.uplugin
LogPluginManager: Loaded Plugin LeapMotion, From C:/Program Files (x86)/Epic Games/4.14/Engine/Plugins/Runtime/LeapMotion/LeapMotion.uplugin
LogPluginManager: Loaded Plugin LinuxDeviceProfileSelector, From C:/Program Files (x86)/Epic Games/4.14/Engine/Plugins/Runtime/LinuxDeviceProfileSelector/LinuxDeviceProfileSelector.uplugin
LogPluginManager: Loaded Plugin MIDIDevice, From C:/Program Files (x86)/Epic Games/4.14/Engine/Plugins/Runtime/MIDIDevice/MIDIDevice.uplugin
LogPluginManager: Loaded Plugin MobilePatchingUtils, From C:/Program Files (x86)/Epic Games/4.14/Engine/Plugins/Runtime/MobilePatchingUtils/MobilePatchingUtils.uplugin
LogPluginManager: Loaded Plugin Ansel, From C:/Program Files (x86)/Epic Games/4.14/Engine/Plugins/Runtime/Nvidia/Ansel/Ansel.uplugin
LogPluginManager: Loaded Plugin OculusAudio, From C:/Program Files (x86)/Epic Games/4.14/Engine/Plugins/Runtime/OculusAudio/OculusAudio.uplugin
LogPluginManager: Loaded Plugin OculusInput, From C:/Program Files (x86)/Epic Games/4.14/Engine/Plugins/Runtime/OculusInput/OculusInput.uplugin
LogPluginManager: Loaded Plugin OculusLibrary, From C:/Program Files (x86)/Epic Games/4.14/Engine/Plugins/Runtime/OculusLibrary/OculusLibrary.uplugin
LogPluginManager: Loaded Plugin OculusRift, From C:/Program Files (x86)/Epic Games/4.14/Engine/Plugins/Runtime/OculusRift/OculusRift.uplugin
LogPluginManager: Loaded Plugin Oodle, From C:/Program Files (x86)/Epic Games/4.14/Engine/Plugins/Runtime/PacketHandlers/CompressionComponents/Oodle/Oodle.uplugin
LogPluginManager: Loaded Plugin ProceduralMeshComponent, From C:/Program Files (x86)/Epic Games/4.14/Engine/Plugins/Runtime/ProceduralMeshComponent/ProceduralMeshComponent.uplugin
LogPluginManager: Loaded Plugin SoundMod, From C:/Program Files (x86)/Epic Games/4.14/Engine/Plugins/Runtime/SoundMod/SoundMod.uplugin
LogPluginManager: Loaded Plugin SoundVisualizations, From C:/Program Files (x86)/Epic Games/4.14/Engine/Plugins/Runtime/SoundVisualizations/SoundVisualizations.uplugin
LogPluginManager: Loaded Plugin SteamController, From C:/Program Files (x86)/Epic Games/4.14/Engine/Plugins/Runtime/Steam/SteamController/SteamController.uplugin
LogPluginManager: Loaded Plugin SteamVR, From C:/Program Files (x86)/Epic Games/4.14/Engine/Plugins/Runtime/Steam/SteamVR/SteamVR.uplugin
LogPluginManager: Loaded Plugin WebBrowserWidget, From C:/Program Files (x86)/Epic Games/4.14/Engine/Plugins/Runtime/WebBrowserWidget/WebBrowserWidget.uplugin
LogPluginManager: Loaded Plugin WindowsDeviceProfileSelector, From C:/Program Files (x86)/Epic Games/4.14/Engine/Plugins/Runtime/WindowsDeviceProfileSelector/WindowsDeviceProfileSelector.uplugin
LogPluginManager: Loaded Plugin WindowsMoviePlayer, From C:/Program Files (x86)/Epic Games/4.14/Engine/Plugins/Runtime/WindowsMoviePlayer/WindowsMoviePlayer.uplugin
LogPluginManager: Loaded Plugin ScriptPlugin, From C:/Program Files (x86)/Epic Games/4.14/Engine/Plugins/ScriptPlugin/ScriptPlugin.uplugin
LogPluginManager: Loaded Plugin SlateRemote, From C:/Program Files (x86)/Epic Games/4.14/Engine/Plugins/Slate/SlateRemote/SlateRemote.uplugin
LogPluginManager: Loaded Plugin EditorTests, From C:/Program Files (x86)/Epic Games/4.14/Engine/Plugins/Tests/EditorTests/EditorTests.uplugin
LogPluginManager: Loaded Plugin FbxAutomationTestBuilder, From C:/Program Files (x86)/Epic Games/4.14/Engine/Plugins/Tests/FbxAutomationTestBuilder/FbxAutomationTestBuilder.uplugin
LogPluginManager: Loaded Plugin FunctionalTestingEditor, From C:/Program Files (x86)/Epic Games/4.14/Engine/Plugins/Tests/FunctionalTestingEditor/FunctionalTestingEditor.uplugin
LogPluginManager: Loaded Plugin RuntimeTests, From C:/Program Files (x86)/Epic Games/4.14/Engine/Plugins/Tests/RuntimeTests/RuntimeTests.uplugin
LogPluginManager: Loaded Plugin ScreenshotTools, From C:/Program Files (x86)/Epic Games/4.14/Engine/Plugins/Tests/ScreenshotTools/ScreenshotTools.uplugin
LogInit: Using libcurl 7.47.1
LogInit:  - built for x86_64-pc-win32
LogInit:  - supports SSL with OpenSSL/1.0.2g
LogInit:  - supports HTTP deflate (compression) using libz 1.2.8
LogInit:  - other features:
LogInit:      CURL_VERSION_SSL
LogInit:      CURL_VERSION_LIBZ
LogInit:      CURL_VERSION_IPV6
LogInit:      CURL_VERSION_ASYNCHDNS
LogInit:      CURL_VERSION_LARGEFILE
LogInit:      CURL_VERSION_IDN
LogInit:  CurlRequestOptions (configurable via config and command line):
LogInit:  - bVerifyPeer = false  - Libcurl will NOT verify peer certificate
LogInit:  - bUseHttpProxy = false  - Libcurl will NOT use HTTP proxy
LogInit:  - bDontReuseConnections = false  - Libcurl will reuse connections
LogInit:  - CertBundlePath = nullptr  - Libcurl will use whatever was configured at build time.
LogInit: Build: ++UE4+Release-4.14-CL-3249277
LogInit: Engine Version: 4.14.3-3249277+++UE4+Release-4.14
LogInit: Compatible Engine Version: 4.14.0-3195953+++UE4+Release-4.14
LogInit: Net CL: 3195953
LogDevObjectVersion: Number of dev versions registered: 13
LogDevObjectVersion:   Dev-Blueprints (B0D832E4-1F89-4F0D-ACCF-7EB736FD4AA2): 7
LogDevObjectVersion:   Dev-Build (E1C64328-A22C-4D53-A36C-8E866417BD8C): 0
LogDevObjectVersion:   Dev-Core (375EC13C-06E4-48FB-B500-84F0262A717E): 1
LogDevObjectVersion:   Dev-Editor (E4B068ED-F494-42E9-A231-DA0B2E46BB41): 8
LogDevObjectVersion:   Dev-Framework (CFFC743F-43B0-4480-9391-14DF171D2073): 17
LogDevObjectVersion:   Dev-Mobile (B02B49B5-BB20-44E9-A304-32B752E40360): 0
LogDevObjectVersion:   Dev-Networking (A4E4105C-59A1-49B5-A7C5-40C4547EDFEE): 0
LogDevObjectVersion:   Dev-Online (39C831C9-5AE6-47DC-9A44-9C173E1C8E7C): 0
LogDevObjectVersion:   Dev-Physics (78F01B33-EBEA-4F98-B9B4-84EACCB95AA2): 0
LogDevObjectVersion:   Dev-Platform (6631380F-2D4D-43E0-8009-CF276956A95A): 0
LogDevObjectVersion:   Dev-Rendering (12F88B9F-8875-4AFC-A67C-D90C383ABD29): 12
LogDevObjectVersion:   Dev-Sequencer (7B5AE74C-D270-4C10-A958-57980B212A5A): 1
LogDevObjectVersion:   Dev-VR (D7296918-1DD6-4BDD-9DE2-64A83CC13884): 0
LogInit: Compiled (64-bit): Jan  6 2017 10:49:43
LogInit: Compiled with Visual C++: 19.00.23026.00
LogInit: Build Configuration: Development
LogInit: Branch Name: ++UE4+Release-4.14
LogInit: Command line: -EpicPortal 
LogInit: Base directory: C:/Program Files (x86)/Epic Games/4.14/Engine/Binaries/Win64/
LogInit: Installed Engine Build: 1
LogInit: Presizing for max 8388607 objects, including 0 objects not considered by GC, pre-allocating 0 bytes for permanent pool.
LogInit: Object subsystem initialized
[2017.02.22-08.24.21:332][  0]LogInit: Selected Device Profile: [Windows]
[2017.02.22-08.24.21:332][  0]LogInit: Applying CVar settings loaded from the selected device profile: [Windows]
[2017.02.22-08.24.21:344][  0]LogInit: Computer: BAR-EGIMENEZ
[2017.02.22-08.24.21:344][  0]LogInit: User: egimenez
[2017.02.22-08.24.21:344][  0]LogInit: CPU Page size=65536, Cores=6
[2017.02.22-08.24.21:345][  0]LogInit: High frequency timer resolution =3.409814 MHz
[2017.02.22-08.24.21:345][  0]LogMemory: Memory total: Physical=63.9GB (64GB approx)
[2017.02.22-08.24.21:345][  0]LogMemory: Platform Memory Stats for Windows
[2017.02.22-08.24.21:345][  0]LogMemory: Process Physical Memory: 269.37 MB used, 269.37 MB peak
[2017.02.22-08.24.21:345][  0]LogMemory: Process Virtual Memory: 272.60 MB used, 272.60 MB peak
[2017.02.22-08.24.21:345][  0]LogMemory: Physical Memory: 8850.29 MB used,  56613.77 MB free, 65464.06 MB total
[2017.02.22-08.24.21:345][  0]LogMemory: Virtual Memory: 671.93 MB used,  56613.77 MB free, 8388608.00 MB total
[2017.02.22-08.24.21:373][  0]LogInit: Overriding culture en with editor configuration.
[2017.02.22-08.24.22:124][  0]LogD3D11RHI: D3D11 adapters:
[2017.02.22-08.24.22:146][  0]LogD3D11RHI:    0. 'NVIDIA GeForce GTX 670' (Feature Level 11_0)
[2017.02.22-08.24.22:146][  0]LogD3D11RHI:       4026/0/32476 MB DedicatedVideo/DedicatedSystem/SharedSystem, Outputs:1, VendorId:0x10de
[2017.02.22-08.24.22:146][  0]LogD3D11RHI: Chosen D3D11 Adapter: 0
[2017.02.22-08.24.22:151][  0]LogD3D11RHI: Creating new Direct3DDevice
[2017.02.22-08.24.22:151][  0]LogD3D11RHI:     GPU DeviceId: 0x1189 (for the marketing name, search the web for "GPU Device Id")
[2017.02.22-08.24.22:151][  0]LogWindows: EnumDisplayDevices:
[2017.02.22-08.24.22:151][  0]LogWindows:    0. 'NVIDIA GeForce GTX 670' (P:1 D:1)
[2017.02.22-08.24.22:151][  0]LogWindows:    1. 'NVIDIA GeForce GTX 670' (P:0 D:0)
[2017.02.22-08.24.22:151][  0]LogWindows:    2. 'NVIDIA GeForce GTX 670' (P:0 D:0)
[2017.02.22-08.24.22:151][  0]LogWindows:    3. 'NVIDIA GeForce GTX 670' (P:0 D:0)
[2017.02.22-08.24.22:151][  0]LogWindows:    4. 'RDPDD Chained DD' (P:0 D:0)
[2017.02.22-08.24.22:152][  0]LogWindows:    5. 'RDP Encoder Mirror Driver' (P:0 D:0)
[2017.02.22-08.24.22:152][  0]LogWindows:    6. 'RDP Reflector Display Driver' (P:0 D:0)
[2017.02.22-08.24.22:152][  0]LogWindows: DebugString: GetVideoDriverDetailsInvalid PrimaryIsNotTheChoosenAdapter GetVideoDriverDetailsInvalid PrimaryIsNotTheChoosenAdapter GetVideoDriverDetailsInvalid PrimaryIsNotTheChoosenAdapter FoundDriverCount:4 
[2017.02.22-08.24.22:152][  0]LogD3D11RHI:     Adapter Name: NVIDIA GeForce GTX 670
[2017.02.22-08.24.22:152][  0]LogD3D11RHI:   Driver Version: 372.90 (internal:21.21.13.7290, unified:372.90)
[2017.02.22-08.24.22:152][  0]LogD3D11RHI:      Driver Date: 9-16-2016
[2017.02.22-08.24.22:152][  0]LogRHI: Texture pool is 1361 MB (70% of 1945 MB)
[2017.02.22-08.24.22:161][  0]LogD3D11RHI:Warning: Timestamp queries are currently disabled on this hardware due to instability. Realtime GPU stats will not be available. You can override this behaviour by setting r.NVIDIATimestampWorkaround to 0
[2017.02.22-08.24.22:161][  0]LogD3D11RHI: Async texture creation enabled
[2017.02.22-08.24.22:176][  0]LogD3D11RHI: GPU Timing Frequency: 1000.000000 (Debug: 2 2)
[2017.02.22-08.24.22:176][  0]LogShaderCompilers: Guid format shader working directory is -29 characters bigger than the processId version (../../../../../../Users/egimenez/Desktop/VAN/VANsGame/Mechanics/BasicMechanics/Intermediate/Shaders/WorkingDirectory/6052/).
[2017.02.22-08.24.22:176][  0]LogShaderCompilers: Cleaned the shader compiler working directory 'C:/Users/egimenez/AppData/Local/Temp/UnrealShaderWorkingDir/193DBCDB463AA226DE7B6D85AC8FE32C/'.
[2017.02.22-08.24.22:176][  0]LogShaderCompilers:Display: Using Local Shader Compiler.
[2017.02.22-08.24.23:651][  0]LogTemp:Display: Loaded TP AllDesktopTargetPlatform
[2017.02.22-08.24.23:731][  0]LogTemp:Display: Loaded TP MacClientTargetPlatform
[2017.02.22-08.24.23:810][  0]LogTemp:Display: Loaded TP MacNoEditorTargetPlatform
[2017.02.22-08.24.23:902][  0]LogTemp:Display: Loaded TP MacServerTargetPlatform
[2017.02.22-08.24.24:004][  0]LogTemp:Display: Loaded TP MacTargetPlatform
[2017.02.22-08.24.24:110][  0]LogTemp:Display: Loaded TP WindowsClientTargetPlatform
[2017.02.22-08.24.24:184][  0]LogTemp:Display: Loaded TP WindowsNoEditorTargetPlatform
[2017.02.22-08.24.24:256][  0]LogTemp:Display: Loaded TP WindowsServerTargetPlatform
[2017.02.22-08.24.24:322][  0]LogTemp:Display: Loaded TP WindowsTargetPlatform
[2017.02.22-08.24.24:396][  0]LogTemp:Display: Loaded TP AndroidTargetPlatform
[2017.02.22-08.24.24:482][  0]LogTemp:Display: Loaded TP Android_ASTCTargetPlatform
[2017.02.22-08.24.24:541][  0]LogTemp:Display: Loaded TP Android_ATCTargetPlatform
[2017.02.22-08.24.24:617][  0]LogTemp:Display: Loaded TP Android_DXTTargetPlatform
[2017.02.22-08.24.24:713][  0]LogTemp:Display: Loaded TP Android_ETC1TargetPlatform
[2017.02.22-08.24.24:801][  0]LogTemp:Display: Loaded TP Android_ETC2TargetPlatform
[2017.02.22-08.24.24:950][  0]LogTemp:Display: Loaded TP Android_MultiTargetPlatform
[2017.02.22-08.24.24:950][  0]LogTemp:Display: Loaded TP Android_PVRTCTargetPlatform
[2017.02.22-08.24.25:010][  0]LogTemp:Display: Loaded TP HTML5TargetPlatform
[2017.02.22-08.24.25:120][  0]LogTemp:Display: Loaded TP IOSTargetPlatform
[2017.02.22-08.24.25:180][  0]LogTemp:Display: Loaded TP TVOSTargetPlatform
[2017.02.22-08.24.25:276][  0]LogTemp:Display: Loaded TP LinuxClientTargetPlatform
[2017.02.22-08.24.25:380][  0]LogTemp:Display: Loaded TP LinuxNoEditorTargetPlatform
[2017.02.22-08.24.25:470][  0]LogTemp:Display: Loaded TP LinuxServerTargetPlatform
[2017.02.22-08.24.25:553][  0]LogTemp:Display: Loaded TP LinuxTargetPlatform
[2017.02.22-08.24.25:553][  0]LogTargetPlatformManager:Display: Building Assets For Windows
[2017.02.22-08.24.26:023][  0]LogDerivedDataCache:Display: Max Cache Size: 512 MB
[2017.02.22-08.24.26:082][  0]LogDerivedDataCache: Loaded boot cache 0.06s 50MB C:/Users/egimenez/AppData/Local/UnrealEngine/4.14/DerivedDataCache/Boot.ddc.
[2017.02.22-08.24.26:082][  0]LogDerivedDataCache:Display: Loaded Boot cache: C:/Users/egimenez/AppData/Local/UnrealEngine/4.14/DerivedDataCache/Boot.ddc
[2017.02.22-08.24.26:082][  0]LogDerivedDataCache: FDerivedDataBackendGraph:  Pak pak cache file ../../../../../../Users/egimenez/Desktop/VAN/VANsGame/Mechanics/BasicMechanics/DerivedDataCache/DDC.ddp not found, will not use a pak cache.
[2017.02.22-08.24.26:082][  0]LogDerivedDataCache: Unable to find inner node Pak for hierarchical cache Hierarchy.
[2017.02.22-08.24.26:082][  0]LogDerivedDataCache: FDerivedDataBackendGraph:  CompressedPak pak cache file ../../../../../../Users/egimenez/Desktop/VAN/VANsGame/Mechanics/BasicMechanics/DerivedDataCache/Compressed.ddp not found, will not use a pak cache.
[2017.02.22-08.24.26:082][  0]LogDerivedDataCache: Unable to find inner node CompressedPak for hierarchical cache Hierarchy.
[2017.02.22-08.24.26:098][  0]LogDerivedDataCache:Display: Pak cache opened for reading ../../../Engine/DerivedDataCache/Compressed.ddp.
[2017.02.22-08.24.26:109][  0]LogDerivedDataCache: Using Local data cache path C:/Users/egimenez/AppData/Local/UnrealEngine/Common/DerivedDataCache: Writable
[2017.02.22-08.24.26:385][  0]LogInit: Selected Device Profile: [Windows]
[2017.02.22-08.24.26:389][  0]LogContentStreaming: Texture pool size is 0.00 MB
[2017.02.22-08.24.26:640][  0]LogMeshUtilities: Using QuadricMeshReduction for automatic static mesh reduction
[2017.02.22-08.24.26:702][  0]LogSimplygon: Simplygon DLL not present - disabling.
[2017.02.22-08.24.26:760][  0]LogMeshUtilities: Using SimplygonSwarm for distributed automatic mesh merging
[2017.02.22-08.24.26:760][  0]LogMeshUtilities: No automatic skeletal mesh reduction module available
[2017.02.22-08.24.26:760][  0]LogMeshUtilities: No automatic mesh merging module available
[2017.02.22-08.24.27:364][  0]LogNetVersion: GetLocalNetworkVersion: CL: 3195953, ProjectName: basicmechanics, ProjectVersion: , EngineNetworkVersion: 2, GameNetworkVersion: 0, NetworkChecksum: 1363929391
[2017.02.22-08.24.27:429][  0]LogAssetRegistry: FAssetRegistry took 0.0205 seconds to start up
[2017.02.22-08.24.27:465][  0]LogPackageLocalizationCache: Processed 3 localized package path(s) for 1 prioritized culture(s) in 0.015075 seconds
[2017.02.22-08.24.27:470][  0]LogUObjectArray: 31946 objects as part of root set at end of initial load.
[2017.02.22-08.24.27:470][  0]LogUObjectAllocator: 6935840 out of 0 bytes used by permanent object pool.
[2017.02.22-08.24.27:470][  0]LogUObjectArray: CloseDisregardForGC: 0/0 objects in disregard for GC pool
[2017.02.22-08.24.27:538][  0]LogInit: WinSock: version 1.1 (2.2), MaxSocks=32767, MaxUdp=65467
[2017.02.22-08.24.28:392][  0]LogSlate: Using Freetype 2.6.0
[2017.02.22-08.24.28:392][  0]LogSlate: SlateFontCache - WITH_FREETYPE: 1, WITH_HARFBUZZ: 1
[2017.02.22-08.24.28:392][  0]LogSlate: SlateFontCache - WITH_FREETYPE: 1, WITH_HARFBUZZ: 1
[2017.02.22-08.24.29:227][  0]LogTcpMessaging: Initializing TcpMessaging bridge
[2017.02.22-08.24.29:268][  0]LogUdpMessaging: Initializing bridge on interface 0.0.0.0:0 to multicast group 230.0.0.1:6666.
[2017.02.22-08.24.29:643][  0]LogMaterial: Uniform references updated for custom material expression Custom.
[2017.02.22-08.24.30:157][  0]SourceControl: Info Source control is disabled
[2017.02.22-08.24.30:158][  0]SourceControl: Info Source control is disabled
[2017.02.22-08.24.30:212][  0]SourceControl: Info Source control is disabled
[2017.02.22-08.24.30:273][  0]SourceControl: Info Source control is disabled
[2017.02.22-08.24.31:834][  0]LogEngine: Initializing Engine...
[2017.02.22-08.24.31:834][  0]LogHMD: Failed to initialize OpenVR with code 110
[2017.02.22-08.24.32:131][  0]LogAIModule: Creating AISystem for world Untitled
[2017.02.22-08.24.32:139][  0]LogInit: XAudio2 using 'Speakers (Realtek High Definition Audio)' : 2 channels at 48 kHz using 32 bits per sample (channel mask 0x3)
[2017.02.22-08.24.32:162][  0]LogInit: FAudioDevice initialized.
[2017.02.22-08.24.32:186][  0]LogDerivedDataCache: Saved boot cache 0.02s 50MB C:/Users/egimenez/AppData/Local/UnrealEngine/4.14/DerivedDataCache/Boot.ddc.
[2017.02.22-08.24.32:193][  0]LogInit: Texture streaming: Enabled
[2017.02.22-08.24.32:415][  0]LogInit: Transaction tracking system initialized
[2017.02.22-08.24.32:815][  0]BlueprintLog: New page: Editor Load
[2017.02.22-08.24.34:017][  0]LocalizationService: Info Localization service is disabled
[2017.02.22-08.24.34:723][  0]LogConsoleResponse:Display: 
[2017.02.22-08.24.34:875][  0]LogCook:Display: Max memory allowance for cook 16384mb min free memory 0mb
[2017.02.22-08.24.34:875][  0]LogCook:Display: Mobile HDR setting 1
[2017.02.22-08.24.35:944][  0]LogFileCache: Scanning file cache for directory 'C:/Users/egimenez/Desktop/VAN/VANsGame/Mechanics/BasicMechanics/Content/' took 0.02s
[2017.02.22-08.24.35:991][  0]SourceControl: Info Source control is disabled
[2017.02.22-08.24.35:992][  0]Cmd: MAP LOAD FILE="../../../../../../Users/egimenez/Desktop/VAN/VANsGame/Mechanics/BasicMechanics/Content/StarterContent/Maps/Minimal_Default.umap" TEMPLATE=0 SHOWPROGRESS=1 FEATURELEVEL=3
[2017.02.22-08.24.35:992][  0]LightingResults: New page: Lighting Build
[2017.02.22-08.24.36:035][  0]MapCheck: New page: Map Check
[2017.02.22-08.24.36:035][  0]LightingResults: New page: Lighting Build
[2017.02.22-08.24.37:703][  0]LogAIModule: Creating AISystem for world Minimal_Default
[2017.02.22-08.24.37:703][  0]LogActorComponent: RegisterComponentWithWorld: (/Game/StarterContent/Maps/Minimal_Default.Minimal_Default:PersistentLevel.WorldSettings_1.StaticMeshComponent0) Trying to register component with IsPendingKill() == true. Aborting.
[2017.02.22-08.24.37:832][  0]LogEditorServer: Finished looking for orphan Actors (0.000 secs)
[2017.02.22-08.24.37:879][  0]Cmd: MAP CHECKDEP NOCLEARLOG
[2017.02.22-08.24.37:924][  0]MapCheck: Info Map check complete: 0 Error(s), 0 Warning(s), took 45.025ms to complete.
[2017.02.22-08.24.37:924][  0]LogFileHelpers: Loading map 'Minimal_Default' took 1.932
[2017.02.22-08.24.39:431][  0]LogCollectionManager: Loaded 0 collections in 0.001334 seconds
[2017.02.22-08.24.39:796][  0]LogFileCache: Scanning file cache for directory 'C:/Users/egimenez/Desktop/VAN/VANsGame/Mechanics/BasicMechanics/Saved/Collections/' took 0.01s
[2017.02.22-08.24.39:796][  0]LogFileCache: Scanning file cache for directory 'C:/Users/egimenez/Desktop/VAN/VANsGame/Mechanics/BasicMechanics/Content/Developers/egimenez/Collections/' took 0.01s
[2017.02.22-08.24.39:796][  0]LogFileCache: Scanning file cache for directory 'C:/Users/egimenez/Desktop/VAN/VANsGame/Mechanics/BasicMechanics/Content/Collections/' took 0.01s
[2017.02.22-08.24.39:796][  0]LogCollectionManager: Rebuilt the GUID cache for 0 collections in 0.000004 seconds
[2017.02.22-08.24.39:836][  0]LogContentBrowser: Native class hierarchy populated in 0.0279 seconds. Added 2190 classes and 428 folders.
[2017.02.22-08.24.39:918][  0]LogStats: UGameplayTagsManager::ConstructGameplayTagTree: Construct from data asset -  0.000 s
[2017.02.22-08.24.39:918][  0]LogStats: UGameplayTagsManager::ConstructGameplayTagTree: GameplayTagTreeChangedEvent.Broadcast -  0.000 s
[2017.02.22-08.24.39:927][  0]LogContentBrowser: Native class hierarchy updated for 'GameplayTags' in 0.0006 seconds. Added 13 classes and 0 folders.
[2017.02.22-08.24.40:016][  0]LogContentBrowser: Native class hierarchy updated for 'WidgetCarousel' in 0.0005 seconds. Added 0 classes and 0 folders.
[2017.02.22-08.24.42:522][  0]LogContentBrowser: Native class hierarchy updated for 'AddContentDialog' in 0.0005 seconds. Added 0 classes and 0 folders.
[2017.02.22-08.24.42:616][  0]LogContentBrowser: Native class hierarchy updated for 'SceneOutliner' in 0.0005 seconds. Added 1 classes and 2 folders.
[2017.02.22-08.24.43:516][  0]LogCrashTracker: Crashtracker disabled due to settings.
[2017.02.22-08.24.43:719][  0]LogUObjectGlobals:Warning: Failed to find object 'Class None.'
[2017.02.22-08.24.43:828][  0]LogContentBrowser: Native class hierarchy updated for 'HierarchicalLODOutliner' in 0.0007 seconds. Added 1 classes and 2 folders.
[2017.02.22-08.24.43:829][  0]LogLoad: (Engine Initialization) Total time: 24.79 seconds
[2017.02.22-08.24.43:829][  0]LogLoad: (Engine Initialization) Total Blueprint compile time: 0.12 seconds
[2017.02.22-08.24.43:829][  0]LogExternalProfiler: No external profilers were discovered.  External profiling features will not be available.
[2017.02.22-08.24.43:838][  0]LogOcInput: OculusInput pre-init called
[2017.02.22-08.24.44:037][  0]LogContentStreaming: Texture pool size now 1000 MB
[2017.02.22-08.24.45:337][  0]LogRenderer: Reallocating scene render targets to support 1136x568 NumSamples 1 (Frame:2).
[2017.02.22-08.24.45:854][  1]LogFileCache: Retrieving MD5 hashes for directory 'C:/Users/egimenez/Desktop/VAN/VANsGame/Mechanics/BasicMechanics/Content/' took 1.99s
[2017.02.22-08.24.52:855][746]LogCollectionManager: Rebuilt the object cache for 0 collections in 0.000001 seconds (found 0 objects)
[2017.02.22-08.24.53:297][799]LogAssetRegistry: Asset discovery search completed in 25.8866 seconds
[2017.02.22-08.24.53:297][799]LogCollectionManager: Fixed up redirectors for 0 collections in 0.000001 seconds (updated 0 objects)
[2017.02.22-08.24.56:996][ 90]LogTexture:Display: Building textures: Sign_A (AutoDXT)
[2017.02.22-08.24.57:997][ 90]LogMaterial: Missing cached shader map for material Sign_mat, compiling. 
[2017.02.22-08.24.58:188][ 90]LogTexture:Display: Building textures: ChalkWriting (AutoDXT)
[2017.02.22-08.24.58:876][ 90]LogMaterial: Missing cached shader map for material ChalkWriting_mat, compiling. 
[2017.02.22-08.24.58:927][ 90]LogStaticMesh: Building static mesh Sign...
[2017.02.22-08.24.58:986][ 90]LogStaticMesh: Built static mesh [0.06s] /Game/VillageElements/Sign.Sign
[2017.02.22-08.24.59:058][ 90]LogStaticMesh: Building static mesh Sidewalk_Straight...
[2017.02.22-08.24.59:060][ 90]LogStaticMesh: Built static mesh [0.00s] /Game/VillageElements/Sidewalk_Straight.Sidewalk_Straight
[2017.02.22-08.24.59:064][ 90]LogMaterial: Missing cached shader map for material NewsPaperBoxGlass_mat, compiling. 
[2017.02.22-08.24.59:241][ 90]LogTexture:Display: Building textures: NewspaperBox_VarA_A (AutoDXT)
[2017.02.22-08.25.00:327][ 90]LogMaterial: Missing cached shader map for material NewsPaperBox_mat, compiling. 
[2017.02.22-08.25.00:363][ 90]LogStaticMesh: Building static mesh NewspaperBox...
[2017.02.22-08.25.00:556][ 90]LogStaticMesh: Built static mesh [0.19s] /Game/VillageElements/NewspaperBox.NewspaperBox
[2017.02.22-08.25.00:774][ 90]LogTexture:Display: Building textures: Sidewalk_A (AutoDXT)
[2017.02.22-08.25.02:258][ 90]LogMaterial: Missing cached shader map for material Sidewalk_TintA_mat, compiling. 
[2017.02.22-08.25.02:293][ 90]LogStaticMesh: Building static mesh Manhole...
[2017.02.22-08.25.02:301][ 90]LogStaticMesh: Built static mesh [0.01s] /Game/VillageElements/Manhole.Manhole
[2017.02.22-08.25.02:482][ 90]LogTexture:Display: Building textures: FireHydrant_A (AutoDXT)
[2017.02.22-08.25.03:898][ 90]LogMaterial: Missing cached shader map for material FireHydrant_mat, compiling. 
[2017.02.22-08.25.03:933][ 90]LogStaticMesh: Building static mesh FireHydrant...
[2017.02.22-08.25.04:488][ 90]LogStaticMesh: Built static mesh [0.55s] /Game/VillageElements/FireHydrant.FireHydrant
[2017.02.22-08.25.04:597][ 90]LogTexture:Display: Building textures: BusStopGlass_A (AutoDXT)
[2017.02.22-08.25.05:706][ 90]LogMaterial: Missing cached shader map for material BusStopGlass_mat, compiling. 
[2017.02.22-08.25.05:865][ 90]LogTexture:Display: Building textures: BusStop_A (AutoDXT)
[2017.02.22-08.25.06:771][ 90]LogMaterial: Missing cached shader map for material BusStop_mat, compiling. 
[2017.02.22-08.25.06:805][ 90]LogStaticMesh: Building static mesh BusStop...
[2017.02.22-08.25.07:097][ 90]LogStaticMesh: Built static mesh [0.29s] /Game/VillageElements/BusStop.BusStop
[2017.02.22-08.25.07:112][ 90]LogStaticMesh: Building static mesh VansHouse...
[2017.02.22-08.25.07:172][ 90]LogStaticMesh: Built static mesh [0.06s] /Game/Models/VansHouse/VansHouse.VansHouse
[2017.02.22-08.25.07:206][ 90]LogTexture:Display: Building textures: WallP2 (BGRA8)
[2017.02.22-08.25.07:295][ 90]LogMaterial: Missing cached shader map for material wallP, compiling. 
[2017.02.22-08.25.07:350][ 90]LogTexture:Display: Building textures: Wall2 (AutoDXT)
[2017.02.22-08.25.08:206][ 90]LogMaterial: Missing cached shader map for material wall, compiling. 
[2017.02.22-08.25.08:255][ 90]LogTexture:Display: Building textures: Ceiling2 (AutoDXT)
[2017.02.22-08.25.09:024][ 90]LogMaterial: Missing cached shader map for material ceiling, compiling. 
[2017.02.22-08.25.09:223][ 90]LogTexture:Display: Building textures: Map (AutoDXT)
[2017.02.22-08.25.11:055][ 90]LogMaterial: Missing cached shader map for material atlas, compiling. 
[2017.02.22-08.25.11:085][ 90]LogStaticMesh: Building static mesh house...
[2017.02.22-08.25.11:359][ 90]LogStaticMesh: Built static mesh [0.27s] /Game/Models/OldHouse/house.house
[2017.02.22-08.25.11:797][ 90]LogTexture:Display: Building textures: Gravel (AutoDXT)
[2017.02.22-08.25.12:264][ 90]LogTexture:Display: Building textures: Grass (AutoDXT)
[2017.02.22-08.25.12:735][ 90]LogTexture:Display: Building textures: AsphaltNormal (BGRA8)
[2017.02.22-08.25.12:822][ 90]LogTexture:Display: Building textures: Asphalt (BGRA8)
[2017.02.22-08.25.12:867][ 90]LogMaterial: Missing cached shader map for material GrassAsphaltMaterial, compiling. 
[2017.02.22-08.25.12:961][ 90]LogTexture:Display: Building textures: HQ_Lightmap0_1 (AutoDXT)
[2017.02.22-08.25.13:391][ 90]LogTexture:Display: Building textures: HQ_Lightmap0_2 (AutoDXT)
[2017.02.22-08.25.13:490][ 90]LogTexture:Display: Building textures: HQ_Lightmap0_3 (AutoDXT)
[2017.02.22-08.25.13:525][ 90]LogTexture:Display: Building textures: LQ_Lightmap_0_1 (DXT1)
[2017.02.22-08.25.13:723][ 90]LogTexture:Display: Building textures: LQ_Lightmap_0_2 (DXT1)
[2017.02.22-08.25.13:783][ 90]LogTexture:Display: Building textures: LQ_Lightmap_0_3 (DXT1)
[2017.02.22-08.25.13:806][ 90]LogTexture:Display: Building textures: SkyOcclusion0_1 (AutoDXT)
[2017.02.22-08.25.13:959][ 90]LogTexture:Display: Building textures: SkyOcclusion0_2 (AutoDXT)
[2017.02.22-08.25.14:007][ 90]LogTexture:Display: Building textures: SkyOcclusion0_3 (AutoDXT)
[2017.02.22-08.25.14:017][ 90]LogTexture:Display: Building textures: ShadowMapTexture2D_7 (G8)
[2017.02.22-08.25.14:094][ 90]LogTexture:Display: Building textures: ShadowMapTexture2D_8 (G8)
[2017.02.22-08.25.14:110][ 90]LogTexture:Display: Building textures: ShadowMapTexture2D_9 (G8)
[2017.02.22-08.25.14:120][ 90]LogMaterial: Missing cached shader map for material M_Cursor_Decal, compiling. 
[2017.02.22-08.25.14:299][ 90]LogAIModule: Creating AISystem for world Village
[2017.02.22-08.25.14:435][ 90]Cmd: MAP LOAD FILE="../../../../../../Users/egimenez/Desktop/VAN/VANsGame/Mechanics/BasicMechanics/Content/Levels/Village.umap" TEMPLATE=0 SHOWPROGRESS=1 FEATURELEVEL=3
[2017.02.22-08.25.14:435][ 90]LightingResults: New page: Lighting Build
[2017.02.22-08.25.14:436][ 90]LoadErrors: New page: Loading map: Village.umap
[2017.02.22-08.25.14:437][ 90]MapCheck: New page: Map Check
[2017.02.22-08.25.14:437][ 90]LightingResults: New page: Lighting Build
[2017.02.22-08.25.14:588][ 90]LogEditorServer: Finished looking for orphan Actors (0.000 secs)
[2017.02.22-08.25.14:670][ 90]Cmd: MAP CHECKDEP NOCLEARLOG
[2017.02.22-08.25.14:738][ 90]MapCheck: Info Map check complete: 0 Error(s), 0 Warning(s), took 68.405ms to complete.
[2017.02.22-08.25.14:738][ 90]LogFileHelpers: Loading map 'Village' took 0.313
[2017.02.22-08.26.38:625][101]LogEditorViewport: Clicking on Actor (LMB): StaticMeshActor (VansHouse)
[2017.02.22-08.51.52:210][699]LogEditorFactories: Performing atomic reimport of [C:/Users/egimenez/Desktop/VAN/VANsGame/Models/VansHouse/export/VansHouse.FBX]
[2017.02.22-08.51.52:304][699]LogFbx: Loading FBX Scene from C:/Users/egimenez/Desktop/VAN/VANsGame/Models/VansHouse/export/VansHouse.FBX
[2017.02.22-08.51.52:320][699]LogFbx: FBX Scene Loaded Succesfully
[2017.02.22-08.51.52:361][699]LogFbx:Warning: Warning No smoothing group information was found in this FBX scene.  Please make sure to enable the 'Export Smoothing Groups' option in the FBX Exporter plug-in before exporting the file.  Even for tools that don't support smoothing groups, the FBX Exporter will generate appropriate smoothing data at export-time so that correct vertex normals can be inferred while importing.
[2017.02.22-08.51.52:399][699]LogFbx:Warning: Triangulating static mesh Box001
[2017.02.22-08.51.52:693][699]LogStaticMesh: Building static mesh VansHouse...
[2017.02.22-08.51.52:727][699]LogStaticMesh: Built static mesh [0.03s] /Game/Models/VansHouse/VansHouse.VansHouse
[2017.02.22-08.51.52:741][699]LogStaticMesh:Warning: VansHouse has degenerate tangent bases which will result in incorrect shading.  MikkTSpace relies on tangent bases and may result in mesh corruption, consider disabling this option.
[2017.02.22-08.51.52:805][699]LogFbx:Warning: Warning VansHouse has degenerate tangent bases which will result in incorrect shading.  MikkTSpace relies on tangent bases and may result in mesh corruption, consider disabling this option.
[2017.02.22-08.51.52:939][699]LogEditorFactories: -- imported successfully
[2017.02.22-08.51.54:991][911]LogTemp: Repeting last play command: New Editor Window (PIE)
[2017.02.22-08.51.55:074][911]LogPlayLevel: PlayLevel: No blueprints needed recompiling
[2017.02.22-08.51.55:174][911]PIE: New page: PIE session: Village (Feb 22, 2017, 10:51:55 AM)
[2017.02.22-08.51.55:187][911]LogPlayLevel: Creating play world package: /Game/Levels/UEDPIE_0_Village
[2017.02.22-08.51.55:298][911]LogPlayLevel: PIE: StaticDuplicateObject took: (0.111213s)
[2017.02.22-08.51.55:299][911]LogAIModule: Creating AISystem for world Village
[2017.02.22-08.51.55:314][911]LogPlayLevel: PIE: World Init took: (0.015384s)
[2017.02.22-08.51.55:314][911]LogPlayLevel: PIE: Created PIE world by copying editor world from /Game/Levels/Village.Village to /Game/Levels/UEDPIE_0_Village.Village (0.127636s)
[2017.02.22-08.51.55:442][911]LogInit: XAudio2 using 'Speakers (Realtek High Definition Audio)' : 2 channels at 48 kHz using 32 bits per sample (channel mask 0x3)
[2017.02.22-08.51.55:450][911]LogInit: FAudioDevice initialized.
[2017.02.22-08.51.55:579][911]LogLoad: Game class is 'GameModeBase'
[2017.02.22-08.51.55:709][911]LogWorld: Bringing World /Game/Levels/UEDPIE_0_Village.Village up for play (max tick rate 0) at 2017.02.22-09.51.55
[2017.02.22-08.51.55:779][911]LogWorld: Bringing up level for play took: 0.074500
[2017.02.22-08.51.55:949][911]LogContentBrowser: Native class hierarchy updated for 'MovieSceneCapture' in 0.0007 seconds. Added 11 classes and 0 folders.
[2017.02.22-08.51.56:014][911]PIE: Info Play in editor start time for /Game/Levels/UEDPIE_0_Village 0.195
[2017.02.22-08.51.56:238][911]LogRenderer: Reallocating scene render targets to support 1292x756 NumSamples 1 (Frame:11025).
[2017.02.22-08.52.40:601][451]LogPlayLevel: PlayLevel: No blueprints needed recompiling
[2017.02.22-08.52.40:601][451]PIE: New page: PIE session: Village (Feb 22, 2017, 10:52:40 AM)
[2017.02.22-08.52.40:601][451]LogPlayLevel: Creating play world package: /Game/Levels/UEDPIE_0_Village
[2017.02.22-08.52.40:615][451]LogPlayLevel: PIE: StaticDuplicateObject took: (0.013441s)
[2017.02.22-08.52.40:616][451]LogAIModule: Creating AISystem for world Village
[2017.02.22-08.52.40:616][451]LogPlayLevel: PIE: World Init took: (0.000854s)
[2017.02.22-08.52.40:616][451]LogPlayLevel: PIE: Created PIE world by copying editor world from /Game/Levels/Village.Village to /Game/Levels/UEDPIE_0_Village.Village (0.014598s)
[2017.02.22-08.52.40:625][451]LogInit: XAudio2 using 'Speakers (Realtek High Definition Audio)' : 2 channels at 48 kHz using 32 bits per sample (channel mask 0x3)
[2017.02.22-08.52.40:631][451]LogInit: FAudioDevice initialized.
[2017.02.22-08.52.40:906][451]LogLoad: Game class is 'GameModeBase'
[2017.02.22-08.52.40:911][451]LogWorld: Bringing World /Game/Levels/UEDPIE_0_Village.Village up for play (max tick rate 0) at 2017.02.22-09.52.40
[2017.02.22-08.52.40:912][451]LogWorld: Bringing up level for play took: 0.004863
[2017.02.22-08.52.40:913][451]PIE: Info Play in editor start time for /Game/Levels/UEDPIE_0_Village 1.091
[2017.02.22-08.53.07:837][ 97]LogSavePackage: Save=203.99ms
[2017.02.22-08.53.07:837][ 97]LogSavePackage: Moving '../../../../../../Users/egimenez/Desktop/VAN/VANsGame/Mechanics/BasicMechanics/Saved/Village_Auto1DC484BA44452B47006229DA7E0A748F4.tmp' to '../../../../../../Users/egimenez/Desktop/VAN/VANsGame/Mechanics/BasicMechanics/Saved/Autosaves/Game/Levels/Village_Auto1.umap'
[2017.02.22-08.53.07:839][ 97]LogSavePackage:Display: Finished SavePackage ../../../../../../Users/egimenez/Desktop/VAN/VANsGame/Mechanics/BasicMechanics/Saved/Autosaves/Game/Levels/Village_Auto1.umap
[2017.02.22-08.53.07:883][ 97]LogFileHelpers: Editor autosave (incl. sublevels) for '/Game/Levels/Village' took 0.334
[2017.02.22-08.53.07:883][ 97]LogFileHelpers: Editor autosave (incl. sublevels) for all levels took 0.334
[2017.02.22-08.53.07:885][ 97]OBJ SavePackage: Generating thumbnails for [1] asset(s) in package [/Game/Models/VansHouse/VansHouse] ([1] browsable assets)...
[2017.02.22-08.53.07:923][ 97]OBJ SavePackage:     Rendered thumbnail for [StaticMesh /Game/Models/VansHouse/VansHouse.VansHouse]
[2017.02.22-08.53.07:923][ 97]OBJ SavePackage: Finished generating thumbnails for package [/Game/Models/VansHouse/VansHouse]
[2017.02.22-08.53.07:949][ 97]LogSavePackage: Save=13.15ms
[2017.02.22-08.53.07:949][ 97]LogSavePackage: Moving '../../../../../../Users/egimenez/Desktop/VAN/VANsGame/Mechanics/BasicMechanics/Saved/VansHouse_Auto13A90064B4CB0244EDD4A5D83D909F6E4.tmp' to '../../../../../../Users/egimenez/Desktop/VAN/VANsGame/Mechanics/BasicMechanics/Saved/Autosaves/Game/Models/VansHouse/VansHouse_Auto1.uasset'
[2017.02.22-08.53.07:950][ 97]LogSavePackage:Display: Finished SavePackage ../../../../../../Users/egimenez/Desktop/VAN/VANsGame/Mechanics/BasicMechanics/Saved/Autosaves/Game/Models/VansHouse/VansHouse_Auto1.uasset
[2017.02.22-08.53.07:950][ 97]LogFileHelpers: Auto-saving content packages took 0.066
[2017.02.22-08.54.01:287][584]LogEditorFactories: Performing atomic reimport of [C:/Users/egimenez/Desktop/VAN/VANsGame/Models/VansHouse/export/VansHouse.FBX]
[2017.02.22-08.54.01:310][584]LogFbx: Loading FBX Scene from C:/Users/egimenez/Desktop/VAN/VANsGame/Models/VansHouse/export/VansHouse.FBX
[2017.02.22-08.54.01:317][584]LogFbx: FBX Scene Loaded Succesfully
[2017.02.22-08.54.01:319][584]LogFbx:Warning: Warning No smoothing group information was found in this FBX scene.  Please make sure to enable the 'Export Smoothing Groups' option in the FBX Exporter plug-in before exporting the file.  Even for tools that don't support smoothing groups, the FBX Exporter will generate appropriate smoothing data at export-time so that correct vertex normals can be inferred while importing.
[2017.02.22-08.54.01:320][584]LogFbx:Warning: Triangulating static mesh Box001
[2017.02.22-08.54.01:616][584]LogStaticMesh: Building static mesh VansHouse...
[2017.02.22-08.54.01:649][584]LogStaticMesh: Built static mesh [0.03s] /Game/Models/VansHouse/VansHouse.VansHouse
[2017.02.22-08.54.01:654][584]LogStaticMesh:Warning: VansHouse has degenerate tangent bases which will result in incorrect shading.  MikkTSpace relies on tangent bases and may result in mesh corruption, consider disabling this option.
[2017.02.22-08.54.01:656][584]LogFbx:Warning: Warning VansHouse has degenerate tangent bases which will result in incorrect shading.  MikkTSpace relies on tangent bases and may result in mesh corruption, consider disabling this option.
[2017.02.22-08.54.01:663][584]LogEditorFactories: -- imported successfully
[2017.02.22-08.54.02:774][685]LogTemp: Repeting last play command: Selected Viewport
[2017.02.22-08.54.02:814][685]LogPlayLevel: PlayLevel: No blueprints needed recompiling
[2017.02.22-08.54.02:814][685]PIE: New page: PIE session: Village (Feb 22, 2017, 10:54:02 AM)
[2017.02.22-08.54.02:814][685]LogPlayLevel: Creating play world package: /Game/Levels/UEDPIE_0_Village
[2017.02.22-08.54.02:824][685]LogPlayLevel: PIE: StaticDuplicateObject took: (0.009929s)
[2017.02.22-08.54.02:825][685]LogAIModule: Creating AISystem for world Village
[2017.02.22-08.54.02:825][685]LogPlayLevel: PIE: World Init took: (0.000698s)
[2017.02.22-08.54.02:825][685]LogPlayLevel: PIE: Created PIE world by copying editor world from /Game/Levels/Village.Village to /Game/Levels/UEDPIE_0_Village.Village (0.010858s)
[2017.02.22-08.54.02:854][685]LogInit: XAudio2 using 'Speakers (Realtek High Definition Audio)' : 2 channels at 48 kHz using 32 bits per sample (channel mask 0x3)
[2017.02.22-08.54.02:860][685]LogInit: FAudioDevice initialized.
[2017.02.22-08.54.02:890][685]LogLoad: Game class is 'GameModeBase'
[2017.02.22-08.54.02:895][685]LogWorld: Bringing World /Game/Levels/UEDPIE_0_Village.Village up for play (max tick rate 0) at 2017.02.22-09.54.02
[2017.02.22-08.54.02:895][685]LogWorld: Bringing up level for play took: 0.004083
[2017.02.22-08.54.02:896][685]PIE: Info Play in editor start time for /Game/Levels/UEDPIE_0_Village 1.069
[2017.02.22-08.55.19:921][645]LogEditorFactories: Performing atomic reimport of [C:/Users/egimenez/Desktop/VAN/VANsGame/Models/VansHouse/export/VansHouse.FBX]
[2017.02.22-08.55.19:947][645]LogFbx: Loading FBX Scene from C:/Users/egimenez/Desktop/VAN/VANsGame/Models/VansHouse/export/VansHouse.FBX
[2017.02.22-08.55.19:954][645]LogFbx: FBX Scene Loaded Succesfully
[2017.02.22-08.55.19:956][645]LogFbx:Warning: Warning No smoothing group information was found in this FBX scene.  Please make sure to enable the 'Export Smoothing Groups' option in the FBX Exporter plug-in before exporting the file.  Even for tools that don't support smoothing groups, the FBX Exporter will generate appropriate smoothing data at export-time so that correct vertex normals can be inferred while importing.
[2017.02.22-08.55.19:957][645]LogFbx:Warning: Triangulating static mesh Box001
[2017.02.22-08.55.20:254][645]LogStaticMesh: Building static mesh VansHouse...
[2017.02.22-08.55.20:317][645]LogStaticMesh: Built static mesh [0.06s] /Game/Models/VansHouse/VansHouse.VansHouse
[2017.02.22-08.55.20:360][645]LogStaticMesh:Warning: VansHouse has degenerate tangent bases which will result in incorrect shading.  MikkTSpace relies on tangent bases and may result in mesh corruption, consider disabling this option.
[2017.02.22-08.55.20:365][645]LogFbx:Warning: Warning VansHouse has degenerate tangent bases which will result in incorrect shading.  MikkTSpace relies on tangent bases and may result in mesh corruption, consider disabling this option.
[2017.02.22-08.55.20:380][645]LogEditorFactories: -- imported successfully
[2017.02.22-08.55.21:375][736]LogTemp: Repeting last play command: Selected Viewport
[2017.02.22-08.55.21:413][736]LogPlayLevel: PlayLevel: No blueprints needed recompiling
[2017.02.22-08.55.21:413][736]PIE: New page: PIE session: Village (Feb 22, 2017, 10:55:21 AM)
[2017.02.22-08.55.21:413][736]LogPlayLevel: Creating play world package: /Game/Levels/UEDPIE_0_Village
[2017.02.22-08.55.21:424][736]LogPlayLevel: PIE: StaticDuplicateObject took: (0.010073s)
[2017.02.22-08.55.21:424][736]LogAIModule: Creating AISystem for world Village
[2017.02.22-08.55.21:424][736]LogPlayLevel: PIE: World Init took: (0.000629s)
[2017.02.22-08.55.21:424][736]LogPlayLevel: PIE: Created PIE world by copying editor world from /Game/Levels/Village.Village to /Game/Levels/UEDPIE_0_Village.Village (0.010922s)
[2017.02.22-08.55.21:435][736]LogInit: XAudio2 using 'Speakers (Realtek High Definition Audio)' : 2 channels at 48 kHz using 32 bits per sample (channel mask 0x3)
[2017.02.22-08.55.21:442][736]LogInit: FAudioDevice initialized.
[2017.02.22-08.55.21:470][736]LogLoad: Game class is 'GameModeBase'
[2017.02.22-08.55.21:477][736]LogWorld: Bringing World /Game/Levels/UEDPIE_0_Village.Village up for play (max tick rate 0) at 2017.02.22-09.55.21
[2017.02.22-08.55.21:478][736]LogWorld: Bringing up level for play took: 0.006119
[2017.02.22-08.55.21:480][736]PIE: Info Play in editor start time for /Game/Levels/UEDPIE_0_Village -0.352
[2017.02.22-08.55.56:801][719]LogSavePackage: Save=101.67ms
[2017.02.22-08.55.56:801][719]LogSavePackage: Moving '../../../../../../Users/egimenez/Desktop/VAN/VANsGame/Mechanics/BasicMechanics/Saved/VillageB83F431D4BF8834BCE4FCE8ECC6FF3DE.tmp' to '../../../../../../Users/egimenez/Desktop/VAN/VANsGame/Mechanics/BasicMechanics/Content/Levels/Village.umap'
[2017.02.22-08.55.56:807][719]LogSavePackage:Display: Finished SavePackage ../../../../../../Users/egimenez/Desktop/VAN/VANsGame/Mechanics/BasicMechanics/Content/Levels/Village.umap
[2017.02.22-08.55.57:102][719]LogFileHelpers: Saving map 'Village' took 0.550
[2017.02.22-08.55.57:147][719]Cmd: OBJ SAVEPACKAGE PACKAGE="/Game/Models/VansHouse/VansHouse" FILE="../../../../../../Users/egimenez/Desktop/VAN/VANsGame/Mechanics/BasicMechanics/Content/Models/VansHouse/VansHouse.uasset" SILENT=true
[2017.02.22-08.55.57:199][719]LogSavePackage: Save=29.76ms
[2017.02.22-08.55.57:199][719]LogSavePackage: Moving '../../../../../../Users/egimenez/Desktop/VAN/VANsGame/Mechanics/BasicMechanics/Saved/VansHouse27810CE64D0F0C71903F17874ECD3814.tmp' to '../../../../../../Users/egimenez/Desktop/VAN/VANsGame/Mechanics/BasicMechanics/Content/Models/VansHouse/VansHouse.uasset'
[2017.02.22-08.55.57:251][719]LogSavePackage:Display: Finished SavePackage ../../../../../../Users/egimenez/Desktop/VAN/VANsGame/Mechanics/BasicMechanics/Content/Models/VansHouse/VansHouse.uasset
[2017.02.22-09.16.43:629][827]LogEditorFactories: Performing atomic reimport of [C:/Users/egimenez/Desktop/VAN/VANsGame/Models/VansHouse/export/VansHouse.FBX]
[2017.02.22-09.16.43:651][827]LogFbx: Loading FBX Scene from C:/Users/egimenez/Desktop/VAN/VANsGame/Models/VansHouse/export/VansHouse.FBX
[2017.02.22-09.16.43:661][827]LogFbx: FBX Scene Loaded Succesfully
[2017.02.22-09.16.43:666][827]LogFbx:Warning: Warning No smoothing group information was found in this FBX scene.  Please make sure to enable the 'Export Smoothing Groups' option in the FBX Exporter plug-in before exporting the file.  Even for tools that don't support smoothing groups, the FBX Exporter will generate appropriate smoothing data at export-time so that correct vertex normals can be inferred while importing.
[2017.02.22-09.16.43:667][827]LogFbx:Warning: Triangulating static mesh Box001
[2017.02.22-09.16.43:940][827]LogStaticMesh: Building static mesh VansHouse...
[2017.02.22-09.16.43:983][827]LogStaticMesh: Built static mesh [0.04s] /Game/Models/VansHouse/VansHouse.VansHouse
[2017.02.22-09.16.43:988][827]LogStaticMesh:Warning: VansHouse has degenerate tangent bases which will result in incorrect shading.  MikkTSpace relies on tangent bases and may result in mesh corruption, consider disabling this option.
[2017.02.22-09.16.44:008][827]LogFbx:Warning: Warning VansHouse has degenerate tangent bases which will result in incorrect shading.  MikkTSpace relies on tangent bases and may result in mesh corruption, consider disabling this option.
[2017.02.22-09.16.44:017][827]LogEditorFactories: -- imported successfully
[2017.02.22-09.16.44:713][886]LogTemp: Repeting last play command: Selected Viewport
[2017.02.22-09.16.44:753][886]LogPlayLevel: PlayLevel: No blueprints needed recompiling
[2017.02.22-09.16.44:753][886]PIE: New page: PIE session: Village (Feb 22, 2017, 11:16:44 AM)
[2017.02.22-09.16.44:754][886]LogPlayLevel: Creating play world package: /Game/Levels/UEDPIE_0_Village
[2017.02.22-09.16.44:769][886]LogPlayLevel: PIE: StaticDuplicateObject took: (0.015752s)
[2017.02.22-09.16.44:770][886]LogAIModule: Creating AISystem for world Village
[2017.02.22-09.16.44:770][886]LogPlayLevel: PIE: World Init took: (0.000787s)
[2017.02.22-09.16.44:770][886]LogPlayLevel: PIE: Created PIE world by copying editor world from /Game/Levels/Village.Village to /Game/Levels/UEDPIE_0_Village.Village (0.016872s)
[2017.02.22-09.16.44:780][886]LogInit: XAudio2 using 'Speakers (Realtek High Definition Audio)' : 2 channels at 48 kHz using 32 bits per sample (channel mask 0x3)
[2017.02.22-09.16.44:788][886]LogInit: FAudioDevice initialized.
[2017.02.22-09.16.44:817][886]LogLoad: Game class is 'GameModeBase'
[2017.02.22-09.16.44:823][886]LogWorld: Bringing World /Game/Levels/UEDPIE_0_Village.Village up for play (max tick rate 0) at 2017.02.22-10.16.44
[2017.02.22-09.16.44:823][886]LogWorld: Bringing up level for play took: 0.004417
[2017.02.22-09.16.44:824][886]PIE: Info Play in editor start time for /Game/Levels/UEDPIE_0_Village 0.914
[2017.02.22-09.17.07:463][490]LogSavePackage: Save=92.53ms
[2017.02.22-09.17.07:463][490]LogSavePackage: Moving '../../../../../../Users/egimenez/Desktop/VAN/VANsGame/Mechanics/BasicMechanics/Saved/Village835EE10C491CDE151275B480D1BE1834.tmp' to '../../../../../../Users/egimenez/Desktop/VAN/VANsGame/Mechanics/BasicMechanics/Content/Levels/Village.umap'
[2017.02.22-09.17.07:470][490]LogSavePackage:Display: Finished SavePackage ../../../../../../Users/egimenez/Desktop/VAN/VANsGame/Mechanics/BasicMechanics/Content/Levels/Village.umap
[2017.02.22-09.17.07:540][490]LogFileHelpers: Saving map 'Village' took 0.254
[2017.02.22-09.17.07:558][490]Cmd: OBJ SAVEPACKAGE PACKAGE="/Game/Models/VansHouse/VansHouse" FILE="../../../../../../Users/egimenez/Desktop/VAN/VANsGame/Mechanics/BasicMechanics/Content/Models/VansHouse/VansHouse.uasset" SILENT=true
[2017.02.22-09.17.07:584][490]LogSavePackage: Save=12.91ms
[2017.02.22-09.17.07:584][490]LogSavePackage: Moving '../../../../../../Users/egimenez/Desktop/VAN/VANsGame/Mechanics/BasicMechanics/Saved/VansHouse26383BAA4A9FCBA28DA0D2AA13AF7974.tmp' to '../../../../../../Users/egimenez/Desktop/VAN/VANsGame/Mechanics/BasicMechanics/Content/Models/VansHouse/VansHouse.uasset'
[2017.02.22-09.17.07:587][490]LogSavePackage:Display: Finished SavePackage ../../../../../../Users/egimenez/Desktop/VAN/VANsGame/Mechanics/BasicMechanics/Content/Models/VansHouse/VansHouse.uasset
[2017.02.22-09.26.23:165][102]LogEditorFactories: Performing atomic reimport of [C:/Users/egimenez/Desktop/VAN/VANsGame/Models/VansHouse/export/VansHouse.FBX]
[2017.02.22-09.26.23:186][102]LogFbx: Loading FBX Scene from C:/Users/egimenez/Desktop/VAN/VANsGame/Models/VansHouse/export/VansHouse.FBX
[2017.02.22-09.26.23:213][102]LogFbx: FBX Scene Loaded Succesfully
[2017.02.22-09.26.23:215][102]LogFbx:Warning: Warning No smoothing group information was found in this FBX scene.  Please make sure to enable the 'Export Smoothing Groups' option in the FBX Exporter plug-in before exporting the file.  Even for tools that don't support smoothing groups, the FBX Exporter will generate appropriate smoothing data at export-time so that correct vertex normals can be inferred while importing.
[2017.02.22-09.26.23:216][102]LogFbx:Warning: Triangulating static mesh Box001
[2017.02.22-09.26.23:426][102]LogFbx:Warning: Triangulating static mesh Box004
[2017.02.22-09.26.23:443][102]LogStaticMesh: Building static mesh VansHouse...
[2017.02.22-09.26.23:478][102]LogStaticMesh: Built static mesh [0.04s] /Game/Models/VansHouse/VansHouse.VansHouse
[2017.02.22-09.26.23:483][102]LogStaticMesh:Warning: VansHouse has degenerate tangent bases which will result in incorrect shading.  MikkTSpace relies on tangent bases and may result in mesh corruption, consider disabling this option.
[2017.02.22-09.26.23:485][102]LogFbx:Warning: Warning VansHouse has degenerate tangent bases which will result in incorrect shading.  MikkTSpace relies on tangent bases and may result in mesh corruption, consider disabling this option.
[2017.02.22-09.26.23:492][102]LogEditorFactories: -- imported successfully
[2017.02.22-09.26.25:614][316]LogTemp: Repeting last play command: Selected Viewport
[2017.02.22-09.26.25:647][316]LogPlayLevel: PlayLevel: No blueprints needed recompiling
[2017.02.22-09.26.25:647][316]PIE: New page: PIE session: Village (Feb 22, 2017, 11:26:25 AM)
[2017.02.22-09.26.25:647][316]LogPlayLevel: Creating play world package: /Game/Levels/UEDPIE_0_Village
[2017.02.22-09.26.25:657][316]LogPlayLevel: PIE: StaticDuplicateObject took: (0.010238s)
[2017.02.22-09.26.25:658][316]LogAIModule: Creating AISystem for world Village
[2017.02.22-09.26.25:658][316]LogPlayLevel: PIE: World Init took: (0.000736s)
[2017.02.22-09.26.25:658][316]LogPlayLevel: PIE: Created PIE world by copying editor world from /Game/Levels/Village.Village to /Game/Levels/UEDPIE_0_Village.Village (0.011202s)
[2017.02.22-09.26.25:669][316]LogInit: XAudio2 using 'Speakers (Realtek High Definition Audio)' : 2 channels at 48 kHz using 32 bits per sample (channel mask 0x3)
[2017.02.22-09.26.25:676][316]LogInit: FAudioDevice initialized.
[2017.02.22-09.26.25:704][316]LogLoad: Game class is 'GameModeBase'
[2017.02.22-09.26.25:709][316]LogWorld: Bringing World /Game/Levels/UEDPIE_0_Village.Village up for play (max tick rate 0) at 2017.02.22-10.26.25
[2017.02.22-09.26.25:710][316]LogWorld: Bringing up level for play took: 0.004440
[2017.02.22-09.26.25:726][316]PIE: Info Play in editor start time for /Game/Levels/UEDPIE_0_Village -0.219
[2017.02.22-09.27.39:226][239]LogSavePackage: Save=76.97ms
[2017.02.22-09.27.39:226][239]LogSavePackage: Moving '../../../../../../Users/egimenez/Desktop/VAN/VANsGame/Mechanics/BasicMechanics/Saved/Village_Auto2D1C08DA04F4D840AA87E90981041A425.tmp' to '../../../../../../Users/egimenez/Desktop/VAN/VANsGame/Mechanics/BasicMechanics/Saved/Autosaves/Game/Levels/Village_Auto2.umap'
[2017.02.22-09.27.39:228][239]LogSavePackage:Display: Finished SavePackage ../../../../../../Users/egimenez/Desktop/VAN/VANsGame/Mechanics/BasicMechanics/Saved/Autosaves/Game/Levels/Village_Auto2.umap
[2017.02.22-09.27.39:230][239]LogFileHelpers: Editor autosave (incl. sublevels) for '/Game/Levels/Village' took 0.107
[2017.02.22-09.27.39:230][239]LogFileHelpers: Editor autosave (incl. sublevels) for all levels took 0.107
[2017.02.22-09.27.39:243][239]OBJ SavePackage: Generating thumbnails for [1] asset(s) in package [/Game/Models/VansHouse/VansHouse] ([1] browsable assets)...
[2017.02.22-09.27.39:259][239]OBJ SavePackage:     Rendered thumbnail for [StaticMesh /Game/Models/VansHouse/VansHouse.VansHouse]
[2017.02.22-09.27.39:259][239]OBJ SavePackage: Finished generating thumbnails for package [/Game/Models/VansHouse/VansHouse]
[2017.02.22-09.27.39:284][239]LogSavePackage: Save=12.32ms
[2017.02.22-09.27.39:284][239]LogSavePackage: Moving '../../../../../../Users/egimenez/Desktop/VAN/VANsGame/Mechanics/BasicMechanics/Saved/VansHouse_Auto2002EE4864C7F05353EBD90A329AA90FE.tmp' to '../../../../../../Users/egimenez/Desktop/VAN/VANsGame/Mechanics/BasicMechanics/Saved/Autosaves/Game/Models/VansHouse/VansHouse_Auto2.uasset'
[2017.02.22-09.27.39:285][239]LogSavePackage:Display: Finished SavePackage ../../../../../../Users/egimenez/Desktop/VAN/VANsGame/Mechanics/BasicMechanics/Saved/Autosaves/Game/Models/VansHouse/VansHouse_Auto2.uasset
[2017.02.22-09.27.39:285][239]LogFileHelpers: Auto-saving content packages took 0.043
[2017.02.22-09.30.53:551][990]LogEditorFactories: Performing atomic reimport of [C:/Users/egimenez/Desktop/VAN/VANsGame/Models/VansHouse/export/VansHouse.FBX]
[2017.02.22-09.30.53:584][990]LogFbx: Loading FBX Scene from C:/Users/egimenez/Desktop/VAN/VANsGame/Models/VansHouse/export/VansHouse.FBX
[2017.02.22-09.30.53:591][990]LogFbx: FBX Scene Loaded Succesfully
[2017.02.22-09.30.53:593][990]LogFbx:Warning: Warning No smoothing group information was found in this FBX scene.  Please make sure to enable the 'Export Smoothing Groups' option in the FBX Exporter plug-in before exporting the file.  Even for tools that don't support smoothing groups, the FBX Exporter will generate appropriate smoothing data at export-time so that correct vertex normals can be inferred while importing.
[2017.02.22-09.30.53:594][990]LogFbx:Warning: Triangulating static mesh Box001
[2017.02.22-09.30.53:812][990]LogFbx:Warning: Triangulating static mesh Box004
[2017.02.22-09.30.53:841][990]LogStaticMesh: Building static mesh VansHouse...
[2017.02.22-09.30.53:879][990]LogStaticMesh: Built static mesh [0.04s] /Game/Models/VansHouse/VansHouse.VansHouse
[2017.02.22-09.30.53:884][990]LogStaticMesh:Warning: VansHouse has degenerate tangent bases which will result in incorrect shading.  MikkTSpace relies on tangent bases and may result in mesh corruption, consider disabling this option.
[2017.02.22-09.30.53:887][990]LogFbx:Warning: Warning VansHouse has degenerate tangent bases which will result in incorrect shading.  MikkTSpace relies on tangent bases and may result in mesh corruption, consider disabling this option.
[2017.02.22-09.30.53:894][990]LogEditorFactories: -- imported successfully
[2017.02.22-09.30.55:125][108]LogTemp: Repeting last play command: Selected Viewport
[2017.02.22-09.30.55:158][108]LogPlayLevel: PlayLevel: No blueprints needed recompiling
[2017.02.22-09.30.55:159][108]PIE: New page: PIE session: Village (Feb 22, 2017, 11:30:55 AM)
[2017.02.22-09.30.55:159][108]LogPlayLevel: Creating play world package: /Game/Levels/UEDPIE_0_Village
[2017.02.22-09.30.55:169][108]LogPlayLevel: PIE: StaticDuplicateObject took: (0.010388s)
[2017.02.22-09.30.55:170][108]LogAIModule: Creating AISystem for world Village
[2017.02.22-09.30.55:170][108]LogPlayLevel: PIE: World Init took: (0.000742s)
[2017.02.22-09.30.55:170][108]LogPlayLevel: PIE: Created PIE world by copying editor world from /Game/Levels/Village.Village to /Game/Levels/UEDPIE_0_Village.Village (0.011362s)
[2017.02.22-09.30.55:181][108]LogInit: XAudio2 using 'Speakers (Realtek High Definition Audio)' : 2 channels at 48 kHz using 32 bits per sample (channel mask 0x3)
[2017.02.22-09.30.55:187][108]LogInit: FAudioDevice initialized.
[2017.02.22-09.30.55:217][108]LogLoad: Game class is 'GameModeBase'
[2017.02.22-09.30.55:222][108]LogWorld: Bringing World /Game/Levels/UEDPIE_0_Village.Village up for play (max tick rate 0) at 2017.02.22-10.30.55
[2017.02.22-09.30.55:222][108]LogWorld: Bringing up level for play took: 0.004216
[2017.02.22-09.30.55:224][108]PIE: Info Play in editor start time for /Game/Levels/UEDPIE_0_Village -0.738
[2017.02.22-09.31.09:994][767]LogSavePackage: Save=84.48ms
[2017.02.22-09.31.09:995][767]LogSavePackage: Moving '../../../../../../Users/egimenez/Desktop/VAN/VANsGame/Mechanics/BasicMechanics/Saved/Village0B3706CF4406191234080A8AADFC92F0.tmp' to '../../../../../../Users/egimenez/Desktop/VAN/VANsGame/Mechanics/BasicMechanics/Content/Levels/Village.umap'
[2017.02.22-09.31.10:000][767]LogSavePackage:Display: Finished SavePackage ../../../../../../Users/egimenez/Desktop/VAN/VANsGame/Mechanics/BasicMechanics/Content/Levels/Village.umap
[2017.02.22-09.31.10:088][767]LogFileHelpers: Saving map 'Village' took 0.265
[2017.02.22-09.31.10:106][767]Cmd: OBJ SAVEPACKAGE PACKAGE="/Game/Models/VansHouse/VansHouse" FILE="../../../../../../Users/egimenez/Desktop/VAN/VANsGame/Mechanics/BasicMechanics/Content/Models/VansHouse/VansHouse.uasset" SILENT=true
[2017.02.22-09.31.10:126][767]LogSavePackage: Save=12.29ms
[2017.02.22-09.31.10:126][767]LogSavePackage: Moving '../../../../../../Users/egimenez/Desktop/VAN/VANsGame/Mechanics/BasicMechanics/Saved/VansHouse9212AAD0409DDDF33B44F2930AFE14D4.tmp' to '../../../../../../Users/egimenez/Desktop/VAN/VANsGame/Mechanics/BasicMechanics/Content/Models/VansHouse/VansHouse.uasset'
[2017.02.22-09.31.10:128][767]LogSavePackage:Display: Finished SavePackage ../../../../../../Users/egimenez/Desktop/VAN/VANsGame/Mechanics/BasicMechanics/Content/Models/VansHouse/VansHouse.uasset
[2017.02.22-09.31.12:195][883]Cmd: QUIT_EDITOR
[2017.02.22-09.31.12:869][883]LogExit: Preparing to exit.
[2017.02.22-09.31.14:152][883]LogDirectoryWatcher: A directory notification for 'C:/Users/egimenez/Desktop/VAN/VANsGame/Mechanics/BasicMechanics/Content/' was aborted.
[2017.02.22-09.31.14:268][883]LogExit: Editor shut down
[2017.02.22-09.31.14:269][883]LogExit: Transaction tracking system shut down
[2017.02.22-09.31.17:130][883]LogObj: Freed 0b from 0 cluster array pools.
[2017.02.22-09.31.17:140][883]LogExit: Object subsystem successfully closed.
[2017.02.22-09.31.17:335][883]LogD3D11RHI: Shutdown
[2017.02.22-09.31.17:347][883]LogD3D11RHI: CleanupD3DDevice
[2017.02.22-09.31.17:982][883]LogD3D11RHI: ~FD3D11DynamicRHI
[2017.02.22-09.31.18:991][883]LogHttp:Display: Http module shutting down, but needs to wait on 1 outstanding Http requests:
[2017.02.22-09.31.18:991][883]LogHttp:Display: 	verb=[POST] url=[https://datarouter.ol.epicgames.com/datarouter/api/v1/public/data?SessionID=%7B961B1F67-40C5-DEE2-ADEA-DEBC4203833A%7D&AppID=UEEditor.Rocket.Release&AppVersion=4.14.3-3249277%2B%2B%2BUE4%2BRelease-4.14&UserID=2f021e9640f34e1b79125c885e74038b%7Ca87b32ece6994b04a16f0bd7f6ed0b63%7Ce7b4e52c-2add-4ef6-a14c-b99df0828af2&AppEnvironment=datacollector-binary&UploadType=eteventstream] status=Processing
[2017.02.22-09.31.19:110][883]LogModuleManager: Shutting down and abandoning module MovieSceneCapture (242)
[2017.02.22-09.31.19:124][883]LogModuleManager: Shutting down and abandoning module HierarchicalLODOutliner (241)
[2017.02.22-09.31.19:132][883]LogModuleManager: Shutting down and abandoning module CrashTracker (240)
[2017.02.22-09.31.19:146][883]LogModuleManager: Shutting down and abandoning module SceneOutliner (239)
[2017.02.22-09.31.19:146][883]LogModuleManager: Shutting down and abandoning module WidgetCarousel (238)
[2017.02.22-09.31.19:146][883]LogModuleManager: Shutting down and abandoning module AddContentDialog (237)
[2017.02.22-09.31.19:181][883]LogDirectoryWatcher: A directory notification for 'C:/Program Files (x86)/Epic Games/4.14/FeaturePacks/' was aborted.
[2017.02.22-09.31.19:183][883]LogModuleManager: Shutting down and abandoning module GameplayTags (236)
[2017.02.22-09.31.19:183][883]LogModuleManager: Shutting down and abandoning module EditorWidgets (235)
[2017.02.22-09.31.19:183][883]LogModuleManager: Shutting down and abandoning module CollectionManager (234)
[2017.02.22-09.31.19:197][883]LogDirectoryWatcher: A directory notification for 'C:/Users/egimenez/Desktop/VAN/VANsGame/Mechanics/BasicMechanics/Content/Collections/' was aborted.
[2017.02.22-09.31.19:198][883]LogDirectoryWatcher: A directory notification for 'C:/Users/egimenez/Desktop/VAN/VANsGame/Mechanics/BasicMechanics/Content/Developers/egimenez/Collections/' was aborted.
[2017.02.22-09.31.19:198][883]LogDirectoryWatcher: A directory notification for 'C:/Users/egimenez/Desktop/VAN/VANsGame/Mechanics/BasicMechanics/Saved/Collections/' was aborted.
[2017.02.22-09.31.19:198][883]LogModuleManager: Shutting down and abandoning module StatsViewer (233)
[2017.02.22-09.31.19:199][883]LogModuleManager: Shutting down and abandoning module FoliageEdit (232)
[2017.02.22-09.31.19:199][883]LogModuleManager: Shutting down and abandoning module LandscapeEditor (231)
[2017.02.22-09.31.19:219][883]LogModuleManager: Shutting down and abandoning module SceneDepthPickerMode (230)
[2017.02.22-09.31.19:219][883]LogModuleManager: Shutting down and abandoning module ActorPickerMode (229)
[2017.02.22-09.31.19:219][883]LogModuleManager: Shutting down and abandoning module GeometryMode (228)
[2017.02.22-09.31.19:219][883]LogModuleManager: Shutting down and abandoning module TextureAlignMode (227)
[2017.02.22-09.31.19:220][883]LogModuleManager: Shutting down and abandoning module BspMode (226)
[2017.02.22-09.31.19:237][883]LogModuleManager: Shutting down and abandoning module HardwareSurvey (225)
[2017.02.22-09.31.19:248][883]LogModuleManager: Shutting down and abandoning module SequenceRecorderSections (224)
[2017.02.22-09.31.19:260][883]LogModuleManager: Shutting down and abandoning module AutomationWorker (223)
[2017.02.22-09.31.19:277][883]LogModuleManager: Shutting down and abandoning module MatineeToLevelSequence (222)
[2017.02.22-09.31.19:289][883]LogModuleManager: Shutting down and abandoning module PlacementMode (221)
[2017.02.22-09.31.19:299][883]LogModuleManager: Shutting down and abandoning module LevelSequenceEditor (220)
[2017.02.22-09.31.19:355][883]LogModuleManager: Shutting down and abandoning module WmfMediaFactory (219)
[2017.02.22-09.31.19:355][883]LogModuleManager: Shutting down and abandoning module WmfMediaEditor (218)
[2017.02.22-09.31.19:355][883]LogModuleManager: Shutting down and abandoning module AvfMediaFactory (217)
[2017.02.22-09.31.19:355][883]LogModuleManager: Shutting down and abandoning module AvfMediaEditor (216)
[2017.02.22-09.31.19:356][883]LogModuleManager: Shutting down and abandoning module Media (215)
[2017.02.22-09.31.19:356][883]LogModuleManager: Shutting down and abandoning module AndroidMediaFactory (214)
[2017.02.22-09.31.19:356][883]LogModuleManager: Shutting down and abandoning module AndroidMediaEditor (213)
[2017.02.22-09.31.19:356][883]LogModuleManager: Shutting down and abandoning module CharacterAI (212)
[2017.02.22-09.31.19:356][883]LogModuleManager: Shutting down and abandoning module SequenceRecorder (211)
[2017.02.22-09.31.19:398][883]LogModuleManager: Shutting down and abandoning module AudioCapture (210)
[2017.02.22-09.31.19:398][883]LogModuleManager: Shutting down and abandoning module SmartSnapping (209)
[2017.02.22-09.31.19:399][883]LogModuleManager: Shutting down and abandoning module SessionServices (208)
[2017.02.22-09.31.19:399][883]LogModuleManager: Shutting down and abandoning module ViewportSnapping (207)
[2017.02.22-09.31.19:399][883]LogModuleManager: Shutting down and abandoning module ViewportInteraction (206)
[2017.02.22-09.31.19:399][883]LogModuleManager: Shutting down and abandoning module LogVisualizer (205)
[2017.02.22-09.31.19:418][883]LogModuleManager: Shutting down and abandoning module GameProjectGeneration (204)
[2017.02.22-09.31.19:439][883]LogModuleManager: Shutting down and abandoning module IntroTutorials (203)
[2017.02.22-09.31.19:446][883]LogModuleManager: Shutting down and abandoning module EditorLiveStreaming (202)
[2017.02.22-09.31.19:446][883]LogModuleManager: Shutting down and abandoning module IOSPlatformEditor (201)
[2017.02.22-09.31.19:451][883]LogModuleManager: Shutting down and abandoning module HTML5PlatformEditor (200)
[2017.02.22-09.31.19:451][883]LogModuleManager: Shutting down and abandoning module AndroidDeviceDetection (199)
[2017.02.22-09.31.19:746][883]LogModuleManager: Shutting down and abandoning module AndroidPlatformEditor (198)
[2017.02.22-09.31.19:760][883]LogModuleManager: Shutting down and abandoning module IOSRuntimeSettings (197)
[2017.02.22-09.31.19:760][883]LogModuleManager: Shutting down and abandoning module AndroidRuntimeSettings (196)
[2017.02.22-09.31.19:760][883]LogModuleManager: Shutting down and abandoning module InputBindingEditor (195)
[2017.02.22-09.31.19:772][883]LogModuleManager: Shutting down and abandoning module NiagaraEditor (194)
[2017.02.22-09.31.19:801][883]LogModuleManager: Shutting down and abandoning module MergeActors (193)
[2017.02.22-09.31.19:820][883]LogModuleManager: Shutting down and abandoning module SizeMap (192)
[2017.02.22-09.31.19:830][883]LogModuleManager: Shutting down and abandoning module TreeMap (191)
[2017.02.22-09.31.19:851][883]LogModuleManager: Shutting down and abandoning module ReferenceViewer (190)
[2017.02.22-09.31.19:851][883]LogModuleManager: Shutting down and abandoning module LocalizationService (189)
[2017.02.22-09.31.19:861][883]LogModuleManager: Shutting down and abandoning module LocalizationDashboard (188)
[2017.02.22-09.31.19:877][883]LogModuleManager: Shutting down and abandoning module HardwareTargeting (187)
[2017.02.22-09.31.19:890][883]LogModuleManager: Shutting down and abandoning module DeviceProfileEditor (186)
[2017.02.22-09.31.19:896][883]LogModuleManager: Shutting down and abandoning module UndoHistory (185)
[2017.02.22-09.31.19:909][883]LogModuleManager: Shutting down and abandoning module UserFeedback (184)
[2017.02.22-09.31.19:909][883]LogModuleManager: Shutting down and abandoning module XmlParser (183)
[2017.02.22-09.31.19:924][883]LogModuleManager: Shutting down and abandoning module Blutility (182)
[2017.02.22-09.31.19:941][883]LogModuleManager: Shutting down and abandoning module ProjectTargetPlatformEditor (181)
[2017.02.22-09.31.19:941][883]LogModuleManager: Shutting down and abandoning module ProjectSettingsViewer (180)
[2017.02.22-09.31.19:941][883]LogModuleManager: Shutting down and abandoning module EditorSettingsViewer (179)
[2017.02.22-09.31.19:941][883]LogModuleManager: Shutting down and abandoning module SettingsEditor (178)
[2017.02.22-09.31.19:950][883]LogModuleManager: Shutting down and abandoning module ProjectLauncher (177)
[2017.02.22-09.31.19:974][883]LogModuleManager: Shutting down and abandoning module SessionFrontend (176)
[2017.02.22-09.31.19:996][883]LogModuleManager: Shutting down and abandoning module ProfilerClient (175)
[2017.02.22-09.31.20:018][883]LogModuleManager: Shutting down and abandoning module TargetDeviceServices (174)
[2017.02.22-09.31.20:018][883]LogModuleManager: Shutting down and abandoning module DeviceManager (173)
[2017.02.22-09.31.20:079][883]LogModuleManager: Shutting down and abandoning module AutomationController (172)
[2017.02.22-09.31.20:102][883]LogModuleManager: Shutting down and abandoning module AutomationWindow (171)
[2017.02.22-09.31.20:120][883]LogModuleManager: Shutting down and abandoning module Layers (170)
[2017.02.22-09.31.20:144][883]LogModuleManager: Shutting down and abandoning module ComponentVisualizers (169)
[2017.02.22-09.31.20:144][883]LogModuleManager: Shutting down and abandoning module DetailCustomizations (168)
[2017.02.22-09.31.20:171][883]LogModuleManager: Shutting down and abandoning module PackagesDialog (167)
[2017.02.22-09.31.20:171][883]LogModuleManager: Shutting down and abandoning module AnimGraph (166)
[2017.02.22-09.31.20:171][883]LogModuleManager: Shutting down and abandoning module Persona (165)
[2017.02.22-09.31.20:192][883]LogModuleManager: Shutting down and abandoning module Kismet (164)
[2017.02.22-09.31.20:205][883]LogModuleManager: Shutting down and abandoning module GraphEditor (163)
[2017.02.22-09.31.20:246][883]LogModuleManager: Shutting down and abandoning module ClassViewer (162)
[2017.02.22-09.31.20:269][883]LogModuleManager: Shutting down and abandoning module Toolbox (161)
[2017.02.22-09.31.20:282][883]LogModuleManager: Shutting down and abandoning module ModuleUI (160)
[2017.02.22-09.31.20:297][883]LogModuleManager: Shutting down and abandoning module MovieSceneTools (159)
[2017.02.22-09.31.20:347][883]LogModuleManager: Shutting down and abandoning module OutputLog (158)
[2017.02.22-09.31.20:529][883]LogModuleManager: Shutting down and abandoning module GammaUI (157)
[2017.02.22-09.31.20:549][883]LogModuleManager: Shutting down and abandoning module Documentation (156)
[2017.02.22-09.31.20:550][883]LogModuleManager: Shutting down and abandoning module Niagara (155)
[2017.02.22-09.31.20:550][883]LogModuleManager: Shutting down and abandoning module StreamingPauseRendering (154)
[2017.02.22-09.31.20:550][883]LogModuleManager: Shutting down and abandoning module AnalyticsET (153)
[2017.02.22-09.31.20:550][883]LogModuleManager: Shutting down and abandoning module PortalServices (152)
[2017.02.22-09.31.20:550][883]LogModuleManager: Shutting down and abandoning module PortalRpc (151)
[2017.02.22-09.31.20:550][883]LogModuleManager: Shutting down and abandoning module MessagingRpc (150)
[2017.02.22-09.31.20:550][883]LogModuleManager: Shutting down and abandoning module GameplayDebugger (149)
[2017.02.22-09.31.20:550][883]LogModuleManager: Shutting down and abandoning module AITestSuite (148)
[2017.02.22-09.31.20:563][883]LogModuleManager: Shutting down and abandoning module AIModule (147)
[2017.02.22-09.31.20:563][883]LogModuleManager: Shutting down and abandoning module ProfilerService (146)
[2017.02.22-09.31.20:759][883]LogModuleManager: Shutting down and abandoning module TaskGraph (145)
[2017.02.22-09.31.20:779][883]LogModuleManager: Shutting down and abandoning module SlateRemote (144)
[2017.02.22-09.31.20:779][883]LogModuleManager: Shutting down and abandoning module SteamVRController (143)
[2017.02.22-09.31.20:779][883]LogModuleManager: Shutting down and abandoning module SteamVR (142)
[2017.02.22-09.31.20:780][883]LogModuleManager: Shutting down and abandoning module ProceduralMeshComponentEditor (141)
[2017.02.22-09.31.20:796][883]LogModuleManager: Shutting down and abandoning module ProceduralMeshComponent (140)
[2017.02.22-09.31.20:814][883]LogModuleManager: Shutting down and abandoning module OculusLibrary (139)
[2017.02.22-09.31.20:814][883]LogModuleManager: Shutting down and abandoning module OculusInput (138)
[2017.02.22-09.31.20:814][883]LogModuleManager: Shutting down and abandoning module MobilePatchingUtils (137)
[2017.02.22-09.31.20:814][883]LogModuleManager: Shutting down and abandoning module CustomMeshComponent (136)
[2017.02.22-09.31.20:814][883]LogModuleManager: Shutting down and abandoning module CableComponent (135)
[2017.02.22-09.31.20:827][883]LogModuleManager: Shutting down and abandoning module ArchVisCharacter (134)
[2017.02.22-09.31.20:827][883]LogModuleManager: Shutting down and abandoning module MediaPlayerEditor (132)
[2017.02.22-09.31.20:848][883]LogModuleManager: Shutting down and abandoning module HTML5Networking (131)
[2017.02.22-09.31.20:848][883]LogModuleManager: Shutting down and abandoning module GeometryCacheEd (130)
[2017.02.22-09.31.20:848][883]LogModuleManager: Shutting down and abandoning module GeometryCache (129)
[2017.02.22-09.31.20:848][883]LogModuleManager: Shutting down and abandoning module AlembicLibrary (128)
[2017.02.22-09.31.20:858][883]LogModuleManager: Shutting down and abandoning module AlembicImporter (127)
[2017.02.22-09.31.20:868][883]LogModuleManager: Shutting down and abandoning module SuperSearch (126)
[2017.02.22-09.31.20:868][883]LogModuleManager: Shutting down and abandoning module SuperSearchEditor (125)
[2017.02.22-09.31.20:868][883]LogModuleManager: Shutting down and abandoning module SpeedTreeImporter (124)
[2017.02.22-09.31.20:868][883]LogModuleManager: Shutting down and abandoning module PluginBrowser (123)
[2017.02.22-09.31.20:887][883]LogModuleManager: Shutting down and abandoning module MobileLauncherProfileWizard (122)
[2017.02.22-09.31.20:908][883]LogModuleManager: Shutting down and abandoning module EpicSurvey (121)
[2017.02.22-09.31.20:922][883]LogModuleManager: Shutting down and abandoning module DesktopPlatform (120)
[2017.02.22-09.31.20:922][883]LogModuleManager: Shutting down and abandoning module VisualStudioSourceCodeAccess (119)
[2017.02.22-09.31.20:936][883]LogModuleManager: Shutting down and abandoning module UObjectPlugin (118)
[2017.02.22-09.31.20:936][883]LogModuleManager: Shutting down and abandoning module SubversionSourceControl (117)
[2017.02.22-09.31.20:955][883]LogModuleManager: Shutting down and abandoning module PerforceSourceControl (116)
[2017.02.22-09.31.20:971][883]LogModuleManager: Shutting down and abandoning module SourceControl (115)
[2017.02.22-09.31.20:985][883]LogModuleManager: Shutting down and abandoning module GitSourceControl (114)
[2017.02.22-09.31.21:001][883]LogModuleManager: Shutting down and abandoning module LightPropagationVolumeEditor (113)
[2017.02.22-09.31.21:001][883]LogModuleManager: Shutting down and abandoning module PaperTiledImporter (112)
[2017.02.22-09.31.21:001][883]LogModuleManager: Shutting down and abandoning module PaperSpriteSheetImporter (111)
[2017.02.22-09.31.21:001][883]LogModuleManager: Shutting down and abandoning module MeshPaint (110)
[2017.02.22-09.31.21:001][883]LogModuleManager: Shutting down and abandoning module PixelInspectorModule (109)
[2017.02.22-09.31.21:016][883]LogModuleManager: Shutting down and abandoning module HotReload (108)
[2017.02.22-09.31.21:017][883]LogModuleManager: Shutting down and abandoning module MainFrame (107)
[2017.02.22-09.31.21:017][883]LogModuleManager: Shutting down and abandoning module LevelEditor (106)
[2017.02.22-09.31.21:032][883]LogModuleManager: Shutting down and abandoning module ContentBrowser (105)
[2017.02.22-09.31.21:034][883]LogModuleManager: Shutting down and abandoning module Paper2DEditor (104)
[2017.02.22-09.31.21:047][883]LogModuleManager: Shutting down and abandoning module UdpMessaging (103)
[2017.02.22-09.31.21:147][883]LogModuleManager: Shutting down and abandoning module TcpMessaging (102)
[2017.02.22-09.31.21:269][883]LogModuleManager: Shutting down and abandoning module LightPropagationVolumeRuntime (101)
[2017.02.22-09.31.21:269][883]LogModuleManager: Shutting down and abandoning module Paper2D (100)
[2017.02.22-09.31.21:296][883]LogModuleManager: Shutting down and abandoning module WindowsMoviePlayer (99)
[2017.02.22-09.31.21:312][883]LogModuleManager: Shutting down and abandoning module WmfMedia (98)
[2017.02.22-09.31.21:735][883]LogModuleManager: Shutting down and abandoning module MediaAssets (97)
[2017.02.22-09.31.21:735][883]LogModuleManager: Shutting down and abandoning module GameLiveStreaming (96)
[2017.02.22-09.31.21:748][883]LogModuleManager: Shutting down and abandoning module GameplayTagsEditor (95)
[2017.02.22-09.31.21:748][883]LogModuleManager: Shutting down and abandoning module VREditor (94)
[2017.02.22-09.31.21:748][883]LogModuleManager: Shutting down and abandoning module GameplayTasksEditor (93)
[2017.02.22-09.31.21:748][883]LogModuleManager: Shutting down and abandoning module BehaviorTreeEditor (92)
[2017.02.22-09.31.21:900][883]LogModuleManager: Shutting down and abandoning module FunctionalTesting (91)
[2017.02.22-09.31.21:925][883]LogModuleManager: Shutting down and abandoning module CollisionAnalyzer (90)
[2017.02.22-09.31.22:117][883]LogModuleManager: Shutting down and abandoning module Sequencer (89)
[2017.02.22-09.31.22:136][883]LogModuleManager: Shutting down and abandoning module WorkspaceMenuStructure (88)
[2017.02.22-09.31.22:136][883]LogModuleManager: Shutting down and abandoning module MessageLog (87)
[2017.02.22-09.31.22:136][883]LogModuleManager: Shutting down and abandoning module AssetTools (86)
[2017.02.22-09.31.22:168][883]LogModuleManager: Shutting down and abandoning module UMGEditor (85)
[2017.02.22-09.31.22:201][883]LogModuleManager: Shutting down and abandoning module UMG (84)
[2017.02.22-09.31.22:229][883]LogModuleManager: Shutting down and abandoning module SlateReflector (83)
[2017.02.22-09.31.22:256][883]LogModuleManager: Shutting down and abandoning module Slate (82)
[2017.02.22-09.31.22:256][883]LogModuleManager: Shutting down and abandoning module EditorStyle (81)
[2017.02.22-09.31.22:259][883]LogModuleManager: Shutting down and abandoning module SourceCodeAccess (80)
[2017.02.22-09.31.22:259][883]LogModuleManager: Shutting down and abandoning module HeadMountedDisplay (79)
[2017.02.22-09.31.22:259][883]LogModuleManager: Shutting down and abandoning module XAudio2 (78)
[2017.02.22-09.31.22:259][883]LogModuleManager: Shutting down and abandoning module Networking (76)
[2017.02.22-09.31.22:259][883]LogModuleManager: Shutting down and abandoning module Core (75)
[2017.02.22-09.31.22:259][883]LogModuleManager: Shutting down and abandoning module DirectoryWatcher (74)
[2017.02.22-09.31.22:259][883]LogDirectoryWatcher: A directory notification for '../../../Engine/Content/' was aborted.
[2017.02.22-09.31.22:259][883]LogDirectoryWatcher: A directory notification for '../../../../../../Users/egimenez/Desktop/VAN/VANsGame/Mechanics/BasicMechanics/Content/' was aborted.
[2017.02.22-09.31.22:259][883]LogDirectoryWatcher: A directory notification for '../../../Engine/Plugins/2D/Paper2D/Content/' was aborted.
[2017.02.22-09.31.22:259][883]LogModuleManager: Shutting down and abandoning module AssetRegistry (73)
[2017.02.22-09.31.22:444][883]LogModuleManager: Shutting down and abandoning module KismetCompiler (72)
[2017.02.22-09.31.22:444][883]LogModuleManager: Shutting down and abandoning module PhysXFormats (71)
[2017.02.22-09.31.22:444][883]LogModuleManager: Shutting down and abandoning module SimplygonSwarm (70)
[2017.02.22-09.31.22:463][883]LogModuleManager: Shutting down and abandoning module SimplygonMeshReduction (69)
[2017.02.22-09.31.22:468][883]LogModuleManager: Shutting down and abandoning module QuadricMeshReduction (68)
[2017.02.22-09.31.22:486][883]LogModuleManager: Shutting down and abandoning module PropertyEditor (67)
[2017.02.22-09.31.22:486][883]LogModuleManager: Shutting down and abandoning module MeshUtilities (66)
[2017.02.22-09.31.22:511][883]LogModuleManager: Shutting down and abandoning module DerivedDataCache (65)
[2017.02.22-09.31.22:616][883]LogDerivedDataCache: Shutdown
[2017.02.22-09.31.22:616][883]LogModuleManager: Shutting down and abandoning module VulkanShaderFormat (64)
[2017.02.22-09.31.22:631][883]LogModuleManager: Shutting down and abandoning module ShaderFormatOpenGL (63)
[2017.02.22-09.31.22:656][883]LogModuleManager: Shutting down and abandoning module ShaderFormatD3D (62)
[2017.02.22-09.31.22:681][883]LogModuleManager: Shutting down and abandoning module MetalShaderFormat (61)
[2017.02.22-09.31.22:698][883]LogModuleManager: Shutting down and abandoning module TextureFormatUncompressed (60)
[2017.02.22-09.31.22:698][883]LogModuleManager: Shutting down and abandoning module TextureFormatPVR (59)
[2017.02.22-09.31.22:714][883]LogModuleManager: Shutting down and abandoning module TextureFormatDXT (58)
[2017.02.22-09.31.22:714][883]LogModuleManager: Shutting down and abandoning module TextureFormatIntelISPCTexComp (57)
[2017.02.22-09.31.22:735][883]LogModuleManager: Shutting down and abandoning module ImageWrapper (56)
[2017.02.22-09.31.22:735][883]LogModuleManager: Shutting down and abandoning module TextureFormatASTC (55)
[2017.02.22-09.31.22:735][883]LogModuleManager: Shutting down and abandoning module TextureFormatAndroid (54)
[2017.02.22-09.31.22:735][883]LogModuleManager: Shutting down and abandoning module AudioFormatOpus (53)
[2017.02.22-09.31.22:750][883]LogModuleManager: Shutting down and abandoning module AudioFormatOgg (52)
[2017.02.22-09.31.22:759][883]LogModuleManager: Shutting down and abandoning module AudioFormatADPCM (51)
[2017.02.22-09.31.22:759][883]LogModuleManager: Shutting down and abandoning module LinuxTargetPlatform (50)
[2017.02.22-09.31.22:759][883]LogModuleManager: Shutting down and abandoning module LinuxServerTargetPlatform (49)
[2017.02.22-09.31.22:775][883]LogModuleManager: Shutting down and abandoning module LinuxNoEditorTargetPlatform (48)
[2017.02.22-09.31.22:785][883]LogModuleManager: Shutting down and abandoning module LinuxClientTargetPlatform (47)
[2017.02.22-09.31.22:798][883]LogModuleManager: Shutting down and abandoning module TVOSTargetPlatform (46)
[2017.02.22-09.31.22:798][883]LogModuleManager: Shutting down and abandoning module Messaging (45)
[2017.02.22-09.31.22:798][883]LogModuleManager: Shutting down and abandoning module IOSTargetPlatform (44)
[2017.02.22-09.31.22:798][883]LogModuleManager: Shutting down and abandoning module HTML5TargetPlatform (43)
[2017.02.22-09.31.22:798][883]LogModuleManager: Shutting down and abandoning module Android_PVRTCTargetPlatform (42)
[2017.02.22-09.31.22:798][883]LogModuleManager: Shutting down and abandoning module Android_MultiTargetPlatform (41)
[2017.02.22-09.31.22:798][883]LogModuleManager: Shutting down and abandoning module Android_ETC2TargetPlatform (40)
[2017.02.22-09.31.22:798][883]LogModuleManager: Shutting down and abandoning module Android_ETC1TargetPlatform (39)
[2017.02.22-09.31.22:798][883]LogModuleManager: Shutting down and abandoning module Android_DXTTargetPlatform (38)
[2017.02.22-09.31.22:798][883]LogModuleManager: Shutting down and abandoning module Android_ATCTargetPlatform (37)
[2017.02.22-09.31.22:798][883]LogModuleManager: Shutting down and abandoning module Android_ASTCTargetPlatform (36)
[2017.02.22-09.31.22:798][883]LogModuleManager: Shutting down and abandoning module AndroidTargetPlatform (35)
[2017.02.22-09.31.22:798][883]LogModuleManager: Shutting down and abandoning module WindowsTargetPlatform (34)
[2017.02.22-09.31.22:798][883]LogModuleManager: Shutting down and abandoning module WindowsServerTargetPlatform (33)
[2017.02.22-09.31.22:815][883]LogModuleManager: Shutting down and abandoning module WindowsNoEditorTargetPlatform (32)
[2017.02.22-09.31.22:822][883]LogModuleManager: Shutting down and abandoning module WindowsClientTargetPlatform (31)
[2017.02.22-09.31.22:822][883]LogModuleManager: Shutting down and abandoning module MacTargetPlatform (30)
[2017.02.22-09.31.22:822][883]LogModuleManager: Shutting down and abandoning module MacServerTargetPlatform (29)
[2017.02.22-09.31.22:822][883]LogModuleManager: Shutting down and abandoning module MacNoEditorTargetPlatform (28)
[2017.02.22-09.31.22:822][883]LogModuleManager: Shutting down and abandoning module MacClientTargetPlatform (27)
[2017.02.22-09.31.22:823][883]LogModuleManager: Shutting down and abandoning module AllDesktopTargetPlatform (26)
[2017.02.22-09.31.22:823][883]LogModuleManager: Shutting down and abandoning module TargetPlatform (25)
[2017.02.22-09.31.22:823][883]LogModuleManager: Shutting down and abandoning module InputCore (24)
[2017.02.22-09.31.22:823][883]LogModuleManager: Shutting down and abandoning module Settings (23)
[2017.02.22-09.31.22:823][883]LogModuleManager: Shutting down and abandoning module OculusRift (22)
[2017.02.22-09.31.22:836][883]LogModuleManager: Shutting down and abandoning module ExampleDeviceProfileSelector (21)
[2017.02.22-09.31.22:836][883]LogModuleManager: Shutting down and abandoning module OnlineBlueprintSupport (20)
[2017.02.22-09.31.22:836][883]LogModuleManager: Shutting down and abandoning module OnlineSubsystem (18)
[2017.02.22-09.31.22:836][883]LogOnline:Display: Unloading online subsystem: NULL
[2017.02.22-09.31.22:853][883]LogModuleManager: Shutting down and abandoning module SSL (17)
[2017.02.22-09.31.22:873][883]LogModuleManager: Shutting down and abandoning module HTTP (16)
[2017.02.22-09.31.22:873][883]LogModuleManager: Shutting down and abandoning module XMPP (15)
[2017.02.22-09.31.22:896][883]LogModuleManager: Shutting down and abandoning module TextureCompressor (14)
[2017.02.22-09.31.22:896][883]LogModuleManager: Shutting down and abandoning module ShaderCore (13)
[2017.02.22-09.31.22:896][883]LogModuleManager: Shutting down and abandoning module Landscape (12)
[2017.02.22-09.31.22:896][883]LogModuleManager: Shutting down and abandoning module SlateRHIRenderer (11)
[2017.02.22-09.31.22:922][883]LogModuleManager: Shutting down and abandoning module OpenGLDrv (10)
[2017.02.22-09.31.22:946][883]LogModuleManager: Shutting down and abandoning module D3D11RHI (9)
[2017.02.22-09.31.22:946][883]LogModuleManager: Shutting down and abandoning module AnimGraphRuntime (8)
[2017.02.22-09.31.22:961][883]LogModuleManager: Shutting down and abandoning module Renderer (7)
[2017.02.22-09.31.22:970][883]LogModuleManager: Shutting down and abandoning module Engine (6)
[2017.02.22-09.31.22:970][883]LogModuleManager: Shutting down and abandoning module CoreUObject (5)
[2017.02.22-09.31.22:970][883]LogModuleManager: Shutting down and abandoning module NetworkFile (4)
[2017.02.22-09.31.22:981][883]LogModuleManager: Shutting down and abandoning module StreamingFile (3)
[2017.02.22-09.31.22:996][883]LogModuleManager: Shutting down and abandoning module SandboxFile (2)
[2017.02.22-09.31.22:996][883]LogModuleManager: Shutting down and abandoning module PakFile (1)
[2017.02.22-09.31.23:020][883]LogExit: Exiting.
[2017.02.22-09.31.23:058][883]Log file closed, 02/22/17 10:31:23
