Log file open, 09/27/16 15:55:48
LogInit:Display: Running engine for game: BasicMechanics
LogPlatformFile: Not using cached read wrapper
LogInit:Display: RandInit(1556087069) SRandInit(1556087069).
LogTaskGraph: Started task graph with 5 named threads and 8 total threads with 1 sets of task threads.
LogStats: Stats thread started at 0.074489
LogPluginManager: Loaded Plugin Paper2D, From C:/Program Files (x86)/Epic Games/4.13/Engine/Plugins/2D/Paper2D/Paper2D.uplugin
LogPluginManager: Loaded Plugin LightPropagationVolume, From C:/Program Files (x86)/Epic Games/4.13/Engine/Plugins/Blendables/LightPropagationVolume/LightPropagationVolume.uplugin
LogPluginManager: Loaded Plugin BlankPlugin, From C:/Program Files (x86)/Epic Games/4.13/Engine/Plugins/Developer/BlankPlugin/BlankPlugin.uplugin
LogPluginManager: Loaded Plugin CodeLiteSourceCodeAccess, From C:/Program Files (x86)/Epic Games/4.13/Engine/Plugins/Developer/CodeLiteSourceCodeAccess/CodeLiteSourceCodeAccess.uplugin
LogPluginManager: Loaded Plugin GitSourceControl, From C:/Program Files (x86)/Epic Games/4.13/Engine/Plugins/Developer/GitSourceControl/GitSourceControl.uplugin
LogPluginManager: Loaded Plugin KDevelopSourceCodeAccess, From C:/Program Files (x86)/Epic Games/4.13/Engine/Plugins/Developer/KDevelopSourceCodeAccess/KDevelopSourceCodeAccess.uplugin
LogPluginManager: Loaded Plugin NullSourceCodeAccess, From C:/Program Files (x86)/Epic Games/4.13/Engine/Plugins/Developer/NullSourceCodeAccess/NullSourceCodeAccess.uplugin
LogPluginManager: Loaded Plugin OneSkyLocalizationService, From C:/Program Files (x86)/Epic Games/4.13/Engine/Plugins/Developer/OneSkyLocalizationService/OneSkyLocalizationService.uplugin
LogPluginManager: Loaded Plugin PerforceSourceControl, From C:/Program Files (x86)/Epic Games/4.13/Engine/Plugins/Developer/PerforceSourceControl/PerforceSourceControl.uplugin
LogPluginManager: Loaded Plugin SubversionSourceControl, From C:/Program Files (x86)/Epic Games/4.13/Engine/Plugins/Developer/SubversionSourceControl/SubversionSourceControl.uplugin
LogPluginManager: Loaded Plugin UObjectPlugin, From C:/Program Files (x86)/Epic Games/4.13/Engine/Plugins/Developer/UObjectPlugin/UObjectPlugin.uplugin
LogPluginManager: Loaded Plugin VisualStudioSourceCodeAccess, From C:/Program Files (x86)/Epic Games/4.13/Engine/Plugins/Developer/VisualStudioSourceCodeAccess/VisualStudioSourceCodeAccess.uplugin
LogPluginManager: Loaded Plugin XCodeSourceCodeAccess, From C:/Program Files (x86)/Epic Games/4.13/Engine/Plugins/Developer/XCodeSourceCodeAccess/XCodeSourceCodeAccess.uplugin
LogPluginManager: Loaded Plugin EpicSurvey, From C:/Program Files (x86)/Epic Games/4.13/Engine/Plugins/Editor/EpicSurvey/EpicSurvey.uplugin
LogPluginManager: Loaded Plugin MacGraphicsSwitching, From C:/Program Files (x86)/Epic Games/4.13/Engine/Plugins/Editor/MacGraphicsSwitching/MacGraphicsSwitching.uplugin
LogPluginManager: Loaded Plugin MobileLauncherProfileWizard, From C:/Program Files (x86)/Epic Games/4.13/Engine/Plugins/Editor/MobileLauncherProfileWizard/MobileLauncherProfileWizard.uplugin
LogPluginManager: Loaded Plugin PluginBrowser, From C:/Program Files (x86)/Epic Games/4.13/Engine/Plugins/Editor/PluginBrowser/PluginBrowser.uplugin
LogPluginManager: Loaded Plugin SpeedTreeImporter, From C:/Program Files (x86)/Epic Games/4.13/Engine/Plugins/Editor/SpeedTreeImporter/SpeedTreeImporter.uplugin
LogPluginManager: Loaded Plugin SuperSearchEditor, From C:/Program Files (x86)/Epic Games/4.13/Engine/Plugins/Editor/SuperSearchEditor/SuperSearchEditor.uplugin
LogPluginManager: Loaded Plugin AlembicImporter, From C:/Program Files (x86)/Epic Games/4.13/Engine/Plugins/Experimental/AlembicImporter/AlembicImporter.uplugin
LogPluginManager: Loaded Plugin BlueprintStats, From C:/Program Files (x86)/Epic Games/4.13/Engine/Plugins/Experimental/BlueprintStats/BlueprintStats.uplugin
LogPluginManager: Loaded Plugin CharacterAI, From C:/Program Files (x86)/Epic Games/4.13/Engine/Plugins/Experimental/CharacterAI/CharacterAI.uplugin
LogPluginManager: Loaded Plugin CodeEditor, From C:/Program Files (x86)/Epic Games/4.13/Engine/Plugins/Experimental/CodeEditor/CodeEditor.uplugin
LogPluginManager: Loaded Plugin CodeView, From C:/Program Files (x86)/Epic Games/4.13/Engine/Plugins/Experimental/CodeView/CodeView.uplugin
LogPluginManager: Loaded Plugin HTML5Networking, From C:/Program Files (x86)/Epic Games/4.13/Engine/Plugins/Experimental/HTML5Networking/HTML5Networking.uplugin
LogPluginManager: Loaded Plugin LiveEditor, From C:/Program Files (x86)/Epic Games/4.13/Engine/Plugins/Experimental/LiveEditor/LiveEditor.uplugin
LogPluginManager: Loaded Plugin OSVR, From C:/Program Files (x86)/Epic Games/4.13/Engine/Plugins/Experimental/OSVR/OSVR.uplugin
LogPluginManager: Loaded Plugin Phya, From C:/Program Files (x86)/Epic Games/4.13/Engine/Plugins/Experimental/Phya/Phya.uplugin
LogPluginManager: Loaded Plugin SignificanceManager, From C:/Program Files (x86)/Epic Games/4.13/Engine/Plugins/Experimental/SignificanceManager/SignificanceManager.uplugin
LogPluginManager: Loaded Plugin SimpleHMD, From C:/Program Files (x86)/Epic Games/4.13/Engine/Plugins/Experimental/SimpleHMD/SimpleHMD.uplugin
LogPluginManager: Loaded Plugin StereoPanorama, From C:/Program Files (x86)/Epic Games/4.13/Engine/Plugins/Experimental/StereoPanorama/StereoPanorama.uplugin
LogPluginManager: Loaded Plugin StructBox, From C:/Program Files (x86)/Epic Games/4.13/Engine/Plugins/Experimental/StructBox/StructBox.uplugin
LogPluginManager: Loaded Plugin AndroidMedia, From C:/Program Files (x86)/Epic Games/4.13/Engine/Plugins/Media/AndroidMedia/AndroidMedia.uplugin
LogPluginManager: Loaded Plugin AvfMedia, From C:/Program Files (x86)/Epic Games/4.13/Engine/Plugins/Media/AvfMedia/AvfMedia.uplugin
LogPluginManager: Loaded Plugin MediaPlayerEditor, From C:/Program Files (x86)/Epic Games/4.13/Engine/Plugins/Media/MediaPlayerEditor/MediaPlayerEditor.uplugin
LogPluginManager: Loaded Plugin WmfMedia, From C:/Program Files (x86)/Epic Games/4.13/Engine/Plugins/Media/WmfMedia/WmfMedia.uplugin
LogPluginManager: Loaded Plugin MessagingDebugger, From C:/Program Files (x86)/Epic Games/4.13/Engine/Plugins/Messaging/MessagingDebugger/MessagingDebugger.uplugin
LogPluginManager: Loaded Plugin TcpMessaging, From C:/Program Files (x86)/Epic Games/4.13/Engine/Plugins/Messaging/TcpMessaging/TcpMessaging.uplugin
LogPluginManager: Loaded Plugin UdpMessaging, From C:/Program Files (x86)/Epic Games/4.13/Engine/Plugins/Messaging/UdpMessaging/UdpMessaging.uplugin
LogPluginManager: Loaded Plugin LevelSequenceEditor, From C:/Program Files (x86)/Epic Games/4.13/Engine/Plugins/MovieScene/LevelSequenceEditor/LevelSequenceEditor.uplugin
LogPluginManager: Loaded Plugin MatineeToLevelSequence, From C:/Program Files (x86)/Epic Games/4.13/Engine/Plugins/MovieScene/MatineeToLevelSequence/MatineeToLevelSequence.uplugin
LogPluginManager: Loaded Plugin NetcodeUnitTest, From C:/Program Files (x86)/Epic Games/4.13/Engine/Plugins/NetcodeUnitTest/NetcodeUnitTest/NetcodeUnitTest.uplugin
LogPluginManager: Loaded Plugin NUTUnrealEngine4, From C:/Program Files (x86)/Epic Games/4.13/Engine/Plugins/NetcodeUnitTest/NUTUnrealEngine4/NUTUnrealEngine4.uplugin
LogPluginManager: Loaded Plugin OnlineSubsystemGooglePlay, From C:/Program Files (x86)/Epic Games/4.13/Engine/Plugins/Online/Android/OnlineSubsystemGooglePlay/OnlineSubsystemGooglePlay.uplugin
LogPluginManager: Loaded Plugin OnlineSubsystemIOS, From C:/Program Files (x86)/Epic Games/4.13/Engine/Plugins/Online/IOS/OnlineSubsystemIOS/OnlineSubsystemIOS.uplugin
LogPluginManager: Loaded Plugin OnlineFramework, From C:/Program Files (x86)/Epic Games/4.13/Engine/Plugins/Online/OnlineFramework/OnlineFramework.uplugin
LogPluginManager: Loaded Plugin OnlineSubsystem, From C:/Program Files (x86)/Epic Games/4.13/Engine/Plugins/Online/OnlineSubsystem/OnlineSubsystem.uplugin
LogPluginManager: Loaded Plugin OnlineSubsystemAmazon, From C:/Program Files (x86)/Epic Games/4.13/Engine/Plugins/Online/OnlineSubsystemAmazon/OnlineSubsystemAmazon.uplugin
LogPluginManager: Loaded Plugin OnlineSubsystemFacebook, From C:/Program Files (x86)/Epic Games/4.13/Engine/Plugins/Online/OnlineSubsystemFacebook/OnlineSubsystemFacebook.uplugin
LogPluginManager: Loaded Plugin OnlineSubsystemNull, From C:/Program Files (x86)/Epic Games/4.13/Engine/Plugins/Online/OnlineSubsystemNull/OnlineSubsystemNull.uplugin
LogPluginManager: Loaded Plugin OnlineSubsystemOculus, From C:/Program Files (x86)/Epic Games/4.13/Engine/Plugins/Online/OnlineSubsystemOculus/OnlineSubsystemOculus.uplugin
LogPluginManager: Loaded Plugin OnlineSubsystemSteam, From C:/Program Files (x86)/Epic Games/4.13/Engine/Plugins/Online/OnlineSubsystemSteam/OnlineSubsystemSteam.uplugin
LogPluginManager: Loaded Plugin OnlineSubsystemUtils, From C:/Program Files (x86)/Epic Games/4.13/Engine/Plugins/Online/OnlineSubsystemUtils/OnlineSubsystemUtils.uplugin
LogPluginManager: Loaded Plugin IOSTapJoy, From C:/Program Files (x86)/Epic Games/4.13/Engine/Plugins/Runtime/Advertising/IOSTapJoy/IOSTapJoy.uplugin
LogPluginManager: Loaded Plugin AnalyticsBlueprintLibrary, From C:/Program Files (x86)/Epic Games/4.13/Engine/Plugins/Runtime/Analytics/AnalyticsBlueprintLibrary/AnalyticsBlueprintLibrary.uplugin
LogPluginManager: Loaded Plugin AnalyticsMulticast, From C:/Program Files (x86)/Epic Games/4.13/Engine/Plugins/Runtime/Analytics/AnalyticsMulticast/AnalyticsMulticast.uplugin
LogPluginManager: Loaded Plugin Apsalar, From C:/Program Files (x86)/Epic Games/4.13/Engine/Plugins/Runtime/Analytics/Apsalar/Apsalar.uplugin
LogPluginManager: Loaded Plugin FileLogging, From C:/Program Files (x86)/Epic Games/4.13/Engine/Plugins/Runtime/Analytics/FileLogging/FileLogging.uplugin
LogPluginManager: Loaded Plugin Flurry, From C:/Program Files (x86)/Epic Games/4.13/Engine/Plugins/Runtime/Analytics/Flurry/Flurry.uplugin
LogPluginManager: Loaded Plugin AndroidDeviceProfileSelector, From C:/Program Files (x86)/Epic Games/4.13/Engine/Plugins/Runtime/AndroidDeviceProfileSelector/AndroidDeviceProfileSelector.uplugin
LogPluginManager: Loaded Plugin AndroidMoviePlayer, From C:/Program Files (x86)/Epic Games/4.13/Engine/Plugins/Runtime/AndroidMoviePlayer/AndroidMoviePlayer.uplugin
LogPluginManager: Loaded Plugin AppleMoviePlayer, From C:/Program Files (x86)/Epic Games/4.13/Engine/Plugins/Runtime/AppleMoviePlayer/AppleMoviePlayer.uplugin
LogPluginManager: Loaded Plugin ArchVisCharacter, From C:/Program Files (x86)/Epic Games/4.13/Engine/Plugins/Runtime/ArchVisCharacter/ArchVisCharacter.uplugin
LogPluginManager: Loaded Plugin CableComponent, From C:/Program Files (x86)/Epic Games/4.13/Engine/Plugins/Runtime/CableComponent/CableComponent.uplugin
LogPluginManager: Loaded Plugin CustomMeshComponent, From C:/Program Files (x86)/Epic Games/4.13/Engine/Plugins/Runtime/CustomMeshComponent/CustomMeshComponent.uplugin
LogPluginManager: Loaded Plugin ExampleDeviceProfileSelector, From C:/Program Files (x86)/Epic Games/4.13/Engine/Plugins/Runtime/ExampleDeviceProfileSelector/ExampleDeviceProfileSelector.uplugin
LogPluginManager: Loaded Plugin GearVR, From C:/Program Files (x86)/Epic Games/4.13/Engine/Plugins/Runtime/GearVR/GearVR.uplugin
LogPluginManager: Loaded Plugin GoogleVRController, From C:/Program Files (x86)/Epic Games/4.13/Engine/Plugins/Runtime/GoogleVR/GoogleVRController/GoogleVRController.uplugin
LogPluginManager: Loaded Plugin GoogleVRHMD, From C:/Program Files (x86)/Epic Games/4.13/Engine/Plugins/Runtime/GoogleVR/GoogleVRHMD/GoogleVRHMD.uplugin
LogPluginManager: Loaded Plugin IOSDeviceProfileSelector, From C:/Program Files (x86)/Epic Games/4.13/Engine/Plugins/Runtime/IOSDeviceProfileSelector/IOSDeviceProfileSelector.uplugin
LogPluginManager: Loaded Plugin LeapMotion, From C:/Program Files (x86)/Epic Games/4.13/Engine/Plugins/Runtime/LeapMotion/LeapMotion.uplugin
LogPluginManager: Loaded Plugin LinuxDeviceProfileSelector, From C:/Program Files (x86)/Epic Games/4.13/Engine/Plugins/Runtime/LinuxDeviceProfileSelector/LinuxDeviceProfileSelector.uplugin
LogPluginManager: Loaded Plugin LiveEditorListenServer, From C:/Program Files (x86)/Epic Games/4.13/Engine/Plugins/Runtime/LiveEditorListenServer/LiveEditorListenServer.uplugin
LogPluginManager: Loaded Plugin OculusAudio, From C:/Program Files (x86)/Epic Games/4.13/Engine/Plugins/Runtime/OculusAudio/OculusAudio.uplugin
LogPluginManager: Loaded Plugin OculusInput, From C:/Program Files (x86)/Epic Games/4.13/Engine/Plugins/Runtime/OculusInput/OculusInput.uplugin
LogPluginManager: Loaded Plugin OculusLibrary, From C:/Program Files (x86)/Epic Games/4.13/Engine/Plugins/Runtime/OculusLibrary/OculusLibrary.uplugin
LogPluginManager: Loaded Plugin OculusRift, From C:/Program Files (x86)/Epic Games/4.13/Engine/Plugins/Runtime/OculusRift/OculusRift.uplugin
LogPluginManager: Loaded Plugin Oodle, From C:/Program Files (x86)/Epic Games/4.13/Engine/Plugins/Runtime/PacketHandlers/CompressionComponents/Oodle/Oodle.uplugin
LogPluginManager: Loaded Plugin ProceduralMeshComponent, From C:/Program Files (x86)/Epic Games/4.13/Engine/Plugins/Runtime/ProceduralMeshComponent/ProceduralMeshComponent.uplugin
LogPluginManager: Loaded Plugin SoundMod, From C:/Program Files (x86)/Epic Games/4.13/Engine/Plugins/Runtime/SoundMod/SoundMod.uplugin
LogPluginManager: Loaded Plugin SoundVisualizations, From C:/Program Files (x86)/Epic Games/4.13/Engine/Plugins/Runtime/SoundVisualizations/SoundVisualizations.uplugin
LogPluginManager: Loaded Plugin SteamController, From C:/Program Files (x86)/Epic Games/4.13/Engine/Plugins/Runtime/Steam/SteamController/SteamController.uplugin
LogPluginManager: Loaded Plugin SteamVR, From C:/Program Files (x86)/Epic Games/4.13/Engine/Plugins/Runtime/Steam/SteamVR/SteamVR.uplugin
LogPluginManager: Loaded Plugin WebBrowserWidget, From C:/Program Files (x86)/Epic Games/4.13/Engine/Plugins/Runtime/WebBrowserWidget/WebBrowserWidget.uplugin
LogPluginManager: Loaded Plugin WindowsDeviceProfileSelector, From C:/Program Files (x86)/Epic Games/4.13/Engine/Plugins/Runtime/WindowsDeviceProfileSelector/WindowsDeviceProfileSelector.uplugin
LogPluginManager: Loaded Plugin WindowsMoviePlayer, From C:/Program Files (x86)/Epic Games/4.13/Engine/Plugins/Runtime/WindowsMoviePlayer/WindowsMoviePlayer.uplugin
LogPluginManager: Loaded Plugin ScriptPlugin, From C:/Program Files (x86)/Epic Games/4.13/Engine/Plugins/ScriptPlugin/ScriptPlugin.uplugin
LogPluginManager: Loaded Plugin SlateRemote, From C:/Program Files (x86)/Epic Games/4.13/Engine/Plugins/Slate/SlateRemote/SlateRemote.uplugin
LogInit: Using libcurl 7.47.1
LogInit:  - built for x86_64-pc-win32
LogInit:  - supports SSL with WinSSL
LogInit:  - other features:
LogInit:      CURL_VERSION_SSL
LogInit:      CURL_VERSION_IPV6
LogInit:      CURL_VERSION_ASYNCHDNS
LogInit:      CURL_VERSION_LARGEFILE
LogInit:      CURL_VERSION_IDN
LogInit:  CurlRequestOptions (configurable via config and command line):
LogInit:  - bVerifyPeer = false  - Libcurl will NOT verify peer certificate
LogInit:  - bUseHttpProxy = false  - Libcurl will NOT use HTTP proxy
LogInit:  - bDontReuseConnections = false  - Libcurl will reuse connections
LogInit:  - CertBundlePath = nullptr  - Libcurl will use whatever was configured at build time.
OCULUS: Info: [CAPI] LibOVR module is located at C:\Program Files\Oculus\Support\oculus-runtime\LibOVRRT64_1.dll
OCULUS: Debug: Connected to the server running version (prod = 1).1.6.0(build = 250620) feature version = 0. Client runs version (prod = 1).1.6.0(build = 250620) feature version = 0
LogInit: Build: ++UE4+Release-4.13-CL-3106830
LogInit: Engine Version: 4.13.0-3106830+++UE4+Release-4.13
LogInit: Compatible Engine Version: 4.13.0-3106830+++UE4+Release-4.13
LogInit: Net CL: 3106830
LogDevObjectVersion: Number of dev versions registered: 13
LogDevObjectVersion:   Dev-Blueprints (B0D832E4-1F89-4F0D-ACCF-7EB736FD4AA2): 5
LogDevObjectVersion:   Dev-Build (E1C64328-A22C-4D53-A36C-8E866417BD8C): 0
LogDevObjectVersion:   Dev-Core (375EC13C-06E4-48FB-B500-84F0262A717E): 1
LogDevObjectVersion:   Dev-Editor (E4B068ED-F494-42E9-A231-DA0B2E46BB41): 6
LogDevObjectVersion:   Dev-Framework (CFFC743F-43B0-4480-9391-14DF171D2073): 12
LogDevObjectVersion:   Dev-Mobile (B02B49B5-BB20-44E9-A304-32B752E40360): 0
LogDevObjectVersion:   Dev-Networking (A4E4105C-59A1-49B5-A7C5-40C4547EDFEE): 0
LogDevObjectVersion:   Dev-Online (39C831C9-5AE6-47DC-9A44-9C173E1C8E7C): 0
LogDevObjectVersion:   Dev-Physics (78F01B33-EBEA-4F98-B9B4-84EACCB95AA2): 0
LogDevObjectVersion:   Dev-Platform (6631380F-2D4D-43E0-8009-CF276956A95A): 0
LogDevObjectVersion:   Dev-Rendering (12F88B9F-8875-4AFC-A67C-D90C383ABD29): 4
LogDevObjectVersion:   Dev-Sequencer (7B5AE74C-D270-4C10-A958-57980B212A5A): 0
LogDevObjectVersion:   Dev-VR (D7296918-1DD6-4BDD-9DE2-64A83CC13884): 0
LogInit: Compiled (64-bit): Aug 30 2016 18:11:39
LogInit: Compiled with Visual C++: 19.00.23026.00
LogInit: Build Configuration: Development
LogInit: Branch Name: ++UE4+Release-4.13
LogInit: Command line:  
LogInit: Base directory: C:/Program Files (x86)/Epic Games/4.13/Engine/Binaries/Win64/
LogInit: Installed Engine Build: 1
LogInit: Presizing for max 8388607 objects, including 0 objects not considered by GC, pre-allocating 0 bytes for permanent pool.
LogInit: Object subsystem initialized
[2016.09.27-13.55.49:147][  0]LogInit: Selected Device Profile: [Windows]
[2016.09.27-13.55.49:147][  0]LogInit: Applying CVar settings loaded from the selected device profile: [Windows]
[2016.09.27-13.55.49:158][  0]LogInit: Computer: S3-13
[2016.09.27-13.55.49:158][  0]LogInit: User: egimenez
[2016.09.27-13.55.49:158][  0]LogInit: CPU Page size=65536, Cores=4
[2016.09.27-13.55.49:158][  0]LogInit: High frequency timer resolution =3.117188 MHz
[2016.09.27-13.55.49:158][  0]LogMemory: Memory total: Physical=16.0GB (16GB approx)
[2016.09.27-13.55.49:158][  0]LogMemory: Platform Memory Stats for Windows
[2016.09.27-13.55.49:158][  0]LogMemory: Process Physical Memory: 260.70 MB used, 260.70 MB peak
[2016.09.27-13.55.49:158][  0]LogMemory: Process Virtual Memory: 263.28 MB used, 263.28 MB peak
[2016.09.27-13.55.49:158][  0]LogMemory: Physical Memory: 5523.39 MB used, 16346.68 MB total
[2016.09.27-13.55.49:158][  0]LogMemory: Virtual Memory: 662.05 MB used, 134217728.00 MB total
[2016.09.27-13.55.49:184][  0]LogTextLocalizationManager: No specific translations for ('en-US') exist, so ('en') translations will be used.
[2016.09.27-13.55.49:723][  0]LogD3D11RHI: D3D11 adapters:
[2016.09.27-13.55.49:741][  0]LogD3D11RHI:    0. 'NVIDIA GeForce GTX 960' (Feature Level 11_0)
[2016.09.27-13.55.49:741][  0]LogD3D11RHI:       4010/0/8173 MB DedicatedVideo/DedicatedSystem/SharedSystem, Outputs:1, VendorId:0x10de
[2016.09.27-13.55.49:742][  0]LogD3D11RHI:    1. 'Microsoft Basic Render Driver' (Feature Level 11_0)
[2016.09.27-13.55.49:742][  0]LogD3D11RHI:       0/0/8173 MB DedicatedVideo/DedicatedSystem/SharedSystem, Outputs:0, VendorId:0x1414
[2016.09.27-13.55.49:742][  0]LogD3D11RHI: Chosen D3D11 Adapter: 0
[2016.09.27-13.55.49:746][  0]LogD3D11RHI: Creating new Direct3DDevice
[2016.09.27-13.55.49:746][  0]LogD3D11RHI:     GPU DeviceId: 0x1401 (for the marketing name, search the web for "GPU Device Id")
[2016.09.27-13.55.49:746][  0]LogWindows: EnumDisplayDevices:
[2016.09.27-13.55.49:747][  0]LogWindows:    0. 'NVIDIA GeForce GTX 960' (P:1 D:1)
[2016.09.27-13.55.49:747][  0]LogWindows:    1. 'NVIDIA GeForce GTX 960' (P:0 D:0)
[2016.09.27-13.55.49:747][  0]LogWindows:    2. 'NVIDIA GeForce GTX 960' (P:0 D:0)
[2016.09.27-13.55.49:747][  0]LogWindows:    3. 'NVIDIA GeForce GTX 960' (P:0 D:0)
[2016.09.27-13.55.49:747][  0]LogWindows: DebugString: FoundDriverCount:4 
[2016.09.27-13.55.49:747][  0]LogD3D11RHI:     Adapter Name: NVIDIA GeForce GTX 960
[2016.09.27-13.55.49:747][  0]LogD3D11RHI:   Driver Version: 368.39 (internal:10.18.13.6839, unified:368.39)
[2016.09.27-13.55.49:747][  0]LogD3D11RHI:      Driver Date: 6-2-2016
[2016.09.27-13.55.49:747][  0]LogRHI: Texture pool is 1361 MB (70% of 1945 MB)
[2016.09.27-13.55.49:757][  0]LogD3D11RHI: Async texture creation enabled
[2016.09.27-13.55.49:766][  0]LogD3D11RHI: GPU Timing Frequency: 1000.000000 (Debug: 2 1)
[2016.09.27-13.55.49:766][  0]LogShaderCompilers: Guid format shader working directory is -34 characters bigger than the processId version (../../../../../../Users/egimenez/Desktop/ENTI/VAN/VANsGame/Mechanics/BasicMechanics/Intermediate/Shaders/WorkingDirectory/9468/).
[2016.09.27-13.55.49:766][  0]LogShaderCompilers: Cleaned the shader compiler working directory 'C:/Users/egimenez/AppData/Local/Temp/UnrealShaderWorkingDir/E8ACD85A47024E286F8AEA915D83A1F8/'.
[2016.09.27-13.55.49:766][  0]LogShaderCompilers:Display: Using Local Shader Compiler.
[2016.09.27-13.55.50:635][  0]LogTemp:Display: Loaded TP AllDesktopTargetPlatform
[2016.09.27-13.55.50:644][  0]LogTemp:Display: Loaded TP WindowsClientTargetPlatform
[2016.09.27-13.55.50:651][  0]LogTemp:Display: Loaded TP WindowsNoEditorTargetPlatform
[2016.09.27-13.55.50:658][  0]LogTemp:Display: Loaded TP WindowsServerTargetPlatform
[2016.09.27-13.55.50:667][  0]LogTemp:Display: Loaded TP WindowsTargetPlatform
[2016.09.27-13.55.50:674][  0]LogTemp:Display: Loaded TP AndroidTargetPlatform
[2016.09.27-13.55.50:680][  0]LogTemp:Display: Loaded TP Android_ASTCTargetPlatform
[2016.09.27-13.55.50:686][  0]LogTemp:Display: Loaded TP Android_ATCTargetPlatform
[2016.09.27-13.55.50:692][  0]LogTemp:Display: Loaded TP Android_DXTTargetPlatform
[2016.09.27-13.55.50:698][  0]LogTemp:Display: Loaded TP Android_ETC1TargetPlatform
[2016.09.27-13.55.50:705][  0]LogTemp:Display: Loaded TP Android_ETC2TargetPlatform
[2016.09.27-13.55.50:718][  0]LogTemp:Display: Loaded TP Android_MultiTargetPlatform
[2016.09.27-13.55.50:718][  0]LogTemp:Display: Loaded TP Android_PVRTCTargetPlatform
[2016.09.27-13.55.50:719][  0]LogTemp:Display: Loaded TP HTML5TargetPlatform
[2016.09.27-13.55.50:739][  0]LogTemp:Display: Loaded TP IOSTargetPlatform
[2016.09.27-13.55.50:744][  0]LogTemp:Display: Loaded TP TVOSTargetPlatform
[2016.09.27-13.55.50:750][  0]LogTemp:Display: Loaded TP LinuxClientTargetPlatform
[2016.09.27-13.55.50:756][  0]LogTemp:Display: Loaded TP LinuxNoEditorTargetPlatform
[2016.09.27-13.55.50:762][  0]LogTemp:Display: Loaded TP LinuxServerTargetPlatform
[2016.09.27-13.55.50:768][  0]LogTemp:Display: Loaded TP LinuxTargetPlatform
[2016.09.27-13.55.50:768][  0]LogTargetPlatformManager:Display: Building Assets For Windows
[2016.09.27-13.55.50:827][  0]LogDerivedDataCache:Display: Max Cache Size: 512 MB
[2016.09.27-13.55.50:885][  0]LogDerivedDataCache: Loaded boot cache 0.06s 62MB C:/Users/egimenez/AppData/Local/UnrealEngine/4.13/DerivedDataCache/Boot.ddc.
[2016.09.27-13.55.50:886][  0]LogDerivedDataCache:Display: Loaded Boot cache: C:/Users/egimenez/AppData/Local/UnrealEngine/4.13/DerivedDataCache/Boot.ddc
[2016.09.27-13.55.50:886][  0]LogDerivedDataCache: FDerivedDataBackendGraph:  Pak pak cache file ../../../../../../Users/egimenez/Desktop/ENTI/VAN/VANsGame/Mechanics/BasicMechanics/DerivedDataCache/DDC.ddp not found, will not use a pak cache.
[2016.09.27-13.55.50:886][  0]LogDerivedDataCache: Unable to find inner node Pak for hierarchical cache Hierarchy.
[2016.09.27-13.55.50:886][  0]LogDerivedDataCache: FDerivedDataBackendGraph:  CompressedPak pak cache file ../../../../../../Users/egimenez/Desktop/ENTI/VAN/VANsGame/Mechanics/BasicMechanics/DerivedDataCache/Compressed.ddp not found, will not use a pak cache.
[2016.09.27-13.55.50:886][  0]LogDerivedDataCache: Unable to find inner node CompressedPak for hierarchical cache Hierarchy.
[2016.09.27-13.55.50:901][  0]LogDerivedDataCache:Display: Pak cache opened for reading ../../../Engine/DerivedDataCache/Compressed.ddp.
[2016.09.27-13.55.50:913][  0]LogDerivedDataCache: Using Local data cache path C:/Users/egimenez/AppData/Local/UnrealEngine/Common/DerivedDataCache: Writable
[2016.09.27-13.55.51:093][  0]LogInit: Selected Device Profile: [Windows]
[2016.09.27-13.55.51:096][  0]LogContentStreaming: Texture pool size is 0.00 MB
[2016.09.27-13.55.51:179][  0]LogMeshUtilities: No automatic mesh reduction module available
[2016.09.27-13.55.51:179][  0]LogMeshUtilities: No automatic mesh merging module available
[2016.09.27-13.55.51:179][  0]LogMeshUtilities: No distributed automatic mesh merging module available
[2016.09.27-13.55.51:238][  0]LogMaterial: Uniform references updated for custom material expression Custom.
[2016.09.27-13.55.51:504][  0]LogNetVersion: GetLocalNetworkVersion: CL: 3106830, ProjectName: basicmechanics, ProjectVersion: , EngineNetworkVersion: 1, GameNetworkVersion: 0, NetworkChecksum: 2647762835
[2016.09.27-13.55.51:539][  0]LogAssetRegistry: FAssetRegistry took 0.0215 seconds to start up
[2016.09.27-13.55.51:562][  0]LogPackageLocalizationCache: Processed 3 localized package path(s) for 2 prioritized culture(s) in 0.021320 seconds
[2016.09.27-13.55.51:567][  0]LogUObjectArray: 29777 objects as part of root set at end of initial load.
[2016.09.27-13.55.51:567][  0]LogUObjectAllocator: 6124704 out of 0 bytes used by permanent object pool.
[2016.09.27-13.55.51:568][  0]LogUObjectArray: CloseDisregardForGC: 0/0 objects in disregard for GC pool
[2016.09.27-13.55.51:572][  0]LogInit: WinSock: version 1.1 (2.2), MaxSocks=32767, MaxUdp=65467
[2016.09.27-13.55.51:745][  0]LogSlate: SlateFontCache - WITH_FREETYPE: 1, WITH_HARFBUZZ: 1
[2016.09.27-13.55.51:745][  0]LogSlate: SlateFontCache - WITH_FREETYPE: 1, WITH_HARFBUZZ: 1
[2016.09.27-13.55.52:306][  0]LogUdpMessaging: Initializing bridge on interface 0.0.0.0:0 to multicast group 230.0.0.1:6666.
[2016.09.27-13.55.52:508][  0]SourceControl: Info Source control is disabled
[2016.09.27-13.55.52:548][  0]SourceControl: Info Source control is disabled
[2016.09.27-13.55.52:555][  0]SourceControl: Info Source control is disabled
[2016.09.27-13.55.52:562][  0]SourceControl: Info Source control is disabled
[2016.09.27-13.55.52:611][  0]LogLinker:Warning: Can't find file '/Game/ThirdPersonBP/ThirdPersonOverview'
[2016.09.27-13.55.52:611][  0]LogLinker:Warning: Can't find file '/Game/ThirdPersonBP/ThirdPersonOverview'
[2016.09.27-13.55.52:612][  0]LogUObjectGlobals:Warning: Failed to find object 'Class /Game/ThirdPersonBP/ThirdPersonOverview.ThirdPersonOverview_C'
[2016.09.27-13.55.52:769][  0]LogEngine: Initializing Engine...
[2016.09.27-13.55.52:769][  0]LogHMD: Oculus plugin initialized. Version: 4.13.0-3106830+++UE4+Release-4.13, LibOVR: 1.6.0, SDK: 1.6.0, built Aug 30 2016, 18:13:21
[2016.09.27-13.55.52:895][  0]LogAIModule: Creating AISystem for world Untitled
[2016.09.27-13.55.52:903][  0]LogInit: XAudio2 using 'BenQ GL2250H-4 (NVIDIA High Definition Audio)' : 2 channels at 48 kHz using 16 bits per sample (channel mask 0x3)
[2016.09.27-13.55.52:938][  0]LogInit: FAudioDevice initialized.
[2016.09.27-13.55.52:966][  0]LogDerivedDataCache: Saved boot cache 0.03s 62MB C:/Users/egimenez/AppData/Local/UnrealEngine/4.13/DerivedDataCache/Boot.ddc.
[2016.09.27-13.55.52:978][  0]LogInit: Texture streaming: Enabled
[2016.09.27-13.55.52:998][  0]LogInit: Transaction tracking system initialized
[2016.09.27-13.55.53:015][  0]BlueprintLog: New page: Editor Load
[2016.09.27-13.55.53:075][  0]LocalizationService: Info Localization service is disabled
[2016.09.27-13.55.53:134][  0]LogConsoleResponse:Display: 
[2016.09.27-13.55.53:231][  0]LogCook:Display: Max memory allowance for cook 16384mb min free memory 0mb
[2016.09.27-13.55.53:231][  0]LogCook:Display: Mobile HDR setting 1
[2016.09.27-13.55.53:342][  0]LogFileCache: Scanning file cache for directory 'C:/Users/egimenez/Desktop/ENTI/VAN/VANsGame/Mechanics/BasicMechanics/Content/' took 0.01s
[2016.09.27-13.55.53:342][  0]SourceControl: Info Source control is disabled
[2016.09.27-13.55.53:342][  0]Cmd: MAP LOAD FILE="../../../../../../Users/egimenez/Desktop/ENTI/VAN/VANsGame/Mechanics/BasicMechanics/Content/TopDownBP/Maps/TopDownExampleMap.umap" TEMPLATE=0 SHOWPROGRESS=1 FEATURELEVEL=3
[2016.09.27-13.55.53:343][  0]LightingResults: New page: Lighting Build
[2016.09.27-13.55.53:345][  0]MapCheck: New page: Map Check
[2016.09.27-13.55.53:345][  0]LightingResults: New page: Lighting Build
[2016.09.27-13.55.53:674][  0]LogTexture:Display: Building textures: HQ_Lightmap0_6 (AutoDXT)
[2016.09.27-13.55.53:692][  0]LogTexture:Display: Building textures: HQ_Lightmap1_1 (AutoDXT)
[2016.09.27-13.55.53:835][  0]LogTexture:Display: Building textures: HQ_Lightmap1_2 (AutoDXT)
[2016.09.27-13.55.53:887][  0]LogTexture:Display: Building textures: HQ_Lightmap1_3 (AutoDXT)
[2016.09.27-13.55.53:996][  0]LogTexture:Display: Building textures: HQ_Lightmap1_4 (AutoDXT)
[2016.09.27-13.55.54:034][  0]LogTexture:Display: Building textures: HQ_Lightmap1_5 (AutoDXT)
[2016.09.27-13.55.54:121][  0]LogTexture:Display: Building textures: LQ_Lightmap_0_6 (DXT1)
[2016.09.27-13.55.54:133][  0]LogTexture:Display: Building textures: LQ_Lightmap_1_1 (DXT1)
[2016.09.27-13.55.54:209][  0]LogTexture:Display: Building textures: LQ_Lightmap_1_2 (DXT1)
[2016.09.27-13.55.54:227][  0]LogTexture:Display: Building textures: LQ_Lightmap_1_3 (DXT1)
[2016.09.27-13.55.54:268][  0]LogTexture:Display: Building textures: LQ_Lightmap_1_4 (DXT1)
[2016.09.27-13.55.54:287][  0]LogTexture:Display: Building textures: LQ_Lightmap_1_5 (DXT1)
[2016.09.27-13.55.54:326][  0]LogTexture:Display: Building textures: SkyOcclusion1_1 (AutoDXT)
[2016.09.27-13.55.54:409][  0]LogTexture:Display: Building textures: SkyOcclusion1_2 (AutoDXT)
[2016.09.27-13.55.54:434][  0]LogTexture:Display: Building textures: SkyOcclusion1_3 (AutoDXT)
[2016.09.27-13.55.54:475][  0]LogTexture:Display: Building textures: SkyOcclusion1_4 (AutoDXT)
[2016.09.27-13.55.54:493][  0]LogTexture:Display: Building textures: SkyOcclusion1_5 (AutoDXT)
[2016.09.27-13.55.54:534][  0]LogTexture:Display: Building textures: SkyOcclusion1_6 (AutoDXT)
[2016.09.27-13.55.54:636][  0]LogAIModule: Creating AISystem for world TopDownExampleMap
[2016.09.27-13.55.54:644][  0]LogEditorServer: Finished looking for orphan Actors (0.000 secs)
[2016.09.27-13.55.54:644][  0]Cmd: MAP CHECKDEP NOCLEARLOG
[2016.09.27-13.55.54:680][  0]MapCheck: Info Map check complete: 0 Error(s), 0 Warning(s), took 35.732ms to complete.
[2016.09.27-13.55.54:680][  0]LogFileHelpers: Loading map 'TopDownExampleMap' took 1.338
[2016.09.27-13.55.54:796][  0]LogCollectionManager: Loaded 0 collections in 0.001273 seconds
[2016.09.27-13.55.54:835][  0]LogFileCache: Scanning file cache for directory 'C:/Users/egimenez/Desktop/ENTI/VAN/VANsGame/Mechanics/BasicMechanics/Saved/Collections/' took 0.01s
[2016.09.27-13.55.54:835][  0]LogFileCache: Scanning file cache for directory 'C:/Users/egimenez/Desktop/ENTI/VAN/VANsGame/Mechanics/BasicMechanics/Content/Developers/egimenez/Collections/' took 0.01s
[2016.09.27-13.55.54:835][  0]LogFileCache: Scanning file cache for directory 'C:/Users/egimenez/Desktop/ENTI/VAN/VANsGame/Mechanics/BasicMechanics/Content/Collections/' took 0.01s
[2016.09.27-13.55.54:835][  0]LogCollectionManager: Rebuilt the GUID cache for 0 collections in 0.000003 seconds
[2016.09.27-13.55.54:843][  0]LogContentBrowser: Native class hierarchy populated in 0.0079 seconds. Added 2141 classes and 415 folders.
[2016.09.27-13.55.54:846][  0]LogStats: UGameplayTagsManager::ConstructGameplayTagTree: Construct from data asset -  0.000 s
[2016.09.27-13.55.54:846][  0]LogStats: UGameplayTagsManager::ConstructGameplayTagTree: GameplayTagTreeChangedEvent.Broadcast -  0.000 s
[2016.09.27-13.55.54:846][  0]LogContentBrowser: Native class hierarchy updated for 'GameplayTags' in 0.0004 seconds. Added 12 classes and 0 folders.
[2016.09.27-13.55.54:849][  0]LogContentBrowser: Native class hierarchy updated for 'WidgetCarousel' in 0.0003 seconds. Added 0 classes and 0 folders.
[2016.09.27-13.55.54:881][  0]LogContentBrowser: Native class hierarchy updated for 'AddContentDialog' in 0.0004 seconds. Added 0 classes and 0 folders.
[2016.09.27-13.55.54:885][  0]LogContentBrowser: Native class hierarchy updated for 'SceneOutliner' in 0.0004 seconds. Added 1 classes and 2 folders.
[2016.09.27-13.55.54:898][  0]LogCrashTracker: Crashtracker disabled due to settings.
[2016.09.27-13.55.54:904][  0]LogUObjectGlobals:Warning: Failed to find object 'Class None.'
[2016.09.27-13.55.54:931][  0]LogContentBrowser: Native class hierarchy updated for 'HierarchicalLODOutliner' in 0.0004 seconds. Added 1 classes and 2 folders.
[2016.09.27-13.55.54:931][  0]LogLoad: (Engine Initialization) Total time: 7.01 seconds
[2016.09.27-13.55.54:931][  0]LogLoad: (Engine Initialization) Total Blueprint compile time: 0.13 seconds
[2016.09.27-13.55.54:931][  0]LogExternalProfiler: Found external profiler: VSPerf
[2016.09.27-13.55.54:931][  0]LogExternalProfiler: Using external profiler: VSPerf
[2016.09.27-13.55.54:940][  0]LogWindowsTextInputMethodSystem:Display: IME system now deactivated.
[2016.09.27-13.55.54:940][  0]LogOcInput: OculusInput pre-init called
[2016.09.27-13.55.54:949][  0]LogOcInput: OculusInput is initialized. Init status 0. Runtime version: 1.6.0
[2016.09.27-13.55.54:968][  0]LogContentStreaming: Texture pool size now 1000 MB
[2016.09.27-13.55.55:096][  0]LogRenderer: Reallocating scene render targets to support 956x632 (Frame:2).
[2016.09.27-13.55.55:173][  1]LogAssetRegistry: Asset discovery search completed in 3.6558 seconds
[2016.09.27-13.55.55:173][  1]LogCollectionManager: Rebuilt the object cache for 0 collections in 0.000001 seconds (found 0 objects)
[2016.09.27-13.55.55:173][  1]LogCollectionManager: Fixed up redirectors for 0 collections in 0.000035 seconds (updated 0 objects)
[2016.09.27-13.56.03:333][963]Cmd: MAP LOAD FILE="../../../../../../Users/egimenez/Desktop/ENTI/VAN/VANsGame/Mechanics/BasicMechanics/Content/LEVELS/SimpleSwitch.umap" TEMPLATE=0 SHOWPROGRESS=1 FEATURELEVEL=3
[2016.09.27-13.56.03:341][963]LightingResults: New page: Lighting Build
[2016.09.27-13.56.03:342][963]LoadErrors: New page: Loading map: SimpleSwitch.umap
[2016.09.27-13.56.03:344][963]MapCheck: New page: Map Check
[2016.09.27-13.56.03:344][963]LightingResults: New page: Lighting Build
[2016.09.27-13.56.03:409][963]LogAIModule: Creating AISystem for world SimpleSwitch
[2016.09.27-13.56.03:426][963]LogEditorServer: Finished looking for orphan Actors (0.000 secs)
[2016.09.27-13.56.03:450][963]Cmd: MAP CHECKDEP NOCLEARLOG
[2016.09.27-13.56.03:489][963]MapCheck: Info Map check complete: 0 Error(s), 0 Warning(s), took 38.973ms to complete.
[2016.09.27-13.56.03:489][963]LogFileHelpers: Loading map 'SimpleSwitch' took 0.156
[2016.09.27-13.56.22:937][284]LogEditorViewport: Clicking on Actor (LMB): StaticMeshActor (Wall_Door_400x400)
[2016.09.27-13.56.24:483][460]LogEditorViewport: Clicking on Actor (LMB): StaticMeshActor (SM_MatPreviewMesh_02)
[2016.09.27-13.56.25:528][560]LogTexture:Display: Building textures: Texture2D_2 (G8)
[2016.09.27-13.56.34:005][556]LogEditorViewport: Clicking on Actor (LMB): StaticMeshActor (SM_MatPreviewMesh_02)
[2016.09.27-13.56.41:382][357]Cmd: TRANSACTION UNDO
[2016.09.27-13.56.41:382][357]LogEditorTransaction: Undo Vertex Paint
[2016.09.27-13.56.42:345][462]Cmd: TRANSACTION UNDO
[2016.09.27-13.56.42:345][462]LogEditorTransaction: Undo Vertex Paint
[2016.09.27-13.56.43:227][560]Cmd: TRANSACTION UNDO
[2016.09.27-13.56.43:227][560]LogEditorTransaction: Undo Vertex Paint
[2016.09.27-13.56.46:401][934]LogEditorViewport: Clicking on Actor (LMB): StaticMeshActor (Floor)
[2016.09.27-13.56.47:028][  5]LogEditorViewport: Clicking on Actor (LMB): StaticMeshActor (SM_MatPreviewMesh_02)
[2016.09.27-13.56.51:241][469]LogMaterial: Missing cached shader map for material M_MaterialSphere_Plain, compiling. 
[2016.09.27-13.56.51:320][469]LogMaterial: Missing cached shader map for material M_MaterialSphere_Plain, compiling. 
[2016.09.27-13.56.51:329][469]LogMaterial: 0.00 seconds spent updating 1 materials, 1 interfaces, 0 instances, 0 with static permutations.
[2016.09.27-13.57.00:742][406]LogMaterial: Missing cached shader map for material M_MaterialSphere_Plain, compiling. 
[2016.09.27-13.57.00:753][406]LogMaterial: Missing cached shader map for material M_MaterialSphere_Plain, compiling. 
[2016.09.27-13.57.00:761][406]LogMaterial: 0.00 seconds spent updating 1 materials, 1 interfaces, 0 instances, 0 with static permutations.
[2016.09.27-13.57.02:578][555]LogMaterial: Missing cached shader map for material M_MaterialSphere_Plain, compiling. 
[2016.09.27-13.57.02:590][555]LogMaterial: Missing cached shader map for material M_MaterialSphere_Plain, compiling. 
[2016.09.27-13.57.02:599][555]LogMaterial: 0.00 seconds spent updating 1 materials, 1 interfaces, 0 instances, 0 with static permutations.
[2016.09.27-13.57.04:083][693]LogMaterial: Missing cached shader map for material M_MaterialSphere_Plain, compiling. 
[2016.09.27-13.57.04:095][693]LogMaterial: Missing cached shader map for material M_MaterialSphere_Plain, compiling. 
[2016.09.27-13.57.04:104][693]LogMaterial: 0.00 seconds spent updating 1 materials, 1 interfaces, 0 instances, 0 with static permutations.
[2016.09.27-13.57.05:048][786]LogMaterial: Missing cached shader map for material M_MaterialSphere_Plain, compiling. 
[2016.09.27-13.57.05:059][786]LogMaterial: Missing cached shader map for material M_MaterialSphere_Plain, compiling. 
[2016.09.27-13.57.05:068][786]LogMaterial: 0.00 seconds spent updating 1 materials, 1 interfaces, 0 instances, 0 with static permutations.
[2016.09.27-13.57.06:978][922]LogMaterial: Missing cached shader map for material M_MaterialSphere_Plain, compiling. 
[2016.09.27-13.57.06:990][922]LogMaterial: Missing cached shader map for material M_MaterialSphere_Plain, compiling. 
[2016.09.27-13.57.06:999][922]LogMaterial: 0.00 seconds spent updating 1 materials, 1 interfaces, 0 instances, 0 with static permutations.
[2016.09.27-13.57.12:870][409]Cmd: TRANSACTION UNDO
[2016.09.27-13.57.12:870][409]LogEditorTransaction: Undo Edit Multiple Scattering Extinction
[2016.09.27-13.57.12:873][409]LogMaterial: Missing cached shader map for material M_MaterialSphere_Plain, compiling. 
[2016.09.27-13.57.12:893][409]LogMaterial: Missing cached shader map for material M_MaterialSphere_Plain, compiling. 
[2016.09.27-13.57.12:902][409]LogMaterial: 0.00 seconds spent updating 1 materials, 1 interfaces, 0 instances, 0 with static permutations.
[2016.09.27-13.57.34:394][640]LogMaterial: Missing cached shader map for material M_MaterialSphere_Plain, compiling. 
[2016.09.27-13.57.34:403][640]LogMaterial: 0.00 seconds spent updating 1 materials, 1 interfaces, 0 instances, 0 with static permutations.
[2016.09.27-13.57.41:401][426]LogMaterial: Missing cached shader map for material M_MaterialSphere_Plain, compiling. 
[2016.09.27-13.57.41:410][426]LogMaterial: 0.00 seconds spent updating 1 materials, 1 interfaces, 0 instances, 0 with static permutations.
[2016.09.27-13.57.48:356][203]LogMaterial: Missing cached shader map for material M_MaterialSphere_Plain, compiling. 
[2016.09.27-13.57.48:364][203]LogMaterial: 0.00 seconds spent updating 1 materials, 1 interfaces, 0 instances, 0 with static permutations.
[2016.09.27-13.58.09:140][387]LogMaterial: Missing cached shader map for material M_MaterialSphere_Plain, compiling. 
[2016.09.27-13.58.09:149][387]LogMaterial: 0.00 seconds spent updating 1 materials, 1 interfaces, 0 instances, 0 with static permutations.
[2016.09.27-13.58.09:151][387]LogMaterial: Missing cached shader map for material M_MaterialSphere_Plain, compiling. 
[2016.09.27-13.58.09:152][387]LogMaterial:Warning: Failed to compile Material /Engine/Transient.M_MaterialSphere_Plain for platform PCD3D_SM5, Default Material will be used in game.
[2016.09.27-13.58.09:152][387]LogMaterial:Warning: 	Only translucent materials can use the scene color node.
[2016.09.27-13.58.09:152][387]LogMaterial: 0.00 seconds spent updating 1 materials, 1 interfaces, 0 instances, 0 with static permutations.
[2016.09.27-13.58.13:319][843]LogMaterial: Missing cached shader map for material M_MaterialSphere_Plain, compiling. 
[2016.09.27-13.58.13:327][843]LogMaterial: 0.00 seconds spent updating 1 materials, 1 interfaces, 0 instances, 0 with static permutations.
[2016.09.27-13.58.28:876][468]LogMaterial: Missing cached shader map for material M_MaterialSphere_Plain, compiling. 
[2016.09.27-13.58.28:885][468]LogMaterial: 0.00 seconds spent updating 1 materials, 1 interfaces, 0 instances, 0 with static permutations.
[2016.09.27-13.58.28:887][468]LogMaterial: Missing cached shader map for material M_MaterialSphere_Plain, compiling. 
[2016.09.27-13.58.28:888][468]LogMaterial:Warning: Failed to compile Material /Engine/Transient.M_MaterialSphere_Plain for platform PCD3D_SM5, Default Material will be used in game.
[2016.09.27-13.58.28:888][468]LogMaterial:Warning: 	(Node Desaturation) Missing Desaturation input
[2016.09.27-13.58.28:888][468]LogMaterial: 0.00 seconds spent updating 1 materials, 1 interfaces, 0 instances, 0 with static permutations.
[2016.09.27-13.58.32:888][876]LogMaterial: Missing cached shader map for material M_MaterialSphere_Plain, compiling. 
[2016.09.27-13.58.32:889][876]LogMaterial:Warning: Failed to compile Material /Engine/Transient.M_MaterialSphere_Plain for platform PCD3D_SM5, Default Material will be used in game.
[2016.09.27-13.58.32:889][876]LogMaterial:Warning: 	(Node Desaturation) Missing Desaturation input
[2016.09.27-13.58.32:889][876]LogMaterial: 0.00 seconds spent updating 1 materials, 1 interfaces, 0 instances, 0 with static permutations.
[2016.09.27-13.58.33:519][943]LogMaterial: Missing cached shader map for material M_MaterialSphere_Plain, compiling. 
[2016.09.27-13.58.33:519][943]LogMaterial:Warning: Failed to compile Material /Engine/Transient.M_MaterialSphere_Plain for platform PCD3D_SM5, Default Material will be used in game.
[2016.09.27-13.58.33:519][943]LogMaterial:Warning: 	(Node Desaturation) Missing Desaturation input
[2016.09.27-13.58.33:519][943]LogMaterial: 0.00 seconds spent updating 1 materials, 1 interfaces, 0 instances, 0 with static permutations.
[2016.09.27-13.58.34:281][ 17]LogMaterial: Missing cached shader map for material M_MaterialSphere_Plain, compiling. 
[2016.09.27-13.58.34:281][ 17]LogMaterial:Warning: Failed to compile Material /Engine/Transient.M_MaterialSphere_Plain for platform PCD3D_SM5, Default Material will be used in game.
[2016.09.27-13.58.34:281][ 17]LogMaterial:Warning: 	(Node Desaturation) Missing Desaturation input
[2016.09.27-13.58.34:281][ 17]LogMaterial: 0.00 seconds spent updating 1 materials, 1 interfaces, 0 instances, 0 with static permutations.
[2016.09.27-13.58.35:224][113]LogMaterial: Missing cached shader map for material M_MaterialSphere_Plain, compiling. 
[2016.09.27-13.58.35:224][113]LogMaterial:Warning: Failed to compile Material /Engine/Transient.M_MaterialSphere_Plain for platform PCD3D_SM5, Default Material will be used in game.
[2016.09.27-13.58.35:224][113]LogMaterial:Warning: 	(Node Desaturation) Missing Desaturation input
[2016.09.27-13.58.35:225][113]LogMaterial: 0.00 seconds spent updating 1 materials, 1 interfaces, 0 instances, 0 with static permutations.
[2016.09.27-13.58.41:937][778]LogMaterial: Missing cached shader map for material M_MaterialSphere_Plain, compiling. 
[2016.09.27-13.58.41:937][778]LogMaterial:Warning: Failed to compile Material /Engine/Transient.M_MaterialSphere_Plain for platform PCD3D_SM5, Default Material will be used in game.
[2016.09.27-13.58.41:937][778]LogMaterial:Warning: 	(Node Desaturation) Missing Desaturation input
[2016.09.27-13.58.41:937][778]LogMaterial: 0.00 seconds spent updating 1 materials, 1 interfaces, 0 instances, 0 with static permutations.
[2016.09.27-13.58.43:077][896]LogMaterial: Missing cached shader map for material M_MaterialSphere_Plain, compiling. 
[2016.09.27-13.58.43:077][896]LogMaterial:Warning: Failed to compile Material /Engine/Transient.M_MaterialSphere_Plain for platform PCD3D_SM5, Default Material will be used in game.
[2016.09.27-13.58.43:077][896]LogMaterial:Warning: 	(Node Desaturation) Missing Desaturation input
[2016.09.27-13.58.43:077][896]LogMaterial: 0.00 seconds spent updating 1 materials, 1 interfaces, 0 instances, 0 with static permutations.
[2016.09.27-13.58.58:935][619]LogMaterial: Missing cached shader map for material M_MaterialSphere_Plain, compiling. 
[2016.09.27-13.58.58:944][619]LogMaterial: 0.00 seconds spent updating 1 materials, 1 interfaces, 0 instances, 0 with static permutations.
[2016.09.27-14.01.46:027][  9]LogFactory: FactoryCreateFile: Texture with ReimportTextureFactory (0 0 C:\Users\egimenez\Desktop\ENTI\VAN\Resources\Photoshop\RedTexture.psd)
[2016.09.27-14.01.46:030][  9]LogTexture:Display: Building textures: RedTexture (AutoDXT)
[2016.09.27-14.01.50:159][272]LogEditorViewport: Clicking on Actor (LMB): StaticMeshActor (SM_MatPreviewMesh_02)
[2016.09.27-14.01.53:236][602]LogMaterial: Missing cached shader map for material PreviewMaterial_0, compiling. 
[2016.09.27-14.01.53:310][602]LogMaterial: Missing cached shader map for material PreviewMaterial_0, compiling. 
[2016.09.27-14.01.53:319][602]LogMaterial: 0.00 seconds spent updating 1 materials, 1 interfaces, 0 instances, 0 with static permutations.
[2016.09.27-14.01.58:371][ 44]LogMaterial: Missing cached shader map for material PreviewMaterial_0, compiling. 
[2016.09.27-14.01.58:381][ 44]LogMaterial: 0.00 seconds spent updating 1 materials, 1 interfaces, 0 instances, 0 with static permutations.
[2016.09.27-14.01.58:382][ 44]LogMaterial: Missing cached shader map for material FMatExpressionPreview MaterialExpressionTextureSample_0, compiling. 
[2016.09.27-14.01.58:410][ 44]LogMaterial: Missing cached shader map for material FMatExpressionPreview MaterialExpressionTextureSample_0, compiling. 
[2016.09.27-14.02.00:945][315]LogMaterial: Missing cached shader map for material PreviewMaterial_0, compiling. 
[2016.09.27-14.02.00:954][315]LogMaterial: 0.00 seconds spent updating 1 materials, 1 interfaces, 0 instances, 0 with static permutations.
[2016.09.27-14.02.00:982][315]LogMaterial: Missing cached shader map for material FMatExpressionPreview MaterialExpressionTextureSample_0, compiling. 
[2016.09.27-14.02.03:468][583]LogMaterial: Missing cached shader map for material PreviewMaterial_0, compiling. 
[2016.09.27-14.02.03:477][583]LogMaterial: 0.00 seconds spent updating 1 materials, 1 interfaces, 0 instances, 0 with static permutations.
[2016.09.27-14.02.05:530][804]LogMaterial: Missing cached shader map for material PreviewMaterial_0, compiling. 
[2016.09.27-14.02.05:539][804]LogMaterial: 0.00 seconds spent updating 1 materials, 1 interfaces, 0 instances, 0 with static permutations.
[2016.09.27-14.02.08:625][143]LogMaterialEditor: Saving and Compiling material M_MaterialSphere_Plain
[2016.09.27-14.02.09:011][143]LogMaterial: Missing cached shader map for material PreviewMaterial_0, compiling. 
[2016.09.27-14.02.09:029][143]LogMaterial: 0.00 seconds spent updating 1 materials, 1 interfaces, 0 instances, 0 with static permutations.
[2016.09.27-14.02.09:046][143]LogMaterial: Missing cached shader map for material M_MaterialSphere_Plain, compiling. 
[2016.09.27-14.02.09:064][143]LogMaterial: Missing cached shader map for material M_MaterialSphere_Plain, compiling. 
[2016.09.27-14.02.09:076][143]LogMaterial: 0.00 seconds spent updating 1 materials, 1 interfaces, 0 instances, 0 with static permutations.
[2016.09.27-14.02.10:716][143]LogSavePackage: Save=14.11ms
[2016.09.27-14.02.10:717][143]LogSavePackage: Moving '../../../../../../Users/egimenez/Desktop/ENTI/VAN/VANsGame/Mechanics/BasicMechanics/Saved/M_MaterialSphere_PlainBAF3C9D64E3B59F7B34C6CAE5D5BF51A.tmp' to '../../../../../../Users/egimenez/Desktop/ENTI/VAN/VANsGame/Mechanics/BasicMechanics/Content/StarterContent/Props/Materials/M_MaterialSphere_Plain.uasset'
[2016.09.27-14.02.10:721][143]LogSavePackage:Display: Finished SavePackage ../../../../../../Users/egimenez/Desktop/ENTI/VAN/VANsGame/Mechanics/BasicMechanics/Content/StarterContent/Props/Materials/M_MaterialSphere_Plain.uasset
[2016.09.27-14.02.14:274][498]LogEditorViewport: Clicking on Actor (LMB): StaticMeshActor (Floor)
[2016.09.27-14.02.15:210][605]LogEditorViewport: Clicking on Actor (LMB): StaticMeshActor (SM_MatPreviewMesh_02)
[2016.09.27-14.02.16:431][727]LogMaterial: Missing cached shader map for material PreviewMaterial_1, compiling. 
[2016.09.27-14.02.16:494][727]LogMaterial: Missing cached shader map for material PreviewMaterial_1, compiling. 
[2016.09.27-14.02.16:503][727]LogMaterial: 0.00 seconds spent updating 1 materials, 1 interfaces, 0 instances, 0 with static permutations.
[2016.09.27-14.02.16:530][727]LogMaterial: Missing cached shader map for material FMatExpressionPreview MaterialExpressionTextureSample_0, compiling. 
[2016.09.27-14.02.31:039][302]LogEditorTransaction: Undo Clicking on Actors
[2016.09.27-14.02.31:056][302]LogMaterial: Missing cached shader map for material PreviewMaterial_1, compiling. 
[2016.09.27-14.02.31:065][302]LogMaterial: 0.00 seconds spent updating 1 materials, 1 interfaces, 0 instances, 0 with static permutations.
[2016.09.27-14.02.33:584][563]LogEditorTransaction: Undo Clicking on Actors
[2016.09.27-14.02.33:600][563]LogMaterial: Missing cached shader map for material PreviewMaterial_1, compiling. 
[2016.09.27-14.02.33:610][563]LogMaterial: 0.00 seconds spent updating 1 materials, 1 interfaces, 0 instances, 0 with static permutations.
[2016.09.27-14.02.34:683][677]LogEditorTransaction: Undo Material Editor: Delete
[2016.09.27-14.02.34:687][677]LogMaterial: Missing cached shader map for material PreviewMaterial_0, compiling. 
[2016.09.27-14.02.34:698][677]LogMaterial: Missing cached shader map for material PreviewMaterial_1, compiling. 
[2016.09.27-14.02.34:708][677]LogMaterial: 0.00 seconds spent updating 1 materials, 1 interfaces, 0 instances, 0 with static permutations.
[2016.09.27-14.02.42:787][555]Cmd: TRANSACTION REDO
[2016.09.27-14.02.42:787][555]LogEditorTransaction: Redo Material Editor: Delete
[2016.09.27-14.02.42:790][555]LogMaterial: Missing cached shader map for material PreviewMaterial_0, compiling. 
[2016.09.27-14.02.42:801][555]LogMaterial: Missing cached shader map for material PreviewMaterial_1, compiling. 
[2016.09.27-14.02.42:809][555]LogMaterial: 0.00 seconds spent updating 1 materials, 1 interfaces, 0 instances, 0 with static permutations.
[2016.09.27-14.02.44:536][730]Cmd: TRANSACTION UNDO
[2016.09.27-14.02.44:536][730]LogEditorTransaction: Undo Material Editor: Delete
[2016.09.27-14.02.44:539][730]LogMaterial: Missing cached shader map for material PreviewMaterial_0, compiling. 
[2016.09.27-14.02.44:550][730]LogMaterial: Missing cached shader map for material PreviewMaterial_1, compiling. 
[2016.09.27-14.02.44:559][730]LogMaterial: 0.00 seconds spent updating 1 materials, 1 interfaces, 0 instances, 0 with static permutations.
[2016.09.27-14.02.45:445][822]Cmd: TRANSACTION UNDO
[2016.09.27-14.02.45:445][822]LogEditorTransaction: Undo Material Editor: Delete
[2016.09.27-14.02.45:448][822]LogMaterial: Missing cached shader map for material PreviewMaterial_0, compiling. 
[2016.09.27-14.02.45:459][822]LogMaterial: Missing cached shader map for material PreviewMaterial_1, compiling. 
[2016.09.27-14.02.45:468][822]LogMaterial: 0.00 seconds spent updating 1 materials, 1 interfaces, 0 instances, 0 with static permutations.
[2016.09.27-14.02.47:708][ 66]Cmd: TRANSACTION UNDO
[2016.09.27-14.02.47:708][ 66]LogEditorTransaction: Undo Create Pin Link
[2016.09.27-14.02.47:710][ 66]LogMaterial: Missing cached shader map for material PreviewMaterial_0, compiling. 
[2016.09.27-14.02.47:722][ 66]LogMaterial: Missing cached shader map for material PreviewMaterial_1, compiling. 
[2016.09.27-14.02.47:732][ 66]LogMaterial: 0.00 seconds spent updating 1 materials, 1 interfaces, 0 instances, 0 with static permutations.
[2016.09.27-14.02.50:303][342]Cmd: TRANSACTION UNDO
[2016.09.27-14.02.50:303][342]LogEditorTransaction: Undo Material Editor: New Expression
[2016.09.27-14.02.50:305][342]LogMaterial: Missing cached shader map for material PreviewMaterial_0, compiling. 
[2016.09.27-14.02.50:316][342]LogMaterial: Missing cached shader map for material PreviewMaterial_1, compiling. 
[2016.09.27-14.02.50:325][342]LogMaterial: 0.00 seconds spent updating 1 materials, 1 interfaces, 0 instances, 0 with static permutations.
[2016.09.27-14.02.51:744][491]Cmd: TRANSACTION UNDO
[2016.09.27-14.02.51:744][491]LogEditorTransaction: Undo Clicking on Actors
[2016.09.27-14.02.51:747][491]LogMaterial: Missing cached shader map for material PreviewMaterial_1, compiling. 
[2016.09.27-14.02.51:755][491]LogMaterial: 0.00 seconds spent updating 1 materials, 1 interfaces, 0 instances, 0 with static permutations.
[2016.09.27-14.02.52:920][614]Cmd: TRANSACTION UNDO
[2016.09.27-14.02.52:920][614]LogEditorTransaction: Undo Material Editor: Delete
[2016.09.27-14.02.52:923][614]LogMaterial: Missing cached shader map for material M_MaterialSphere_Plain, compiling. 
[2016.09.27-14.02.52:923][614]LogMaterial:Warning: Failed to compile Material /Engine/Transient.M_MaterialSphere_Plain for platform PCD3D_SM5, Default Material will be used in game.
[2016.09.27-14.02.52:923][614]LogMaterial:Warning: 	(Node Desaturation) Missing Desaturation input
[2016.09.27-14.02.52:925][614]LogMaterial: Missing cached shader map for material PreviewMaterial_1, compiling. 
[2016.09.27-14.02.52:934][614]LogMaterial: 0.00 seconds spent updating 1 materials, 1 interfaces, 0 instances, 0 with static permutations.
[2016.09.27-14.02.57:183][923]LogEditorViewport: Clicking on Actor (LMB): StaticMeshActor (Floor)
[2016.09.27-14.02.57:845][998]LogEditorViewport: Clicking on Actor (LMB): StaticMeshActor (SM_MatPreviewMesh_02)
[2016.09.27-14.02.59:872][198]LogMaterial: Missing cached shader map for material PreviewMaterial_2, compiling. 
[2016.09.27-14.02.59:935][198]LogMaterial: Missing cached shader map for material PreviewMaterial_2, compiling. 
[2016.09.27-14.02.59:944][198]LogMaterial: 0.00 seconds spent updating 1 materials, 1 interfaces, 0 instances, 0 with static permutations.
[2016.09.27-14.02.59:969][198]LogMaterial: Missing cached shader map for material FMatExpressionPreview MaterialExpressionTextureSample_0, compiling. 
[2016.09.27-14.03.15:857][913]LogMaterial: Missing cached shader map for material PreviewMaterial_2, compiling. 
[2016.09.27-14.03.15:867][913]LogMaterial: 0.00 seconds spent updating 1 materials, 1 interfaces, 0 instances, 0 with static permutations.
[2016.09.27-14.03.15:869][913]LogMaterial: Missing cached shader map for material PreviewMaterial_2, compiling. 
[2016.09.27-14.03.15:870][913]LogMaterial:Warning: Failed to compile Material /Engine/Transient.PreviewMaterial_2 for platform PCD3D_SM5, Default Material will be used in game.
[2016.09.27-14.03.15:870][913]LogMaterial:Warning: 	(Node Abs) Missing Abs input
[2016.09.27-14.03.15:870][913]LogMaterial: 0.00 seconds spent updating 1 materials, 1 interfaces, 0 instances, 0 with static permutations.
[2016.09.27-14.03.18:289][179]LogMaterial: Missing cached shader map for material PreviewMaterial_2, compiling. 
[2016.09.27-14.03.18:297][179]LogMaterial: 0.00 seconds spent updating 1 materials, 1 interfaces, 0 instances, 0 with static permutations.
[2016.09.27-14.03.57:793][524]LogMaterial: Missing cached shader map for material PreviewMaterial_2, compiling. 
[2016.09.27-14.03.57:802][524]LogMaterial: 0.00 seconds spent updating 1 materials, 1 interfaces, 0 instances, 0 with static permutations.
[2016.09.27-14.03.57:804][524]LogMaterial: Missing cached shader map for material PreviewMaterial_2, compiling. 
[2016.09.27-14.03.57:813][524]LogMaterial: 0.00 seconds spent updating 1 materials, 1 interfaces, 0 instances, 0 with static permutations.
[2016.09.27-14.03.59:345][688]LogMaterial: Missing cached shader map for material PreviewMaterial_2, compiling. 
[2016.09.27-14.03.59:354][688]LogMaterial: 0.00 seconds spent updating 1 materials, 1 interfaces, 0 instances, 0 with static permutations.
[2016.09.27-14.04.01:034][849]LogMaterial: Missing cached shader map for material M_MaterialSphere, compiling. 
[2016.09.27-14.04.01:091][849]LogMaterial: Missing cached shader map for material M_MaterialSphere, compiling. 
[2016.09.27-14.04.01:099][849]LogMaterial: 0.00 seconds spent updating 1 materials, 1 interfaces, 0 instances, 0 with static permutations.
[2016.09.27-14.04.01:128][849]LogMaterial: Missing cached shader map for material FMatExpressionPreview MaterialExpressionConstant3Vector_7, compiling. 
[2016.09.27-14.04.06:908][472]LogMaterial: Missing cached shader map for material FMatExpressionPreview MaterialExpressionConstant_3, compiling. 
[2016.09.27-14.04.17:030][303]LogMaterial: Missing cached shader map for material PreviewMaterial_3, compiling. 
[2016.09.27-14.04.17:091][303]LogMaterial: Missing cached shader map for material PreviewMaterial_3, compiling. 
[2016.09.27-14.04.17:099][303]LogMaterial: 0.00 seconds spent updating 1 materials, 1 interfaces, 0 instances, 0 with static permutations.
[2016.09.27-14.04.17:128][303]LogMaterial: Missing cached shader map for material FMatExpressionPreview MaterialExpressionTextureSample_0, compiling. 
[2016.09.27-14.04.21:733][784]LogMaterial: Missing cached shader map for material PreviewMaterial_3, compiling. 
[2016.09.27-14.04.21:742][784]LogMaterial: 0.00 seconds spent updating 1 materials, 1 interfaces, 0 instances, 0 with static permutations.
[2016.09.27-14.04.21:744][784]LogMaterial: Missing cached shader map for material PreviewMaterial_3, compiling. 
[2016.09.27-14.04.21:754][784]LogMaterial: 0.00 seconds spent updating 1 materials, 1 interfaces, 0 instances, 0 with static permutations.
[2016.09.27-14.04.27:375][408]LogMaterial: Missing cached shader map for material PreviewMaterial_3, compiling. 
[2016.09.27-14.04.27:385][408]LogMaterial: 0.00 seconds spent updating 1 materials, 1 interfaces, 0 instances, 0 with static permutations.
[2016.09.27-14.04.28:858][568]LogMaterialEditor: Saving and Compiling material M_MaterialSphere_Plain
[2016.09.27-14.04.29:242][568]LogMaterial: Missing cached shader map for material PreviewMaterial_3, compiling. 
[2016.09.27-14.04.29:260][568]LogMaterial: 0.00 seconds spent updating 1 materials, 1 interfaces, 0 instances, 0 with static permutations.
[2016.09.27-14.04.29:274][568]LogMaterial: Missing cached shader map for material M_MaterialSphere_Plain, compiling. 
[2016.09.27-14.04.29:290][568]LogMaterial: Missing cached shader map for material M_MaterialSphere_Plain, compiling. 
[2016.09.27-14.04.29:301][568]LogMaterial: 0.00 seconds spent updating 1 materials, 1 interfaces, 0 instances, 0 with static permutations.
[2016.09.27-14.04.30:937][568]LogSavePackage: Save=13.62ms
[2016.09.27-14.04.30:937][568]LogSavePackage: Moving '../../../../../../Users/egimenez/Desktop/ENTI/VAN/VANsGame/Mechanics/BasicMechanics/Saved/M_MaterialSphere_PlainB8CBB00243841DC071B004B5673DF6C3.tmp' to '../../../../../../Users/egimenez/Desktop/ENTI/VAN/VANsGame/Mechanics/BasicMechanics/Content/StarterContent/Props/Materials/M_MaterialSphere_Plain.uasset'
[2016.09.27-14.04.30:939][568]LogSavePackage:Display: Finished SavePackage ../../../../../../Users/egimenez/Desktop/ENTI/VAN/VANsGame/Mechanics/BasicMechanics/Content/StarterContent/Props/Materials/M_MaterialSphere_Plain.uasset
[2016.09.27-14.04.32:446][731]LogEditorViewport: Clicking on Actor (LMB): StaticMeshActor (Floor)
[2016.09.27-14.04.37:427][315]LogEditorViewport: Clicking on Actor (LMB): StaticMeshActor (SM_MatPreviewMesh_02)
[2016.09.27-14.04.43:775][908]LogMaterial: Missing cached shader map for material PreviewMaterial_4, compiling. 
[2016.09.27-14.04.43:843][908]LogMaterial: Missing cached shader map for material PreviewMaterial_4, compiling. 
[2016.09.27-14.04.43:852][908]LogMaterial: 0.00 seconds spent updating 1 materials, 1 interfaces, 0 instances, 0 with static permutations.
[2016.09.27-14.04.43:876][908]LogMaterial: Missing cached shader map for material FMatExpressionPreview MaterialExpressionConstant3Vector_7, compiling. 
[2016.09.27-14.04.56:648][271]LogEditorViewport: Clicking on Actor (LMB): StaticMeshActor (Floor)
[2016.09.27-14.04.57:307][345]LogEditorViewport: Clicking on Actor (LMB): StaticMeshActor (Floor)
[2016.09.27-14.04.58:036][431]LogEditorViewport: Clicking on Actor (LMB): StaticMeshActor (Floor)
[2016.09.27-14.04.58:559][492]LogEditorViewport: Clicking on Actor (LMB): StaticMeshActor (SM_MatPreviewMesh_02)
[2016.09.27-14.05.02:708][911]LogEditorViewport: Clicking on Actor (LMB): StaticMeshActor (Floor)
[2016.09.27-14.05.03:429][993]LogEditorViewport: Clicking on Actor (context menu): StaticMeshActor (Floor)
[2016.09.27-14.05.04:090][ 68]LogEditorViewport: Clicking on Actor (LMB): StaticMeshActor (Floor)
[2016.09.27-14.05.09:137][644]LogEditorViewport: Clicking on Actor (LMB): StaticMeshActor (SM_MatPreviewMesh_02)
[2016.09.27-14.05.10:144][737]LogMaterial: Missing cached shader map for material PreviewMaterial_5, compiling. 
[2016.09.27-14.05.10:212][737]LogMaterial: Missing cached shader map for material PreviewMaterial_5, compiling. 
[2016.09.27-14.05.10:222][737]LogMaterial: 0.00 seconds spent updating 1 materials, 1 interfaces, 0 instances, 0 with static permutations.
[2016.09.27-14.05.10:250][737]LogMaterial: Missing cached shader map for material FMatExpressionPreview MaterialExpressionTextureSample_0, compiling. 
[2016.09.27-14.05.12:681][987]LogMaterial: Missing cached shader map for material PreviewMaterial_5, compiling. 
[2016.09.27-14.05.12:690][987]LogMaterial: 0.00 seconds spent updating 1 materials, 1 interfaces, 0 instances, 0 with static permutations.
[2016.09.27-14.05.14:555][194]LogMaterial: Missing cached shader map for material PreviewMaterial_5, compiling. 
[2016.09.27-14.05.14:565][194]LogMaterial: 0.00 seconds spent updating 1 materials, 1 interfaces, 0 instances, 0 with static permutations.
[2016.09.27-14.05.15:663][314]LogMaterialEditor: Saving and Compiling material M_MaterialSphere_Plain
[2016.09.27-14.05.16:052][314]LogMaterial: Missing cached shader map for material PreviewMaterial_5, compiling. 
[2016.09.27-14.05.16:068][314]LogMaterial: 0.00 seconds spent updating 1 materials, 1 interfaces, 0 instances, 0 with static permutations.
[2016.09.27-14.05.16:080][314]LogMaterial: Missing cached shader map for material M_MaterialSphere_Plain, compiling. 
[2016.09.27-14.05.16:098][314]LogMaterial: Missing cached shader map for material M_MaterialSphere_Plain, compiling. 
[2016.09.27-14.05.16:110][314]LogMaterial: 0.00 seconds spent updating 1 materials, 1 interfaces, 0 instances, 0 with static permutations.
[2016.09.27-14.05.17:797][314]LogSavePackage: Save=14.39ms
[2016.09.27-14.05.17:797][314]LogSavePackage: Moving '../../../../../../Users/egimenez/Desktop/ENTI/VAN/VANsGame/Mechanics/BasicMechanics/Saved/M_MaterialSphere_Plain7ADC8C0744C25AE6A42A1DA49358C9CD.tmp' to '../../../../../../Users/egimenez/Desktop/ENTI/VAN/VANsGame/Mechanics/BasicMechanics/Content/StarterContent/Props/Materials/M_MaterialSphere_Plain.uasset'
[2016.09.27-14.05.17:800][314]LogSavePackage:Display: Finished SavePackage ../../../../../../Users/egimenez/Desktop/ENTI/VAN/VANsGame/Mechanics/BasicMechanics/Content/StarterContent/Props/Materials/M_MaterialSphere_Plain.uasset
[2016.09.27-14.05.18:880][430]LogEditorViewport: Clicking on Actor (LMB): StaticMeshActor (Floor)
[2016.09.27-14.05.19:985][558]LogEditorViewport: Clicking on Actor (LMB): StaticMeshActor (Floor)
[2016.09.27-14.05.20:647][636]LogEditorViewport: Clicking on Actor (LMB): StaticMeshActor (Floor)
[2016.09.27-14.05.23:551][959]LogEditorViewport: Clicking on Actor (LMB): StaticMeshActor (SM_MatPreviewMesh_02)
[2016.09.27-14.05.24:289][ 43]LogEditorViewport: Clicking on Actor (LMB): StaticMeshActor (Wall_Door_400x400)
[2016.09.27-14.05.24:679][ 84]LogEditorViewport: Clicking on Actor (LMB): StaticMeshActor (Wall_400x301)
[2016.09.27-14.05.26:713][324]Cmd: EDIT COPY
[2016.09.27-14.05.26:941][351]Cmd: EDIT PASTE
[2016.09.27-14.05.31:347][866]LogPhysics:Warning: Scale 'X=0.000 Y=1.000 Z=0.700' is not valid on object '/Game/LEVELS/SimpleSwitch.SimpleSwitch:PersistentLevel.Wall_400x303.StaticMeshComponent0 Wall_400x300'.
[2016.09.27-14.05.31:649][902]LogPhysics:Warning: Scale 'X=0.000 Y=1.000 Z=0.700' is not valid on object '/Game/LEVELS/SimpleSwitch.SimpleSwitch:PersistentLevel.Wall_400x303.StaticMeshComponent0 Wall_400x300'.
[2016.09.27-14.05.46:107][625]LogEditorViewport: Clicking on Actor (LMB): StaticMeshActor (Floor)
[2016.09.27-14.05.46:600][680]LogEditorViewport: Clicking on Actor (LMB): StaticMeshActor (Wall_400x303)
[2016.09.27-14.05.48:665][920]LogMaterial: Missing cached shader map for material RedTexture_Mat, compiling. 
[2016.09.27-14.05.52:699][393]LogMaterial: Missing cached shader map for material RedTexture_Mat, compiling. 
[2016.09.27-14.05.52:766][393]LogMaterial: Missing cached shader map for material RedTexture_Mat, compiling. 
[2016.09.27-14.05.52:775][393]LogMaterial: 0.00 seconds spent updating 1 materials, 1 interfaces, 0 instances, 0 with static permutations.
[2016.09.27-14.05.52:805][393]LogMaterial: Missing cached shader map for material FMatExpressionPreview MaterialExpressionTextureSample_0, compiling. 
[2016.09.27-14.05.59:706][ 90]LogMaterial: Missing cached shader map for material RedTexture_Mat, compiling. 
[2016.09.27-14.05.59:714][ 90]LogMaterial: 0.00 seconds spent updating 1 materials, 1 interfaces, 0 instances, 0 with static permutations.
[2016.09.27-14.05.59:717][ 90]LogMaterial: Missing cached shader map for material RedTexture_Mat, compiling. 
[2016.09.27-14.05.59:725][ 90]LogMaterial: 0.00 seconds spent updating 1 materials, 1 interfaces, 0 instances, 0 with static permutations.
[2016.09.27-14.06.02:711][410]LogMaterial: Missing cached shader map for material RedTexture_Mat, compiling. 
[2016.09.27-14.06.02:720][410]LogMaterial: 0.00 seconds spent updating 1 materials, 1 interfaces, 0 instances, 0 with static permutations.
[2016.09.27-14.06.03:900][537]LogMaterialEditor: Saving and Compiling material RedTexture_Mat
[2016.09.27-14.06.04:283][537]LogMaterial: Missing cached shader map for material RedTexture_Mat, compiling. 
[2016.09.27-14.06.04:300][537]LogMaterial: 0.00 seconds spent updating 1 materials, 1 interfaces, 0 instances, 0 with static permutations.
[2016.09.27-14.06.04:315][537]LogMaterial: Missing cached shader map for material RedTexture_Mat, compiling. 
[2016.09.27-14.06.04:332][537]LogMaterial: Missing cached shader map for material RedTexture_Mat, compiling. 
[2016.09.27-14.06.04:344][537]LogMaterial: 0.00 seconds spent updating 1 materials, 1 interfaces, 0 instances, 0 with static permutations.
[2016.09.27-14.06.06:002][537]LogSavePackage: Save=14.10ms
[2016.09.27-14.06.06:002][537]LogSavePackage: Moving '../../../../../../Users/egimenez/Desktop/ENTI/VAN/VANsGame/Mechanics/BasicMechanics/Saved/RedTexture_MatFBE703B24300F76B71DBBFAADA55C60E.tmp' to '../../../../../../Users/egimenez/Desktop/ENTI/VAN/VANsGame/Mechanics/BasicMechanics/Content/StarterContent/RedTexture_Mat.uasset'
[2016.09.27-14.06.06:004][537]LogSavePackage:Display: Finished SavePackage ../../../../../../Users/egimenez/Desktop/ENTI/VAN/VANsGame/Mechanics/BasicMechanics/Content/StarterContent/RedTexture_Mat.uasset
[2016.09.27-14.06.07:960][753]LogEditorViewport: Clicking on Actor (LMB): StaticMeshActor (Floor)
[2016.09.27-14.06.11:530][151]LogEditorViewport: Clicking on Actor (LMB): StaticMeshActor (Wall_400x303)
[2016.09.27-14.06.13:383][358]LogEditorViewport: Clicking on Actor (LMB): StaticMeshActor (Floor)
[2016.09.27-14.06.34:769][649]LogSavePackage: Save=189.43ms
[2016.09.27-14.06.34:769][649]LogSavePackage: Moving '../../../../../../Users/egimenez/Desktop/ENTI/VAN/VANsGame/Mechanics/BasicMechanics/Saved/SimpleSwitch_Auto1BAED25444E1AA904A6C69B8EC9639F19.tmp' to '../../../../../../Users/egimenez/Desktop/ENTI/VAN/VANsGame/Mechanics/BasicMechanics/Saved/Autosaves/Game/LEVELS/SimpleSwitch_Auto1.umap'
[2016.09.27-14.06.34:770][649]LogSavePackage:Display: Finished SavePackage ../../../../../../Users/egimenez/Desktop/ENTI/VAN/VANsGame/Mechanics/BasicMechanics/Saved/Autosaves/Game/LEVELS/SimpleSwitch_Auto1.umap
[2016.09.27-14.06.34:774][649]LogFileHelpers: Editor autosave (incl. sublevels) for '/Game/LEVELS/SimpleSwitch' took 0.225
[2016.09.27-14.06.34:774][649]LogFileHelpers: Editor autosave (incl. sublevels) for all levels took 0.225
[2016.09.27-14.06.34:776][649]OBJ SavePackage: Generating thumbnails for [1] asset(s) in package [/Game/StarterContent/RedTexture] ([1] browsable assets)...
[2016.09.27-14.06.34:783][649]OBJ SavePackage:     Rendered thumbnail for [Texture2D /Game/StarterContent/RedTexture.RedTexture]
[2016.09.27-14.06.34:783][649]OBJ SavePackage: Finished generating thumbnails for package [/Game/StarterContent/RedTexture]
[2016.09.27-14.06.34:793][649]LogSavePackage: Save=6.80ms
[2016.09.27-14.06.34:793][649]LogSavePackage: Moving '../../../../../../Users/egimenez/Desktop/ENTI/VAN/VANsGame/Mechanics/BasicMechanics/Saved/RedTexture_Auto1344F4DBB4643905CCA3F938EFCF04EF7.tmp' to '../../../../../../Users/egimenez/Desktop/ENTI/VAN/VANsGame/Mechanics/BasicMechanics/Saved/Autosaves/Game/StarterContent/RedTexture_Auto1.uasset'
[2016.09.27-14.06.34:794][649]LogSavePackage:Display: Finished SavePackage ../../../../../../Users/egimenez/Desktop/ENTI/VAN/VANsGame/Mechanics/BasicMechanics/Saved/Autosaves/Game/StarterContent/RedTexture_Auto1.uasset
[2016.09.27-14.06.34:794][649]LogFileHelpers: Auto-saving content packages took 0.019
[2016.09.27-14.06.51:163][902]LogSavePackage: Save=170.41ms
[2016.09.27-14.06.51:163][902]LogSavePackage: Moving '../../../../../../Users/egimenez/Desktop/ENTI/VAN/VANsGame/Mechanics/BasicMechanics/Saved/SimpleSwitchBBB517DB45CE0124ED20A3BE222FAB96.tmp' to '../../../../../../Users/egimenez/Desktop/ENTI/VAN/VANsGame/Mechanics/BasicMechanics/Content/LEVELS/SimpleSwitch.umap'
[2016.09.27-14.06.51:169][902]LogSavePackage:Display: Finished SavePackage ../../../../../../Users/egimenez/Desktop/ENTI/VAN/VANsGame/Mechanics/BasicMechanics/Content/LEVELS/SimpleSwitch.umap
[2016.09.27-14.06.54:299][266]LogSavePackage: Save=14.52ms
[2016.09.27-14.06.54:299][266]LogSavePackage: Moving '../../../../../../Users/egimenez/Desktop/ENTI/VAN/VANsGame/Mechanics/BasicMechanics/Saved/RedTextureE9F23350452AD679E5DC7D882338B67A.tmp' to '../../../../../../Users/egimenez/Desktop/ENTI/VAN/VANsGame/Mechanics/BasicMechanics/Content/StarterContent/RedTexture.uasset'
[2016.09.27-14.06.54:301][266]LogSavePackage:Display: Finished SavePackage ../../../../../../Users/egimenez/Desktop/ENTI/VAN/VANsGame/Mechanics/BasicMechanics/Content/StarterContent/RedTexture.uasset
[2016.09.27-14.06.56:343][483]Cmd: QUIT_EDITOR
[2016.09.27-14.06.56:373][483]LogWindowsTextInputMethodSystem:Display: IME system now deactivated.
[2016.09.27-14.06.56:396][483]LogExit: Preparing to exit.
[2016.09.27-14.06.56:629][483]LogDirectoryWatcher: A directory notification for 'C:/Users/egimenez/Desktop/ENTI/VAN/VANsGame/Mechanics/BasicMechanics/Content/' was aborted.
[2016.09.27-14.06.56:649][483]LogExit: Editor shut down
[2016.09.27-14.06.56:649][483]LogExit: Transaction tracking system shut down
[2016.09.27-14.06.56:744][483]LogObj: Freed 0b from 0 cluster array pools.
[2016.09.27-14.06.56:744][483]LogExit: Object subsystem successfully closed.
[2016.09.27-14.06.56:760][483]LogD3D11RHI: Shutdown
[2016.09.27-14.06.56:760][483]LogD3D11RHI: CleanupD3DDevice
[2016.09.27-14.06.56:838][483]LogD3D11RHI: ~FD3D11DynamicRHI
[2016.09.27-14.06.56:848][483]LogModuleManager: Shutting down and abandoning module MaterialEditor (234)
[2016.09.27-14.06.56:848][483]LogModuleManager: Shutting down and abandoning module HierarchicalLODOutliner (233)
[2016.09.27-14.06.56:848][483]LogModuleManager: Shutting down and abandoning module CrashTracker (232)
[2016.09.27-14.06.56:848][483]LogModuleManager: Shutting down and abandoning module SceneOutliner (231)
[2016.09.27-14.06.56:848][483]LogModuleManager: Shutting down and abandoning module WidgetCarousel (230)
[2016.09.27-14.06.56:848][483]LogModuleManager: Shutting down and abandoning module AddContentDialog (229)
[2016.09.27-14.06.56:848][483]LogDirectoryWatcher: A directory notification for 'C:/Program Files (x86)/Epic Games/4.13/FeaturePacks/' was aborted.
[2016.09.27-14.06.56:849][483]LogModuleManager: Shutting down and abandoning module GameplayTags (228)
[2016.09.27-14.06.56:849][483]LogModuleManager: Shutting down and abandoning module EditorWidgets (227)
[2016.09.27-14.06.56:849][483]LogModuleManager: Shutting down and abandoning module CollectionManager (226)
[2016.09.27-14.06.56:849][483]LogDirectoryWatcher: A directory notification for 'C:/Users/egimenez/Desktop/ENTI/VAN/VANsGame/Mechanics/BasicMechanics/Content/Collections/' was aborted.
[2016.09.27-14.06.56:850][483]LogDirectoryWatcher: A directory notification for 'C:/Users/egimenez/Desktop/ENTI/VAN/VANsGame/Mechanics/BasicMechanics/Content/Developers/egimenez/Collections/' was aborted.
[2016.09.27-14.06.56:850][483]LogDirectoryWatcher: A directory notification for 'C:/Users/egimenez/Desktop/ENTI/VAN/VANsGame/Mechanics/BasicMechanics/Saved/Collections/' was aborted.
[2016.09.27-14.06.56:850][483]LogModuleManager: Shutting down and abandoning module StatsViewer (225)
[2016.09.27-14.06.56:850][483]LogModuleManager: Shutting down and abandoning module FoliageEdit (224)
[2016.09.27-14.06.56:850][483]LogModuleManager: Shutting down and abandoning module LandscapeEditor (223)
[2016.09.27-14.06.56:850][483]LogModuleManager: Shutting down and abandoning module SceneDepthPickerMode (222)
[2016.09.27-14.06.56:850][483]LogModuleManager: Shutting down and abandoning module ActorPickerMode (221)
[2016.09.27-14.06.56:850][483]LogModuleManager: Shutting down and abandoning module GeometryMode (220)
[2016.09.27-14.06.56:850][483]LogModuleManager: Shutting down and abandoning module TextureAlignMode (219)
[2016.09.27-14.06.56:850][483]LogModuleManager: Shutting down and abandoning module BspMode (218)
[2016.09.27-14.06.56:850][483]LogModuleManager: Shutting down and abandoning module HardwareSurvey (217)
[2016.09.27-14.06.56:850][483]LogModuleManager: Shutting down and abandoning module SequenceRecorderSections (216)
[2016.09.27-14.06.56:850][483]LogModuleManager: Shutting down and abandoning module SequenceRecorder (215)
[2016.09.27-14.06.56:850][483]LogModuleManager: Shutting down and abandoning module AutomationWorker (214)
[2016.09.27-14.06.56:850][483]LogModuleManager: Shutting down and abandoning module MatineeToLevelSequence (213)
[2016.09.27-14.06.56:850][483]LogModuleManager: Shutting down and abandoning module PlacementMode (212)
[2016.09.27-14.06.56:850][483]LogModuleManager: Shutting down and abandoning module LevelSequenceEditor (211)
[2016.09.27-14.06.56:850][483]LogModuleManager: Shutting down and abandoning module WmfMediaFactory (210)
[2016.09.27-14.06.56:850][483]LogModuleManager: Shutting down and abandoning module WmfMediaEditor (209)
[2016.09.27-14.06.56:850][483]LogModuleManager: Shutting down and abandoning module AvfMediaFactory (208)
[2016.09.27-14.06.56:850][483]LogModuleManager: Shutting down and abandoning module AvfMediaEditor (207)
[2016.09.27-14.06.56:850][483]LogModuleManager: Shutting down and abandoning module Media (206)
[2016.09.27-14.06.56:850][483]LogModuleManager: Shutting down and abandoning module AndroidMediaFactory (205)
[2016.09.27-14.06.56:850][483]LogModuleManager: Shutting down and abandoning module AndroidMediaEditor (204)
[2016.09.27-14.06.56:850][483]LogModuleManager: Shutting down and abandoning module CharacterAI (203)
[2016.09.27-14.06.56:850][483]LogModuleManager: Shutting down and abandoning module SmartSnapping (202)
[2016.09.27-14.06.56:850][483]LogModuleManager: Shutting down and abandoning module SessionServices (201)
[2016.09.27-14.06.56:850][483]LogModuleManager: Shutting down and abandoning module ViewportSnapping (200)
[2016.09.27-14.06.56:850][483]LogModuleManager: Shutting down and abandoning module ViewportInteraction (199)
[2016.09.27-14.06.56:850][483]LogModuleManager: Shutting down and abandoning module LogVisualizer (198)
[2016.09.27-14.06.56:851][483]LogModuleManager: Shutting down and abandoning module GameProjectGeneration (197)
[2016.09.27-14.06.56:851][483]LogModuleManager: Shutting down and abandoning module IntroTutorials (196)
[2016.09.27-14.06.56:851][483]LogModuleManager: Shutting down and abandoning module EditorLiveStreaming (195)
[2016.09.27-14.06.56:851][483]LogModuleManager: Shutting down and abandoning module IOSPlatformEditor (194)
[2016.09.27-14.06.56:851][483]LogModuleManager: Shutting down and abandoning module HTML5PlatformEditor (193)
[2016.09.27-14.06.56:851][483]LogModuleManager: Shutting down and abandoning module AndroidDeviceDetection (192)
[2016.09.27-14.06.57:439][483]LogModuleManager: Shutting down and abandoning module AndroidPlatformEditor (191)
[2016.09.27-14.06.57:439][483]LogModuleManager: Shutting down and abandoning module IOSRuntimeSettings (190)
[2016.09.27-14.06.57:439][483]LogModuleManager: Shutting down and abandoning module AndroidRuntimeSettings (189)
[2016.09.27-14.06.57:439][483]LogModuleManager: Shutting down and abandoning module NiagaraEditor (188)
[2016.09.27-14.06.57:439][483]LogModuleManager: Shutting down and abandoning module MergeActors (187)
[2016.09.27-14.06.57:439][483]LogModuleManager: Shutting down and abandoning module SizeMap (186)
[2016.09.27-14.06.57:439][483]LogModuleManager: Shutting down and abandoning module TreeMap (185)
[2016.09.27-14.06.57:439][483]LogModuleManager: Shutting down and abandoning module ReferenceViewer (184)
[2016.09.27-14.06.57:439][483]LogModuleManager: Shutting down and abandoning module LocalizationService (183)
[2016.09.27-14.06.57:439][483]LogModuleManager: Shutting down and abandoning module LocalizationDashboard (182)
[2016.09.27-14.06.57:439][483]LogModuleManager: Shutting down and abandoning module HardwareTargeting (181)
[2016.09.27-14.06.57:439][483]LogModuleManager: Shutting down and abandoning module DeviceProfileEditor (180)
[2016.09.27-14.06.57:439][483]LogModuleManager: Shutting down and abandoning module UndoHistory (179)
[2016.09.27-14.06.57:439][483]LogModuleManager: Shutting down and abandoning module UserFeedback (178)
[2016.09.27-14.06.57:439][483]LogModuleManager: Shutting down and abandoning module XmlParser (177)
[2016.09.27-14.06.57:439][483]LogModuleManager: Shutting down and abandoning module Blutility (176)
[2016.09.27-14.06.57:439][483]LogModuleManager: Shutting down and abandoning module ProjectTargetPlatformEditor (175)
[2016.09.27-14.06.57:440][483]LogModuleManager: Shutting down and abandoning module ProjectSettingsViewer (174)
[2016.09.27-14.06.57:440][483]LogModuleManager: Shutting down and abandoning module InputBindingEditor (173)
[2016.09.27-14.06.57:440][483]LogModuleManager: Shutting down and abandoning module EditorSettingsViewer (172)
[2016.09.27-14.06.57:440][483]LogModuleManager: Shutting down and abandoning module SettingsEditor (171)
[2016.09.27-14.06.57:440][483]LogModuleManager: Shutting down and abandoning module ProjectLauncher (170)
[2016.09.27-14.06.57:440][483]LogModuleManager: Shutting down and abandoning module SessionFrontend (169)
[2016.09.27-14.06.57:440][483]LogModuleManager: Shutting down and abandoning module ProfilerClient (168)
[2016.09.27-14.06.57:440][483]LogModuleManager: Shutting down and abandoning module TargetDeviceServices (167)
[2016.09.27-14.06.57:440][483]LogModuleManager: Shutting down and abandoning module DeviceManager (166)
[2016.09.27-14.06.57:494][483]LogModuleManager: Shutting down and abandoning module AutomationController (165)
[2016.09.27-14.06.57:494][483]LogModuleManager: Shutting down and abandoning module AutomationWindow (164)
[2016.09.27-14.06.57:494][483]LogModuleManager: Shutting down and abandoning module Layers (163)
[2016.09.27-14.06.57:494][483]LogModuleManager: Shutting down and abandoning module ComponentVisualizers (162)
[2016.09.27-14.06.57:494][483]LogModuleManager: Shutting down and abandoning module DetailCustomizations (161)
[2016.09.27-14.06.57:494][483]LogModuleManager: Shutting down and abandoning module PackagesDialog (160)
[2016.09.27-14.06.57:494][483]LogModuleManager: Shutting down and abandoning module AnimGraph (159)
[2016.09.27-14.06.57:494][483]LogModuleManager: Shutting down and abandoning module Persona (158)
[2016.09.27-14.06.57:494][483]LogModuleManager: Shutting down and abandoning module Kismet (157)
[2016.09.27-14.06.57:494][483]LogModuleManager: Shutting down and abandoning module GraphEditor (156)
[2016.09.27-14.06.57:494][483]LogModuleManager: Shutting down and abandoning module ClassViewer (155)
[2016.09.27-14.06.57:494][483]LogModuleManager: Shutting down and abandoning module Toolbox (154)
[2016.09.27-14.06.57:494][483]LogModuleManager: Shutting down and abandoning module ModuleUI (153)
[2016.09.27-14.06.57:494][483]LogModuleManager: Shutting down and abandoning module MovieSceneTools (152)
[2016.09.27-14.06.57:494][483]LogModuleManager: Shutting down and abandoning module OutputLog (151)
[2016.09.27-14.06.57:494][483]LogModuleManager: Shutting down and abandoning module GammaUI (150)
[2016.09.27-14.06.57:494][483]LogModuleManager: Shutting down and abandoning module Documentation (149)
[2016.09.27-14.06.57:494][483]LogModuleManager: Shutting down and abandoning module Niagara (148)
[2016.09.27-14.06.57:494][483]LogModuleManager: Shutting down and abandoning module StreamingPauseRendering (147)
[2016.09.27-14.06.57:494][483]LogModuleManager: Shutting down and abandoning module AnalyticsET (146)
[2016.09.27-14.06.57:494][483]LogModuleManager: Shutting down and abandoning module PortalServices (145)
[2016.09.27-14.06.57:494][483]LogModuleManager: Shutting down and abandoning module PortalRpc (144)
[2016.09.27-14.06.57:494][483]LogModuleManager: Shutting down and abandoning module MessagingRpc (143)
[2016.09.27-14.06.57:494][483]LogModuleManager: Shutting down and abandoning module GameplayDebugger (142)
[2016.09.27-14.06.57:494][483]LogModuleManager: Shutting down and abandoning module AITestSuite (141)
[2016.09.27-14.06.57:494][483]LogModuleManager: Shutting down and abandoning module AIModule (140)
[2016.09.27-14.06.57:494][483]LogModuleManager: Shutting down and abandoning module ProfilerService (139)
[2016.09.27-14.06.57:507][483]LogModuleManager: Shutting down and abandoning module TaskGraph (138)
[2016.09.27-14.06.57:507][483]LogModuleManager: Shutting down and abandoning module SlateRemote (137)
[2016.09.27-14.06.57:507][483]LogModuleManager: Shutting down and abandoning module SteamVRController (136)
[2016.09.27-14.06.57:507][483]LogModuleManager: Shutting down and abandoning module SteamVR (135)
[2016.09.27-14.06.57:507][483]LogModuleManager: Shutting down and abandoning module ProceduralMeshComponentEditor (134)
[2016.09.27-14.06.57:507][483]LogModuleManager: Shutting down and abandoning module ProceduralMeshComponent (133)
[2016.09.27-14.06.57:507][483]LogModuleManager: Shutting down and abandoning module OculusLibrary (132)
[2016.09.27-14.06.57:507][483]LogModuleManager: Shutting down and abandoning module OculusInput (131)
[2016.09.27-14.06.57:507][483]LogModuleManager: Shutting down and abandoning module CustomMeshComponent (130)
[2016.09.27-14.06.57:507][483]LogModuleManager: Shutting down and abandoning module CableComponent (129)
[2016.09.27-14.06.57:507][483]LogModuleManager: Shutting down and abandoning module ArchVisCharacter (128)
[2016.09.27-14.06.57:507][483]LogModuleManager: Shutting down and abandoning module MediaPlayerEditor (126)
[2016.09.27-14.06.57:507][483]LogModuleManager: Shutting down and abandoning module HTML5Networking (125)
[2016.09.27-14.06.57:507][483]LogModuleManager: Shutting down and abandoning module GeometryCacheEd (124)
[2016.09.27-14.06.57:507][483]LogModuleManager: Shutting down and abandoning module GeometryCache (123)
[2016.09.27-14.06.57:507][483]LogModuleManager: Shutting down and abandoning module AlembicLibrary (122)
[2016.09.27-14.06.57:507][483]LogModuleManager: Shutting down and abandoning module AlembicImporter (121)
[2016.09.27-14.06.57:507][483]LogModuleManager: Shutting down and abandoning module SuperSearch (120)
[2016.09.27-14.06.57:507][483]LogModuleManager: Shutting down and abandoning module SuperSearchEditor (119)
[2016.09.27-14.06.57:507][483]LogModuleManager: Shutting down and abandoning module SpeedTreeImporter (118)
[2016.09.27-14.06.57:507][483]LogModuleManager: Shutting down and abandoning module PluginBrowser (117)
[2016.09.27-14.06.57:507][483]LogModuleManager: Shutting down and abandoning module MobileLauncherProfileWizard (116)
[2016.09.27-14.06.57:507][483]LogModuleManager: Shutting down and abandoning module EpicSurvey (115)
[2016.09.27-14.06.57:507][483]LogModuleManager: Shutting down and abandoning module DesktopPlatform (114)
[2016.09.27-14.06.57:507][483]LogModuleManager: Shutting down and abandoning module VisualStudioSourceCodeAccess (113)
[2016.09.27-14.06.57:507][483]LogModuleManager: Shutting down and abandoning module UObjectPlugin (112)
[2016.09.27-14.06.57:507][483]LogModuleManager: Shutting down and abandoning module SubversionSourceControl (111)
[2016.09.27-14.06.57:507][483]LogModuleManager: Shutting down and abandoning module PerforceSourceControl (110)
[2016.09.27-14.06.57:507][483]LogModuleManager: Shutting down and abandoning module SourceControl (109)
[2016.09.27-14.06.57:507][483]LogModuleManager: Shutting down and abandoning module GitSourceControl (108)
[2016.09.27-14.06.57:507][483]LogModuleManager: Shutting down and abandoning module LightPropagationVolumeEditor (107)
[2016.09.27-14.06.57:507][483]LogModuleManager: Shutting down and abandoning module PaperTiledImporter (106)
[2016.09.27-14.06.57:507][483]LogModuleManager: Shutting down and abandoning module PaperSpriteSheetImporter (105)
[2016.09.27-14.06.57:507][483]LogModuleManager: Shutting down and abandoning module MeshPaint (104)
[2016.09.27-14.06.57:507][483]LogModuleManager: Shutting down and abandoning module FbxAutomationBuilderModule (103)
[2016.09.27-14.06.57:507][483]LogModuleManager: Shutting down and abandoning module PixelInspectorModule (102)
[2016.09.27-14.06.57:507][483]LogModuleManager: Shutting down and abandoning module HotReload (101)
[2016.09.27-14.06.57:507][483]LogModuleManager: Shutting down and abandoning module MainFrame (100)
[2016.09.27-14.06.57:507][483]LogModuleManager: Shutting down and abandoning module LevelEditor (99)
[2016.09.27-14.06.57:508][483]LogModuleManager: Shutting down and abandoning module ContentBrowser (98)
[2016.09.27-14.06.57:508][483]LogModuleManager: Shutting down and abandoning module Paper2DEditor (97)
[2016.09.27-14.06.57:508][483]LogModuleManager: Shutting down and abandoning module UdpMessaging (96)
[2016.09.27-14.06.57:610][483]LogModuleManager: Shutting down and abandoning module TcpMessaging (95)
[2016.09.27-14.06.57:610][483]LogModuleManager: Shutting down and abandoning module LightPropagationVolumeRuntime (94)
[2016.09.27-14.06.57:610][483]LogModuleManager: Shutting down and abandoning module Paper2D (93)
[2016.09.27-14.06.57:610][483]LogModuleManager: Shutting down and abandoning module WindowsMoviePlayer (92)
[2016.09.27-14.06.57:610][483]LogModuleManager: Shutting down and abandoning module WmfMedia (91)
[2016.09.27-14.06.57:610][483]LogModuleManager: Shutting down and abandoning module MediaAssets (90)
[2016.09.27-14.06.57:610][483]LogModuleManager: Shutting down and abandoning module GameLiveStreaming (89)
[2016.09.27-14.06.57:610][483]LogModuleManager: Shutting down and abandoning module GameplayTagsEditor (88)
[2016.09.27-14.06.57:610][483]LogModuleManager: Shutting down and abandoning module VREditor (87)
[2016.09.27-14.06.57:610][483]LogModuleManager: Shutting down and abandoning module GameplayTasksEditor (86)
[2016.09.27-14.06.57:610][483]LogModuleManager: Shutting down and abandoning module PropertyEditor (85)
[2016.09.27-14.06.57:611][483]LogModuleManager: Shutting down and abandoning module BehaviorTreeEditor (84)
[2016.09.27-14.06.57:611][483]LogModuleManager: Shutting down and abandoning module FunctionalTesting (83)
[2016.09.27-14.06.57:611][483]LogModuleManager: Shutting down and abandoning module CollisionAnalyzer (82)
[2016.09.27-14.06.57:611][483]LogModuleManager: Shutting down and abandoning module Sequencer (81)
[2016.09.27-14.06.57:611][483]LogModuleManager: Shutting down and abandoning module WorkspaceMenuStructure (80)
[2016.09.27-14.06.57:611][483]LogModuleManager: Shutting down and abandoning module MessageLog (79)
[2016.09.27-14.06.57:611][483]LogModuleManager: Shutting down and abandoning module AssetTools (78)
[2016.09.27-14.06.57:611][483]LogModuleManager: Shutting down and abandoning module UMGEditor (77)
[2016.09.27-14.06.57:611][483]LogModuleManager: Shutting down and abandoning module UMG (76)
[2016.09.27-14.06.57:611][483]LogModuleManager: Shutting down and abandoning module SlateReflector (75)
[2016.09.27-14.06.57:611][483]LogModuleManager: Shutting down and abandoning module Slate (74)
[2016.09.27-14.06.57:611][483]LogModuleManager: Shutting down and abandoning module EditorStyle (73)
[2016.09.27-14.06.57:615][483]LogModuleManager: Shutting down and abandoning module SourceCodeAccess (72)
[2016.09.27-14.06.57:615][483]LogModuleManager: Shutting down and abandoning module HeadMountedDisplay (71)
[2016.09.27-14.06.57:615][483]LogModuleManager: Shutting down and abandoning module XAudio2 (70)
[2016.09.27-14.06.57:615][483]LogModuleManager: Shutting down and abandoning module Networking (68)
[2016.09.27-14.06.57:615][483]LogModuleManager: Shutting down and abandoning module Core (67)
[2016.09.27-14.06.57:615][483]LogModuleManager: Shutting down and abandoning module DirectoryWatcher (66)
[2016.09.27-14.06.57:615][483]LogDirectoryWatcher: A directory notification for '../../../Engine/Content/' was aborted.
[2016.09.27-14.06.57:615][483]LogDirectoryWatcher: A directory notification for '../../../../../../Users/egimenez/Desktop/ENTI/VAN/VANsGame/Mechanics/BasicMechanics/Content/' was aborted.
[2016.09.27-14.06.57:616][483]LogDirectoryWatcher: A directory notification for '../../../Engine/Plugins/2D/Paper2D/Content/' was aborted.
[2016.09.27-14.06.57:616][483]LogModuleManager: Shutting down and abandoning module AssetRegistry (65)
[2016.09.27-14.06.57:767][483]LogModuleManager: Shutting down and abandoning module KismetCompiler (64)
[2016.09.27-14.06.57:767][483]LogModuleManager: Shutting down and abandoning module PhysXFormats (63)
[2016.09.27-14.06.57:767][483]LogModuleManager: Shutting down and abandoning module MeshUtilities (62)
[2016.09.27-14.06.57:767][483]LogModuleManager: Shutting down and abandoning module DerivedDataCache (61)
[2016.09.27-14.06.57:783][483]LogDerivedDataCache: Shutdown
[2016.09.27-14.06.57:783][483]LogModuleManager: Shutting down and abandoning module VulkanShaderFormat (60)
[2016.09.27-14.06.57:783][483]LogModuleManager: Shutting down and abandoning module ShaderFormatOpenGL (59)
[2016.09.27-14.06.57:783][483]LogModuleManager: Shutting down and abandoning module ShaderFormatD3D (58)
[2016.09.27-14.06.57:783][483]LogModuleManager: Shutting down and abandoning module MetalShaderFormat (57)
[2016.09.27-14.06.57:783][483]LogModuleManager: Shutting down and abandoning module TextureFormatUncompressed (56)
[2016.09.27-14.06.57:783][483]LogModuleManager: Shutting down and abandoning module TextureFormatPVR (55)
[2016.09.27-14.06.57:783][483]LogModuleManager: Shutting down and abandoning module TextureFormatDXT (54)
[2016.09.27-14.06.57:783][483]LogModuleManager: Shutting down and abandoning module TextureFormatIntelISPCTexComp (53)
[2016.09.27-14.06.57:783][483]LogModuleManager: Shutting down and abandoning module ImageWrapper (52)
[2016.09.27-14.06.57:783][483]LogModuleManager: Shutting down and abandoning module TextureFormatASTC (51)
[2016.09.27-14.06.57:783][483]LogModuleManager: Shutting down and abandoning module TextureFormatAndroid (50)
[2016.09.27-14.06.57:783][483]LogModuleManager: Shutting down and abandoning module AudioFormatOpus (49)
[2016.09.27-14.06.57:783][483]LogModuleManager: Shutting down and abandoning module AudioFormatOgg (48)
[2016.09.27-14.06.57:783][483]LogModuleManager: Shutting down and abandoning module AudioFormatADPCM (47)
[2016.09.27-14.06.57:784][483]LogModuleManager: Shutting down and abandoning module LinuxTargetPlatform (46)
[2016.09.27-14.06.57:784][483]LogModuleManager: Shutting down and abandoning module LinuxServerTargetPlatform (45)
[2016.09.27-14.06.57:784][483]LogModuleManager: Shutting down and abandoning module LinuxNoEditorTargetPlatform (44)
[2016.09.27-14.06.57:784][483]LogModuleManager: Shutting down and abandoning module LinuxClientTargetPlatform (43)
[2016.09.27-14.06.57:784][483]LogModuleManager: Shutting down and abandoning module TVOSTargetPlatform (42)
[2016.09.27-14.06.57:784][483]LogModuleManager: Shutting down and abandoning module Messaging (41)
[2016.09.27-14.06.57:784][483]LogModuleManager: Shutting down and abandoning module IOSTargetPlatform (40)
[2016.09.27-14.06.57:784][483]LogModuleManager: Shutting down and abandoning module HTML5TargetPlatform (39)
[2016.09.27-14.06.57:784][483]LogModuleManager: Shutting down and abandoning module Android_PVRTCTargetPlatform (38)
[2016.09.27-14.06.57:784][483]LogModuleManager: Shutting down and abandoning module Android_MultiTargetPlatform (37)
[2016.09.27-14.06.57:784][483]LogModuleManager: Shutting down and abandoning module Android_ETC2TargetPlatform (36)
[2016.09.27-14.06.57:784][483]LogModuleManager: Shutting down and abandoning module Android_ETC1TargetPlatform (35)
[2016.09.27-14.06.57:784][483]LogModuleManager: Shutting down and abandoning module Android_DXTTargetPlatform (34)
[2016.09.27-14.06.57:784][483]LogModuleManager: Shutting down and abandoning module Android_ATCTargetPlatform (33)
[2016.09.27-14.06.57:784][483]LogModuleManager: Shutting down and abandoning module Android_ASTCTargetPlatform (32)
[2016.09.27-14.06.57:784][483]LogModuleManager: Shutting down and abandoning module AndroidTargetPlatform (31)
[2016.09.27-14.06.57:784][483]LogModuleManager: Shutting down and abandoning module WindowsTargetPlatform (30)
[2016.09.27-14.06.57:784][483]LogModuleManager: Shutting down and abandoning module WindowsServerTargetPlatform (29)
[2016.09.27-14.06.57:784][483]LogModuleManager: Shutting down and abandoning module WindowsNoEditorTargetPlatform (28)
[2016.09.27-14.06.57:784][483]LogModuleManager: Shutting down and abandoning module WindowsClientTargetPlatform (27)
[2016.09.27-14.06.57:784][483]LogModuleManager: Shutting down and abandoning module AllDesktopTargetPlatform (26)
[2016.09.27-14.06.57:784][483]LogModuleManager: Shutting down and abandoning module TargetPlatform (25)
[2016.09.27-14.06.57:784][483]LogModuleManager: Shutting down and abandoning module InputCore (24)
[2016.09.27-14.06.57:784][483]LogModuleManager: Shutting down and abandoning module Settings (23)
[2016.09.27-14.06.57:784][483]LogModuleManager: Shutting down and abandoning module OculusRift (22)
[2016.09.27-14.06.57:785][483]LogHMD: Oculus shutdown.
[2016.09.27-14.06.57:785][483]LogModuleManager: Shutting down and abandoning module GearVR (21)
[2016.09.27-14.06.57:785][483]LogModuleManager: Shutting down and abandoning module ExampleDeviceProfileSelector (20)
[2016.09.27-14.06.57:785][483]LogModuleManager: Shutting down and abandoning module OnlineBlueprintSupport (19)
[2016.09.27-14.06.57:785][483]LogModuleManager: Shutting down and abandoning module OnlineSubsystem (17)
[2016.09.27-14.06.57:785][483]LogOnline:Display: Unloading online subsystem: NULL
[2016.09.27-14.06.57:785][483]LogModuleManager: Shutting down and abandoning module HTTP (16)
[2016.09.27-14.06.57:785][483]LogHttp:Display: Http module shutting down, but needs to wait on 1 outstanding Http requests:
[2016.09.27-14.06.57:785][483]LogHttp:Display: 	verb=[POST] url=[https://datarouter.ol.epicgames.com/datarouter/api/v1/public/data?SessionID=%7B6BD987CD-43B5-AA68-8126-31B85FED69B2%7D&AppID=UEEditor.Rocket.Release&AppVersion=%2B%2BUE4%2BRelease-4.13-CL-3106830&UserID=3ac887684aea52593b35388a610a4462%7Ca87b32ece6994b04a16f0bd7f6ed0b63%7C16943d82-79fa-4d19-96be-7817be24e4d8&AppEnvironment=datacollector-binary&UploadType=eteventstream] status=Processing
[2016.09.27-14.06.57:797][483]LogModuleManager: Shutting down and abandoning module XMPP (15)
[2016.09.27-14.06.57:797][483]LogModuleManager: Shutting down and abandoning module TextureCompressor (14)
[2016.09.27-14.06.57:797][483]LogModuleManager: Shutting down and abandoning module ShaderCore (13)
[2016.09.27-14.06.57:797][483]LogModuleManager: Shutting down and abandoning module Landscape (12)
[2016.09.27-14.06.57:797][483]LogModuleManager: Shutting down and abandoning module SlateRHIRenderer (11)
[2016.09.27-14.06.57:799][483]LogModuleManager: Shutting down and abandoning module OpenGLDrv (10)
[2016.09.27-14.06.57:799][483]LogModuleManager: Shutting down and abandoning module D3D11RHI (9)
[2016.09.27-14.06.57:799][483]LogModuleManager: Shutting down and abandoning module AnimGraphRuntime (8)
[2016.09.27-14.06.57:799][483]LogModuleManager: Shutting down and abandoning module Renderer (7)
[2016.09.27-14.06.57:799][483]LogModuleManager: Shutting down and abandoning module Engine (6)
[2016.09.27-14.06.57:799][483]LogModuleManager: Shutting down and abandoning module CoreUObject (5)
[2016.09.27-14.06.57:799][483]LogModuleManager: Shutting down and abandoning module NetworkFile (4)
[2016.09.27-14.06.57:799][483]LogModuleManager: Shutting down and abandoning module StreamingFile (3)
[2016.09.27-14.06.57:799][483]LogModuleManager: Shutting down and abandoning module SandboxFile (2)
[2016.09.27-14.06.57:799][483]LogModuleManager: Shutting down and abandoning module PakFile (1)
[2016.09.27-14.06.57:801][483]LogExit: Exiting.
[2016.09.27-14.06.57:802][483]Log file closed, 09/27/16 16:06:57
