Log file open, 02/21/17 22:21:37
LogInit:Display: Running engine for game: BasicMechanics
LogPlatformFile: Not using cached read wrapper
LogInit:Display: RandInit(-1837626056) SRandInit(-1837626056).
LogTaskGraph: Started task graph with 5 named threads and 8 total threads with 1 sets of task threads.
LogStats: Stats thread started at 0.170791
LogPluginManager: Loaded Plugin Paper2D, From D:/Program Files (x86)/Epic Games/4.14/Engine/Plugins/2D/Paper2D/Paper2D.uplugin
LogPluginManager: Loaded Plugin LightPropagationVolume, From D:/Program Files (x86)/Epic Games/4.14/Engine/Plugins/Blendables/LightPropagationVolume/LightPropagationVolume.uplugin
LogPluginManager: Loaded Plugin BlankPlugin, From D:/Program Files (x86)/Epic Games/4.14/Engine/Plugins/Developer/BlankPlugin/BlankPlugin.uplugin
LogPluginManager: Loaded Plugin CodeLiteSourceCodeAccess, From D:/Program Files (x86)/Epic Games/4.14/Engine/Plugins/Developer/CodeLiteSourceCodeAccess/CodeLiteSourceCodeAccess.uplugin
LogPluginManager: Loaded Plugin GitSourceControl, From D:/Program Files (x86)/Epic Games/4.14/Engine/Plugins/Developer/GitSourceControl/GitSourceControl.uplugin
LogPluginManager: Loaded Plugin KDevelopSourceCodeAccess, From D:/Program Files (x86)/Epic Games/4.14/Engine/Plugins/Developer/KDevelopSourceCodeAccess/KDevelopSourceCodeAccess.uplugin
LogPluginManager: Loaded Plugin NullSourceCodeAccess, From D:/Program Files (x86)/Epic Games/4.14/Engine/Plugins/Developer/NullSourceCodeAccess/NullSourceCodeAccess.uplugin
LogPluginManager: Loaded Plugin OneSkyLocalizationService, From D:/Program Files (x86)/Epic Games/4.14/Engine/Plugins/Developer/OneSkyLocalizationService/OneSkyLocalizationService.uplugin
LogPluginManager: Loaded Plugin PerforceSourceControl, From D:/Program Files (x86)/Epic Games/4.14/Engine/Plugins/Developer/PerforceSourceControl/PerforceSourceControl.uplugin
LogPluginManager: Loaded Plugin SubversionSourceControl, From D:/Program Files (x86)/Epic Games/4.14/Engine/Plugins/Developer/SubversionSourceControl/SubversionSourceControl.uplugin
LogPluginManager: Loaded Plugin UObjectPlugin, From D:/Program Files (x86)/Epic Games/4.14/Engine/Plugins/Developer/UObjectPlugin/UObjectPlugin.uplugin
LogPluginManager: Loaded Plugin VisualStudioSourceCodeAccess, From D:/Program Files (x86)/Epic Games/4.14/Engine/Plugins/Developer/VisualStudioSourceCodeAccess/VisualStudioSourceCodeAccess.uplugin
LogPluginManager: Loaded Plugin XCodeSourceCodeAccess, From D:/Program Files (x86)/Epic Games/4.14/Engine/Plugins/Developer/XCodeSourceCodeAccess/XCodeSourceCodeAccess.uplugin
LogPluginManager: Loaded Plugin AudioCapture, From D:/Program Files (x86)/Epic Games/4.14/Engine/Plugins/Editor/AudioCapture/AudioCapture.uplugin
LogPluginManager: Loaded Plugin EpicSurvey, From D:/Program Files (x86)/Epic Games/4.14/Engine/Plugins/Editor/EpicSurvey/EpicSurvey.uplugin
LogPluginManager: Loaded Plugin MacGraphicsSwitching, From D:/Program Files (x86)/Epic Games/4.14/Engine/Plugins/Editor/MacGraphicsSwitching/MacGraphicsSwitching.uplugin
LogPluginManager: Loaded Plugin MobileLauncherProfileWizard, From D:/Program Files (x86)/Epic Games/4.14/Engine/Plugins/Editor/MobileLauncherProfileWizard/MobileLauncherProfileWizard.uplugin
LogPluginManager: Loaded Plugin PluginBrowser, From D:/Program Files (x86)/Epic Games/4.14/Engine/Plugins/Editor/PluginBrowser/PluginBrowser.uplugin
LogPluginManager: Loaded Plugin SpeedTreeImporter, From D:/Program Files (x86)/Epic Games/4.14/Engine/Plugins/Editor/SpeedTreeImporter/SpeedTreeImporter.uplugin
LogPluginManager: Loaded Plugin SuperSearchEditor, From D:/Program Files (x86)/Epic Games/4.14/Engine/Plugins/Editor/SuperSearchEditor/SuperSearchEditor.uplugin
LogPluginManager: Loaded Plugin AlembicImporter, From D:/Program Files (x86)/Epic Games/4.14/Engine/Plugins/Experimental/AlembicImporter/AlembicImporter.uplugin
LogPluginManager: Loaded Plugin BlueprintStats, From D:/Program Files (x86)/Epic Games/4.14/Engine/Plugins/Experimental/BlueprintStats/BlueprintStats.uplugin
LogPluginManager: Loaded Plugin CharacterAI, From D:/Program Files (x86)/Epic Games/4.14/Engine/Plugins/Experimental/CharacterAI/CharacterAI.uplugin
LogPluginManager: Loaded Plugin CodeEditor, From D:/Program Files (x86)/Epic Games/4.14/Engine/Plugins/Experimental/CodeEditor/CodeEditor.uplugin
LogPluginManager: Loaded Plugin CodeView, From D:/Program Files (x86)/Epic Games/4.14/Engine/Plugins/Experimental/CodeView/CodeView.uplugin
LogPluginManager: Loaded Plugin HTML5Networking, From D:/Program Files (x86)/Epic Games/4.14/Engine/Plugins/Experimental/HTML5Networking/HTML5Networking.uplugin
LogPluginManager: Loaded Plugin OSVR, From D:/Program Files (x86)/Epic Games/4.14/Engine/Plugins/Experimental/OSVR/OSVR.uplugin
LogPluginManager: Loaded Plugin Phya, From D:/Program Files (x86)/Epic Games/4.14/Engine/Plugins/Experimental/Phya/Phya.uplugin
LogPluginManager: Loaded Plugin SignificanceManager, From D:/Program Files (x86)/Epic Games/4.14/Engine/Plugins/Experimental/SignificanceManager/SignificanceManager.uplugin
LogPluginManager: Loaded Plugin SimpleHMD, From D:/Program Files (x86)/Epic Games/4.14/Engine/Plugins/Experimental/SimpleHMD/SimpleHMD.uplugin
LogPluginManager: Loaded Plugin StereoPanorama, From D:/Program Files (x86)/Epic Games/4.14/Engine/Plugins/Experimental/StereoPanorama/StereoPanorama.uplugin
LogPluginManager: Loaded Plugin StructBox, From D:/Program Files (x86)/Epic Games/4.14/Engine/Plugins/Experimental/StructBox/StructBox.uplugin
LogPluginManager: Loaded Plugin AndroidMedia, From D:/Program Files (x86)/Epic Games/4.14/Engine/Plugins/Media/AndroidMedia/AndroidMedia.uplugin
LogPluginManager: Loaded Plugin AvfMedia, From D:/Program Files (x86)/Epic Games/4.14/Engine/Plugins/Media/AvfMedia/AvfMedia.uplugin
LogPluginManager: Loaded Plugin MediaPlayerEditor, From D:/Program Files (x86)/Epic Games/4.14/Engine/Plugins/Media/MediaPlayerEditor/MediaPlayerEditor.uplugin
LogPluginManager: Loaded Plugin WmfMedia, From D:/Program Files (x86)/Epic Games/4.14/Engine/Plugins/Media/WmfMedia/WmfMedia.uplugin
LogPluginManager: Loaded Plugin MessagingDebugger, From D:/Program Files (x86)/Epic Games/4.14/Engine/Plugins/Messaging/MessagingDebugger/MessagingDebugger.uplugin
LogPluginManager: Loaded Plugin TcpMessaging, From D:/Program Files (x86)/Epic Games/4.14/Engine/Plugins/Messaging/TcpMessaging/TcpMessaging.uplugin
LogPluginManager: Loaded Plugin UdpMessaging, From D:/Program Files (x86)/Epic Games/4.14/Engine/Plugins/Messaging/UdpMessaging/UdpMessaging.uplugin
LogPluginManager: Loaded Plugin LevelSequenceEditor, From D:/Program Files (x86)/Epic Games/4.14/Engine/Plugins/MovieScene/LevelSequenceEditor/LevelSequenceEditor.uplugin
LogPluginManager: Loaded Plugin MatineeToLevelSequence, From D:/Program Files (x86)/Epic Games/4.14/Engine/Plugins/MovieScene/MatineeToLevelSequence/MatineeToLevelSequence.uplugin
LogPluginManager: Loaded Plugin NetcodeUnitTest, From D:/Program Files (x86)/Epic Games/4.14/Engine/Plugins/NetcodeUnitTest/NetcodeUnitTest/NetcodeUnitTest.uplugin
LogPluginManager: Loaded Plugin NUTUnrealEngine4, From D:/Program Files (x86)/Epic Games/4.14/Engine/Plugins/NetcodeUnitTest/NUTUnrealEngine4/NUTUnrealEngine4.uplugin
LogPluginManager: Loaded Plugin OnlineSubsystemGameCircle, From D:/Program Files (x86)/Epic Games/4.14/Engine/Plugins/Online/Android/OnlineSubsystemGameCircle/OnlineSubsystemGameCircle.uplugin
LogPluginManager: Loaded Plugin OnlineSubsystemGooglePlay, From D:/Program Files (x86)/Epic Games/4.14/Engine/Plugins/Online/Android/OnlineSubsystemGooglePlay/OnlineSubsystemGooglePlay.uplugin
LogPluginManager: Loaded Plugin OnlineSubsystemIOS, From D:/Program Files (x86)/Epic Games/4.14/Engine/Plugins/Online/IOS/OnlineSubsystemIOS/OnlineSubsystemIOS.uplugin
LogPluginManager: Loaded Plugin OnlineFramework, From D:/Program Files (x86)/Epic Games/4.14/Engine/Plugins/Online/OnlineFramework/OnlineFramework.uplugin
LogPluginManager: Loaded Plugin OnlineSubsystem, From D:/Program Files (x86)/Epic Games/4.14/Engine/Plugins/Online/OnlineSubsystem/OnlineSubsystem.uplugin
LogPluginManager: Loaded Plugin OnlineSubsystemAmazon, From D:/Program Files (x86)/Epic Games/4.14/Engine/Plugins/Online/OnlineSubsystemAmazon/OnlineSubsystemAmazon.uplugin
LogPluginManager: Loaded Plugin OnlineSubsystemFacebook, From D:/Program Files (x86)/Epic Games/4.14/Engine/Plugins/Online/OnlineSubsystemFacebook/OnlineSubsystemFacebook.uplugin
LogPluginManager: Loaded Plugin OnlineSubsystemNull, From D:/Program Files (x86)/Epic Games/4.14/Engine/Plugins/Online/OnlineSubsystemNull/OnlineSubsystemNull.uplugin
LogPluginManager: Loaded Plugin OnlineSubsystemOculus, From D:/Program Files (x86)/Epic Games/4.14/Engine/Plugins/Online/OnlineSubsystemOculus/OnlineSubsystemOculus.uplugin
LogPluginManager: Loaded Plugin OnlineSubsystemSteam, From D:/Program Files (x86)/Epic Games/4.14/Engine/Plugins/Online/OnlineSubsystemSteam/OnlineSubsystemSteam.uplugin
LogPluginManager: Loaded Plugin OnlineSubsystemUtils, From D:/Program Files (x86)/Epic Games/4.14/Engine/Plugins/Online/OnlineSubsystemUtils/OnlineSubsystemUtils.uplugin
LogPluginManager: Loaded Plugin IOSTapJoy, From D:/Program Files (x86)/Epic Games/4.14/Engine/Plugins/Runtime/Advertising/IOSTapJoy/IOSTapJoy.uplugin
LogPluginManager: Loaded Plugin AnalyticsBlueprintLibrary, From D:/Program Files (x86)/Epic Games/4.14/Engine/Plugins/Runtime/Analytics/AnalyticsBlueprintLibrary/AnalyticsBlueprintLibrary.uplugin
LogPluginManager: Loaded Plugin AnalyticsMulticast, From D:/Program Files (x86)/Epic Games/4.14/Engine/Plugins/Runtime/Analytics/AnalyticsMulticast/AnalyticsMulticast.uplugin
LogPluginManager: Loaded Plugin Apsalar, From D:/Program Files (x86)/Epic Games/4.14/Engine/Plugins/Runtime/Analytics/Apsalar/Apsalar.uplugin
LogPluginManager: Loaded Plugin FileLogging, From D:/Program Files (x86)/Epic Games/4.14/Engine/Plugins/Runtime/Analytics/FileLogging/FileLogging.uplugin
LogPluginManager: Loaded Plugin Flurry, From D:/Program Files (x86)/Epic Games/4.14/Engine/Plugins/Runtime/Analytics/Flurry/Flurry.uplugin
LogPluginManager: Loaded Plugin AndroidDeviceProfileSelector, From D:/Program Files (x86)/Epic Games/4.14/Engine/Plugins/Runtime/AndroidDeviceProfileSelector/AndroidDeviceProfileSelector.uplugin
LogPluginManager: Loaded Plugin AndroidMoviePlayer, From D:/Program Files (x86)/Epic Games/4.14/Engine/Plugins/Runtime/AndroidMoviePlayer/AndroidMoviePlayer.uplugin
LogPluginManager: Loaded Plugin AppleMoviePlayer, From D:/Program Files (x86)/Epic Games/4.14/Engine/Plugins/Runtime/AppleMoviePlayer/AppleMoviePlayer.uplugin
LogPluginManager: Loaded Plugin ArchVisCharacter, From D:/Program Files (x86)/Epic Games/4.14/Engine/Plugins/Runtime/ArchVisCharacter/ArchVisCharacter.uplugin
LogPluginManager: Loaded Plugin CableComponent, From D:/Program Files (x86)/Epic Games/4.14/Engine/Plugins/Runtime/CableComponent/CableComponent.uplugin
LogPluginManager: Loaded Plugin CustomMeshComponent, From D:/Program Files (x86)/Epic Games/4.14/Engine/Plugins/Runtime/CustomMeshComponent/CustomMeshComponent.uplugin
LogPluginManager: Loaded Plugin ExampleDeviceProfileSelector, From D:/Program Files (x86)/Epic Games/4.14/Engine/Plugins/Runtime/ExampleDeviceProfileSelector/ExampleDeviceProfileSelector.uplugin
LogPluginManager: Loaded Plugin GearVR, From D:/Program Files (x86)/Epic Games/4.14/Engine/Plugins/Runtime/GearVR/GearVR.uplugin
LogPluginManager: Loaded Plugin GoogleVRController, From D:/Program Files (x86)/Epic Games/4.14/Engine/Plugins/Runtime/GoogleVR/GoogleVRController/GoogleVRController.uplugin
LogPluginManager: Loaded Plugin GoogleVRHMD, From D:/Program Files (x86)/Epic Games/4.14/Engine/Plugins/Runtime/GoogleVR/GoogleVRHMD/GoogleVRHMD.uplugin
LogPluginManager: Loaded Plugin IOSDeviceProfileSelector, From D:/Program Files (x86)/Epic Games/4.14/Engine/Plugins/Runtime/IOSDeviceProfileSelector/IOSDeviceProfileSelector.uplugin
LogPluginManager: Loaded Plugin LeapMotion, From D:/Program Files (x86)/Epic Games/4.14/Engine/Plugins/Runtime/LeapMotion/LeapMotion.uplugin
LogPluginManager: Loaded Plugin LinuxDeviceProfileSelector, From D:/Program Files (x86)/Epic Games/4.14/Engine/Plugins/Runtime/LinuxDeviceProfileSelector/LinuxDeviceProfileSelector.uplugin
LogPluginManager: Loaded Plugin MIDIDevice, From D:/Program Files (x86)/Epic Games/4.14/Engine/Plugins/Runtime/MIDIDevice/MIDIDevice.uplugin
LogPluginManager: Loaded Plugin MobilePatchingUtils, From D:/Program Files (x86)/Epic Games/4.14/Engine/Plugins/Runtime/MobilePatchingUtils/MobilePatchingUtils.uplugin
LogPluginManager: Loaded Plugin Ansel, From D:/Program Files (x86)/Epic Games/4.14/Engine/Plugins/Runtime/Nvidia/Ansel/Ansel.uplugin
LogPluginManager: Loaded Plugin OculusAudio, From D:/Program Files (x86)/Epic Games/4.14/Engine/Plugins/Runtime/OculusAudio/OculusAudio.uplugin
LogPluginManager: Loaded Plugin OculusInput, From D:/Program Files (x86)/Epic Games/4.14/Engine/Plugins/Runtime/OculusInput/OculusInput.uplugin
LogPluginManager: Loaded Plugin OculusLibrary, From D:/Program Files (x86)/Epic Games/4.14/Engine/Plugins/Runtime/OculusLibrary/OculusLibrary.uplugin
LogPluginManager: Loaded Plugin OculusRift, From D:/Program Files (x86)/Epic Games/4.14/Engine/Plugins/Runtime/OculusRift/OculusRift.uplugin
LogPluginManager: Loaded Plugin Oodle, From D:/Program Files (x86)/Epic Games/4.14/Engine/Plugins/Runtime/PacketHandlers/CompressionComponents/Oodle/Oodle.uplugin
LogPluginManager: Loaded Plugin ProceduralMeshComponent, From D:/Program Files (x86)/Epic Games/4.14/Engine/Plugins/Runtime/ProceduralMeshComponent/ProceduralMeshComponent.uplugin
LogPluginManager: Loaded Plugin SoundMod, From D:/Program Files (x86)/Epic Games/4.14/Engine/Plugins/Runtime/SoundMod/SoundMod.uplugin
LogPluginManager: Loaded Plugin SoundVisualizations, From D:/Program Files (x86)/Epic Games/4.14/Engine/Plugins/Runtime/SoundVisualizations/SoundVisualizations.uplugin
LogPluginManager: Loaded Plugin SteamController, From D:/Program Files (x86)/Epic Games/4.14/Engine/Plugins/Runtime/Steam/SteamController/SteamController.uplugin
LogPluginManager: Loaded Plugin SteamVR, From D:/Program Files (x86)/Epic Games/4.14/Engine/Plugins/Runtime/Steam/SteamVR/SteamVR.uplugin
LogPluginManager: Loaded Plugin WebBrowserWidget, From D:/Program Files (x86)/Epic Games/4.14/Engine/Plugins/Runtime/WebBrowserWidget/WebBrowserWidget.uplugin
LogPluginManager: Loaded Plugin WindowsDeviceProfileSelector, From D:/Program Files (x86)/Epic Games/4.14/Engine/Plugins/Runtime/WindowsDeviceProfileSelector/WindowsDeviceProfileSelector.uplugin
LogPluginManager: Loaded Plugin WindowsMoviePlayer, From D:/Program Files (x86)/Epic Games/4.14/Engine/Plugins/Runtime/WindowsMoviePlayer/WindowsMoviePlayer.uplugin
LogPluginManager: Loaded Plugin ScriptPlugin, From D:/Program Files (x86)/Epic Games/4.14/Engine/Plugins/ScriptPlugin/ScriptPlugin.uplugin
LogPluginManager: Loaded Plugin SlateRemote, From D:/Program Files (x86)/Epic Games/4.14/Engine/Plugins/Slate/SlateRemote/SlateRemote.uplugin
LogPluginManager: Loaded Plugin EditorTests, From D:/Program Files (x86)/Epic Games/4.14/Engine/Plugins/Tests/EditorTests/EditorTests.uplugin
LogPluginManager: Loaded Plugin FbxAutomationTestBuilder, From D:/Program Files (x86)/Epic Games/4.14/Engine/Plugins/Tests/FbxAutomationTestBuilder/FbxAutomationTestBuilder.uplugin
LogPluginManager: Loaded Plugin FunctionalTestingEditor, From D:/Program Files (x86)/Epic Games/4.14/Engine/Plugins/Tests/FunctionalTestingEditor/FunctionalTestingEditor.uplugin
LogPluginManager: Loaded Plugin RuntimeTests, From D:/Program Files (x86)/Epic Games/4.14/Engine/Plugins/Tests/RuntimeTests/RuntimeTests.uplugin
LogPluginManager: Loaded Plugin ScreenshotTools, From D:/Program Files (x86)/Epic Games/4.14/Engine/Plugins/Tests/ScreenshotTools/ScreenshotTools.uplugin
LogInit: Using libcurl 7.47.1
LogInit:  - built for x86_64-pc-win32
LogInit:  - supports SSL with OpenSSL/1.0.2g
LogInit:  - supports HTTP deflate (compression) using libz 1.2.8
LogInit:  - other features:
LogInit:      CURL_VERSION_SSL
LogInit:      CURL_VERSION_LIBZ
LogInit:      CURL_VERSION_IPV6
LogInit:      CURL_VERSION_ASYNCHDNS
LogInit:      CURL_VERSION_LARGEFILE
LogInit:      CURL_VERSION_IDN
LogInit:  CurlRequestOptions (configurable via config and command line):
LogInit:  - bVerifyPeer = false  - Libcurl will NOT verify peer certificate
LogInit:  - bUseHttpProxy = false  - Libcurl will NOT use HTTP proxy
LogInit:  - bDontReuseConnections = false  - Libcurl will reuse connections
LogInit:  - CertBundlePath = nullptr  - Libcurl will use whatever was configured at build time.
LogInit: Build: ++UE4+Release-4.14-CL-3249277
LogInit: Engine Version: 4.14.3-3249277+++UE4+Release-4.14
LogInit: Compatible Engine Version: 4.14.0-3195953+++UE4+Release-4.14
LogInit: Net CL: 3195953
LogDevObjectVersion: Number of dev versions registered: 13
LogDevObjectVersion:   Dev-Blueprints (B0D832E4-1F89-4F0D-ACCF-7EB736FD4AA2): 7
LogDevObjectVersion:   Dev-Build (E1C64328-A22C-4D53-A36C-8E866417BD8C): 0
LogDevObjectVersion:   Dev-Core (375EC13C-06E4-48FB-B500-84F0262A717E): 1
LogDevObjectVersion:   Dev-Editor (E4B068ED-F494-42E9-A231-DA0B2E46BB41): 8
LogDevObjectVersion:   Dev-Framework (CFFC743F-43B0-4480-9391-14DF171D2073): 17
LogDevObjectVersion:   Dev-Mobile (B02B49B5-BB20-44E9-A304-32B752E40360): 0
LogDevObjectVersion:   Dev-Networking (A4E4105C-59A1-49B5-A7C5-40C4547EDFEE): 0
LogDevObjectVersion:   Dev-Online (39C831C9-5AE6-47DC-9A44-9C173E1C8E7C): 0
LogDevObjectVersion:   Dev-Physics (78F01B33-EBEA-4F98-B9B4-84EACCB95AA2): 0
LogDevObjectVersion:   Dev-Platform (6631380F-2D4D-43E0-8009-CF276956A95A): 0
LogDevObjectVersion:   Dev-Rendering (12F88B9F-8875-4AFC-A67C-D90C383ABD29): 12
LogDevObjectVersion:   Dev-Sequencer (7B5AE74C-D270-4C10-A958-57980B212A5A): 1
LogDevObjectVersion:   Dev-VR (D7296918-1DD6-4BDD-9DE2-64A83CC13884): 0
LogInit: Compiled (64-bit): Jan  6 2017 10:49:43
LogInit: Compiled with Visual C++: 19.00.23026.00
LogInit: Build Configuration: Development
LogInit: Branch Name: ++UE4+Release-4.14
LogInit: Command line: 
LogInit: Base directory: D:/Program Files (x86)/Epic Games/4.14/Engine/Binaries/Win64/
LogInit: Installed Engine Build: 1
LogInit: Presizing for max 8388607 objects, including 0 objects not considered by GC, pre-allocating 0 bytes for permanent pool.
LogInit: Object subsystem initialized
[2017.02.21-21.21.38:571][  0]LogInit: Selected Device Profile: [Windows]
[2017.02.21-21.21.38:571][  0]LogInit: Applying CVar settings loaded from the selected device profile: [Windows]
[2017.02.21-21.21.38:592][  0]LogInit: Computer: DESKTOP-3FAHSDO
[2017.02.21-21.21.38:592][  0]LogInit: User: Edd
[2017.02.21-21.21.38:592][  0]LogInit: CPU Page size=65536, Cores=4
[2017.02.21-21.21.38:592][  0]LogInit: High frequency timer resolution =2.531247 MHz
[2017.02.21-21.21.38:592][  0]LogMemory: Memory total: Physical=7.9GB (8GB approx)
[2017.02.21-21.21.38:592][  0]LogMemory: Platform Memory Stats for Windows
[2017.02.21-21.21.38:592][  0]LogMemory: Process Physical Memory: 266.05 MB used, 266.05 MB peak
[2017.02.21-21.21.38:592][  0]LogMemory: Process Virtual Memory: 262.71 MB used, 262.71 MB peak
[2017.02.21-21.21.38:592][  0]LogMemory: Physical Memory: 4700.79 MB used,  3367.73 MB free, 8068.52 MB total
[2017.02.21-21.21.38:592][  0]LogMemory: Virtual Memory: 676.53 MB used,  3367.73 MB free, 134217728.00 MB total
[2017.02.21-21.21.38:707][  0]LogInit: Overriding culture en with editor configuration.
[2017.02.21-21.21.40:430][  0]LogD3D11RHI: D3D11 adapters:
[2017.02.21-21.21.40:468][  0]LogD3D11RHI:    0. 'NVIDIA GeForce GTX 960M' (Feature Level 11_0)
[2017.02.21-21.21.40:468][  0]LogD3D11RHI:       2018/0/4034 MB DedicatedVideo/DedicatedSystem/SharedSystem, Outputs:1, VendorId:0x10de
[2017.02.21-21.21.40:479][  0]LogD3D11RHI:    1. 'Intel(R) HD Graphics 530' (Feature Level 11_0)
[2017.02.21-21.21.40:479][  0]LogD3D11RHI:       128/0/4034 MB DedicatedVideo/DedicatedSystem/SharedSystem, Outputs:0, VendorId:0x8086
[2017.02.21-21.21.40:481][  0]LogD3D11RHI:    2. 'Microsoft Basic Render Driver' (Feature Level 11_0)
[2017.02.21-21.21.40:481][  0]LogD3D11RHI:       0/0/4034 MB DedicatedVideo/DedicatedSystem/SharedSystem, Outputs:0, VendorId:0x1414
[2017.02.21-21.21.40:481][  0]LogD3D11RHI: Chosen D3D11 Adapter: 0
[2017.02.21-21.21.40:485][  0]LogD3D11RHI: Creating new Direct3DDevice
[2017.02.21-21.21.40:485][  0]LogD3D11RHI:     GPU DeviceId: 0x139b (for the marketing name, search the web for "GPU Device Id")
[2017.02.21-21.21.40:485][  0]LogWindows: EnumDisplayDevices:
[2017.02.21-21.21.40:485][  0]LogWindows:    0. 'Intel(R) HD Graphics 530' (P:1 D:1)
[2017.02.21-21.21.40:486][  0]LogWindows:    1. 'Intel(R) HD Graphics 530' (P:0 D:0)
[2017.02.21-21.21.40:486][  0]LogWindows:    2. 'Intel(R) HD Graphics 530' (P:0 D:0)
[2017.02.21-21.21.40:486][  0]LogWindows: DebugString: PrimaryIsNotTheChoosenAdapter PrimaryIsNotTheChoosenAdapter PrimaryIsNotTheChoosenAdapter FoundDriverCount:0 
[2017.02.21-21.21.40:486][  0]LogD3D11RHI:     Adapter Name: NVIDIA GeForce GTX 960M
[2017.02.21-21.21.40:486][  0]LogD3D11RHI:   Driver Version: Unknown (internal:Unknown, unified:Unknown)
[2017.02.21-21.21.40:486][  0]LogD3D11RHI:      Driver Date: Unknown
[2017.02.21-21.21.40:486][  0]LogRHI: Texture pool is 1361 MB (70% of 1945 MB)
[2017.02.21-21.21.40:502][  0]LogD3D11RHI: Async texture creation enabled
[2017.02.21-21.21.40:513][  0]LogD3D11RHI: GPU Timing Frequency: 1000.000000 (Debug: 2 1)
[2017.02.21-21.21.40:514][  0]LogShaderCompilers: Guid format shader working directory is -10 characters bigger than the processId version (C:/Users/Edd/Desktop/VANsGame/Mechanics/BasicMechanics/Intermediate/Shaders/WorkingDirectory/4736/).
[2017.02.21-21.21.40:514][  0]LogShaderCompilers: Cleaned the shader compiler working directory 'C:/Users/Edd/AppData/Local/Temp/UnrealShaderWorkingDir/57F01EA142FF34EB0C91C5AB9686FE38/'.
[2017.02.21-21.21.40:514][  0]LogShaderCompilers:Display: Using Local Shader Compiler.
[2017.02.21-21.21.43:679][  0]LogTemp:Display: Loaded TP AllDesktopTargetPlatform
[2017.02.21-21.21.43:913][  0]LogTemp:Display: Loaded TP MacClientTargetPlatform
[2017.02.21-21.21.44:165][  0]LogTemp:Display: Loaded TP MacNoEditorTargetPlatform
[2017.02.21-21.21.44:439][  0]LogTemp:Display: Loaded TP MacServerTargetPlatform
[2017.02.21-21.21.44:716][  0]LogTemp:Display: Loaded TP MacTargetPlatform
[2017.02.21-21.21.44:983][  0]LogTemp:Display: Loaded TP WindowsClientTargetPlatform
[2017.02.21-21.21.45:209][  0]LogTemp:Display: Loaded TP WindowsNoEditorTargetPlatform
[2017.02.21-21.21.45:442][  0]LogTemp:Display: Loaded TP WindowsServerTargetPlatform
[2017.02.21-21.21.45:678][  0]LogTemp:Display: Loaded TP WindowsTargetPlatform
[2017.02.21-21.21.45:904][  0]LogTemp:Display: Loaded TP Android_ASTCTargetPlatform
[2017.02.21-21.21.46:126][  0]LogTemp:Display: Loaded TP Android_ATCTargetPlatform
[2017.02.21-21.21.46:359][  0]LogTemp:Display: Loaded TP Android_DXTTargetPlatform
[2017.02.21-21.21.46:613][  0]LogTemp:Display: Loaded TP Android_ETC1TargetPlatform
[2017.02.21-21.21.46:874][  0]LogTemp:Display: Loaded TP Android_ETC2TargetPlatform
[2017.02.21-21.21.47:410][  0]LogTemp:Display: Loaded TP Android_MultiTargetPlatform
[2017.02.21-21.21.47:410][  0]LogTemp:Display: Loaded TP Android_PVRTCTargetPlatform
[2017.02.21-21.21.47:948][  0]LogTemp:Display: Loaded TP AndroidTargetPlatform
[2017.02.21-21.21.48:184][  0]LogTemp:Display: Loaded TP HTML5TargetPlatform
[2017.02.21-21.21.48:742][  0]LogTemp:Display: Loaded TP IOSTargetPlatform
[2017.02.21-21.21.48:878][  0]LogTemp:Display: Loaded TP TVOSTargetPlatform
[2017.02.21-21.21.49:104][  0]LogTemp:Display: Loaded TP LinuxClientTargetPlatform
[2017.02.21-21.21.49:333][  0]LogTemp:Display: Loaded TP LinuxNoEditorTargetPlatform
[2017.02.21-21.21.49:560][  0]LogTemp:Display: Loaded TP LinuxServerTargetPlatform
[2017.02.21-21.21.49:796][  0]LogTemp:Display: Loaded TP LinuxTargetPlatform
[2017.02.21-21.21.49:796][  0]LogTargetPlatformManager:Display: Building Assets For Windows
[2017.02.21-21.21.52:509][  0]LogDerivedDataCache:Display: Max Cache Size: 512 MB
[2017.02.21-21.21.52:578][  0]LogDerivedDataCache: Loaded boot cache 0.07s 50MB C:/Users/Edd/AppData/Local/UnrealEngine/4.14/DerivedDataCache/Boot.ddc.
[2017.02.21-21.21.52:578][  0]LogDerivedDataCache:Display: Loaded Boot cache: C:/Users/Edd/AppData/Local/UnrealEngine/4.14/DerivedDataCache/Boot.ddc
[2017.02.21-21.21.52:578][  0]LogDerivedDataCache: FDerivedDataBackendGraph:  Pak pak cache file C:/Users/Edd/Desktop/VANsGame/Mechanics/BasicMechanics/DerivedDataCache/DDC.ddp not found, will not use a pak cache.
[2017.02.21-21.21.52:578][  0]LogDerivedDataCache: Unable to find inner node Pak for hierarchical cache Hierarchy.
[2017.02.21-21.21.52:578][  0]LogDerivedDataCache: FDerivedDataBackendGraph:  CompressedPak pak cache file C:/Users/Edd/Desktop/VANsGame/Mechanics/BasicMechanics/DerivedDataCache/Compressed.ddp not found, will not use a pak cache.
[2017.02.21-21.21.52:578][  0]LogDerivedDataCache: Unable to find inner node CompressedPak for hierarchical cache Hierarchy.
[2017.02.21-21.21.52:604][  0]LogDerivedDataCache:Display: Pak cache opened for reading ../../../Engine/DerivedDataCache/Compressed.ddp.
[2017.02.21-21.21.52:616][  0]LogDerivedDataCache: Using Local data cache path C:/Users/Edd/AppData/Local/UnrealEngine/Common/DerivedDataCache: Writable
[2017.02.21-21.21.53:830][  0]LogInit: Selected Device Profile: [Windows]
[2017.02.21-21.21.53:834][  0]LogContentStreaming: Texture pool size is 0.00 MB
[2017.02.21-21.21.54:604][  0]LogMeshUtilities: Using QuadricMeshReduction for automatic static mesh reduction
[2017.02.21-21.21.54:908][  0]LogSimplygon: Simplygon DLL not present - disabling.
[2017.02.21-21.21.55:134][  0]LogMeshUtilities: Using SimplygonSwarm for distributed automatic mesh merging
[2017.02.21-21.21.55:134][  0]LogMeshUtilities: No automatic skeletal mesh reduction module available
[2017.02.21-21.21.55:134][  0]LogMeshUtilities: No automatic mesh merging module available
[2017.02.21-21.21.56:893][  0]LogNetVersion: GetLocalNetworkVersion: CL: 3195953, ProjectName: basicmechanics, ProjectVersion: , EngineNetworkVersion: 2, GameNetworkVersion: 0, NetworkChecksum: 1363929391
[2017.02.21-21.21.57:149][  0]LogAssetRegistry: FAssetRegistry took 0.0224 seconds to start up
[2017.02.21-21.21.57:313][  0]LogPackageLocalizationCache: Processed 3 localized package path(s) for 1 prioritized culture(s) in 0.019405 seconds
[2017.02.21-21.21.57:321][  0]LogUObjectArray: 31946 objects as part of root set at end of initial load.
[2017.02.21-21.21.57:321][  0]LogUObjectAllocator: 6935848 out of 0 bytes used by permanent object pool.
[2017.02.21-21.21.57:321][  0]LogUObjectArray: CloseDisregardForGC: 0/0 objects in disregard for GC pool
[2017.02.21-21.21.57:790][  0]LogInit: WinSock: version 1.1 (2.2), MaxSocks=32767, MaxUdp=65467
[2017.02.21-21.22.02:462][  0]LogSlate: Using Freetype 2.6.0
[2017.02.21-21.22.02:509][  0]LogSlate: SlateFontCache - WITH_FREETYPE: 1, WITH_HARFBUZZ: 1
[2017.02.21-21.22.02:509][  0]LogSlate: SlateFontCache - WITH_FREETYPE: 1, WITH_HARFBUZZ: 1
[2017.02.21-21.22.08:784][  0]LogTcpMessaging: Initializing TcpMessaging bridge
[2017.02.21-21.22.08:975][  0]LogUdpMessaging: Initializing bridge on interface 0.0.0.0:0 to multicast group 230.0.0.1:6666.
[2017.02.21-21.22.10:402][  0]LogMaterial: Uniform references updated for custom material expression Custom.
[2017.02.21-21.22.12:229][  0]SourceControl: Info Source control is disabled
[2017.02.21-21.22.12:231][  0]SourceControl: Info Source control is disabled
[2017.02.21-21.22.12:475][  0]SourceControl: Info Source control is disabled
[2017.02.21-21.22.12:705][  0]SourceControl: Info Source control is disabled
[2017.02.21-21.22.19:884][  0]LogEngine: Initializing Engine...
[2017.02.21-21.22.19:885][  0]LogHMD: Failed to initialize OpenVR with code 110
[2017.02.21-21.22.20:778][  0]LogAIModule: Creating AISystem for world Untitled
[2017.02.21-21.22.20:790][  0]LogInit: XAudio2 using 'Altavoces (Realtek High Definition Audio)' : 2 channels at 48 kHz using 32 bits per sample (channel mask 0x3)
[2017.02.21-21.22.20:916][  0]LogInit: FAudioDevice initialized.
[2017.02.21-21.22.20:945][  0]LogDerivedDataCache: Saved boot cache 0.03s 50MB C:/Users/Edd/AppData/Local/UnrealEngine/4.14/DerivedDataCache/Boot.ddc.
[2017.02.21-21.22.20:952][  0]LogInit: Texture streaming: Enabled
[2017.02.21-21.22.21:940][  0]LogInit: Transaction tracking system initialized
[2017.02.21-21.22.23:975][  0]BlueprintLog: New page: Editor Load
[2017.02.21-21.22.29:222][  0]LocalizationService: Info Localization service is disabled
[2017.02.21-21.22.33:335][  0]LogConsoleResponse:Display: 
[2017.02.21-21.22.33:792][  0]LogCook:Display: Max memory allowance for cook 16384mb min free memory 0mb
[2017.02.21-21.22.33:792][  0]LogCook:Display: Mobile HDR setting 1
[2017.02.21-21.22.34:907][  0]LogFileCache: Scanning file cache for directory 'C:/Users/Edd/Desktop/VANsGame/Mechanics/BasicMechanics/Content/' took 0.02s
[2017.02.21-21.22.39:707][  0]SourceControl: Info Source control is disabled
[2017.02.21-21.22.52:430][  0]LogWindowsTextInputMethodSystem:Display: IME system now deactivated.
[2017.02.21-21.22.52:441][  0]LogWindowsTextInputMethodSystem:Display: IME system now deactivated.
[2017.02.21-21.22.58:263][  0]LogWindowsTextInputMethodSystem:Display: IME system now deactivated.
[2017.02.21-21.22.58:275][  0]LogWindowsTextInputMethodSystem:Display: IME system now deactivated.
[2017.02.21-21.22.58:277][  0]Cmd: MAP LOAD FILE="C:/Users/Edd/Desktop/VANsGame/Mechanics/BasicMechanics/Content/StarterContent/Maps/Minimal_Default.umap" TEMPLATE=0 SHOWPROGRESS=1 FEATURELEVEL=3
[2017.02.21-21.22.58:278][  0]LightingResults: New page: Lighting Build
[2017.02.21-21.22.58:569][  0]MapCheck: New page: Map Check
[2017.02.21-21.22.58:569][  0]LightingResults: New page: Lighting Build
[2017.02.21-21.22.59:269][  0]LogAIModule: Creating AISystem for world Minimal_Default
[2017.02.21-21.22.59:272][  0]LogActorComponent: RegisterComponentWithWorld: (/Game/StarterContent/Maps/Minimal_Default.Minimal_Default:PersistentLevel.WorldSettings_1.StaticMeshComponent0) Trying to register component with IsPendingKill() == true. Aborting.
[2017.02.21-21.22.59:342][  0]LogEditorServer: Finished looking for orphan Actors (0.000 secs)
[2017.02.21-21.22.59:344][  0]Cmd: MAP CHECKDEP NOCLEARLOG
[2017.02.21-21.23.00:845][  0]MapCheck: Info Map check complete: 0 Error(s), 0 Warning(s), took 1,500.997ms to complete.
[2017.02.21-21.23.00:846][  0]LogFileHelpers: Loading map 'Minimal_Default' took 2.570
[2017.02.21-21.23.01:119][  0]LogStats:Warning: MetaData mismatch. Did you assign a stat to two groups? New //STATGROUP_Threads//SplashScreenThread///Thread_1584_0///####STATCAT_Advanced#### old //STATGROUP_Threads//SplashScreenThread///Thread_1140_0///####STATCAT_Advanced####
[2017.02.21-21.23.01:119][  0]LogCollectionManager: Loaded 0 collections in 0.002715 seconds
[2017.02.21-21.23.01:409][  0]LogFileCache: Scanning file cache for directory 'C:/Users/Edd/Desktop/VANsGame/Mechanics/BasicMechanics/Saved/Collections/' took 0.01s
[2017.02.21-21.23.01:409][  0]LogFileCache: Scanning file cache for directory 'C:/Users/Edd/Desktop/VANsGame/Mechanics/BasicMechanics/Content/Developers/Edd/Collections/' took 0.01s
[2017.02.21-21.23.01:409][  0]LogFileCache: Scanning file cache for directory 'C:/Users/Edd/Desktop/VANsGame/Mechanics/BasicMechanics/Content/Collections/' took 0.01s
[2017.02.21-21.23.01:409][  0]LogCollectionManager: Rebuilt the GUID cache for 0 collections in 0.000002 seconds
[2017.02.21-21.23.01:418][  0]LogContentBrowser: Native class hierarchy populated in 0.0086 seconds. Added 2190 classes and 428 folders.
[2017.02.21-21.23.01:641][  0]LogStats: UGameplayTagsManager::ConstructGameplayTagTree: Construct from data asset -  0.000 s
[2017.02.21-21.23.01:641][  0]LogStats: UGameplayTagsManager::ConstructGameplayTagTree: GameplayTagTreeChangedEvent.Broadcast -  0.000 s
[2017.02.21-21.23.01:642][  0]LogContentBrowser: Native class hierarchy updated for 'GameplayTags' in 0.0006 seconds. Added 13 classes and 0 folders.
[2017.02.21-21.23.02:012][  0]LogContentBrowser: Native class hierarchy updated for 'WidgetCarousel' in 0.0005 seconds. Added 0 classes and 0 folders.
[2017.02.21-21.23.02:317][  0]LogContentBrowser: Native class hierarchy updated for 'AddContentDialog' in 0.0016 seconds. Added 0 classes and 0 folders.
[2017.02.21-21.23.02:598][  0]LogContentBrowser: Native class hierarchy updated for 'SceneOutliner' in 0.0005 seconds. Added 1 classes and 2 folders.
[2017.02.21-21.23.02:745][  0]LogCrashTracker: Crashtracker disabled due to settings.
[2017.02.21-21.23.02:752][  0]LogUObjectGlobals:Warning: Failed to find object 'Class None.'
[2017.02.21-21.23.03:059][  0]LogContentBrowser: Native class hierarchy updated for 'HierarchicalLODOutliner' in 0.0006 seconds. Added 1 classes and 2 folders.
[2017.02.21-21.23.03:059][  0]LogLoad: (Engine Initialization) Total time: 90.06 seconds
[2017.02.21-21.23.03:059][  0]LogLoad: (Engine Initialization) Total Blueprint compile time: 0.38 seconds
[2017.02.21-21.23.03:060][  0]LogExternalProfiler: Found external profiler: VSPerf
[2017.02.21-21.23.03:060][  0]LogExternalProfiler: Using external profiler: VSPerf
[2017.02.21-21.23.03:077][  0]LogOcInput: OculusInput pre-init called
[2017.02.21-21.23.03:114][  0]LogContentStreaming: Texture pool size now 1000 MB
[2017.02.21-21.23.03:410][  0]LogRenderer: Reallocating scene render targets to support 940x408 NumSamples 1 (Frame:2).
[2017.02.21-21.23.03:481][  1]LogFileCache: Retrieving MD5 hashes for directory 'C:/Users/Edd/Desktop/VANsGame/Mechanics/BasicMechanics/Content/' took 0.39s
[2017.02.21-21.23.03:799][  2]LogAssetRegistry: Asset discovery search completed in 66.6717 seconds
[2017.02.21-21.23.03:799][  2]LogCollectionManager: Rebuilt the object cache for 0 collections in 0.000001 seconds (found 0 objects)
[2017.02.21-21.23.03:799][  2]LogCollectionManager: Fixed up redirectors for 0 collections in 0.000015 seconds (updated 0 objects)
[2017.02.21-21.23.12:417][454]LogLinker:Warning: Can't find file '/Game/Models/VAN_Size'
[2017.02.21-21.23.12:417][454]LogLinker:Warning: Can't find file for asset '/Game/Models/VAN_Size' while loading C:/Users/Edd/Desktop/VANsGame/Mechanics/BasicMechanics/Content/Levels/Village.umap.
[2017.02.21-21.23.12:417][454]LoadErrors:Error: Error /Game/Levels/Village : Can't find file for asset. /Game/Models/VAN_Size
[2017.02.21-21.23.12:436][454]LogLinker:Warning: Can't find file '/Game/Models/VAN_Size'
[2017.02.21-21.23.12:436][454]LogLinker:Warning: Can't find file for asset '/Game/Models/VAN_Size' while loading C:/Users/Edd/Desktop/VANsGame/Mechanics/BasicMechanics/Content/Levels/Village.umap.
[2017.02.21-21.23.12:450][454]LogLinker:Warning: Can't find file '/Game/Models/VAN_Size'
[2017.02.21-21.23.12:451][454]LoadErrors: Info Failed to load /Game/Models/VAN_Size.VAN_Size Referenced by VAN_Size2_11
[2017.02.21-21.23.12:451][454]LogLinker:Warning: Can't find file for asset '/Game/Models/VAN_Size' while loading NULL.
[2017.02.21-21.23.12:847][454]LogAIModule: Creating AISystem for world Village
[2017.02.21-21.23.12:879][454]Cmd: MAP LOAD FILE="C:/Users/Edd/Desktop/VANsGame/Mechanics/BasicMechanics/Content/Levels/Village.umap" TEMPLATE=0 SHOWPROGRESS=1 FEATURELEVEL=3
[2017.02.21-21.23.12:879][454]LightingResults: New page: Lighting Build
[2017.02.21-21.23.12:880][454]LoadErrors: New page: Loading map: Village.umap
[2017.02.21-21.23.12:881][454]MapCheck: New page: Map Check
[2017.02.21-21.23.12:881][454]LightingResults: New page: Lighting Build
[2017.02.21-21.23.12:899][454]LogEditorServer: Finished looking for orphan Actors (0.000 secs)
[2017.02.21-21.23.12:938][454]Cmd: MAP CHECKDEP NOCLEARLOG
[2017.02.21-21.23.14:713][454]MapCheck: Info Map check complete: 0 Error(s), 0 Warning(s), took 1,774.497ms to complete.
[2017.02.21-21.23.14:715][454]LogFileHelpers: Loading map 'Village' took 1.836
[2017.02.21-21.23.22:975][916]LogActorFactory: Actor Factory created VansHouse
[2017.02.21-21.23.23:658][957]LogActorFactory: Actor Factory created VansHouse
[2017.02.21-21.23.24:438][999]Cmd: DELETE
[2017.02.21-21.23.24:438][999]Cmd: ACTOR DELETE
[2017.02.21-21.23.24:438][999]LogEditorActor: Deleted Actor: StaticMeshActor
[2017.02.21-21.23.24:450][999]LogEditorActor: Deleted 1 Actors (0.012 secs)
[2017.02.21-21.23.46:134][341]LogFactory: FactoryCreateFile: StaticMesh with FbxFactory (0 0 C:\Users\Edd\Desktop\VANsGame\Models\VansHouse\export\VansHouse.FBX)
[2017.02.21-21.23.46:165][341]LogFbx: ItemName: GlobalSettings, ItemCount : 1
[2017.02.21-21.23.46:165][341]LogFbx: ItemName: AnimationStack, ItemCount : 1
[2017.02.21-21.23.46:165][341]LogFbx: ItemName: AnimationLayer, ItemCount : 1
[2017.02.21-21.23.46:165][341]LogFbx: ItemName: Model, ItemCount : 1
[2017.02.21-21.23.46:165][341]LogFbx: ItemName: Geometry, ItemCount : 1
[2017.02.21-21.23.46:175][341]LogFbx: Loading FBX Scene from C:\Users\Edd\Desktop\VANsGame\Models\VansHouse\export\VansHouse.FBX
[2017.02.21-21.23.46:188][341]LogFbx: FBX Scene Loaded Succesfully
[2017.02.21-21.23.47:710][341]LogFbx: Loading FBX Scene from C:\Users\Edd\Desktop\VANsGame\Models\VansHouse\export\VansHouse.FBX
[2017.02.21-21.23.47:716][341]LogFbx: FBX Scene Loaded Succesfully
[2017.02.21-21.23.47:719][341]LogFbx:Warning: Triangulating static mesh Box001
[2017.02.21-21.23.47:824][341]LogStaticMesh: Building static mesh VansHouse...
[2017.02.21-21.23.47:845][341]LogStaticMesh: Built static mesh [0.02s] /Game/Models/VansHouse/VansHouse.VansHouse
[2017.02.21-21.23.47:848][341]LogStaticMesh:Warning: VansHouse has degenerate tangent bases which will result in incorrect shading.  MikkTSpace relies on tangent bases and may result in mesh corruption, consider disabling this option.
[2017.02.21-21.23.47:853][341]FBXImport:Warning: Warning No smoothing group information was found in this FBX scene.  Please make sure to enable the 'Export Smoothing Groups' option in the FBX Exporter plug-in before exporting the file.  Even for tools that don't support smoothing groups, the FBX Exporter will generate appropriate smoothing data at export-time so that correct vertex normals can be inferred while importing. 
[2017.02.21-21.23.47:853][341]FBXImport:Warning: Warning VansHouse has degenerate tangent bases which will result in incorrect shading.  MikkTSpace relies on tangent bases and may result in mesh corruption, consider disabling this option. 
[2017.02.21-21.23.55:817][790]LogActorFactory: Actor Factory created VansHouse
[2017.02.21-21.23.56:471][829]LogActorFactory: Actor Factory created VansHouse
[2017.02.21-21.24.30:563][778]LogRenderer: Reallocating scene render targets to support 1144x708 NumSamples 1 (Frame:4052).
[2017.02.21-21.24.50:242][868]Cmd: OBJ SAVEPACKAGE PACKAGE="/Game/Models/VansHouse/VansHouse" FILE="C:/Users/Edd/Desktop/VANsGame/Mechanics/BasicMechanics/Content/Models/VansHouse/VansHouse.uasset" SILENT=true
[2017.02.21-21.24.50:261][868]LogSavePackage: Save=16.29ms
[2017.02.21-21.24.50:261][868]LogSavePackage: Moving 'C:/Users/Edd/Desktop/VANsGame/Mechanics/BasicMechanics/Saved/VansHouse809FF7B34067456A0DBD5F99EF74A63B.tmp' to 'C:/Users/Edd/Desktop/VANsGame/Mechanics/BasicMechanics/Content/Models/VansHouse/VansHouse.uasset'
[2017.02.21-21.24.50:265][868]LogSavePackage:Display: Finished SavePackage C:/Users/Edd/Desktop/VANsGame/Mechanics/BasicMechanics/Content/Models/VansHouse/VansHouse.uasset
[2017.02.21-21.24.51:788][940]LogTemp: Repeting last play command: New Editor Window (PIE)
[2017.02.21-21.24.51:810][940]LogPlayLevel: PlayLevel: No blueprints needed recompiling
[2017.02.21-21.24.51:811][940]PIE: New page: PIE session: Village (Feb 21, 2017, 11:24:51 PM)
[2017.02.21-21.24.51:811][940]LogPlayLevel: Creating play world package: /Game/Levels/UEDPIE_0_Village
[2017.02.21-21.24.51:821][940]LogPlayLevel: PIE: StaticDuplicateObject took: (0.009643s)
[2017.02.21-21.24.51:821][940]LogAIModule: Creating AISystem for world Village
[2017.02.21-21.24.51:822][940]LogPlayLevel: PIE: World Init took: (0.001124s)
[2017.02.21-21.24.51:822][940]LogPlayLevel: PIE: Created PIE world by copying editor world from /Game/Levels/Village.Village to /Game/Levels/UEDPIE_0_Village.Village (0.011019s)
[2017.02.21-21.24.51:835][940]LogInit: XAudio2 using 'Altavoces (Realtek High Definition Audio)' : 2 channels at 48 kHz using 32 bits per sample (channel mask 0x3)
[2017.02.21-21.24.51:868][940]LogInit: FAudioDevice initialized.
[2017.02.21-21.24.51:925][940]LogLoad: Game class is 'GameModeBase'
[2017.02.21-21.24.51:934][940]LogWorld: Bringing World /Game/Levels/UEDPIE_0_Village.Village up for play (max tick rate 60) at 2017.02.21-22.24.51
[2017.02.21-21.24.51:935][940]LogWorld: Bringing up level for play took: 0.007244
[2017.02.21-21.24.52:185][940]LogContentBrowser: Native class hierarchy updated for 'MovieSceneCapture' in 0.0008 seconds. Added 11 classes and 0 folders.
[2017.02.21-21.24.52:191][940]PIE: Info Play in editor start time for /Game/Levels/UEDPIE_0_Village 0.538
[2017.02.21-21.24.52:279][940]LogRenderer: Reallocating scene render targets to support 1292x756 NumSamples 1 (Frame:6081).
[2017.02.21-21.25.04:490][636]LogEditorViewport: Clicking on Actor (LMB): BuildingTrigger_C (OldHouse3)
[2017.02.21-21.25.05:914][720]Cmd: EDIT COPY
[2017.02.21-21.25.06:147][734]Cmd: EDIT PASTE
[2017.02.21-21.25.14:869][229]LogTemp: Repeting last play command: New Editor Window (PIE)
[2017.02.21-21.25.14:890][229]LogPlayLevel: PlayLevel: No blueprints needed recompiling
[2017.02.21-21.25.14:890][229]PIE: New page: PIE session: Village (Feb 21, 2017, 11:25:14 PM)
[2017.02.21-21.25.14:890][229]LogPlayLevel: Creating play world package: /Game/Levels/UEDPIE_0_Village
[2017.02.21-21.25.14:902][229]LogPlayLevel: PIE: StaticDuplicateObject took: (0.012021s)
[2017.02.21-21.25.14:903][229]LogAIModule: Creating AISystem for world Village
[2017.02.21-21.25.14:903][229]LogPlayLevel: PIE: World Init took: (0.000840s)
[2017.02.21-21.25.14:903][229]LogPlayLevel: PIE: Created PIE world by copying editor world from /Game/Levels/Village.Village to /Game/Levels/UEDPIE_0_Village.Village (0.013057s)
[2017.02.21-21.25.14:916][229]LogInit: XAudio2 using 'Altavoces (Realtek High Definition Audio)' : 2 channels at 48 kHz using 32 bits per sample (channel mask 0x3)
[2017.02.21-21.25.14:949][229]LogInit: FAudioDevice initialized.
[2017.02.21-21.25.14:997][229]LogLoad: Game class is 'GameModeBase'
[2017.02.21-21.25.15:004][229]LogWorld: Bringing World /Game/Levels/UEDPIE_0_Village.Village up for play (max tick rate 60) at 2017.02.21-22.25.15
[2017.02.21-21.25.15:005][229]LogWorld: Bringing up level for play took: 0.005758
[2017.02.21-21.25.15:013][229]PIE: Info Play in editor start time for /Game/Levels/UEDPIE_0_Village -0.64
[2017.02.21-21.25.58:005][771]Cmd: SELECT NONE
[2017.02.21-21.30.55:612][127]Cmd: OBJ SAVEPACKAGE PACKAGE="/Game/Levels/Village" FILE="C:/Users/Edd/Desktop/VANsGame/Mechanics/BasicMechanics/Content/Levels/Village.umap" SILENT=true AUTOSAVING=false KEEPDIRTY=false
[2017.02.21-21.30.55:704][127]LogSavePackage: Save=57.57ms
[2017.02.21-21.30.55:704][127]LogSavePackage: Moving 'C:/Users/Edd/Desktop/VANsGame/Mechanics/BasicMechanics/Saved/VillageC4676F704C04C6F3CA91A090CD80EC80.tmp' to 'C:/Users/Edd/Desktop/VANsGame/Mechanics/BasicMechanics/Content/Levels/Village.umap'
[2017.02.21-21.30.55:708][127]LogSavePackage:Display: Finished SavePackage C:/Users/Edd/Desktop/VANsGame/Mechanics/BasicMechanics/Content/Levels/Village.umap
[2017.02.21-21.30.55:751][127]LogFileHelpers: Saving map 'Village' took 1.886
[2017.02.21-21.31.00:018][364]LogEditorFactories: Performing atomic reimport of [C:/Users/Edd/Desktop/VANsGame/Models/VansHouse/export/VansHouse.FBX]
[2017.02.21-21.31.00:045][364]LogFbx: Loading FBX Scene from C:/Users/Edd/Desktop/VANsGame/Models/VansHouse/export/VansHouse.FBX
[2017.02.21-21.31.00:052][364]LogFbx: FBX Scene Loaded Succesfully
[2017.02.21-21.31.00:055][364]LogFbx:Warning: Warning No smoothing group information was found in this FBX scene.  Please make sure to enable the 'Export Smoothing Groups' option in the FBX Exporter plug-in before exporting the file.  Even for tools that don't support smoothing groups, the FBX Exporter will generate appropriate smoothing data at export-time so that correct vertex normals can be inferred while importing.
[2017.02.21-21.31.00:056][364]LogFbx:Warning: Triangulating static mesh Box001
[2017.02.21-21.31.00:167][364]LogFbx:Warning: Triangulating static mesh StraightStair005
[2017.02.21-21.31.00:193][364]LogStaticMesh: Building static mesh VansHouse...
[2017.02.21-21.31.00:215][364]LogStaticMesh: Built static mesh [0.02s] /Game/Models/VansHouse/VansHouse.VansHouse
[2017.02.21-21.31.00:221][364]LogStaticMesh:Warning: VansHouse has degenerate tangent bases which will result in incorrect shading.  MikkTSpace relies on tangent bases and may result in mesh corruption, consider disabling this option.
[2017.02.21-21.31.00:226][364]LogFbx:Warning: Warning VansHouse has degenerate tangent bases which will result in incorrect shading.  MikkTSpace relies on tangent bases and may result in mesh corruption, consider disabling this option.
[2017.02.21-21.31.00:232][364]LogEditorFactories: -- imported successfully
[2017.02.21-21.31.02:265][485]LogTemp: Repeting last play command: New Editor Window (PIE)
[2017.02.21-21.31.02:286][485]LogPlayLevel: PlayLevel: No blueprints needed recompiling
[2017.02.21-21.31.02:287][485]PIE: New page: PIE session: Village (Feb 21, 2017, 11:31:02 PM)
[2017.02.21-21.31.02:287][485]LogPlayLevel: Creating play world package: /Game/Levels/UEDPIE_0_Village
[2017.02.21-21.31.02:299][485]LogPlayLevel: PIE: StaticDuplicateObject took: (0.012302s)
[2017.02.21-21.31.02:300][485]LogAIModule: Creating AISystem for world Village
[2017.02.21-21.31.02:300][485]LogPlayLevel: PIE: World Init took: (0.001350s)
[2017.02.21-21.31.02:301][485]LogPlayLevel: PIE: Created PIE world by copying editor world from /Game/Levels/Village.Village to /Game/Levels/UEDPIE_0_Village.Village (0.014186s)
[2017.02.21-21.31.02:314][485]LogInit: XAudio2 using 'Altavoces (Realtek High Definition Audio)' : 2 channels at 48 kHz using 32 bits per sample (channel mask 0x3)
[2017.02.21-21.31.02:348][485]LogInit: FAudioDevice initialized.
[2017.02.21-21.31.02:401][485]LogLoad: Game class is 'GameModeBase'
[2017.02.21-21.31.02:414][485]LogWorld: Bringing World /Game/Levels/UEDPIE_0_Village.Village up for play (max tick rate 60) at 2017.02.21-22.31.02
[2017.02.21-21.31.02:414][485]LogWorld: Bringing up level for play took: 0.010605
[2017.02.21-21.31.02:426][485]PIE: Info Play in editor start time for /Game/Levels/UEDPIE_0_Village 0.773
[2017.02.21-21.31.14:705][213]Cmd: SELECT NONE
[2017.02.21-21.32.13:995][658]LogEditorFactories: Performing atomic reimport of [C:/Users/Edd/Desktop/VANsGame/Models/VansHouse/export/VansHouse.FBX]
[2017.02.21-21.32.14:022][658]LogFbx: Loading FBX Scene from C:/Users/Edd/Desktop/VANsGame/Models/VansHouse/export/VansHouse.FBX
[2017.02.21-21.32.14:030][658]LogFbx: FBX Scene Loaded Succesfully
[2017.02.21-21.32.14:032][658]LogFbx:Warning: Warning No smoothing group information was found in this FBX scene.  Please make sure to enable the 'Export Smoothing Groups' option in the FBX Exporter plug-in before exporting the file.  Even for tools that don't support smoothing groups, the FBX Exporter will generate appropriate smoothing data at export-time so that correct vertex normals can be inferred while importing.
[2017.02.21-21.32.14:033][658]LogFbx:Warning: Triangulating static mesh Box001
[2017.02.21-21.32.14:143][658]LogFbx:Warning: Triangulating static mesh StraightStair005
[2017.02.21-21.32.14:170][658]LogStaticMesh: Building static mesh VansHouse...
[2017.02.21-21.32.14:192][658]LogStaticMesh: Built static mesh [0.02s] /Game/Models/VansHouse/VansHouse.VansHouse
[2017.02.21-21.32.14:197][658]LogStaticMesh:Warning: VansHouse has degenerate tangent bases which will result in incorrect shading.  MikkTSpace relies on tangent bases and may result in mesh corruption, consider disabling this option.
[2017.02.21-21.32.14:203][658]LogFbx:Warning: Warning VansHouse has degenerate tangent bases which will result in incorrect shading.  MikkTSpace relies on tangent bases and may result in mesh corruption, consider disabling this option.
[2017.02.21-21.32.14:209][658]LogEditorFactories: -- imported successfully
[2017.02.21-21.32.15:256][720]LogTemp: Repeting last play command: New Editor Window (PIE)
[2017.02.21-21.32.15:279][720]LogPlayLevel: PlayLevel: No blueprints needed recompiling
[2017.02.21-21.32.15:279][720]PIE: New page: PIE session: Village (Feb 21, 2017, 11:32:15 PM)
[2017.02.21-21.32.15:279][720]LogPlayLevel: Creating play world package: /Game/Levels/UEDPIE_0_Village
[2017.02.21-21.32.15:291][720]LogPlayLevel: PIE: StaticDuplicateObject took: (0.011607s)
[2017.02.21-21.32.15:292][720]LogAIModule: Creating AISystem for world Village
[2017.02.21-21.32.15:293][720]LogPlayLevel: PIE: World Init took: (0.001781s)
[2017.02.21-21.32.15:293][720]LogPlayLevel: PIE: Created PIE world by copying editor world from /Game/Levels/Village.Village to /Game/Levels/UEDPIE_0_Village.Village (0.014023s)
[2017.02.21-21.32.15:304][720]LogInit: XAudio2 using 'Altavoces (Realtek High Definition Audio)' : 2 channels at 48 kHz using 32 bits per sample (channel mask 0x3)
[2017.02.21-21.32.15:340][720]LogInit: FAudioDevice initialized.
[2017.02.21-21.32.15:387][720]LogLoad: Game class is 'GameModeBase'
[2017.02.21-21.32.15:392][720]LogWorld: Bringing World /Game/Levels/UEDPIE_0_Village.Village up for play (max tick rate 60) at 2017.02.21-22.32.15
[2017.02.21-21.32.15:393][720]LogWorld: Bringing up level for play took: 0.004579
[2017.02.21-21.32.15:399][720]PIE: Info Play in editor start time for /Game/Levels/UEDPIE_0_Village -0.254
[2017.02.21-21.34.04:531][293]LogEditorFactories: Performing atomic reimport of [C:/Users/Edd/Desktop/VANsGame/Models/VansHouse/export/VansHouse.FBX]
[2017.02.21-21.34.04:556][293]LogFbx: Loading FBX Scene from C:/Users/Edd/Desktop/VANsGame/Models/VansHouse/export/VansHouse.FBX
[2017.02.21-21.34.04:563][293]LogFbx: FBX Scene Loaded Succesfully
[2017.02.21-21.34.04:566][293]LogFbx:Warning: Warning No smoothing group information was found in this FBX scene.  Please make sure to enable the 'Export Smoothing Groups' option in the FBX Exporter plug-in before exporting the file.  Even for tools that don't support smoothing groups, the FBX Exporter will generate appropriate smoothing data at export-time so that correct vertex normals can be inferred while importing.
[2017.02.21-21.34.04:566][293]LogFbx:Warning: Triangulating static mesh Box001
[2017.02.21-21.34.04:674][293]LogFbx:Warning: Triangulating static mesh StraightStair005
[2017.02.21-21.34.04:699][293]LogStaticMesh: Building static mesh VansHouse...
[2017.02.21-21.34.04:722][293]LogStaticMesh: Built static mesh [0.02s] /Game/Models/VansHouse/VansHouse.VansHouse
[2017.02.21-21.34.04:727][293]LogStaticMesh:Warning: VansHouse has degenerate tangent bases which will result in incorrect shading.  MikkTSpace relies on tangent bases and may result in mesh corruption, consider disabling this option.
[2017.02.21-21.34.04:733][293]LogFbx:Warning: Warning VansHouse has degenerate tangent bases which will result in incorrect shading.  MikkTSpace relies on tangent bases and may result in mesh corruption, consider disabling this option.
[2017.02.21-21.34.04:739][293]LogEditorFactories: -- imported successfully
[2017.02.21-21.34.05:669][348]LogTemp: Repeting last play command: New Editor Window (PIE)
[2017.02.21-21.34.05:692][348]LogPlayLevel: PlayLevel: No blueprints needed recompiling
[2017.02.21-21.34.05:692][348]PIE: New page: PIE session: Village (Feb 21, 2017, 11:34:05 PM)
[2017.02.21-21.34.05:692][348]LogPlayLevel: Creating play world package: /Game/Levels/UEDPIE_0_Village
[2017.02.21-21.34.05:707][348]LogPlayLevel: PIE: StaticDuplicateObject took: (0.014347s)
[2017.02.21-21.34.05:708][348]LogAIModule: Creating AISystem for world Village
[2017.02.21-21.34.05:708][348]LogPlayLevel: PIE: World Init took: (0.001018s)
[2017.02.21-21.34.05:708][348]LogPlayLevel: PIE: Created PIE world by copying editor world from /Game/Levels/Village.Village to /Game/Levels/UEDPIE_0_Village.Village (0.015800s)
[2017.02.21-21.34.05:721][348]LogInit: XAudio2 using 'Altavoces (Realtek High Definition Audio)' : 2 channels at 48 kHz using 32 bits per sample (channel mask 0x3)
[2017.02.21-21.34.05:757][348]LogInit: FAudioDevice initialized.
[2017.02.21-21.34.05:806][348]LogLoad: Game class is 'GameModeBase'
[2017.02.21-21.34.05:812][348]LogWorld: Bringing World /Game/Levels/UEDPIE_0_Village.Village up for play (max tick rate 60) at 2017.02.21-22.34.05
[2017.02.21-21.34.05:812][348]LogWorld: Bringing up level for play took: 0.005076
[2017.02.21-21.34.05:818][348]PIE: Info Play in editor start time for /Game/Levels/UEDPIE_0_Village 0.166
[2017.02.21-21.38.16:518][807]LogEditorFactories: Performing atomic reimport of [C:/Users/Edd/Desktop/VANsGame/Models/VansHouse/export/VansHouse.FBX]
[2017.02.21-21.38.16:547][807]LogFbx: Loading FBX Scene from C:/Users/Edd/Desktop/VANsGame/Models/VansHouse/export/VansHouse.FBX
[2017.02.21-21.38.16:555][807]LogFbx: FBX Scene Loaded Succesfully
[2017.02.21-21.38.16:558][807]LogFbx:Warning: Warning No smoothing group information was found in this FBX scene.  Please make sure to enable the 'Export Smoothing Groups' option in the FBX Exporter plug-in before exporting the file.  Even for tools that don't support smoothing groups, the FBX Exporter will generate appropriate smoothing data at export-time so that correct vertex normals can be inferred while importing.
[2017.02.21-21.38.16:559][807]LogFbx:Warning: Triangulating static mesh Box001
[2017.02.21-21.38.16:669][807]LogFbx:Warning: Triangulating static mesh StraightStair005
[2017.02.21-21.38.16:681][807]LogFbx:Warning: Triangulating static mesh Box002
[2017.02.21-21.38.16:816][807]LogStaticMesh: Building static mesh VansHouse...
[2017.02.21-21.38.16:861][807]LogStaticMesh: Built static mesh [0.05s] /Game/Models/VansHouse/VansHouse.VansHouse
[2017.02.21-21.38.16:869][807]LogStaticMesh:Warning: VansHouse has degenerate tangent bases which will result in incorrect shading.  MikkTSpace relies on tangent bases and may result in mesh corruption, consider disabling this option.
[2017.02.21-21.38.16:875][807]LogFbx:Warning: Warning VansHouse has degenerate tangent bases which will result in incorrect shading.  MikkTSpace relies on tangent bases and may result in mesh corruption, consider disabling this option.
[2017.02.21-21.38.16:885][807]LogEditorFactories: -- imported successfully
[2017.02.21-21.38.18:412][898]LogTemp: Repeting last play command: New Editor Window (PIE)
[2017.02.21-21.38.18:434][898]LogPlayLevel: PlayLevel: No blueprints needed recompiling
[2017.02.21-21.38.18:434][898]PIE: New page: PIE session: Village (Feb 21, 2017, 11:38:18 PM)
[2017.02.21-21.38.18:434][898]LogPlayLevel: Creating play world package: /Game/Levels/UEDPIE_0_Village
[2017.02.21-21.38.18:444][898]LogPlayLevel: PIE: StaticDuplicateObject took: (0.010098s)
[2017.02.21-21.38.18:445][898]LogAIModule: Creating AISystem for world Village
[2017.02.21-21.38.18:446][898]LogPlayLevel: PIE: World Init took: (0.001724s)
[2017.02.21-21.38.18:447][898]LogPlayLevel: PIE: Created PIE world by copying editor world from /Game/Levels/Village.Village to /Game/Levels/UEDPIE_0_Village.Village (0.012557s)
[2017.02.21-21.38.18:463][898]LogInit: XAudio2 using 'Altavoces (Realtek High Definition Audio)' : 2 channels at 48 kHz using 32 bits per sample (channel mask 0x3)
[2017.02.21-21.38.18:496][898]LogInit: FAudioDevice initialized.
[2017.02.21-21.38.18:541][898]LogLoad: Game class is 'GameModeBase'
[2017.02.21-21.38.18:547][898]LogWorld: Bringing World /Game/Levels/UEDPIE_0_Village.Village up for play (max tick rate 60) at 2017.02.21-22.38.18
[2017.02.21-21.38.18:548][898]LogWorld: Bringing up level for play took: 0.005152
[2017.02.21-21.38.18:837][898]PIE: Info Play in editor start time for /Game/Levels/UEDPIE_0_Village 1.184
[2017.02.21-21.39.12:328][532]LogEditorFactories: Performing atomic reimport of [C:/Users/Edd/Desktop/VANsGame/Models/VansHouse/export/VansHouse.FBX]
[2017.02.21-21.39.12:356][532]LogFbx: Loading FBX Scene from C:/Users/Edd/Desktop/VANsGame/Models/VansHouse/export/VansHouse.FBX
[2017.02.21-21.39.12:364][532]LogFbx: FBX Scene Loaded Succesfully
[2017.02.21-21.39.12:367][532]LogFbx:Warning: Warning No smoothing group information was found in this FBX scene.  Please make sure to enable the 'Export Smoothing Groups' option in the FBX Exporter plug-in before exporting the file.  Even for tools that don't support smoothing groups, the FBX Exporter will generate appropriate smoothing data at export-time so that correct vertex normals can be inferred while importing.
[2017.02.21-21.39.12:368][532]LogFbx:Warning: Triangulating static mesh Box001
[2017.02.21-21.39.12:476][532]LogFbx:Warning: Triangulating static mesh StraightStair005
[2017.02.21-21.39.12:488][532]LogFbx:Warning: Triangulating static mesh Box002
[2017.02.21-21.39.12:619][532]LogStaticMesh: Building static mesh VansHouse...
[2017.02.21-21.39.12:666][532]LogStaticMesh: Built static mesh [0.05s] /Game/Models/VansHouse/VansHouse.VansHouse
[2017.02.21-21.39.12:674][532]LogStaticMesh:Warning: VansHouse has degenerate tangent bases which will result in incorrect shading.  MikkTSpace relies on tangent bases and may result in mesh corruption, consider disabling this option.
[2017.02.21-21.39.12:680][532]LogFbx:Warning: Warning VansHouse has degenerate tangent bases which will result in incorrect shading.  MikkTSpace relies on tangent bases and may result in mesh corruption, consider disabling this option.
[2017.02.21-21.39.12:690][532]LogEditorFactories: -- imported successfully
[2017.02.21-21.39.13:917][605]LogTemp: Repeting last play command: New Editor Window (PIE)
[2017.02.21-21.39.13:940][605]LogPlayLevel: PlayLevel: No blueprints needed recompiling
[2017.02.21-21.39.13:941][605]PIE: New page: PIE session: Village (Feb 21, 2017, 11:39:13 PM)
[2017.02.21-21.39.13:941][605]LogPlayLevel: Creating play world package: /Game/Levels/UEDPIE_0_Village
[2017.02.21-21.39.13:953][605]LogPlayLevel: PIE: StaticDuplicateObject took: (0.012014s)
[2017.02.21-21.39.13:954][605]LogAIModule: Creating AISystem for world Village
[2017.02.21-21.39.13:954][605]LogPlayLevel: PIE: World Init took: (0.001491s)
[2017.02.21-21.39.13:955][605]LogPlayLevel: PIE: Created PIE world by copying editor world from /Game/Levels/Village.Village to /Game/Levels/UEDPIE_0_Village.Village (0.013884s)
[2017.02.21-21.39.13:967][605]LogInit: XAudio2 using 'Altavoces (Realtek High Definition Audio)' : 2 channels at 48 kHz using 32 bits per sample (channel mask 0x3)
[2017.02.21-21.39.14:010][605]LogInit: FAudioDevice initialized.
[2017.02.21-21.39.14:059][605]LogLoad: Game class is 'GameModeBase'
[2017.02.21-21.39.14:063][605]LogWorld: Bringing World /Game/Levels/UEDPIE_0_Village.Village up for play (max tick rate 60) at 2017.02.21-22.39.14
[2017.02.21-21.39.14:064][605]LogWorld: Bringing up level for play took: 0.003528
[2017.02.21-21.39.14:069][605]PIE: Info Play in editor start time for /Game/Levels/UEDPIE_0_Village 0.416
[2017.02.21-21.41.10:385][846]LogEditorFactories: Performing atomic reimport of [C:/Users/Edd/Desktop/VANsGame/Models/VansHouse/export/VansHouse.FBX]
[2017.02.21-21.41.10:411][846]LogFbx: Loading FBX Scene from C:/Users/Edd/Desktop/VANsGame/Models/VansHouse/export/VansHouse.FBX
[2017.02.21-21.41.10:419][846]LogFbx: FBX Scene Loaded Succesfully
[2017.02.21-21.41.10:422][846]LogFbx:Warning: Warning No smoothing group information was found in this FBX scene.  Please make sure to enable the 'Export Smoothing Groups' option in the FBX Exporter plug-in before exporting the file.  Even for tools that don't support smoothing groups, the FBX Exporter will generate appropriate smoothing data at export-time so that correct vertex normals can be inferred while importing.
[2017.02.21-21.41.10:424][846]LogFbx:Warning: Triangulating static mesh Box001
[2017.02.21-21.41.10:532][846]LogFbx:Warning: Triangulating static mesh StraightStair005
[2017.02.21-21.41.10:544][846]LogFbx:Warning: Triangulating static mesh Box002
[2017.02.21-21.41.10:656][846]LogFbx:Warning: Triangulating static mesh StraightStair006
[2017.02.21-21.41.10:681][846]LogStaticMesh: Building static mesh VansHouse...
[2017.02.21-21.41.10:730][846]LogStaticMesh: Built static mesh [0.05s] /Game/Models/VansHouse/VansHouse.VansHouse
[2017.02.21-21.41.10:738][846]LogStaticMesh:Warning: VansHouse has degenerate tangent bases which will result in incorrect shading.  MikkTSpace relies on tangent bases and may result in mesh corruption, consider disabling this option.
[2017.02.21-21.41.10:745][846]LogFbx:Warning: Warning VansHouse has degenerate tangent bases which will result in incorrect shading.  MikkTSpace relies on tangent bases and may result in mesh corruption, consider disabling this option.
[2017.02.21-21.41.10:755][846]LogEditorFactories: -- imported successfully
[2017.02.21-21.41.11:750][905]LogTemp: Repeting last play command: New Editor Window (PIE)
[2017.02.21-21.41.11:770][905]LogPlayLevel: PlayLevel: No blueprints needed recompiling
[2017.02.21-21.41.11:770][905]PIE: New page: PIE session: Village (Feb 21, 2017, 11:41:11 PM)
[2017.02.21-21.41.11:771][905]LogPlayLevel: Creating play world package: /Game/Levels/UEDPIE_0_Village
[2017.02.21-21.41.11:782][905]LogPlayLevel: PIE: StaticDuplicateObject took: (0.011125s)
[2017.02.21-21.41.11:783][905]LogAIModule: Creating AISystem for world Village
[2017.02.21-21.41.11:783][905]LogPlayLevel: PIE: World Init took: (0.001036s)
[2017.02.21-21.41.11:783][905]LogPlayLevel: PIE: Created PIE world by copying editor world from /Game/Levels/Village.Village to /Game/Levels/UEDPIE_0_Village.Village (0.012470s)
[2017.02.21-21.41.11:796][905]LogInit: XAudio2 using 'Altavoces (Realtek High Definition Audio)' : 2 channels at 48 kHz using 32 bits per sample (channel mask 0x3)
[2017.02.21-21.41.11:830][905]LogInit: FAudioDevice initialized.
[2017.02.21-21.41.11:881][905]LogLoad: Game class is 'GameModeBase'
[2017.02.21-21.41.11:885][905]LogWorld: Bringing World /Game/Levels/UEDPIE_0_Village.Village up for play (max tick rate 60) at 2017.02.21-22.41.11
[2017.02.21-21.41.11:886][905]LogWorld: Bringing up level for play took: 0.003616
[2017.02.21-21.41.11:892][905]PIE: Info Play in editor start time for /Game/Levels/UEDPIE_0_Village 0.239
[2017.02.21-21.42.03:471][725]Cmd: OBJ SAVEPACKAGE PACKAGE="/Game/Levels/Village" FILE="C:/Users/Edd/Desktop/VANsGame/Mechanics/BasicMechanics/Saved/Autosaves/Game/Levels/Village_Auto1.umap" SILENT=true AUTOSAVING=true KEEPDIRTY=false
[2017.02.21-21.42.03:570][725]LogSavePackage: Save=72.77ms
[2017.02.21-21.42.03:570][725]LogSavePackage: Moving 'C:/Users/Edd/Desktop/VANsGame/Mechanics/BasicMechanics/Saved/Village_Auto1322F455744023E46DCF1FA838DC72BEC.tmp' to 'C:/Users/Edd/Desktop/VANsGame/Mechanics/BasicMechanics/Saved/Autosaves/Game/Levels/Village_Auto1.umap'
[2017.02.21-21.42.03:573][725]LogSavePackage:Display: Finished SavePackage C:/Users/Edd/Desktop/VANsGame/Mechanics/BasicMechanics/Saved/Autosaves/Game/Levels/Village_Auto1.umap
[2017.02.21-21.42.03:575][725]LogFileHelpers: Editor autosave (incl. sublevels) for '/Game/Levels/Village' took 0.120
[2017.02.21-21.42.03:575][725]LogFileHelpers: Editor autosave (incl. sublevels) for all levels took 0.120
[2017.02.21-21.42.03:579][725]OBJ SavePackage: Generating thumbnails for [1] asset(s) in package [/Game/Models/VansHouse/VansHouse] ([1] browsable assets)...
[2017.02.21-21.42.03:602][725]OBJ SavePackage:     Rendered thumbnail for [StaticMesh /Game/Models/VansHouse/VansHouse.VansHouse]
[2017.02.21-21.42.03:602][725]OBJ SavePackage: Finished generating thumbnails for package [/Game/Models/VansHouse/VansHouse]
[2017.02.21-21.42.03:627][725]LogSavePackage: Save=11.51ms
[2017.02.21-21.42.03:628][725]LogSavePackage: Moving 'C:/Users/Edd/Desktop/VANsGame/Mechanics/BasicMechanics/Saved/VansHouse_Auto1CF81BE67489118285D7FC998808335B9.tmp' to 'C:/Users/Edd/Desktop/VANsGame/Mechanics/BasicMechanics/Saved/Autosaves/Game/Models/VansHouse/VansHouse_Auto1.uasset'
[2017.02.21-21.42.03:630][725]LogSavePackage:Display: Finished SavePackage C:/Users/Edd/Desktop/VANsGame/Mechanics/BasicMechanics/Saved/Autosaves/Game/Models/VansHouse/VansHouse_Auto1.uasset
[2017.02.21-21.42.03:630][725]LogFileHelpers: Auto-saving content packages took 0.052
[2017.02.21-21.43.39:601][213]LogEditorFactories: Performing atomic reimport of [C:/Users/Edd/Desktop/VANsGame/Models/VansHouse/export/VansHouse.FBX]
[2017.02.21-21.43.39:631][213]LogFbx: Loading FBX Scene from C:/Users/Edd/Desktop/VANsGame/Models/VansHouse/export/VansHouse.FBX
[2017.02.21-21.43.39:640][213]LogFbx: FBX Scene Loaded Succesfully
[2017.02.21-21.43.39:643][213]LogFbx:Warning: Warning No smoothing group information was found in this FBX scene.  Please make sure to enable the 'Export Smoothing Groups' option in the FBX Exporter plug-in before exporting the file.  Even for tools that don't support smoothing groups, the FBX Exporter will generate appropriate smoothing data at export-time so that correct vertex normals can be inferred while importing.
[2017.02.21-21.43.39:644][213]LogFbx:Warning: Triangulating static mesh Box001
[2017.02.21-21.43.39:750][213]LogFbx:Warning: Triangulating static mesh StraightStair005
[2017.02.21-21.43.39:762][213]LogFbx:Warning: Triangulating static mesh Box002
[2017.02.21-21.43.39:877][213]LogFbx:Warning: Triangulating static mesh StraightStair006
[2017.02.21-21.43.39:904][213]LogStaticMesh: Building static mesh VansHouse...
[2017.02.21-21.43.39:951][213]LogStaticMesh: Built static mesh [0.05s] /Game/Models/VansHouse/VansHouse.VansHouse
[2017.02.21-21.43.39:960][213]LogStaticMesh:Warning: VansHouse has degenerate tangent bases which will result in incorrect shading.  MikkTSpace relies on tangent bases and may result in mesh corruption, consider disabling this option.
[2017.02.21-21.43.39:966][213]LogFbx:Warning: Warning VansHouse has degenerate tangent bases which will result in incorrect shading.  MikkTSpace relies on tangent bases and may result in mesh corruption, consider disabling this option.
[2017.02.21-21.43.39:976][213]LogEditorFactories: -- imported successfully
[2017.02.21-21.43.41:084][278]LogTemp: Repeting last play command: New Editor Window (PIE)
[2017.02.21-21.43.41:105][278]LogPlayLevel: PlayLevel: No blueprints needed recompiling
[2017.02.21-21.43.41:106][278]PIE: New page: PIE session: Village (Feb 21, 2017, 11:43:41 PM)
[2017.02.21-21.43.41:106][278]LogPlayLevel: Creating play world package: /Game/Levels/UEDPIE_0_Village
[2017.02.21-21.43.41:117][278]LogPlayLevel: PIE: StaticDuplicateObject took: (0.011344s)
[2017.02.21-21.43.41:118][278]LogAIModule: Creating AISystem for world Village
[2017.02.21-21.43.41:118][278]LogPlayLevel: PIE: World Init took: (0.001116s)
[2017.02.21-21.43.41:118][278]LogPlayLevel: PIE: Created PIE world by copying editor world from /Game/Levels/Village.Village to /Game/Levels/UEDPIE_0_Village.Village (0.012756s)
[2017.02.21-21.43.41:131][278]LogInit: XAudio2 using 'Altavoces (Realtek High Definition Audio)' : 2 channels at 48 kHz using 32 bits per sample (channel mask 0x3)
[2017.02.21-21.43.41:165][278]LogInit: FAudioDevice initialized.
[2017.02.21-21.43.41:215][278]LogLoad: Game class is 'GameModeBase'
[2017.02.21-21.43.41:220][278]LogWorld: Bringing World /Game/Levels/UEDPIE_0_Village.Village up for play (max tick rate 60) at 2017.02.21-22.43.41
[2017.02.21-21.43.41:220][278]LogWorld: Bringing up level for play took: 0.003775
[2017.02.21-21.43.41:226][278]PIE: Info Play in editor start time for /Game/Levels/UEDPIE_0_Village -0.427
[2017.02.21-21.44.02:983][574]LogEditorViewport: Clicking on Actor (LMB): StaticMeshActor (VansHouse)
[2017.02.21-21.44.12:292][988]Cmd: OBJ SAVEPACKAGE PACKAGE="/Game/Levels/Village" FILE="C:/Users/Edd/Desktop/VANsGame/Mechanics/BasicMechanics/Content/Levels/Village.umap" SILENT=true AUTOSAVING=false KEEPDIRTY=false
[2017.02.21-21.44.12:388][988]LogSavePackage: Save=62.48ms
[2017.02.21-21.44.12:388][988]LogSavePackage: Moving 'C:/Users/Edd/Desktop/VANsGame/Mechanics/BasicMechanics/Saved/Village77F5104447719A9D1BCF87AF38073848.tmp' to 'C:/Users/Edd/Desktop/VANsGame/Mechanics/BasicMechanics/Content/Levels/Village.umap'
[2017.02.21-21.44.12:392][988]LogSavePackage:Display: Finished SavePackage C:/Users/Edd/Desktop/VANsGame/Mechanics/BasicMechanics/Content/Levels/Village.umap
[2017.02.21-21.44.12:433][988]LogFileHelpers: Saving map 'Village' took 2.145
[2017.02.21-21.44.12:452][988]Cmd: OBJ SAVEPACKAGE PACKAGE="/Game/Models/VansHouse/VansHouse" FILE="C:/Users/Edd/Desktop/VANsGame/Mechanics/BasicMechanics/Content/Models/VansHouse/VansHouse.uasset" SILENT=true
[2017.02.21-21.44.12:480][988]LogSavePackage: Save=12.66ms
[2017.02.21-21.44.12:480][988]LogSavePackage: Moving 'C:/Users/Edd/Desktop/VANsGame/Mechanics/BasicMechanics/Saved/VansHouse8F630D9E40CAB2542CAD14968A0CAC56.tmp' to 'C:/Users/Edd/Desktop/VANsGame/Mechanics/BasicMechanics/Content/Models/VansHouse/VansHouse.uasset'
[2017.02.21-21.44.12:484][988]LogSavePackage:Display: Finished SavePackage C:/Users/Edd/Desktop/VANsGame/Mechanics/BasicMechanics/Content/Models/VansHouse/VansHouse.uasset
[2017.02.21-21.44.16:502][187]Cmd: QUIT_EDITOR
[2017.02.21-21.44.16:731][187]LogWindowsTextInputMethodSystem:Display: IME system now deactivated.
[2017.02.21-21.44.16:774][187]LogExit: Preparing to exit.
[2017.02.21-21.44.18:118][187]LogExit: Editor shut down
[2017.02.21-21.44.18:120][187]LogExit: Transaction tracking system shut down
[2017.02.21-21.44.19:229][187]LogObj: Freed 0b from 0 cluster array pools.
[2017.02.21-21.44.19:230][187]LogExit: Object subsystem successfully closed.
[2017.02.21-21.44.19:295][187]LogD3D11RHI: Shutdown
[2017.02.21-21.44.19:302][187]LogD3D11RHI: CleanupD3DDevice
[2017.02.21-21.44.19:475][187]LogD3D11RHI: ~FD3D11DynamicRHI
[2017.02.21-21.44.20:144][187]LogHttp:Display: Http module shutting down, but needs to wait on 1 outstanding Http requests:
[2017.02.21-21.44.20:145][187]LogHttp:Display: 	verb=[POST] url=[https://datarouter.ol.epicgames.com/datarouter/api/v1/public/data?SessionID=%7B13BC7A95-433E-75E7-321A-D497395609C0%7D&AppID=UEEditor.Rocket.Release&AppVersion=4.14.3-3249277%2B%2B%2BUE4%2BRelease-4.14&UserID=a01a8d60469876f06767e6acef268c54%7Ca87b32ece6994b04a16f0bd7f6ed0b63%7C2d541c16-ffb9-40fe-9b24-b1bea63fa89e&AppEnvironment=datacollector-binary&UploadType=eteventstream] status=Processing
[2017.02.21-21.44.20:212][187]LogModuleManager: Shutting down and abandoning module MovieSceneCapture (244)
[2017.02.21-21.44.20:213][187]LogModuleManager: Shutting down and abandoning module StaticMeshEditor (243)
[2017.02.21-21.44.20:213][187]LogModuleManager: Shutting down and abandoning module HierarchicalLODUtilities (242)
[2017.02.21-21.44.20:213][187]LogModuleManager: Shutting down and abandoning module HierarchicalLODOutliner (241)
[2017.02.21-21.44.20:213][187]LogModuleManager: Shutting down and abandoning module CrashTracker (240)
[2017.02.21-21.44.20:213][187]LogModuleManager: Shutting down and abandoning module SceneOutliner (239)
[2017.02.21-21.44.20:213][187]LogModuleManager: Shutting down and abandoning module WidgetCarousel (238)
[2017.02.21-21.44.20:213][187]LogModuleManager: Shutting down and abandoning module AddContentDialog (237)
[2017.02.21-21.44.20:220][187]LogDirectoryWatcher: A directory notification for 'D:/Program Files (x86)/Epic Games/4.14/FeaturePacks/' was aborted.
[2017.02.21-21.44.20:234][187]LogModuleManager: Shutting down and abandoning module GameplayTags (236)
[2017.02.21-21.44.20:234][187]LogModuleManager: Shutting down and abandoning module EditorWidgets (235)
[2017.02.21-21.44.20:234][187]LogModuleManager: Shutting down and abandoning module CollectionManager (234)
[2017.02.21-21.44.20:234][187]LogDirectoryWatcher: A directory notification for 'C:/Users/Edd/Desktop/VANsGame/Mechanics/BasicMechanics/Content/Collections/' was aborted.
[2017.02.21-21.44.20:235][187]LogDirectoryWatcher: A directory notification for 'C:/Users/Edd/Desktop/VANsGame/Mechanics/BasicMechanics/Content/Developers/Edd/Collections/' was aborted.
[2017.02.21-21.44.20:235][187]LogDirectoryWatcher: A directory notification for 'C:/Users/Edd/Desktop/VANsGame/Mechanics/BasicMechanics/Saved/Collections/' was aborted.
[2017.02.21-21.44.20:235][187]LogModuleManager: Shutting down and abandoning module StatsViewer (233)
[2017.02.21-21.44.20:235][187]LogModuleManager: Shutting down and abandoning module FoliageEdit (232)
[2017.02.21-21.44.20:235][187]LogModuleManager: Shutting down and abandoning module LandscapeEditor (231)
[2017.02.21-21.44.20:235][187]LogModuleManager: Shutting down and abandoning module SceneDepthPickerMode (230)
[2017.02.21-21.44.20:235][187]LogModuleManager: Shutting down and abandoning module ActorPickerMode (229)
[2017.02.21-21.44.20:235][187]LogModuleManager: Shutting down and abandoning module GeometryMode (228)
[2017.02.21-21.44.20:235][187]LogModuleManager: Shutting down and abandoning module TextureAlignMode (227)
[2017.02.21-21.44.20:235][187]LogModuleManager: Shutting down and abandoning module BspMode (226)
[2017.02.21-21.44.20:236][187]LogModuleManager: Shutting down and abandoning module HardwareSurvey (225)
[2017.02.21-21.44.20:236][187]LogModuleManager: Shutting down and abandoning module SequenceRecorderSections (224)
[2017.02.21-21.44.20:236][187]LogModuleManager: Shutting down and abandoning module AutomationWorker (223)
[2017.02.21-21.44.20:236][187]LogModuleManager: Shutting down and abandoning module MatineeToLevelSequence (222)
[2017.02.21-21.44.20:236][187]LogModuleManager: Shutting down and abandoning module PlacementMode (221)
[2017.02.21-21.44.20:236][187]LogModuleManager: Shutting down and abandoning module LevelSequenceEditor (220)
[2017.02.21-21.44.20:265][187]LogModuleManager: Shutting down and abandoning module WmfMediaFactory (219)
[2017.02.21-21.44.20:265][187]LogModuleManager: Shutting down and abandoning module WmfMediaEditor (218)
[2017.02.21-21.44.20:265][187]LogModuleManager: Shutting down and abandoning module AvfMediaFactory (217)
[2017.02.21-21.44.20:265][187]LogModuleManager: Shutting down and abandoning module AvfMediaEditor (216)
[2017.02.21-21.44.20:265][187]LogModuleManager: Shutting down and abandoning module Media (215)
[2017.02.21-21.44.20:265][187]LogModuleManager: Shutting down and abandoning module AndroidMediaFactory (214)
[2017.02.21-21.44.20:265][187]LogModuleManager: Shutting down and abandoning module AndroidMediaEditor (213)
[2017.02.21-21.44.20:265][187]LogModuleManager: Shutting down and abandoning module CharacterAI (212)
[2017.02.21-21.44.20:265][187]LogModuleManager: Shutting down and abandoning module SequenceRecorder (211)
[2017.02.21-21.44.20:275][187]LogModuleManager: Shutting down and abandoning module AudioCapture (210)
[2017.02.21-21.44.20:275][187]LogModuleManager: Shutting down and abandoning module SmartSnapping (209)
[2017.02.21-21.44.20:275][187]LogModuleManager: Shutting down and abandoning module SessionServices (208)
[2017.02.21-21.44.20:275][187]LogModuleManager: Shutting down and abandoning module ViewportSnapping (207)
[2017.02.21-21.44.20:275][187]LogModuleManager: Shutting down and abandoning module ViewportInteraction (206)
[2017.02.21-21.44.20:276][187]LogModuleManager: Shutting down and abandoning module LogVisualizer (205)
[2017.02.21-21.44.20:287][187]LogModuleManager: Shutting down and abandoning module GameProjectGeneration (204)
[2017.02.21-21.44.20:298][187]LogModuleManager: Shutting down and abandoning module IntroTutorials (203)
[2017.02.21-21.44.20:310][187]LogModuleManager: Shutting down and abandoning module EditorLiveStreaming (202)
[2017.02.21-21.44.20:310][187]LogModuleManager: Shutting down and abandoning module IOSPlatformEditor (201)
[2017.02.21-21.44.20:327][187]LogModuleManager: Shutting down and abandoning module HTML5PlatformEditor (200)
[2017.02.21-21.44.20:327][187]LogModuleManager: Shutting down and abandoning module AndroidDeviceDetection (199)
[2017.02.21-21.44.21:242][187]LogModuleManager: Shutting down and abandoning module AndroidPlatformEditor (198)
[2017.02.21-21.44.21:285][187]LogModuleManager: Shutting down and abandoning module IOSRuntimeSettings (197)
[2017.02.21-21.44.21:285][187]LogModuleManager: Shutting down and abandoning module AndroidRuntimeSettings (196)
[2017.02.21-21.44.21:285][187]LogModuleManager: Shutting down and abandoning module InputBindingEditor (195)
[2017.02.21-21.44.21:297][187]LogModuleManager: Shutting down and abandoning module NiagaraEditor (194)
[2017.02.21-21.44.21:324][187]LogModuleManager: Shutting down and abandoning module MergeActors (193)
[2017.02.21-21.44.21:336][187]LogModuleManager: Shutting down and abandoning module SizeMap (192)
[2017.02.21-21.44.21:342][187]LogModuleManager: Shutting down and abandoning module TreeMap (191)
[2017.02.21-21.44.21:349][187]LogModuleManager: Shutting down and abandoning module ReferenceViewer (190)
[2017.02.21-21.44.21:349][187]LogModuleManager: Shutting down and abandoning module LocalizationService (189)
[2017.02.21-21.44.21:359][187]LogModuleManager: Shutting down and abandoning module LocalizationDashboard (188)
[2017.02.21-21.44.21:372][187]LogModuleManager: Shutting down and abandoning module HardwareTargeting (187)
[2017.02.21-21.44.21:385][187]LogModuleManager: Shutting down and abandoning module DeviceProfileEditor (186)
[2017.02.21-21.44.21:396][187]LogModuleManager: Shutting down and abandoning module UndoHistory (185)
[2017.02.21-21.44.21:408][187]LogModuleManager: Shutting down and abandoning module UserFeedback (184)
[2017.02.21-21.44.21:408][187]LogModuleManager: Shutting down and abandoning module XmlParser (183)
[2017.02.21-21.44.21:408][187]LogModuleManager: Shutting down and abandoning module Blutility (182)
[2017.02.21-21.44.21:414][187]LogModuleManager: Shutting down and abandoning module ProjectTargetPlatformEditor (181)
[2017.02.21-21.44.21:415][187]LogModuleManager: Shutting down and abandoning module ProjectSettingsViewer (180)
[2017.02.21-21.44.21:415][187]LogModuleManager: Shutting down and abandoning module EditorSettingsViewer (179)
[2017.02.21-21.44.21:415][187]LogModuleManager: Shutting down and abandoning module SettingsEditor (178)
[2017.02.21-21.44.21:426][187]LogModuleManager: Shutting down and abandoning module ProjectLauncher (177)
[2017.02.21-21.44.21:438][187]LogModuleManager: Shutting down and abandoning module SessionFrontend (176)
[2017.02.21-21.44.21:449][187]LogModuleManager: Shutting down and abandoning module ProfilerClient (175)
[2017.02.21-21.44.21:460][187]LogModuleManager: Shutting down and abandoning module TargetDeviceServices (174)
[2017.02.21-21.44.21:460][187]LogModuleManager: Shutting down and abandoning module DeviceManager (173)
[2017.02.21-21.44.21:526][187]LogModuleManager: Shutting down and abandoning module AutomationController (172)
[2017.02.21-21.44.21:533][187]LogModuleManager: Shutting down and abandoning module AutomationWindow (171)
[2017.02.21-21.44.21:544][187]LogModuleManager: Shutting down and abandoning module Layers (170)
[2017.02.21-21.44.21:580][187]LogModuleManager: Shutting down and abandoning module ComponentVisualizers (169)
[2017.02.21-21.44.21:580][187]LogModuleManager: Shutting down and abandoning module DetailCustomizations (168)
[2017.02.21-21.44.21:599][187]LogModuleManager: Shutting down and abandoning module PackagesDialog (167)
[2017.02.21-21.44.21:599][187]LogModuleManager: Shutting down and abandoning module AnimGraph (166)
[2017.02.21-21.44.21:599][187]LogModuleManager: Shutting down and abandoning module Persona (165)
[2017.02.21-21.44.21:632][187]LogModuleManager: Shutting down and abandoning module Kismet (164)
[2017.02.21-21.44.21:635][187]LogModuleManager: Shutting down and abandoning module GraphEditor (163)
[2017.02.21-21.44.21:636][187]LogModuleManager: Shutting down and abandoning module ClassViewer (162)
[2017.02.21-21.44.21:640][187]LogModuleManager: Shutting down and abandoning module Toolbox (161)
[2017.02.21-21.44.21:645][187]LogModuleManager: Shutting down and abandoning module ModuleUI (160)
[2017.02.21-21.44.21:652][187]LogModuleManager: Shutting down and abandoning module MovieSceneTools (159)
[2017.02.21-21.44.21:686][187]LogModuleManager: Shutting down and abandoning module OutputLog (158)
[2017.02.21-21.44.21:705][187]LogModuleManager: Shutting down and abandoning module GammaUI (157)
[2017.02.21-21.44.21:718][187]LogModuleManager: Shutting down and abandoning module Documentation (156)
[2017.02.21-21.44.21:718][187]LogModuleManager: Shutting down and abandoning module Niagara (155)
[2017.02.21-21.44.21:718][187]LogModuleManager: Shutting down and abandoning module StreamingPauseRendering (154)
[2017.02.21-21.44.21:718][187]LogModuleManager: Shutting down and abandoning module AnalyticsET (153)
[2017.02.21-21.44.21:718][187]LogModuleManager: Shutting down and abandoning module PortalServices (152)
[2017.02.21-21.44.21:718][187]LogModuleManager: Shutting down and abandoning module PortalRpc (151)
[2017.02.21-21.44.21:718][187]LogModuleManager: Shutting down and abandoning module MessagingRpc (150)
[2017.02.21-21.44.21:718][187]LogModuleManager: Shutting down and abandoning module GameplayDebugger (149)
[2017.02.21-21.44.21:718][187]LogModuleManager: Shutting down and abandoning module AITestSuite (148)
[2017.02.21-21.44.21:729][187]LogModuleManager: Shutting down and abandoning module AIModule (147)
[2017.02.21-21.44.21:729][187]LogModuleManager: Shutting down and abandoning module ProfilerService (146)
[2017.02.21-21.44.21:797][187]LogModuleManager: Shutting down and abandoning module TaskGraph (145)
[2017.02.21-21.44.21:816][187]LogModuleManager: Shutting down and abandoning module SlateRemote (144)
[2017.02.21-21.44.21:816][187]LogModuleManager: Shutting down and abandoning module SteamVRController (143)
[2017.02.21-21.44.21:816][187]LogModuleManager: Shutting down and abandoning module SteamVR (142)
[2017.02.21-21.44.21:816][187]LogModuleManager: Shutting down and abandoning module ProceduralMeshComponentEditor (141)
[2017.02.21-21.44.21:833][187]LogModuleManager: Shutting down and abandoning module ProceduralMeshComponent (140)
[2017.02.21-21.44.21:854][187]LogModuleManager: Shutting down and abandoning module OculusLibrary (139)
[2017.02.21-21.44.21:854][187]LogModuleManager: Shutting down and abandoning module OculusInput (138)
[2017.02.21-21.44.21:854][187]LogModuleManager: Shutting down and abandoning module MobilePatchingUtils (137)
[2017.02.21-21.44.21:854][187]LogModuleManager: Shutting down and abandoning module CustomMeshComponent (136)
[2017.02.21-21.44.21:854][187]LogModuleManager: Shutting down and abandoning module CableComponent (135)
[2017.02.21-21.44.21:854][187]LogModuleManager: Shutting down and abandoning module ArchVisCharacter (134)
[2017.02.21-21.44.21:854][187]LogModuleManager: Shutting down and abandoning module MediaPlayerEditor (132)
[2017.02.21-21.44.21:905][187]LogModuleManager: Shutting down and abandoning module HTML5Networking (131)
[2017.02.21-21.44.21:905][187]LogModuleManager: Shutting down and abandoning module GeometryCacheEd (130)
[2017.02.21-21.44.21:905][187]LogModuleManager: Shutting down and abandoning module GeometryCache (129)
[2017.02.21-21.44.21:905][187]LogModuleManager: Shutting down and abandoning module AlembicLibrary (128)
[2017.02.21-21.44.21:916][187]LogModuleManager: Shutting down and abandoning module AlembicImporter (127)
[2017.02.21-21.44.21:920][187]LogModuleManager: Shutting down and abandoning module SuperSearch (126)
[2017.02.21-21.44.21:920][187]LogModuleManager: Shutting down and abandoning module SuperSearchEditor (125)
[2017.02.21-21.44.21:920][187]LogModuleManager: Shutting down and abandoning module SpeedTreeImporter (124)
[2017.02.21-21.44.21:920][187]LogModuleManager: Shutting down and abandoning module PluginBrowser (123)
[2017.02.21-21.44.21:939][187]LogModuleManager: Shutting down and abandoning module MobileLauncherProfileWizard (122)
[2017.02.21-21.44.21:947][187]LogModuleManager: Shutting down and abandoning module EpicSurvey (121)
[2017.02.21-21.44.21:954][187]LogModuleManager: Shutting down and abandoning module DesktopPlatform (120)
[2017.02.21-21.44.21:954][187]LogModuleManager: Shutting down and abandoning module VisualStudioSourceCodeAccess (119)
[2017.02.21-21.44.21:954][187]LogModuleManager: Shutting down and abandoning module UObjectPlugin (118)
[2017.02.21-21.44.21:954][187]LogModuleManager: Shutting down and abandoning module SubversionSourceControl (117)
[2017.02.21-21.44.21:972][187]LogModuleManager: Shutting down and abandoning module PerforceSourceControl (116)
[2017.02.21-21.44.21:989][187]LogModuleManager: Shutting down and abandoning module SourceControl (115)
[2017.02.21-21.44.21:997][187]LogModuleManager: Shutting down and abandoning module GitSourceControl (114)
[2017.02.21-21.44.22:003][187]LogModuleManager: Shutting down and abandoning module LightPropagationVolumeEditor (113)
[2017.02.21-21.44.22:003][187]LogModuleManager: Shutting down and abandoning module PaperTiledImporter (112)
[2017.02.21-21.44.22:012][187]LogModuleManager: Shutting down and abandoning module PaperSpriteSheetImporter (111)
[2017.02.21-21.44.22:012][187]LogModuleManager: Shutting down and abandoning module MeshPaint (110)
[2017.02.21-21.44.22:012][187]LogModuleManager: Shutting down and abandoning module PixelInspectorModule (109)
[2017.02.21-21.44.22:022][187]LogModuleManager: Shutting down and abandoning module HotReload (108)
[2017.02.21-21.44.22:023][187]LogModuleManager: Shutting down and abandoning module MainFrame (107)
[2017.02.21-21.44.22:023][187]LogModuleManager: Shutting down and abandoning module LevelEditor (106)
[2017.02.21-21.44.22:029][187]LogModuleManager: Shutting down and abandoning module ContentBrowser (105)
[2017.02.21-21.44.22:035][187]LogModuleManager: Shutting down and abandoning module Paper2DEditor (104)
[2017.02.21-21.44.22:044][187]LogModuleManager: Shutting down and abandoning module UdpMessaging (103)
[2017.02.21-21.44.22:145][187]LogModuleManager: Shutting down and abandoning module TcpMessaging (102)
[2017.02.21-21.44.22:258][187]LogModuleManager: Shutting down and abandoning module LightPropagationVolumeRuntime (101)
[2017.02.21-21.44.22:258][187]LogModuleManager: Shutting down and abandoning module Paper2D (100)
[2017.02.21-21.44.22:270][187]LogModuleManager: Shutting down and abandoning module WindowsMoviePlayer (99)
[2017.02.21-21.44.22:270][187]LogModuleManager: Shutting down and abandoning module WmfMedia (98)
[2017.02.21-21.44.22:284][187]LogModuleManager: Shutting down and abandoning module MediaAssets (97)
[2017.02.21-21.44.22:284][187]LogModuleManager: Shutting down and abandoning module GameLiveStreaming (96)
[2017.02.21-21.44.22:285][187]LogModuleManager: Shutting down and abandoning module GameplayTagsEditor (95)
[2017.02.21-21.44.22:285][187]LogModuleManager: Shutting down and abandoning module VREditor (94)
[2017.02.21-21.44.22:285][187]LogModuleManager: Shutting down and abandoning module GameplayTasksEditor (93)
[2017.02.21-21.44.22:285][187]LogModuleManager: Shutting down and abandoning module BehaviorTreeEditor (92)
[2017.02.21-21.44.22:379][187]LogModuleManager: Shutting down and abandoning module FunctionalTesting (91)
[2017.02.21-21.44.22:391][187]LogModuleManager: Shutting down and abandoning module CollisionAnalyzer (90)
[2017.02.21-21.44.22:429][187]LogModuleManager: Shutting down and abandoning module Sequencer (89)
[2017.02.21-21.44.22:456][187]LogModuleManager: Shutting down and abandoning module WorkspaceMenuStructure (88)
[2017.02.21-21.44.22:456][187]LogModuleManager: Shutting down and abandoning module MessageLog (87)
[2017.02.21-21.44.22:456][187]LogModuleManager: Shutting down and abandoning module AssetTools (86)
[2017.02.21-21.44.22:490][187]LogModuleManager: Shutting down and abandoning module UMGEditor (85)
[2017.02.21-21.44.22:524][187]LogModuleManager: Shutting down and abandoning module UMG (84)
[2017.02.21-21.44.22:584][187]LogModuleManager: Shutting down and abandoning module SlateReflector (83)
[2017.02.21-21.44.22:643][187]LogModuleManager: Shutting down and abandoning module Slate (82)
[2017.02.21-21.44.22:643][187]LogModuleManager: Shutting down and abandoning module EditorStyle (81)
[2017.02.21-21.44.22:653][187]LogModuleManager: Shutting down and abandoning module SourceCodeAccess (80)
[2017.02.21-21.44.22:653][187]LogModuleManager: Shutting down and abandoning module HeadMountedDisplay (79)
[2017.02.21-21.44.22:653][187]LogModuleManager: Shutting down and abandoning module XAudio2 (78)
[2017.02.21-21.44.22:653][187]LogModuleManager: Shutting down and abandoning module Networking (76)
[2017.02.21-21.44.22:653][187]LogModuleManager: Shutting down and abandoning module Core (75)
[2017.02.21-21.44.22:653][187]LogModuleManager: Shutting down and abandoning module DirectoryWatcher (74)
[2017.02.21-21.44.22:653][187]LogDirectoryWatcher: A directory notification for '../../../Engine/Content/' was aborted.
[2017.02.21-21.44.22:655][187]LogDirectoryWatcher: A directory notification for 'C:/Users/Edd/Desktop/VANsGame/Mechanics/BasicMechanics/Content/' was aborted.
[2017.02.21-21.44.22:656][187]LogDirectoryWatcher: A directory notification for '../../../Engine/Plugins/2D/Paper2D/Content/' was aborted.
[2017.02.21-21.44.22:662][187]LogModuleManager: Shutting down and abandoning module AssetRegistry (73)
[2017.02.21-21.44.22:867][187]LogModuleManager: Shutting down and abandoning module KismetCompiler (72)
[2017.02.21-21.44.22:867][187]LogModuleManager: Shutting down and abandoning module PhysXFormats (71)
[2017.02.21-21.44.22:867][187]LogModuleManager: Shutting down and abandoning module SimplygonSwarm (70)
[2017.02.21-21.44.22:877][187]LogModuleManager: Shutting down and abandoning module SimplygonMeshReduction (69)
[2017.02.21-21.44.22:883][187]LogModuleManager: Shutting down and abandoning module QuadricMeshReduction (68)
[2017.02.21-21.44.22:883][187]LogModuleManager: Shutting down and abandoning module PropertyEditor (67)
[2017.02.21-21.44.22:883][187]LogModuleManager: Shutting down and abandoning module MeshUtilities (66)
[2017.02.21-21.44.22:892][187]LogModuleManager: Shutting down and abandoning module DerivedDataCache (65)
[2017.02.21-21.44.22:995][187]LogDerivedDataCache: Shutdown
[2017.02.21-21.44.22:995][187]LogModuleManager: Shutting down and abandoning module VulkanShaderFormat (64)
[2017.02.21-21.44.23:003][187]LogModuleManager: Shutting down and abandoning module ShaderFormatOpenGL (63)
[2017.02.21-21.44.23:021][187]LogModuleManager: Shutting down and abandoning module ShaderFormatD3D (62)
[2017.02.21-21.44.23:021][187]LogModuleManager: Shutting down and abandoning module MetalShaderFormat (61)
[2017.02.21-21.44.23:036][187]LogModuleManager: Shutting down and abandoning module TextureFormatUncompressed (60)
[2017.02.21-21.44.23:036][187]LogModuleManager: Shutting down and abandoning module TextureFormatPVR (59)
[2017.02.21-21.44.23:036][187]LogModuleManager: Shutting down and abandoning module TextureFormatDXT (58)
[2017.02.21-21.44.23:036][187]LogModuleManager: Shutting down and abandoning module TextureFormatIntelISPCTexComp (57)
[2017.02.21-21.44.23:056][187]LogModuleManager: Shutting down and abandoning module ImageWrapper (56)
[2017.02.21-21.44.23:056][187]LogModuleManager: Shutting down and abandoning module TextureFormatASTC (55)
[2017.02.21-21.44.23:056][187]LogModuleManager: Shutting down and abandoning module TextureFormatAndroid (54)
[2017.02.21-21.44.23:056][187]LogModuleManager: Shutting down and abandoning module AudioFormatOpus (53)
[2017.02.21-21.44.23:069][187]LogModuleManager: Shutting down and abandoning module AudioFormatOgg (52)
[2017.02.21-21.44.23:069][187]LogModuleManager: Shutting down and abandoning module AudioFormatADPCM (51)
[2017.02.21-21.44.23:069][187]LogModuleManager: Shutting down and abandoning module LinuxTargetPlatform (50)
[2017.02.21-21.44.23:069][187]LogModuleManager: Shutting down and abandoning module LinuxServerTargetPlatform (49)
[2017.02.21-21.44.23:069][187]LogModuleManager: Shutting down and abandoning module LinuxNoEditorTargetPlatform (48)
[2017.02.21-21.44.23:069][187]LogModuleManager: Shutting down and abandoning module LinuxClientTargetPlatform (47)
[2017.02.21-21.44.23:069][187]LogModuleManager: Shutting down and abandoning module TVOSTargetPlatform (46)
[2017.02.21-21.44.23:070][187]LogModuleManager: Shutting down and abandoning module Messaging (45)
[2017.02.21-21.44.23:070][187]LogModuleManager: Shutting down and abandoning module IOSTargetPlatform (44)
[2017.02.21-21.44.23:070][187]LogModuleManager: Shutting down and abandoning module HTML5TargetPlatform (43)
[2017.02.21-21.44.23:070][187]LogModuleManager: Shutting down and abandoning module AndroidTargetPlatform (42)
[2017.02.21-21.44.23:070][187]LogModuleManager: Shutting down and abandoning module Android_PVRTCTargetPlatform (41)
[2017.02.21-21.44.23:070][187]LogModuleManager: Shutting down and abandoning module Android_MultiTargetPlatform (40)
[2017.02.21-21.44.23:070][187]LogModuleManager: Shutting down and abandoning module Android_ETC2TargetPlatform (39)
[2017.02.21-21.44.23:070][187]LogModuleManager: Shutting down and abandoning module Android_ETC1TargetPlatform (38)
[2017.02.21-21.44.23:070][187]LogModuleManager: Shutting down and abandoning module Android_DXTTargetPlatform (37)
[2017.02.21-21.44.23:070][187]LogModuleManager: Shutting down and abandoning module Android_ATCTargetPlatform (36)
[2017.02.21-21.44.23:070][187]LogModuleManager: Shutting down and abandoning module Android_ASTCTargetPlatform (35)
[2017.02.21-21.44.23:071][187]LogModuleManager: Shutting down and abandoning module WindowsTargetPlatform (34)
[2017.02.21-21.44.23:071][187]LogModuleManager: Shutting down and abandoning module WindowsServerTargetPlatform (33)
[2017.02.21-21.44.23:071][187]LogModuleManager: Shutting down and abandoning module WindowsNoEditorTargetPlatform (32)
[2017.02.21-21.44.23:071][187]LogModuleManager: Shutting down and abandoning module WindowsClientTargetPlatform (31)
[2017.02.21-21.44.23:071][187]LogModuleManager: Shutting down and abandoning module MacTargetPlatform (30)
[2017.02.21-21.44.23:071][187]LogModuleManager: Shutting down and abandoning module MacServerTargetPlatform (29)
[2017.02.21-21.44.23:071][187]LogModuleManager: Shutting down and abandoning module MacNoEditorTargetPlatform (28)
[2017.02.21-21.44.23:071][187]LogModuleManager: Shutting down and abandoning module MacClientTargetPlatform (27)
[2017.02.21-21.44.23:071][187]LogModuleManager: Shutting down and abandoning module AllDesktopTargetPlatform (26)
[2017.02.21-21.44.23:071][187]LogModuleManager: Shutting down and abandoning module TargetPlatform (25)
[2017.02.21-21.44.23:071][187]LogModuleManager: Shutting down and abandoning module InputCore (24)
[2017.02.21-21.44.23:072][187]LogModuleManager: Shutting down and abandoning module Settings (23)
[2017.02.21-21.44.23:072][187]LogModuleManager: Shutting down and abandoning module OculusRift (22)
[2017.02.21-21.44.23:088][187]LogModuleManager: Shutting down and abandoning module ExampleDeviceProfileSelector (21)
[2017.02.21-21.44.23:088][187]LogModuleManager: Shutting down and abandoning module OnlineBlueprintSupport (20)
[2017.02.21-21.44.23:088][187]LogModuleManager: Shutting down and abandoning module OnlineSubsystem (18)
[2017.02.21-21.44.23:088][187]LogOnline:Display: Unloading online subsystem: NULL
[2017.02.21-21.44.23:122][187]LogModuleManager: Shutting down and abandoning module SSL (17)
[2017.02.21-21.44.23:135][187]LogModuleManager: Shutting down and abandoning module HTTP (16)
[2017.02.21-21.44.23:135][187]LogModuleManager: Shutting down and abandoning module XMPP (15)
[2017.02.21-21.44.23:143][187]LogModuleManager: Shutting down and abandoning module TextureCompressor (14)
[2017.02.21-21.44.23:144][187]LogModuleManager: Shutting down and abandoning module ShaderCore (13)
[2017.02.21-21.44.23:144][187]LogModuleManager: Shutting down and abandoning module Landscape (12)
[2017.02.21-21.44.23:144][187]LogModuleManager: Shutting down and abandoning module SlateRHIRenderer (11)
[2017.02.21-21.44.23:158][187]LogModuleManager: Shutting down and abandoning module OpenGLDrv (10)
[2017.02.21-21.44.23:171][187]LogModuleManager: Shutting down and abandoning module D3D11RHI (9)
[2017.02.21-21.44.23:171][187]LogModuleManager: Shutting down and abandoning module AnimGraphRuntime (8)
[2017.02.21-21.44.23:181][187]LogModuleManager: Shutting down and abandoning module Renderer (7)
[2017.02.21-21.44.23:181][187]LogModuleManager: Shutting down and abandoning module Engine (6)
[2017.02.21-21.44.23:181][187]LogModuleManager: Shutting down and abandoning module CoreUObject (5)
[2017.02.21-21.44.23:181][187]LogModuleManager: Shutting down and abandoning module NetworkFile (4)
[2017.02.21-21.44.23:185][187]LogModuleManager: Shutting down and abandoning module StreamingFile (3)
[2017.02.21-21.44.23:185][187]LogModuleManager: Shutting down and abandoning module SandboxFile (2)
[2017.02.21-21.44.23:185][187]LogModuleManager: Shutting down and abandoning module PakFile (1)
[2017.02.21-21.44.23:187][187]LogExit: Exiting.
[2017.02.21-21.44.23:223][187]Log file closed, 02/21/17 22:44:23
