Log file open, 12/15/16 16:48:40
LogInit:Display: Running engine for game: BasicMechanics
LogPlatformFile: Not using cached read wrapper
LogInit:Display: RandInit(-1352817456) SRandInit(-1352817456).
LogTaskGraph: Started task graph with 5 named threads and 8 total threads with 1 sets of task threads.
LogStats: Stats thread started at 0.106548
LogPluginManager: Loaded Plugin Paper2D, From C:/Program Files (x86)/Epic Games/4.13/Engine/Plugins/2D/Paper2D/Paper2D.uplugin
LogPluginManager: Loaded Plugin LightPropagationVolume, From C:/Program Files (x86)/Epic Games/4.13/Engine/Plugins/Blendables/LightPropagationVolume/LightPropagationVolume.uplugin
LogPluginManager: Loaded Plugin BlankPlugin, From C:/Program Files (x86)/Epic Games/4.13/Engine/Plugins/Developer/BlankPlugin/BlankPlugin.uplugin
LogPluginManager: Loaded Plugin CodeLiteSourceCodeAccess, From C:/Program Files (x86)/Epic Games/4.13/Engine/Plugins/Developer/CodeLiteSourceCodeAccess/CodeLiteSourceCodeAccess.uplugin
LogPluginManager: Loaded Plugin GitSourceControl, From C:/Program Files (x86)/Epic Games/4.13/Engine/Plugins/Developer/GitSourceControl/GitSourceControl.uplugin
LogPluginManager: Loaded Plugin KDevelopSourceCodeAccess, From C:/Program Files (x86)/Epic Games/4.13/Engine/Plugins/Developer/KDevelopSourceCodeAccess/KDevelopSourceCodeAccess.uplugin
LogPluginManager: Loaded Plugin NullSourceCodeAccess, From C:/Program Files (x86)/Epic Games/4.13/Engine/Plugins/Developer/NullSourceCodeAccess/NullSourceCodeAccess.uplugin
LogPluginManager: Loaded Plugin OneSkyLocalizationService, From C:/Program Files (x86)/Epic Games/4.13/Engine/Plugins/Developer/OneSkyLocalizationService/OneSkyLocalizationService.uplugin
LogPluginManager: Loaded Plugin PerforceSourceControl, From C:/Program Files (x86)/Epic Games/4.13/Engine/Plugins/Developer/PerforceSourceControl/PerforceSourceControl.uplugin
LogPluginManager: Loaded Plugin SubversionSourceControl, From C:/Program Files (x86)/Epic Games/4.13/Engine/Plugins/Developer/SubversionSourceControl/SubversionSourceControl.uplugin
LogPluginManager: Loaded Plugin UObjectPlugin, From C:/Program Files (x86)/Epic Games/4.13/Engine/Plugins/Developer/UObjectPlugin/UObjectPlugin.uplugin
LogPluginManager: Loaded Plugin VisualStudioSourceCodeAccess, From C:/Program Files (x86)/Epic Games/4.13/Engine/Plugins/Developer/VisualStudioSourceCodeAccess/VisualStudioSourceCodeAccess.uplugin
LogPluginManager: Loaded Plugin XCodeSourceCodeAccess, From C:/Program Files (x86)/Epic Games/4.13/Engine/Plugins/Developer/XCodeSourceCodeAccess/XCodeSourceCodeAccess.uplugin
LogPluginManager: Loaded Plugin EpicSurvey, From C:/Program Files (x86)/Epic Games/4.13/Engine/Plugins/Editor/EpicSurvey/EpicSurvey.uplugin
LogPluginManager: Loaded Plugin MacGraphicsSwitching, From C:/Program Files (x86)/Epic Games/4.13/Engine/Plugins/Editor/MacGraphicsSwitching/MacGraphicsSwitching.uplugin
LogPluginManager: Loaded Plugin MobileLauncherProfileWizard, From C:/Program Files (x86)/Epic Games/4.13/Engine/Plugins/Editor/MobileLauncherProfileWizard/MobileLauncherProfileWizard.uplugin
LogPluginManager: Loaded Plugin PluginBrowser, From C:/Program Files (x86)/Epic Games/4.13/Engine/Plugins/Editor/PluginBrowser/PluginBrowser.uplugin
LogPluginManager: Loaded Plugin SpeedTreeImporter, From C:/Program Files (x86)/Epic Games/4.13/Engine/Plugins/Editor/SpeedTreeImporter/SpeedTreeImporter.uplugin
LogPluginManager: Loaded Plugin SuperSearchEditor, From C:/Program Files (x86)/Epic Games/4.13/Engine/Plugins/Editor/SuperSearchEditor/SuperSearchEditor.uplugin
LogPluginManager: Loaded Plugin AlembicImporter, From C:/Program Files (x86)/Epic Games/4.13/Engine/Plugins/Experimental/AlembicImporter/AlembicImporter.uplugin
LogPluginManager: Loaded Plugin BlueprintStats, From C:/Program Files (x86)/Epic Games/4.13/Engine/Plugins/Experimental/BlueprintStats/BlueprintStats.uplugin
LogPluginManager: Loaded Plugin CharacterAI, From C:/Program Files (x86)/Epic Games/4.13/Engine/Plugins/Experimental/CharacterAI/CharacterAI.uplugin
LogPluginManager: Loaded Plugin CodeEditor, From C:/Program Files (x86)/Epic Games/4.13/Engine/Plugins/Experimental/CodeEditor/CodeEditor.uplugin
LogPluginManager: Loaded Plugin CodeView, From C:/Program Files (x86)/Epic Games/4.13/Engine/Plugins/Experimental/CodeView/CodeView.uplugin
LogPluginManager: Loaded Plugin HTML5Networking, From C:/Program Files (x86)/Epic Games/4.13/Engine/Plugins/Experimental/HTML5Networking/HTML5Networking.uplugin
LogPluginManager: Loaded Plugin LiveEditor, From C:/Program Files (x86)/Epic Games/4.13/Engine/Plugins/Experimental/LiveEditor/LiveEditor.uplugin
LogPluginManager: Loaded Plugin OSVR, From C:/Program Files (x86)/Epic Games/4.13/Engine/Plugins/Experimental/OSVR/OSVR.uplugin
LogPluginManager: Loaded Plugin Phya, From C:/Program Files (x86)/Epic Games/4.13/Engine/Plugins/Experimental/Phya/Phya.uplugin
LogPluginManager: Loaded Plugin SignificanceManager, From C:/Program Files (x86)/Epic Games/4.13/Engine/Plugins/Experimental/SignificanceManager/SignificanceManager.uplugin
LogPluginManager: Loaded Plugin SimpleHMD, From C:/Program Files (x86)/Epic Games/4.13/Engine/Plugins/Experimental/SimpleHMD/SimpleHMD.uplugin
LogPluginManager: Loaded Plugin StereoPanorama, From C:/Program Files (x86)/Epic Games/4.13/Engine/Plugins/Experimental/StereoPanorama/StereoPanorama.uplugin
LogPluginManager: Loaded Plugin StructBox, From C:/Program Files (x86)/Epic Games/4.13/Engine/Plugins/Experimental/StructBox/StructBox.uplugin
LogPluginManager: Loaded Plugin AndroidMedia, From C:/Program Files (x86)/Epic Games/4.13/Engine/Plugins/Media/AndroidMedia/AndroidMedia.uplugin
LogPluginManager: Loaded Plugin AvfMedia, From C:/Program Files (x86)/Epic Games/4.13/Engine/Plugins/Media/AvfMedia/AvfMedia.uplugin
LogPluginManager: Loaded Plugin MediaPlayerEditor, From C:/Program Files (x86)/Epic Games/4.13/Engine/Plugins/Media/MediaPlayerEditor/MediaPlayerEditor.uplugin
LogPluginManager: Loaded Plugin WmfMedia, From C:/Program Files (x86)/Epic Games/4.13/Engine/Plugins/Media/WmfMedia/WmfMedia.uplugin
LogPluginManager: Loaded Plugin MessagingDebugger, From C:/Program Files (x86)/Epic Games/4.13/Engine/Plugins/Messaging/MessagingDebugger/MessagingDebugger.uplugin
LogPluginManager: Loaded Plugin TcpMessaging, From C:/Program Files (x86)/Epic Games/4.13/Engine/Plugins/Messaging/TcpMessaging/TcpMessaging.uplugin
LogPluginManager: Loaded Plugin UdpMessaging, From C:/Program Files (x86)/Epic Games/4.13/Engine/Plugins/Messaging/UdpMessaging/UdpMessaging.uplugin
LogPluginManager: Loaded Plugin LevelSequenceEditor, From C:/Program Files (x86)/Epic Games/4.13/Engine/Plugins/MovieScene/LevelSequenceEditor/LevelSequenceEditor.uplugin
LogPluginManager: Loaded Plugin MatineeToLevelSequence, From C:/Program Files (x86)/Epic Games/4.13/Engine/Plugins/MovieScene/MatineeToLevelSequence/MatineeToLevelSequence.uplugin
LogPluginManager: Loaded Plugin NetcodeUnitTest, From C:/Program Files (x86)/Epic Games/4.13/Engine/Plugins/NetcodeUnitTest/NetcodeUnitTest/NetcodeUnitTest.uplugin
LogPluginManager: Loaded Plugin NUTUnrealEngine4, From C:/Program Files (x86)/Epic Games/4.13/Engine/Plugins/NetcodeUnitTest/NUTUnrealEngine4/NUTUnrealEngine4.uplugin
LogPluginManager: Loaded Plugin OnlineSubsystemGooglePlay, From C:/Program Files (x86)/Epic Games/4.13/Engine/Plugins/Online/Android/OnlineSubsystemGooglePlay/OnlineSubsystemGooglePlay.uplugin
LogPluginManager: Loaded Plugin OnlineSubsystemIOS, From C:/Program Files (x86)/Epic Games/4.13/Engine/Plugins/Online/IOS/OnlineSubsystemIOS/OnlineSubsystemIOS.uplugin
LogPluginManager: Loaded Plugin OnlineFramework, From C:/Program Files (x86)/Epic Games/4.13/Engine/Plugins/Online/OnlineFramework/OnlineFramework.uplugin
LogPluginManager: Loaded Plugin OnlineSubsystem, From C:/Program Files (x86)/Epic Games/4.13/Engine/Plugins/Online/OnlineSubsystem/OnlineSubsystem.uplugin
LogPluginManager: Loaded Plugin OnlineSubsystemAmazon, From C:/Program Files (x86)/Epic Games/4.13/Engine/Plugins/Online/OnlineSubsystemAmazon/OnlineSubsystemAmazon.uplugin
LogPluginManager: Loaded Plugin OnlineSubsystemFacebook, From C:/Program Files (x86)/Epic Games/4.13/Engine/Plugins/Online/OnlineSubsystemFacebook/OnlineSubsystemFacebook.uplugin
LogPluginManager: Loaded Plugin OnlineSubsystemNull, From C:/Program Files (x86)/Epic Games/4.13/Engine/Plugins/Online/OnlineSubsystemNull/OnlineSubsystemNull.uplugin
LogPluginManager: Loaded Plugin OnlineSubsystemOculus, From C:/Program Files (x86)/Epic Games/4.13/Engine/Plugins/Online/OnlineSubsystemOculus/OnlineSubsystemOculus.uplugin
LogPluginManager: Loaded Plugin OnlineSubsystemSteam, From C:/Program Files (x86)/Epic Games/4.13/Engine/Plugins/Online/OnlineSubsystemSteam/OnlineSubsystemSteam.uplugin
LogPluginManager: Loaded Plugin OnlineSubsystemUtils, From C:/Program Files (x86)/Epic Games/4.13/Engine/Plugins/Online/OnlineSubsystemUtils/OnlineSubsystemUtils.uplugin
LogPluginManager: Loaded Plugin IOSTapJoy, From C:/Program Files (x86)/Epic Games/4.13/Engine/Plugins/Runtime/Advertising/IOSTapJoy/IOSTapJoy.uplugin
LogPluginManager: Loaded Plugin AnalyticsBlueprintLibrary, From C:/Program Files (x86)/Epic Games/4.13/Engine/Plugins/Runtime/Analytics/AnalyticsBlueprintLibrary/AnalyticsBlueprintLibrary.uplugin
LogPluginManager: Loaded Plugin AnalyticsMulticast, From C:/Program Files (x86)/Epic Games/4.13/Engine/Plugins/Runtime/Analytics/AnalyticsMulticast/AnalyticsMulticast.uplugin
LogPluginManager: Loaded Plugin Apsalar, From C:/Program Files (x86)/Epic Games/4.13/Engine/Plugins/Runtime/Analytics/Apsalar/Apsalar.uplugin
LogPluginManager: Loaded Plugin FileLogging, From C:/Program Files (x86)/Epic Games/4.13/Engine/Plugins/Runtime/Analytics/FileLogging/FileLogging.uplugin
LogPluginManager: Loaded Plugin Flurry, From C:/Program Files (x86)/Epic Games/4.13/Engine/Plugins/Runtime/Analytics/Flurry/Flurry.uplugin
LogPluginManager: Loaded Plugin AndroidDeviceProfileSelector, From C:/Program Files (x86)/Epic Games/4.13/Engine/Plugins/Runtime/AndroidDeviceProfileSelector/AndroidDeviceProfileSelector.uplugin
LogPluginManager: Loaded Plugin AndroidMoviePlayer, From C:/Program Files (x86)/Epic Games/4.13/Engine/Plugins/Runtime/AndroidMoviePlayer/AndroidMoviePlayer.uplugin
LogPluginManager: Loaded Plugin AppleMoviePlayer, From C:/Program Files (x86)/Epic Games/4.13/Engine/Plugins/Runtime/AppleMoviePlayer/AppleMoviePlayer.uplugin
LogPluginManager: Loaded Plugin ArchVisCharacter, From C:/Program Files (x86)/Epic Games/4.13/Engine/Plugins/Runtime/ArchVisCharacter/ArchVisCharacter.uplugin
LogPluginManager: Loaded Plugin CableComponent, From C:/Program Files (x86)/Epic Games/4.13/Engine/Plugins/Runtime/CableComponent/CableComponent.uplugin
LogPluginManager: Loaded Plugin CustomMeshComponent, From C:/Program Files (x86)/Epic Games/4.13/Engine/Plugins/Runtime/CustomMeshComponent/CustomMeshComponent.uplugin
LogPluginManager: Loaded Plugin ExampleDeviceProfileSelector, From C:/Program Files (x86)/Epic Games/4.13/Engine/Plugins/Runtime/ExampleDeviceProfileSelector/ExampleDeviceProfileSelector.uplugin
LogPluginManager: Loaded Plugin GearVR, From C:/Program Files (x86)/Epic Games/4.13/Engine/Plugins/Runtime/GearVR/GearVR.uplugin
LogPluginManager: Loaded Plugin GoogleVRController, From C:/Program Files (x86)/Epic Games/4.13/Engine/Plugins/Runtime/GoogleVR/GoogleVRController/GoogleVRController.uplugin
LogPluginManager: Loaded Plugin GoogleVRHMD, From C:/Program Files (x86)/Epic Games/4.13/Engine/Plugins/Runtime/GoogleVR/GoogleVRHMD/GoogleVRHMD.uplugin
LogPluginManager: Loaded Plugin IOSDeviceProfileSelector, From C:/Program Files (x86)/Epic Games/4.13/Engine/Plugins/Runtime/IOSDeviceProfileSelector/IOSDeviceProfileSelector.uplugin
LogPluginManager: Loaded Plugin LeapMotion, From C:/Program Files (x86)/Epic Games/4.13/Engine/Plugins/Runtime/LeapMotion/LeapMotion.uplugin
LogPluginManager: Loaded Plugin LinuxDeviceProfileSelector, From C:/Program Files (x86)/Epic Games/4.13/Engine/Plugins/Runtime/LinuxDeviceProfileSelector/LinuxDeviceProfileSelector.uplugin
LogPluginManager: Loaded Plugin LiveEditorListenServer, From C:/Program Files (x86)/Epic Games/4.13/Engine/Plugins/Runtime/LiveEditorListenServer/LiveEditorListenServer.uplugin
LogPluginManager: Loaded Plugin OculusAudio, From C:/Program Files (x86)/Epic Games/4.13/Engine/Plugins/Runtime/OculusAudio/OculusAudio.uplugin
LogPluginManager: Loaded Plugin OculusInput, From C:/Program Files (x86)/Epic Games/4.13/Engine/Plugins/Runtime/OculusInput/OculusInput.uplugin
LogPluginManager: Loaded Plugin OculusLibrary, From C:/Program Files (x86)/Epic Games/4.13/Engine/Plugins/Runtime/OculusLibrary/OculusLibrary.uplugin
LogPluginManager: Loaded Plugin OculusRift, From C:/Program Files (x86)/Epic Games/4.13/Engine/Plugins/Runtime/OculusRift/OculusRift.uplugin
LogPluginManager: Loaded Plugin Oodle, From C:/Program Files (x86)/Epic Games/4.13/Engine/Plugins/Runtime/PacketHandlers/CompressionComponents/Oodle/Oodle.uplugin
LogPluginManager: Loaded Plugin ProceduralMeshComponent, From C:/Program Files (x86)/Epic Games/4.13/Engine/Plugins/Runtime/ProceduralMeshComponent/ProceduralMeshComponent.uplugin
LogPluginManager: Loaded Plugin SoundMod, From C:/Program Files (x86)/Epic Games/4.13/Engine/Plugins/Runtime/SoundMod/SoundMod.uplugin
LogPluginManager: Loaded Plugin SoundVisualizations, From C:/Program Files (x86)/Epic Games/4.13/Engine/Plugins/Runtime/SoundVisualizations/SoundVisualizations.uplugin
LogPluginManager: Loaded Plugin SteamController, From C:/Program Files (x86)/Epic Games/4.13/Engine/Plugins/Runtime/Steam/SteamController/SteamController.uplugin
LogPluginManager: Loaded Plugin SteamVR, From C:/Program Files (x86)/Epic Games/4.13/Engine/Plugins/Runtime/Steam/SteamVR/SteamVR.uplugin
LogPluginManager: Loaded Plugin WebBrowserWidget, From C:/Program Files (x86)/Epic Games/4.13/Engine/Plugins/Runtime/WebBrowserWidget/WebBrowserWidget.uplugin
LogPluginManager: Loaded Plugin WindowsDeviceProfileSelector, From C:/Program Files (x86)/Epic Games/4.13/Engine/Plugins/Runtime/WindowsDeviceProfileSelector/WindowsDeviceProfileSelector.uplugin
LogPluginManager: Loaded Plugin WindowsMoviePlayer, From C:/Program Files (x86)/Epic Games/4.13/Engine/Plugins/Runtime/WindowsMoviePlayer/WindowsMoviePlayer.uplugin
LogPluginManager: Loaded Plugin ScriptPlugin, From C:/Program Files (x86)/Epic Games/4.13/Engine/Plugins/ScriptPlugin/ScriptPlugin.uplugin
LogPluginManager: Loaded Plugin SlateRemote, From C:/Program Files (x86)/Epic Games/4.13/Engine/Plugins/Slate/SlateRemote/SlateRemote.uplugin
LogInit: Using libcurl 7.47.1
LogInit:  - built for x86_64-pc-win32
LogInit:  - supports SSL with WinSSL
LogInit:  - other features:
LogInit:      CURL_VERSION_SSL
LogInit:      CURL_VERSION_IPV6
LogInit:      CURL_VERSION_ASYNCHDNS
LogInit:      CURL_VERSION_LARGEFILE
LogInit:      CURL_VERSION_IDN
LogInit:  CurlRequestOptions (configurable via config and command line):
LogInit:  - bVerifyPeer = false  - Libcurl will NOT verify peer certificate
LogInit:  - bUseHttpProxy = false  - Libcurl will NOT use HTTP proxy
LogInit:  - bDontReuseConnections = false  - Libcurl will reuse connections
LogInit:  - CertBundlePath = nullptr  - Libcurl will use whatever was configured at build time.
OCULUS: Info: [CAPI] LibOVR module is located at C:\Program Files\Oculus\Support\oculus-runtime\LibOVRRT64_1.dll
OCULUS: Debug: Connected to the server running version (prod = 1).1.7.0(build = 270909) feature version = 0. Client runs version (prod = 1).1.7.0(build = 270909) feature version = 0
LogInit: Build: ++UE4+Release-4.13-CL-3106830
LogInit: Engine Version: 4.13.0-3106830+++UE4+Release-4.13
LogInit: Compatible Engine Version: 4.13.0-3106830+++UE4+Release-4.13
LogInit: Net CL: 3106830
LogDevObjectVersion: Number of dev versions registered: 13
LogDevObjectVersion:   Dev-Blueprints (B0D832E4-1F89-4F0D-ACCF-7EB736FD4AA2): 5
LogDevObjectVersion:   Dev-Build (E1C64328-A22C-4D53-A36C-8E866417BD8C): 0
LogDevObjectVersion:   Dev-Core (375EC13C-06E4-48FB-B500-84F0262A717E): 1
LogDevObjectVersion:   Dev-Editor (E4B068ED-F494-42E9-A231-DA0B2E46BB41): 6
LogDevObjectVersion:   Dev-Framework (CFFC743F-43B0-4480-9391-14DF171D2073): 12
LogDevObjectVersion:   Dev-Mobile (B02B49B5-BB20-44E9-A304-32B752E40360): 0
LogDevObjectVersion:   Dev-Networking (A4E4105C-59A1-49B5-A7C5-40C4547EDFEE): 0
LogDevObjectVersion:   Dev-Online (39C831C9-5AE6-47DC-9A44-9C173E1C8E7C): 0
LogDevObjectVersion:   Dev-Physics (78F01B33-EBEA-4F98-B9B4-84EACCB95AA2): 0
LogDevObjectVersion:   Dev-Platform (6631380F-2D4D-43E0-8009-CF276956A95A): 0
LogDevObjectVersion:   Dev-Rendering (12F88B9F-8875-4AFC-A67C-D90C383ABD29): 4
LogDevObjectVersion:   Dev-Sequencer (7B5AE74C-D270-4C10-A958-57980B212A5A): 0
LogDevObjectVersion:   Dev-VR (D7296918-1DD6-4BDD-9DE2-64A83CC13884): 0
LogInit: Compiled (64-bit): Aug 30 2016 18:11:39
LogInit: Compiled with Visual C++: 19.00.23026.00
LogInit: Build Configuration: Development
LogInit: Branch Name: ++UE4+Release-4.13
LogInit: Command line: -EpicPortal 
LogInit: Base directory: C:/Program Files (x86)/Epic Games/4.13/Engine/Binaries/Win64/
LogInit: Installed Engine Build: 1
LogInit: Presizing for max 8388607 objects, including 0 objects not considered by GC, pre-allocating 0 bytes for permanent pool.
LogInit: Object subsystem initialized
[2016.12.15-15.48.41:787][  0]LogInit: Selected Device Profile: [Windows]
[2016.12.15-15.48.41:787][  0]LogInit: Applying CVar settings loaded from the selected device profile: [Windows]
[2016.12.15-15.48.41:821][  0]LogInit: Computer: MSI-10
[2016.12.15-15.48.41:821][  0]LogInit: User: Administrator
[2016.12.15-15.48.41:821][  0]LogInit: CPU Page size=65536, Cores=4
[2016.12.15-15.48.41:821][  0]LogInit: High frequency timer resolution =2.531253 MHz
[2016.12.15-15.48.41:822][  0]LogMemory: Memory total: Physical=7.9GB (8GB approx)
[2016.12.15-15.48.41:822][  0]LogMemory: Platform Memory Stats for Windows
[2016.12.15-15.48.41:822][  0]LogMemory: Process Physical Memory: 262.40 MB used, 262.40 MB peak
[2016.12.15-15.48.41:822][  0]LogMemory: Process Virtual Memory: 262.99 MB used, 262.99 MB peak
[2016.12.15-15.48.41:822][  0]LogMemory: Physical Memory: 4873.50 MB used, 8068.52 MB total
[2016.12.15-15.48.41:822][  0]LogMemory: Virtual Memory: 660.20 MB used, 134217728.00 MB total
[2016.12.15-15.48.42:304][  0]LogTextLocalizationManager: No specific translations for ('es-ES') exist, so ('es') translations will be used.
[2016.12.15-15.48.45:049][  0]LogD3D11RHI: D3D11 adapters:
[2016.12.15-15.48.45:078][  0]LogD3D11RHI:    0. 'NVIDIA GeForce GTX 960M        ' (Feature Level 11_0)
[2016.12.15-15.48.45:078][  0]LogD3D11RHI:       1995/0/4034 MB DedicatedVideo/DedicatedSystem/SharedSystem, Outputs:1, VendorId:0x10de
[2016.12.15-15.48.45:086][  0]LogD3D11RHI:    1. 'Intel(R) HD Graphics 530' (Feature Level 11_0)
[2016.12.15-15.48.45:086][  0]LogD3D11RHI:       128/0/4034 MB DedicatedVideo/DedicatedSystem/SharedSystem, Outputs:0, VendorId:0x8086
[2016.12.15-15.48.45:087][  0]LogD3D11RHI:    2. 'Microsoft Basic Render Driver' (Feature Level 11_0)
[2016.12.15-15.48.45:088][  0]LogD3D11RHI:       0/0/4034 MB DedicatedVideo/DedicatedSystem/SharedSystem, Outputs:0, VendorId:0x1414
[2016.12.15-15.48.45:088][  0]LogD3D11RHI: Chosen D3D11 Adapter: 0
[2016.12.15-15.48.45:093][  0]LogD3D11RHI: Creating new Direct3DDevice
[2016.12.15-15.48.45:093][  0]LogD3D11RHI:     GPU DeviceId: 0x139b (for the marketing name, search the web for "GPU Device Id")
[2016.12.15-15.48.45:093][  0]LogWindows: EnumDisplayDevices:
[2016.12.15-15.48.45:093][  0]LogWindows:    0. 'Intel(R) HD Graphics 530' (P:1 D:1)
[2016.12.15-15.48.45:093][  0]LogWindows:    1. 'Intel(R) HD Graphics 530' (P:0 D:0)
[2016.12.15-15.48.45:093][  0]LogWindows:    2. 'Intel(R) HD Graphics 530' (P:0 D:0)
[2016.12.15-15.48.45:094][  0]LogWindows: DebugString: PrimaryIsNotTheChoosenAdapter PrimaryIsNotTheChoosenAdapter PrimaryIsNotTheChoosenAdapter FoundDriverCount:0 
[2016.12.15-15.48.45:094][  0]LogD3D11RHI:     Adapter Name: NVIDIA GeForce GTX 960M        
[2016.12.15-15.48.45:094][  0]LogD3D11RHI:   Driver Version: Unknown (internal:Unknown, unified:Unknown)
[2016.12.15-15.48.45:094][  0]LogD3D11RHI:      Driver Date: Unknown
[2016.12.15-15.48.45:094][  0]LogRHI: Texture pool is 1361 MB (70% of 1945 MB)
[2016.12.15-15.48.45:109][  0]LogD3D11RHI: Async texture creation enabled
[2016.12.15-15.48.45:126][  0]LogD3D11RHI: GPU Timing Frequency: 1000.000000 (Debug: 2 2)
[2016.12.15-15.48.45:126][  0]LogShaderCompilers: Guid format shader working directory is -30 characters bigger than the processId version (../../../../../../Users/Administrator/Desktop/VANsGame/Mechanics/BasicMechanics/Intermediate/Shaders/WorkingDirectory/5000/).
[2016.12.15-15.48.45:126][  0]LogShaderCompilers: Cleaned the shader compiler working directory 'C:/Users/ADMINI~1/AppData/Local/Temp/UnrealShaderWorkingDir/44B7E94B4A1D19AB9DB21AA36755ABFF/'.
[2016.12.15-15.48.45:126][  0]LogShaderCompilers:Display: Using Local Shader Compiler.
[2016.12.15-15.48.47:769][  0]LogTemp:Display: Loaded TP AllDesktopTargetPlatform
[2016.12.15-15.48.47:777][  0]LogTemp:Display: Loaded TP WindowsClientTargetPlatform
[2016.12.15-15.48.47:787][  0]LogTemp:Display: Loaded TP WindowsNoEditorTargetPlatform
[2016.12.15-15.48.47:797][  0]LogTemp:Display: Loaded TP WindowsServerTargetPlatform
[2016.12.15-15.48.47:805][  0]LogTemp:Display: Loaded TP WindowsTargetPlatform
[2016.12.15-15.48.47:817][  0]LogTemp:Display: Loaded TP AndroidTargetPlatform
[2016.12.15-15.48.47:823][  0]LogTemp:Display: Loaded TP Android_ASTCTargetPlatform
[2016.12.15-15.48.47:831][  0]LogTemp:Display: Loaded TP Android_ATCTargetPlatform
[2016.12.15-15.48.47:838][  0]LogTemp:Display: Loaded TP Android_DXTTargetPlatform
[2016.12.15-15.48.47:845][  0]LogTemp:Display: Loaded TP Android_ETC1TargetPlatform
[2016.12.15-15.48.47:853][  0]LogTemp:Display: Loaded TP Android_ETC2TargetPlatform
[2016.12.15-15.48.47:867][  0]LogTemp:Display: Loaded TP Android_MultiTargetPlatform
[2016.12.15-15.48.47:867][  0]LogTemp:Display: Loaded TP Android_PVRTCTargetPlatform
[2016.12.15-15.48.47:869][  0]LogTemp:Display: Loaded TP HTML5TargetPlatform
[2016.12.15-15.48.47:924][  0]LogTemp:Display: Loaded TP IOSTargetPlatform
[2016.12.15-15.48.47:932][  0]LogTemp:Display: Loaded TP TVOSTargetPlatform
[2016.12.15-15.48.47:938][  0]LogTemp:Display: Loaded TP LinuxClientTargetPlatform
[2016.12.15-15.48.47:945][  0]LogTemp:Display: Loaded TP LinuxNoEditorTargetPlatform
[2016.12.15-15.48.47:952][  0]LogTemp:Display: Loaded TP LinuxServerTargetPlatform
[2016.12.15-15.48.47:963][  0]LogTemp:Display: Loaded TP LinuxTargetPlatform
[2016.12.15-15.48.47:964][  0]LogTargetPlatformManager:Display: Building Assets For Windows
[2016.12.15-15.48.48:356][  0]LogDerivedDataCache:Display: Max Cache Size: 512 MB
[2016.12.15-15.48.48:910][  0]LogDerivedDataCache: Loaded boot cache 0.55s 76MB C:/Users/Administrator/AppData/Local/UnrealEngine/4.13/DerivedDataCache/Boot.ddc.
[2016.12.15-15.48.48:911][  0]LogDerivedDataCache:Display: Loaded Boot cache: C:/Users/Administrator/AppData/Local/UnrealEngine/4.13/DerivedDataCache/Boot.ddc
[2016.12.15-15.48.48:911][  0]LogDerivedDataCache: FDerivedDataBackendGraph:  Pak pak cache file ../../../../../../Users/Administrator/Desktop/VANsGame/Mechanics/BasicMechanics/DerivedDataCache/DDC.ddp not found, will not use a pak cache.
[2016.12.15-15.48.48:911][  0]LogDerivedDataCache: Unable to find inner node Pak for hierarchical cache Hierarchy.
[2016.12.15-15.48.48:911][  0]LogDerivedDataCache: FDerivedDataBackendGraph:  CompressedPak pak cache file ../../../../../../Users/Administrator/Desktop/VANsGame/Mechanics/BasicMechanics/DerivedDataCache/Compressed.ddp not found, will not use a pak cache.
[2016.12.15-15.48.48:911][  0]LogDerivedDataCache: Unable to find inner node CompressedPak for hierarchical cache Hierarchy.
[2016.12.15-15.48.48:980][  0]LogDerivedDataCache:Display: Pak cache opened for reading ../../../Engine/DerivedDataCache/Compressed.ddp.
[2016.12.15-15.48.48:994][  0]LogDerivedDataCache: Using Local data cache path C:/Users/Administrator/AppData/Local/UnrealEngine/Common/DerivedDataCache: Writable
[2016.12.15-15.48.52:380][  0]LogInit: Selected Device Profile: [Windows]
[2016.12.15-15.48.52:383][  0]LogContentStreaming: Texture pool size is 0.00 MB
[2016.12.15-15.48.52:472][  0]LogMeshUtilities: No automatic mesh reduction module available
[2016.12.15-15.48.52:472][  0]LogMeshUtilities: No automatic mesh merging module available
[2016.12.15-15.48.52:472][  0]LogMeshUtilities: No distributed automatic mesh merging module available
[2016.12.15-15.48.52:673][  0]LogMaterial: Uniform references updated for custom material expression Custom.
[2016.12.15-15.48.52:790][  0]LogLinker:Warning: No puede encontrar el archivo '/Engine/EditorMaterials/AssetViewer/EpicQuadPanorama_CC+EV1'
[2016.12.15-15.48.52:791][  0]LogLinker: No puede encontrar el archivo '/Engine/EditorMaterials/AssetViewer/EpicQuadPanorama_CC+EV1'
[2016.12.15-15.48.52:796][  0]LogTexture:Display: Generando texturas: RGBTable16x1_AssetViewer (BGRA8)
[2016.12.15-15.48.52:798][  0]LogLinker: No puede encontrar el archivo '/Engine/EditorMaterials/AssetViewer/EpicQuadPanorama_CC+EV1'
[2016.12.15-15.48.53:302][  0]LogNetVersion: GetLocalNetworkVersion: CL: 3106830, ProjectName: basicmechanics, ProjectVersion: , EngineNetworkVersion: 1, GameNetworkVersion: 0, NetworkChecksum: 2647762835
[2016.12.15-15.48.53:358][  0]LogAssetRegistry: FAssetRegistry took 0.0263 seconds to start up
[2016.12.15-15.48.53:406][  0]LogPackageLocalizationCache: Processed 3 localized package path(s) for 2 prioritized culture(s) in 0.044153 seconds
[2016.12.15-15.48.53:415][  0]LogUObjectArray: 29781 objects as part of root set at end of initial load.
[2016.12.15-15.48.53:415][  0]LogUObjectAllocator: 6126232 out of 0 bytes used by permanent object pool.
[2016.12.15-15.48.53:415][  0]LogUObjectArray: CloseDisregardForGC: 0/0 objects in disregard for GC pool
[2016.12.15-15.48.53:422][  0]LogInit: WinSock: version 1.1 (2.2), MaxSocks=32767, MaxUdp=65467
[2016.12.15-15.48.54:014][  0]LogSlate: SlateFontCache - WITH_FREETYPE: 1, WITH_HARFBUZZ: 1
[2016.12.15-15.48.54:014][  0]LogSlate: SlateFontCache - WITH_FREETYPE: 1, WITH_HARFBUZZ: 1
[2016.12.15-15.48.56:776][  0]LogUdpMessaging: Initializing bridge on interface 0.0.0.0:0 to multicast group 230.0.0.1:6666.
[2016.12.15-15.48.57:084][  0]SourceControl: Información El control de código fuente está desactivado
[2016.12.15-15.48.57:217][  0]SourceControl: Información El control de código fuente está desactivado
[2016.12.15-15.48.57:228][  0]SourceControl: Información El control de código fuente está desactivado
[2016.12.15-15.48.57:240][  0]SourceControl: Información El control de código fuente está desactivado
[2016.12.15-15.48.57:637][  0]LogEngine: Initializing Engine...
[2016.12.15-15.48.57:638][  0]LogHMD: Oculus plugin initialized. Version: 4.13.0-3106830+++UE4+Release-4.13, LibOVR: 1.7.0, SDK: 1.6.0, built Aug 30 2016, 18:13:21
[2016.12.15-15.48.57:804][  0]LogAIModule: Creating AISystem for world Untitled
[2016.12.15-15.48.57:814][  0]LogInit: XAudio2 using 'Speakers (Realtek High Definition Audio)' : 8 channels at 48 kHz using 32 bits per sample (channel mask 0x63f)
[2016.12.15-15.48.57:884][  0]LogInit: FAudioDevice initialized.
[2016.12.15-15.48.57:947][  0]LogDerivedDataCache: Saved boot cache 0.06s 76MB C:/Users/Administrator/AppData/Local/UnrealEngine/4.13/DerivedDataCache/Boot.ddc.
[2016.12.15-15.48.57:967][  0]LogInit: Texture streaming: Enabled
[2016.12.15-15.48.58:004][  0]LogInit: Transaction tracking system initialized
[2016.12.15-15.48.58:035][  0]BlueprintLog: New page: Cargar el editor
[2016.12.15-15.48.58:140][  0]LocalizationService: Información Localization service is disabled
[2016.12.15-15.48.58:253][  0]LogConsoleResponse:Display: 
[2016.12.15-15.48.58:570][  0]LogCook:Display: Max memory allowance for cook 16384mb min free memory 0mb
[2016.12.15-15.48.58:570][  0]LogCook:Display: Mobile HDR setting 1
[2016.12.15-15.48.58:830][  0]LogFileCache: Scanning file cache for directory 'C:/Users/Administrator/Desktop/VANsGame/Mechanics/BasicMechanics/Content/' took 0.02s
[2016.12.15-15.48.58:830][  0]SourceControl: Información El control de código fuente está desactivado
[2016.12.15-15.48.58:830][  0]Cmd: MAP LOAD FILE="../../../../../../Users/Administrator/Desktop/VANsGame/Mechanics/BasicMechanics/Content/StarterContent/Maps/Minimal_Default.umap" TEMPLATE=0 SHOWPROGRESS=1 FEATURELEVEL=3
[2016.12.15-15.48.58:831][  0]LightingResults: New page: Diseñar la iluminación
[2016.12.15-15.48.58:833][  0]MapCheck: New page: Revisión del mapa
[2016.12.15-15.48.58:833][  0]LightingResults: New page: Diseñar la iluminación
[2016.12.15-15.48.59:163][  0]LogTexture:Display: Generando texturas: T_TableRound_N (BC5)
[2016.12.15-15.48.59:696][  0]LogTexture:Display: Generando texturas: T_TableRound_M (DXT1)
[2016.12.15-15.49.00:340][  0]LogTexture:Display: Generando texturas: T_Statue_N (BC5)
[2016.12.15-15.49.00:502][  0]LogTexture:Display: Generando texturas: T_Statue_M (AutoDXT)
[2016.12.15-15.49.01:368][  0]LogTexture:Display: Generando texturas: T_MacroVariation (AutoDXT)
[2016.12.15-15.49.03:909][  0]LogTexture:Display: Generando texturas: HQ_Lightmap1_1 (AutoDXT)
[2016.12.15-15.49.03:964][  0]LogTexture:Display: Generando texturas: HQ_Lightmap1_2 (AutoDXT)
[2016.12.15-15.49.03:974][  0]LogTexture:Display: Generando texturas: LQ_Lightmap_1_1 (DXT1)
[2016.12.15-15.49.04:008][  0]LogTexture:Display: Generando texturas: LQ_Lightmap_1_2 (DXT1)
[2016.12.15-15.49.04:014][  0]LogTexture:Display: Generando texturas: ShadowMapTexture2D_2 (BGRA8)
[2016.12.15-15.49.04:020][  0]LogTexture:Display: Generando texturas: ShadowMapTexture2D_3 (BGRA8)
[2016.12.15-15.49.04:160][  0]LogTexture:Display: Generando texturas: T_Chair_N (BC5)
[2016.12.15-15.49.04:681][  0]LogTexture:Display: Generando texturas: T_Metal_Copper_D (AutoDXT)
[2016.12.15-15.49.07:027][  0]LogTexture:Display: Generando texturas: T_Metal_Gold_N (BC5)
[2016.12.15-15.49.07:617][  0]LogTexture:Display: Generando texturas: T_Metal_Aluminum_D (AutoDXT)
[2016.12.15-15.49.09:865][  0]LogTexture:Display: Generando texturas: T_Chair_M (AutoDXT)
[2016.12.15-15.49.10:596][  0]LogAIModule: Creating AISystem for world Minimal_Default
[2016.12.15-15.49.10:761][  0]LogTexture:Display: Generando texturas: S_AudioComponent_AutoActivate (BGRA8)
[2016.12.15-15.49.10:772][  0]LogEditorServer: Finished looking for orphan Actors (0.000 secs)
[2016.12.15-15.49.10:776][  0]Cmd: MAP CHECKDEP NOCLEARLOG
[2016.12.15-15.49.10:823][  0]MapCheck: Información Map check complete: 0 Error(s), 0 Warning(s), took 47,364ms to complete.
[2016.12.15-15.49.10:824][  0]LogFileHelpers: Loading map 'Minimal_Default' took 11.993
[2016.12.15-15.49.11:110][  0]LogCollectionManager: Loaded 0 collections in 0.002579 seconds
[2016.12.15-15.49.11:193][  0]LogFileCache: Scanning file cache for directory 'C:/Users/Administrator/Desktop/VANsGame/Mechanics/BasicMechanics/Saved/Collections/' took 0.02s
[2016.12.15-15.49.11:193][  0]LogFileCache: Scanning file cache for directory 'C:/Users/Administrator/Desktop/VANsGame/Mechanics/BasicMechanics/Content/Developers/Administrator/Collections/' took 0.01s
[2016.12.15-15.49.11:193][  0]LogFileCache: Scanning file cache for directory 'C:/Users/Administrator/Desktop/VANsGame/Mechanics/BasicMechanics/Content/Collections/' took 0.01s
[2016.12.15-15.49.11:193][  0]LogCollectionManager: Rebuilt the GUID cache for 0 collections in 0.000005 seconds
[2016.12.15-15.49.11:215][  0]LogContentBrowser: Native class hierarchy populated in 0.0190 seconds. Added 2148 classes and 417 folders.
[2016.12.15-15.49.11:231][  0]LogStats: UGameplayTagsManager::ConstructGameplayTagTree: Construct from data asset -  0.000 s
[2016.12.15-15.49.11:232][  0]LogStats: UGameplayTagsManager::ConstructGameplayTagTree: GameplayTagTreeChangedEvent.Broadcast -  0.000 s
[2016.12.15-15.49.11:233][  0]LogContentBrowser: Native class hierarchy updated for 'GameplayTags' in 0.0007 seconds. Added 12 classes and 0 folders.
[2016.12.15-15.49.11:240][  0]LogContentBrowser: Native class hierarchy updated for 'WidgetCarousel' in 0.0005 seconds. Added 0 classes and 0 folders.
[2016.12.15-15.49.11:733][  0]LogContentBrowser: Native class hierarchy updated for 'AddContentDialog' in 0.0009 seconds. Added 0 classes and 0 folders.
[2016.12.15-15.49.11:753][  0]LogContentBrowser: Native class hierarchy updated for 'SceneOutliner' in 0.0009 seconds. Added 1 classes and 2 folders.
[2016.12.15-15.49.11:861][  0]LogCrashTracker: Crashtracker disabled due to settings.
[2016.12.15-15.49.11:907][  0]LogWindowsTextInputMethodSystem:Display: IME system now deactivated.
[2016.12.15-15.49.11:919][  0]LogTexture:Display: Generando texturas: Blueprint_64x (BGRA8)
[2016.12.15-15.49.11:922][  0]LogTexture:Display: Generando texturas: icon_Editor_Preferences_General_40x (BGRA8)
[2016.12.15-15.49.11:925][  0]LogTexture:Display: Generando texturas: Paper2DSprite_TutorialIcon (BGRA8)
[2016.12.15-15.49.11:928][  0]LogTexture:Display: Generando texturas: icon_ShowSkeletalMeshes_40x (BGRA8)
[2016.12.15-15.49.11:930][  0]LogTexture:Display: Generando texturas: Landscape (BGRA8)
[2016.12.15-15.49.11:932][  0]LogTexture:Display: Generando texturas: Foliage (BGRA8)
[2016.12.15-15.49.11:983][  0]LogContentBrowser: Native class hierarchy updated for 'HierarchicalLODOutliner' in 0.0005 seconds. Added 1 classes and 2 folders.
[2016.12.15-15.49.11:983][  0]LogLoad: (Engine Initialization) Total time: 33.73 seconds
[2016.12.15-15.49.11:983][  0]LogLoad: (Engine Initialization) Total Blueprint compile time: 0.09 seconds
[2016.12.15-15.49.11:984][  0]LogExternalProfiler: Found external profiler: VSPerf
[2016.12.15-15.49.11:984][  0]LogExternalProfiler: Using external profiler: VSPerf
[2016.12.15-15.49.12:001][  0]LogOcInput: OculusInput pre-init called
[2016.12.15-15.49.12:012][  0]LogOcInput: OculusInput is initialized. Init status 0. Runtime version: 1.7.0
[2016.12.15-15.49.12:045][  0]LogContentStreaming: Texture pool size now 1000 MB
[2016.12.15-15.49.12:079][  0]LogTexture:Display: Generando texturas: icon_tab_Levels_40x (BGRA8)
[2016.12.15-15.49.12:206][  0]LogTexture:Display: Generando texturas: LevelGrid1DStripes (BGRA8)
[2016.12.15-15.49.12:284][  0]LogRenderer: Reallocating scene render targets to support 964x436 (Frame:2).
[2016.12.15-15.49.12:474][  2]LogAssetRegistry: Asset discovery search completed in 19.1425 seconds
[2016.12.15-15.49.12:474][  2]LogCollectionManager: Rebuilt the object cache for 0 collections in 0.000002 seconds (found 0 objects)
[2016.12.15-15.49.12:474][  2]LogCollectionManager: Fixed up redirectors for 0 collections in 0.000072 seconds (updated 0 objects)
[2016.12.15-15.50.23:745][232]LogBlueprint:Warning: [Compiler Answers] Aviso 'Item' is already a 'NPC', you don't need  K2Node_DynamicCast_0 .
[2016.12.15-15.50.23:745][232]LogBlueprint:Warning: [Compiler Answers] Aviso 'Item' is already a 'NPC', you don't need  K2Node_DynamicCast_15 .
[2016.12.15-15.50.23:745][232]LogBlueprint:Warning: [Compiler Answers] Aviso 'Item' is already a 'NPC', you don't need  K2Node_DynamicCast_2 .
[2016.12.15-15.50.23:756][232]LogBlueprint:Warning: [Compiler Answers] Aviso [0105,51] Compile of Answers successful, but with 3 Warning(s) [in 18 ms] (/Game/Elements/NPCDialogue/Answers.Answers)
[2016.12.15-15.50.23:756][232]LogBlueprint:Warning: [Compiler Answers] Aviso [0105,51] Compile of Answers successful, but with 4 Warning(s) [in 0 ms] (/Game/Elements/NPCDialogue/Answers.Answers)
[2016.12.15-15.50.23:756][232]LogBlueprint:Warning: [Compiler Answers] Aviso [0105,51] Compile of Answers successful, but with 5 Warning(s) [in 0 ms] (/Game/Elements/NPCDialogue/Answers.Answers)
[2016.12.15-15.50.23:786][232]LogBlueprint:Warning: [Compiler Answers] Aviso 'Item' is already a 'NPC', you don't need  K2Node_DynamicCast_0 .
[2016.12.15-15.50.23:786][232]LogBlueprint:Warning: [Compiler Answers] Aviso 'Item' is already a 'NPC', you don't need  K2Node_DynamicCast_15 .
[2016.12.15-15.50.23:786][232]LogBlueprint:Warning: [Compiler Answers] Aviso 'Item' is already a 'NPC', you don't need  K2Node_DynamicCast_2 .
[2016.12.15-15.50.23:793][232]LogBlueprint:Warning: [Compiler Answers] Aviso [0105,54] Compile of Answers successful, but with 3 Warning(s) [in 14 ms] (/Game/Elements/NPCDialogue/Answers.Answers)
[2016.12.15-15.50.23:793][232]LogBlueprint:Warning: [Compiler Answers] Aviso [0105,54] Compile of Answers successful, but with 4 Warning(s) [in 0 ms] (/Game/Elements/NPCDialogue/Answers.Answers)
[2016.12.15-15.50.23:794][232]LogBlueprint:Warning: [Compiler Answers] Aviso [0105,55] Compile of Answers successful, but with 5 Warning(s) [in 0 ms] (/Game/Elements/NPCDialogue/Answers.Answers)
[2016.12.15-15.50.24:327][232]LogTexture:Display: Generando texturas: T_Brick_Clay_Old_D (AutoDXT)
[2016.12.15-15.50.26:796][232]LogTexture:Display: Generando texturas: T_Brick_Clay_Old_N (BC5)
[2016.12.15-15.50.27:440][232]LogTexture:Display: Generando texturas: T_Perlin_Noise_M (AutoDXT)
[2016.12.15-15.50.29:501][232]LogTexture:Display: Generando texturas: UE4_LOGO_CARD (AutoDXT)
[2016.12.15-15.50.29:550][232]LogTexture:Display: Generando texturas: T_ML_Rubber_Blue_01_N (BC5)
[2016.12.15-15.50.29:583][232]LogTexture:Display: Generando texturas: T_ML_Rubber_Blue_01_D (AutoDXT)
[2016.12.15-15.50.29:715][232]LogTexture:Display: Generando texturas: UE4Man_Logo_N (BC5)
[2016.12.15-15.50.29:768][232]LogTexture:Display: Generando texturas: T_ML_Aluminum01 (AutoDXT)
[2016.12.15-15.50.29:882][232]LogTexture:Display: Generando texturas: T_ML_Aluminum01_N (BC5)
[2016.12.15-15.50.29:918][232]LogTexture:Display: Generando texturas: UE4_Mannequin_MAT_MASKA (AutoDXT)
[2016.12.15-15.50.30:174][232]LogTexture:Display: Generando texturas: UE4_Mannequin__normals (BC5)
[2016.12.15-15.50.30:797][232]LogTexture:Display: Generando texturas: T_Wood_Pine_N (BC5)
[2016.12.15-15.50.31:458][232]LogTexture:Display: Generando texturas: T_Wood_Pine_D (AutoDXT)
[2016.12.15-15.50.33:881][232]LogTexture:Display: Generando texturas: T_Metal_Steel_N (BC5)
[2016.12.15-15.50.34:412][232]LogTexture:Display: Generando texturas: T_Metal_Steel_D (AutoDXT)
[2016.12.15-15.50.35:810][232]LogStaticMesh: Generando la malla estática Column...
[2016.12.15-15.50.35:823][232]LogStaticMesh: Built static mesh [0.01s] /Game/Models/Gate/Column.Column
[2016.12.15-15.50.35:823][232]LogStaticMesh: Generando la malla estática GateL...
[2016.12.15-15.50.36:066][232]LogStaticMesh: Built static mesh [0.24s] /Game/Models/Gate/GateL.GateL
[2016.12.15-15.50.36:069][232]LogStaticMesh: Generando la malla estática GateR...
[2016.12.15-15.50.36:308][232]LogStaticMesh: Built static mesh [0.24s] /Game/Models/Gate/GateR.GateR
[2016.12.15-15.50.36:310][232]LogStaticMesh: Generando la malla estática Switch...
[2016.12.15-15.50.36:323][232]LogStaticMesh: Built static mesh [0.01s] /Game/Models/Gate/Switch/Switch.Switch
[2016.12.15-15.50.36:323][232]LogStaticMesh: Generando la malla estática SwitchCase...
[2016.12.15-15.50.36:381][232]LogStaticMesh: Built static mesh [0.06s] /Game/Models/Gate/Switch/SwitchCase.SwitchCase
[2016.12.15-15.50.36:544][232]LogTexture:Display: Generando texturas: T_Wood_Floor_Walnut_D (AutoDXT)
[2016.12.15-15.50.38:853][232]LogTexture:Display: Generando texturas: T_Wood_Floor_Walnut_N (BC5)
[2016.12.15-15.50.39:433][232]LogTexture:Display: Generando texturas: T_Wood_Floor_Walnut_M (AutoDXT)
[2016.12.15-15.50.41:593][232]LogMaterial: Missing cached shader map for material None__wood_2_jpg, compiling. 
[2016.12.15-15.50.41:669][232]LogMaterial: Missing cached shader map for material Material__light-wood-texture-_2_jpg, compiling. 
[2016.12.15-15.50.41:690][232]LogStaticMesh: Generando la malla estática cerca2...
[2016.12.15-15.50.41:701][232]LogStaticMesh: Built static mesh [0.01s] /Game/Models/Fence/cerca2.cerca2
[2016.12.15-15.50.41:706][232]LogMaterial: Missing cached shader map for material M_Basic_Wall2, compiling. 
[2016.12.15-15.50.41:777][232]LogStaticMesh: Generando la malla estática Source...
[2016.12.15-15.50.41:817][232]LogStaticMesh: Built static mesh [0.04s] /Game/Models/Mirror/Source.Source
[2016.12.15-15.50.41:819][232]LogStaticMesh: Generando la malla estática Receptor...
[2016.12.15-15.50.41:858][232]LogStaticMesh: Built static mesh [0.04s] /Game/Models/Mirror/Receptor.Receptor
[2016.12.15-15.50.41:900][232]LogStaticMesh: Generando la malla estática Mirror...
[2016.12.15-15.50.41:931][232]LogStaticMesh: Built static mesh [0.03s] /Game/Models/Mirror/Mirror.Mirror
[2016.12.15-15.50.41:980][232]LogMaterial: Missing cached shader map for material LightRayMaterial, compiling. 
[2016.12.15-15.50.42:185][232]LogTexture:Display: Generando texturas: T_Metal_Gold_D (AutoDXT)
[2016.12.15-15.50.44:986][232]LogTexture:Display: Generando texturas: T_Water_N (BC5)
[2016.12.15-15.50.45:550][232]LogTexture:Display: Generando texturas: T_Water_M (AutoDXT)
[2016.12.15-15.50.46:504][232]LogMaterial: Missing cached shader map for material Mud, compiling. 
[2016.12.15-15.50.46:611][232]LogTexture:Display: Generando texturas: AnalogHat (AutoDXT)
[2016.12.15-15.50.46:618][232]LogMaterial: Missing cached shader map for material M_Cursor_Decal, compiling. 
[