Log file open, 11/09/16 18:36:15
LogInit:Display: Running engine for game: BasicMechanics
LogPlatformFile: Not using cached read wrapper
LogInit:Display: RandInit(-331193937) SRandInit(-331193937).
LogTaskGraph: Started task graph with 5 named threads and 6 total threads with 1 sets of task threads.
LogStats: Stats thread started at 0.070747
LogPluginManager: Loaded Plugin Paper2D, From C:/Program Files (x86)/Epic Games/4.13/Engine/Plugins/2D/Paper2D/Paper2D.uplugin
LogPluginManager: Loaded Plugin LightPropagationVolume, From C:/Program Files (x86)/Epic Games/4.13/Engine/Plugins/Blendables/LightPropagationVolume/LightPropagationVolume.uplugin
LogPluginManager: Loaded Plugin BlankPlugin, From C:/Program Files (x86)/Epic Games/4.13/Engine/Plugins/Developer/BlankPlugin/BlankPlugin.uplugin
LogPluginManager: Loaded Plugin CodeLiteSourceCodeAccess, From C:/Program Files (x86)/Epic Games/4.13/Engine/Plugins/Developer/CodeLiteSourceCodeAccess/CodeLiteSourceCodeAccess.uplugin
LogPluginManager: Loaded Plugin GitSourceControl, From C:/Program Files (x86)/Epic Games/4.13/Engine/Plugins/Developer/GitSourceControl/GitSourceControl.uplugin
LogPluginManager: Loaded Plugin KDevelopSourceCodeAccess, From C:/Program Files (x86)/Epic Games/4.13/Engine/Plugins/Developer/KDevelopSourceCodeAccess/KDevelopSourceCodeAccess.uplugin
LogPluginManager: Loaded Plugin NullSourceCodeAccess, From C:/Program Files (x86)/Epic Games/4.13/Engine/Plugins/Developer/NullSourceCodeAccess/NullSourceCodeAccess.uplugin
LogPluginManager: Loaded Plugin OneSkyLocalizationService, From C:/Program Files (x86)/Epic Games/4.13/Engine/Plugins/Developer/OneSkyLocalizationService/OneSkyLocalizationService.uplugin
LogPluginManager: Loaded Plugin PerforceSourceControl, From C:/Program Files (x86)/Epic Games/4.13/Engine/Plugins/Developer/PerforceSourceControl/PerforceSourceControl.uplugin
LogPluginManager: Loaded Plugin SubversionSourceControl, From C:/Program Files (x86)/Epic Games/4.13/Engine/Plugins/Developer/SubversionSourceControl/SubversionSourceControl.uplugin
LogPluginManager: Loaded Plugin UObjectPlugin, From C:/Program Files (x86)/Epic Games/4.13/Engine/Plugins/Developer/UObjectPlugin/UObjectPlugin.uplugin
LogPluginManager: Loaded Plugin VisualStudioSourceCodeAccess, From C:/Program Files (x86)/Epic Games/4.13/Engine/Plugins/Developer/VisualStudioSourceCodeAccess/VisualStudioSourceCodeAccess.uplugin
LogPluginManager: Loaded Plugin XCodeSourceCodeAccess, From C:/Program Files (x86)/Epic Games/4.13/Engine/Plugins/Developer/XCodeSourceCodeAccess/XCodeSourceCodeAccess.uplugin
LogPluginManager: Loaded Plugin EpicSurvey, From C:/Program Files (x86)/Epic Games/4.13/Engine/Plugins/Editor/EpicSurvey/EpicSurvey.uplugin
LogPluginManager: Loaded Plugin MacGraphicsSwitching, From C:/Program Files (x86)/Epic Games/4.13/Engine/Plugins/Editor/MacGraphicsSwitching/MacGraphicsSwitching.uplugin
LogPluginManager: Loaded Plugin MobileLauncherProfileWizard, From C:/Program Files (x86)/Epic Games/4.13/Engine/Plugins/Editor/MobileLauncherProfileWizard/MobileLauncherProfileWizard.uplugin
LogPluginManager: Loaded Plugin PluginBrowser, From C:/Program Files (x86)/Epic Games/4.13/Engine/Plugins/Editor/PluginBrowser/PluginBrowser.uplugin
LogPluginManager: Loaded Plugin SpeedTreeImporter, From C:/Program Files (x86)/Epic Games/4.13/Engine/Plugins/Editor/SpeedTreeImporter/SpeedTreeImporter.uplugin
LogPluginManager: Loaded Plugin SuperSearchEditor, From C:/Program Files (x86)/Epic Games/4.13/Engine/Plugins/Editor/SuperSearchEditor/SuperSearchEditor.uplugin
LogPluginManager: Loaded Plugin AlembicImporter, From C:/Program Files (x86)/Epic Games/4.13/Engine/Plugins/Experimental/AlembicImporter/AlembicImporter.uplugin
LogPluginManager: Loaded Plugin BlueprintStats, From C:/Program Files (x86)/Epic Games/4.13/Engine/Plugins/Experimental/BlueprintStats/BlueprintStats.uplugin
LogPluginManager: Loaded Plugin CharacterAI, From C:/Program Files (x86)/Epic Games/4.13/Engine/Plugins/Experimental/CharacterAI/CharacterAI.uplugin
LogPluginManager: Loaded Plugin CodeEditor, From C:/Program Files (x86)/Epic Games/4.13/Engine/Plugins/Experimental/CodeEditor/CodeEditor.uplugin
LogPluginManager: Loaded Plugin CodeView, From C:/Program Files (x86)/Epic Games/4.13/Engine/Plugins/Experimental/CodeView/CodeView.uplugin
LogPluginManager: Loaded Plugin HTML5Networking, From C:/Program Files (x86)/Epic Games/4.13/Engine/Plugins/Experimental/HTML5Networking/HTML5Networking.uplugin
LogPluginManager: Loaded Plugin LiveEditor, From C:/Program Files (x86)/Epic Games/4.13/Engine/Plugins/Experimental/LiveEditor/LiveEditor.uplugin
LogPluginManager: Loaded Plugin OSVR, From C:/Program Files (x86)/Epic Games/4.13/Engine/Plugins/Experimental/OSVR/OSVR.uplugin
LogPluginManager: Loaded Plugin Phya, From C:/Program Files (x86)/Epic Games/4.13/Engine/Plugins/Experimental/Phya/Phya.uplugin
LogPluginManager: Loaded Plugin SignificanceManager, From C:/Program Files (x86)/Epic Games/4.13/Engine/Plugins/Experimental/SignificanceManager/SignificanceManager.uplugin
LogPluginManager: Loaded Plugin SimpleHMD, From C:/Program Files (x86)/Epic Games/4.13/Engine/Plugins/Experimental/SimpleHMD/SimpleHMD.uplugin
LogPluginManager: Loaded Plugin StereoPanorama, From C:/Program Files (x86)/Epic Games/4.13/Engine/Plugins/Experimental/StereoPanorama/StereoPanorama.uplugin
LogPluginManager: Loaded Plugin StructBox, From C:/Program Files (x86)/Epic Games/4.13/Engine/Plugins/Experimental/StructBox/StructBox.uplugin
LogPluginManager: Loaded Plugin AndroidMedia, From C:/Program Files (x86)/Epic Games/4.13/Engine/Plugins/Media/AndroidMedia/AndroidMedia.uplugin
LogPluginManager: Loaded Plugin AvfMedia, From C:/Program Files (x86)/Epic Games/4.13/Engine/Plugins/Media/AvfMedia/AvfMedia.uplugin
LogPluginManager: Loaded Plugin MediaPlayerEditor, From C:/Program Files (x86)/Epic Games/4.13/Engine/Plugins/Media/MediaPlayerEditor/MediaPlayerEditor.uplugin
LogPluginManager: Loaded Plugin WmfMedia, From C:/Program Files (x86)/Epic Games/4.13/Engine/Plugins/Media/WmfMedia/WmfMedia.uplugin
LogPluginManager: Loaded Plugin MessagingDebugger, From C:/Program Files (x86)/Epic Games/4.13/Engine/Plugins/Messaging/MessagingDebugger/MessagingDebugger.uplugin
LogPluginManager: Loaded Plugin TcpMessaging, From C:/Program Files (x86)/Epic Games/4.13/Engine/Plugins/Messaging/TcpMessaging/TcpMessaging.uplugin
LogPluginManager: Loaded Plugin UdpMessaging, From C:/Program Files (x86)/Epic Games/4.13/Engine/Plugins/Messaging/UdpMessaging/UdpMessaging.uplugin
LogPluginManager: Loaded Plugin LevelSequenceEditor, From C:/Program Files (x86)/Epic Games/4.13/Engine/Plugins/MovieScene/LevelSequenceEditor/LevelSequenceEditor.uplugin
LogPluginManager: Loaded Plugin MatineeToLevelSequence, From C:/Program Files (x86)/Epic Games/4.13/Engine/Plugins/MovieScene/MatineeToLevelSequence/MatineeToLevelSequence.uplugin
LogPluginManager: Loaded Plugin NetcodeUnitTest, From C:/Program Files (x86)/Epic Games/4.13/Engine/Plugins/NetcodeUnitTest/NetcodeUnitTest/NetcodeUnitTest.uplugin
LogPluginManager: Loaded Plugin NUTUnrealEngine4, From C:/Program Files (x86)/Epic Games/4.13/Engine/Plugins/NetcodeUnitTest/NUTUnrealEngine4/NUTUnrealEngine4.uplugin
LogPluginManager: Loaded Plugin OnlineSubsystemGooglePlay, From C:/Program Files (x86)/Epic Games/4.13/Engine/Plugins/Online/Android/OnlineSubsystemGooglePlay/OnlineSubsystemGooglePlay.uplugin
LogPluginManager: Loaded Plugin OnlineSubsystemIOS, From C:/Program Files (x86)/Epic Games/4.13/Engine/Plugins/Online/IOS/OnlineSubsystemIOS/OnlineSubsystemIOS.uplugin
LogPluginManager: Loaded Plugin OnlineFramework, From C:/Program Files (x86)/Epic Games/4.13/Engine/Plugins/Online/OnlineFramework/OnlineFramework.uplugin
LogPluginManager: Loaded Plugin OnlineSubsystem, From C:/Program Files (x86)/Epic Games/4.13/Engine/Plugins/Online/OnlineSubsystem/OnlineSubsystem.uplugin
LogPluginManager: Loaded Plugin OnlineSubsystemAmazon, From C:/Program Files (x86)/Epic Games/4.13/Engine/Plugins/Online/OnlineSubsystemAmazon/OnlineSubsystemAmazon.uplugin
LogPluginManager: Loaded Plugin OnlineSubsystemFacebook, From C:/Program Files (x86)/Epic Games/4.13/Engine/Plugins/Online/OnlineSubsystemFacebook/OnlineSubsystemFacebook.uplugin
LogPluginManager: Loaded Plugin OnlineSubsystemNull, From C:/Program Files (x86)/Epic Games/4.13/Engine/Plugins/Online/OnlineSubsystemNull/OnlineSubsystemNull.uplugin
LogPluginManager: Loaded Plugin OnlineSubsystemOculus, From C:/Program Files (x86)/Epic Games/4.13/Engine/Plugins/Online/OnlineSubsystemOculus/OnlineSubsystemOculus.uplugin
LogPluginManager: Loaded Plugin OnlineSubsystemSteam, From C:/Program Files (x86)/Epic Games/4.13/Engine/Plugins/Online/OnlineSubsystemSteam/OnlineSubsystemSteam.uplugin
LogPluginManager: Loaded Plugin OnlineSubsystemUtils, From C:/Program Files (x86)/Epic Games/4.13/Engine/Plugins/Online/OnlineSubsystemUtils/OnlineSubsystemUtils.uplugin
LogPluginManager: Loaded Plugin IOSTapJoy, From C:/Program Files (x86)/Epic Games/4.13/Engine/Plugins/Runtime/Advertising/IOSTapJoy/IOSTapJoy.uplugin
LogPluginManager: Loaded Plugin AnalyticsBlueprintLibrary, From C:/Program Files (x86)/Epic Games/4.13/Engine/Plugins/Runtime/Analytics/AnalyticsBlueprintLibrary/AnalyticsBlueprintLibrary.uplugin
LogPluginManager: Loaded Plugin AnalyticsMulticast, From C:/Program Files (x86)/Epic Games/4.13/Engine/Plugins/Runtime/Analytics/AnalyticsMulticast/AnalyticsMulticast.uplugin
LogPluginManager: Loaded Plugin Apsalar, From C:/Program Files (x86)/Epic Games/4.13/Engine/Plugins/Runtime/Analytics/Apsalar/Apsalar.uplugin
LogPluginManager: Loaded Plugin FileLogging, From C:/Program Files (x86)/Epic Games/4.13/Engine/Plugins/Runtime/Analytics/FileLogging/FileLogging.uplugin
LogPluginManager: Loaded Plugin Flurry, From C:/Program Files (x86)/Epic Games/4.13/Engine/Plugins/Runtime/Analytics/Flurry/Flurry.uplugin
LogPluginManager: Loaded Plugin AndroidDeviceProfileSelector, From C:/Program Files (x86)/Epic Games/4.13/Engine/Plugins/Runtime/AndroidDeviceProfileSelector/AndroidDeviceProfileSelector.uplugin
LogPluginManager: Loaded Plugin AndroidMoviePlayer, From C:/Program Files (x86)/Epic Games/4.13/Engine/Plugins/Runtime/AndroidMoviePlayer/AndroidMoviePlayer.uplugin
LogPluginManager: Loaded Plugin AppleMoviePlayer, From C:/Program Files (x86)/Epic Games/4.13/Engine/Plugins/Runtime/AppleMoviePlayer/AppleMoviePlayer.uplugin
LogPluginManager: Loaded Plugin ArchVisCharacter, From C:/Program Files (x86)/Epic Games/4.13/Engine/Plugins/Runtime/ArchVisCharacter/ArchVisCharacter.uplugin
LogPluginManager: Loaded Plugin CableComponent, From C:/Program Files (x86)/Epic Games/4.13/Engine/Plugins/Runtime/CableComponent/CableComponent.uplugin
LogPluginManager: Loaded Plugin CustomMeshComponent, From C:/Program Files (x86)/Epic Games/4.13/Engine/Plugins/Runtime/CustomMeshComponent/CustomMeshComponent.uplugin
LogPluginManager: Loaded Plugin ExampleDeviceProfileSelector, From C:/Program Files (x86)/Epic Games/4.13/Engine/Plugins/Runtime/ExampleDeviceProfileSelector/ExampleDeviceProfileSelector.uplugin
LogPluginManager: Loaded Plugin GearVR, From C:/Program Files (x86)/Epic Games/4.13/Engine/Plugins/Runtime/GearVR/GearVR.uplugin
LogPluginManager: Loaded Plugin GoogleVRController, From C:/Program Files (x86)/Epic Games/4.13/Engine/Plugins/Runtime/GoogleVR/GoogleVRController/GoogleVRController.uplugin
LogPluginManager: Loaded Plugin GoogleVRHMD, From C:/Program Files (x86)/Epic Games/4.13/Engine/Plugins/Runtime/GoogleVR/GoogleVRHMD/GoogleVRHMD.uplugin
LogPluginManager: Loaded Plugin IOSDeviceProfileSelector, From C:/Program Files (x86)/Epic Games/4.13/Engine/Plugins/Runtime/IOSDeviceProfileSelector/IOSDeviceProfileSelector.uplugin
LogPluginManager: Loaded Plugin LeapMotion, From C:/Program Files (x86)/Epic Games/4.13/Engine/Plugins/Runtime/LeapMotion/LeapMotion.uplugin
LogPluginManager: Loaded Plugin LinuxDeviceProfileSelector, From C:/Program Files (x86)/Epic Games/4.13/Engine/Plugins/Runtime/LinuxDeviceProfileSelector/LinuxDeviceProfileSelector.uplugin
LogPluginManager: Loaded Plugin LiveEditorListenServer, From C:/Program Files (x86)/Epic Games/4.13/Engine/Plugins/Runtime/LiveEditorListenServer/LiveEditorListenServer.uplugin
LogPluginManager: Loaded Plugin OculusAudio, From C:/Program Files (x86)/Epic Games/4.13/Engine/Plugins/Runtime/OculusAudio/OculusAudio.uplugin
LogPluginManager: Loaded Plugin OculusInput, From C:/Program Files (x86)/Epic Games/4.13/Engine/Plugins/Runtime/OculusInput/OculusInput.uplugin
LogPluginManager: Loaded Plugin OculusLibrary, From C:/Program Files (x86)/Epic Games/4.13/Engine/Plugins/Runtime/OculusLibrary/OculusLibrary.uplugin
LogPluginManager: Loaded Plugin OculusRift, From C:/Program Files (x86)/Epic Games/4.13/Engine/Plugins/Runtime/OculusRift/OculusRift.uplugin
LogPluginManager: Loaded Plugin Oodle, From C:/Program Files (x86)/Epic Games/4.13/Engine/Plugins/Runtime/PacketHandlers/CompressionComponents/Oodle/Oodle.uplugin
LogPluginManager: Loaded Plugin ProceduralMeshComponent, From C:/Program Files (x86)/Epic Games/4.13/Engine/Plugins/Runtime/ProceduralMeshComponent/ProceduralMeshComponent.uplugin
LogPluginManager: Loaded Plugin SoundMod, From C:/Program Files (x86)/Epic Games/4.13/Engine/Plugins/Runtime/SoundMod/SoundMod.uplugin
LogPluginManager: Loaded Plugin SoundVisualizations, From C:/Program Files (x86)/Epic Games/4.13/Engine/Plugins/Runtime/SoundVisualizations/SoundVisualizations.uplugin
LogPluginManager: Loaded Plugin SteamController, From C:/Program Files (x86)/Epic Games/4.13/Engine/Plugins/Runtime/Steam/SteamController/SteamController.uplugin
LogPluginManager: Loaded Plugin SteamVR, From C:/Program Files (x86)/Epic Games/4.13/Engine/Plugins/Runtime/Steam/SteamVR/SteamVR.uplugin
LogPluginManager: Loaded Plugin WebBrowserWidget, From C:/Program Files (x86)/Epic Games/4.13/Engine/Plugins/Runtime/WebBrowserWidget/WebBrowserWidget.uplugin
LogPluginManager: Loaded Plugin WindowsDeviceProfileSelector, From C:/Program Files (x86)/Epic Games/4.13/Engine/Plugins/Runtime/WindowsDeviceProfileSelector/WindowsDeviceProfileSelector.uplugin
LogPluginManager: Loaded Plugin WindowsMoviePlayer, From C:/Program Files (x86)/Epic Games/4.13/Engine/Plugins/Runtime/WindowsMoviePlayer/WindowsMoviePlayer.uplugin
LogPluginManager: Loaded Plugin ScriptPlugin, From C:/Program Files (x86)/Epic Games/4.13/Engine/Plugins/ScriptPlugin/ScriptPlugin.uplugin
LogPluginManager: Loaded Plugin SlateRemote, From C:/Program Files (x86)/Epic Games/4.13/Engine/Plugins/Slate/SlateRemote/SlateRemote.uplugin
LogInit: Using libcurl 7.47.1
LogInit:  - built for x86_64-pc-win32
LogInit:  - supports SSL with WinSSL
LogInit:  - other features:
LogInit:      CURL_VERSION_SSL
LogInit:      CURL_VERSION_IPV6
LogInit:      CURL_VERSION_ASYNCHDNS
LogInit:      CURL_VERSION_LARGEFILE
LogInit:      CURL_VERSION_IDN
LogInit:  CurlRequestOptions (configurable via config and command line):
LogInit:  - bVerifyPeer = false  - Libcurl will NOT verify peer certificate
LogInit:  - bUseHttpProxy = false  - Libcurl will NOT use HTTP proxy
LogInit:  - bDontReuseConnections = false  - Libcurl will reuse connections
LogInit:  - CertBundlePath = nullptr  - Libcurl will use whatever was configured at build time.
LogInit: Build: ++UE4+Release-4.13-CL-3106830
LogInit: Engine Version: 4.13.0-3106830+++UE4+Release-4.13
LogInit: Compatible Engine Version: 4.13.0-3106830+++UE4+Release-4.13
LogInit: Net CL: 3106830
LogDevObjectVersion: Number of dev versions registered: 13
LogDevObjectVersion:   Dev-Blueprints (B0D832E4-1F89-4F0D-ACCF-7EB736FD4AA2): 5
LogDevObjectVersion:   Dev-Build (E1C64328-A22C-4D53-A36C-8E866417BD8C): 0
LogDevObjectVersion:   Dev-Core (375EC13C-06E4-48FB-B500-84F0262A717E): 1
LogDevObjectVersion:   Dev-Editor (E4B068ED-F494-42E9-A231-DA0B2E46BB41): 6
LogDevObjectVersion:   Dev-Framework (CFFC743F-43B0-4480-9391-14DF171D2073): 12
LogDevObjectVersion:   Dev-Mobile (B02B49B5-BB20-44E9-A304-32B752E40360): 0
LogDevObjectVersion:   Dev-Networking (A4E4105C-59A1-49B5-A7C5-40C4547EDFEE): 0
LogDevObjectVersion:   Dev-Online (39C831C9-5AE6-47DC-9A44-9C173E1C8E7C): 0
LogDevObjectVersion:   Dev-Physics (78F01B33-EBEA-4F98-B9B4-84EACCB95AA2): 0
LogDevObjectVersion:   Dev-Platform (6631380F-2D4D-43E0-8009-CF276956A95A): 0
LogDevObjectVersion:   Dev-Rendering (12F88B9F-8875-4AFC-A67C-D90C383ABD29): 4
LogDevObjectVersion:   Dev-Sequencer (7B5AE74C-D270-4C10-A958-57980B212A5A): 0
LogDevObjectVersion:   Dev-VR (D7296918-1DD6-4BDD-9DE2-64A83CC13884): 0
LogInit: Compiled (64-bit): Aug 30 2016 18:11:39
LogInit: Compiled with Visual C++: 19.00.23026.00
LogInit: Build Configuration: Development
LogInit: Branch Name: ++UE4+Release-4.13
LogInit: Command line:  
LogInit: Base directory: C:/Program Files (x86)/Epic Games/4.13/Engine/Binaries/Win64/
LogInit: Installed Engine Build: 1
LogInit: Presizing for max 8388607 objects, including 0 objects not considered by GC, pre-allocating 0 bytes for permanent pool.
LogInit: Object subsystem initialized
[2016.11.09-17.36.15:390][  0]LogInit: Selected Device Profile: [Windows]
[2016.11.09-17.36.15:390][  0]LogInit: Applying CVar settings loaded from the selected device profile: [Windows]
[2016.11.09-17.36.15:403][  0]LogInit: Computer: MEDION-PC
[2016.11.09-17.36.15:403][  0]LogInit: User: usuario
[2016.11.09-17.36.15:403][  0]LogInit: CPU Page size=65536, Cores=2
[2016.11.09-17.36.15:403][  0]LogInit: High frequency timer resolution =3.411591 MHz
[2016.11.09-17.36.15:403][  0]LogMemory: Memory total: Physical=15.9GB (16GB approx)
[2016.11.09-17.36.15:403][  0]LogMemory: Platform Memory Stats for Windows
[2016.11.09-17.36.15:403][  0]LogMemory: Process Physical Memory: 256.28 MB used, 256.28 MB peak
[2016.11.09-17.36.15:403][  0]LogMemory: Process Virtual Memory: 259.82 MB used, 259.82 MB peak
[2016.11.09-17.36.15:403][  0]LogMemory: Physical Memory: 4995.66 MB used, 16301.30 MB total
[2016.11.09-17.36.15:403][  0]LogMemory: Virtual Memory: 607.30 MB used, 134217728.00 MB total
[2016.11.09-17.36.15:436][  0]LogInit: Overriding culture en w/ editor configuration.
[2016.11.09-17.36.16:234][  0]LogD3D11RHI: D3D11 adapters:
[2016.11.09-17.36.16:276][  0]LogD3D11RHI:    0. 'NVIDIA GeForce GTX 745' (Feature Level 11_0)
[2016.11.09-17.36.16:276][  0]LogD3D11RHI:       4034/0/8150 MB DedicatedVideo/DedicatedSystem/SharedSystem, Outputs:2, VendorId:0x10de
[2016.11.09-17.36.16:278][  0]LogD3D11RHI:    1. 'Microsoft Basic Render Driver' (Feature Level 11_0)
[2016.11.09-17.36.16:278][  0]LogD3D11RHI:       0/0/8150 MB DedicatedVideo/DedicatedSystem/SharedSystem, Outputs:0, VendorId:0x1414
[2016.11.09-17.36.16:278][  0]LogD3D11RHI: Chosen D3D11 Adapter: 0
[2016.11.09-17.36.16:287][  0]LogD3D11RHI: Creating new Direct3DDevice
[2016.11.09-17.36.16:288][  0]LogD3D11RHI:     GPU DeviceId: 0x1382 (for the marketing name, search the web for "GPU Device Id")
[2016.11.09-17.36.16:288][  0]LogWindows: EnumDisplayDevices:
[2016.11.09-17.36.16:288][  0]LogWindows:    0. 'NVIDIA GeForce GTX 745' (P:0 D:1)
[2016.11.09-17.36.16:288][  0]LogWindows:    1. 'NVIDIA GeForce GTX 745' (P:1 D:1)
[2016.11.09-17.36.16:288][  0]LogWindows: DebugString: FoundDriverCount:2 
[2016.11.09-17.36.16:288][  0]LogD3D11RHI:     Adapter Name: NVIDIA GeForce GTX 745
[2016.11.09-17.36.16:288][  0]LogD3D11RHI:   Driver Version: 368.39 (internal:10.18.13.6839, unified:368.39)
[2016.11.09-17.36.16:288][  0]LogD3D11RHI:      Driver Date: 6-2-2016
[2016.11.09-17.36.16:288][  0]LogRHI: Texture pool is 1361 MB (70% of 1945 MB)
[2016.11.09-17.36.16:308][  0]LogD3D11RHI: Async texture creation enabled
[2016.11.09-17.36.16:320][  0]LogD3D11RHI: GPU Timing Frequency: 1000.000000 (Debug: 2 1)
[2016.11.09-17.36.16:321][  0]LogShaderCompilers: Guid format shader working directory is -25 characters bigger than the processId version (../../../../../../Users/usuario/Desktop/VANsGame/Mechanics/BasicMechanics/Intermediate/Shaders/WorkingDirectory/3744/).
[2016.11.09-17.36.16:321][  0]LogShaderCompilers: Cleaned the shader compiler working directory 'C:/Users/usuario/AppData/Local/Temp/UnrealShaderWorkingDir/7DA9AB3C4E3E255AE1A6DC983334D640/'.
[2016.11.09-17.36.16:321][  0]LogShaderCompilers:Display: Using Local Shader Compiler.
[2016.11.09-17.36.17:825][  0]LogTemp:Display: Loaded TP AllDesktopTargetPlatform
[2016.11.09-17.36.17:840][  0]LogTemp:Display: Loaded TP WindowsClientTargetPlatform
[2016.11.09-17.36.17:854][  0]LogTemp:Display: Loaded TP WindowsNoEditorTargetPlatform
[2016.11.09-17.36.17:866][  0]LogTemp:Display: Loaded TP WindowsServerTargetPlatform
[2016.11.09-17.36.17:877][  0]LogTemp:Display: Loaded TP WindowsTargetPlatform
[2016.11.09-17.36.17:887][  0]LogTemp:Display: Loaded TP AndroidTargetPlatform
[2016.11.09-17.36.17:896][  0]LogTemp:Display: Loaded TP Android_ASTCTargetPlatform
[2016.11.09-17.36.17:906][  0]LogTemp:Display: Loaded TP Android_ATCTargetPlatform
[2016.11.09-17.36.17:916][  0]LogTemp:Display: Loaded TP Android_DXTTargetPlatform
[2016.11.09-17.36.17:925][  0]LogTemp:Display: Loaded TP Android_ETC1TargetPlatform
[2016.11.09-17.36.17:935][  0]LogTemp:Display: Loaded TP Android_ETC2TargetPlatform
[2016.11.09-17.36.17:954][  0]LogTemp:Display: Loaded TP Android_MultiTargetPlatform
[2016.11.09-17.36.17:954][  0]LogTemp:Display: Loaded TP Android_PVRTCTargetPlatform
[2016.11.09-17.36.17:956][  0]LogTemp:Display: Loaded TP HTML5TargetPlatform
[2016.11.09-17.36.17:982][  0]LogTemp:Display: Loaded TP IOSTargetPlatform
[2016.11.09-17.36.17:992][  0]LogTemp:Display: Loaded TP TVOSTargetPlatform
[2016.11.09-17.36.18:002][  0]LogTemp:Display: Loaded TP LinuxClientTargetPlatform
[2016.11.09-17.36.18:011][  0]LogTemp:Display: Loaded TP LinuxNoEditorTargetPlatform
[2016.11.09-17.36.18:020][  0]LogTemp:Display: Loaded TP LinuxServerTargetPlatform
[2016.11.09-17.36.18:030][  0]LogTemp:Display: Loaded TP LinuxTargetPlatform
[2016.11.09-17.36.18:030][  0]LogTargetPlatformManager:Display: Building Assets For Windows
[2016.11.09-17.36.18:139][  0]LogDerivedDataCache:Display: Max Cache Size: 512 MB
[2016.11.09-17.36.18:278][  0]LogDerivedDataCache: Loaded boot cache 0.14s 62MB C:/Users/usuario/AppData/Local/UnrealEngine/4.13/DerivedDataCache/Boot.ddc.
[2016.11.09-17.36.18:278][  0]LogDerivedDataCache:Display: Loaded Boot cache: C:/Users/usuario/AppData/Local/UnrealEngine/4.13/DerivedDataCache/Boot.ddc
[2016.11.09-17.36.18:278][  0]LogDerivedDataCache: FDerivedDataBackendGraph:  Pak pak cache file ../../../../../../Users/usuario/Desktop/VANsGame/Mechanics/BasicMechanics/DerivedDataCache/DDC.ddp not found, will not use a pak cache.
[2016.11.09-17.36.18:278][  0]LogDerivedDataCache: Unable to find inner node Pak for hierarchical cache Hierarchy.
[2016.11.09-17.36.18:278][  0]LogDerivedDataCache: FDerivedDataBackendGraph:  CompressedPak pak cache file ../../../../../../Users/usuario/Desktop/VANsGame/Mechanics/BasicMechanics/DerivedDataCache/Compressed.ddp not found, will not use a pak cache.
[2016.11.09-17.36.18:278][  0]LogDerivedDataCache: Unable to find inner node CompressedPak for hierarchical cache Hierarchy.
[2016.11.09-17.36.18:300][  0]LogDerivedDataCache:Display: Pak cache opened for reading ../../../Engine/DerivedDataCache/Compressed.ddp.
[2016.11.09-17.36.18:313][  0]LogDerivedDataCache: Using Local data cache path C:/Users/usuario/AppData/Local/UnrealEngine/Common/DerivedDataCache: Writable
[2016.11.09-17.36.18:630][  0]LogInit: Selected Device Profile: [Windows]
[2016.11.09-17.36.18:634][  0]LogContentStreaming: Texture pool size is 0.00 MB
[2016.11.09-17.36.18:761][  0]LogMeshUtilities: No automatic mesh reduction module available
[2016.11.09-17.36.18:761][  0]LogMeshUtilities: No automatic mesh merging module available
[2016.11.09-17.36.18:761][  0]LogMeshUtilities: No distributed automatic mesh merging module available
[2016.11.09-17.36.18:873][  0]LogMaterial: Uniform references updated for custom material expression Custom.
[2016.11.09-17.36.19:424][  0]LogNetVersion: GetLocalNetworkVersion: CL: 3106830, ProjectName: basicmechanics, ProjectVersion: , EngineNetworkVersion: 1, GameNetworkVersion: 0, NetworkChecksum: 2647762835
[2016.11.09-17.36.19:472][  0]LogAssetRegistry: FAssetRegistry took 0.0224 seconds to start up
[2016.11.09-17.36.19:503][  0]LogPackageLocalizationCache: Processed 3 localized package path(s) for 1 prioritized culture(s) in 0.026435 seconds
[2016.11.09-17.36.19:514][  0]LogUObjectArray: 29782 objects as part of root set at end of initial load.
[2016.11.09-17.36.19:514][  0]LogUObjectAllocator: 6126384 out of 0 bytes used by permanent object pool.
[2016.11.09-17.36.19:514][  0]LogUObjectArray: CloseDisregardForGC: 0/0 objects in disregard for GC pool
[2016.11.09-17.36.19:526][  0]LogInit: WinSock: version 1.1 (2.2), MaxSocks=32767, MaxUdp=65467
[2016.11.09-17.36.19:852][  0]LogSlate: SlateFontCache - WITH_FREETYPE: 1, WITH_HARFBUZZ: 1
[2016.11.09-17.36.19:852][  0]LogSlate: SlateFontCache - WITH_FREETYPE: 1, WITH_HARFBUZZ: 1
[2016.11.09-17.36.20:910][  0]LogUdpMessaging: Initializing bridge on interface 0.0.0.0:0 to multicast group 230.0.0.1:6666.
[2016.11.09-17.36.21:233][  0]SourceControl: Info Source control is disabled
[2016.11.09-17.36.21:235][  0]SourceControl: Info Source control is disabled
[2016.11.09-17.36.21:249][  0]SourceControl: Info Source control is disabled
[2016.11.09-17.36.21:262][  0]SourceControl: Info Source control is disabled
[2016.11.09-17.36.21:788][  0]LogEngine: Initializing Engine...
[2016.11.09-17.36.21:789][  0]LogHMD: Failed to initialize OpenVR with code 110
[2016.11.09-17.36.22:025][  0]LogAIModule: Creating AISystem for world Untitled
[2016.11.09-17.36.22:040][  0]LogInit: XAudio2 using 'Speakers (Realtek High Definition Audio)' : 2 channels at 48 kHz using 32 bits per sample (channel mask 0x3)
[2016.11.09-17.36.22:062][  0]LogInit: FAudioDevice initialized.
[2016.11.09-17.36.22:128][  0]LogDerivedDataCache: Saved boot cache 0.07s 62MB C:/Users/usuario/AppData/Local/UnrealEngine/4.13/DerivedDataCache/Boot.ddc.
[2016.11.09-17.36.22:150][  0]LogInit: Texture streaming: Enabled
[2016.11.09-17.36.22:215][  0]LogWindowsTextInputMethodSystem:Display: IME system now deactivated.
[2016.11.09-17.36.22:283][  0]LogInit: Transaction tracking system initialized
[2016.11.09-17.36.22:318][  0]BlueprintLog: New page: Editor Load
[2016.11.09-17.36.22:481][  0]LocalizationService: Info Localization service is disabled
[2016.11.09-17.36.22:598][  0]LogConsoleResponse:Display: 
[2016.11.09-17.36.22:771][  0]LogCook:Display: Max memory allowance for cook 16384mb min free memory 0mb
[2016.11.09-17.36.22:771][  0]LogCook:Display: Mobile HDR setting 1
[2016.11.09-17.36.23:042][  0]LogFileCache: Scanning file cache for directory 'C:/Users/usuario/Desktop/VANsGame/Mechanics/BasicMechanics/Content/' took 0.02s
[2016.11.09-17.36.23:042][  0]SourceControl: Info Source control is disabled
[2016.11.09-17.36.23:042][  0]Cmd: MAP LOAD FILE="../../../../../../Users/usuario/Desktop/VANsGame/Mechanics/BasicMechanics/Content/StarterContent/Maps/Minimal_Default.umap" TEMPLATE=0 SHOWPROGRESS=1 FEATURELEVEL=3
[2016.11.09-17.36.23:043][  0]LightingResults: New page: Lighting Build
[2016.11.09-17.36.23:047][  0]MapCheck: New page: Map Check
[2016.11.09-17.36.23:047][  0]LightingResults: New page: Lighting Build
[2016.11.09-17.36.23:429][  0]LogAIModule: Creating AISystem for world Minimal_Default
[2016.11.09-17.36.23:440][  0]LogEditorServer: Finished looking for orphan Actors (0.000 secs)
[2016.11.09-17.36.23:441][  0]Cmd: MAP CHECKDEP NOCLEARLOG
[2016.11.09-17.36.23:507][  0]MapCheck: Info Map check complete: 0 Error(s), 0 Warning(s), took 65.919ms to complete.
[2016.11.09-17.36.23:507][  0]LogFileHelpers: Loading map 'Minimal_Default' took 0.465
[2016.11.09-17.36.23:661][  0]LogCollectionManager: Loaded 0 collections in 0.002917 seconds
[2016.11.09-17.36.23:709][  0]LogFileCache: Scanning file cache for directory 'C:/Users/usuario/Desktop/VANsGame/Mechanics/BasicMechanics/Saved/Collections/' took 0.01s
[2016.11.09-17.36.23:709][  0]LogFileCache: Scanning file cache for directory 'C:/Users/usuario/Desktop/VANsGame/Mechanics/BasicMechanics/Content/Developers/usuario/Collections/' took 0.01s
[2016.11.09-17.36.23:709][  0]LogFileCache: Scanning file cache for directory 'C:/Users/usuario/Desktop/VANsGame/Mechanics/BasicMechanics/Content/Collections/' took 0.01s
[2016.11.09-17.36.23:709][  0]LogCollectionManager: Rebuilt the GUID cache for 0 collections in 0.000004 seconds
[2016.11.09-17.36.23:722][  0]LogContentBrowser: Native class hierarchy populated in 0.0127 seconds. Added 2148 classes and 417 folders.
[2016.11.09-17.36.23:727][  0]LogStats: UGameplayTagsManager::ConstructGameplayTagTree: Construct from data asset -  0.000 s
[2016.11.09-17.36.23:727][  0]LogStats: UGameplayTagsManager::ConstructGameplayTagTree: GameplayTagTreeChangedEvent.Broadcast -  0.000 s
[2016.11.09-17.36.23:728][  0]LogContentBrowser: Native class hierarchy updated for 'GameplayTags' in 0.0007 seconds. Added 12 classes and 0 folders.
[2016.11.09-17.36.23:734][  0]LogContentBrowser: Native class hierarchy updated for 'WidgetCarousel' in 0.0007 seconds. Added 0 classes and 0 folders.
[2016.11.09-17.36.23:797][  0]LogContentBrowser: Native class hierarchy updated for 'AddContentDialog' in 0.0006 seconds. Added 0 classes and 0 folders.
[2016.11.09-17.36.23:804][  0]LogContentBrowser: Native class hierarchy updated for 'SceneOutliner' in 0.0007 seconds. Added 1 classes and 2 folders.
[2016.11.09-17.36.23:872][  0]LogCrashTracker: Crashtracker disabled due to settings.
[2016.11.09-17.36.23:880][  0]LogUObjectGlobals:Warning: Failed to find object 'Class None.'
[2016.11.09-17.36.23:909][  0]LogContentBrowser: Native class hierarchy updated for 'HierarchicalLODOutliner' in 0.0008 seconds. Added 1 classes and 2 folders.
[2016.11.09-17.36.23:910][  0]LogLoad: (Engine Initialization) Total time: 9.76 seconds
[2016.11.09-17.36.23:910][  0]LogLoad: (Engine Initialization) Total Blueprint compile time: 0.09 seconds
[2016.11.09-17.36.23:910][  0]LogExternalProfiler: Found external profiler: VSPerf
[2016.11.09-17.36.23:910][  0]LogExternalProfiler: Using external profiler: VSPerf
[2016.11.09-17.36.23:919][  0]LogOcInput: OculusInput pre-init called
[2016.11.09-17.36.23:939][  0]LogContentStreaming: Texture pool size now 800 MB
[2016.11.09-17.36.24:123][  0]LogRenderer: Reallocating scene render targets to support 1116x664 (Frame:2).
[2016.11.09-17.36.24:449][  2]LogAssetRegistry: Asset discovery search completed in 4.9993 seconds
[2016.11.09-17.36.24:449][  2]LogCollectionManager: Rebuilt the object cache for 0 collections in 0.000001 seconds (found 0 objects)
[2016.11.09-17.36.24:449][  2]LogCollectionManager: Fixed up redirectors for 0 collections in 0.000031 seconds (updated 0 objects)
[2016.11.09-17.36.34:848][613]LogContentBrowser: Native class hierarchy updated for 'BlueprintGraph' in 0.0013 seconds. Added 112 classes and 0 folders.
[2016.11.09-17.36.42:813][962]LogAIModule: Creating AISystem for world Tests
[2016.11.09-17.36.42:915][962]Cmd: MAP LOAD FILE="../../../../../../Users/usuario/Desktop/VANsGame/Mechanics/BasicMechanics/Content/Levels/Tests.umap" TEMPLATE=0 SHOWPROGRESS=1 FEATURELEVEL=3
[2016.11.09-17.36.42:915][962]LightingResults: New page: Lighting Build
[2016.11.09-17.36.42:916][962]LoadErrors: New page: Loading map: Tests.umap
[2016.11.09-17.36.42:917][962]MapCheck: New page: Map Check
[2016.11.09-17.36.42:917][962]LightingResults: New page: Lighting Build
[2016.11.09-17.36.43:083][962]LogEditorServer: Finished looking for orphan Actors (0.000 secs)
[2016.11.09-17.36.43:139][962]Cmd: MAP CHECKDEP NOCLEARLOG
[2016.11.09-17.36.43:219][962]MapCheck: Info Map check complete: 0 Error(s), 0 Warning(s), took 80.016ms to complete.
[2016.11.09-17.36.43:219][962]LogFileHelpers: Loading map 'Tests' took 0.305
[2016.11.09-17.37.51:539][942]LogEditorViewport: Clicking on Actor (LMB): InteractiveSwitch_C (InteractiveSwitch)
[2016.11.09-17.37.52:610][ 20]LogEditorViewport: Clicking on Actor (CTRL LMB): StaticMeshActor (cerca81)
[2016.11.09-17.38.00:984][709]Cmd: EDIT COPY
[2016.11.09-17.38.01:427][726]Cmd: EDIT PASTE
[2016.11.09-17.38.07:477][212]LogEditorViewport: Clicking on Actor (LMB): StaticMeshActor (Floor)
[2016.11.09-17.38.41:878][661]Cmd: OBJ SAVEPACKAGE PACKAGE="/Game/Levels/Tests" FILE="../../../../../../Users/usuario/Desktop/VANsGame/Mechanics/BasicMechanics/Content/Levels/Tests.umap" SILENT=true AUTOSAVING=false KEEPDIRTY=false
[2016.11.09-17.38.42:446][661]LogSavePackage: Save=486.66ms
[2016.11.09-17.38.42:447][661]LogSavePackage: Moving '../../../../../../Users/usuario/Desktop/VANsGame/Mechanics/BasicMechanics/Saved/TestsBF6D8C2E49F4C9C282EE5690D0494A4F.tmp' to '../../../../../../Users/usuario/Desktop/VANsGame/Mechanics/BasicMechanics/Content/Levels/Tests.umap'
[2016.11.09-17.38.42:455][661]LogSavePackage:Display: Finished SavePackage ../../../../../../Users/usuario/Desktop/VANsGame/Mechanics/BasicMechanics/Content/Levels/Tests.umap
[2016.11.09-17.38.42:525][661]LogFileHelpers: Saving map 'Tests' took 0.734
[2016.11.09-17.39.53:438][253]LogEditorViewport: Clicking on Actor (LMB): StaticMeshActor (cerca87)
[2016.11.09-17.39.57:709][578]LogEditorViewport: Clicking on Actor (LMB): StaticMeshActor (Floor)
[2016.11.09-17.40.52:729][493]LogEditorViewport: Clicking on Actor (LMB): StaticMeshActor (Floor)
[2016.11.09-17.40.53:588][549]LogEditorViewport: Clicking on Actor (LMB): StaticMeshActor (Floor)
[2016.11.09-17.40.54:177][589]LogEditorViewport: Clicking on Actor (LMB): StaticMeshActor (Floor)
[2016.11.09-17.40.54:655][620]LogEditorViewport: Clicking on Actor (LMB): StaticMeshActor (Floor)
[2016.11.09-17.40.54:902][633]LogEditorViewport: Clicking on Actor (double click): Character (Character)
[2016.11.09-17.40.55:119][641]LogEditorViewport: Clicking on Actor (LMB): Character (Character)
[2016.11.09-17.40.56:013][706]Cmd: DELETE
[2016.11.09-17.40.56:013][706]Cmd: ACTOR DELETE
[2016.11.09-17.40.56:033][706]LogEditorActor: Deleted Actor: Character
[2016.11.09-17.40.56:085][706]LogEditorActor: Deleted 1 Actors (0.071 secs)
[2016.11.09-17.41.51:764][607]LogEditorViewport: Clicking on Actor (LMB): StaticMeshActor (Floor)
[2016.11.09-17.41.53:577][732]LogEditorViewport: Clicking on Actor (LMB): StaticMeshActor (Floor)
[2016.11.09-17.41.54:327][781]LogEditorViewport: Clicking on Actor (LMB): StaticMeshActor (Floor)
[2016.11.09-17.41.54:805][811]LogEditorViewport: Clicking on Actor (LMB): SkeletalMeshActor (SK_Mannequin)
[2016.11.09-17.42.03:791][490]LogEditorViewport: Clicking on Actor (LMB): StaticMeshActor (Floor)
[2016.11.09-17.42.04:783][557]LogEditorViewport: Clicking on Actor (LMB): SkeletalMeshActor (SK_Mannequin)
[2016.11.09-17.42.04:927][558]LogEditorViewport: Clicking on Component (LMB): SkeletalMeshComponent (SkeletalMeshComponent0)
[2016.11.09-17.42.07:310][745]LogEditorViewport: Clicking on Actor (LMB): StaticMeshActor (Floor)
[2016.11.09-17.42.08:453][824]LogEditorViewport: Clicking on Actor (LMB): SkeletalMeshActor (SK_Mannequin)
[2016.11.09-17.42.10:981][ 16]Cmd: DELETE
[2016.11.09-17.42.10:981][ 16]Cmd: ACTOR DELETE
[2016.11.09-17.42.10:991][ 16]LogEditorActor: Deleted Actor: SkeletalMeshActor
[2016.11.09-17.42.11:049][ 16]LogEditorActor: Deleted 1 Actors (0.064 secs)
[2016.11.09-17.43.31:107][762]LogActorFactory: Actor Factory created Cube
[2016.11.09-17.43.32:259][852]LogActorFactory: Actor Factory created Cube
[2016.11.09-17.43.43:656][703]LogPhysics:Warning: Scale 'X=0.000 Y=6.250 Z=4.750' is not valid on object '/Game/Levels/Tests.Tests:PersistentLevel.Cube_11.StaticMeshComponent0 Cube'.
[2016.11.09-17.43.43:656][703]LogPhysics:Warning: Scale 'X=0.000 Y=6.250 Z=4.750' is not valid on object '/Game/Levels/Tests.Tests:PersistentLevel.Cube_11.StaticMeshComponent0 Cube'.
[2016.11.09-17.44.19:768][390]LogEditorViewport: Clicking on Actor (LMB): StaticMeshActor (Floor)
[2016.11.09-17.44.30:719][161]LogEditorViewport: Clicking on Actor (LMB): StaticMeshActor (Cube)
[2016.11.09-17.44.42:411][982]LogEditorViewport: Clicking on Actor (LMB): StaticMeshActor (Floor)
[2016.11.09-17.44.43:692][ 57]LogEditorViewport: Clicking on Actor (LMB): StaticMeshActor (Cube)
[2016.11.09-17.44.44:905][148]LogEditorViewport: Clicking on Actor (LMB): InteractiveSwitch_C (InteractiveSwitch)
[2016.11.09-17.44.47:213][324]LogEditorViewport: Clicking on Actor (LMB): StaticMeshActor (Cube)
[2016.11.09-17.48.42:432][577]LogSavePackage: Save=472.15ms
[2016.11.09-17.48.42:432][577]LogSavePackage: Moving '../../../../../../Users/usuario/Desktop/VANsGame/Mechanics/BasicMechanics/Saved/Tests_Auto1166F366345AB3C35036A81A24F306871.tmp' to '../../../../../../Users/usuario/Desktop/VANsGame/Mechanics/BasicMechanics/Saved/Autosaves/Game/Levels/Tests_Auto1.umap'
[2016.11.09-17.48.42:437][577]LogSavePackage:Display: Finished SavePackage ../../../../../../Users/usuario/Desktop/VANsGame/Mechanics/BasicMechanics/Saved/Autosaves/Game/Levels/Tests_Auto1.umap
[2016.11.09-17.48.42:441][577]LogFileHelpers: Editor autosave (incl. sublevels) for '/Game/Levels/Tests' took 0.572
[2016.11.09-17.48.42:441][577]LogFileHelpers: Editor autosave (incl. sublevels) for all levels took 0.572
[2016.11.09-18.01.37:784][889]LogEditorViewport: Clicking on Actor (LMB): StaticMeshActor (Floor)
[2016.11.09-18.05.54:564][418]Error: BEGIN OBJECT: Invalid class specified:    Begin Object Class=EdGraphPin Name="EdGraphPin_11243"
[2016.11.09-18.05.54:565][418]Error: BEGIN OBJECT: Invalid class specified:    Begin Object Class=EdGraphPin Name="EdGraphPin_12567"
[2016.11.09-18.05.54:565][418]Error: BEGIN OBJECT: Invalid class specified:    Begin Object Class=EdGraphPin Name="EdGraphPin_11346"
[2016.11.09-18.05.54:565][418]Error: BEGIN OBJECT: Invalid class specified:    Begin Object Class=EdGraphPin Name="EdGraphPin_12664"
[2016.11.09-18.05.54:565][418]Error: BEGIN OBJECT: Invalid class specified:    Begin Object Class=EdGraphPin Name="EdGraphPin_11358"
[2016.11.09-18.05.54:565][418]Error: BEGIN OBJECT: Invalid class specified:    Begin Object Class=EdGraphPin Name="EdGraphPin_11931"
[2016.11.09-18.05.54:565][418]Error: BEGIN OBJECT: Invalid class specified:    Begin Object Class=EdGraphPin Name="EdGraphPin_12670"
[2016.11.09-18.05.54:566][418]Error: BEGIN OBJECT: Invalid class specified:    Begin Object Class=EdGraphPin Name="EdGraphPin_12679"
[2016.11.09-18.05.54:566][418]Error: BEGIN OBJECT: Invalid class specified:    Begin Object Class=EdGraphPin Name="EdGraphPin_12691"
[2016.11.09-18.05.54:566][418]Error: BEGIN OBJECT: Invalid class specified:    Begin Object Class=EdGraphPin Name="EdGraphPin_12703"
[2016.11.09-18.05.54:566][418]Error: BEGIN OBJECT: Invalid class specified:    Begin Object Class=EdGraphPin Name="EdGraphPin_12715"
[2016.11.09-18.05.54:566][418]Error: BEGIN OBJECT: Invalid class specified:    Begin Object Class=EdGraphPin Name="EdGraphPin_12742"
[2016.11.09-18.05.54:566][418]Error: BEGIN OBJECT: Invalid class specified:    Begin Object Class=EdGraphPin Name="EdGraphPin_10564"
[2016.11.09-18.05.54:566][418]Error: BEGIN OBJECT: Invalid class specified:    Begin Object Class=EdGraphPin Name="EdGraphPin_12760"
[2016.11.09-18.05.54:567][418]Error: BEGIN OBJECT: Invalid class specified:    Begin Object Class=EdGraphPin Name="EdGraphPin_12775"
[2016.11.09-18.05.54:567][418]Error: BEGIN OBJECT: Invalid class specified:    Begin Object Class=EdGraphPin Name="EdGraphPin_11508"
[2016.11.09-18.05.54:567][418]Error: BEGIN OBJECT: Invalid class specified:    Begin Object Class=EdGraphPin Name="EdGraphPin_11523"
[2016.11.09-18.05.54:567][418]Error: BEGIN OBJECT: Invalid class specified:    Begin Object Class=EdGraphPin Name="EdGraphPin_11529"
[2016.11.09-18.05.54:567][418]Error: BEGIN OBJECT: Invalid class specified:    Begin Object Class=EdGraphPin Name="EdGraphPin_12781"
[2016.11.09-18.05.54:567][418]Error: BEGIN OBJECT: Invalid class specified:    Begin Object Class=EdGraphPin Name="EdGraphPin_11550"
[2016.11.09-18.05.54:567][418]Error: BEGIN OBJECT: Invalid class specified:    Begin Object Class=EdGraphPin Name="EdGraphPin_11556"
[2016.11.09-18.05.54:567][418]Error: BEGIN OBJECT: Invalid class specified:    Begin Object Class=EdGraphPin Name="EdGraphPin_12787"
[2016.11.09-18.05.54:568][418]Error: BEGIN OBJECT: Invalid class specified:    Begin Object Class=EdGraphPin Name="EdGraphPin_11568"
[2016.11.09-18.05.54:568][418]Error: BEGIN OBJECT: Invalid class specified:    Begin Object Class=EdGraphPin Name="EdGraphPin_11580"
[2016.11.09-18.05.54:568][418]Error: BEGIN OBJECT: Invalid class specified:    Begin Object Class=EdGraphPin Name="EdGraphPin_11595"
[2016.11.09-18.05.54:568][418]Error: BEGIN OBJECT: Invalid class specified:    Begin Object Class=EdGraphPin Name="EdGraphPin_11607"
[2016.11.09-18.05.54:568][418]Error: BEGIN OBJECT: Invalid class specified:    Begin Object Class=EdGraphPin Name="EdGraphPin_10597"
[2016.11.09-18.05.54:568][418]Error: BEGIN OBJECT: Invalid class specified:    Begin Object Class=EdGraphPin Name="EdGraphPin_11625"
[2016.11.09-18.05.54:568][418]Error: BEGIN OBJECT: Invalid class specified:    Begin Object Class=EdGraphPin Name="EdGraphPin_11634"
[2016.11.09-18.05.54:569][418]Error: BEGIN OBJECT: Invalid class specified:    Begin Object Class=EdGraphPin Name="EdGraphPin_12793"
[2016.11.09-18.05.54:569][418]Error: BEGIN OBJECT: Invalid class specified:    Begin Object Class=EdGraphPin Name="EdGraphPin_11661"
[2016.11.09-18.05.54:569][418]Error: BEGIN OBJECT: Invalid class specified:    Begin Object Class=EdGraphPin Name="EdGraphPin_11676"
[2016.11.09-18.05.54:569][418]Error: BEGIN OBJECT: Invalid class specified:    Begin Object Class=EdGraphPin Name="EdGraphPin_12811"
[2016.11.09-18.05.54:569][418]Error: BEGIN OBJECT: Invalid class specified:    Begin Object Class=EdGraphPin Name="EdGraphPin_12826"
[2016.11.09-18.05.54:569][418]Error: BEGIN OBJECT: Invalid class specified:    Begin Object Class=EdGraphPin Name="EdGraphPin_11706"
[2016.11.09-18.05.54:570][418]Error: BEGIN OBJECT: Invalid class specified:    Begin Object Class=EdGraphPin Name="EdGraphPin_12835"
[2016.11.09-18.05.54:570][418]Error: BEGIN OBJECT: Invalid class specified:    Begin Object Class=EdGraphPin Name="EdGraphPin_12847"
[2016.11.09-18.05.54:570][418]Error: BEGIN OBJECT: Invalid class specified:    Begin Object Class=EdGraphPin Name="EdGraphPin_11925"
[2016.11.09-18.05.54:571][418]Error: BEGIN OBJECT: Invalid class specified:    Begin Object Class=EdGraphPin Name="EdGraphPin_12859"
[2016.11.09-18.05.54:571][418]Error: BEGIN OBJECT: Invalid class specified:    Begin Object Class=EdGraphPin Name="EdGraphPin_12871"
[2016.11.09-18.05.54:571][418]Error: BEGIN OBJECT: Invalid class specified:    Begin Object Class=EdGraphPin Name="EdGraphPin_12883"
[2016.11.09-18.05.54:571][418]Error: BEGIN OBJECT: Invalid class specified:    Begin Object Class=EdGraphPin Name="EdGraphPin_12895"
[2016.11.09-18.05.54:571][418]Error: BEGIN OBJECT: Invalid class specified:    Begin Object Class=EdGraphPin Name="EdGraphPin_12907"
[2016.11.09-18.05.54:572][418]Error: BEGIN OBJECT: Invalid class specified:    Begin Object Class=EdGraphPin Name="EdGraphPin_11820"
[2016.11.09-18.05.54:572][418]Error: BEGIN OBJECT: Invalid class specified:    Begin Object Class=EdGraphPin Name="EdGraphPin_11835"
[2016.11.09-18.05.54:572][418]Error: BEGIN OBJECT: Invalid class specified:    Begin Object Class=EdGraphPin Name="EdGraphPin_12925"
[2016.11.09-18.05.54:572][418]Error: BEGIN OBJECT: Invalid class specified:    Begin Object Class=EdGraphPin Name="EdGraphPin_11742"
[2016.11.09-18.05.54:572][418]Error: BEGIN OBJECT: Invalid class specified:    Begin Object Class=EdGraphPin Name="EdGraphPin_11937"
[2016.11.09-18.05.54:572][418]Error: BEGIN OBJECT: Invalid class specified:    Begin Object Class=EdGraphPin Name="EdGraphPin_11910"
[2016.11.09-18.05.54:572][418]Error: BEGIN OBJECT: Invalid class specified:    Begin Object Class=EdGraphPin Name="EdGraphPin_11898"
[2016.11.09-18.05.54:573][418]Error: BEGIN OBJECT: Invalid class specified:    Begin Object Class=EdGraphPin Name="EdGraphPin_11904"
[2016.11.09-18.05.54:573][418]Error: BEGIN OBJECT: Invalid class specified:    Begin Object Class=EdGraphPin Name="EdGraphPin_11883"
[2016.11.09-18.05.54:573][418]Error: BEGIN OBJECT: Invalid class specified:    Begin Object Class=EdGraphPin Name="EdGraphPin_11850"
[2016.11.09-18.05.54:573][418]Error: BEGIN OBJECT: Invalid class specified:    Begin Object Class=EdGraphPin Name="EdGraphPin_11781"
[2016.11.09-18.05.54:573][418]Error: BEGIN OBJECT: Invalid class specified:    Begin Object Class=EdGraphPin Name="EdGraphPin_12937"
[2016.11.09-18.05.54:793][418]LogStats: FPlatformStackWalk::StackWalkAndDump -  0.203 s
[2016.11.09-18.05.54:793][418]LogOutputDevice:Error: === Handled ensure: ===
[2016.11.09-18.05.54:793][418]LogOutputDevice:Error: 
[2016.11.09-18.05.54:793][418]LogOutputDevice:Error: Ensure condition failed: FunctionReference.IsSelfContext() || (MemberClass != nullptr) || bIsLocalMacro [File:D:\Build\++UE4+Release-4.13+Compile\Sync\Engine\Source\Editor\BlueprintGraph\Private\K2Node_CallFunction.cpp] [Line: 1661]
[2016.11.09-18.05.54:793][418]LogOutputDevice:Error: Unknown member class in /Game/Elements/GraphcialAdventure/ElementLookInteraction/ElementInteraction.ElementInteraction:EventGraph.K2Node_CommutativeAssociativeBinaryOperator_1502
[2016.11.09-18.05.54:793][418]LogOutputDevice:Error: Stack: 
[2016.11.09-18.05.54:793][418]LogOutputDevice:Error: UE4Editor-Core.dll
[2016.11.09-18.05.54:793][418]LogOutputDevice:Error: UE4Editor-Core.dll
[2016.11.09-18.05.54:793][418]LogOutputDevice:Error: UE4Editor-Core.dll
[2016.11.09-18.05.54:793][418]LogOutputDevice:Error: UE4Editor-BlueprintGraph.dll
[2016.11.09-18.05.54:793][418]LogOutputDevice:Error: UE4Editor-BlueprintGraph.dll
[2016.11.09-18.05.54:793][418]LogOutputDevice:Error: UE4Editor-UnrealEd.dll
[2016.11.09-18.05.54:793][418]LogOutputDevice:Error: UE4Editor-UnrealEd.dll
[2016.11.09-18.05.54:793][418]LogOutputDevice:Error: UE4Editor-Kismet.dll
[2016.11.09-18.05.54:793][418]LogOutputDevice:Error: UE4Editor-Kismet.dll
[2016.11.09-18.05.54:793][418]LogOutputDevice:Error: UE4Editor-Kismet.dll
[2016.11.09-18.05.54:793][418]LogOutputDevice:Error: UE4Editor-Kismet.dll
[2016.11.09-18.05.54:793][418]LogOutputDevice:Error: UE4Editor-Slate.dll
[2016.11.09-18.05.54:793][418]LogOutputDevice:Error: UE4Editor-Slate.dll
[2016.11.09-18.05.54:793][418]LogOutputDevice:Error: UE4Editor-GraphEditor.dll
[2016.11.09-18.05.54:793][418]LogOutputDevice:Error: UE4Editor-Slate.dll
[2016.11.09-18.05.54:793][418]LogOutputDevice:Error: UE4Editor-Slate.dll
[2016.11.09-18.05.54:793][418]LogOutputDevice:Error: UE4Editor-Slate.dll
[2016.11.09-18.05.54:793][418]LogOutputDevice:Error: UE4Editor-Slate.dll
[2016.11.09-18.05.54:793][418]LogOutputDevice:Error: UE4Editor-Slate.dll
[2016.11.09-18.05.54:793][418]LogOutputDevice:Error: UE4Editor-Core.dll
[2016.11.09-18.05.54:793][418]LogOutputDevice:Error: UE4Editor-Core.dll
[2016.11.09-18.05.54:793][418]LogOutputDevice:Error: UE4Editor-Core.dll
[2016.11.09-18.05.54:793][418]LogOutputDevice:Error: UE4Editor-Core.dll
[2016.11.09-18.05.54:793][418]LogOutputDevice:Error: USER32.dll
[2016.11.09-18.05.54:794][418]LogOutputDevice:Error: USER32.dll
[2016.11.09-18.05.54:794][418]LogOutputDevice:Error: UE4Editor-Core.dll
[2016.11.09-18.05.54:794][418]LogOutputDevice:Error: UE4Editor.exe
[2016.11.09-18.05.54:794][418]LogOutputDevice:Error: UE4Editor.exe
[2016.11.09-18.05.54:794][418]LogOutputDevice:Error: UE4Editor.exe
[2016.11.09-18.05.54:794][418]LogOutputDevice:Error: UE4Editor.exe
[2016.11.09-18.05.54:794][418]LogOutputDevice:Error: UE4Editor.exe
[2016.11.09-18.05.54:794][418]LogOutputDevice:Error: KERNEL32.DLL
[2016.11.09-18.05.54:794][418]LogOutputDevice:Error: ntdll.dll
[2016.11.09-18.05.54:794][418]LogOutputDevice:Error: ntdll.dll
[2016.11.09-18.05.54:794][418]LogOutputDevice:Error: 
[2016.11.09-18.05.54:794][418]LogStats:                SubmitErrorReport -  0.000 s
[2016.11.09-18.06.01:160][418]LogStats:                    SendNewReport -  6.366 s
[2016.11.09-18.06.01:160][418]LogStats:             FDebug::EnsureFailed -  6.570 s
[2016.11.09-18.06.01:180][418]LogBlueprint:Error: [ElementInteraction] CommutativeAssociativeBinaryOperator has no function: 'None' class: 'None'
[2016.11.09-18.06.01:180][418]LogBlueprint:Error: [ElementInteraction] CommutativeAssociativeBinaryOperator has no function: 'None' class: 'None'
[2016.11.09-18.06.01:317][418]LogStats: FPlatformStackWalk::StackWalkAndDump -  0.123 s
[2016.11.09-18.06.01:317][418]LogOutputDevice:Error: === Handled ensure: ===
[2016.11.09-18.06.01:317][418]LogOutputDevice:Error: 
[2016.11.09-18.06.01:317][418]LogOutputDevice:Error: Ensure condition failed: SrcNode->Pins.Num() == DstNode->Pins.Num() [File:D:\Build\++UE4+Release-4.13+Compile\Sync\Engine\Source\Editor\UnrealEd\Private\EdGraphUtilities.cpp] [Line: 229]
[2016.11.09-18.06.01:317][418]LogOutputDevice:Error: 
[2016.11.09-18.06.01:317][418]LogOutputDevice:Error: Stack: 
[2016.11.09-18.06.01:317][418]LogOutputDevice:Error: UE4Editor-Core.dll
[2016.11.09-18.06.01:317][418]LogOutputDevice:Error: UE4Editor-Core.dll
[2016.11.09-18.06.01:317][418]LogOutputDevice:Error: UE4Editor-Core.dll
[2016.11.09-18.06.01:317][418]LogOutputDevice:Error: UE4Editor-UnrealEd.dll
[2016.11.09-18.06.01:317][418]LogOutputDevice:Error: UE4Editor-UnrealEd.dll
[2016.11.09-18.06.01:317][418]LogOutputDevice:Error: UE4Editor-KismetCompiler.dll
[2016.11.09-18.06.01:317][418]LogOutputDevice:Error: UE4Editor-KismetCompiler.dll
[2016.11.09-18.06.01:317][418]LogOutputDevice:Error: UE4Editor-KismetCompiler.dll
[2016.11.09-18.06.01:317][418]LogOutputDevice:Error: UE4Editor-KismetCompiler.dll
[2016.11.09-18.06.01:317][418]LogOutputDevice:Error: UE4Editor-KismetCompiler.dll
[2016.11.09-18.06.01:317][418]LogOutputDevice:Error: UE4Editor-KismetCompiler.dll
[2016.11.09-18.06.01:317][418]LogOutputDevice:Error: UE4Editor-UnrealEd.dll
[2016.11.09-18.06.01:317][418]LogOutputDevice:Error: UE4Editor-UnrealEd.dll
[2016.11.09-18.06.01:317][418]LogOutputDevice:Error: UE4Editor-BlueprintGraph.dll
[2016.11.09-18.06.01:317][418]LogOutputDevice:Error: UE4Editor-UnrealEd.dll
[2016.11.09-18.06.01:317][418]LogOutputDevice:Error: UE4Editor-UnrealEd.dll
[2016.11.09-18.06.01:317][418]LogOutputDevice:Error: UE4Editor-Kismet.dll
[2016.11.09-18.06.01:317][418]LogOutputDevice:Error: UE4Editor-Kismet.dll
[2016.11.09-18.06.01:317][418]LogOutputDevice:Error: UE4Editor-Kismet.dll
[2016.11.09-18.06.01:318][418]LogOutputDevice:Error: UE4Editor-Kismet.dll
[2016.11.09-18.06.01:318][418]LogOutputDevice:Error: UE4Editor-Slate.dll
[2016.11.09-18.06.01:318][418]LogOutputDevice:Error: UE4Editor-Slate.dll
[2016.11.09-18.06.01:318][418]LogOutputDevice:Error: UE4Editor-GraphEditor.dll
[2016.11.09-18.06.01:318][418]LogOutputDevice:Error: UE4Editor-Slate.dll
[2016.11.09-18.06.01:318][418]LogOutputDevice:Error: UE4Editor-Slate.dll
[2016.11.09-18.06.01:318][418]LogOutputDevice:Error: UE4Editor-Slate.dll
[2016.11.09-18.06.01:318][418]LogOutputDevice:Error: UE4Editor-Slate.dll
[2016.11.09-18.06.01:318][418]LogOutputDevice:Error: UE4Editor-Slate.dll
[2016.11.09-18.06.01:318][418]LogOutputDevice:Error: UE4Editor-Core.dll
[2016.11.09-18.06.01:318][418]LogOutputDevice:Error: UE4Editor-Core.dll
[2016.11.09-18.06.01:318][418]LogOutputDevice:Error: UE4Editor-Core.dll
[2016.11.09-18.06.01:318][418]LogOutputDevice:Error: UE4Editor-Core.dll
[2016.11.09-18.06.01:318][418]LogOutputDevice:Error: USER32.dll
[2016.11.09-18.06.01:318][418]LogOutputDevice:Error: USER32.dll
[2016.11.09-18.06.01:318][418]LogOutputDevice:Error: UE4Editor-Core.dll
[2016.11.09-18.06.01:318][418]LogOutputDevice:Error: UE4Editor.exe
[2016.11.09-18.06.01:318][418]LogOutputDevice:Error: UE4Editor.exe
[2016.11.09-18.06.01:318][418]LogOutputDevice:Error: UE4Editor.exe
[2016.11.09-18.06.01:318][418]LogOutputDevice:Error: UE4Editor.exe
[2016.11.09-18.06.01:318][418]LogOutputDevice:Error: UE4Editor.exe
[2016.11.09-18.06.01:318][418]LogOutputDevice:Error: KERNEL32.DLL
[2016.11.09-18.06.01:318][418]LogOutputDevice:Error: ntdll.dll
[2016.11.09-18.06.01:318][418]LogOutputDevice:Error: ntdll.dll
[2016.11.09-18.06.01:318][418]LogOutputDevice:Error: 
[2016.11.09-18.06.01:318][418]LogStats:                SubmitErrorReport -  0.000 s
[2016.11.09-18.06.01:797][418]LogStats:                    SendNewReport -  0.478 s
[2016.11.09-18.06.01:797][418]LogStats:             FDebug::EnsureFailed -  0.603 s
[2016.11.09-18.06.01:803][418]LogWindows: Windows GetLastError: La operación se completó correctamente. (0)
[2016.11.09-18.06.02:439][418]LogCrashTracker: 


[2016.11.09-18.06.02:439][418]LogCrashTracker: 


[2016.11.09-18.06.02:439][418]LogWindows:Error: === Critical error: ===
[2016.11.09-18.06.02:439][418]LogWindows:Error: 
[2016.11.09-18.06.02:439][418]LogWindows:Error: Assertion failed: UpdatePin [File:D:\Build\++UE4+Release-4.13+Compile\Sync\Engine\Source\Editor\KismetCompiler\Private\KismetCompiler.cpp] [Line: 2060] 
[2016.11.09-18.06.02:439][418]LogWindows:Error: 
[2016.11.09-18.06.02:439][418]LogWindows:Error: 
[2016.11.09-18.06.02:439][418]LogWindows:Error: 
[2016.11.09-18.06.02:439][418]LogWindows:Error: KERNELBASE.dll
[2016.11.09-18.06.02:439][418]LogWindows:Error: UE4Editor-Core.dll
[2016.11.09-18.06.02:439][418]LogWindows:Error: UE4Editor-Core.dll
[2016.11.09-18.06.02:439][418]LogWindows:Error: UE4Editor-Core.dll
[2016.11.09-18.06.02:439][418]LogWindows:Error: UE4Editor-KismetCompiler.dll
[2016.11.09-18.06.02:439][418]LogWindows:Error: UE4Editor-KismetCompiler.dll
[2016.11.09-18.06.02:439][418]LogWindows:Error: UE4Editor-KismetCompiler.dll
[2016.11.09-18.06.02:439][418]LogWindows:Error: UE4Editor-KismetCompiler.dll
[2016.11.09-18.06.02:439][418]LogWindows:Error: UE4Editor-KismetCompiler.dll
[2016.11.09-18.06.02:439][418]LogWindows:Error: UE4Editor-KismetCompiler.dll
[2016.11.09-18.06.02:439][418]LogWindows:Error: UE4Editor-KismetCompiler.dll
[2016.11.09-18.06.02:439][418]LogWindows:Error: UE4Editor-KismetCompiler.dll
[2016.11.09-18.06.02:439][418]LogWindows:Error: UE4Editor-UnrealEd.dll
[2016.11.09-18.06.02:439][418]LogWindows:Error: UE4Editor-UnrealEd.dll
[2016.11.09-18.06.02:439][418]LogWindows:Error: UE4Editor-BlueprintGraph.dll
[2016.11.09-18.06.02:439][418]LogWindows:Error: UE4Editor-UnrealEd.dll
[2016.11.09-18.06.02:439][418]LogWindows:Error: UE4Editor-UnrealEd.dll
[2016.11.09-18.06.02:439][418]LogWindows:Error: UE4Editor-Kismet.dll
[2016.11.09-18.06.02:439][418]LogWindows:Error: UE4Editor-Kismet.dll
[2016.11.09-18.06.02:439][418]LogWindows:Error: UE4Editor-Kismet.dll
[2016.11.09-18.06.02:439][418]LogWindows:Error: UE4Editor-Kismet.dll
[2016.11.09-18.06.02:439][418]LogWindows:Error: UE4Editor-Slate.dll
[2016.11.09-18.06.02:439][418]LogWindows:Error: UE4Editor-Slate.dll
[2016.11.09-18.06.02:439][418]LogWindows:Error: UE4Editor-GraphEditor.dll
[2016.11.09-18.06.02:439][418]LogWindows:Error: UE4Editor-Slate.dll
[2016.11.09-18.06.02:439][418]LogWindows:Error: UE4Editor-Slate.dll
[2016.11.09-18.06.02:439][418]LogWindows:Error: UE4Editor-Slate.dll
[2016.11.09-18.06.02:439][418]LogWindows:Error: UE4Editor-Slate.dll
[2016.11.09-18.06.02:439][418]LogWindows:Error: UE4Editor-Slate.dll
[2016.11.09-18.06.02:439][418]LogWindows:Error: UE4Editor-Core.dll
[2016.11.09-18.06.02:439][418]LogWindows:Error: UE4Editor-Core.dll
[2016.11.09-18.06.02:439][418]LogWindows:Error: UE4Editor-Core.dll
[2016.11.09-18.06.02:439][418]LogWindows:Error: UE4Editor-Core.dll
[2016.11.09-18.06.02:439][418]LogWindows:Error: USER32.dll
[2016.11.09-18.06.02:439][418]LogWindows:Error: USER32.dll
[2016.11.09-18.06.02:439][418]LogWindows:Error: UE4Editor-Core.dll
[2016.11.09-18.06.02:439][418]LogWindows:Error: UE4Editor.exe
[2016.11.09-18.06.02:439][418]LogWindows:Error: UE4Editor.exe
[2016.11.09-18.06.02:440][418]LogWindows:Error: UE4Editor.exe
[2016.11.09-18.06.02:440][418]LogWindows:Error: UE4Editor.exe
[2016.11.09-18.06.02:440][418]LogWindows:Error: UE4Editor.exe
[2016.11.09-18.06.02:440][418]LogWindows:Error: KERNEL32.DLL
[2016.11.09-18.06.02:440][418]LogWindows:Error: ntdll.dll
[2016.11.09-18.06.02:440][418]LogWindows:Error: ntdll.dll
[2016.11.09-18.06.02:440][418]LogWindows:Error: 
[2016.11.09-18.06.02:471][418]LogExit: Executing StaticShutdownAfterError
[2016.11.09-18.06.02:495][418]LogWindows: FPlatformMisc::RequestExit(1)
[2016.11.09-18.06.02:508][418]Log file closed, 11/09/16 19:06:02
