Log file open, 11/09/16 10:01:07
LogInit:Display: Running engine for game: BasicMechanics
LogPlatformFile: Not using cached read wrapper
LogInit:Display: RandInit(1926384574) SRandInit(1926384574).
LogTaskGraph: Started task graph with 5 named threads and 10 total threads with 1 sets of task threads.
LogStats: Stats thread started at 0.092055
LogPluginManager: Loaded Plugin Paper2D, From C:/Program Files (x86)/Epic Games/4.13/Engine/Plugins/2D/Paper2D/Paper2D.uplugin
LogPluginManager: Loaded Plugin LightPropagationVolume, From C:/Program Files (x86)/Epic Games/4.13/Engine/Plugins/Blendables/LightPropagationVolume/LightPropagationVolume.uplugin
LogPluginManager: Loaded Plugin BlankPlugin, From C:/Program Files (x86)/Epic Games/4.13/Engine/Plugins/Developer/BlankPlugin/BlankPlugin.uplugin
LogPluginManager: Loaded Plugin CodeLiteSourceCodeAccess, From C:/Program Files (x86)/Epic Games/4.13/Engine/Plugins/Developer/CodeLiteSourceCodeAccess/CodeLiteSourceCodeAccess.uplugin
LogPluginManager: Loaded Plugin GitSourceControl, From C:/Program Files (x86)/Epic Games/4.13/Engine/Plugins/Developer/GitSourceControl/GitSourceControl.uplugin
LogPluginManager: Loaded Plugin KDevelopSourceCodeAccess, From C:/Program Files (x86)/Epic Games/4.13/Engine/Plugins/Developer/KDevelopSourceCodeAccess/KDevelopSourceCodeAccess.uplugin
LogPluginManager: Loaded Plugin NullSourceCodeAccess, From C:/Program Files (x86)/Epic Games/4.13/Engine/Plugins/Developer/NullSourceCodeAccess/NullSourceCodeAccess.uplugin
LogPluginManager: Loaded Plugin OneSkyLocalizationService, From C:/Program Files (x86)/Epic Games/4.13/Engine/Plugins/Developer/OneSkyLocalizationService/OneSkyLocalizationService.uplugin
LogPluginManager: Loaded Plugin PerforceSourceControl, From C:/Program Files (x86)/Epic Games/4.13/Engine/Plugins/Developer/PerforceSourceControl/PerforceSourceControl.uplugin
LogPluginManager: Loaded Plugin SubversionSourceControl, From C:/Program Files (x86)/Epic Games/4.13/Engine/Plugins/Developer/SubversionSourceControl/SubversionSourceControl.uplugin
LogPluginManager: Loaded Plugin UObjectPlugin, From C:/Program Files (x86)/Epic Games/4.13/Engine/Plugins/Developer/UObjectPlugin/UObjectPlugin.uplugin
LogPluginManager: Loaded Plugin VisualStudioSourceCodeAccess, From C:/Program Files (x86)/Epic Games/4.13/Engine/Plugins/Developer/VisualStudioSourceCodeAccess/VisualStudioSourceCodeAccess.uplugin
LogPluginManager: Loaded Plugin XCodeSourceCodeAccess, From C:/Program Files (x86)/Epic Games/4.13/Engine/Plugins/Developer/XCodeSourceCodeAccess/XCodeSourceCodeAccess.uplugin
LogPluginManager: Loaded Plugin EpicSurvey, From C:/Program Files (x86)/Epic Games/4.13/Engine/Plugins/Editor/EpicSurvey/EpicSurvey.uplugin
LogPluginManager: Loaded Plugin MacGraphicsSwitching, From C:/Program Files (x86)/Epic Games/4.13/Engine/Plugins/Editor/MacGraphicsSwitching/MacGraphicsSwitching.uplugin
LogPluginManager: Loaded Plugin MobileLauncherProfileWizard, From C:/Program Files (x86)/Epic Games/4.13/Engine/Plugins/Editor/MobileLauncherProfileWizard/MobileLauncherProfileWizard.uplugin
LogPluginManager: Loaded Plugin PluginBrowser, From C:/Program Files (x86)/Epic Games/4.13/Engine/Plugins/Editor/PluginBrowser/PluginBrowser.uplugin
LogPluginManager: Loaded Plugin SpeedTreeImporter, From C:/Program Files (x86)/Epic Games/4.13/Engine/Plugins/Editor/SpeedTreeImporter/SpeedTreeImporter.uplugin
LogPluginManager: Loaded Plugin SuperSearchEditor, From C:/Program Files (x86)/Epic Games/4.13/Engine/Plugins/Editor/SuperSearchEditor/SuperSearchEditor.uplugin
LogPluginManager: Loaded Plugin AlembicImporter, From C:/Program Files (x86)/Epic Games/4.13/Engine/Plugins/Experimental/AlembicImporter/AlembicImporter.uplugin
LogPluginManager: Loaded Plugin BlueprintStats, From C:/Program Files (x86)/Epic Games/4.13/Engine/Plugins/Experimental/BlueprintStats/BlueprintStats.uplugin
LogPluginManager: Loaded Plugin CharacterAI, From C:/Program Files (x86)/Epic Games/4.13/Engine/Plugins/Experimental/CharacterAI/CharacterAI.uplugin
LogPluginManager: Loaded Plugin CodeEditor, From C:/Program Files (x86)/Epic Games/4.13/Engine/Plugins/Experimental/CodeEditor/CodeEditor.uplugin
LogPluginManager: Loaded Plugin CodeView, From C:/Program Files (x86)/Epic Games/4.13/Engine/Plugins/Experimental/CodeView/CodeView.uplugin
LogPluginManager: Loaded Plugin HTML5Networking, From C:/Program Files (x86)/Epic Games/4.13/Engine/Plugins/Experimental/HTML5Networking/HTML5Networking.uplugin
LogPluginManager: Loaded Plugin LiveEditor, From C:/Program Files (x86)/Epic Games/4.13/Engine/Plugins/Experimental/LiveEditor/LiveEditor.uplugin
LogPluginManager: Loaded Plugin OSVR, From C:/Program Files (x86)/Epic Games/4.13/Engine/Plugins/Experimental/OSVR/OSVR.uplugin
LogPluginManager: Loaded Plugin Phya, From C:/Program Files (x86)/Epic Games/4.13/Engine/Plugins/Experimental/Phya/Phya.uplugin
LogPluginManager: Loaded Plugin SignificanceManager, From C:/Program Files (x86)/Epic Games/4.13/Engine/Plugins/Experimental/SignificanceManager/SignificanceManager.uplugin
LogPluginManager: Loaded Plugin SimpleHMD, From C:/Program Files (x86)/Epic Games/4.13/Engine/Plugins/Experimental/SimpleHMD/SimpleHMD.uplugin
LogPluginManager: Loaded Plugin StereoPanorama, From C:/Program Files (x86)/Epic Games/4.13/Engine/Plugins/Experimental/StereoPanorama/StereoPanorama.uplugin
LogPluginManager: Loaded Plugin StructBox, From C:/Program Files (x86)/Epic Games/4.13/Engine/Plugins/Experimental/StructBox/StructBox.uplugin
LogPluginManager: Loaded Plugin AndroidMedia, From C:/Program Files (x86)/Epic Games/4.13/Engine/Plugins/Media/AndroidMedia/AndroidMedia.uplugin
LogPluginManager: Loaded Plugin AvfMedia, From C:/Program Files (x86)/Epic Games/4.13/Engine/Plugins/Media/AvfMedia/AvfMedia.uplugin
LogPluginManager: Loaded Plugin MediaPlayerEditor, From C:/Program Files (x86)/Epic Games/4.13/Engine/Plugins/Media/MediaPlayerEditor/MediaPlayerEditor.uplugin
LogPluginManager: Loaded Plugin WmfMedia, From C:/Program Files (x86)/Epic Games/4.13/Engine/Plugins/Media/WmfMedia/WmfMedia.uplugin
LogPluginManager: Loaded Plugin MessagingDebugger, From C:/Program Files (x86)/Epic Games/4.13/Engine/Plugins/Messaging/MessagingDebugger/MessagingDebugger.uplugin
LogPluginManager: Loaded Plugin TcpMessaging, From C:/Program Files (x86)/Epic Games/4.13/Engine/Plugins/Messaging/TcpMessaging/TcpMessaging.uplugin
LogPluginManager: Loaded Plugin UdpMessaging, From C:/Program Files (x86)/Epic Games/4.13/Engine/Plugins/Messaging/UdpMessaging/UdpMessaging.uplugin
LogPluginManager: Loaded Plugin LevelSequenceEditor, From C:/Program Files (x86)/Epic Games/4.13/Engine/Plugins/MovieScene/LevelSequenceEditor/LevelSequenceEditor.uplugin
LogPluginManager: Loaded Plugin MatineeToLevelSequence, From C:/Program Files (x86)/Epic Games/4.13/Engine/Plugins/MovieScene/MatineeToLevelSequence/MatineeToLevelSequence.uplugin
LogPluginManager: Loaded Plugin NetcodeUnitTest, From C:/Program Files (x86)/Epic Games/4.13/Engine/Plugins/NetcodeUnitTest/NetcodeUnitTest/NetcodeUnitTest.uplugin
LogPluginManager: Loaded Plugin NUTUnrealEngine4, From C:/Program Files (x86)/Epic Games/4.13/Engine/Plugins/NetcodeUnitTest/NUTUnrealEngine4/NUTUnrealEngine4.uplugin
LogPluginManager: Loaded Plugin OnlineSubsystemGooglePlay, From C:/Program Files (x86)/Epic Games/4.13/Engine/Plugins/Online/Android/OnlineSubsystemGooglePlay/OnlineSubsystemGooglePlay.uplugin
LogPluginManager: Loaded Plugin OnlineSubsystemIOS, From C:/Program Files (x86)/Epic Games/4.13/Engine/Plugins/Online/IOS/OnlineSubsystemIOS/OnlineSubsystemIOS.uplugin
LogPluginManager: Loaded Plugin OnlineFramework, From C:/Program Files (x86)/Epic Games/4.13/Engine/Plugins/Online/OnlineFramework/OnlineFramework.uplugin
LogPluginManager: Loaded Plugin OnlineSubsystem, From C:/Program Files (x86)/Epic Games/4.13/Engine/Plugins/Online/OnlineSubsystem/OnlineSubsystem.uplugin
LogPluginManager: Loaded Plugin OnlineSubsystemAmazon, From C:/Program Files (x86)/Epic Games/4.13/Engine/Plugins/Online/OnlineSubsystemAmazon/OnlineSubsystemAmazon.uplugin
LogPluginManager: Loaded Plugin OnlineSubsystemFacebook, From C:/Program Files (x86)/Epic Games/4.13/Engine/Plugins/Online/OnlineSubsystemFacebook/OnlineSubsystemFacebook.uplugin
LogPluginManager: Loaded Plugin OnlineSubsystemNull, From C:/Program Files (x86)/Epic Games/4.13/Engine/Plugins/Online/OnlineSubsystemNull/OnlineSubsystemNull.uplugin
LogPluginManager: Loaded Plugin OnlineSubsystemOculus, From C:/Program Files (x86)/Epic Games/4.13/Engine/Plugins/Online/OnlineSubsystemOculus/OnlineSubsystemOculus.uplugin
LogPluginManager: Loaded Plugin OnlineSubsystemSteam, From C:/Program Files (x86)/Epic Games/4.13/Engine/Plugins/Online/OnlineSubsystemSteam/OnlineSubsystemSteam.uplugin
LogPluginManager: Loaded Plugin OnlineSubsystemUtils, From C:/Program Files (x86)/Epic Games/4.13/Engine/Plugins/Online/OnlineSubsystemUtils/OnlineSubsystemUtils.uplugin
LogPluginManager: Loaded Plugin IOSTapJoy, From C:/Program Files (x86)/Epic Games/4.13/Engine/Plugins/Runtime/Advertising/IOSTapJoy/IOSTapJoy.uplugin
LogPluginManager: Loaded Plugin AnalyticsBlueprintLibrary, From C:/Program Files (x86)/Epic Games/4.13/Engine/Plugins/Runtime/Analytics/AnalyticsBlueprintLibrary/AnalyticsBlueprintLibrary.uplugin
LogPluginManager: Loaded Plugin AnalyticsMulticast, From C:/Program Files (x86)/Epic Games/4.13/Engine/Plugins/Runtime/Analytics/AnalyticsMulticast/AnalyticsMulticast.uplugin
LogPluginManager: Loaded Plugin Apsalar, From C:/Program Files (x86)/Epic Games/4.13/Engine/Plugins/Runtime/Analytics/Apsalar/Apsalar.uplugin
LogPluginManager: Loaded Plugin FileLogging, From C:/Program Files (x86)/Epic Games/4.13/Engine/Plugins/Runtime/Analytics/FileLogging/FileLogging.uplugin
LogPluginManager: Loaded Plugin Flurry, From C:/Program Files (x86)/Epic Games/4.13/Engine/Plugins/Runtime/Analytics/Flurry/Flurry.uplugin
LogPluginManager: Loaded Plugin AndroidDeviceProfileSelector, From C:/Program Files (x86)/Epic Games/4.13/Engine/Plugins/Runtime/AndroidDeviceProfileSelector/AndroidDeviceProfileSelector.uplugin
LogPluginManager: Loaded Plugin AndroidMoviePlayer, From C:/Program Files (x86)/Epic Games/4.13/Engine/Plugins/Runtime/AndroidMoviePlayer/AndroidMoviePlayer.uplugin
LogPluginManager: Loaded Plugin AppleMoviePlayer, From C:/Program Files (x86)/Epic Games/4.13/Engine/Plugins/Runtime/AppleMoviePlayer/AppleMoviePlayer.uplugin
LogPluginManager: Loaded Plugin ArchVisCharacter, From C:/Program Files (x86)/Epic Games/4.13/Engine/Plugins/Runtime/ArchVisCharacter/ArchVisCharacter.uplugin
LogPluginManager: Loaded Plugin CableComponent, From C:/Program Files (x86)/Epic Games/4.13/Engine/Plugins/Runtime/CableComponent/CableComponent.uplugin
LogPluginManager: Loaded Plugin CustomMeshComponent, From C:/Program Files (x86)/Epic Games/4.13/Engine/Plugins/Runtime/CustomMeshComponent/CustomMeshComponent.uplugin
LogPluginManager: Loaded Plugin ExampleDeviceProfileSelector, From C:/Program Files (x86)/Epic Games/4.13/Engine/Plugins/Runtime/ExampleDeviceProfileSelector/ExampleDeviceProfileSelector.uplugin
LogPluginManager: Loaded Plugin GearVR, From C:/Program Files (x86)/Epic Games/4.13/Engine/Plugins/Runtime/GearVR/GearVR.uplugin
LogPluginManager: Loaded Plugin GoogleVRController, From C:/Program Files (x86)/Epic Games/4.13/Engine/Plugins/Runtime/GoogleVR/GoogleVRController/GoogleVRController.uplugin
LogPluginManager: Loaded Plugin GoogleVRHMD, From C:/Program Files (x86)/Epic Games/4.13/Engine/Plugins/Runtime/GoogleVR/GoogleVRHMD/GoogleVRHMD.uplugin
LogPluginManager: Loaded Plugin IOSDeviceProfileSelector, From C:/Program Files (x86)/Epic Games/4.13/Engine/Plugins/Runtime/IOSDeviceProfileSelector/IOSDeviceProfileSelector.uplugin
LogPluginManager: Loaded Plugin LeapMotion, From C:/Program Files (x86)/Epic Games/4.13/Engine/Plugins/Runtime/LeapMotion/LeapMotion.uplugin
LogPluginManager: Loaded Plugin LinuxDeviceProfileSelector, From C:/Program Files (x86)/Epic Games/4.13/Engine/Plugins/Runtime/LinuxDeviceProfileSelector/LinuxDeviceProfileSelector.uplugin
LogPluginManager: Loaded Plugin LiveEditorListenServer, From C:/Program Files (x86)/Epic Games/4.13/Engine/Plugins/Runtime/LiveEditorListenServer/LiveEditorListenServer.uplugin
LogPluginManager: Loaded Plugin OculusAudio, From C:/Program Files (x86)/Epic Games/4.13/Engine/Plugins/Runtime/OculusAudio/OculusAudio.uplugin
LogPluginManager: Loaded Plugin OculusInput, From C:/Program Files (x86)/Epic Games/4.13/Engine/Plugins/Runtime/OculusInput/OculusInput.uplugin
LogPluginManager: Loaded Plugin OculusLibrary, From C:/Program Files (x86)/Epic Games/4.13/Engine/Plugins/Runtime/OculusLibrary/OculusLibrary.uplugin
LogPluginManager: Loaded Plugin OculusRift, From C:/Program Files (x86)/Epic Games/4.13/Engine/Plugins/Runtime/OculusRift/OculusRift.uplugin
LogPluginManager: Loaded Plugin Oodle, From C:/Program Files (x86)/Epic Games/4.13/Engine/Plugins/Runtime/PacketHandlers/CompressionComponents/Oodle/Oodle.uplugin
LogPluginManager: Loaded Plugin ProceduralMeshComponent, From C:/Program Files (x86)/Epic Games/4.13/Engine/Plugins/Runtime/ProceduralMeshComponent/ProceduralMeshComponent.uplugin
LogPluginManager: Loaded Plugin SoundMod, From C:/Program Files (x86)/Epic Games/4.13/Engine/Plugins/Runtime/SoundMod/SoundMod.uplugin
LogPluginManager: Loaded Plugin SoundVisualizations, From C:/Program Files (x86)/Epic Games/4.13/Engine/Plugins/Runtime/SoundVisualizations/SoundVisualizations.uplugin
LogPluginManager: Loaded Plugin SteamController, From C:/Program Files (x86)/Epic Games/4.13/Engine/Plugins/Runtime/Steam/SteamController/SteamController.uplugin
LogPluginManager: Loaded Plugin SteamVR, From C:/Program Files (x86)/Epic Games/4.13/Engine/Plugins/Runtime/Steam/SteamVR/SteamVR.uplugin
LogPluginManager: Loaded Plugin WebBrowserWidget, From C:/Program Files (x86)/Epic Games/4.13/Engine/Plugins/Runtime/WebBrowserWidget/WebBrowserWidget.uplugin
LogPluginManager: Loaded Plugin WindowsDeviceProfileSelector, From C:/Program Files (x86)/Epic Games/4.13/Engine/Plugins/Runtime/WindowsDeviceProfileSelector/WindowsDeviceProfileSelector.uplugin
LogPluginManager: Loaded Plugin WindowsMoviePlayer, From C:/Program Files (x86)/Epic Games/4.13/Engine/Plugins/Runtime/WindowsMoviePlayer/WindowsMoviePlayer.uplugin
LogPluginManager: Loaded Plugin ScriptPlugin, From C:/Program Files (x86)/Epic Games/4.13/Engine/Plugins/ScriptPlugin/ScriptPlugin.uplugin
LogPluginManager: Loaded Plugin SlateRemote, From C:/Program Files (x86)/Epic Games/4.13/Engine/Plugins/Slate/SlateRemote/SlateRemote.uplugin
LogInit: Using libcurl 7.47.1
LogInit:  - built for x86_64-pc-win32
LogInit:  - supports SSL with WinSSL
LogInit:  - other features:
LogInit:      CURL_VERSION_SSL
LogInit:      CURL_VERSION_IPV6
LogInit:      CURL_VERSION_ASYNCHDNS
LogInit:      CURL_VERSION_LARGEFILE
LogInit:      CURL_VERSION_IDN
LogInit:  CurlRequestOptions (configurable via config and command line):
LogInit:  - bVerifyPeer = false  - Libcurl will NOT verify peer certificate
LogInit:  - bUseHttpProxy = false  - Libcurl will NOT use HTTP proxy
LogInit:  - bDontReuseConnections = false  - Libcurl will reuse connections
LogInit:  - CertBundlePath = nullptr  - Libcurl will use whatever was configured at build time.
LogInit: Build: ++UE4+Release-4.13-CL-3142249
LogInit: Engine Version: 4.13.1-3142249+++UE4+Release-4.13
LogInit: Compatible Engine Version: 4.13.0-3106830+++UE4+Release-4.13
LogInit: Net CL: 3142249
LogDevObjectVersion: Number of dev versions registered: 13
LogDevObjectVersion:   Dev-Blueprints (B0D832E4-1F89-4F0D-ACCF-7EB736FD4AA2): 5
LogDevObjectVersion:   Dev-Build (E1C64328-A22C-4D53-A36C-8E866417BD8C): 0
LogDevObjectVersion:   Dev-Core (375EC13C-06E4-48FB-B500-84F0262A717E): 1
LogDevObjectVersion:   Dev-Editor (E4B068ED-F494-42E9-A231-DA0B2E46BB41): 6
LogDevObjectVersion:   Dev-Framework (CFFC743F-43B0-4480-9391-14DF171D2073): 12
LogDevObjectVersion:   Dev-Mobile (B02B49B5-BB20-44E9-A304-32B752E40360): 0
LogDevObjectVersion:   Dev-Networking (A4E4105C-59A1-49B5-A7C5-40C4547EDFEE): 0
LogDevObjectVersion:   Dev-Online (39C831C9-5AE6-47DC-9A44-9C173E1C8E7C): 0
LogDevObjectVersion:   Dev-Physics (78F01B33-EBEA-4F98-B9B4-84EACCB95AA2): 0
LogDevObjectVersion:   Dev-Platform (6631380F-2D4D-43E0-8009-CF276956A95A): 0
LogDevObjectVersion:   Dev-Rendering (12F88B9F-8875-4AFC-A67C-D90C383ABD29): 4
LogDevObjectVersion:   Dev-Sequencer (7B5AE74C-D270-4C10-A958-57980B212A5A): 0
LogDevObjectVersion:   Dev-VR (D7296918-1DD6-4BDD-9DE2-64A83CC13884): 0
LogInit: Compiled (64-bit): Sep 28 2016 02:12:12
LogInit: Compiled with Visual C++: 19.00.23026.00
LogInit: Build Configuration: Development
LogInit: Branch Name: ++UE4+Release-4.13
LogInit: Command line: -EpicPortal 
LogInit: Base directory: C:/Program Files (x86)/Epic Games/4.13/Engine/Binaries/Win64/
LogInit: Installed Engine Build: 1
LogInit: Presizing for max 8388607 objects, including 0 objects not considered by GC, pre-allocating 0 bytes for permanent pool.
LogInit: Object subsystem initialized
[2016.11.09-09.01.07:462][  0]LogInit: Selected Device Profile: [Windows]
[2016.11.09-09.01.07:462][  0]LogInit: Applying CVar settings loaded from the selected device profile: [Windows]
[2016.11.09-09.01.07:477][  0]LogInit: Computer: BAR-EGIMENEZ
[2016.11.09-09.01.07:477][  0]LogInit: User: egimenez
[2016.11.09-09.01.07:477][  0]LogInit: CPU Page size=65536, Cores=6
[2016.11.09-09.01.07:477][  0]LogInit: High frequency timer resolution =3.409785 MHz
[2016.11.09-09.01.07:477][  0]LogMemory: Memory total: Physical=63.9GB (64GB approx)
[2016.11.09-09.01.07:477][  0]LogMemory: Platform Memory Stats for Windows
[2016.11.09-09.01.07:477][  0]LogMemory: Process Physical Memory: 259.41 MB used, 259.41 MB peak
[2016.11.09-09.01.07:477][  0]LogMemory: Process Virtual Memory: 262.96 MB used, 262.96 MB peak
[2016.11.09-09.01.07:477][  0]LogMemory: Physical Memory: 10433.39 MB used, 65464.06 MB total
[2016.11.09-09.01.07:477][  0]LogMemory: Virtual Memory: 594.02 MB used, 8388608.00 MB total
[2016.11.09-09.01.07:504][  0]LogInit: Overriding culture en w/ editor configuration.
[2016.11.09-09.01.08:166][  0]LogD3D11RHI: D3D11 adapters:
[2016.11.09-09.01.08:182][  0]LogD3D11RHI:    0. 'NVIDIA GeForce GTX 670' (Feature Level 11_0)
[2016.11.09-09.01.08:182][  0]LogD3D11RHI:       4027/0/32476 MB DedicatedVideo/DedicatedSystem/SharedSystem, Outputs:1, VendorId:0x10de
[2016.11.09-09.01.08:182][  0]LogD3D11RHI: Chosen D3D11 Adapter: 0
[2016.11.09-09.01.09:440][  0]LogD3D11RHI: Creating new Direct3DDevice
[2016.11.09-09.01.09:441][  0]LogD3D11RHI:     GPU DeviceId: 0x1189 (for the marketing name, search the web for "GPU Device Id")
[2016.11.09-09.01.09:441][  0]LogWindows: EnumDisplayDevices:
[2016.11.09-09.01.09:441][  0]LogWindows:    0. 'NVIDIA GeForce GTX 670' (P:1 D:1)
[2016.11.09-09.01.09:441][  0]LogWindows:    1. 'NVIDIA GeForce GTX 670' (P:0 D:0)
[2016.11.09-09.01.09:442][  0]LogWindows:    2. 'NVIDIA GeForce GTX 670' (P:0 D:0)
[2016.11.09-09.01.09:442][  0]LogWindows:    3. 'NVIDIA GeForce GTX 670' (P:0 D:0)
[2016.11.09-09.01.09:442][  0]LogWindows:    4. 'RDPDD Chained DD' (P:0 D:0)
[2016.11.09-09.01.09:442][  0]LogWindows:    5. 'RDP Encoder Mirror Driver' (P:0 D:0)
[2016.11.09-09.01.09:443][  0]LogWindows:    6. 'RDP Reflector Display Driver' (P:0 D:0)
[2016.11.09-09.01.09:443][  0]LogWindows: DebugString: GetVideoDriverDetailsInvalid PrimaryIsNotTheChoosenAdapter GetVideoDriverDetailsInvalid PrimaryIsNotTheChoosenAdapter GetVideoDriverDetailsInvalid PrimaryIsNotTheChoosenAdapter FoundDriverCount:4 
[2016.11.09-09.01.09:443][  0]LogD3D11RHI:     Adapter Name: NVIDIA GeForce GTX 670
[2016.11.09-09.01.09:443][  0]LogD3D11RHI:   Driver Version: 347.52 (internal:9.18.13.4752, unified:347.52)
[2016.11.09-09.01.09:443][  0]LogD3D11RHI:      Driver Date: 2-5-2015
[2016.11.09-09.01.09:443][  0]LogRHI: Texture pool is 1361 MB (70% of 1945 MB)
[2016.11.09-09.01.09:461][  0]LogD3D11RHI: Async texture creation enabled
[2016.11.09-09.01.09:482][  0]LogD3D11RHI: GPU Timing Frequency: 1000.000000 (Debug: 2 2)
[2016.11.09-09.01.09:482][  0]LogShaderCompilers: Guid format shader working directory is -29 characters bigger than the processId version (../../../../../../Users/egimenez/Desktop/VAN/VANsGame/Mechanics/BasicMechanics/Intermediate/Shaders/WorkingDirectory/7224/).
[2016.11.09-09.01.09:482][  0]LogShaderCompilers: Cleaned the shader compiler working directory 'C:/Users/egimenez/AppData/Local/Temp/UnrealShaderWorkingDir/59F4C8B245B746EDDC5334B4F83E6147/'.
[2016.11.09-09.01.09:482][  0]LogShaderCompilers:Display: Using Local Shader Compiler.
[2016.11.09-09.01.10:714][  0]LogTemp:Display: Loaded TP AllDesktopTargetPlatform
[2016.11.09-09.01.10:729][  0]LogTemp:Display: Loaded TP WindowsClientTargetPlatform
[2016.11.09-09.01.10:751][  0]LogTemp:Display: Loaded TP WindowsNoEditorTargetPlatform
[2016.11.09-09.01.10:766][  0]LogTemp:Display: Loaded TP WindowsServerTargetPlatform
[2016.11.09-09.01.10:777][  0]LogTemp:Display: Loaded TP WindowsTargetPlatform
[2016.11.09-09.01.10:786][  0]LogTemp:Display: Loaded TP AndroidTargetPlatform
[2016.11.09-09.01.10:798][  0]LogTemp:Display: Loaded TP Android_ASTCTargetPlatform
[2016.11.09-09.01.10:811][  0]LogTemp:Display: Loaded TP Android_ATCTargetPlatform
[2016.11.09-09.01.10:822][  0]LogTemp:Display: Loaded TP Android_DXTTargetPlatform
[2016.11.09-09.01.10:831][  0]LogTemp:Display: Loaded TP Android_ETC1TargetPlatform
[2016.11.09-09.01.10:842][  0]LogTemp:Display: Loaded TP Android_ETC2TargetPlatform
[2016.11.09-09.01.10:862][  0]LogTemp:Display: Loaded TP Android_MultiTargetPlatform
[2016.11.09-09.01.10:862][  0]LogTemp:Display: Loaded TP Android_PVRTCTargetPlatform
[2016.11.09-09.01.10:863][  0]LogTemp:Display: Loaded TP HTML5TargetPlatform
[2016.11.09-09.01.10:911][  0]LogTemp:Display: Loaded TP IOSTargetPlatform
[2016.11.09-09.01.10:919][  0]LogTemp:Display: Loaded TP TVOSTargetPlatform
[2016.11.09-09.01.10:928][  0]LogTemp:Display: Loaded TP LinuxClientTargetPlatform
[2016.11.09-09.01.10:937][  0]LogTemp:Display: Loaded TP LinuxNoEditorTargetPlatform
[2016.11.09-09.01.10:948][  0]LogTemp:Display: Loaded TP LinuxServerTargetPlatform
[2016.11.09-09.01.10:959][  0]LogTemp:Display: Loaded TP LinuxTargetPlatform
[2016.11.09-09.01.10:959][  0]LogTargetPlatformManager:Display: Building Assets For Windows
[2016.11.09-09.01.11:057][  0]LogDerivedDataCache:Display: Max Cache Size: 512 MB
[2016.11.09-09.01.11:186][  0]LogDerivedDataCache: Loaded boot cache 0.13s 62MB C:/Users/egimenez/AppData/Local/UnrealEngine/4.13/DerivedDataCache/Boot.ddc.
[2016.11.09-09.01.11:186][  0]LogDerivedDataCache:Display: Loaded Boot cache: C:/Users/egimenez/AppData/Local/UnrealEngine/4.13/DerivedDataCache/Boot.ddc
[2016.11.09-09.01.11:186][  0]LogDerivedDataCache: FDerivedDataBackendGraph:  Pak pak cache file ../../../../../../Users/egimenez/Desktop/VAN/VANsGame/Mechanics/BasicMechanics/DerivedDataCache/DDC.ddp not found, will not use a pak cache.
[2016.11.09-09.01.11:186][  0]LogDerivedDataCache: Unable to find inner node Pak for hierarchical cache Hierarchy.
[2016.11.09-09.01.11:186][  0]LogDerivedDataCache: FDerivedDataBackendGraph:  CompressedPak pak cache file ../../../../../../Users/egimenez/Desktop/VAN/VANsGame/Mechanics/BasicMechanics/DerivedDataCache/Compressed.ddp not found, will not use a pak cache.
[2016.11.09-09.01.11:186][  0]LogDerivedDataCache: Unable to find inner node CompressedPak for hierarchical cache Hierarchy.
[2016.11.09-09.01.11:202][  0]LogDerivedDataCache:Display: Pak cache opened for reading ../../../Engine/DerivedDataCache/Compressed.ddp.
[2016.11.09-09.01.11:216][  0]LogDerivedDataCache: Using Local data cache path C:/Users/egimenez/AppData/Local/UnrealEngine/Common/DerivedDataCache: Writable
[2016.11.09-09.01.11:512][  0]LogInit: Selected Device Profile: [Windows]
[2016.11.09-09.01.11:517][  0]LogMaterial: Uniform references updated for custom material expression Custom.
[2016.11.09-09.01.11:518][  0]LogContentStreaming: Texture pool size is 0.00 MB
[2016.11.09-09.01.11:680][  0]LogMeshUtilities: No automatic mesh reduction module available
[2016.11.09-09.01.11:680][  0]LogMeshUtilities: No automatic mesh merging module available
[2016.11.09-09.01.11:680][  0]LogMeshUtilities: No distributed automatic mesh merging module available
[2016.11.09-09.01.12:056][  0]LogNetVersion: GetLocalNetworkVersion: CL: 3106830, ProjectName: basicmechanics, ProjectVersion: , EngineNetworkVersion: 1, GameNetworkVersion: 0, NetworkChecksum: 1815648402
[2016.11.09-09.01.12:096][  0]LogAssetRegistry: FAssetRegistry took 0.0209 seconds to start up
[2016.11.09-09.01.12:116][  0]LogPackageLocalizationCache: Processed 3 localized package path(s) for 1 prioritized culture(s) in 0.016559 seconds
[2016.11.09-09.01.12:123][  0]LogUObjectArray: 29781 objects as part of root set at end of initial load.
[2016.11.09-09.01.12:123][  0]LogUObjectAllocator: 6126280 out of 0 bytes used by permanent object pool.
[2016.11.09-09.01.12:123][  0]LogUObjectArray: CloseDisregardForGC: 0/0 objects in disregard for GC pool
[2016.11.09-09.01.12:129][  0]LogInit: WinSock: version 1.1 (2.2), MaxSocks=32767, MaxUdp=65467
[2016.11.09-09.01.12:395][  0]LogSlate: SlateFontCache - WITH_FREETYPE: 1, WITH_HARFBUZZ: 1
[2016.11.09-09.01.12:395][  0]LogSlate: SlateFontCache - WITH_FREETYPE: 1, WITH_HARFBUZZ: 1
[2016.11.09-09.01.13:186][  0]LogTcpMessaging: Initializing TcpMessaging bridge
[2016.11.09-09.01.13:206][  0]LogUdpMessaging: Initializing bridge on interface 0.0.0.0:0 to multicast group 230.0.0.1:6666.
[2016.11.09-09.01.13:471][  0]SourceControl: Info Source control is disabled
[2016.11.09-09.01.13:472][  0]SourceControl: Info Source control is disabled
[2016.11.09-09.01.13:480][  0]SourceControl: Info Source control is disabled
[2016.11.09-09.01.13:487][  0]SourceControl: Info Source control is disabled
[2016.11.09-09.01.13:774][  0]LogEngine: Initializing Engine...
[2016.11.09-09.01.13:775][  0]LogHMD: Failed to initialize OpenVR with code 110
[2016.11.09-09.01.13:971][  0]LogAIModule: Creating AISystem for world Untitled
[2016.11.09-09.01.13:983][  0]LogInit: XAudio2 using 'Speakers (Realtek High Definition Audio)' : 2 channels at 48 kHz using 32 bits per sample (channel mask 0x3)
[2016.11.09-09.01.13:993][  0]LogInit: FAudioDevice initialized.
[2016.11.09-09.01.14:027][  0]LogDerivedDataCache: Saved boot cache 0.03s 62MB C:/Users/egimenez/AppData/Local/UnrealEngine/4.13/DerivedDataCache/Boot.ddc.
[2016.11.09-09.01.14:038][  0]LogInit: Texture streaming: Enabled
[2016.11.09-09.01.14:060][  0]LogInit: Transaction tracking system initialized
[2016.11.09-09.01.14:080][  0]BlueprintLog: New page: Editor Load
[2016.11.09-09.01.14:171][  0]LocalizationService: Info Localization service is disabled
[2016.11.09-09.01.14:274][  0]LogConsoleResponse:Display: 
[2016.11.09-09.01.14:399][  0]LogCook:Display: Max memory allowance for cook 16384mb min free memory 0mb
[2016.11.09-09.01.14:399][  0]LogCook:Display: Mobile HDR setting 1
[2016.11.09-09.01.14:563][  0]LogFileCache: Scanning file cache for directory 'C:/Users/egimenez/Desktop/VAN/VANsGame/Mechanics/BasicMechanics/Content/' took 0.02s
[2016.11.09-09.01.14:563][  0]SourceControl: Info Source control is disabled
[2016.11.09-09.01.14:563][  0]Cmd: MAP LOAD FILE="../../../../../../Users/egimenez/Desktop/VAN/VANsGame/Mechanics/BasicMechanics/Content/StarterContent/Maps/Minimal_Default.umap" TEMPLATE=0 SHOWPROGRESS=1 FEATURELEVEL=3
[2016.11.09-09.01.14:567][  0]LightingResults: New page: Lighting Build
[2016.11.09-09.01.14:572][  0]MapCheck: New page: Map Check
[2016.11.09-09.01.14:572][  0]LightingResults: New page: Lighting Build
[2016.11.09-09.01.15:122][  0]LogAIModule: Creating AISystem for world Minimal_Default
[2016.11.09-09.01.15:136][  0]LogEditorServer: Finished looking for orphan Actors (0.000 secs)
[2016.11.09-09.01.15:137][  0]Cmd: MAP CHECKDEP NOCLEARLOG
[2016.11.09-09.01.15:189][  0]MapCheck: Info Map check complete: 0 Error(s), 0 Warning(s), took 52.159ms to complete.
[2016.11.09-09.01.15:189][  0]LogFileHelpers: Loading map 'Minimal_Default' took 0.626
[2016.11.09-09.01.15:350][  0]LogCollectionManager: Loaded 0 collections in 0.002440 seconds
[2016.11.09-09.01.15:390][  0]LogFileCache: Scanning file cache for directory 'C:/Users/egimenez/Desktop/VAN/VANsGame/Mechanics/BasicMechanics/Saved/Collections/' took 0.01s
[2016.11.09-09.01.15:390][  0]LogFileCache: Scanning file cache for directory 'C:/Users/egimenez/Desktop/VAN/VANsGame/Mechanics/BasicMechanics/Content/Developers/egimenez/Collections/' took 0.01s
[2016.11.09-09.01.15:390][  0]LogFileCache: Scanning file cache for directory 'C:/Users/egimenez/Desktop/VAN/VANsGame/Mechanics/BasicMechanics/Content/Collections/' took 0.01s
[2016.11.09-09.01.15:390][  0]LogCollectionManager: Rebuilt the GUID cache for 0 collections in 0.000003 seconds
[2016.11.09-09.01.15:402][  0]LogContentBrowser: Native class hierarchy populated in 0.0119 seconds. Added 2148 classes and 417 folders.
[2016.11.09-09.01.15:407][  0]LogStats: UGameplayTagsManager::ConstructGameplayTagTree: Construct from data asset -  0.000 s
[2016.11.09-09.01.15:407][  0]LogStats: UGameplayTagsManager::ConstructGameplayTagTree: GameplayTagTreeChangedEvent.Broadcast -  0.000 s
[2016.11.09-09.01.15:408][  0]LogContentBrowser: Native class hierarchy updated for 'GameplayTags' in 0.0005 seconds. Added 12 classes and 0 folders.
[2016.11.09-09.01.15:414][  0]LogContentBrowser: Native class hierarchy updated for 'WidgetCarousel' in 0.0004 seconds. Added 0 classes and 0 folders.
[2016.11.09-09.01.15:650][  0]LogContentBrowser: Native class hierarchy updated for 'AddContentDialog' in 0.0005 seconds. Added 0 classes and 0 folders.
[2016.11.09-09.01.15:656][  0]LogContentBrowser: Native class hierarchy updated for 'SceneOutliner' in 0.0005 seconds. Added 1 classes and 2 folders.
[2016.11.09-09.01.15:720][  0]LogCrashTracker: Crashtracker disabled due to settings.
[2016.11.09-09.01.15:723][  0]LogUObjectGlobals:Warning: Failed to find object 'Class None.'
[2016.11.09-09.01.15:751][  0]LogContentBrowser: Native class hierarchy updated for 'HierarchicalLODOutliner' in 0.0005 seconds. Added 1 classes and 2 folders.
[2016.11.09-09.01.15:751][  0]LogLoad: (Engine Initialization) Total time: 9.50 seconds
[2016.11.09-09.01.15:751][  0]LogLoad: (Engine Initialization) Total Blueprint compile time: 0.07 seconds
[2016.11.09-09.01.15:751][  0]LogExternalProfiler: No external profilers were discovered.  External profiling features will not be available.
[2016.11.09-09.01.16:091][  0]LogOcInput: OculusInput pre-init called
[2016.11.09-09.01.16:136][  0]LogContentStreaming: Texture pool size now 1000 MB
[2016.11.09-09.01.16:434][  0]LogRenderer: Reallocating scene render targets to support 880x576 (Frame:2).
[2016.11.09-09.01.26:005][308]LogCollectionManager: Rebuilt the object cache for 0 collections in 0.000014 seconds (found 0 objects)
[2016.11.09-09.01.27:254][350]LogAIModule: Creating AISystem for world Tests
[2016.11.09-09.01.27:398][350]Cmd: MAP LOAD FILE="../../../../../../Users/egimenez/Desktop/VAN/VANsGame/Mechanics/BasicMechanics/Content/Levels/Tests.umap" TEMPLATE=0 SHOWPROGRESS=1 FEATURELEVEL=3
[2016.11.09-09.01.27:398][350]LightingResults: New page: Lighting Build
[2016.11.09-09.01.27:399][350]LoadErrors: New page: Loading map: Tests.umap
[2016.11.09-09.01.27:400][350]MapCheck: New page: Map Check
[2016.11.09-09.01.27:400][350]LightingResults: New page: Lighting Build
[2016.11.09-09.01.27:491][350]LogEditorServer: Finished looking for orphan Actors (0.000 secs)
[2016.11.09-09.01.27:546][350]Cmd: MAP CHECKDEP NOCLEARLOG
[2016.11.09-09.01.27:601][350]MapCheck: Info Map check complete: 0 Error(s), 0 Warning(s), took 54.718ms to complete.
[2016.11.09-09.01.27:602][350]LogFileHelpers: Loading map 'Tests' took 0.205
[2016.11.09-09.01.42:310][ 99]LogAssetRegistry: Asset discovery search completed in 30.2332 seconds
[2016.11.09-09.01.42:310][ 99]LogCollectionManager: Fixed up redirectors for 0 collections in 0.000007 seconds (updated 0 objects)
[2016.11.09-09.06.20:236][107]LogContentBrowser: Native class hierarchy updated for 'Cascade' in 0.0006 seconds. Added 2 classes and 2 folders.
[2016.11.09-09.07.01:252][151]LogBlueprintUserMessages: Early PlayInEditor Detection: Level '/Game/Levels/Tests.Tests:PersistentLevel' has LevelScriptBlueprint '/Game/Levels/Tests.Tests:PersistentLevel.Tests' with GeneratedClass '/Game/Levels/Tests.Tests_C' with ClassGeneratedBy '/Game/Levels/Tests.Tests:PersistentLevel.Tests'
[2016.11.09-09.07.01:252][151]LogPlayLevel: PlayLevel: No blueprints needed recompiling
[2016.11.09-09.07.01:283][151]PIE: New page: PIE session: Tests (Nov 9, 2016, 11:07:01 AM)
[2016.11.09-09.07.01:283][151]LogPlayLevel: Creating play world package: /Game/Levels/UEDPIE_0_Tests
[2016.11.09-09.07.01:296][151]LogPlayLevel: PIE: StaticDuplicateObject took: (0.013187s)
[2016.11.09-09.07.01:297][151]LogAIModule: Creating AISystem for world Tests
[2016.11.09-09.07.01:297][151]LogPlayLevel: PIE: World Init took: (0.000953s)
[2016.11.09-09.07.01:297][151]LogPlayLevel: PIE: Created PIE world by copying editor world from /Game/Levels/Tests.Tests to /Game/Levels/UEDPIE_0_Tests.Tests (0.014445s)
[2016.11.09-09.07.01:307][151]LogInit: XAudio2 using 'Speakers (Realtek High Definition Audio)' : 2 channels at 48 kHz using 32 bits per sample (channel mask 0x3)
[2016.11.09-09.07.01:315][151]LogInit: FAudioDevice initialized.
[2016.11.09-09.07.01:433][151]LogWorld: Game class is 'GameMode'
[2016.11.09-09.07.01:460][151]LogWorld: Bringing World /Game/Levels/UEDPIE_0_Tests.Tests up for play (max tick rate 0) at 2016.11.09-10.07.01
[2016.11.09-09.07.01:463][151]LogWorld: Bringing up level for play took: 0.024665
[2016.11.09-09.07.01:503][151]LogContentBrowser: Native class hierarchy updated for 'MovieSceneCapture' in 0.0012 seconds. Added 11 classes and 0 folders.
[2016.11.09-09.07.01:503][151]LogGameMode:Display: Match State Changed from EnteringMap to WaitingToStart
[2016.11.09-09.07.01:503][151]LogGameState: Match State Changed from EnteringMap to WaitingToStart
[2016.11.09-09.07.01:503][151]LogGameMode:Display: Match State Changed from WaitingToStart to InProgress
[2016.11.09-09.07.01:504][151]LogGameState: Match State Changed from WaitingToStart to InProgress
[2016.11.09-09.07.01:504][151]PIE: Info Play in editor start time for /Game/Levels/UEDPIE_0_Tests -0.632
[2016.11.09-09.07.01:504][151]LogBlueprintUserMessages: Late PlayInEditor Detection: Level '/Game/Levels/Tests.Tests:PersistentLevel' has LevelScriptBlueprint '/Game/Levels/Tests.Tests:PersistentLevel.Tests' with GeneratedClass '/Game/Levels/Tests.Tests_C' with ClassGeneratedBy '/Game/Levels/Tests.Tests:PersistentLevel.Tests'
[2016.11.09-09.07.02:651][254]LogBlueprintUserMessages: [Tests_C_0] false
[2016.11.09-09.07.02:651][254]LogBlueprintUserMessages: [Tests_C_0] 2:
[2016.11.09-09.07.02:651][254]LogBlueprintUserMessages: [Tests_C_0] false
[2016.11.09-09.07.02:651][254]LogBlueprintUserMessages: [Tests_C_0] 1:
[2016.11.09-09.07.08:718][866]LogBlueprintUserMessages: Early EndPlayMap Detection: Level '/Game/Levels/Tests.Tests:PersistentLevel' has LevelScriptBlueprint '/Game/Levels/Tests.Tests:PersistentLevel.Tests' with GeneratedClass '/Game/Levels/Tests.Tests_C' with ClassGeneratedBy '/Game/Levels/Tests.Tests:PersistentLevel.Tests'
[2016.11.09-09.07.08:777][866]LogBlueprintUserMessages: Late EndPlayMap Detection: Level '/Game/Levels/Tests.Tests:PersistentLevel' has LevelScriptBlueprint '/Game/Levels/Tests.Tests:PersistentLevel.Tests' with GeneratedClass '/Game/Levels/Tests.Tests_C' with ClassGeneratedBy '/Game/Levels/Tests.Tests:PersistentLevel.Tests'
[2016.11.09-09.07.23:273][311]Cmd: OBJ SAVEPACKAGE PACKAGE="/Game/Elements/Mirrors/LightRay" FILE="../../../../../../Users/egimenez/Desktop/VAN/VANsGame/Mechanics/BasicMechanics/Content/Elements/Mirrors/LightRay.uasset" SILENT=true
[2016.11.09-09.07.23:376][311]LogSavePackage: Save=33.64ms
[2016.11.09-09.07.23:376][311]LogSavePackage: Moving '../../../../../../Users/egimenez/Desktop/VAN/VANsGame/Mechanics/BasicMechanics/Saved/LightRay9379C2D048E0013FBF0B1B9F5073774F.tmp' to '../../../../../../Users/egimenez/Desktop/VAN/VANsGame/Mechanics/BasicMechanics/Content/Elements/Mirrors/LightRay.uasset'
[2016.11.09-09.07.23:383][311]LogSavePackage:Display: Finished SavePackage ../../../../../../Users/egimenez/Desktop/VAN/VANsGame/Mechanics/BasicMechanics/Content/Elements/Mirrors/LightRay.uasset
[2016.11.09-09.07.25:282][512]LogBlueprintUserMessages: Early PlayInEditor Detection: Level '/Game/Levels/Tests.Tests:PersistentLevel' has LevelScriptBlueprint '/Game/Levels/Tests.Tests:PersistentLevel.Tests' with GeneratedClass '/Game/Levels/Tests.Tests_C' with ClassGeneratedBy '/Game/Levels/Tests.Tests:PersistentLevel.Tests'
[2016.11.09-09.07.25:282][512]LogPlayLevel: PlayLevel: No blueprints needed recompiling
[2016.11.09-09.07.25:283][512]PIE: New page: PIE session: Tests (Nov 9, 2016, 11:07:25 AM)
[2016.11.09-09.07.25:283][512]LogPlayLevel: Creating play world package: /Game/Levels/UEDPIE_0_Tests
[2016.11.09-09.07.25:298][512]LogPlayLevel: PIE: StaticDuplicateObject took: (0.015176s)
[2016.11.09-09.07.25:298][512]LogAIModule: Creating AISystem for world Tests
[2016.11.09-09.07.25:299][512]LogPlayLevel: PIE: World Init took: (0.000796s)
[2016.11.09-09.07.25:299][512]LogPlayLevel: PIE: Created PIE world by copying editor world from /Game/Levels/Tests.Tests to /Game/Levels/UEDPIE_0_Tests.Tests (0.016215s)
[2016.11.09-09.07.25:308][512]LogInit: XAudio2 using 'Speakers (Realtek High Definition Audio)' : 2 channels at 48 kHz using 32 bits per sample (channel mask 0x3)
[2016.11.09-09.07.25:315][512]LogInit: FAudioDevice initialized.
[2016.11.09-09.07.25:346][512]LogWorld: Game class is 'GameMode'
[2016.11.09-09.07.25:361][512]LogWorld: Bringing World /Game/Levels/UEDPIE_0_Tests.Tests up for play (max tick rate 0) at 2016.11.09-10.07.25
[2016.11.09-09.07.25:362][512]LogWorld: Bringing up level for play took: 0.015273
[2016.11.09-09.07.25:363][512]LogGameMode:Display: Match State Changed from EnteringMap to WaitingToStart
[2016.11.09-09.07.25:363][512]LogGameState: Match State Changed from EnteringMap to WaitingToStart
[2016.11.09-09.07.25:363][512]LogGameMode:Display: Match State Changed from WaitingToStart to InProgress
[2016.11.09-09.07.25:364][512]LogGameState: Match State Changed from WaitingToStart to InProgress
[2016.11.09-09.07.25:364][512]PIE: Info Play in editor start time for /Game/Levels/UEDPIE_0_Tests -0.774
[2016.11.09-09.07.25:364][512]LogBlueprintUserMessages: Late PlayInEditor Detection: Level '/Game/Levels/Tests.Tests:PersistentLevel' has LevelScriptBlueprint '/Game/Levels/Tests.Tests:PersistentLevel.Tests' with GeneratedClass '/Game/Levels/Tests.Tests_C' with ClassGeneratedBy '/Game/Levels/Tests.Tests:PersistentLevel.Tests'
[2016.11.09-09.07.26:584][654]LogBlueprintUserMessages: [Tests_C_0] false
[2016.11.09-09.07.26:584][654]LogBlueprintUserMessages: [Tests_C_0] 2:
[2016.11.09-09.07.26:584][654]LogBlueprintUserMessages: [Tests_C_0] false
[2016.11.09-09.07.26:584][654]LogBlueprintUserMessages: [Tests_C_0] 1:
[2016.11.09-09.07.38:589][ 73]LogBlueprintUserMessages: Early EndPlayMap Detection: Level '/Game/Levels/Tests.Tests:PersistentLevel' has LevelScriptBlueprint '/Game/Levels/Tests.Tests:PersistentLevel.Tests' with GeneratedClass '/Game/Levels/Tests.Tests_C' with ClassGeneratedBy '/Game/Levels/Tests.Tests:PersistentLevel.Tests'
[2016.11.09-09.07.38:622][ 73]LogBlueprintUserMessages: Late EndPlayMap Detection: Level '/Game/Levels/Tests.Tests:PersistentLevel' has LevelScriptBlueprint '/Game/Levels/Tests.Tests:PersistentLevel.Tests' with GeneratedClass '/Game/Levels/Tests.Tests_C' with ClassGeneratedBy '/Game/Levels/Tests.Tests:PersistentLevel.Tests'
[2016.11.09-09.07.53:433][807]LogEditorViewport: Clicking on Actor (LMB): MirrorsRayTrace_C (MirrorsRayTrace)
[2016.11.09-09.08.02:271][708]LogBlueprintUserMessages: Early PlayInEditor Detection: Level '/Game/Levels/Tests.Tests:PersistentLevel' has LevelScriptBlueprint '/Game/Levels/Tests.Tests:PersistentLevel.Tests' with GeneratedClass '/Game/Levels/Tests.Tests_C' with ClassGeneratedBy '/Game/Levels/Tests.Tests:PersistentLevel.Tests'
[2016.11.09-09.08.02:271][708]LogPlayLevel: PlayLevel: No blueprints needed recompiling
[2016.11.09-09.08.02:271][708]PIE: New page: PIE session: Tests (Nov 9, 2016, 11:08:02 AM)
[2016.11.09-09.08.02:271][708]LogPlayLevel: Creating play world package: /Game/Levels/UEDPIE_0_Tests
[2016.11.09-09.08.02:282][708]LogPlayLevel: PIE: StaticDuplicateObject took: (0.011590s)
[2016.11.09-09.08.02:283][708]LogAIModule: Creating AISystem for world Tests
[2016.11.09-09.08.02:283][708]LogPlayLevel: PIE: World Init took: (0.000770s)
[2016.11.09-09.08.02:283][708]LogPlayLevel: PIE: Created PIE world by copying editor world from /Game/Levels/Tests.Tests to /Game/Levels/UEDPIE_0_Tests.Tests (0.012600s)
[2016.11.09-09.08.02:294][708]LogInit: XAudio2 using 'Speakers (Realtek High Definition Audio)' : 2 channels at 48 kHz using 32 bits per sample (channel mask 0x3)
[2016.11.09-09.08.02:301][708]LogInit: FAudioDevice initialized.
[2016.11.09-09.08.02:327][708]LogWorld: Game class is 'GameMode'
[2016.11.09-09.08.02:341][708]LogWorld: Bringing World /Game/Levels/UEDPIE_0_Tests.Tests up for play (max tick rate 0) at 2016.11.09-10.08.02
[2016.11.09-09.08.02:343][708]LogWorld: Bringing up level for play took: 0.014978
[2016.11.09-09.08.02:344][708]LogGameMode:Display: Match State Changed from EnteringMap to WaitingToStart
[2016.11.09-09.08.02:344][708]LogGameState: Match State Changed from EnteringMap to WaitingToStart
[2016.11.09-09.08.02:344][708]LogGameMode:Display: Match State Changed from WaitingToStart to InProgress
[2016.11.09-09.08.02:344][708]LogGameState: Match State Changed from WaitingToStart to InProgress
[2016.11.09-09.08.02:344][708]PIE: Info Play in editor start time for /Game/Levels/UEDPIE_0_Tests 0.205
[2016.11.09-09.08.02:344][708]LogBlueprintUserMessages: Late PlayInEditor Detection: Level '/Game/Levels/Tests.Tests:PersistentLevel' has LevelScriptBlueprint '/Game/Levels/Tests.Tests:PersistentLevel.Tests' with GeneratedClass '/Game/Levels/Tests.Tests_C' with ClassGeneratedBy '/Game/Levels/Tests.Tests:PersistentLevel.Tests'
[2016.11.09-09.08.03:340][823]LogBlueprintUserMessages: [Tests_C_0] false
[2016.11.09-09.08.03:340][823]LogBlueprintUserMessages: [Tests_C_0] 2:
[2016.11.09-09.08.03:341][823]LogBlueprintUserMessages: [Tests_C_0] false
[2016.11.09-09.08.03:341][823]LogBlueprintUserMessages: [Tests_C_0] 1:
[2016.11.09-09.09.16:834][156]LogBlueprintUserMessages: Early EndPlayMap Detection: Level '/Game/Levels/Tests.Tests:PersistentLevel' has LevelScriptBlueprint '/Game/Levels/Tests.Tests:PersistentLevel.Tests' with GeneratedClass '/Game/Levels/Tests.Tests_C' with ClassGeneratedBy '/Game/Levels/Tests.Tests:PersistentLevel.Tests'
[2016.11.09-09.09.16:872][156]LogBlueprintUserMessages: Late EndPlayMap Detection: Level '/Game/Levels/Tests.Tests:PersistentLevel' has LevelScriptBlueprint '/Game/Levels/Tests.Tests:PersistentLevel.Tests' with GeneratedClass '/Game/Levels/Tests.Tests_C' with ClassGeneratedBy '/Game/Levels/Tests.Tests:PersistentLevel.Tests'
[2016.11.09-09.09.56:167][394]LogSavePackage: Save=334.93ms
[2016.11.09-09.09.56:168][394]LogSavePackage: Moving '../../../../../../Users/egimenez/Desktop/VAN/VANsGame/Mechanics/BasicMechanics/Saved/Tests695DA4184D3FC188EDC15AB12DAF2CE9.tmp' to '../../../../../../Users/egimenez/Desktop/VAN/VANsGame/Mechanics/BasicMechanics/Content/Levels/Tests.umap'
[2016.11.09-09.09.56:172][394]LogSavePackage:Display: Finished SavePackage ../../../../../../Users/egimenez/Desktop/VAN/VANsGame/Mechanics/BasicMechanics/Content/Levels/Tests.umap
[2016.11.09-09.09.58:261][598]LogCascade: Quitting Cascade. FXSystem=0x000000001F99D120
[2016.11.09-09.09.58:632][599]Cmd: QUIT_EDITOR
[2016.11.09-09.09.58:703][599]LogExit: Preparing to exit.
[2016.11.09-09.09.59:405][599]LogDirectoryWatcher: A directory notification for 'C:/Users/egimenez/Desktop/VAN/VANsGame/Mechanics/BasicMechanics/Content/' was aborted.
[2016.11.09-09.09.59:443][599]LogExit: Editor shut down
[2016.11.09-09.09.59:444][599]LogExit: Transaction tracking system shut down
[2016.11.09-09.09.59:580][599]LogObj: Freed 0b from 0 cluster array pools.
[2016.11.09-09.09.59:580][599]LogExit: Object subsystem successfully closed.
[2016.11.09-09.09.59:598][599]LogD3D11RHI: Shutdown
[2016.11.09-09.09.59:598][599]LogD3D11RHI: CleanupD3DDevice
[2016.11.09-09.09.59:657][599]LogD3D11RHI: ~FD3D11DynamicRHI
[2016.11.09-09.09.59:683][599]LogModuleManager: Shutting down and abandoning module MovieSceneCapture (237)
[2016.11.09-09.09.59:683][599]LogModuleManager: Shutting down and abandoning module DistCurveEditor (236)
[2016.11.09-09.09.59:683][599]LogModuleManager: Shutting down and abandoning module Cascade (235)
[2016.11.09-09.09.59:683][599]LogModuleManager: Shutting down and abandoning module HierarchicalLODOutliner (234)
[2016.11.09-09.09.59:683][599]LogModuleManager: Shutting down and abandoning module CrashTracker (233)
[2016.11.09-09.09.59:683][599]LogModuleManager: Shutting down and abandoning module SceneOutliner (232)
[2016.11.09-09.09.59:683][599]LogModuleManager: Shutting down and abandoning module WidgetCarousel (231)
[2016.11.09-09.09.59:683][599]LogModuleManager: Shutting down and abandoning module AddContentDialog (230)
[2016.11.09-09.09.59:683][599]LogDirectoryWatcher: A directory notification for 'C:/Program Files (x86)/Epic Games/4.13/FeaturePacks/' was aborted.
[2016.11.09-09.09.59:685][599]LogModuleManager: Shutting down and abandoning module GameplayTags (229)
[2016.11.09-09.09.59:685][599]LogModuleManager: Shutting down and abandoning module EditorWidgets (228)
[2016.11.09-09.09.59:685][599]LogModuleManager: Shutting down and abandoning module CollectionManager (227)
[2016.11.09-09.09.59:685][599]LogDirectoryWatcher: A directory notification for 'C:/Users/egimenez/Desktop/VAN/VANsGame/Mechanics/BasicMechanics/Content/Collections/' was aborted.
[2016.11.09-09.09.59:685][599]LogDirectoryWatcher: A directory notification for 'C:/Users/egimenez/Desktop/VAN/VANsGame/Mechanics/BasicMechanics/Content/Developers/egimenez/Collections/' was aborted.
[2016.11.09-09.09.59:685][599]LogDirectoryWatcher: A directory notification for 'C:/Users/egimenez/Desktop/VAN/VANsGame/Mechanics/BasicMechanics/Saved/Collections/' was aborted.
[2016.11.09-09.09.59:685][599]LogModuleManager: Shutting down and abandoning module StatsViewer (226)
[2016.11.09-09.09.59:685][599]LogModuleManager: Shutting down and abandoning module FoliageEdit (225)
[2016.11.09-09.09.59:685][599]LogModuleManager: Shutting down and abandoning module LandscapeEditor (224)
[2016.11.09-09.09.59:685][599]LogModuleManager: Shutting down and abandoning module SceneDepthPickerMode (223)
[2016.11.09-09.09.59:685][599]LogModuleManager: Shutting down and abandoning module ActorPickerMode (222)
[2016.11.09-09.09.59:685][599]LogModuleManager: Shutting down and abandoning module GeometryMode (221)
[2016.11.09-09.09.59:685][599]LogModuleManager: Shutting down and abandoning module TextureAlignMode (220)
[2016.11.09-09.09.59:685][599]LogModuleManager: Shutting down and abandoning module BspMode (219)
[2016.11.09-09.09.59:685][599]LogModuleManager: Shutting down and abandoning module HardwareSurvey (218)
[2016.11.09-09.09.59:685][599]LogModuleManager: Shutting down and abandoning module SequenceRecorderSections (217)
[2016.11.09-09.09.59:685][599]LogModuleManager: Shutting down and abandoning module SequenceRecorder (216)
[2016.11.09-09.09.59:685][599]LogModuleManager: Shutting down and abandoning module AutomationWorker (215)
[2016.11.09-09.09.59:685][599]LogModuleManager: Shutting down and abandoning module MatineeToLevelSequence (214)
[2016.11.09-09.09.59:685][599]LogModuleManager: Shutting down and abandoning module PlacementMode (213)
[2016.11.09-09.09.59:685][599]LogModuleManager: Shutting down and abandoning module LevelSequenceEditor (212)
[2016.11.09-09.09.59:685][599]LogModuleManager: Shutting down and abandoning module WmfMediaFactory (211)
[2016.11.09-09.09.59:685][599]LogModuleManager: Shutting down and abandoning module WmfMediaEditor (210)
[2016.11.09-09.09.59:685][599]LogModuleManager: Shutting down and abandoning module AvfMediaFactory (209)
[2016.11.09-09.09.59:685][599]LogModuleManager: Shutting down and abandoning module AvfMediaEditor (208)
[2016.11.09-09.09.59:685][599]LogModuleManager: Shutting down and abandoning module Media (207)
[2016.11.09-09.09.59:685][599]LogModuleManager: Shutting down and abandoning module AndroidMediaFactory (206)
[2016.11.09-09.09.59:685][599]LogModuleManager: Shutting down and abandoning module AndroidMediaEditor (205)
[2016.11.09-09.09.59:685][599]LogModuleManager: Shutting down and abandoning module CharacterAI (204)
[2016.11.09-09.09.59:686][599]LogModuleManager: Shutting down and abandoning module SmartSnapping (203)
[2016.11.09-09.09.59:686][599]LogModuleManager: Shutting down and abandoning module SessionServices (202)
[2016.11.09-09.09.59:686][599]LogModuleManager: Shutting down and abandoning module ViewportSnapping (201)
[2016.11.09-09.09.59:686][599]LogModuleManager: Shutting down and abandoning module ViewportInteraction (200)
[2016.11.09-09.09.59:686][599]LogModuleManager: Shutting down and abandoning module LogVisualizer (199)
[2016.11.09-09.09.59:686][599]LogModuleManager: Shutting down and abandoning module GameProjectGeneration (198)
[2016.11.09-09.09.59:686][599]LogModuleManager: Shutting down and abandoning module IntroTutorials (197)
[2016.11.09-09.09.59:686][599]LogModuleManager: Shutting down and abandoning module EditorLiveStreaming (196)
[2016.11.09-09.09.59:686][599]LogModuleManager: Shutting down and abandoning module IOSPlatformEditor (195)
[2016.11.09-09.09.59:686][599]LogModuleManager: Shutting down and abandoning module HTML5PlatformEditor (194)
[2016.11.09-09.09.59:686][599]LogModuleManager: Shutting down and abandoning module AndroidDeviceDetection (193)
[2016.11.09-09.10.00:272][599]LogModuleManager: Shutting down and abandoning module AndroidPlatformEditor (192)
[2016.11.09-09.10.00:273][599]LogModuleManager: Shutting down and abandoning module IOSRuntimeSettings (191)
[2016.11.09-09.10.00:273][599]LogModuleManager: Shutting down and abandoning module AndroidRuntimeSettings (190)
[2016.11.09-09.10.00:273][599]LogModuleManager: Shutting down and abandoning module NiagaraEditor (189)
[2016.11.09-09.10.00:273][599]LogModuleManager: Shutting down and abandoning module MergeActors (188)
[2016.11.09-09.10.00:273][599]LogModuleManager: Shutting down and abandoning module SizeMap (187)
[2016.11.09-09.10.00:273][599]LogModuleManager: Shutting down and abandoning module TreeMap (186)
[2016.11.09-09.10.00:273][599]LogModuleManager: Shutting down and abandoning module ReferenceViewer (185)
[2016.11.09-09.10.00:273][599]LogModuleManager: Shutting down and abandoning module LocalizationService (184)
[2016.11.09-09.10.00:273][599]LogModuleManager: Shutting down and abandoning module LocalizationDashboard (183)
[2016.11.09-09.10.00:273][599]LogModuleManager: Shutting down and abandoning module HardwareTargeting (182)
[2016.11.09-09.10.00:273][599]LogModuleManager: Shutting down and abandoning module DeviceProfileEditor (181)
[2016.11.09-09.10.00:273][599]LogModuleManager: Shutting down and abandoning module UndoHistory (180)
[2016.11.09-09.10.00:273][599]LogModuleManager: Shutting down and abandoning module UserFeedback (179)
[2016.11.09-09.10.00:273][599]LogModuleManager: Shutting down and abandoning module XmlParser (178)
[2016.11.09-09.10.00:273][599]LogModuleManager: Shutting down and abandoning module Blutility (177)
[2016.11.09-09.10.00:273][599]LogModuleManager: Shutting down and abandoning module ProjectTargetPlatformEditor (176)
[2016.11.09-09.10.00:274][599]LogModuleManager: Shutting down and abandoning module ProjectSettingsViewer (175)
[2016.11.09-09.10.00:274][599]LogModuleManager: Shutting down and abandoning module InputBindingEditor (174)
[2016.11.09-09.10.00:274][599]LogModuleManager: Shutting down and abandoning module EditorSettingsViewer (173)
[2016.11.09-09.10.00:274][599]LogModuleManager: Shutting down and abandoning module SettingsEditor (172)
[2016.11.09-09.10.00:274][599]LogModuleManager: Shutting down and abandoning module ProjectLauncher (171)
[2016.11.09-09.10.00:274][599]LogModuleManager: Shutting down and abandoning module SessionFrontend (170)
[2016.11.09-09.10.00:274][599]LogModuleManager: Shutting down and abandoning module ProfilerClient (169)
[2016.11.09-09.10.00:274][599]LogModuleManager: Shutting down and abandoning module TargetDeviceServices (168)
[2016.11.09-09.10.00:275][599]LogModuleManager: Shutting down and abandoning module DeviceManager (167)
[2016.11.09-09.10.00:315][599]LogModuleManager: Shutting down and abandoning module AutomationController (166)
[2016.11.09-09.10.00:315][599]LogModuleManager: Shutting down and abandoning module AutomationWindow (165)
[2016.11.09-09.10.00:315][599]LogModuleManager: Shutting down and abandoning module Layers (164)
[2016.11.09-09.10.00:315][599]LogModuleManager: Shutting down and abandoning module ComponentVisualizers (163)
[2016.11.09-09.10.00:315][599]LogModuleManager: Shutting down and abandoning module DetailCustomizations (162)
[2016.11.09-09.10.00:315][599]LogModuleManager: Shutting down and abandoning module PackagesDialog (161)
[2016.11.09-09.10.00:315][599]LogModuleManager: Shutting down and abandoning module AnimGraph (160)
[2016.11.09-09.10.00:315][599]LogModuleManager: Shutting down and abandoning module Persona (159)
[2016.11.09-09.10.00:315][599]LogModuleManager: Shutting down and abandoning module Kismet (158)
[2016.11.09-09.10.00:318][599]LogModuleManager: Shutting down and abandoning module GraphEditor (157)
[2016.11.09-09.10.00:318][599]LogModuleManager: Shutting down and abandoning module ClassViewer (156)
[2016.11.09-09.10.00:318][599]LogModuleManager: Shutting down and abandoning module Toolbox (155)
[2016.11.09-09.10.00:318][599]LogModuleManager: Shutting down and abandoning module ModuleUI (154)
[2016.11.09-09.10.00:318][599]LogModuleManager: Shutting down and abandoning module MovieSceneTools (153)
[2016.11.09-09.10.00:318][599]LogModuleManager: Shutting down and abandoning module OutputLog (152)
[2016.11.09-09.10.00:318][599]LogModuleManager: Shutting down and abandoning module GammaUI (151)
[2016.11.09-09.10.00:318][599]LogModuleManager: Shutting down and abandoning module Documentation (150)
[2016.11.09-09.10.00:318][599]LogModuleManager: Shutting down and abandoning module Niagara (149)
[2016.11.09-09.10.00:318][599]LogModuleManager: Shutting down and abandoning module StreamingPauseRendering (148)
[2016.11.09-09.10.00:318][599]LogModuleManager: Shutting down and abandoning module AnalyticsET (147)
[2016.11.09-09.10.00:318][599]LogModuleManager: Shutting down and abandoning module PortalServices (146)
[2016.11.09-09.10.00:318][599]LogModuleManager: Shutting down and abandoning module PortalRpc (145)
[2016.11.09-09.10.00:318][599]LogModuleManager: Shutting down and abandoning module MessagingRpc (144)
[2016.11.09-09.10.00:318][599]LogModuleManager: Shutting down and abandoning module GameplayDebugger (143)
[2016.11.09-09.10.00:318][599]LogModuleManager: Shutting down and abandoning module AITestSuite (142)
[2016.11.09-09.10.00:319][599]LogModuleManager: Shutting down and abandoning module AIModule (141)
[2016.11.09-09.10.00:319][599]LogModuleManager: Shutting down and abandoning module ProfilerService (140)
[2016.11.09-09.10.00:501][599]LogModuleManager: Shutting down and abandoning module TaskGraph (139)
[2016.11.09-09.10.00:501][599]LogModuleManager: Shutting down and abandoning module SlateRemote (138)
[2016.11.09-09.10.00:502][599]LogModuleManager: Shutting down and abandoning module SteamVRController (137)
[2016.11.09-09.10.00:502][599]LogModuleManager: Shutting down and abandoning module SteamVR (136)
[2016.11.09-09.10.00:502][599]LogModuleManager: Shutting down and abandoning module ProceduralMeshComponentEditor (135)
[2016.11.09-09.10.00:502][599]LogModuleManager: Shutting down and abandoning module ProceduralMeshComponent (134)
[2016.11.09-09.10.00:502][599]LogModuleManager: Shutting down and abandoning module OculusLibrary (133)
[2016.11.09-09.10.00:502][599]LogModuleManager: Shutting down and abandoning module OculusInput (132)
[2016.11.09-09.10.00:502][599]LogModuleManager: Shutting down and abandoning module CustomMeshComponent (131)
[2016.11.09-09.10.00:502][599]LogModuleManager: Shutting down and abandoning module CableComponent (130)
[2016.11.09-09.10.00:502][599]LogModuleManager: Shutting down and abandoning module ArchVisCharacter (129)
[2016.11.09-09.10.00:502][599]LogModuleManager: Shutting down and abandoning module MediaPlayerEditor (127)
[2016.11.09-09.10.00:502][599]LogModuleManager: Shutting down and abandoning module HTML5Networking (126)
[2016.11.09-09.10.00:502][599]LogModuleManager: Shutting down and abandoning module GeometryCacheEd (125)
[2016.11.09-09.10.00:502][599]LogModuleManager: Shutting down and abandoning module GeometryCache (124)
[2016.11.09-09.10.00:502][599]LogModuleManager: Shutting down and abandoning module AlembicLibrary (123)
[2016.11.09-09.10.00:502][599]LogModuleManager: Shutting down and abandoning module AlembicImporter (122)
[2016.11.09-09.10.00:502][599]LogModuleManager: Shutting down and abandoning module SuperSearch (121)
[2016.11.09-09.10.00:502][599]LogModuleManager: Shutting down and abandoning module SuperSearchEditor (120)
[2016.11.09-09.10.00:502][599]LogModuleManager: Shutting down and abandoning module SpeedTreeImporter (119)
[2016.11.09-09.10.00:502][599]LogModuleManager: Shutting down and abandoning module PluginBrowser (118)
[2016.11.09-09.10.00:502][599]LogModuleManager: Shutting down and abandoning module MobileLauncherProfileWizard (117)
[2016.11.09-09.10.00:502][599]LogModuleManager: Shutting down and abandoning module EpicSurvey (116)
[2016.11.09-09.10.00:502][599]LogModuleManager: Shutting down and abandoning module DesktopPlatform (115)
[2016.11.09-09.10.00:502][599]LogModuleManager: Shutting down and abandoning module VisualStudioSourceCodeAccess (114)
[2016.11.09-09.10.00:502][599]LogModuleManager: Shutting down and abandoning module UObjectPlugin (113)
[2016.11.09-09.10.00:502][599]LogModuleManager: Shutting down and abandoning module SubversionSourceControl (112)
[2016.11.09-09.10.00:502][599]LogModuleManager: Shutting down and abandoning module PerforceSourceControl (111)
[2016.11.09-09.10.00:502][599]LogModuleManager: Shutting down and abandoning module SourceControl (110)
[2016.11.09-09.10.00:502][599]LogModuleManager: Shutting down and abandoning module GitSourceControl (109)
[2016.11.09-09.10.00:502][599]LogModuleManager: Shutting down and abandoning module LightPropagationVolumeEditor (108)
[2016.11.09-09.10.00:502][599]LogModuleManager: Shutting down and abandoning module PaperTiledImporter (107)
[2016.11.09-09.10.00:502][599]LogModuleManager: Shutting down and abandoning module PaperSpriteSheetImporter (106)
[2016.11.09-09.10.00:502][599]LogModuleManager: Shutting down and abandoning module MeshPaint (105)
[2016.11.09-09.10.00:502][599]LogModuleManager: Shutting down and abandoning module FbxAutomationBuilderModule (104)
[2016.11.09-09.10.00:502][599]LogModuleManager: Shutting down and abandoning module PixelInspectorModule (103)
[2016.11.09-09.10.00:502][599]LogModuleManager: Shutting down and abandoning module HotReload (102)
[2016.11.09-09.10.00:503][599]LogModuleManager: Shutting down and abandoning module MainFrame (101)
[2016.11.09-09.10.00:503][599]LogModuleManager: Shutting down and abandoning module LevelEditor (100)
[2016.11.09-09.10.00:504][599]LogModuleManager: Shutting down and abandoning module ContentBrowser (99)
[2016.11.09-09.10.00:505][599]LogModuleManager: Shutting down and abandoning module Paper2DEditor (98)
[2016.11.09-09.10.00:505][599]LogModuleManager: Shutting down and abandoning module UdpMessaging (97)
[2016.11.09-09.10.00:605][599]LogModuleManager: Shutting down and abandoning module TcpMessaging (96)
[2016.11.09-09.10.00:705][599]LogModuleManager: Shutting down and abandoning module LightPropagationVolumeRuntime (95)
[2016.11.09-09.10.00:705][599]LogModuleManager: Shutting down and abandoning module Paper2D (94)
[2016.11.09-09.10.00:705][599]LogModuleManager: Shutting down and abandoning module WindowsMoviePlayer (93)
[2016.11.09-09.10.00:705][599]LogModuleManager: Shutting down and abandoning module WmfMedia (92)
[2016.11.09-09.10.00:706][599]LogModuleManager: Shutting down and abandoning module MediaAssets (91)
[2016.11.09-09.10.00:706][599]LogModuleManager: Shutting down and abandoning module GameLiveStreaming (90)
[2016.11.09-09.10.00:706][599]LogModuleManager: Shutting down and abandoning module GameplayTagsEditor (89)
[2016.11.09-09.10.00:706][599]LogModuleManager: Shutting down and abandoning module EnvironmentQueryEditor (88)
[2016.11.09-09.10.00:706][599]LogModuleManager: Shutting down and abandoning module VREditor (87)
[2016.11.09-09.10.00:706][599]LogModuleManager: Shutting down and abandoning module GameplayTasksEditor (86)
[2016.11.09-09.10.00:706][599]LogModuleManager: Shutting down and abandoning module PropertyEditor (85)
[2016.11.09-09.10.00:706][599]LogModuleManager: Shutting down and abandoning module BehaviorTreeEditor (84)
[2016.11.09-09.10.00:707][599]LogModuleManager: Shutting down and abandoning module FunctionalTesting (83)
[2016.11.09-09.10.00:707][599]LogModuleManager: Shutting down and abandoning module CollisionAnalyzer (82)
[2016.11.09-09.10.00:707][599]LogModuleManager: Shutting down and abandoning module Sequencer (81)
[2016.11.09-09.10.00:707][599]LogModuleManager: Shutting down and abandoning module WorkspaceMenuStructure (80)
[2016.11.09-09.10.00:707][599]LogModuleManager: Shutting down and abandoning module MessageLog (79)
[2016.11.09-09.10.00:707][599]LogModuleManager: Shutting down and abandoning module AssetTools (78)
[2016.11.09-09.10.00:707][599]LogModuleManager: Shutting down and abandoning module UMGEditor (77)
[2016.11.09-09.10.00:708][599]LogModuleManager: Shutting down and abandoning module UMG (76)
[2016.11.09-09.10.00:708][599]LogModuleManager: Shutting down and abandoning module SlateReflector (75)
[2016.11.09-09.10.00:708][599]LogModuleManager: Shutting down and abandoning module Slate (74)
[2016.11.09-09.10.00:708][599]LogModuleManager: Shutting down and abandoning module EditorStyle (73)
[2016.11.09-09.10.00:714][599]LogModuleManager: Shutting down and abandoning module SourceCodeAccess (72)
[2016.11.09-09.10.00:714][599]LogModuleManager: Shutting down and abandoning module HeadMountedDisplay (71)
[2016.11.09-09.10.00:714][599]LogModuleManager: Shutting down and abandoning module XAudio2 (70)
[2016.11.09-09.10.00:714][599]LogModuleManager: Shutting down and abandoning module Networking (68)
[2016.11.09-09.10.00:714][599]LogModuleManager: Shutting down and abandoning module Core (67)
[2016.11.09-09.10.00:714][599]LogModuleManager: Shutting down and abandoning module DirectoryWatcher (66)
[2016.11.09-09.10.00:714][599]LogDirectoryWatcher: A directory notification for '../../../Engine/Content/' was aborted.
[2016.11.09-09.10.00:714][599]LogDirectoryWatcher: A directory notification for '../../../../../../Users/egimenez/Desktop/VAN/VANsGame/Mechanics/BasicMechanics/Content/' was aborted.
[2016.11.09-09.10.00:714][599]LogDirectoryWatcher: A directory notification for '../../../Engine/Plugins/2D/Paper2D/Content/' was aborted.
[2016.11.09-09.10.00:715][599]LogModuleManager: Shutting down and abandoning module AssetRegistry (65)
[2016.11.09-09.10.00:964][599]LogModuleManager: Shutting down and abandoning module KismetCompiler (64)
[2016.11.09-09.10.00:964][599]LogModuleManager: Shutting down and abandoning module PhysXFormats (63)
[2016.11.09-09.10.00:964][599]LogModuleManager: Shutting down and abandoning module MeshUtilities (62)
[2016.11.09-09.10.00:964][599]LogModuleManager: Shutting down and abandoning module DerivedDataCache (61)
[2016.11.09-09.10.01:058][599]LogDerivedDataCache: Shutdown
[2016.11.09-09.10.01:058][599]LogModuleManager: Shutting down and abandoning module VulkanShaderFormat (60)
[2016.11.09-09.10.01:058][599]LogModuleManager: Shutting down and abandoning module ShaderFormatOpenGL (59)
[2016.11.09-09.10.01:058][599]LogModuleManager: Shutting down and abandoning module ShaderFormatD3D (58)
[2016.11.09-09.10.01:058][599]LogModuleManager: Shutting down and abandoning module MetalShaderFormat (57)
[2016.11.09-09.10.01:058][599]LogModuleManager: Shutting down and abandoning module TextureFormatUncompressed (56)
[2016.11.09-09.10.01:058][599]LogModuleManager: Shutting down and abandoning module TextureFormatPVR (55)
[2016.11.09-09.10.01:058][599]LogModuleManager: Shutting down and abandoning module TextureFormatDXT (54)
[2016.11.09-09.10.01:058][599]LogModuleManager: Shutting down and abandoning module TextureFormatIntelISPCTexComp (53)
[2016.11.09-09.10.01:058][599]LogModuleManager: Shutting down and abandoning module ImageWrapper (52)
[2016.11.09-09.10.01:058][599]LogModuleManager: Shutting down and abandoning module TextureFormatASTC (51)
[2016.11.09-09.10.01:058][599]LogModuleManager: Shutting down and abandoning module TextureFormatAndroid (50)
[2016.11.09-09.10.01:058][599]LogModuleManager: Shutting down and abandoning module AudioFormatOpus (49)
[2016.11.09-09.10.01:058][599]LogModuleManager: Shutting down and abandoning module AudioFormatOgg (48)
[2016.11.09-09.10.01:058][599]LogModuleManager: Shutting down and abandoning module AudioFormatADPCM (47)
[2016.11.09-09.10.01:058][599]LogModuleManager: Shutting down and abandoning module LinuxTargetPlatform (46)
[2016.11.09-09.10.01:058][599]LogModuleManager: Shutting down and abandoning module LinuxServerTargetPlatform (45)
[2016.11.09-09.10.01:059][599]LogModuleManager: Shutting down and abandoning module LinuxNoEditorTargetPlatform (44)
[2016.11.09-09.10.01:059][599]LogModuleManager: Shutting down and abandoning module LinuxClientTargetPlatform (43)
[2016.11.09-09.10.01:059][599]LogModuleManager: Shutting down and abandoning module TVOSTargetPlatform (42)
[2016.11.09-09.10.01:059][599]LogModuleManager: Shutting down and abandoning module Messaging (41)
[2016.11.09-09.10.01:059][599]LogModuleManager: Shutting down and abandoning module IOSTargetPlatform (40)
[2016.11.09-09.10.01:059][599]LogModuleManager: Shutting down and abandoning module HTML5TargetPlatform (39)
[2016.11.09-09.10.01:059][599]LogModuleManager: Shutting down and abandoning module Android_PVRTCTargetPlatform (38)
[2016.11.09-09.10.01:059][599]LogModuleManager: Shutting down and abandoning module Android_MultiTargetPlatform (37)
[2016.11.09-09.10.01:059][599]LogModuleManager: Shutting down and abandoning module Android_ETC2TargetPlatform (36)
[2016.11.09-09.10.01:059][599]LogModuleManager: Shutting down and abandoning module Android_ETC1TargetPlatform (35)
[2016.11.09-09.10.01:059][599]LogModuleManager: Shutting down and abandoning module Android_DXTTargetPlatform (34)
[2016.11.09-09.10.01:059][599]LogModuleManager: Shutting down and abandoning module Android_ATCTargetPlatform (33)
[2016.11.09-09.10.01:059][599]LogModuleManager: Shutting down and abandoning module Android_ASTCTargetPlatform (32)
[2016.11.09-09.10.01:059][599]LogModuleManager: Shutting down and abandoning module AndroidTargetPlatform (31)
[2016.11.09-09.10.01:059][599]LogModuleManager: Shutting down and abandoning module WindowsTargetPlatform (30)
[2016.11.09-09.10.01:059][599]LogModuleManager: Shutting down and abandoning module WindowsServerTargetPlatform (29)
[2016.11.09-09.10.01:059][599]LogModuleManager: Shutting down and abandoning module WindowsNoEditorTargetPlatform (28)
[2016.11.09-09.10.01:059][599]LogModuleManager: Shutting down and abandoning module WindowsClientTargetPlatform (27)
[2016.11.09-09.10.01:059][599]LogModuleManager: Shutting down and abandoning module AllDesktopTargetPlatform (26)
[2016.11.09-09.10.01:059][599]LogModuleManager: Shutting down and abandoning module TargetPlatform (25)
[2016.11.09-09.10.01:059][599]LogModuleManager: Shutting down and abandoning module InputCore (24)
[2016.11.09-09.10.01:059][599]LogModuleManager: Shutting down and abandoning module Settings (23)
[2016.11.09-09.10.01:059][599]LogModuleManager: Shutting down and abandoning module OculusRift (22)
[2016.11.09-09.10.01:059][599]LogModuleManager: Shutting down and abandoning module GearVR (21)
[2016.11.09-09.10.01:059][599]LogModuleManager: Shutting down and abandoning module ExampleDeviceProfileSelector (20)
[2016.11.09-09.10.01:059][599]LogModuleManager: Shutting down and abandoning module OnlineBlueprintSupport (19)
[2016.11.09-09.10.01:059][599]LogModuleManager: Shutting down and abandoning module OnlineSubsystem (17)
[2016.11.09-09.10.01:059][599]LogOnline:Display: Unloading online subsystem: NULL
[2016.11.09-09.10.01:060][599]LogModuleManager: Shutting down and abandoning module HTTP (16)
[2016.11.09-09.10.01:060][599]LogHttp:Display: Http module shutting down, but needs to wait on 1 outstanding Http requests:
[2016.11.09-09.10.01:060][599]LogHttp:Display: 	verb=[POST] url=[https://datarouter.ol.epicgames.com/datarouter/api/v1/public/data?SessionID=%7B2F8FC7FB-479E-517A-917D-52B682E2644C%7D&AppID=UEEditor.Rocket.Release&AppVersion=4.13.1-3142249%2B%2B%2BUE4%2BRelease-4.13&UserID=2f021e9640f34e1b79125c885e74038b%7Ca87b32ece6994b04a16f0bd7f6ed0b63%7Ce7b4e52c-2add-4ef6-a14c-b99df0828af2&AppEnvironment=datacollector-binary&UploadType=eteventstream] status=Processing
[2016.11.09-09.10.01:082][599]LogModuleManager: Shutting down and abandoning module XMPP (15)
[2016.11.09-09.10.01:082][599]LogModuleManager: Shutting down and abandoning module TextureCompressor (14)
[2016.11.09-09.10.01:082][599]LogModuleManager: Shutting down and abandoning module ShaderCore (13)
[2016.11.09-09.10.01:082][599]LogModuleManager: Shutting down and abandoning module Landscape (12)
[2016.11.09-09.10.01:082][599]LogModuleManager: Shutting down and abandoning module SlateRHIRenderer (11)
[2016.11.09-09.10.01:085][599]LogModuleManager: Shutting down and abandoning module OpenGLDrv (10)
[2016.11.09-09.10.01:085][599]LogModuleManager: Shutting down and abandoning module D3D11RHI (9)
[2016.11.09-09.10.01:085][599]LogModuleManager: Shutting down and abandoning module AnimGraphRuntime (8)
[2016.11.09-09.10.01:085][599]LogModuleManager: Shutting down and abandoning module Renderer (7)
[2016.11.09-09.10.01:085][599]LogModuleManager: Shutting down and abandoning module Engine (6)
[2016.11.09-09.10.01:085][599]LogModuleManager: Shutting down and abandoning module CoreUObject (5)
[2016.11.09-09.10.01:085][599]LogModuleManager: Shutting down and abandoning module NetworkFile (4)
[2016.11.09-09.10.01:085][599]LogModuleManager: Shutting down and abandoning module StreamingFile (3)
[2016.11.09-09.10.01:085][599]LogModuleManager: Shutting down and abandoning module SandboxFile (2)
[2016.11.09-09.10.01:085][599]LogModuleManager: Shutting down and abandoning module PakFile (1)
[2016.11.09-09.10.01:090][599]LogExit: Exiting.
[2016.11.09-09.10.01:139][599]Log file closed, 11/09/16 10:10:01
