Log file open, 05/17/17 04:38:33
LogInit:Display: Running engine for game: BasicMechanics
LogPlatformFile: Not using cached read wrapper
LogInit:Display: RandInit(2135742203) SRandInit(2135742203).
LogTaskGraph: Started task graph with 5 named threads and 6 total threads with 1 sets of task threads.
LogStats: Stats thread started at 0.078426
LogPluginManager: Loaded Plugin Paper2D, From C:/Program Files/Epic Games/UE_4.14/Engine/Plugins/2D/Paper2D/Paper2D.uplugin
LogPluginManager: Loaded Plugin LightPropagationVolume, From C:/Program Files/Epic Games/UE_4.14/Engine/Plugins/Blendables/LightPropagationVolume/LightPropagationVolume.uplugin
LogPluginManager: Loaded Plugin BlankPlugin, From C:/Program Files/Epic Games/UE_4.14/Engine/Plugins/Developer/BlankPlugin/BlankPlugin.uplugin
LogPluginManager: Loaded Plugin CodeLiteSourceCodeAccess, From C:/Program Files/Epic Games/UE_4.14/Engine/Plugins/Developer/CodeLiteSourceCodeAccess/CodeLiteSourceCodeAccess.uplugin
LogPluginManager: Loaded Plugin GitSourceControl, From C:/Program Files/Epic Games/UE_4.14/Engine/Plugins/Developer/GitSourceControl/GitSourceControl.uplugin
LogPluginManager: Loaded Plugin KDevelopSourceCodeAccess, From C:/Program Files/Epic Games/UE_4.14/Engine/Plugins/Developer/KDevelopSourceCodeAccess/KDevelopSourceCodeAccess.uplugin
LogPluginManager: Loaded Plugin NullSourceCodeAccess, From C:/Program Files/Epic Games/UE_4.14/Engine/Plugins/Developer/NullSourceCodeAccess/NullSourceCodeAccess.uplugin
LogPluginManager: Loaded Plugin OneSkyLocalizationService, From C:/Program Files/Epic Games/UE_4.14/Engine/Plugins/Developer/OneSkyLocalizationService/OneSkyLocalizationService.uplugin
LogPluginManager: Loaded Plugin PerforceSourceControl, From C:/Program Files/Epic Games/UE_4.14/Engine/Plugins/Developer/PerforceSourceControl/PerforceSourceControl.uplugin
LogPluginManager: Loaded Plugin SubversionSourceControl, From C:/Program Files/Epic Games/UE_4.14/Engine/Plugins/Developer/SubversionSourceControl/SubversionSourceControl.uplugin
LogPluginManager: Loaded Plugin UObjectPlugin, From C:/Program Files/Epic Games/UE_4.14/Engine/Plugins/Developer/UObjectPlugin/UObjectPlugin.uplugin
LogPluginManager: Loaded Plugin VisualStudioSourceCodeAccess, From C:/Program Files/Epic Games/UE_4.14/Engine/Plugins/Developer/VisualStudioSourceCodeAccess/VisualStudioSourceCodeAccess.uplugin
LogPluginManager: Loaded Plugin XCodeSourceCodeAccess, From C:/Program Files/Epic Games/UE_4.14/Engine/Plugins/Developer/XCodeSourceCodeAccess/XCodeSourceCodeAccess.uplugin
LogPluginManager: Loaded Plugin AudioCapture, From C:/Program Files/Epic Games/UE_4.14/Engine/Plugins/Editor/AudioCapture/AudioCapture.uplugin
LogPluginManager: Loaded Plugin EpicSurvey, From C:/Program Files/Epic Games/UE_4.14/Engine/Plugins/Editor/EpicSurvey/EpicSurvey.uplugin
LogPluginManager: Loaded Plugin MacGraphicsSwitching, From C:/Program Files/Epic Games/UE_4.14/Engine/Plugins/Editor/MacGraphicsSwitching/MacGraphicsSwitching.uplugin
LogPluginManager: Loaded Plugin MobileLauncherProfileWizard, From C:/Program Files/Epic Games/UE_4.14/Engine/Plugins/Editor/MobileLauncherProfileWizard/MobileLauncherProfileWizard.uplugin
LogPluginManager: Loaded Plugin PluginBrowser, From C:/Program Files/Epic Games/UE_4.14/Engine/Plugins/Editor/PluginBrowser/PluginBrowser.uplugin
LogPluginManager: Loaded Plugin SpeedTreeImporter, From C:/Program Files/Epic Games/UE_4.14/Engine/Plugins/Editor/SpeedTreeImporter/SpeedTreeImporter.uplugin
LogPluginManager: Loaded Plugin SuperSearchEditor, From C:/Program Files/Epic Games/UE_4.14/Engine/Plugins/Editor/SuperSearchEditor/SuperSearchEditor.uplugin
LogPluginManager: Loaded Plugin AlembicImporter, From C:/Program Files/Epic Games/UE_4.14/Engine/Plugins/Experimental/AlembicImporter/AlembicImporter.uplugin
LogPluginManager: Loaded Plugin BlueprintStats, From C:/Program Files/Epic Games/UE_4.14/Engine/Plugins/Experimental/BlueprintStats/BlueprintStats.uplugin
LogPluginManager: Loaded Plugin CharacterAI, From C:/Program Files/Epic Games/UE_4.14/Engine/Plugins/Experimental/CharacterAI/CharacterAI.uplugin
LogPluginManager: Loaded Plugin CodeEditor, From C:/Program Files/Epic Games/UE_4.14/Engine/Plugins/Experimental/CodeEditor/CodeEditor.uplugin
LogPluginManager: Loaded Plugin CodeView, From C:/Program Files/Epic Games/UE_4.14/Engine/Plugins/Experimental/CodeView/CodeView.uplugin
LogPluginManager: Loaded Plugin HTML5Networking, From C:/Program Files/Epic Games/UE_4.14/Engine/Plugins/Experimental/HTML5Networking/HTML5Networking.uplugin
LogPluginManager: Loaded Plugin OSVR, From C:/Program Files/Epic Games/UE_4.14/Engine/Plugins/Experimental/OSVR/OSVR.uplugin
LogPluginManager: Loaded Plugin Phya, From C:/Program Files/Epic Games/UE_4.14/Engine/Plugins/Experimental/Phya/Phya.uplugin
LogPluginManager: Loaded Plugin SignificanceManager, From C:/Program Files/Epic Games/UE_4.14/Engine/Plugins/Experimental/SignificanceManager/SignificanceManager.uplugin
LogPluginManager: Loaded Plugin SimpleHMD, From C:/Program Files/Epic Games/UE_4.14/Engine/Plugins/Experimental/SimpleHMD/SimpleHMD.uplugin
LogPluginManager: Loaded Plugin StereoPanorama, From C:/Program Files/Epic Games/UE_4.14/Engine/Plugins/Experimental/StereoPanorama/StereoPanorama.uplugin
LogPluginManager: Loaded Plugin StructBox, From C:/Program Files/Epic Games/UE_4.14/Engine/Plugins/Experimental/StructBox/StructBox.uplugin
LogPluginManager: Loaded Plugin AndroidMedia, From C:/Program Files/Epic Games/UE_4.14/Engine/Plugins/Media/AndroidMedia/AndroidMedia.uplugin
LogPluginManager: Loaded Plugin AvfMedia, From C:/Program Files/Epic Games/UE_4.14/Engine/Plugins/Media/AvfMedia/AvfMedia.uplugin
LogPluginManager: Loaded Plugin MediaPlayerEditor, From C:/Program Files/Epic Games/UE_4.14/Engine/Plugins/Media/MediaPlayerEditor/MediaPlayerEditor.uplugin
LogPluginManager: Loaded Plugin WmfMedia, From C:/Program Files/Epic Games/UE_4.14/Engine/Plugins/Media/WmfMedia/WmfMedia.uplugin
LogPluginManager: Loaded Plugin MessagingDebugger, From C:/Program Files/Epic Games/UE_4.14/Engine/Plugins/Messaging/MessagingDebugger/MessagingDebugger.uplugin
LogPluginManager: Loaded Plugin TcpMessaging, From C:/Program Files/Epic Games/UE_4.14/Engine/Plugins/Messaging/TcpMessaging/TcpMessaging.uplugin
LogPluginManager: Loaded Plugin UdpMessaging, From C:/Program Files/Epic Games/UE_4.14/Engine/Plugins/Messaging/UdpMessaging/UdpMessaging.uplugin
LogPluginManager: Loaded Plugin LevelSequenceEditor, From C:/Program Files/Epic Games/UE_4.14/Engine/Plugins/MovieScene/LevelSequenceEditor/LevelSequenceEditor.uplugin
LogPluginManager: Loaded Plugin MatineeToLevelSequence, From C:/Program Files/Epic Games/UE_4.14/Engine/Plugins/MovieScene/MatineeToLevelSequence/MatineeToLevelSequence.uplugin
LogPluginManager: Loaded Plugin NetcodeUnitTest, From C:/Program Files/Epic Games/UE_4.14/Engine/Plugins/NetcodeUnitTest/NetcodeUnitTest/NetcodeUnitTest.uplugin
LogPluginManager: Loaded Plugin NUTUnrealEngine4, From C:/Program Files/Epic Games/UE_4.14/Engine/Plugins/NetcodeUnitTest/NUTUnrealEngine4/NUTUnrealEngine4.uplugin
LogPluginManager: Loaded Plugin OnlineSubsystemGameCircle, From C:/Program Files/Epic Games/UE_4.14/Engine/Plugins/Online/Android/OnlineSubsystemGameCircle/OnlineSubsystemGameCircle.uplugin
LogPluginManager: Loaded Plugin OnlineSubsystemGooglePlay, From C:/Program Files/Epic Games/UE_4.14/Engine/Plugins/Online/Android/OnlineSubsystemGooglePlay/OnlineSubsystemGooglePlay.uplugin
LogPluginManager: Loaded Plugin OnlineSubsystemIOS, From C:/Program Files/Epic Games/UE_4.14/Engine/Plugins/Online/IOS/OnlineSubsystemIOS/OnlineSubsystemIOS.uplugin
LogPluginManager: Loaded Plugin OnlineFramework, From C:/Program Files/Epic Games/UE_4.14/Engine/Plugins/Online/OnlineFramework/OnlineFramework.uplugin
LogPluginManager: Loaded Plugin OnlineSubsystem, From C:/Program Files/Epic Games/UE_4.14/Engine/Plugins/Online/OnlineSubsystem/OnlineSubsystem.uplugin
LogPluginManager: Loaded Plugin OnlineSubsystemAmazon, From C:/Program Files/Epic Games/UE_4.14/Engine/Plugins/Online/OnlineSubsystemAmazon/OnlineSubsystemAmazon.uplugin
LogPluginManager: Loaded Plugin OnlineSubsystemFacebook, From C:/Program Files/Epic Games/UE_4.14/Engine/Plugins/Online/OnlineSubsystemFacebook/OnlineSubsystemFacebook.uplugin
LogPluginManager: Loaded Plugin OnlineSubsystemNull, From C:/Program Files/Epic Games/UE_4.14/Engine/Plugins/Online/OnlineSubsystemNull/OnlineSubsystemNull.uplugin
LogPluginManager: Loaded Plugin OnlineSubsystemOculus, From C:/Program Files/Epic Games/UE_4.14/Engine/Plugins/Online/OnlineSubsystemOculus/OnlineSubsystemOculus.uplugin
LogPluginManager: Loaded Plugin OnlineSubsystemSteam, From C:/Program Files/Epic Games/UE_4.14/Engine/Plugins/Online/OnlineSubsystemSteam/OnlineSubsystemSteam.uplugin
LogPluginManager: Loaded Plugin OnlineSubsystemUtils, From C:/Program Files/Epic Games/UE_4.14/Engine/Plugins/Online/OnlineSubsystemUtils/OnlineSubsystemUtils.uplugin
LogPluginManager: Loaded Plugin IOSTapJoy, From C:/Program Files/Epic Games/UE_4.14/Engine/Plugins/Runtime/Advertising/IOSTapJoy/IOSTapJoy.uplugin
LogPluginManager: Loaded Plugin AnalyticsBlueprintLibrary, From C:/Program Files/Epic Games/UE_4.14/Engine/Plugins/Runtime/Analytics/AnalyticsBlueprintLibrary/AnalyticsBlueprintLibrary.uplugin
LogPluginManager: Loaded Plugin AnalyticsMulticast, From C:/Program Files/Epic Games/UE_4.14/Engine/Plugins/Runtime/Analytics/AnalyticsMulticast/AnalyticsMulticast.uplugin
LogPluginManager: Loaded Plugin Apsalar, From C:/Program Files/Epic Games/UE_4.14/Engine/Plugins/Runtime/Analytics/Apsalar/Apsalar.uplugin
LogPluginManager: Loaded Plugin FileLogging, From C:/Program Files/Epic Games/UE_4.14/Engine/Plugins/Runtime/Analytics/FileLogging/FileLogging.uplugin
LogPluginManager: Loaded Plugin Flurry, From C:/Program Files/Epic Games/UE_4.14/Engine/Plugins/Runtime/Analytics/Flurry/Flurry.uplugin
LogPluginManager: Loaded Plugin AndroidDeviceProfileSelector, From C:/Program Files/Epic Games/UE_4.14/Engine/Plugins/Runtime/AndroidDeviceProfileSelector/AndroidDeviceProfileSelector.uplugin
LogPluginManager: Loaded Plugin AndroidMoviePlayer, From C:/Program Files/Epic Games/UE_4.14/Engine/Plugins/Runtime/AndroidMoviePlayer/AndroidMoviePlayer.uplugin
LogPluginManager: Loaded Plugin AppleMoviePlayer, From C:/Program Files/Epic Games/UE_4.14/Engine/Plugins/Runtime/AppleMoviePlayer/AppleMoviePlayer.uplugin
LogPluginManager: Loaded Plugin ArchVisCharacter, From C:/Program Files/Epic Games/UE_4.14/Engine/Plugins/Runtime/ArchVisCharacter/ArchVisCharacter.uplugin
LogPluginManager: Loaded Plugin CableComponent, From C:/Program Files/Epic Games/UE_4.14/Engine/Plugins/Runtime/CableComponent/CableComponent.uplugin
LogPluginManager: Loaded Plugin CustomMeshComponent, From C:/Program Files/Epic Games/UE_4.14/Engine/Plugins/Runtime/CustomMeshComponent/CustomMeshComponent.uplugin
LogPluginManager: Loaded Plugin ExampleDeviceProfileSelector, From C:/Program Files/Epic Games/UE_4.14/Engine/Plugins/Runtime/ExampleDeviceProfileSelector/ExampleDeviceProfileSelector.uplugin
LogPluginManager: Loaded Plugin GearVR, From C:/Program Files/Epic Games/UE_4.14/Engine/Plugins/Runtime/GearVR/GearVR.uplugin
LogPluginManager: Loaded Plugin GoogleVRController, From C:/Program Files/Epic Games/UE_4.14/Engine/Plugins/Runtime/GoogleVR/GoogleVRController/GoogleVRController.uplugin
LogPluginManager: Loaded Plugin GoogleVRHMD, From C:/Program Files/Epic Games/UE_4.14/Engine/Plugins/Runtime/GoogleVR/GoogleVRHMD/GoogleVRHMD.uplugin
LogPluginManager: Loaded Plugin IOSDeviceProfileSelector, From C:/Program Files/Epic Games/UE_4.14/Engine/Plugins/Runtime/IOSDeviceProfileSelector/IOSDeviceProfileSelector.uplugin
LogPluginManager: Loaded Plugin LeapMotion, From C:/Program Files/Epic Games/UE_4.14/Engine/Plugins/Runtime/LeapMotion/LeapMotion.uplugin
LogPluginManager: Loaded Plugin LinuxDeviceProfileSelector, From C:/Program Files/Epic Games/UE_4.14/Engine/Plugins/Runtime/LinuxDeviceProfileSelector/LinuxDeviceProfileSelector.uplugin
LogPluginManager: Loaded Plugin MIDIDevice, From C:/Program Files/Epic Games/UE_4.14/Engine/Plugins/Runtime/MIDIDevice/MIDIDevice.uplugin
LogPluginManager: Loaded Plugin MobilePatchingUtils, From C:/Program Files/Epic Games/UE_4.14/Engine/Plugins/Runtime/MobilePatchingUtils/MobilePatchingUtils.uplugin
LogPluginManager: Loaded Plugin Ansel, From C:/Program Files/Epic Games/UE_4.14/Engine/Plugins/Runtime/Nvidia/Ansel/Ansel.uplugin
LogPluginManager: Loaded Plugin OculusAudio, From C:/Program Files/Epic Games/UE_4.14/Engine/Plugins/Runtime/OculusAudio/OculusAudio.uplugin
LogPluginManager: Loaded Plugin OculusInput, From C:/Program Files/Epic Games/UE_4.14/Engine/Plugins/Runtime/OculusInput/OculusInput.uplugin
LogPluginManager: Loaded Plugin OculusLibrary, From C:/Program Files/Epic Games/UE_4.14/Engine/Plugins/Runtime/OculusLibrary/OculusLibrary.uplugin
LogPluginManager: Loaded Plugin OculusRift, From C:/Program Files/Epic Games/UE_4.14/Engine/Plugins/Runtime/OculusRift/OculusRift.uplugin
LogPluginManager: Loaded Plugin Oodle, From C:/Program Files/Epic Games/UE_4.14/Engine/Plugins/Runtime/PacketHandlers/CompressionComponents/Oodle/Oodle.uplugin
LogPluginManager: Loaded Plugin ProceduralMeshComponent, From C:/Program Files/Epic Games/UE_4.14/Engine/Plugins/Runtime/ProceduralMeshComponent/ProceduralMeshComponent.uplugin
LogPluginManager: Loaded Plugin SoundMod, From C:/Program Files/Epic Games/UE_4.14/Engine/Plugins/Runtime/SoundMod/SoundMod.uplugin
LogPluginManager: Loaded Plugin SoundVisualizations, From C:/Program Files/Epic Games/UE_4.14/Engine/Plugins/Runtime/SoundVisualizations/SoundVisualizations.uplugin
LogPluginManager: Loaded Plugin SteamController, From C:/Program Files/Epic Games/UE_4.14/Engine/Plugins/Runtime/Steam/SteamController/SteamController.uplugin
LogPluginManager: Loaded Plugin SteamVR, From C:/Program Files/Epic Games/UE_4.14/Engine/Plugins/Runtime/Steam/SteamVR/SteamVR.uplugin
LogPluginManager: Loaded Plugin WebBrowserWidget, From C:/Program Files/Epic Games/UE_4.14/Engine/Plugins/Runtime/WebBrowserWidget/WebBrowserWidget.uplugin
LogPluginManager: Loaded Plugin WindowsDeviceProfileSelector, From C:/Program Files/Epic Games/UE_4.14/Engine/Plugins/Runtime/WindowsDeviceProfileSelector/WindowsDeviceProfileSelector.uplugin
LogPluginManager: Loaded Plugin WindowsMoviePlayer, From C:/Program Files/Epic Games/UE_4.14/Engine/Plugins/Runtime/WindowsMoviePlayer/WindowsMoviePlayer.uplugin
LogPluginManager: Loaded Plugin ScriptPlugin, From C:/Program Files/Epic Games/UE_4.14/Engine/Plugins/ScriptPlugin/ScriptPlugin.uplugin
LogPluginManager: Loaded Plugin SlateRemote, From C:/Program Files/Epic Games/UE_4.14/Engine/Plugins/Slate/SlateRemote/SlateRemote.uplugin
LogPluginManager: Loaded Plugin EditorTests, From C:/Program Files/Epic Games/UE_4.14/Engine/Plugins/Tests/EditorTests/EditorTests.uplugin
LogPluginManager: Loaded Plugin FbxAutomationTestBuilder, From C:/Program Files/Epic Games/UE_4.14/Engine/Plugins/Tests/FbxAutomationTestBuilder/FbxAutomationTestBuilder.uplugin
LogPluginManager: Loaded Plugin FunctionalTestingEditor, From C:/Program Files/Epic Games/UE_4.14/Engine/Plugins/Tests/FunctionalTestingEditor/FunctionalTestingEditor.uplugin
LogPluginManager: Loaded Plugin RuntimeTests, From C:/Program Files/Epic Games/UE_4.14/Engine/Plugins/Tests/RuntimeTests/RuntimeTests.uplugin
LogPluginManager: Loaded Plugin ScreenshotTools, From C:/Program Files/Epic Games/UE_4.14/Engine/Plugins/Tests/ScreenshotTools/ScreenshotTools.uplugin
LogInit: Using libcurl 7.47.1
LogInit:  - built for x86_64-pc-win32
LogInit:  - supports SSL with OpenSSL/1.0.2g
LogInit:  - supports HTTP deflate (compression) using libz 1.2.8
LogInit:  - other features:
LogInit:      CURL_VERSION_SSL
LogInit:      CURL_VERSION_LIBZ
LogInit:      CURL_VERSION_IPV6
LogInit:      CURL_VERSION_ASYNCHDNS
LogInit:      CURL_VERSION_LARGEFILE
LogInit:      CURL_VERSION_IDN
LogInit:  CurlRequestOptions (configurable via config and command line):
LogInit:  - bVerifyPeer = false  - Libcurl will NOT verify peer certificate
LogInit:  - bUseHttpProxy = false  - Libcurl will NOT use HTTP proxy
LogInit:  - bDontReuseConnections = false  - Libcurl will reuse connections
LogInit:  - CertBundlePath = nullptr  - Libcurl will use whatever was configured at build time.
LogInit: Build: ++UE4+Release-4.14-CL-3249277
LogInit: Engine Version: 4.14.3-3249277+++UE4+Release-4.14
LogInit: Compatible Engine Version: 4.14.0-3195953+++UE4+Release-4.14
LogInit: Net CL: 3195953
LogDevObjectVersion: Number of dev versions registered: 13
LogDevObjectVersion:   Dev-Blueprints (B0D832E4-1F89-4F0D-ACCF-7EB736FD4AA2): 7
LogDevObjectVersion:   Dev-Build (E1C64328-A22C-4D53-A36C-8E866417BD8C): 0
LogDevObjectVersion:   Dev-Core (375EC13C-06E4-48FB-B500-84F0262A717E): 1
LogDevObjectVersion:   Dev-Editor (E4B068ED-F494-42E9-A231-DA0B2E46BB41): 8
LogDevObjectVersion:   Dev-Framework (CFFC743F-43B0-4480-9391-14DF171D2073): 17
LogDevObjectVersion:   Dev-Mobile (B02B49B5-BB20-44E9-A304-32B752E40360): 0
LogDevObjectVersion:   Dev-Networking (A4E4105C-59A1-49B5-A7C5-40C4547EDFEE): 0
LogDevObjectVersion:   Dev-Online (39C831C9-5AE6-47DC-9A44-9C173E1C8E7C): 0
LogDevObjectVersion:   Dev-Physics (78F01B33-EBEA-4F98-B9B4-84EACCB95AA2): 0
LogDevObjectVersion:   Dev-Platform (6631380F-2D4D-43E0-8009-CF276956A95A): 0
LogDevObjectVersion:   Dev-Rendering (12F88B9F-8875-4AFC-A67C-D90C383ABD29): 12
LogDevObjectVersion:   Dev-Sequencer (7B5AE74C-D270-4C10-A958-57980B212A5A): 1
LogDevObjectVersion:   Dev-VR (D7296918-1DD6-4BDD-9DE2-64A83CC13884): 0
LogInit: Compiled (64-bit): Jan  6 2017 10:49:43
LogInit: Compiled with Visual C++: 19.00.23026.00
LogInit: Build Configuration: Development
LogInit: Branch Name: ++UE4+Release-4.14
LogInit: Command line:  
LogInit: Base directory: C:/Program Files/Epic Games/UE_4.14/Engine/Binaries/Win64/
LogInit: Installed Engine Build: 1
LogInit: Presizing for max 8388607 objects, including 0 objects not considered by GC, pre-allocating 0 bytes for permanent pool.
LogInit: Object subsystem initialized
[2017.05.17-02.38.34:578][  0]LogInit: Selected Device Profile: [Windows]
[2017.05.17-02.38.34:578][  0]LogInit: Applying CVar settings loaded from the selected device profile: [Windows]
[2017.05.17-02.38.34:635][  0]LogInit: Computer: DESKTOP-0Q7EAVF
[2017.05.17-02.38.34:635][  0]LogInit: User: Ferry
[2017.05.17-02.38.34:635][  0]LogInit: CPU Page size=65536, Cores=2
[2017.05.17-02.38.34:635][  0]LogInit: High frequency timer resolution =3.411597 MHz
[2017.05.17-02.38.34:636][  0]LogMemory: Memory total: Physical=15.9GB (16GB approx)
[2017.05.17-02.38.34:636][  0]LogMemory: Platform Memory Stats for Windows
[2017.05.17-02.38.34:636][  0]LogMemory: Process Physical Memory: 265.13 MB used, 265.13 MB peak
[2017.05.17-02.38.34:636][  0]LogMemory: Process Virtual Memory: 262.39 MB used, 262.39 MB peak
[2017.05.17-02.38.34:636][  0]LogMemory: Physical Memory: 6348.73 MB used,  9952.57 MB free, 16301.30 MB total
[2017.05.17-02.38.34:636][  0]LogMemory: Virtual Memory: 674.59 MB used,  9952.57 MB free, 134217728.00 MB total
[2017.05.17-02.38.34:671][  0]LogInit: Overriding culture en with editor configuration.
[2017.05.17-02.38.39:465][  0]LogD3D11RHI: D3D11 adapters:
[2017.05.17-02.38.40:362][  0]LogD3D11RHI:    0. 'NVIDIA GeForce GTX 745' (Feature Level 11_0)
[2017.05.17-02.38.40:362][  0]LogD3D11RHI:       4063/0/8150 MB DedicatedVideo/DedicatedSystem/SharedSystem, Outputs:2, VendorId:0x10de
[2017.05.17-02.38.40:364][  0]LogD3D11RHI:    1. 'Microsoft Basic Render Driver' (Feature Level 11_0)
[2017.05.17-02.38.40:364][  0]LogD3D11RHI:       0/0/8150 MB DedicatedVideo/DedicatedSystem/SharedSystem, Outputs:0, VendorId:0x1414
[2017.05.17-02.38.40:364][  0]LogD3D11RHI: Chosen D3D11 Adapter: 0
[2017.05.17-02.38.40:372][  0]LogD3D11RHI: Creating new Direct3DDevice
[2017.05.17-02.38.40:372][  0]LogD3D11RHI:     GPU DeviceId: 0x1382 (for the marketing name, search the web for "GPU Device Id")
[2017.05.17-02.38.40:372][  0]LogWindows: EnumDisplayDevices:
[2017.05.17-02.38.40:373][  0]LogWindows:    0. 'NVIDIA GeForce GTX 745' (P:1 D:1)
[2017.05.17-02.38.40:373][  0]LogWindows:    1. 'NVIDIA GeForce GTX 745' (P:0 D:1)
[2017.05.17-02.38.40:373][  0]LogWindows: DebugString: FoundDriverCount:2 
[2017.05.17-02.38.40:373][  0]LogD3D11RHI:     Adapter Name: NVIDIA GeForce GTX 745
[2017.05.17-02.38.40:373][  0]LogD3D11RHI:   Driver Version: 382.05 (internal:22.21.13.8205, unified:382.05)
[2017.05.17-02.38.40:373][  0]LogD3D11RHI:      Driver Date: 5-1-2017
[2017.05.17-02.38.40:373][  0]LogRHI: Texture pool is 1361 MB (70% of 1945 MB)
[2017.05.17-02.38.41:204][  0]LogD3D11RHI: Async texture creation enabled
[2017.05.17-02.38.41:262][  0]LogD3D11RHI: GPU Timing Frequency: 1000.000000 (Debug: 2 1)
[2017.05.17-02.38.41:265][  0]LogShaderCompilers: Guid format shader working directory is -25 characters bigger than the processId version (../../../../../../Users/Ferry/Desktop/VANsGame/Mechanics/BasicMechanics/Intermediate/Shaders/WorkingDirectory/7904/).
[2017.05.17-02.38.41:265][  0]LogShaderCompilers: Cleaned the shader compiler working directory 'C:/Users/Ferry/AppData/Local/Temp/UnrealShaderWorkingDir/AF75A5814614CF716BA161BA7B626351/'.
[2017.05.17-02.38.41:265][  0]LogShaderCompilers:Display: Using Local Shader Compiler.
[2017.05.17-02.38.44:856][  0]LogTemp:Display: Loaded TP AllDesktopTargetPlatform
[2017.05.17-02.38.44:953][  0]LogTemp:Display: Loaded TP MacClientTargetPlatform
[2017.05.17-02.38.45:058][  0]LogTemp:Display: Loaded TP MacNoEditorTargetPlatform
[2017.05.17-02.38.45:164][  0]LogTemp:Display: Loaded TP MacServerTargetPlatform
[2017.05.17-02.38.45:274][  0]LogTemp:Display: Loaded TP MacTargetPlatform
[2017.05.17-02.38.45:374][  0]LogTemp:Display: Loaded TP WindowsClientTargetPlatform
[2017.05.17-02.38.45:484][  0]LogTemp:Display: Loaded TP WindowsNoEditorTargetPlatform
[2017.05.17-02.38.45:584][  0]LogTemp:Display: Loaded TP WindowsServerTargetPlatform
[2017.05.17-02.38.45:665][  0]LogTemp:Display: Loaded TP WindowsTargetPlatform
[2017.05.17-02.38.45:779][  0]LogTemp:Display: Loaded TP AndroidTargetPlatform
[2017.05.17-02.38.45:868][  0]LogTemp:Display: Loaded TP Android_ASTCTargetPlatform
[2017.05.17-02.38.45:968][  0]LogTemp:Display: Loaded TP Android_ATCTargetPlatform
[2017.05.17-02.38.46:069][  0]LogTemp:Display: Loaded TP Android_DXTTargetPlatform
[2017.05.17-02.38.46:170][  0]LogTemp:Display: Loaded TP Android_ETC1TargetPlatform
[2017.05.17-02.38.46:275][  0]LogTemp:Display: Loaded TP Android_ETC2TargetPlatform
[2017.05.17-02.38.46:481][  0]LogTemp:Display: Loaded TP Android_MultiTargetPlatform
[2017.05.17-02.38.46:481][  0]LogTemp:Display: Loaded TP Android_PVRTCTargetPlatform
[2017.05.17-02.38.46:549][  0]LogTemp:Display: Loaded TP HTML5TargetPlatform
[2017.05.17-02.38.46:709][  0]LogTemp:Display: Loaded TP IOSTargetPlatform
[2017.05.17-02.38.46:779][  0]LogTemp:Display: Loaded TP TVOSTargetPlatform
[2017.05.17-02.38.46:887][  0]LogTemp:Display: Loaded TP LinuxClientTargetPlatform
[2017.05.17-02.38.47:004][  0]LogTemp:Display: Loaded TP LinuxNoEditorTargetPlatform
[2017.05.17-02.38.47:111][  0]LogTemp:Display: Loaded TP LinuxServerTargetPlatform
[2017.05.17-02.38.47:233][  0]LogTemp:Display: Loaded TP LinuxTargetPlatform
[2017.05.17-02.38.47:233][  0]LogTargetPlatformManager:Display: Building Assets For Windows
[2017.05.17-02.38.48:154][  0]LogDerivedDataCache:Display: Max Cache Size: 512 MB
[2017.05.17-02.38.48:583][  0]LogDerivedDataCache: Loaded boot cache 0.43s 50MB C:/Users/Ferry/AppData/Local/UnrealEngine/4.14/DerivedDataCache/Boot.ddc.
[2017.05.17-02.38.48:584][  0]LogDerivedDataCache:Display: Loaded Boot cache: C:/Users/Ferry/AppData/Local/UnrealEngine/4.14/DerivedDataCache/Boot.ddc
[2017.05.17-02.38.48:584][  0]LogDerivedDataCache: FDerivedDataBackendGraph:  Pak pak cache file ../../../../../../Users/Ferry/Desktop/VANsGame/Mechanics/BasicMechanics/DerivedDataCache/DDC.ddp not found, will not use a pak cache.
[2017.05.17-02.38.48:584][  0]LogDerivedDataCache: Unable to find inner node Pak for hierarchical cache Hierarchy.
[2017.05.17-02.38.48:584][  0]LogDerivedDataCache: FDerivedDataBackendGraph:  CompressedPak pak cache file ../../../../../../Users/Ferry/Desktop/VANsGame/Mechanics/BasicMechanics/DerivedDataCache/Compressed.ddp not found, will not use a pak cache.
[2017.05.17-02.38.48:584][  0]LogDerivedDataCache: Unable to find inner node CompressedPak for hierarchical cache Hierarchy.
[2017.05.17-02.38.48:612][  0]LogDerivedDataCache:Display: Pak cache opened for reading ../../../Engine/DerivedDataCache/Compressed.ddp.
[2017.05.17-02.38.48:626][  0]LogDerivedDataCache: Using Local data cache path C:/Users/Ferry/AppData/Local/UnrealEngine/Common/DerivedDataCache: Writable
[2017.05.17-02.38.49:002][  0]LogInit: Selected Device Profile: [Windows]
[2017.05.17-02.38.49:008][  0]LogContentStreaming: Texture pool size is 0.00 MB
[2017.05.17-02.38.49:362][  0]LogMeshUtilities: Using QuadricMeshReduction for automatic static mesh reduction
[2017.05.17-02.38.49:453][  0]LogSimplygon: Simplygon DLL not present - disabling.
[2017.05.17-02.38.49:553][  0]LogMeshUtilities: Using SimplygonSwarm for distributed automatic mesh merging
[2017.05.17-02.38.49:553][  0]LogMeshUtilities: No automatic skeletal mesh reduction module available
[2017.05.17-02.38.49:553][  0]LogMeshUtilities: No automatic mesh merging module available
[2017.05.17-02.38.50:668][  0]LogNetVersion: GetLocalNetworkVersion: CL: 3195953, ProjectName: basicmechanics, ProjectVersion: , EngineNetworkVersion: 2, GameNetworkVersion: 0, NetworkChecksum: 1363929391
[2017.05.17-02.38.50:808][  0]LogAssetRegistry: FAssetRegistry took 0.0242 seconds to start up
[2017.05.17-02.38.50:902][  0]LogPackageLocalizationCache: Processed 3 localized package path(s) for 1 prioritized culture(s) in 0.032852 seconds
[2017.05.17-02.38.50:918][  0]LogUObjectArray: 31946 objects as part of root set at end of initial load.
[2017.05.17-02.38.50:918][  0]LogUObjectAllocator: 6935848 out of 0 bytes used by permanent object pool.
[2017.05.17-02.38.50:918][  0]LogUObjectArray: CloseDisregardForGC: 0/0 objects in disregard for GC pool
[2017.05.17-02.38.51:103][  0]LogInit: WinSock: version 1.1 (2.2), MaxSocks=32767, MaxUdp=65467
[2017.05.17-02.38.52:811][  0]LogSlate: Using Freetype 2.6.0
[2017.05.17-02.38.52:852][  0]LogSlate: SlateFontCache - WITH_FREETYPE: 1, WITH_HARFBUZZ: 1
[2017.05.17-02.38.52:852][  0]LogSlate: SlateFontCache - WITH_FREETYPE: 1, WITH_HARFBUZZ: 1
[2017.05.17-02.39.07:824][  0]LogTcpMessaging: Initializing TcpMessaging bridge
[2017.05.17-02.39.07:890][  0]LogUdpMessaging: Initializing bridge on interface 0.0.0.0:0 to multicast group 230.0.0.1:6666.
[2017.05.17-02.39.08:746][  0]LogMaterial: Uniform references updated for custom material expression Custom.
[2017.05.17-02.39.09:455][  0]SourceControl: Info Source control is disabled
[2017.05.17-02.39.09:457][  0]SourceControl: Info Source control is disabled
[2017.05.17-02.39.09:544][  0]SourceControl: Info Source control is disabled
[2017.05.17-02.39.09:630][  0]SourceControl: Info Source control is disabled
[2017.05.17-02.39.12:160][  0]LogEngine: Initializing Engine...
[2017.05.17-02.39.12:161][  0]LogHMD: Failed to initialize OpenVR with code 110
[2017.05.17-02.39.12:570][  0]LogAIModule: Creating AISystem for world Untitled
[2017.05.17-02.39.12:581][  0]LogInit: XAudio2 using 'Altavoces (Realtek High Definition Audio)' : 2 channels at 48 kHz using 32 bits per sample (channel mask 0x3)
[2017.05.17-02.39.12:599][  0]LogInit: FAudioDevice initialized.
[2017.05.17-02.39.12:653][  0]LogDerivedDataCache: Saved boot cache 0.05s 50MB C:/Users/Ferry/AppData/Local/UnrealEngine/4.14/DerivedDataCache/Boot.ddc.
[2017.05.17-02.39.12:676][  0]LogInit: Texture streaming: Enabled
[2017.05.17-02.39.13:036][  0]LogInit: Transaction tracking system initialized
[2017.05.17-02.39.13:722][  0]BlueprintLog: New page: Editor Load
[2017.05.17-02.39.15:421][  0]LocalizationService: Info Localization service is disabled
[2017.05.17-02.39.16:757][  0]LogConsoleResponse:Display: 
[2017.05.17-02.39.17:213][  0]LogCook:Display: Max memory allowance for cook 16384mb min free memory 0mb
[2017.05.17-02.39.17:213][  0]LogCook:Display: Mobile HDR setting 1
[2017.05.17-02.39.17:734][  0]LogFileCache: Scanning file cache for directory 'C:/Users/Ferry/Desktop/VANsGame/Mechanics/BasicMechanics/Content/' took 0.04s
[2017.05.17-02.39.19:209][  0]SourceControl: Info Source control is disabled
[2017.05.17-02.39.19:209][  0]Cmd: MAP LOAD FILE="../../../../../../Users/Ferry/Desktop/VANsGame/Mechanics/BasicMechanics/Content/StarterContent/Maps/Minimal_Default.umap" TEMPLATE=0 SHOWPROGRESS=1 FEATURELEVEL=3
[2017.05.17-02.39.19:210][  0]LightingResults: New page: Lighting Build
[2017.05.17-02.39.19:283][  0]MapCheck: New page: Map Check
[2017.05.17-02.39.19:284][  0]LightingResults: New page: Lighting Build
[2017.05.17-02.39.20:036][  0]LogAIModule: Creating AISystem for world Minimal_Default
[2017.05.17-02.39.20:037][  0]LogActorComponent: RegisterComponentWithWorld: (/Game/StarterContent/Maps/Minimal_Default.Minimal_Default:PersistentLevel.WorldSettings_1.StaticMeshComponent0) Trying to register component with IsPendingKill() == true. Aborting.
[2017.05.17-02.39.20:273][  0]LogEditorServer: Finished looking for orphan Actors (0.000 secs)
[2017.05.17-02.39.20:274][  0]Cmd: MAP CHECKDEP NOCLEARLOG
[2017.05.17-02.39.20:344][  0]MapCheck: Info Map check complete: 0 Error(s), 0 Warning(s), took 70.084ms to complete.
[2017.05.17-02.39.20:344][  0]LogFileHelpers: Loading map 'Minimal_Default' took 1.135
[2017.05.17-02.39.20:592][  0]LogCollectionManager: Loaded 0 collections in 0.003635 seconds
[2017.05.17-02.39.20:712][  0]LogFileCache: Scanning file cache for directory 'C:/Users/Ferry/Desktop/VANsGame/Mechanics/BasicMechanics/Saved/Collections/' took 0.01s
[2017.05.17-02.39.20:712][  0]LogFileCache: Scanning file cache for directory 'C:/Users/Ferry/Desktop/VANsGame/Mechanics/BasicMechanics/Content/Developers/Ferry/Collections/' took 0.01s
[2017.05.17-02.39.20:712][  0]LogFileCache: Scanning file cache for directory 'C:/Users/Ferry/Desktop/VANsGame/Mechanics/BasicMechanics/Content/Collections/' took 0.01s
[2017.05.17-02.39.20:712][  0]LogCollectionManager: Rebuilt the GUID cache for 0 collections in 0.000003 seconds
[2017.05.17-02.39.20:728][  0]LogContentBrowser: Native class hierarchy populated in 0.0162 seconds. Added 2190 classes and 428 folders.
[2017.05.17-02.39.20:811][  0]LogStats: UGameplayTagsManager::ConstructGameplayTagTree: Construct from data asset -  0.000 s
[2017.05.17-02.39.20:811][  0]LogStats: UGameplayTagsManager::ConstructGameplayTagTree: GameplayTagTreeChangedEvent.Broadcast -  0.000 s
[2017.05.17-02.39.20:813][  0]LogContentBrowser: Native class hierarchy updated for 'GameplayTags' in 0.0011 seconds. Added 13 classes and 0 folders.
[2017.05.17-02.39.20:933][  0]LogContentBrowser: Native class hierarchy updated for 'WidgetCarousel' in 0.0007 seconds. Added 0 classes and 0 folders.
[2017.05.17-02.39.21:621][  0]LogContentBrowser: Native class hierarchy updated for 'AddContentDialog' in 0.0008 seconds. Added 0 classes and 0 folders.
[2017.05.17-02.39.21:703][  0]LogContentBrowser: Native class hierarchy updated for 'SceneOutliner' in 0.0008 seconds. Added 1 classes and 2 folders.
[2017.05.17-02.39.21:768][  0]LogCrashTracker: Crashtracker disabled due to settings.
[2017.05.17-02.39.21:777][  0]LogUObjectGlobals:Warning: Failed to find object 'Class None.'
[2017.05.17-02.39.21:881][  0]LogContentBrowser: Native class hierarchy updated for 'HierarchicalLODOutliner' in 0.0008 seconds. Added 1 classes and 2 folders.
[2017.05.17-02.39.21:881][  0]LogLoad: (Engine Initialization) Total time: 51.74 seconds
[2017.05.17-02.39.21:881][  0]LogLoad: (Engine Initialization) Total Blueprint compile time: 0.26 seconds
[2017.05.17-02.39.21:881][  0]LogExternalProfiler: No external profilers were discovered.  External profiling features will not be available.
[2017.05.17-02.39.22:222][  0]LogOcInput: OculusInput pre-init called
[2017.05.17-02.39.22:268][  0]LogContentStreaming: Texture pool size now 1000 MB
[2017.05.17-02.39.22:555][  0]LogRenderer: Reallocating scene render targets to support 1184x496 NumSamples 1 (Frame:2).
[2017.05.17-02.39.22:640][  1]LogFileCache: Retrieving MD5 hashes for directory 'C:/Users/Ferry/Desktop/VANsGame/Mechanics/BasicMechanics/Content/' took 0.40s
[2017.05.17-02.39.23:729][  4]LogAssetRegistry: Asset discovery search completed in 32.9451 seconds
[2017.05.17-02.39.23:730][  4]LogCollectionManager: Rebuilt the object cache for 0 collections in 0.000001 seconds (found 0 objects)
[2017.05.17-02.39.23:730][  4]LogCollectionManager: Fixed up redirectors for 0 collections in 0.000021 seconds (updated 0 objects)
[2017.05.17-02.39.46:938][271]LogAIModule: Creating AISystem for world PuzzleTest
[2017.05.17-02.39.47:082][271]Cmd: MAP LOAD FILE="../../../../../../Users/Ferry/Desktop/VANsGame/Mechanics/BasicMechanics/Content/Levels/PuzzleTest.umap" TEMPLATE=0 SHOWPROGRESS=1 FEATURELEVEL=3
[2017.05.17-02.39.47:082][271]LightingResults: New page: Lighting Build
[2017.05.17-02.39.47:083][271]LoadErrors: New page: Loading map: PuzzleTest.umap
[2017.05.17-02.39.47:085][271]MapCheck: New page: Map Check
[2017.05.17-02.39.47:085][271]LightingResults: New page: Lighting Build
[2017.05.17-02.39.47:128][271]LogSkeletalMesh: UPhysicsAssetInstance::InitInstance : Could not find root physics body: CharacterMesh0
[2017.05.17-02.39.47:128][271]LogSkeletalMesh: UPhysicsAssetInstance::InitInstance : Could not find root physics body: CharacterMesh0
[2017.05.17-02.39.47:195][271]LogEditorServer: Finished looking for orphan Actors (0.000 secs)
[2017.05.17-02.39.47:309][271]Cmd: MAP CHECKDEP NOCLEARLOG
[2017.05.17-02.39.47:410][271]MapCheck: Info Map check complete: 0 Error(s), 0 Warning(s), took 100.652ms to complete.
[2017.05.17-02.39.47:410][271]LogFileHelpers: Loading map 'PuzzleTest' took 0.329
[2017.05.17-02.41.04:618][205]Cmd: EDIT COPY
[2017.05.17-02.48.59:460][751]LogEditorViewport: Clicking on Actor (LMB): StaticMeshActor (Floor)
[2017.05.17-02.49.27:094][817]LogEditorViewport: Clicking on Actor (CTRL LMB): StaticMeshActor (Floor)
[2017.05.17-02.49.48:906][549]Cmd: EDIT COPY
[2017.05.17-02.50.30:780][740]LogSavePackage: Save=451.14ms
[2017.05.17-02.50.30:780][740]LogSavePackage: Moving '../../../../../../Users/Ferry/Desktop/VANsGame/Mechanics/BasicMechanics/Saved/PuzzleTest_Auto1D2DDC2C649B1D83FAC1CF5B5E1526DBC.tmp' to '../../../../../../Users/Ferry/Desktop/VANsGame/Mechanics/BasicMechanics/Saved/Autosaves/Game/Levels/PuzzleTest_Auto1.umap'
[2017.05.17-02.50.30:784][740]LogSavePackage:Display: Finished SavePackage ../../../../../../Users/Ferry/Desktop/VANsGame/Mechanics/BasicMechanics/Saved/Autosaves/Game/Levels/PuzzleTest_Auto1.umap
[2017.05.17-02.50.30:789][740]LogFileHelpers: Editor autosave (incl. sublevels) for '/Game/Levels/PuzzleTest' took 0.548
[2017.05.17-02.50.30:789][740]LogFileHelpers: Editor autosave (incl. sublevels) for all levels took 0.548
[2017.05.17-02.50.43:867][141]LogEditorViewport: Clicking on Actor (LMB): TemporizeSwitch_C (TemporizeSwitch3)
[2017.05.17-02.50.45:810][279]LogEditorViewport: Clicking on Actor (LMB): TemporizeSwitch_C (TemporizeSwitch2)
[2017.05.17-02.50.48:207][451]LogEditorViewport: Clicking on Actor (LMB): StaticMeshActor (Floor)
[2017.05.17-02.50.48:860][494]LogEditorViewport: Clicking on Actor (LMB): TemporizeSwitch_C (TemporizeSwitch3)
[2017.05.17-02.50.49:745][556]LogEditorViewport: Clicking on Actor (LMB): StaticMeshActor (Floor)
[2017.05.17-02.50.50:674][620]LogEditorViewport: Clicking on Actor (LMB): StaticMeshActor (Floor)
[2017.05.17-02.50.51:334][670]LogEditorViewport: Clicking on Actor (LMB): StaticMeshActor (Floor)
[2017.05.17-02.50.52:034][721]LogEditorViewport: Clicking on Actor (LMB): TemporizeSwitch_C (TemporizeSwitch2)
[2017.05.17-02.50.54:824][931]Cmd: EDIT COPY
[2017.05.17-02.50.55:120][953]Cmd: EDIT PASTE
[2017.05.17-02.50.58:791][217]Cmd: DELETE
[2017.05.17-02.50.58:791][217]Cmd: ACTOR DELETE
[2017.05.17-02.50.58:792][217]LogEditorActor: Deleted Actor: TemporizeSwitch_C
[2017.05.17-02.50.58:838][217]LogEditorActor: Deleted 1 Actors (0.047 secs)
[2017.05.17-02.51.01:216][435]LogEditorViewport: Clicking on Actor (LMB): SimpleSwitch_C (SimpleSwitch2)
[2017.05.17-02.51.06:357][820]LogEditorViewport: Clicking on Actor (LMB): TemporizeSwitch_C (TemporizeSwitch2)
[2017.05.17-02.51.09:389][ 45]LogEditorViewport: Clicking on Actor (LMB): TemporizeSwitch_C (TemporizeSwitch3)
[2017.05.17-02.51.16:287][566]LogEditorViewport: Clicking on Actor (LMB): SimpleSwitch_C (SimpleSwitch2)
[2017.05.17-02.51.53:545][330]LogEditorViewport: Clicking on Actor (LMB): StaticMeshActor (Floor)
[2017.05.17-02.51.54:436][396]LogEditorViewport: Clicking on Actor (LMB): TemporizeSwitch_C (TemporizeSwitch3)
[2017.05.17-02.52.05:352][219]LogEditorViewport: Clicking on Actor (LMB): TemporizeSwitch_C (TemporizeSwitch2)
[2017.05.17-02.52.14:562][908]LogEditorViewport: Clicking on Actor (LMB): TemporizeSwitch_C (TemporizeSwitch3)
[2017.05.17-02.52.24:960][697]LogEditorViewport: Clicking on Actor (LMB): StaticMeshActor (Floor)
[2017.05.17-02.52.54:850][836]LogEditorViewport: Clicking on Actor (LMB): StaticMeshActor (Floor)
[2017.05.17-02.53.05:503][648]LogEditorViewport: Clicking on Actor (CTRL LMB): NavMeshBoundsVolume (NavMeshBoundsVolume)
[2017.05.17-02.53.21:514][870]Cmd: EDIT COPY
[2017.05.17-02.57.27:787][540]LogEditorViewport: Clicking on Actor (LMB): TemporizeSwitch_C (TemporizeSwitch5)
[2017.05.17-02.57.30:443][745]LogEditorViewport: Clicking on Actor (LMB): SimpleSwitch_C (SimpleSwitch5)
[2017.05.17-02.57.31:652][838]LogEditorViewport: Clicking on Actor (LMB): SimpleSwitch_C (SimpleSwitch4)
[2017.05.17-02.57.33:679][992]LogEditorViewport: Clicking on Actor (LMB): InteractiveSwitch_C (InteractiveSwitch2)
[2017.05.17-02.57.38:315][354]LogEditorViewport: Clicking on Actor (LMB): TemporizeSwitch_C (TemporizeSwitch4)
[2017.05.17-02.57.40:343][510]LogEditorViewport: Clicking on Actor (LMB): InteractiveSwitch_C (InteractiveSwitch2)
[2017.05.17-02.57.42:006][637]LogEditorViewport: Clicking on Actor (LMB): TemporizeSwitch_C (TemporizeSwitch4)
[2017.05.17-02.57.44:534][833]LogEditorViewport: Clicking on Actor (LMB): TemporizeSwitch_C (TemporizeSwitch5)
[2017.05.17-02.58.48:897][858]LogEditorViewport: Clicking on Actor (context menu): StaticMeshActor (Floor)
[2017.05.17-03.00.31:558][118]LogSavePackage: Save=422.78ms
[2017.05.17-03.00.31:558][118]LogSavePackage: Moving '../../../../../../Users/Ferry/Desktop/VANsGame/Mechanics/BasicMechanics/Saved/PuzzleTest_Auto270550E2645B135CFD147AEAB5907746B.tmp' to '../../../../../../Users/Ferry/Desktop/VANsGame/Mechanics/BasicMechanics/Saved/Autosaves/Game/Levels/PuzzleTest_Auto2.umap'
[2017.05.17-03.00.31:562][118]LogSavePackage:Display: Finished SavePackage ../../../../../../Users/Ferry/Desktop/VANsGame/Mechanics/BasicMechanics/Saved/Autosaves/Game/Levels/PuzzleTest_Auto2.umap
[2017.05.17-03.00.31:568][118]LogFileHelpers: Editor autosave (incl. sublevels) for '/Game/Levels/PuzzleTest' took 0.602
[2017.05.17-03.00.31:568][118]LogFileHelpers: Editor autosave (incl. sublevels) for all levels took 0.602
[2017.05.17-03.07.48:856][716]Cmd: QUIT_EDITOR
[2017.05.17-03.07.48:979][716]LogWindowsTextInputMethodSystem:Display: IME system now deactivated.
[2017.05.17-03.07.49:033][716]LogExit: Preparing to exit.
[2017.05.17-03.07.49:684][716]LogDirectoryWatcher: A directory notification for 'C:/Users/Ferry/Desktop/VANsGame/Mechanics/BasicMechanics/Content/' was aborted.
[2017.05.17-03.07.49:776][716]LogExit: Editor shut down
[2017.05.17-03.07.49:777][716]LogExit: Transaction tracking system shut down
[2017.05.17-03.07.49:930][716]LogObj: Freed 0b from 0 cluster array pools.
[2017.05.17-03.07.49:931][716]LogExit: Object subsystem successfully closed.
[2017.05.17-03.07.49:955][716]LogD3D11RHI: Shutdown
[2017.05.17-03.07.49:955][716]LogD3D11RHI: CleanupD3DDevice
[2017.05.17-03.07.50:131][716]LogD3D11RHI: ~FD3D11DynamicRHI
[2017.05.17-03.07.50:160][716]LogHttp:Display: Http module shutting down, but needs to wait on 1 outstanding Http requests:
[2017.05.17-03.07.50:160][716]LogHttp:Display: 	verb=[POST] url=[https://datarouter.ol.epicgames.com/datarouter/api/v1/public/data?SessionID=%7BCF803C60-4BCE-8087-1C68-9CB9F895762A%7D&AppID=UEEditor.Rocket.Release&AppVersion=4.14.3-3249277%2B%2B%2BUE4%2BRelease-4.14&UserID=a5dd296f4465423d14943ab8a8e87865%7C2b96ea3f579d47e6bbc473ce50562fcb%7C6c5b9553-4c91-441d-8a7f-4ef32a791c4c&AppEnvironment=datacollector-binary&UploadType=eteventstream] status=Processing
[2017.05.17-03.07.50:181][716]LogModuleManager: Shutting down and abandoning module HierarchicalLODOutliner (241)
[2017.05.17-03.07.50:181][716]LogModuleManager: Shutting down and abandoning module CrashTracker (240)
[2017.05.17-03.07.50:181][716]LogModuleManager: Shutting down and abandoning module SceneOutliner (239)
[2017.05.17-03.07.50:181][716]LogModuleManager: Shutting down and abandoning module WidgetCarousel (238)
[2017.05.17-03.07.50:181][716]LogModuleManager: Shutting down and abandoning module AddContentDialog (237)
[2017.05.17-03.07.50:181][716]LogDirectoryWatcher: A directory notification for 'C:/Program Files/Epic Games/UE_4.14/FeaturePacks/' was aborted.
[2017.05.17-03.07.50:184][716]LogModuleManager: Shutting down and abandoning module GameplayTags (236)
[2017.05.17-03.07.50:184][716]LogModuleManager: Shutting down and abandoning module EditorWidgets (235)
[2017.05.17-03.07.50:184][716]LogModuleManager: Shutting down and abandoning module CollectionManager (234)
[2017.05.17-03.07.50:184][716]LogDirectoryWatcher: A directory notification for 'C:/Users/Ferry/Desktop/VANsGame/Mechanics/BasicMechanics/Content/Collections/' was aborted.
[2017.05.17-03.07.50:185][716]LogDirectoryWatcher: A directory notification for 'C:/Users/Ferry/Desktop/VANsGame/Mechanics/BasicMechanics/Content/Developers/Ferry/Collections/' was aborted.
[2017.05.17-03.07.50:185][716]LogDirectoryWatcher: A directory notification for 'C:/Users/Ferry/Desktop/VANsGame/Mechanics/BasicMechanics/Saved/Collections/' was aborted.
[2017.05.17-03.07.50:185][716]LogModuleManager: Shutting down and abandoning module StatsViewer (233)
[2017.05.17-03.07.50:185][716]LogModuleManager: Shutting down and abandoning module FoliageEdit (232)
[2017.05.17-03.07.50:185][716]LogModuleManager: Shutting down and abandoning module LandscapeEditor (231)
[2017.05.17-03.07.50:185][716]LogModuleManager: Shutting down and abandoning module SceneDepthPickerMode (230)
[2017.05.17-03.07.50:185][716]LogModuleManager: Shutting down and abandoning module ActorPickerMode (229)
[2017.05.17-03.07.50:185][716]LogModuleManager: Shutting down and abandoning module GeometryMode (228)
[2017.05.17-03.07.50:185][716]LogModuleManager: Shutting down and abandoning module TextureAlignMode (227)
[2017.05.17-03.07.50:185][716]LogModuleManager: Shutting down and abandoning module BspMode (226)
[2017.05.17-03.07.50:185][716]LogModuleManager: Shutting down and abandoning module HardwareSurvey (225)
[2017.05.17-03.07.50:185][716]LogModuleManager: Shutting down and abandoning module SequenceRecorderSections (224)
[2017.05.17-03.07.50:185][716]LogModuleManager: Shutting down and abandoning module AutomationWorker (223)
[2017.05.17-03.07.50:185][716]LogModuleManager: Shutting down and abandoning module MatineeToLevelSequence (222)
[2017.05.17-03.07.50:185][716]LogModuleManager: Shutting down and abandoning module PlacementMode (221)
[2017.05.17-03.07.50:185][716]LogModuleManager: Shutting down and abandoning module LevelSequenceEditor (220)
[2017.05.17-03.07.50:185][716]LogModuleManager: Shutting down and abandoning module WmfMediaFactory (219)
[2017.05.17-03.07.50:185][716]LogModuleManager: Shutting down and abandoning module WmfMediaEditor (218)
[2017.05.17-03.07.50:185][716]LogModuleManager: Shutting down and abandoning module AvfMediaFactory (217)
[2017.05.17-03.07.50:185][716]LogModuleManager: Shutting down and abandoning module AvfMediaEditor (216)
[2017.05.17-03.07.50:185][716]LogModuleManager: Shutting down and abandoning module Media (215)
[2017.05.17-03.07.50:185][716]LogModuleManager: Shutting down and abandoning module AndroidMediaFactory (214)
[2017.05.17-03.07.50:185][716]LogModuleManager: Shutting down and abandoning module AndroidMediaEditor (213)
[2017.05.17-03.07.50:185][716]LogModuleManager: Shutting down and abandoning module CharacterAI (212)
[2017.05.17-03.07.50:186][716]LogModuleManager: Shutting down and abandoning module SequenceRecorder (211)
[2017.05.17-03.07.50:186][716]LogModuleManager: Shutting down and abandoning module AudioCapture (210)
[2017.05.17-03.07.50:186][716]LogModuleManager: Shutting down and abandoning module SmartSnapping (209)
[2017.05.17-03.07.50:186][716]LogModuleManager: Shutting down and abandoning module SessionServices (208)
[2017.05.17-03.07.50:186][716]LogModuleManager: Shutting down and abandoning module ViewportSnapping (207)
[2017.05.17-03.07.50:186][716]LogModuleManager: Shutting down and abandoning module ViewportInteraction (206)
[2017.05.17-03.07.50:186][716]LogModuleManager: Shutting down and abandoning module LogVisualizer (205)
[2017.05.17-03.07.50:186][716]LogModuleManager: Shutting down and abandoning module GameProjectGeneration (204)
[2017.05.17-03.07.50:186][716]LogModuleManager: Shutting down and abandoning module IntroTutorials (203)
[2017.05.17-03.07.50:186][716]LogModuleManager: Shutting down and abandoning module EditorLiveStreaming (202)
[2017.05.17-03.07.50:186][716]LogModuleManager: Shutting down and abandoning module IOSPlatformEditor (201)
[2017.05.17-03.07.50:186][716]LogModuleManager: Shutting down and abandoning module HTML5PlatformEditor (200)
[2017.05.17-03.07.50:186][716]LogModuleManager: Shutting down and abandoning module AndroidDeviceDetection (199)
[2017.05.17-03.07.50:755][716]LogModuleManager: Shutting down and abandoning module AndroidPlatformEditor (198)
[2017.05.17-03.07.50:755][716]LogModuleManager: Shutting down and abandoning module IOSRuntimeSettings (197)
[2017.05.17-03.07.50:755][716]LogModuleManager: Shutting down and abandoning module AndroidRuntimeSettings (196)
[2017.05.17-03.07.50:755][716]LogModuleManager: Shutting down and abandoning module InputBindingEditor (195)
[2017.05.17-03.07.50:755][716]LogModuleManager: Shutting down and abandoning module NiagaraEditor (194)
[2017.05.17-03.07.50:756][716]LogModuleManager: Shutting down and abandoning module MergeActors (193)
[2017.05.17-03.07.50:756][716]LogModuleManager: Shutting down and abandoning module SizeMap (192)
[2017.05.17-03.07.50:756][716]LogModuleManager: Shutting down and abandoning module TreeMap (191)
[2017.05.17-03.07.50:756][716]LogModuleManager: Shutting down and abandoning module ReferenceViewer (190)
[2017.05.17-03.07.50:756][716]LogModuleManager: Shutting down and abandoning module LocalizationService (189)
[2017.05.17-03.07.50:756][716]LogModuleManager: Shutting down and abandoning module LocalizationDashboard (188)
[2017.05.17-03.07.50:756][716]LogModuleManager: Shutting down and abandoning module HardwareTargeting (187)
[2017.05.17-03.07.50:756][716]LogModuleManager: Shutting down and abandoning module DeviceProfileEditor (186)
[2017.05.17-03.07.50:756][716]LogModuleManager: Shutting down and abandoning module UndoHistory (185)
[2017.05.17-03.07.50:756][716]LogModuleManager: Shutting down and abandoning module UserFeedback (184)
[2017.05.17-03.07.50:756][716]LogModuleManager: Shutting down and abandoning module XmlParser (183)
[2017.05.17-03.07.50:756][716]LogModuleManager: Shutting down and abandoning module Blutility (182)
[2017.05.17-03.07.50:756][716]LogModuleManager: Shutting down and abandoning module ProjectTargetPlatformEditor (181)
[2017.05.17-03.07.50:756][716]LogModuleManager: Shutting down and abandoning module ProjectSettingsViewer (180)
[2017.05.17-03.07.50:756][716]LogModuleManager: Shutting down and abandoning module EditorSettingsViewer (179)
[2017.05.17-03.07.50:756][716]LogModuleManager: Shutting down and abandoning module SettingsEditor (178)
[2017.05.17-03.07.50:756][716]LogModuleManager: Shutting down and abandoning module ProjectLauncher (177)
[2017.05.17-03.07.50:756][716]LogModuleManager: Shutting down and abandoning module SessionFrontend (176)
[2017.05.17-03.07.50:756][716]LogModuleManager: Shutting down and abandoning module ProfilerClient (175)
[2017.05.17-03.07.50:756][716]LogModuleManager: Shutting down and abandoning module TargetDeviceServices (174)
[2017.05.17-03.07.50:756][716]LogModuleManager: Shutting down and abandoning module DeviceManager (173)
[2017.05.17-03.07.50:798][716]LogModuleManager: Shutting down and abandoning module AutomationController (172)
[2017.05.17-03.07.50:798][716]LogModuleManager: Shutting down and abandoning module AutomationWindow (171)
[2017.05.17-03.07.50:798][716]LogModuleManager: Shutting down and abandoning module Layers (170)
[2017.05.17-03.07.50:798][716]LogModuleManager: Shutting down and abandoning module ComponentVisualizers (169)
[2017.05.17-03.07.50:798][716]LogModuleManager: Shutting down and abandoning module DetailCustomizations (168)
[2017.05.17-03.07.50:798][716]LogModuleManager: Shutting down and abandoning module PackagesDialog (167)
[2017.05.17-03.07.50:799][716]LogModuleManager: Shutting down and abandoning module AnimGraph (166)
[2017.05.17-03.07.50:799][716]LogModuleManager: Shutting down and abandoning module Persona (165)
[2017.05.17-03.07.50:799][716]LogModuleManager: Shutting down and abandoning module Kismet (164)
[2017.05.17-03.07.50:803][716]LogModuleManager: Shutting down and abandoning module GraphEditor (163)
[2017.05.17-03.07.50:803][716]LogModuleManager: Shutting down and abandoning module ClassViewer (162)
[2017.05.17-03.07.50:803][716]LogModuleManager: Shutting down and abandoning module Toolbox (161)
[2017.05.17-03.07.50:803][716]LogModuleManager: Shutting down and abandoning module ModuleUI (160)
[2017.05.17-03.07.50:803][716]LogModuleManager: Shutting down and abandoning module MovieSceneTools (159)
[2017.05.17-03.07.50:804][716]LogModuleManager: Shutting down and abandoning module OutputLog (158)
[2017.05.17-03.07.50:804][716]LogModuleManager: Shutting down and abandoning module GammaUI (157)
[2017.05.17-03.07.50:804][716]LogModuleManager: Shutting down and abandoning module Documentation (156)
[2017.05.17-03.07.50:804][716]LogModuleManager: Shutting down and abandoning module Niagara (155)
[2017.05.17-03.07.50:804][716]LogModuleManager: Shutting down and abandoning module StreamingPauseRendering (154)
[2017.05.17-03.07.50:804][716]LogModuleManager: Shutting down and abandoning module AnalyticsET (153)
[2017.05.17-03.07.50:804][716]LogModuleManager: Shutting down and abandoning module PortalServices (152)
[2017.05.17-03.07.50:804][716]LogModuleManager: Shutting down and abandoning module PortalRpc (151)
[2017.05.17-03.07.50:804][716]LogModuleManager: Shutting down and abandoning module MessagingRpc (150)
[2017.05.17-03.07.50:804][716]LogModuleManager: Shutting down and abandoning module GameplayDebugger (149)
[2017.05.17-03.07.50:804][716]LogModuleManager: Shutting down and abandoning module AITestSuite (148)
[2017.05.17-03.07.50:804][716]LogModuleManager: Shutting down and abandoning module AIModule (147)
[2017.05.17-03.07.50:804][716]LogModuleManager: Shutting down and abandoning module ProfilerService (146)
[2017.05.17-03.07.50:966][716]LogModuleManager: Shutting down and abandoning module TaskGraph (145)
[2017.05.17-03.07.50:966][716]LogModuleManager: Shutting down and abandoning module SlateRemote (144)
[2017.05.17-03.07.50:967][716]LogModuleManager: Shutting down and abandoning module SteamVRController (143)
[2017.05.17-03.07.50:967][716]LogModuleManager: Shutting down and abandoning module SteamVR (142)
[2017.05.17-03.07.50:967][716]LogModuleManager: Shutting down and abandoning module ProceduralMeshComponentEditor (141)
[2017.05.17-03.07.50:967][716]LogModuleManager: Shutting down and abandoning module ProceduralMeshComponent (140)
[2017.05.17-03.07.50:967][716]LogModuleManager: Shutting down and abandoning module OculusLibrary (139)
[2017.05.17-03.07.50:967][716]LogModuleManager: Shutting down and abandoning module OculusInput (138)
[2017.05.17-03.07.50:967][716]LogModuleManager: Shutting down and abandoning module MobilePatchingUtils (137)
[2017.05.17-03.07.50:967][716]LogModuleManager: Shutting down and abandoning module CustomMeshComponent (136)
[2017.05.17-03.07.50:967][716]LogModuleManager: Shutting down and abandoning module CableComponent (135)
[2017.05.17-03.07.50:967][716]LogModuleManager: Shutting down and abandoning module ArchVisCharacter (134)
[2017.05.17-03.07.50:967][716]LogModuleManager: Shutting down and abandoning module MediaPlayerEditor (132)
[2017.05.17-03.07.50:967][716]LogModuleManager: Shutting down and abandoning module HTML5Networking (131)
[2017.05.17-03.07.50:967][716]LogModuleManager: Shutting down and abandoning module GeometryCacheEd (130)
[2017.05.17-03.07.50:967][716]LogModuleManager: Shutting down and abandoning module GeometryCache (129)
[2017.05.17-03.07.50:967][716]LogModuleManager: Shutting down and abandoning module AlembicLibrary (128)
[2017.05.17-03.07.50:967][716]LogModuleManager: Shutting down and abandoning module AlembicImporter (127)
[2017.05.17-03.07.50:967][716]LogModuleManager: Shutting down and abandoning module SuperSearch (126)
[2017.05.17-03.07.50:967][716]LogModuleManager: Shutting down and abandoning module SuperSearchEditor (125)
[2017.05.17-03.07.50:967][716]LogModuleManager: Shutting down and abandoning module SpeedTreeImporter (124)
[2017.05.17-03.07.50:967][716]LogModuleManager: Shutting down and abandoning module PluginBrowser (123)
[2017.05.17-03.07.50:967][716]LogModuleManager: Shutting down and abandoning module MobileLauncherProfileWizard (122)
[2017.05.17-03.07.50:967][716]LogModuleManager: Shutting down and abandoning module EpicSurvey (121)
[2017.05.17-03.07.50:967][716]LogModuleManager: Shutting down and abandoning module DesktopPlatform (120)
[2017.05.17-03.07.50:967][716]LogModuleManager: Shutting down and abandoning module VisualStudioSourceCodeAccess (119)
[2017.05.17-03.07.50:967][716]LogModuleManager: Shutting down and abandoning module UObjectPlugin (118)
[2017.05.17-03.07.50:967][716]LogModuleManager: Shutting down and abandoning module SubversionSourceControl (117)
[2017.05.17-03.07.50:967][716]LogModuleManager: Shutting down and abandoning module PerforceSourceControl (116)
[2017.05.17-03.07.50:967][716]LogModuleManager: Shutting down and abandoning module SourceControl (115)
[2017.05.17-03.07.50:967][716]LogModuleManager: Shutting down and abandoning module GitSourceControl (114)
[2017.05.17-03.07.50:967][716]LogModuleManager: Shutting down and abandoning module LightPropagationVolumeEditor (113)
[2017.05.17-03.07.50:968][716]LogModuleManager: Shutting down and abandoning module PaperTiledImporter (112)
[2017.05.17-03.07.50:968][716]LogModuleManager: Shutting down and abandoning module PaperSpriteSheetImporter (111)
[2017.05.17-03.07.50:968][716]LogModuleManager: Shutting down and abandoning module MeshPaint (110)
[2017.05.17-03.07.50:968][716]LogModuleManager: Shutting down and abandoning module PixelInspectorModule (109)
[2017.05.17-03.07.50:968][716]LogModuleManager: Shutting down and abandoning module HotReload (108)
[2017.05.17-03.07.50:969][716]LogModuleManager: Shutting down and abandoning module MainFrame (107)
[2017.05.17-03.07.50:969][716]LogModuleManager: Shutting down and abandoning module LevelEditor (106)
[2017.05.17-03.07.50:971][716]LogModuleManager: Shutting down and abandoning module ContentBrowser (105)
[2017.05.17-03.07.50:973][716]LogModuleManager: Shutting down and abandoning module Paper2DEditor (104)
[2017.05.17-03.07.50:973][716]LogModuleManager: Shutting down and abandoning module UdpMessaging (103)
[2017.05.17-03.07.51:073][716]LogModuleManager: Shutting down and abandoning module TcpMessaging (102)
[2017.05.17-03.07.51:174][716]LogModuleManager: Shutting down and abandoning module LightPropagationVolumeRuntime (101)
[2017.05.17-03.07.51:174][716]LogModuleManager: Shutting down and abandoning module Paper2D (100)
[2017.05.17-03.07.51:174][716]LogModuleManager: Shutting down and abandoning module WindowsMoviePlayer (99)
[2017.05.17-03.07.51:174][716]LogModuleManager: Shutting down and abandoning module WmfMedia (98)
[2017.05.17-03.07.51:175][716]LogModuleManager: Shutting down and abandoning module MediaAssets (97)
[2017.05.17-03.07.51:175][716]LogModuleManager: Shutting down and abandoning module GameLiveStreaming (96)
[2017.05.17-03.07.51:175][716]LogModuleManager: Shutting down and abandoning module GameplayTagsEditor (95)
[2017.05.17-03.07.51:175][716]LogModuleManager: Shutting down and abandoning module VREditor (94)
[2017.05.17-03.07.51:175][716]LogModuleManager: Shutting down and abandoning module GameplayTasksEditor (93)
[2017.05.17-03.07.51:175][716]LogModuleManager: Shutting down and abandoning module BehaviorTreeEditor (92)
[2017.05.17-03.07.51:175][716]LogModuleManager: Shutting down and abandoning module FunctionalTesting (91)
[2017.05.17-03.07.51:175][716]LogModuleManager: Shutting down and abandoning module CollisionAnalyzer (90)
[2017.05.17-03.07.51:175][716]LogModuleManager: Shutting down and abandoning module Sequencer (89)
[2017.05.17-03.07.51:175][716]LogModuleManager: Shutting down and abandoning module WorkspaceMenuStructure (88)
[2017.05.17-03.07.51:175][716]LogModuleManager: Shutting down and abandoning module MessageLog (87)
[2017.05.17-03.07.51:175][716]LogModuleManager: Shutting down and abandoning module AssetTools (86)
[2017.05.17-03.07.51:175][716]LogModuleManager: Shutting down and abandoning module UMGEditor (85)
[2017.05.17-03.07.51:175][716]LogModuleManager: Shutting down and abandoning module UMG (84)
[2017.05.17-03.07.51:175][716]LogModuleManager: Shutting down and abandoning module SlateReflector (83)
[2017.05.17-03.07.51:175][716]LogModuleManager: Shutting down and abandoning module Slate (82)
[2017.05.17-03.07.51:175][716]LogModuleManager: Shutting down and abandoning module EditorStyle (81)
[2017.05.17-03.07.51:182][716]LogModuleManager: Shutting down and abandoning module SourceCodeAccess (80)
[2017.05.17-03.07.51:182][716]LogModuleManager: Shutting down and abandoning module HeadMountedDisplay (79)
[2017.05.17-03.07.51:182][716]LogModuleManager: Shutting down and abandoning module XAudio2 (78)
[2017.05.17-03.07.51:182][716]LogModuleManager: Shutting down and abandoning module Networking (76)
[2017.05.17-03.07.51:182][716]LogModuleManager: Shutting down and abandoning module Core (75)
[2017.05.17-03.07.51:182][716]LogModuleManager: Shutting down and abandoning module DirectoryWatcher (74)
[2017.05.17-03.07.51:182][716]LogDirectoryWatcher: A directory notification for '../../../Engine/Content/' was aborted.
[2017.05.17-03.07.51:182][716]LogDirectoryWatcher: A directory notification for '../../../../../../Users/Ferry/Desktop/VANsGame/Mechanics/BasicMechanics/Content/' was aborted.
[2017.05.17-03.07.51:182][716]LogDirectoryWatcher: A directory notification for '../../../Engine/Plugins/2D/Paper2D/Content/' was aborted.
[2017.05.17-03.07.51:183][716]LogModuleManager: Shutting down and abandoning module AssetRegistry (73)
[2017.05.17-03.07.51:329][716]LogModuleManager: Shutting down and abandoning module KismetCompiler (72)
[2017.05.17-03.07.51:329][716]LogModuleManager: Shutting down and abandoning module PhysXFormats (71)
[2017.05.17-03.07.51:329][716]LogModuleManager: Shutting down and abandoning module SimplygonSwarm (70)
[2017.05.17-03.07.51:329][716]LogModuleManager: Shutting down and abandoning module SimplygonMeshReduction (69)
[2017.05.17-03.07.51:329][716]LogModuleManager: Shutting down and abandoning module QuadricMeshReduction (68)
[2017.05.17-03.07.51:329][716]LogModuleManager: Shutting down and abandoning module PropertyEditor (67)
[2017.05.17-03.07.51:329][716]LogModuleManager: Shutting down and abandoning module MeshUtilities (66)
[2017.05.17-03.07.51:329][716]LogModuleManager: Shutting down and abandoning module DerivedDataCache (65)
[2017.05.17-03.07.51:358][716]LogDerivedDataCache: Shutdown
[2017.05.17-03.07.51:358][716]LogModuleManager: Shutting down and abandoning module VulkanShaderFormat (64)
[2017.05.17-03.07.51:358][716]LogModuleManager: Shutting down and abandoning module ShaderFormatOpenGL (63)
[2017.05.17-03.07.51:358][716]LogModuleManager: Shutting down and abandoning module ShaderFormatD3D (62)
[2017.05.17-03.07.51:358][716]LogModuleManager: Shutting down and abandoning module MetalShaderFormat (61)
[2017.05.17-03.07.51:359][716]LogModuleManager: Shutting down and abandoning module TextureFormatUncompressed (60)
[2017.05.17-03.07.51:359][716]LogModuleManager: Shutting down and abandoning module TextureFormatPVR (59)
[2017.05.17-03.07.51:359][716]LogModuleManager: Shutting down and abandoning module TextureFormatDXT (58)
[2017.05.17-03.07.51:359][716]LogModuleManager: Shutting down and abandoning module TextureFormatIntelISPCTexComp (57)
[2017.05.17-03.07.51:359][716]LogModuleManager: Shutting down and abandoning module ImageWrapper (56)
[2017.05.17-03.07.51:359][716]LogModuleManager: Shutting down and abandoning module TextureFormatASTC (55)
[2017.05.17-03.07.51:359][716]LogModuleManager: Shutting down and abandoning module TextureFormatAndroid (54)
[2017.05.17-03.07.51:359][716]LogModuleManager: Shutting down and abandoning module AudioFormatOpus (53)
[2017.05.17-03.07.51:359][716]LogModuleManager: Shutting down and abandoning module AudioFormatOgg (52)
[2017.05.17-03.07.51:359][716]LogModuleManager: Shutting down and abandoning module AudioFormatADPCM (51)
[2017.05.17-03.07.51:359][716]LogModuleManager: Shutting down and abandoning module LinuxTargetPlatform (50)
[2017.05.17-03.07.51:359][716]LogModuleManager: Shutting down and abandoning module LinuxServerTargetPlatform (49)
[2017.05.17-03.07.51:359][716]LogModuleManager: Shutting down and abandoning module LinuxNoEditorTargetPlatform (48)
[2017.05.17-03.07.51:359][716]LogModuleManager: Shutting down and abandoning module LinuxClientTargetPlatform (47)
[2017.05.17-03.07.51:359][716]LogModuleManager: Shutting down and abandoning module TVOSTargetPlatform (46)
[2017.05.17-03.07.51:359][716]LogModuleManager: Shutting down and abandoning module Messaging (45)
[2017.05.17-03.07.51:359][716]LogModuleManager: Shutting down and abandoning module IOSTargetPlatform (44)
[2017.05.17-03.07.51:359][716]LogModuleManager: Shutting down and abandoning module HTML5TargetPlatform (43)
[2017.05.17-03.07.51:359][716]LogModuleManager: Shutting down and abandoning module Android_PVRTCTargetPlatform (42)
[2017.05.17-03.07.51:359][716]LogModuleManager: Shutting down and abandoning module Android_MultiTargetPlatform (41)
[2017.05.17-03.07.51:359][716]LogModuleManager: Shutting down and abandoning module Android_ETC2TargetPlatform (40)
[2017.05.17-03.07.51:359][716]LogModuleManager: Shutting down and abandoning module Android_ETC1TargetPlatform (39)
[2017.05.17-03.07.51:359][716]LogModuleManager: Shutting down and abandoning module Android_DXTTargetPlatform (38)
[2017.05.17-03.07.51:359][716]LogModuleManager: Shutting down and abandoning module Android_ATCTargetPlatform (37)
[2017.05.17-03.07.51:359][716]LogModuleManager: Shutting down and abandoning module Android_ASTCTargetPlatform (36)
[2017.05.17-03.07.51:359][716]LogModuleManager: Shutting down and abandoning module AndroidTargetPlatform (35)
[2017.05.17-03.07.51:359][716]LogModuleManager: Shutting down and abandoning module WindowsTargetPlatform (34)
[2017.05.17-03.07.51:359][716]LogModuleManager: Shutting down and abandoning module WindowsServerTargetPlatform (33)
[2017.05.17-03.07.51:359][716]LogModuleManager: Shutting down and abandoning module WindowsNoEditorTargetPlatform (32)
[2017.05.17-03.07.51:359][716]LogModuleManager: Shutting down and abandoning module WindowsClientTargetPlatform (31)
[2017.05.17-03.07.51:359][716]LogModuleManager: Shutting down and abandoning module MacTargetPlatform (30)
[2017.05.17-03.07.51:359][716]LogModuleManager: Shutting down and abandoning module MacServerTargetPlatform (29)
[2017.05.17-03.07.51:359][716]LogModuleManager: Shutting down and abandoning module MacNoEditorTargetPlatform (28)
[2017.05.17-03.07.51:359][716]LogModuleManager: Shutting down and abandoning module MacClientTargetPlatform (27)
[2017.05.17-03.07.51:359][716]LogModuleManager: Shutting down and abandoning module AllDesktopTargetPlatform (26)
[2017.05.17-03.07.51:359][716]LogModuleManager: Shutting down and abandoning module TargetPlatform (25)
[2017.05.17-03.07.51:359][716]LogModuleManager: Shutting down and abandoning module InputCore (24)
[2017.05.17-03.07.51:359][716]LogModuleManager: Shutting down and abandoning module Settings (23)
[2017.05.17-03.07.51:359][716]LogModuleManager: Shutting down and abandoning module OculusRift (22)
[2017.05.17-03.07.51:359][716]LogModuleManager: Shutting down and abandoning module ExampleDeviceProfileSelector (21)
[2017.05.17-03.07.51:359][716]LogModuleManager: Shutting down and abandoning module OnlineBlueprintSupport (20)
[2017.05.17-03.07.51:359][716]LogModuleManager: Shutting down and abandoning module OnlineSubsystem (18)
[2017.05.17-03.07.51:359][716]LogOnline:Display: Unloading online subsystem: NULL
[2017.05.17-03.07.51:359][716]LogModuleManager: Shutting down and abandoning module SSL (17)
[2017.05.17-03.07.51:362][716]LogModuleManager: Shutting down and abandoning module HTTP (16)
[2017.05.17-03.07.51:362][716]LogModuleManager: Shutting down and abandoning module XMPP (15)
[2017.05.17-03.07.51:362][716]LogModuleManager: Shutting down and abandoning module TextureCompressor (14)
[2017.05.17-03.07.51:362][716]LogModuleManager: Shutting down and abandoning module ShaderCore (13)
[2017.05.17-03.07.51:362][716]LogModuleManager: Shutting down and abandoning module Landscape (12)
[2017.05.17-03.07.51:362][716]LogModuleManager: Shutting down and abandoning module SlateRHIRenderer (11)
[2017.05.17-03.07.51:366][716]LogModuleManager: Shutting down and abandoning module OpenGLDrv (10)
[2017.05.17-03.07.51:366][716]LogModuleManager: Shutting down and abandoning module D3D11RHI (9)
[2017.05.17-03.07.51:366][716]LogModuleManager: Shutting down and abandoning module AnimGraphRuntime (8)
[2017.05.17-03.07.51:366][716]LogModuleManager: Shutting down and abandoning module Renderer (7)
[2017.05.17-03.07.51:366][716]LogModuleManager: Shutting down and abandoning module Engine (6)
[2017.05.17-03.07.51:366][716]LogModuleManager: Shutting down and abandoning module CoreUObject (5)
[2017.05.17-03.07.51:366][716]LogModuleManager: Shutting down and abandoning module NetworkFile (4)
[2017.05.17-03.07.51:366][716]LogModuleManager: Shutting down and abandoning module StreamingFile (3)
[2017.05.17-03.07.51:366][716]LogModuleManager: Shutting down and abandoning module SandboxFile (2)
[2017.05.17-03.07.51:366][716]LogModuleManager: Shutting down and abandoning module PakFile (1)
[2017.05.17-03.07.51:368][716]LogExit: Exiting.
[2017.05.17-03.07.51:372][716]Log file closed, 05/17/17 05:07:51
