Log file open, 03/02/17 09:40:42
LogInit:Display: Running engine for game: BasicMechanics
LogPlatformFile: Not using cached read wrapper
LogInit:Display: RandInit(-530969967) SRandInit(-530969967).
LogTaskGraph: Started task graph with 5 named threads and 6 total threads with 1 sets of task threads.
LogStats: Stats thread started at 0.219397
LogPluginManager: Loaded Plugin Paper2D, From C:/Program Files/Epic Games/UE_4.14/Engine/Plugins/2D/Paper2D/Paper2D.uplugin
LogPluginManager: Loaded Plugin LightPropagationVolume, From C:/Program Files/Epic Games/UE_4.14/Engine/Plugins/Blendables/LightPropagationVolume/LightPropagationVolume.uplugin
LogPluginManager: Loaded Plugin BlankPlugin, From C:/Program Files/Epic Games/UE_4.14/Engine/Plugins/Developer/BlankPlugin/BlankPlugin.uplugin
LogPluginManager: Loaded Plugin CodeLiteSourceCodeAccess, From C:/Program Files/Epic Games/UE_4.14/Engine/Plugins/Developer/CodeLiteSourceCodeAccess/CodeLiteSourceCodeAccess.uplugin
LogPluginManager: Loaded Plugin GitSourceControl, From C:/Program Files/Epic Games/UE_4.14/Engine/Plugins/Developer/GitSourceControl/GitSourceControl.uplugin
LogPluginManager: Loaded Plugin KDevelopSourceCodeAccess, From C:/Program Files/Epic Games/UE_4.14/Engine/Plugins/Developer/KDevelopSourceCodeAccess/KDevelopSourceCodeAccess.uplugin
LogPluginManager: Loaded Plugin NullSourceCodeAccess, From C:/Program Files/Epic Games/UE_4.14/Engine/Plugins/Developer/NullSourceCodeAccess/NullSourceCodeAccess.uplugin
LogPluginManager: Loaded Plugin OneSkyLocalizationService, From C:/Program Files/Epic Games/UE_4.14/Engine/Plugins/Developer/OneSkyLocalizationService/OneSkyLocalizationService.uplugin
LogPluginManager: Loaded Plugin PerforceSourceControl, From C:/Program Files/Epic Games/UE_4.14/Engine/Plugins/Developer/PerforceSourceControl/PerforceSourceControl.uplugin
LogPluginManager: Loaded Plugin SubversionSourceControl, From C:/Program Files/Epic Games/UE_4.14/Engine/Plugins/Developer/SubversionSourceControl/SubversionSourceControl.uplugin
LogPluginManager: Loaded Plugin UObjectPlugin, From C:/Program Files/Epic Games/UE_4.14/Engine/Plugins/Developer/UObjectPlugin/UObjectPlugin.uplugin
LogPluginManager: Loaded Plugin VisualStudioSourceCodeAccess, From C:/Program Files/Epic Games/UE_4.14/Engine/Plugins/Developer/VisualStudioSourceCodeAccess/VisualStudioSourceCodeAccess.uplugin
LogPluginManager: Loaded Plugin XCodeSourceCodeAccess, From C:/Program Files/Epic Games/UE_4.14/Engine/Plugins/Developer/XCodeSourceCodeAccess/XCodeSourceCodeAccess.uplugin
LogPluginManager: Loaded Plugin AudioCapture, From C:/Program Files/Epic Games/UE_4.14/Engine/Plugins/Editor/AudioCapture/AudioCapture.uplugin
LogPluginManager: Loaded Plugin EpicSurvey, From C:/Program Files/Epic Games/UE_4.14/Engine/Plugins/Editor/EpicSurvey/EpicSurvey.uplugin
LogPluginManager: Loaded Plugin MacGraphicsSwitching, From C:/Program Files/Epic Games/UE_4.14/Engine/Plugins/Editor/MacGraphicsSwitching/MacGraphicsSwitching.uplugin
LogPluginManager: Loaded Plugin MobileLauncherProfileWizard, From C:/Program Files/Epic Games/UE_4.14/Engine/Plugins/Editor/MobileLauncherProfileWizard/MobileLauncherProfileWizard.uplugin
LogPluginManager: Loaded Plugin PluginBrowser, From C:/Program Files/Epic Games/UE_4.14/Engine/Plugins/Editor/PluginBrowser/PluginBrowser.uplugin
LogPluginManager: Loaded Plugin SpeedTreeImporter, From C:/Program Files/Epic Games/UE_4.14/Engine/Plugins/Editor/SpeedTreeImporter/SpeedTreeImporter.uplugin
LogPluginManager: Loaded Plugin SuperSearchEditor, From C:/Program Files/Epic Games/UE_4.14/Engine/Plugins/Editor/SuperSearchEditor/SuperSearchEditor.uplugin
LogPluginManager: Loaded Plugin AlembicImporter, From C:/Program Files/Epic Games/UE_4.14/Engine/Plugins/Experimental/AlembicImporter/AlembicImporter.uplugin
LogPluginManager: Loaded Plugin BlueprintStats, From C:/Program Files/Epic Games/UE_4.14/Engine/Plugins/Experimental/BlueprintStats/BlueprintStats.uplugin
LogPluginManager: Loaded Plugin CharacterAI, From C:/Program Files/Epic Games/UE_4.14/Engine/Plugins/Experimental/CharacterAI/CharacterAI.uplugin
LogPluginManager: Loaded Plugin CodeEditor, From C:/Program Files/Epic Games/UE_4.14/Engine/Plugins/Experimental/CodeEditor/CodeEditor.uplugin
LogPluginManager: Loaded Plugin CodeView, From C:/Program Files/Epic Games/UE_4.14/Engine/Plugins/Experimental/CodeView/CodeView.uplugin
LogPluginManager: Loaded Plugin HTML5Networking, From C:/Program Files/Epic Games/UE_4.14/Engine/Plugins/Experimental/HTML5Networking/HTML5Networking.uplugin
LogPluginManager: Loaded Plugin OSVR, From C:/Program Files/Epic Games/UE_4.14/Engine/Plugins/Experimental/OSVR/OSVR.uplugin
LogPluginManager: Loaded Plugin Phya, From C:/Program Files/Epic Games/UE_4.14/Engine/Plugins/Experimental/Phya/Phya.uplugin
LogPluginManager: Loaded Plugin SignificanceManager, From C:/Program Files/Epic Games/UE_4.14/Engine/Plugins/Experimental/SignificanceManager/SignificanceManager.uplugin
LogPluginManager: Loaded Plugin SimpleHMD, From C:/Program Files/Epic Games/UE_4.14/Engine/Plugins/Experimental/SimpleHMD/SimpleHMD.uplugin
LogPluginManager: Loaded Plugin StereoPanorama, From C:/Program Files/Epic Games/UE_4.14/Engine/Plugins/Experimental/StereoPanorama/StereoPanorama.uplugin
LogPluginManager: Loaded Plugin StructBox, From C:/Program Files/Epic Games/UE_4.14/Engine/Plugins/Experimental/StructBox/StructBox.uplugin
LogPluginManager: Loaded Plugin AndroidMedia, From C:/Program Files/Epic Games/UE_4.14/Engine/Plugins/Media/AndroidMedia/AndroidMedia.uplugin
LogPluginManager: Loaded Plugin AvfMedia, From C:/Program Files/Epic Games/UE_4.14/Engine/Plugins/Media/AvfMedia/AvfMedia.uplugin
LogPluginManager: Loaded Plugin MediaPlayerEditor, From C:/Program Files/Epic Games/UE_4.14/Engine/Plugins/Media/MediaPlayerEditor/MediaPlayerEditor.uplugin
LogPluginManager: Loaded Plugin WmfMedia, From C:/Program Files/Epic Games/UE_4.14/Engine/Plugins/Media/WmfMedia/WmfMedia.uplugin
LogPluginManager: Loaded Plugin MessagingDebugger, From C:/Program Files/Epic Games/UE_4.14/Engine/Plugins/Messaging/MessagingDebugger/MessagingDebugger.uplugin
LogPluginManager: Loaded Plugin TcpMessaging, From C:/Program Files/Epic Games/UE_4.14/Engine/Plugins/Messaging/TcpMessaging/TcpMessaging.uplugin
LogPluginManager: Loaded Plugin UdpMessaging, From C:/Program Files/Epic Games/UE_4.14/Engine/Plugins/Messaging/UdpMessaging/UdpMessaging.uplugin
LogPluginManager: Loaded Plugin LevelSequenceEditor, From C:/Program Files/Epic Games/UE_4.14/Engine/Plugins/MovieScene/LevelSequenceEditor/LevelSequenceEditor.uplugin
LogPluginManager: Loaded Plugin MatineeToLevelSequence, From C:/Program Files/Epic Games/UE_4.14/Engine/Plugins/MovieScene/MatineeToLevelSequence/MatineeToLevelSequence.uplugin
LogPluginManager: Loaded Plugin NetcodeUnitTest, From C:/Program Files/Epic Games/UE_4.14/Engine/Plugins/NetcodeUnitTest/NetcodeUnitTest/NetcodeUnitTest.uplugin
LogPluginManager: Loaded Plugin NUTUnrealEngine4, From C:/Program Files/Epic Games/UE_4.14/Engine/Plugins/NetcodeUnitTest/NUTUnrealEngine4/NUTUnrealEngine4.uplugin
LogPluginManager: Loaded Plugin OnlineSubsystemGameCircle, From C:/Program Files/Epic Games/UE_4.14/Engine/Plugins/Online/Android/OnlineSubsystemGameCircle/OnlineSubsystemGameCircle.uplugin
LogPluginManager: Loaded Plugin OnlineSubsystemGooglePlay, From C:/Program Files/Epic Games/UE_4.14/Engine/Plugins/Online/Android/OnlineSubsystemGooglePlay/OnlineSubsystemGooglePlay.uplugin
LogPluginManager: Loaded Plugin OnlineSubsystemIOS, From C:/Program Files/Epic Games/UE_4.14/Engine/Plugins/Online/IOS/OnlineSubsystemIOS/OnlineSubsystemIOS.uplugin
LogPluginManager: Loaded Plugin OnlineFramework, From C:/Program Files/Epic Games/UE_4.14/Engine/Plugins/Online/OnlineFramework/OnlineFramework.uplugin
LogPluginManager: Loaded Plugin OnlineSubsystem, From C:/Program Files/Epic Games/UE_4.14/Engine/Plugins/Online/OnlineSubsystem/OnlineSubsystem.uplugin
LogPluginManager: Loaded Plugin OnlineSubsystemAmazon, From C:/Program Files/Epic Games/UE_4.14/Engine/Plugins/Online/OnlineSubsystemAmazon/OnlineSubsystemAmazon.uplugin
LogPluginManager: Loaded Plugin OnlineSubsystemFacebook, From C:/Program Files/Epic Games/UE_4.14/Engine/Plugins/Online/OnlineSubsystemFacebook/OnlineSubsystemFacebook.uplugin
LogPluginManager: Loaded Plugin OnlineSubsystemNull, From C:/Program Files/Epic Games/UE_4.14/Engine/Plugins/Online/OnlineSubsystemNull/OnlineSubsystemNull.uplugin
LogPluginManager: Loaded Plugin OnlineSubsystemOculus, From C:/Program Files/Epic Games/UE_4.14/Engine/Plugins/Online/OnlineSubsystemOculus/OnlineSubsystemOculus.uplugin
LogPluginManager: Loaded Plugin OnlineSubsystemSteam, From C:/Program Files/Epic Games/UE_4.14/Engine/Plugins/Online/OnlineSubsystemSteam/OnlineSubsystemSteam.uplugin
LogPluginManager: Loaded Plugin OnlineSubsystemUtils, From C:/Program Files/Epic Games/UE_4.14/Engine/Plugins/Online/OnlineSubsystemUtils/OnlineSubsystemUtils.uplugin
LogPluginManager: Loaded Plugin IOSTapJoy, From C:/Program Files/Epic Games/UE_4.14/Engine/Plugins/Runtime/Advertising/IOSTapJoy/IOSTapJoy.uplugin
LogPluginManager: Loaded Plugin AnalyticsBlueprintLibrary, From C:/Program Files/Epic Games/UE_4.14/Engine/Plugins/Runtime/Analytics/AnalyticsBlueprintLibrary/AnalyticsBlueprintLibrary.uplugin
LogPluginManager: Loaded Plugin AnalyticsMulticast, From C:/Program Files/Epic Games/UE_4.14/Engine/Plugins/Runtime/Analytics/AnalyticsMulticast/AnalyticsMulticast.uplugin
LogPluginManager: Loaded Plugin Apsalar, From C:/Program Files/Epic Games/UE_4.14/Engine/Plugins/Runtime/Analytics/Apsalar/Apsalar.uplugin
LogPluginManager: Loaded Plugin FileLogging, From C:/Program Files/Epic Games/UE_4.14/Engine/Plugins/Runtime/Analytics/FileLogging/FileLogging.uplugin
LogPluginManager: Loaded Plugin Flurry, From C:/Program Files/Epic Games/UE_4.14/Engine/Plugins/Runtime/Analytics/Flurry/Flurry.uplugin
LogPluginManager: Loaded Plugin AndroidDeviceProfileSelector, From C:/Program Files/Epic Games/UE_4.14/Engine/Plugins/Runtime/AndroidDeviceProfileSelector/AndroidDeviceProfileSelector.uplugin
LogPluginManager: Loaded Plugin AndroidMoviePlayer, From C:/Program Files/Epic Games/UE_4.14/Engine/Plugins/Runtime/AndroidMoviePlayer/AndroidMoviePlayer.uplugin
LogPluginManager: Loaded Plugin AppleMoviePlayer, From C:/Program Files/Epic Games/UE_4.14/Engine/Plugins/Runtime/AppleMoviePlayer/AppleMoviePlayer.uplugin
LogPluginManager: Loaded Plugin ArchVisCharacter, From C:/Program Files/Epic Games/UE_4.14/Engine/Plugins/Runtime/ArchVisCharacter/ArchVisCharacter.uplugin
LogPluginManager: Loaded Plugin CableComponent, From C:/Program Files/Epic Games/UE_4.14/Engine/Plugins/Runtime/CableComponent/CableComponent.uplugin
LogPluginManager: Loaded Plugin CustomMeshComponent, From C:/Program Files/Epic Games/UE_4.14/Engine/Plugins/Runtime/CustomMeshComponent/CustomMeshComponent.uplugin
LogPluginManager: Loaded Plugin ExampleDeviceProfileSelector, From C:/Program Files/Epic Games/UE_4.14/Engine/Plugins/Runtime/ExampleDeviceProfileSelector/ExampleDeviceProfileSelector.uplugin
LogPluginManager: Loaded Plugin GearVR, From C:/Program Files/Epic Games/UE_4.14/Engine/Plugins/Runtime/GearVR/GearVR.uplugin
LogPluginManager: Loaded Plugin GoogleVRController, From C:/Program Files/Epic Games/UE_4.14/Engine/Plugins/Runtime/GoogleVR/GoogleVRController/GoogleVRController.uplugin
LogPluginManager: Loaded Plugin GoogleVRHMD, From C:/Program Files/Epic Games/UE_4.14/Engine/Plugins/Runtime/GoogleVR/GoogleVRHMD/GoogleVRHMD.uplugin
LogPluginManager: Loaded Plugin IOSDeviceProfileSelector, From C:/Program Files/Epic Games/UE_4.14/Engine/Plugins/Runtime/IOSDeviceProfileSelector/IOSDeviceProfileSelector.uplugin
LogPluginManager: Loaded Plugin LeapMotion, From C:/Program Files/Epic Games/UE_4.14/Engine/Plugins/Runtime/LeapMotion/LeapMotion.uplugin
LogPluginManager: Loaded Plugin LinuxDeviceProfileSelector, From C:/Program Files/Epic Games/UE_4.14/Engine/Plugins/Runtime/LinuxDeviceProfileSelector/LinuxDeviceProfileSelector.uplugin
LogPluginManager: Loaded Plugin MIDIDevice, From C:/Program Files/Epic Games/UE_4.14/Engine/Plugins/Runtime/MIDIDevice/MIDIDevice.uplugin
LogPluginManager: Loaded Plugin MobilePatchingUtils, From C:/Program Files/Epic Games/UE_4.14/Engine/Plugins/Runtime/MobilePatchingUtils/MobilePatchingUtils.uplugin
LogPluginManager: Loaded Plugin Ansel, From C:/Program Files/Epic Games/UE_4.14/Engine/Plugins/Runtime/Nvidia/Ansel/Ansel.uplugin
LogPluginManager: Loaded Plugin OculusAudio, From C:/Program Files/Epic Games/UE_4.14/Engine/Plugins/Runtime/OculusAudio/OculusAudio.uplugin
LogPluginManager: Loaded Plugin OculusInput, From C:/Program Files/Epic Games/UE_4.14/Engine/Plugins/Runtime/OculusInput/OculusInput.uplugin
LogPluginManager: Loaded Plugin OculusLibrary, From C:/Program Files/Epic Games/UE_4.14/Engine/Plugins/Runtime/OculusLibrary/OculusLibrary.uplugin
LogPluginManager: Loaded Plugin OculusRift, From C:/Program Files/Epic Games/UE_4.14/Engine/Plugins/Runtime/OculusRift/OculusRift.uplugin
LogPluginManager: Loaded Plugin Oodle, From C:/Program Files/Epic Games/UE_4.14/Engine/Plugins/Runtime/PacketHandlers/CompressionComponents/Oodle/Oodle.uplugin
LogPluginManager: Loaded Plugin ProceduralMeshComponent, From C:/Program Files/Epic Games/UE_4.14/Engine/Plugins/Runtime/ProceduralMeshComponent/ProceduralMeshComponent.uplugin
LogPluginManager: Loaded Plugin SoundMod, From C:/Program Files/Epic Games/UE_4.14/Engine/Plugins/Runtime/SoundMod/SoundMod.uplugin
LogPluginManager: Loaded Plugin SoundVisualizations, From C:/Program Files/Epic Games/UE_4.14/Engine/Plugins/Runtime/SoundVisualizations/SoundVisualizations.uplugin
LogPluginManager: Loaded Plugin SteamController, From C:/Program Files/Epic Games/UE_4.14/Engine/Plugins/Runtime/Steam/SteamController/SteamController.uplugin
LogPluginManager: Loaded Plugin SteamVR, From C:/Program Files/Epic Games/UE_4.14/Engine/Plugins/Runtime/Steam/SteamVR/SteamVR.uplugin
LogPluginManager: Loaded Plugin WebBrowserWidget, From C:/Program Files/Epic Games/UE_4.14/Engine/Plugins/Runtime/WebBrowserWidget/WebBrowserWidget.uplugin
LogPluginManager: Loaded Plugin WindowsDeviceProfileSelector, From C:/Program Files/Epic Games/UE_4.14/Engine/Plugins/Runtime/WindowsDeviceProfileSelector/WindowsDeviceProfileSelector.uplugin
LogPluginManager: Loaded Plugin WindowsMoviePlayer, From C:/Program Files/Epic Games/UE_4.14/Engine/Plugins/Runtime/WindowsMoviePlayer/WindowsMoviePlayer.uplugin
LogPluginManager: Loaded Plugin ScriptPlugin, From C:/Program Files/Epic Games/UE_4.14/Engine/Plugins/ScriptPlugin/ScriptPlugin.uplugin
LogPluginManager: Loaded Plugin SlateRemote, From C:/Program Files/Epic Games/UE_4.14/Engine/Plugins/Slate/SlateRemote/SlateRemote.uplugin
LogPluginManager: Loaded Plugin EditorTests, From C:/Program Files/Epic Games/UE_4.14/Engine/Plugins/Tests/EditorTests/EditorTests.uplugin
LogPluginManager: Loaded Plugin FbxAutomationTestBuilder, From C:/Program Files/Epic Games/UE_4.14/Engine/Plugins/Tests/FbxAutomationTestBuilder/FbxAutomationTestBuilder.uplugin
LogPluginManager: Loaded Plugin FunctionalTestingEditor, From C:/Program Files/Epic Games/UE_4.14/Engine/Plugins/Tests/FunctionalTestingEditor/FunctionalTestingEditor.uplugin
LogPluginManager: Loaded Plugin RuntimeTests, From C:/Program Files/Epic Games/UE_4.14/Engine/Plugins/Tests/RuntimeTests/RuntimeTests.uplugin
LogPluginManager: Loaded Plugin ScreenshotTools, From C:/Program Files/Epic Games/UE_4.14/Engine/Plugins/Tests/ScreenshotTools/ScreenshotTools.uplugin
LogInit: Using libcurl 7.47.1
LogInit:  - built for x86_64-pc-win32
LogInit:  - supports SSL with OpenSSL/1.0.2g
LogInit:  - supports HTTP deflate (compression) using libz 1.2.8
LogInit:  - other features:
LogInit:      CURL_VERSION_SSL
LogInit:      CURL_VERSION_LIBZ
LogInit:      CURL_VERSION_IPV6
LogInit:      CURL_VERSION_ASYNCHDNS
LogInit:      CURL_VERSION_LARGEFILE
LogInit:      CURL_VERSION_IDN
LogInit:  CurlRequestOptions (configurable via config and command line):
LogInit:  - bVerifyPeer = false  - Libcurl will NOT verify peer certificate
LogInit:  - bUseHttpProxy = false  - Libcurl will NOT use HTTP proxy
LogInit:  - bDontReuseConnections = false  - Libcurl will reuse connections
LogInit:  - CertBundlePath = nullptr  - Libcurl will use whatever was configured at build time.
LogInit: Build: ++UE4+Release-4.14-CL-3249277
LogInit: Engine Version: 4.14.3-3249277+++UE4+Release-4.14
LogInit: Compatible Engine Version: 4.14.0-3195953+++UE4+Release-4.14
LogInit: Net CL: 3195953
LogDevObjectVersion: Number of dev versions registered: 13
LogDevObjectVersion:   Dev-Blueprints (B0D832E4-1F89-4F0D-ACCF-7EB736FD4AA2): 7
LogDevObjectVersion:   Dev-Build (E1C64328-A22C-4D53-A36C-8E866417BD8C): 0
LogDevObjectVersion:   Dev-Core (375EC13C-06E4-48FB-B500-84F0262A717E): 1
LogDevObjectVersion:   Dev-Editor (E4B068ED-F494-42E9-A231-DA0B2E46BB41): 8
LogDevObjectVersion:   Dev-Framework (CFFC743F-43B0-4480-9391-14DF171D2073): 17
LogDevObjectVersion:   Dev-Mobile (B02B49B5-BB20-44E9-A304-32B752E40360): 0
LogDevObjectVersion:   Dev-Networking (A4E4105C-59A1-49B5-A7C5-40C4547EDFEE): 0
LogDevObjectVersion:   Dev-Online (39C831C9-5AE6-47DC-9A44-9C173E1C8E7C): 0
LogDevObjectVersion:   Dev-Physics (78F01B33-EBEA-4F98-B9B4-84EACCB95AA2): 0
LogDevObjectVersion:   Dev-Platform (6631380F-2D4D-43E0-8009-CF276956A95A): 0
LogDevObjectVersion:   Dev-Rendering (12F88B9F-8875-4AFC-A67C-D90C383ABD29): 12
LogDevObjectVersion:   Dev-Sequencer (7B5AE74C-D270-4C10-A958-57980B212A5A): 1
LogDevObjectVersion:   Dev-VR (D7296918-1DD6-4BDD-9DE2-64A83CC13884): 0
LogInit: Compiled (64-bit): Jan  6 2017 10:49:43
LogInit: Compiled with Visual C++: 19.00.23026.00
LogInit: Build Configuration: Development
LogInit: Branch Name: ++UE4+Release-4.14
LogInit: Command line:  
LogInit: Base directory: C:/Program Files/Epic Games/UE_4.14/Engine/Binaries/Win64/
LogInit: Installed Engine Build: 1
LogInit: Presizing for max 8388607 objects, including 0 objects not considered by GC, pre-allocating 0 bytes for permanent pool.
LogInit: Object subsystem initialized
[2017.03.02-08.40.42:864][  0]LogInit: Selected Device Profile: [Windows]
[2017.03.02-08.40.42:864][  0]LogInit: Applying CVar settings loaded from the selected device profile: [Windows]
[2017.03.02-08.40.42:925][  0]LogInit: Computer: DESKTOP-0Q7EAVF
[2017.03.02-08.40.42:925][  0]LogInit: User: Ferry
[2017.03.02-08.40.42:925][  0]LogInit: CPU Page size=65536, Cores=2
[2017.03.02-08.40.42:925][  0]LogInit: High frequency timer resolution =3.411595 MHz
[2017.03.02-08.40.42:926][  0]LogMemory: Memory total: Physical=15.9GB (16GB approx)
[2017.03.02-08.40.42:926][  0]LogMemory: Platform Memory Stats for Windows
[2017.03.02-08.40.42:926][  0]LogMemory: Process Physical Memory: 264.93 MB used, 264.93 MB peak
[2017.03.02-08.40.42:926][  0]LogMemory: Process Virtual Memory: 262.36 MB used, 262.36 MB peak
[2017.03.02-08.40.42:926][  0]LogMemory: Physical Memory: 2752.12 MB used,  13549.18 MB free, 16301.30 MB total
[2017.03.02-08.40.42:926][  0]LogMemory: Virtual Memory: 674.39 MB used,  13549.18 MB free, 134217728.00 MB total
[2017.03.02-08.40.43:347][  0]LogInit: Overriding culture en with editor configuration.
[2017.03.02-08.40.49:369][  0]LogD3D11RHI: D3D11 adapters:
[2017.03.02-08.40.49:422][  0]LogD3D11RHI:    0. 'NVIDIA GeForce GTX 745' (Feature Level 11_0)
[2017.03.02-08.40.49:422][  0]LogD3D11RHI:       4063/0/8150 MB DedicatedVideo/DedicatedSystem/SharedSystem, Outputs:2, VendorId:0x10de
[2017.03.02-08.40.49:424][  0]LogD3D11RHI:    1. 'Microsoft Basic Render Driver' (Feature Level 11_0)
[2017.03.02-08.40.49:424][  0]LogD3D11RHI:       0/0/8150 MB DedicatedVideo/DedicatedSystem/SharedSystem, Outputs:0, VendorId:0x1414
[2017.03.02-08.40.49:424][  0]LogD3D11RHI: Chosen D3D11 Adapter: 0
[2017.03.02-08.40.49:433][  0]LogD3D11RHI: Creating new Direct3DDevice
[2017.03.02-08.40.49:433][  0]LogD3D11RHI:     GPU DeviceId: 0x1382 (for the marketing name, search the web for "GPU Device Id")
[2017.03.02-08.40.49:433][  0]LogWindows: EnumDisplayDevices:
[2017.03.02-08.40.49:434][  0]LogWindows:    0. 'NVIDIA GeForce GTX 745' (P:1 D:1)
[2017.03.02-08.40.49:434][  0]LogWindows:    1. 'NVIDIA GeForce GTX 745' (P:0 D:1)
[2017.03.02-08.40.49:434][  0]LogWindows: DebugString: FoundDriverCount:2 
[2017.03.02-08.40.49:434][  0]LogD3D11RHI:     Adapter Name: NVIDIA GeForce GTX 745
[2017.03.02-08.40.49:434][  0]LogD3D11RHI:   Driver Version: 378.49 (internal:21.21.13.7849, unified:378.49)
[2017.03.02-08.40.49:434][  0]LogD3D11RHI:      Driver Date: 1-20-2017
[2017.03.02-08.40.49:434][  0]LogRHI: Texture pool is 1361 MB (70% of 1945 MB)
[2017.03.02-08.40.49:463][  0]LogD3D11RHI: Async texture creation enabled
[2017.03.02-08.40.49:481][  0]LogD3D11RHI: GPU Timing Frequency: 1000.000000 (Debug: 2 1)
[2017.03.02-08.40.49:481][  0]LogShaderCompilers: Guid format shader working directory is -25 characters bigger than the processId version (../../../../../../Users/Ferry/Desktop/VANsGame/Mechanics/BasicMechanics/Intermediate/Shaders/WorkingDirectory/5664/).
[2017.03.02-08.40.49:482][  0]LogShaderCompilers: Cleaned the shader compiler working directory 'C:/Users/Ferry/AppData/Local/Temp/UnrealShaderWorkingDir/B14915714569E1B417D481BCE48C92B2/'.
[2017.03.02-08.40.49:482][  0]LogShaderCompilers:Display: Using Local Shader Compiler.
[2017.03.02-08.40.54:733][  0]LogTemp:Display: Loaded TP AllDesktopTargetPlatform
[2017.03.02-08.40.54:820][  0]LogTemp:Display: Loaded TP MacClientTargetPlatform
[2017.03.02-08.40.54:906][  0]LogTemp:Display: Loaded TP MacNoEditorTargetPlatform
[2017.03.02-08.40.55:007][  0]LogTemp:Display: Loaded TP MacServerTargetPlatform
[2017.03.02-08.40.55:128][  0]LogTemp:Display: Loaded TP MacTargetPlatform
[2017.03.02-08.40.55:228][  0]LogTemp:Display: Loaded TP WindowsClientTargetPlatform
[2017.03.02-08.40.55:315][  0]LogTemp:Display: Loaded TP WindowsNoEditorTargetPlatform
[2017.03.02-08.40.55:401][  0]LogTemp:Display: Loaded TP WindowsServerTargetPlatform
[2017.03.02-08.40.55:473][  0]LogTemp:Display: Loaded TP WindowsTargetPlatform
[2017.03.02-08.40.55:577][  0]LogTemp:Display: Loaded TP AndroidTargetPlatform
[2017.03.02-08.40.55:663][  0]LogTemp:Display: Loaded TP Android_ASTCTargetPlatform
[2017.03.02-08.40.55:751][  0]LogTemp:Display: Loaded TP Android_ATCTargetPlatform
[2017.03.02-08.40.55:835][  0]LogTemp:Display: Loaded TP Android_DXTTargetPlatform
[2017.03.02-08.40.55:923][  0]LogTemp:Display: Loaded TP Android_ETC1TargetPlatform
[2017.03.02-08.40.56:014][  0]LogTemp:Display: Loaded TP Android_ETC2TargetPlatform
[2017.03.02-08.40.56:183][  0]LogTemp:Display: Loaded TP Android_MultiTargetPlatform
[2017.03.02-08.40.56:183][  0]LogTemp:Display: Loaded TP Android_PVRTCTargetPlatform
[2017.03.02-08.40.56:246][  0]LogTemp:Display: Loaded TP HTML5TargetPlatform
[2017.03.02-08.40.56:434][  0]LogTemp:Display: Loaded TP IOSTargetPlatform
[2017.03.02-08.40.56:492][  0]LogTemp:Display: Loaded TP TVOSTargetPlatform
[2017.03.02-08.40.56:577][  0]LogTemp:Display: Loaded TP LinuxClientTargetPlatform
[2017.03.02-08.40.56:663][  0]LogTemp:Display: Loaded TP LinuxNoEditorTargetPlatform
[2017.03.02-08.40.56:751][  0]LogTemp:Display: Loaded TP LinuxServerTargetPlatform
[2017.03.02-08.40.56:873][  0]LogTemp:Display: Loaded TP LinuxTargetPlatform
[2017.03.02-08.40.56:873][  0]LogTargetPlatformManager:Display: Building Assets For Windows
[2017.03.02-08.40.58:384][  0]LogDerivedDataCache:Display: Max Cache Size: 512 MB
[2017.03.02-08.40.59:039][  0]LogDerivedDataCache: Loaded boot cache 0.66s 50MB C:/Users/Ferry/AppData/Local/UnrealEngine/4.14/DerivedDataCache/Boot.ddc.
[2017.03.02-08.40.59:039][  0]LogDerivedDataCache:Display: Loaded Boot cache: C:/Users/Ferry/AppData/Local/UnrealEngine/4.14/DerivedDataCache/Boot.ddc
[2017.03.02-08.40.59:039][  0]LogDerivedDataCache: FDerivedDataBackendGraph:  Pak pak cache file ../../../../../../Users/Ferry/Desktop/VANsGame/Mechanics/BasicMechanics/DerivedDataCache/DDC.ddp not found, will not use a pak cache.
[2017.03.02-08.40.59:039][  0]LogDerivedDataCache: Unable to find inner node Pak for hierarchical cache Hierarchy.
[2017.03.02-08.40.59:039][  0]LogDerivedDataCache: FDerivedDataBackendGraph:  CompressedPak pak cache file ../../../../../../Users/Ferry/Desktop/VANsGame/Mechanics/BasicMechanics/DerivedDataCache/Compressed.ddp not found, will not use a pak cache.
[2017.03.02-08.40.59:039][  0]LogDerivedDataCache: Unable to find inner node CompressedPak for hierarchical cache Hierarchy.
[2017.03.02-08.40.59:098][  0]LogDerivedDataCache:Display: Pak cache opened for reading ../../../Engine/DerivedDataCache/Compressed.ddp.
[2017.03.02-08.40.59:111][  0]LogDerivedDataCache: Using Local data cache path C:/Users/Ferry/AppData/Local/UnrealEngine/Common/DerivedDataCache: Writable
[2017.03.02-08.41.06:638][  0]LogInit: Selected Device Profile: [Windows]
[2017.03.02-08.41.06:644][  0]LogContentStreaming: Texture pool size is 0.00 MB
[2017.03.02-08.41.07:097][  0]LogMeshUtilities: Using QuadricMeshReduction for automatic static mesh reduction
[2017.03.02-08.41.07:190][  0]LogSimplygon: Simplygon DLL not present - disabling.
[2017.03.02-08.41.07:281][  0]LogMeshUtilities: Using SimplygonSwarm for distributed automatic mesh merging
[2017.03.02-08.41.07:281][  0]LogMeshUtilities: No automatic skeletal mesh reduction module available
[2017.03.02-08.41.07:281][  0]LogMeshUtilities: No automatic mesh merging module available
[2017.03.02-08.41.12:240][  0]LogNetVersion: GetLocalNetworkVersion: CL: 3195953, ProjectName: basicmechanics, ProjectVersion: , EngineNetworkVersion: 2, GameNetworkVersion: 0, NetworkChecksum: 1363929391
[2017.03.02-08.41.12:362][  0]LogAssetRegistry: FAssetRegistry took 0.0219 seconds to start up
[2017.03.02-08.41.12:450][  0]LogPackageLocalizationCache: Processed 3 localized package path(s) for 1 prioritized culture(s) in 0.046794 seconds
[2017.03.02-08.41.12:460][  0]LogUObjectArray: 31946 objects as part of root set at end of initial load.
[2017.03.02-08.41.12:460][  0]LogUObjectAllocator: 6935840 out of 0 bytes used by permanent object pool.
[2017.03.02-08.41.12:460][  0]LogUObjectArray: CloseDisregardForGC: 0/0 objects in disregard for GC pool
[2017.03.02-08.41.12:574][  0]LogInit: WinSock: version 1.1 (2.2), MaxSocks=32767, MaxUdp=65467
[2017.03.02-08.41.14:598][  0]LogSlate: Using Freetype 2.6.0
[2017.03.02-08.41.14:729][  0]LogSlate: SlateFontCache - WITH_FREETYPE: 1, WITH_HARFBUZZ: 1
[2017.03.02-08.41.14:729][  0]LogSlate: SlateFontCache - WITH_FREETYPE: 1, WITH_HARFBUZZ: 1
[2017.03.02-08.41.36:876][  0]LogTcpMessaging: Initializing TcpMessaging bridge
[2017.03.02-08.41.36:949][  0]LogUdpMessaging: Initializing bridge on interface 0.0.0.0:0 to multicast group 230.0.0.1:6666.
[2017.03.02-08.41.37:947][  0]LogMaterial: Uniform references updated for custom material expression Custom.
[2017.03.02-08.41.38:656][  0]SourceControl: Info Source control is disabled
[2017.03.02-08.41.38:658][  0]SourceControl: Info Source control is disabled
[2017.03.02-08.41.38:745][  0]SourceControl: Info Source control is disabled
[2017.03.02-08.41.38:828][  0]SourceControl: Info Source control is disabled
[2017.03.02-08.41.41:427][  0]LogEngine: Initializing Engine...
[2017.03.02-08.41.41:428][  0]LogHMD: Failed to initialize OpenVR with code 110
[2017.03.02-08.41.41:928][  0]LogAIModule: Creating AISystem for world Untitled
[2017.03.02-08.41.41:943][  0]LogInit: XAudio2 using 'Altavoces (Realtek High Definition Audio)' : 2 channels at 48 kHz using 32 bits per sample (channel mask 0x3)
[2017.03.02-08.41.41:983][  0]LogInit: FAudioDevice initialized.
[2017.03.02-08.41.42:037][  0]LogDerivedDataCache: Saved boot cache 0.05s 50MB C:/Users/Ferry/AppData/Local/UnrealEngine/4.14/DerivedDataCache/Boot.ddc.
[2017.03.02-08.41.42:059][  0]LogInit: Texture streaming: Enabled
[2017.03.02-08.41.43:213][  0]LogInit: Transaction tracking system initialized
[2017.03.02-08.41.43:831][  0]BlueprintLog: New page: Editor Load
[2017.03.02-08.41.45:513][  0]LocalizationService: Info Localization service is disabled
[2017.03.02-08.41.47:193][  0]LogConsoleResponse:Display: 
[2017.03.02-08.41.49:181][  0]LogCook:Display: Max memory allowance for cook 16384mb min free memory 0mb
[2017.03.02-08.41.49:181][  0]LogCook:Display: Mobile HDR setting 1
[2017.03.02-08.41.50:321][  0]LogFileCache: Scanning file cache for directory 'C:/Users/Ferry/Desktop/VANsGame/Mechanics/BasicMechanics/Content/' took 0.03s
[2017.03.02-08.41.52:358][  0]SourceControl: Info Source control is disabled
[2017.03.02-08.41.52:358][  0]Cmd: MAP LOAD FILE="../../../../../../Users/Ferry/Desktop/VANsGame/Mechanics/BasicMechanics/Content/StarterContent/Maps/Minimal_Default.umap" TEMPLATE=0 SHOWPROGRESS=1 FEATURELEVEL=3
[2017.03.02-08.41.52:456][  0]LightingResults: New page: Lighting Build
[2017.03.02-08.41.52:522][  0]MapCheck: New page: Map Check
[2017.03.02-08.41.52:522][  0]LightingResults: New page: Lighting Build
[2017.03.02-08.41.57:521][  0]LogAIModule: Creating AISystem for world Minimal_Default
[2017.03.02-08.41.57:522][  0]LogActorComponent: RegisterComponentWithWorld: (/Game/StarterContent/Maps/Minimal_Default.Minimal_Default:PersistentLevel.WorldSettings_1.StaticMeshComponent0) Trying to register component with IsPendingKill() == true. Aborting.
[2017.03.02-08.41.57:876][  0]LogEditorServer: Finished looking for orphan Actors (0.000 secs)
[2017.03.02-08.41.57:877][  0]Cmd: MAP CHECKDEP NOCLEARLOG
[2017.03.02-08.41.57:946][  0]MapCheck: Info Map check complete: 0 Error(s), 0 Warning(s), took 69.002ms to complete.
[2017.03.02-08.41.57:946][  0]LogFileHelpers: Loading map 'Minimal_Default' took 5.589
[2017.03.02-08.41.58:301][  0]LogCollectionManager: Loaded 0 collections in 0.002997 seconds
[2017.03.02-08.41.58:417][  0]LogFileCache: Scanning file cache for directory 'C:/Users/Ferry/Desktop/VANsGame/Mechanics/BasicMechanics/Saved/Collections/' took 0.01s
[2017.03.02-08.41.58:417][  0]LogFileCache: Scanning file cache for directory 'C:/Users/Ferry/Desktop/VANsGame/Mechanics/BasicMechanics/Content/Developers/Ferry/Collections/' took 0.01s
[2017.03.02-08.41.58:417][  0]LogFileCache: Scanning file cache for directory 'C:/Users/Ferry/Desktop/VANsGame/Mechanics/BasicMechanics/Content/Collections/' took 0.01s
[2017.03.02-08.41.58:417][  0]LogCollectionManager: Rebuilt the GUID cache for 0 collections in 0.000003 seconds
[2017.03.02-08.41.58:433][  0]LogContentBrowser: Native class hierarchy populated in 0.0152 seconds. Added 2190 classes and 428 folders.
[2017.03.02-08.41.58:501][  0]LogStats: UGameplayTagsManager::ConstructGameplayTagTree: Construct from data asset -  0.000 s
[2017.03.02-08.41.58:501][  0]LogStats: UGameplayTagsManager::ConstructGameplayTagTree: GameplayTagTreeChangedEvent.Broadcast -  0.000 s
[2017.03.02-08.41.58:502][  0]LogContentBrowser: Native class hierarchy updated for 'GameplayTags' in 0.0008 seconds. Added 13 classes and 0 folders.
[2017.03.02-08.41.58:613][  0]LogContentBrowser: Native class hierarchy updated for 'WidgetCarousel' in 0.0008 seconds. Added 0 classes and 0 folders.
[2017.03.02-08.42.01:504][  0]LogContentBrowser: Native class hierarchy updated for 'AddContentDialog' in 0.0007 seconds. Added 0 classes and 0 folders.
[2017.03.02-08.42.01:592][  0]LogContentBrowser: Native class hierarchy updated for 'SceneOutliner' in 0.0008 seconds. Added 1 classes and 2 folders.
[2017.03.02-08.42.01:665][  0]LogCrashTracker: Crashtracker disabled due to settings.
[2017.03.02-08.42.01:676][  0]LogUObjectGlobals:Warning: Failed to find object 'Class None.'
[2017.03.02-08.42.01:778][  0]LogContentBrowser: Native class hierarchy updated for 'HierarchicalLODOutliner' in 0.0008 seconds. Added 1 classes and 2 folders.
[2017.03.02-08.42.01:778][  0]LogLoad: (Engine Initialization) Total time: 88.65 seconds
[2017.03.02-08.42.01:778][  0]LogLoad: (Engine Initialization) Total Blueprint compile time: 0.28 seconds
[2017.03.02-08.42.01:778][  0]LogExternalProfiler: No external profilers were discovered.  External profiling features will not be available.
[2017.03.02-08.42.02:120][  0]LogOcInput: OculusInput pre-init called
[2017.03.02-08.42.02:196][  0]LogContentStreaming: Texture pool size now 1000 MB
[2017.03.02-08.42.02:686][  0]LogRenderer: Reallocating scene render targets to support 1208x576 NumSamples 1 (Frame:2).
[2017.03.02-08.42.08:182][ 16]LogFileCache: Retrieving MD5 hashes for directory 'C:/Users/Ferry/Desktop/VANsGame/Mechanics/BasicMechanics/Content/' took 6.05s
[2017.03.02-08.42.24:526][ 65]LogAssetRegistry: Asset discovery search completed in 72.1860 seconds
[2017.03.02-08.42.24:527][ 65]LogCollectionManager: Rebuilt the object cache for 0 collections in 0.000001 seconds (found 0 objects)
[2017.03.02-08.42.24:527][ 65]LogCollectionManager: Fixed up redirectors for 0 collections in 0.000046 seconds (updated 0 objects)
[2017.03.02-08.42.55:677][310]LogAIModule: Creating AISystem for world TutorialMap
[2017.03.02-08.42.56:015][310]Cmd: MAP LOAD FILE="../../../../../../Users/Ferry/Desktop/VANsGame/Mechanics/BasicMechanics/Content/Levels/TutorialMap.umap" TEMPLATE=0 SHOWPROGRESS=1 FEATURELEVEL=3
[2017.03.02-08.42.56:015][310]LightingResults: New page: Lighting Build
[2017.03.02-08.42.56:016][310]LoadErrors: New page: Loading map: TutorialMap.umap
[2017.03.02-08.42.56:017][310]MapCheck: New page: Map Check
[2017.03.02-08.42.56:017][310]LightingResults: New page: Lighting Build
[2017.03.02-08.42.56:131][310]LogSkeletalMesh: UPhysicsAssetInstance::InitInstance : Could not find root physics body: CharacterMesh0
[2017.03.02-08.42.56:131][310]LogSkeletalMesh: UPhysicsAssetInstance::InitInstance : Could not find root physics body: CharacterMesh0
[2017.03.02-08.42.56:131][310]LogSkeletalMesh: UPhysicsAssetInstance::InitInstance : Could not find root physics body: CharacterMesh0
[2017.03.02-08.42.56:354][310]LogEditorServer: Finished looking for orphan Actors (0.000 secs)
[2017.03.02-08.42.56:462][310]Cmd: MAP CHECKDEP NOCLEARLOG
[2017.03.02-08.42.56:568][310]MapCheck: Info Map check complete: 0 Error(s), 0 Warning(s), took 106.054ms to complete.
[2017.03.02-08.42.56:568][310]LogFileHelpers: Loading map 'TutorialMap' took 0.555
[2017.03.02-10.42.06:164][709]LogContentBrowser: Native class hierarchy updated for 'WorldBrowser' in 0.0008 seconds. Added 1 classes and 3 folders.
[2017.03.02-10.43.35:243][331]LogLinker:Warning: Can't find file '/Game/Elements/Mirrors/MirrorsRayTrace'
[2017.03.02-10.43.35:243][331]LogLinker:Warning: Can't find file for asset '/Game/Elements/Mirrors/MirrorsRayTrace' while loading NULL.
[2017.03.02-10.43.35:360][331]LogBlueprint:Warning: [Compiler Answers] Warning 'Item' is already a 'NPC', you don't need  K2Node_DynamicCast_0 .
[2017.03.02-10.43.35:361][331]LogBlueprint:Warning: [Compiler Answers] Warning 'Item' is already a 'NPC', you don't need  K2Node_DynamicCast_15 .
[2017.03.02-10.43.35:361][331]LogBlueprint:Warning: [Compiler Answers] Warning 'Item' is already a 'NPC', you don't need  K2Node_DynamicCast_2 .
[2017.03.02-10.43.35:373][331]LogBlueprint:Warning: [Compiler Answers] Warning [7382.25] Compile of Answers successful, but with 3 Warning(s) [in 29 ms] (/Game/Elements/NPCDialogue/Answers.Answers)
[2017.03.02-10.43.35:374][331]LogBlueprint:Warning: [Compiler Answers] Warning [7382.25] Compile of Answers successful, but with 4 Warning(s) [in 0 ms] (/Game/Elements/NPCDialogue/Answers.Answers)
[2017.03.02-10.43.35:374][331]LogBlueprint:Warning: [Compiler Answers] Warning [7382.25] Compile of Answers successful, but with 5 Warning(s) [in 0 ms] (/Game/Elements/NPCDialogue/Answers.Answers)
[2017.03.02-10.43.35:408][331]LogBlueprint:Warning: [Compiler Answers] Warning 'Item' is already a 'NPC', you don't need  K2Node_DynamicCast_0 .
[2017.03.02-10.43.35:408][331]LogBlueprint:Warning: [Compiler Answers] Warning 'Item' is already a 'NPC', you don't need  K2Node_DynamicCast_15 .
[2017.03.02-10.43.35:408][331]LogBlueprint:Warning: [Compiler Answers] Warning 'Item' is already a 'NPC', you don't need  K2Node_DynamicCast_2 .
[2017.03.02-10.43.35:422][331]LogBlueprint:Warning: [Compiler Answers] Warning [7382.29] Compile of Answers successful, but with 3 Warning(s) [in 22 ms] (/Game/Elements/NPCDialogue/Answers.Answers)
[2017.03.02-10.43.35:422][331]LogBlueprint:Warning: [Compiler Answers] Warning [7382.29] Compile of Answers successful, but with 4 Warning(s) [in 0 ms] (/Game/Elements/NPCDialogue/Answers.Answers)
[2017.03.02-10.43.35:423][331]LogBlueprint:Warning: [Compiler Answers] Warning [7382.29] Compile of Answers successful, but with 5 Warning(s) [in 0 ms] (/Game/Elements/NPCDialogue/Answers.Answers)
[2017.03.02-10.43.35:439][331]LogLinker:Warning: Can't find file '/Game/Elements/Mirrors/MirrorsRayTrace'
[2017.03.02-10.43.35:439][331]LogLinker:Warning: Can't find file for asset '/Game/Elements/Mirrors/MirrorsRayTrace' while loading NULL.
[2017.03.02-10.43.35:444][331]LogLinker:Warning: Can't find file '/Game/Levels/Tests_BuiltData'
[2017.03.02-10.43.35:444][331]LogLinker:Warning: Can't find file for asset '/Game/Levels/Tests_BuiltData' while loading NULL.
[2017.03.02-10.43.35:456][331]LogLinker:Warning: Can't find file '/Game/Elements/Mirrors/MirrorsRayTrace'
[2017.03.02-10.43.35:456][331]LogLinker:Warning: Can't find file for asset '/Game/Elements/Mirrors/MirrorsRayTrace' while loading NULL.
[2017.03.02-10.43.35:457][331]LogLinker:Warning: Can't find file '/Game/Levels/Tests_BuiltData'
[2017.03.02-10.43.35:457][331]LogLinker:Warning: Can't find file for asset '/Game/Levels/Tests_BuiltData' while loading NULL.
[2017.03.02-10.43.35:475][331]LogLinker:Warning: Can't find file '/Game/Elements/Mirrors/MirrorsRayTrace'
[2017.03.02-10.43.35:475][331]LogLinker:Warning: Can't find file for asset '/Game/Elements/Mirrors/MirrorsRayTrace' while loading NULL.
[2017.03.02-10.43.35:475][331]LogLinker:Warning: Can't find file '/Game/Elements/Mirrors/MirrorsRayTrace'
[2017.03.02-10.43.35:475][331]LogLinker:Warning: Can't find file for asset '/Game/Elements/Mirrors/MirrorsRayTrace' while loading NULL.
[2017.03.02-10.43.35:475][331]LogLinker:Warning: Can't find file '/Game/Elements/Mirrors/MirrorsRayTrace'
[2017.03.02-10.43.35:475][331]LogLinker:Warning: Can't find file for asset '/Game/Elements/Mirrors/MirrorsRayTrace' while loading NULL.
[2017.03.02-10.43.35:475][331]LogLinker:Warning: Can't find file '/Game/Elements/Mirrors/MirrorsRayTrace'
[2017.03.02-10.43.35:475][331]LogLinker:Warning: Can't find file for asset '/Game/Elements/Mirrors/MirrorsRayTrace' while loading NULL.
[2017.03.02-10.43.35:476][331]LogLinker:Warning: Can't find file '/Game/Elements/Mirrors/MirrorsRayTrace'
[2017.03.02-10.43.35:477][331]LogLinker:Warning: Can't find file for asset '/Game/Elements/Mirrors/MirrorsRayTrace' while loading NULL.
[2017.03.02-10.43.35:478][331]LogLinker:Warning: Can't find file '/Game/Elements/Mirrors/MirrorsRayTrace'
[2017.03.02-10.43.35:478][331]LogLinker:Warning: Can't find file for asset '/Game/Elements/Mirrors/MirrorsRayTrace' while loading NULL.
[2017.03.02-10.43.35:478][331]LogLinker:Warning: Can't find file '/Game/Elements/Mirrors/MirrorsRayTrace'
[2017.03.02-10.43.35:478][331]LogLinker:Warning: Can't find file for asset '/Game/Elements/Mirrors/MirrorsRayTrace' while loading NULL.
[2017.03.02-10.43.35:478][331]LogLinker:Warning: Can't find file '/Game/Levels/Tests_BuiltData'
[2017.03.02-10.43.35:478][331]LogLinker:Warning: Can't find file for asset '/Game/Levels/Tests_BuiltData' while loading NULL.
[2017.03.02-10.43.35:479][331]LogLinker:Warning: Can't find file '/Game/Elements/Mirrors/MirrorsRayTrace'
[2017.03.02-10.43.35:479][331]LogLinker:Warning: Can't find file for asset '/Game/Elements/Mirrors/MirrorsRayTrace' while loading NULL.
[2017.03.02-10.43.35:479][331]LogLinker:Warning: Can't find file '/Game/Levels/Tests_BuiltData'
[2017.03.02-10.43.35:479][331]LogLinker:Warning: Can't find file for asset '/Game/Levels/Tests_BuiltData' while loading NULL.
[2017.03.02-10.43.35:479][331]LogLinker:Warning: Can't find file '/Game/Elements/Mirrors/MirrorsRayTrace'
[2017.03.02-10.43.35:479][331]LogLinker:Warning: Can't find file for asset '/Game/Elements/Mirrors/MirrorsRayTrace' while loading NULL.
[2017.03.02-10.43.35:479][331]LogLinker:Warning: Can't find file '/Game/Elements/Mirrors/MirrorsRayTrace'
[2017.03.02-10.43.35:479][331]LogLinker:Warning: Can't find file for asset '/Game/Elements/Mirrors/MirrorsRayTrace' while loading NULL.
[2017.03.02-10.43.35:479][331]LogLinker:Warning: Can't find file '/Game/Elements/Mirrors/MirrorsRayTrace'
[2017.03.02-10.43.35:479][331]LogLinker:Warning: Can't find file for asset '/Game/Elements/Mirrors/MirrorsRayTrace' while loading NULL.
[2017.03.02-10.43.35:479][331]LogLinker:Warning: Can't find file '/Game/Elements/Mirrors/MirrorsRayTrace'
[2017.03.02-10.43.35:479][331]LogLinker:Warning: Can't find file for asset '/Game/Elements/Mirrors/MirrorsRayTrace' while loading NULL.
[2017.03.02-10.43.35:480][331]LogLinker:Warning: Can't find file '/Game/Elements/Mirrors/MirrorsRayTrace'
[2017.03.02-10.43.35:480][331]LogLinker:Warning: Can't find file for asset '/Game/Elements/Mirrors/MirrorsRayTrace' while loading NULL.
[2017.03.02-10.43.35:497][331]LogLinker:Warning: Can't find file '/Game/Elements/Mirrors/MirrorsRayTrace'
[2017.03.02-10.43.35:497][331]LogLinker:Warning: Can't find file for asset '/Game/Elements/Mirrors/MirrorsRayTrace' while loading NULL.
[2017.03.02-10.43.35:498][331]LogLinker:Warning: Can't find file '/Game/Elements/Mirrors/MirrorsRayTrace'
[2017.03.02-10.43.35:498][331]LogLinker:Warning: Can't find file for asset '/Game/Elements/Mirrors/MirrorsRayTrace' while loading NULL.
[2017.03.02-10.43.35:498][331]LogLinker:Warning: Can't find file '/Game/Levels/Tests_BuiltData'
[2017.03.02-10.43.35:498][331]LogLinker:Warning: Can't find file for asset '/Game/Levels/Tests_BuiltData' while loading NULL.
[2017.03.02-10.43.35:498][331]LogLinker:Warning: Can't find file '/Game/Elements/Mirrors/MirrorsRayTrace'
[2017.03.02-10.43.35:498][331]LogLinker:Warning: Can't find file for asset '/Game/Elements/Mirrors/MirrorsRayTrace' while loading NULL.
[2017.03.02-10.43.35:498][331]LogLinker:Warning: Can't find file '/Game/Levels/Tests_BuiltData'
[2017.03.02-10.43.35:498][331]LogLinker:Warning: Can't find file for asset '/Game/Levels/Tests_BuiltData' while loading NULL.
[2017.03.02-10.43.35:498][331]LogLinker:Warning: Can't find file '/Game/Elements/Mirrors/MirrorsRayTrace'
[2017.03.02-10.43.35:498][331]LogLinker:Warning: Can't find file for asset '/Game/Elements/Mirrors/MirrorsRayTrace' while loading NULL.
[2017.03.02-10.43.35:498][331]LogLinker:Warning: Can't find file '/Game/Elements/Mirrors/MirrorsRayTrace'
[2017.03.02-10.43.35:499][331]LogLinker:Warning: Can't find file for asset '/Game/Elements/Mirrors/MirrorsRayTrace' while loading NULL.
[2017.03.02-10.43.35:499][331]LogLinker:Warning: Can't find file '/Game/Elements/Mirrors/MirrorsRayTrace'
[2017.03.02-10.43.35:499][331]LogLinker:Warning: Can't find file for asset '/Game/Elements/Mirrors/MirrorsRayTrace' while loading NULL.
[2017.03.02-10.43.35:499][331]LogLinker:Warning: Can't find file '/Game/Elements/Mirrors/MirrorsRayTrace'
[2017.03.02-10.43.35:499][331]LogLinker:Warning: Can't find file for asset '/Game/Elements/Mirrors/MirrorsRayTrace' while loading NULL.
[2017.03.02-10.43.35:499][331]LogLinker:Warning: Can't find file '/Game/Elements/Mirrors/MirrorsRayTrace'
[2017.03.02-10.43.35:499][331]LogLinker:Warning: Can't find file for asset '/Game/Elements/Mirrors/MirrorsRayTrace' while loading NULL.
[2017.03.02-10.43.35:548][331]LogLinker:Warning: Can't find file '/Game/Elements/Mirrors/MirrorsRayTrace'
[2017.03.02-10.43.35:548][331]LogLinker:Warning: Can't find file for asset '/Game/Elements/Mirrors/MirrorsRayTrace' while loading NULL.
[2017.03.02-10.43.35:549][331]LogLinker:Warning: Can't find file '/Game/Elements/Mirrors/MirrorsRayTrace'
[2017.03.02-10.43.35:549][331]LogLinker:Warning: Can't find file for asset '/Game/Elements/Mirrors/MirrorsRayTrace' while loading NULL.
[2017.03.02-10.43.35:556][331]LogLinker:Warning: Can't find file '/Game/Levels/Tests_BuiltData'
[2017.03.02-10.43.35:556][331]LoadErrors: Info Failed to load /Game/Levels/Tests_BuiltData.Tests_BuiltData Referenced by PersistentLevel
[2017.03.02-10.43.35:557][331]LogLinker:Warning: Can't find file for asset '/Game/Levels/Tests_BuiltData' while loading NULL.
[2017.03.02-10.43.35:569][331]LogLinker:Warning: Can't find file '/Game/Elements/Mirrors/MirrorsRayTrace'
[2017.03.02-10.43.35:569][331]LogLinker:Warning: Can't find file for asset '/Game/Elements/Mirrors/MirrorsRayTrace' while loading NULL.
[2017.03.02-10.43.35:569][331]LogLinker:Warning: Can't find file '/Game/Elements/Mirrors/MirrorsRayTrace'
[2017.03.02-10.43.35:569][331]LoadErrors: Info Failed to load /Game/Elements/Mirrors/MirrorsRayTrace.MirrorsRayTrace_C Referenced by PersistentLevel
[2017.03.02-10.43.35:569][331]LogLinker:Warning: Can't find file for asset '/Game/Elements/Mirrors/MirrorsRayTrace' while loading NULL.
[2017.03.02-10.43.35:570][331]LogLinker:Warning: Can't find file '/Game/Elements/Mirrors/MirrorsRayTrace'
[2017.03.02-10.43.35:570][331]LogLinker:Warning: Can't find file for asset '/Game/Elements/Mirrors/MirrorsRayTrace' while loading NULL.
[2017.03.02-10.43.35:570][331]LogLinker:Warning: Can't find file '/Game/Elements/Mirrors/MirrorsRayTrace'
[2017.03.02-10.43.35:570][331]LogLinker:Warning: Can't find file for asset '/Game/Elements/Mirrors/MirrorsRayTrace' while loading NULL.
[2017.03.02-10.43.35:572][331]LogLinker:Warning: Can't find file '/Game/Elements/Mirrors/MirrorsRayTrace'
[2017.03.02-10.43.35:572][331]LogLinker:Warning: Can't find file for asset '/Game/Elements/Mirrors/MirrorsRayTrace' while loading NULL.
[2017.03.02-10.43.35:572][331]LogLinker:Warning: Can't find file '/Game/Elements/Mirrors/MirrorsRayTrace'
[2017.03.02-10.43.35:572][331]LogLinker:Warning: Can't find file for asset '/Game/Elements/Mirrors/MirrorsRayTrace' while loading NULL.
[2017.03.02-10.43.35:572][331]LogLinker:Warning: Can't find file '/Game/Elements/Mirrors/MirrorsRayTrace'
[2017.03.02-10.43.35:572][331]LogLinker:Warning: Can't find file for asset '/Game/Elements/Mirrors/MirrorsRayTrace' while loading NULL.
[2017.03.02-10.43.35:572][331]LogLinker:Warning: Can't find file '/Game/Elements/Mirrors/MirrorsRayTrace'
[2017.03.02-10.43.35:573][331]LogLinker:Warning: Can't find file for asset '/Game/Elements/Mirrors/MirrorsRayTrace' while loading NULL.
[2017.03.02-10.43.35:573][331]LogLinker:Warning: Can't find file '/Game/Elements/Mirrors/MirrorsRayTrace'
[2017.03.02-10.43.35:573][331]LogLinker:Warning: Can't find file for asset '/Game/Elements/Mirrors/MirrorsRayTrace' while loading NULL.
[2017.03.02-10.43.35:573][331]LogLinker:Warning: Can't find file '/Game/Elements/Mirrors/MirrorsRayTrace'
[2017.03.02-10.43.35:573][331]LogLinker:Warning: Can't find file for asset '/Game/Elements/Mirrors/MirrorsRayTrace' while loading NULL.
[2017.03.02-10.43.35:574][331]LogLinker:Warning: Can't find file '/Game/Elements/Mirrors/MirrorsRayTrace'
[2017.03.02-10.43.35:574][331]LogLinker:Warning: Can't find file for asset '/Game/Elements/Mirrors/MirrorsRayTrace' while loading NULL.
[2017.03.02-10.43.35:574][331]LogLinker:Warning: Can't find file '/Game/Elements/Mirrors/MirrorsRayTrace'
[2017.03.02-10.43.35:574][331]LogLinker:Warning: Can't find file for asset '/Game/Elements/Mirrors/MirrorsRayTrace' while loading NULL.
[2017.03.02-10.43.35:588][331]LogLinker:Warning: Can't find file '/Game/Elements/Mirrors/MirrorsRayTrace'
[2017.03.02-10.43.35:588][331]LogLinker:Warning: Can't find file for asset '/Game/Elements/Mirrors/MirrorsRayTrace' while loading NULL.
[2017.03.02-10.43.35:588][331]LogLinker:Warning: Can't find file '/Game/Elements/Mirrors/MirrorsRayTrace'
[2017.03.02-10.43.35:588][331]LogLinker:Warning: Can't find file for asset '/Game/Elements/Mirrors/MirrorsRayTrace' while loading NULL.
[2017.03.02-10.43.35:809][331]LoadErrors:Warning: Warning CreateExport: Failed to load Outer for resource 'TriggerVolume': MirrorsRayTrace_C /Game/Levels/Tests.Tests:PersistentLevel.MirrorsRayTrace_1808
[2017.03.02-10.43.35:809][331]LoadErrors:Warning: Warning CreateExport: Failed to load Outer for resource 'LightRay': MirrorsRayTrace_C /Game/Levels/Tests.Tests:PersistentLevel.MirrorsRayTrace_1808
[2017.03.02-10.43.35:809][331]LoadErrors:Warning: Warning CreateExport: Failed to load Outer for resource 'LightRay2': MirrorsRayTrace_C /Game/Levels/Tests.Tests:PersistentLevel.MirrorsRayTrace_1808
[2017.03.02-10.43.35:809][331]LoadErrors:Warning: Warning CreateExport: Failed to load Outer for resource 'LightRay3': MirrorsRayTrace_C /Game/Levels/Tests.Tests:PersistentLevel.MirrorsRayTrace_1808
[2017.03.02-10.43.35:809][331]LoadErrors:Warning: Warning CreateExport: Failed to load Outer for resource 'DefaultSceneRoot': MirrorsRayTrace_C /Game/Levels/Tests.Tests:PersistentLevel.MirrorsRayTrace_1808
[2017.03.02-10.43.35:809][331]LoadErrors:Warning: Warning CreateExport: Failed to load Outer for resource 'Source': MirrorsRayTrace_C /Game/Levels/Tests.Tests:PersistentLevel.MirrorsRayTrace_1808
[2017.03.02-10.43.35:829][331]LogSkeletalMesh: UPhysicsAssetInstance::InitInstance : Could not find root physics body: CharacterMesh0
[2017.03.02-10.43.35:829][331]LogSkeletalMesh: UPhysicsAssetInstance::InitInstance : Could not find root physics body: CharacterMesh0
[2017.03.02-10.43.35:830][331]LogSkeletalMesh: UPhysicsAssetInstance::InitInstance : Could not find root physics body: CharacterMesh0
[2017.03.02-10.43.35:873][331]LogSkeletalMesh: UPhysicsAssetInstance::InitInstance : Could not find root physics body: CharacterMesh0
[2017.03.02-10.43.35:873][331]LogSkeletalMesh: UPhysicsAssetInstance::InitInstance : Could not find root physics body: CharacterMesh0
[2017.03.02-10.43.35:873][331]LogSkeletalMesh: UPhysicsAssetInstance::InitInstance : Could not find root physics body: CharacterMesh0
[2017.03.02-10.44.35:067][596]LogSavePackage: Save=1487.72ms
[2017.03.02-10.44.35:069][596]LogSavePackage: Moving '../../../../../../Users/Ferry/Desktop/VANsGame/Mechanics/BasicMechanics/Saved/TutorialMap_Auto1B7B48F9E460AD678AC415FB44F8BE4D8.tmp' to '../../../../../../Users/Ferry/Desktop/VANsGame/Mechanics/BasicMechanics/Saved/Autosaves/Game/Levels/TutorialMap_Auto1.umap'
[2017.03.02-10.44.35:074][596]LogSavePackage:Display: Finished SavePackage ../../../../../../Users/Ferry/Desktop/VANsGame/Mechanics/BasicMechanics/Saved/Autosaves/Game/Levels/TutorialMap_Auto1.umap
[2017.03.02-10.44.35:125][596]LogSpawn:Warning: UWorld::DestroyActor: World has no context! World: Tests, Actor: /Game/Levels/Tests.Tests:PersistentLevel.Tests_C_1
[2017.03.02-10.44.35:205][596]LogParticles:Warning: InitializeSystem called on an unregistered component. Template=/Game/Elements/Mirrors/LightRay.LightRay Component=/Game/Levels/Tests.Tests:PersistentLevel.MirrorSwitchART_488.LightRay3
[2017.03.02-10.44.35:205][596]LogParticles:Warning: InitializeSystem called on an unregistered component. Template=/Game/Elements/Mirrors/LightRay.LightRay Component=/Game/Levels/Tests.Tests:PersistentLevel.MirrorSwitchART_488.LightRay2
[2017.03.02-10.44.35:205][596]LogParticles:Warning: InitializeSystem called on an unregistered component. Template=/Game/Elements/Mirrors/LightRay.LightRay Component=/Game/Levels/Tests.Tests:PersistentLevel.MirrorSwitchART_488.LightRay
[2017.03.02-10.44.35:208][596]LogParticles:Warning: InitializeSystem called on an unregistered component. Template=/Game/Elements/Mirrors/LightRay.LightRay Component=/Game/Levels/Tests.Tests:PersistentLevel.MirrorSwitchART_488.LightRay
[2017.03.02-10.44.35:209][596]LogParticles:Warning: InitializeSystem called on an unregistered component. Template=/Game/Elements/Mirrors/LightRay.LightRay Component=/Game/Levels/Tests.Tests:PersistentLevel.MirrorSwitchART_488.LightRay2
[2017.03.02-10.44.35:209][596]LogParticles:Warning: InitializeSystem called on an unregistered component. Template=/Game/Elements/Mirrors/LightRay.LightRay Component=/Game/Levels/Tests.Tests:PersistentLevel.MirrorSwitchART_488.LightRay3
[2017.03.02-10.44.35:453][596]LogSavePackage: Save=357.23ms
[2017.03.02-10.44.35:453][596]LogSavePackage: Moving '../../../../../../Users/Ferry/Desktop/VANsGame/Mechanics/BasicMechanics/Saved/Tests_Auto1DEC8C0314FA01145FF9A10AA2D1C9645.tmp' to '../../../../../../Users/Ferry/Desktop/VANsGame/Mechanics/BasicMechanics/Saved/Autosaves/Game/Levels/Tests_Auto1.umap'
[2017.03.02-10.44.35:456][596]LogSavePackage:Display: Finished SavePackage ../../../../../../Users/Ferry/Desktop/VANsGame/Mechanics/BasicMechanics/Saved/Autosaves/Game/Levels/Tests_Auto1.umap
[2017.03.02-10.44.35:459][596]LogFileHelpers: Editor autosave (incl. sublevels) for '/Game/Levels/TutorialMap' took 1.950
[2017.03.02-10.44.35:459][596]LogFileHelpers: Editor autosave (incl. sublevels) for all levels took 1.950
[2017.03.02-10.44.45:259][ 90]LogEditorViewport: Clicking Background
[2017.03.02-10.45.08:078][883]LogEditorViewport: Clicking on Actor (LMB): StaticMeshActor (Floor)
[2017.03.02-10.45.20:186][344]MapCheck: New page: Map Check
[2017.03.02-10.45.20:186][344]LightingResults: New page: Lighting Build
[2017.03.02-10.46.07:547][220]LogContentBrowser: Native class hierarchy updated for 'BlueprintGraph' in 0.0013 seconds. Added 111 classes and 0 folders.
[2017.03.02-10.47.05:903][166]LogEditorViewport: Clicking on Actor (context menu): StaticMeshActor (Floor)
[2017.03.02-10.47.07:409][251]LogEditorViewport: Clicking Background
[2017.03.02-10.47.29:225][326]LogEditorViewport: Clicking on Actor (LMB): StaticMeshActor (Floor)
[2017.03.02-10.47.31:990][503]LogEditorViewport: Clicking on Actor (LMB): StaticMeshActor (Floor)
[2017.03.02-10.47.32:685][546]LogEditorViewport: Clicking on Actor (LMB): StaticMeshActor (Floor)
[2017.03.02-10.47.43:651][254]LogEditorViewport: Clicking on Actor (LMB): StaticMeshActor (Floor)
[2017.03.02-10.47.44:236][290]LogEditorViewport: Clicking on Actor (LMB): StaticMeshActor (Floor)
[2017.03.02-10.47.44:856][329]LogEditorViewport: Clicking on Actor (LMB): StaticMeshActor (Floor)
[2017.03.02-10.47.45:230][351]LogEditorViewport: Clicking on Actor (LMB): TriggerBox (TriggerBox)
[2017.03.02-10.47.47:762][510]LogEditorViewport: Clicking on Actor (LMB): StaticMeshActor (Floor)
[2017.03.02-10.47.52:901][832]LogTextFormatter:Warning: Failed to parse argument "DropPath" as a number (using "0" as a fallback). Please check your format string for errors: "Move into "{DropPath}"".
[2017.03.02-10.47.52:907][832]LogTextFormatter:Warning: Failed to parse argument "DropPath" as a number (using "0" as a fallback). Please check your format string for errors: "Move into "{DropPath}"".
[2017.03.02-10.47.52:933][833]LogTextFormatter:Warning: Failed to parse argument "DropPath" as a number (using "0" as a fallback). Please check your format string for errors: "Move into "{DropPath}"".
[2017.03.02-10.47.52:940][833]LogTextFormatter:Warning: Failed to parse argument "DropPath" as a number (using "0" as a fallback). Please check your format string for errors: "Move into "{DropPath}"".
[2017.03.02-10.47.52:951][834]LogTextFormatter:Warning: Failed to parse argument "DropPath" as a number (using "0" as a fallback). Please check your format string for errors: "Move into "{DropPath}"".
[2017.03.02-10.47.52:958][834]LogTextFormatter:Warning: Failed to parse argument "DropPath" as a number (using "0" as a fallback). Please check your format string for errors: "Move into "{DropPath}"".
[2017.03.02-10.47.52:969][835]LogTextFormatter:Warning: Failed to parse argument "DropPath" as a number (using "0" as a fallback). Please check your format string for errors: "Move into "{DropPath}"".
[2017.03.02-10.47.52:974][835]LogTextFormatter:Warning: Failed to parse argument "DropPath" as a number (using "0" as a fallback). Please check your format string for errors: "Move into "{DropPath}"".
[2017.03.02-10.47.52:984][836]LogTextFormatter:Warning: Failed to parse argument "DropPath" as a number (using "0" as a fallback). Please check your format string for errors: "Move into "{DropPath}"".
[2017.03.02-10.47.52:990][836]LogTextFormatter:Warning: Failed to parse argument "DropPath" as a number (using "0" as a fallback). Please check your format string for errors: "Move into "{DropPath}"".
[2017.03.02-10.47.52:999][837]LogTextFormatter:Warning: Failed to parse argument "DropPath" as a number (using "0" as a fallback). Please check your format string for errors: "Move into "{DropPath}"".
[2017.03.02-10.47.53:005][837]LogTextFormatter:Warning: Failed to parse argument "DropPath" as a number (using "0" as a fallback). Please check your format string for errors: "Move into "{DropPath}"".
[2017.03.02-10.47.53:014][838]LogTextFormatter:Warning: Failed to parse argument "DropPath" as a number (using "0" as a fallback). Please check your format string for errors: "Move into "{DropPath}"".
[2017.03.02-10.47.53:019][838]LogTextFormatter:Warning: Failed to parse argument "DropPath" as a number (using "0" as a fallback). Please check your format string for errors: "Move into "{DropPath}"".
[2017.03.02-10.47.53:028][839]LogTextFormatter:Warning: Failed to parse argument "DropPath" as a number (using "0" as a fallback). Please check your format string for errors: "Move into "{DropPath}"".
[2017.03.02-10.47.53:034][839]LogTextFormatter:Warning: Failed to parse argument "DropPath" as a number (using "0" as a fallback). Please check your format string for errors: "Move into "{DropPath}"".
[2017.03.02-10.47.53:043][840]LogTextFormatter:Warning: Failed to parse argument "DropPath" as a number (using "0" as a fallback). Please check your format string for errors: "Move into "{DropPath}"".
[2017.03.02-10.47.53:049][840]LogTextFormatter:Warning: Failed to parse argument "DropPath" as a number (using "0" as a fallback). Please check your format string for errors: "Move into "{DropPath}"".
[2017.03.02-10.47.53:058][841]LogTextFormatter:Warning: Failed to parse argument "DropPath" as a number (using "0" as a fallback). Please check your format string for errors: "Move into "{DropPath}"".
[2017.03.02-10.47.53:064][841]LogTextFormatter:Warning: Failed to parse argument "DropPath" as a number (using "0" as a fallback). Please check your format string for errors: "Move into "{DropPath}"".
[2017.03.02-10.47.53:073][842]LogTextFormatter:Warning: Failed to parse argument "DropPath" as a number (using "0" as a fallback). Please check your format string for errors: "Move into "{DropPath}"".
[2017.03.02-10.47.53:078][842]LogTextFormatter:Warning: Failed to parse argument "DropPath" as a number (using "0" as a fallback). Please check your format string for errors: "Move into "{DropPath}"".
[2017.03.02-10.47.53:087][843]LogTextFormatter:Warning: Failed to parse argument "DropPath" as a number (using "0" as a fallback). Please check your format string for errors: "Move into "{DropPath}"".
[2017.03.02-10.47.53:093][843]LogTextFormatter:Warning: Failed to parse argument "DropPath" as a number (using "0" as a fallback). Please check your format string for errors: "Move into "{DropPath}"".
[2017.03.02-10.47.53:101][844]LogTextFormatter:Warning: Failed to parse argument "DropPath" as a number (using "0" as a fallback). Please check your format string for errors: "Move into "{DropPath}"".
[2017.03.02-10.47.53:106][844]LogTextFormatter:Warning: Failed to parse argument "DropPath" as a number (using "0" as a fallback). Please check your format string for errors: "Move into "{DropPath}"".
[2017.03.02-10.47.53:115][845]LogTextFormatter:Warning: Failed to parse argument "DropPath" as a number (using "0" as a fallback). Please check your format string for errors: "Move into "{DropPath}"".
[2017.03.02-10.47.53:120][845]LogTextFormatter:Warning: Failed to parse argument "DropPath" as a number (using "0" as a fallback). Please check your format string for errors: "Move into "{DropPath}"".
[2017.03.02-10.47.53:128][846]LogTextFormatter:Warning: Failed to parse argument "DropPath" as a number (using "0" as a fallback). Please check your format string for errors: "Move into "{DropPath}"".
[2017.03.02-10.47.53:134][846]LogTextFormatter:Warning: Failed to parse argument "DropPath" as a number (using "0" as a fallback). Please check your format string for errors: "Move into "{DropPath}"".
[2017.03.02-10.47.53:142][847]LogTextFormatter:Warning: Failed to parse argument "DropPath" as a number (using "0" as a fallback). Please check your format string for errors: "Move into "{DropPath}"".
[2017.03.02-10.47.53:147][847]LogTextFormatter:Warning: Failed to parse argument "DropPath" as a number (using "0" as a fallback). Please check your format string for errors: "Move into "{DropPath}"".
[2017.03.02-10.47.53:155][848]LogTextFormatter:Warning: Failed to parse argument "DropPath" as a number (using "0" as a fallback). Please check your format string for errors: "Move into "{DropPath}"".
[2017.03.02-10.47.53:161][848]LogTextFormatter:Warning: Failed to parse argument "DropPath" as a number (using "0" as a fallback). Please check your format string for errors: "Move into "{DropPath}"".
[2017.03.02-10.47.53:169][849]LogTextFormatter:Warning: Failed to parse argument "DropPath" as a number (using "0" as a fallback). Please check your format string for errors: "Move into "{DropPath}"".
[2017.03.02-10.47.53:175][849]LogTextFormatter:Warning: Failed to parse argument "DropPath" as a number (using "0" as a fallback). Please check your format string for errors: "Move into "{DropPath}"".
[2017.03.02-10.47.53:184][850]LogTextFormatter:Warning: Failed to parse argument "DropPath" as a number (using "0" as a fallback). Please check your format string for errors: "Move into "{DropPath}"".
[2017.03.02-10.47.53:189][850]LogTextFormatter:Warning: Failed to parse argument "DropPath" as a number (using "0" as a fallback). Please check your format string for errors: "Move into "{DropPath}"".
[2017.03.02-10.47.53:197][851]LogTextFormatter:Warning: Failed to parse argument "DropPath" as a number (using "0" as a fallback). Please check your format string for errors: "Move into "{DropPath}"".
[2017.03.02-10.47.53:202][851]LogTextFormatter:Warning: Failed to parse argument "DropPath" as a number (using "0" as a fallback). Please check your format string for errors: "Move into "{DropPath}"".
[2017.03.02-10.47.53:210][852]LogTextFormatter:Warning: Failed to parse argument "DropPath" as a number (using "0" as a fallback). Please check your format string for errors: "Move into "{DropPath}"".
[2017.03.02-10.47.53:215][852]LogTextFormatter:Warning: Failed to parse argument "DropPath" as a number (using "0" as a fallback). Please check your format string for errors: "Move into "{DropPath}"".
[2017.03.02-10.47.53:224][853]LogTextFormatter:Warning: Failed to parse argument "DropPath" as a number (using "0" as a fallback). Please check your format string for errors: "Move into "{DropPath}"".
[2017.03.02-10.47.53:229][853]LogTextFormatter:Warning: Failed to parse argument "DropPath" as a number (using "0" as a fallback). Please check your format string for errors: "Move into "{DropPath}"".
[2017.03.02-10.47.53:237][854]LogTextFormatter:Warning: Failed to parse argument "DropPath" as a number (using "0" as a fallback). Please check your format string for errors: "Move into "{DropPath}"".
[2017.03.02-10.47.53:243][854]LogTextFormatter:Warning: Failed to parse argument "DropPath" as a number (using "0" as a fallback). Please check your format string for errors: "Move into "{DropPath}"".
[2017.03.02-10.47.53:251][855]LogTextFormatter:Warning: Failed to parse argument "DropPath" as a number (using "0" as a fallback). Please check your format string for errors: "Move into "{DropPath}"".
[2017.03.02-10.47.53:256][855]LogTextFormatter:Warning: Failed to parse argument "DropPath" as a number (using "0" as a fallback). Please check your format string for errors: "Move into "{DropPath}"".
[2017.03.02-10.47.53:266][856]LogTextFormatter:Warning: Failed to parse argument "DropPath" as a number (using "0" as a fallback). Please check your format string for errors: "Move into "{DropPath}"".
[2017.03.02-10.47.53:271][856]LogTextFormatter:Warning: Failed to parse argument "DropPath" as a number (using "0" as a fallback). Please check your format string for errors: "Move into "{DropPath}"".
[2017.03.02-10.47.53:279][857]LogTextFormatter:Warning: Failed to parse argument "DropPath" as a number (using "0" as a fallback). Please check your format string for errors: "Move into "{DropPath}"".
[2017.03.02-10.47.53:285][857]LogTextFormatter:Warning: Failed to parse argument "DropPath" as a number (using "0" as a fallback). Please check your format string for errors: "Move into "{DropPath}"".
[2017.03.02-10.47.53:293][858]LogTextFormatter:Warning: Failed to parse argument "DropPath" as a number (using "0" as a fallback). Please check your format string for errors: "Move into "{DropPath}"".
[2017.03.02-10.47.53:298][858]LogTextFormatter:Warning: Failed to parse argument "DropPath" as a number (using "0" as a fallback). Please check your format string for errors: "Move into "{DropPath}"".
[2017.03.02-10.47.53:307][859]LogTextFormatter:Warning: Failed to parse argument "DropPath" as a number (using "0" as a fallback). Please check your format string for errors: "Move into "{DropPath}"".
[2017.03.02-10.47.53:312][859]LogTextFormatter:Warning: Failed to parse argument "DropPath" as a number (using "0" as a fallback). Please check your format string for errors: "Move into "{DropPath}"".
[2017.03.02-10.47.53:320][860]LogTextFormatter:Warning: Failed to parse argument "DropPath" as a number (using "0" as a fallback). Please check your format string for errors: "Move into "{DropPath}"".
[2017.03.02-10.47.53:326][860]LogTextFormatter:Warning: Failed to parse argument "DropPath" as a number (using "0" as a fallback). Please check your format string for errors: "Move into "{DropPath}"".
[2017.03.02-10.47.53:334][861]LogTextFormatter:Warning: Failed to parse argument "DropPath" as a number (using "0" as a fallback). Please check your format string for errors: "Move into "{DropPath}"".
[2017.03.02-10.47.53:340][861]LogTextFormatter:Warning: Failed to parse argument "DropPath" as a number (using "0" as a fallback). Please check your format string for errors: "Move into "{DropPath}"".
[2017.03.02-10.47.53:348][862]LogTextFormatter:Warning: Failed to parse argument "DropPath" as a number (using "0" as a fallback). Please check your format string for errors: "Move into "{DropPath}"".
[2017.03.02-10.47.53:353][862]LogTextFormatter:Warning: Failed to parse argument "DropPath" as a number (using "0" as a fallback). Please check your format string for errors: "Move into "{DropPath}"".
[2017.03.02-10.47.53:361][863]LogTextFormatter:Warning: Failed to parse argument "DropPath" as a number (using "0" as a fallback). Please check your format string for errors: "Move into "{DropPath}"".
[2017.03.02-10.47.53:367][863]LogTextFormatter:Warning: Failed to parse argument "DropPath" as a number (using "0" as a fallback). Please check your format string for errors: "Move into "{DropPath}"".
[2017.03.02-10.47.53:374][864]LogTextFormatter:Warning: Failed to parse argument "DropPath" as a number (using "0" as a fallback). Please check your format string for errors: "Move into "{DropPath}"".
[2017.03.02-10.47.53:380][864]LogTextFormatter:Warning: Failed to parse argument "DropPath" as a number (using "0" as a fallback). Please check your format string for errors: "Move into "{DropPath}"".
[2017.03.02-10.47.53:388][865]LogTextFormatter:Warning: Failed to parse argument "DropPath" as a number (using "0" as a fallback). Please check your format string for errors: "Move into "{DropPath}"".
[2017.03.02-10.47.53:393][865]LogTextFormatter:Warning: Failed to parse argument "DropPath" as a number (using "0" as a fallback). Please check your format string for errors: "Move into "{DropPath}"".
[2017.03.02-10.47.53:401][866]LogTextFormatter:Warning: Failed to parse argument "DropPath" as a number (using "0" as a fallback). Please check your format string for errors: "Move into "{DropPath}"".
[2017.03.02-10.47.53:406][866]LogTextFormatter:Warning: Failed to parse argument "DropPath" as a number (using "0" as a fallback). Please check your format string for errors: "Move into "{DropPath}"".
[2017.03.02-10.47.53:414][867]LogTextFormatter:Warning: Failed to parse argument "DropPath" as a number (using "0" as a fallback). Please check your format string for errors: "Move into "{DropPath}"".
[2017.03.02-10.47.53:419][867]LogTextFormatter:Warning: Failed to parse argument "DropPath" as a number (using "0" as a fallback). Please check your format string for errors: "Move into "{DropPath}"".
[2017.03.02-10.47.53:427][868]LogTextFormatter:Warning: Failed to parse argument "DropPath" as a number (using "0" as a fallback). Please check your format string for errors: "Move into "{DropPath}"".
[2017.03.02-10.47.53:433][868]LogTextFormatter:Warning: Failed to parse argument "DropPath" as a number (using "0" as a fallback). Please check your format string for errors: "Move into "{DropPath}"".
[2017.03.02-10.47.53:441][869]LogTextFormatter:Warning: Failed to parse argument "DropPath" as a number (using "0" as a fallback). Please check your format string for errors: "Move into "{DropPath}"".
[2017.03.02-10.47.53:447][869]LogTextFormatter:Warning: Failed to parse argument "DropPath" as a number (using "0" as a fallback). Please check your format string for errors: "Move into "{DropPath}"".
[2017.03.02-10.48.27:743][ 26]LogEditorViewport: Clicking on Actor (LMB): StaticMeshActor (Floor)
[2017.03.02-10.48.28:249][ 54]LogEditorViewport: Clicking on Actor (LMB): TriggerBox (TriggerBox)
[2017.03.02-10.48.28:595][ 72]LogEditorViewport: Clicking on Component (LMB): BoxComponent (CollisionComp)
[2017.03.02-10.48.28:822][ 84]LogEditorViewport: Clicking on Component (LMB): BoxComponent (CollisionComp)
[2017.03.02-10.48.43:583][935]LogUObjectGlobals:Warning: Failed to find object 'Object None.No Results found'
[2017.03.02-10.49.11:219][611]BlueprintLog: New page: Compile TutorialMap
[2017.03.02-10.49.22:338][ 38]LogTemp: Repeting last play command: New Editor Window (PIE)
[2017.03.02-10.49.22:407][ 38]LogBlueprintUserMessages: Early PlayInEditor Detection: Level '/Game/Levels/TutorialMap.TutorialMap:PersistentLevel' has LevelScriptBlueprint '/Game/Levels/TutorialMap.TutorialMap:PersistentLevel.TutorialMap' with GeneratedClass '/Game/Levels/TutorialMap.TutorialMap_C' with ClassGeneratedBy '/Game/Levels/TutorialMap.TutorialMap:PersistentLevel.TutorialMap'
[2017.03.02-10.49.22:407][ 38]LogPlayLevel: PlayLevel: No blueprints needed recompiling
[2017.03.02-10.49.22:408][ 38]PIE: New page: PIE session: TutorialMap (Mar 2, 2017, 12:49:22 PM)
[2017.03.02-10.49.22:408][ 38]LogPlayLevel: Creating play world package: /Game/Levels/UEDPIE_0_TutorialMap
[2017.03.02-10.49.22:614][ 38]LogPlayLevel: PIE: StaticDuplicateObject took: (0.206185s)
[2017.03.02-10.49.22:615][ 38]LogAIModule: Creating AISystem for world TutorialMap
[2017.03.02-10.49.22:615][ 38]LogPlayLevel: PIE: World Init took: (0.001267s)
[2017.03.02-10.49.22:617][ 38]LogPlayLevel: PIE: Created PIE world by copying editor world from /Game/Levels/TutorialMap.TutorialMap to /Game/Levels/UEDPIE_0_TutorialMap.TutorialMap (0.208925s)
[2017.03.02-10.49.22:689][ 38]LogInit: XAudio2 using 'Altavoces (Realtek High Definition Audio)' : 2 channels at 48 kHz using 32 bits per sample (channel mask 0x3)
[2017.03.02-10.49.22:705][ 38]LogInit: FAudioDevice initialized.
[2017.03.02-10.49.22:778][ 38]LogLoad: Game class is 'GameModeBase'
[2017.03.02-10.49.22:816][ 38]LogSkeletalMesh: UPhysicsAssetInstance::InitInstance : Could not find root physics body: CharacterMesh0
[2017.03.02-10.49.22:817][ 38]LogSkeletalMesh: UPhysicsAssetInstance::InitInstance : Could not find root physics body: CharacterMesh0
[2017.03.02-10.49.22:817][ 38]LogSkeletalMesh: UPhysicsAssetInstance::InitInstance : Could not find root physics body: CharacterMesh0
[2017.03.02-10.49.22:820][ 38]LogWorld: Bringing World /Game/Levels/UEDPIE_0_TutorialMap.TutorialMap up for play (max tick rate 0) at 2017.03.02-11.49.22
[2017.03.02-10.49.22:825][ 38]LogWorld: Bringing up level for play took: 0.046350
[2017.03.02-10.49.22:934][ 38]LogContentBrowser: Native class hierarchy updated for 'MovieSceneCapture' in 0.0014 seconds. Added 11 classes and 0 folders.
[2017.03.02-10.49.22:948][ 38]PIE: Info Play in editor start time for /Game/Levels/UEDPIE_0_TutorialMap 0.227
[2017.03.02-10.49.22:951][ 38]LogBlueprintUserMessages: Late PlayInEditor Detection: Level '/Game/Levels/TutorialMap.TutorialMap:PersistentLevel' has LevelScriptBlueprint '/Game/Levels/TutorialMap.TutorialMap:PersistentLevel.TutorialMap' with GeneratedClass '/Game/Levels/TutorialMap.TutorialMap_C' with ClassGeneratedBy '/Game/Levels/TutorialMap.TutorialMap:PersistentLevel.TutorialMap'
[2017.03.02-10.49.23:220][ 38]LogRenderer: Reallocating scene render targets to support 1292x756 NumSamples 1 (Frame:9156).
[2017.03.02-10.49.35:492][333]LogNet: Browse: /Game/Levels/Tests
[2017.03.02-10.49.35:493][333]LogLoad: LoadMap: /Game/Levels/Tests
[2017.03.02-10.49.35:681][333]Cmd: MEM
[2017.03.02-10.49.35:746][333]LogMemory: Platform Memory Stats for Windows
[2017.03.02-10.49.35:746][333]LogMemory: Process Physical Memory: 1434.93 MB used, 1450.87 MB peak
[2017.03.02-10.49.35:746][333]LogMemory: Process Virtual Memory: 2996.43 MB used, 3188.62 MB peak
[2017.03.02-10.49.35:746][333]LogMemory: Physical Memory: 4509.23 MB used,  11792.08 MB free, 16301.30 MB total
[2017.03.02-10.49.35:746][333]LogMemory: Virtual Memory: 3888.90 MB used,  11792.08 MB free, 134217728.00 MB total
[2017.03.02-10.49.35:746][333]LogMemory: 
[2017.03.02-10.49.35:746][333]Allocator Stats for TBB: (not implemented)
[2017.03.02-10.49.35:776][333]LogWindows: Windows GetLastError: La operación se completó correctamente. (0)
[2017.03.02-10.49.41:104][333]LogCrashTracker: 


[2017.03.02-10.49.41:104][333]LogCrashTracker: 


[2017.03.02-10.49.41:104][333]LogWindows:Error: === Critical error: ===
[2017.03.02-10.49.41:104][333]LogWindows:Error: 
[2017.03.02-10.49.41:104][333]LogWindows:Error: Assertion failed: NewWorld [File:D:\Build\++UE4+Release-4.14+Compile\Sync\Engine\Source\Runtime\Engine\Private\UnrealEngine.cpp] [Line: 9931] 
[2017.03.02-10.49.41:104][333]LogWindows:Error: 
[2017.03.02-10.49.41:104][333]LogWindows:Error: 
[2017.03.02-10.49.41:104][333]LogWindows:Error: 
[2017.03.02-10.49.41:104][333]LogWindows:Error: KERNELBASE.dll
[2017.03.02-10.49.41:104][333]LogWindows:Error: UE4Editor-Core.dll
[2017.03.02-10.49.41:104][333]LogWindows:Error: UE4Editor-Core.dll
[2017.03.02-10.49.41:104][333]LogWindows:Error: UE4Editor-Core.dll
[2017.03.02-10.49.41:104][333]LogWindows:Error: UE4Editor-Engine.dll
[2017.03.02-10.49.41:104][333]LogWindows:Error: UE4Editor-Engine.dll
[2017.03.02-10.49.41:104][333]LogWindows:Error: UE4Editor-Engine.dll
[2017.03.02-10.49.41:104][333]LogWindows:Error: UE4Editor-UnrealEd.dll
[2017.03.02-10.49.41:104][333]LogWindows:Error: UE4Editor-UnrealEd.dll
[2017.03.02-10.49.41:104][333]LogWindows:Error: UE4Editor.exe
[2017.03.02-10.49.41:104][333]LogWindows:Error: UE4Editor.exe
[2017.03.02-10.49.41:104][333]LogWindows:Error: UE4Editor.exe
[2017.03.02-10.49.41:104][333]LogWindows:Error: UE4Editor.exe
[2017.03.02-10.49.41:104][333]LogWindows:Error: UE4Editor.exe
[2017.03.02-10.49.41:104][333]LogWindows:Error: KERNEL32.DLL
[2017.03.02-10.49.41:104][333]LogWindows:Error: ntdll.dll
[2017.03.02-10.49.41:104][333]LogWindows:Error: ntdll.dll
[2017.03.02-10.49.41:104][333]LogWindows:Error: 
[2017.03.02-10.49.41:149][333]LogExit: Executing StaticShutdownAfterError
[2017.03.02-10.49.41:163][333]LogWindows: FPlatformMisc::RequestExit(1)
[2017.03.02-10.49.41:183][333]Log file closed, 03/02/17 11:49:41
