Log file open, 10/27/16 17:00:38
LogInit:Display: Running engine for game: BasicMechanics
LogPlatformFile: Not using cached read wrapper
LogInit:Display: RandInit(-1744566868) SRandInit(-1744566868).
LogTaskGraph: Started task graph with 5 named threads and 8 total threads with 1 sets of task threads.
LogStats: Stats thread started at 0.067888
LogPluginManager: Loaded Plugin Paper2D, From C:/Program Files (x86)/Epic Games/4.13/Engine/Plugins/2D/Paper2D/Paper2D.uplugin
LogPluginManager: Loaded Plugin LightPropagationVolume, From C:/Program Files (x86)/Epic Games/4.13/Engine/Plugins/Blendables/LightPropagationVolume/LightPropagationVolume.uplugin
LogPluginManager: Loaded Plugin BlankPlugin, From C:/Program Files (x86)/Epic Games/4.13/Engine/Plugins/Developer/BlankPlugin/BlankPlugin.uplugin
LogPluginManager: Loaded Plugin CodeLiteSourceCodeAccess, From C:/Program Files (x86)/Epic Games/4.13/Engine/Plugins/Developer/CodeLiteSourceCodeAccess/CodeLiteSourceCodeAccess.uplugin
LogPluginManager: Loaded Plugin GitSourceControl, From C:/Program Files (x86)/Epic Games/4.13/Engine/Plugins/Developer/GitSourceControl/GitSourceControl.uplugin
LogPluginManager: Loaded Plugin KDevelopSourceCodeAccess, From C:/Program Files (x86)/Epic Games/4.13/Engine/Plugins/Developer/KDevelopSourceCodeAccess/KDevelopSourceCodeAccess.uplugin
LogPluginManager: Loaded Plugin NullSourceCodeAccess, From C:/Program Files (x86)/Epic Games/4.13/Engine/Plugins/Developer/NullSourceCodeAccess/NullSourceCodeAccess.uplugin
LogPluginManager: Loaded Plugin OneSkyLocalizationService, From C:/Program Files (x86)/Epic Games/4.13/Engine/Plugins/Developer/OneSkyLocalizationService/OneSkyLocalizationService.uplugin
LogPluginManager: Loaded Plugin PerforceSourceControl, From C:/Program Files (x86)/Epic Games/4.13/Engine/Plugins/Developer/PerforceSourceControl/PerforceSourceControl.uplugin
LogPluginManager: Loaded Plugin SubversionSourceControl, From C:/Program Files (x86)/Epic Games/4.13/Engine/Plugins/Developer/SubversionSourceControl/SubversionSourceControl.uplugin
LogPluginManager: Loaded Plugin UObjectPlugin, From C:/Program Files (x86)/Epic Games/4.13/Engine/Plugins/Developer/UObjectPlugin/UObjectPlugin.uplugin
LogPluginManager: Loaded Plugin VisualStudioSourceCodeAccess, From C:/Program Files (x86)/Epic Games/4.13/Engine/Plugins/Developer/VisualStudioSourceCodeAccess/VisualStudioSourceCodeAccess.uplugin
LogPluginManager: Loaded Plugin XCodeSourceCodeAccess, From C:/Program Files (x86)/Epic Games/4.13/Engine/Plugins/Developer/XCodeSourceCodeAccess/XCodeSourceCodeAccess.uplugin
LogPluginManager: Loaded Plugin EpicSurvey, From C:/Program Files (x86)/Epic Games/4.13/Engine/Plugins/Editor/EpicSurvey/EpicSurvey.uplugin
LogPluginManager: Loaded Plugin MacGraphicsSwitching, From C:/Program Files (x86)/Epic Games/4.13/Engine/Plugins/Editor/MacGraphicsSwitching/MacGraphicsSwitching.uplugin
LogPluginManager: Loaded Plugin MobileLauncherProfileWizard, From C:/Program Files (x86)/Epic Games/4.13/Engine/Plugins/Editor/MobileLauncherProfileWizard/MobileLauncherProfileWizard.uplugin
LogPluginManager: Loaded Plugin PluginBrowser, From C:/Program Files (x86)/Epic Games/4.13/Engine/Plugins/Editor/PluginBrowser/PluginBrowser.uplugin
LogPluginManager: Loaded Plugin SpeedTreeImporter, From C:/Program Files (x86)/Epic Games/4.13/Engine/Plugins/Editor/SpeedTreeImporter/SpeedTreeImporter.uplugin
LogPluginManager: Loaded Plugin SuperSearchEditor, From C:/Program Files (x86)/Epic Games/4.13/Engine/Plugins/Editor/SuperSearchEditor/SuperSearchEditor.uplugin
LogPluginManager: Loaded Plugin AlembicImporter, From C:/Program Files (x86)/Epic Games/4.13/Engine/Plugins/Experimental/AlembicImporter/AlembicImporter.uplugin
LogPluginManager: Loaded Plugin BlueprintStats, From C:/Program Files (x86)/Epic Games/4.13/Engine/Plugins/Experimental/BlueprintStats/BlueprintStats.uplugin
LogPluginManager: Loaded Plugin CharacterAI, From C:/Program Files (x86)/Epic Games/4.13/Engine/Plugins/Experimental/CharacterAI/CharacterAI.uplugin
LogPluginManager: Loaded Plugin CodeEditor, From C:/Program Files (x86)/Epic Games/4.13/Engine/Plugins/Experimental/CodeEditor/CodeEditor.uplugin
LogPluginManager: Loaded Plugin CodeView, From C:/Program Files (x86)/Epic Games/4.13/Engine/Plugins/Experimental/CodeView/CodeView.uplugin
LogPluginManager: Loaded Plugin HTML5Networking, From C:/Program Files (x86)/Epic Games/4.13/Engine/Plugins/Experimental/HTML5Networking/HTML5Networking.uplugin
LogPluginManager: Loaded Plugin LiveEditor, From C:/Program Files (x86)/Epic Games/4.13/Engine/Plugins/Experimental/LiveEditor/LiveEditor.uplugin
LogPluginManager: Loaded Plugin OSVR, From C:/Program Files (x86)/Epic Games/4.13/Engine/Plugins/Experimental/OSVR/OSVR.uplugin
LogPluginManager: Loaded Plugin Phya, From C:/Program Files (x86)/Epic Games/4.13/Engine/Plugins/Experimental/Phya/Phya.uplugin
LogPluginManager: Loaded Plugin SignificanceManager, From C:/Program Files (x86)/Epic Games/4.13/Engine/Plugins/Experimental/SignificanceManager/SignificanceManager.uplugin
LogPluginManager: Loaded Plugin SimpleHMD, From C:/Program Files (x86)/Epic Games/4.13/Engine/Plugins/Experimental/SimpleHMD/SimpleHMD.uplugin
LogPluginManager: Loaded Plugin StereoPanorama, From C:/Program Files (x86)/Epic Games/4.13/Engine/Plugins/Experimental/StereoPanorama/StereoPanorama.uplugin
LogPluginManager: Loaded Plugin StructBox, From C:/Program Files (x86)/Epic Games/4.13/Engine/Plugins/Experimental/StructBox/StructBox.uplugin
LogPluginManager: Loaded Plugin AndroidMedia, From C:/Program Files (x86)/Epic Games/4.13/Engine/Plugins/Media/AndroidMedia/AndroidMedia.uplugin
LogPluginManager: Loaded Plugin AvfMedia, From C:/Program Files (x86)/Epic Games/4.13/Engine/Plugins/Media/AvfMedia/AvfMedia.uplugin
LogPluginManager: Loaded Plugin MediaPlayerEditor, From C:/Program Files (x86)/Epic Games/4.13/Engine/Plugins/Media/MediaPlayerEditor/MediaPlayerEditor.uplugin
LogPluginManager: Loaded Plugin WmfMedia, From C:/Program Files (x86)/Epic Games/4.13/Engine/Plugins/Media/WmfMedia/WmfMedia.uplugin
LogPluginManager: Loaded Plugin MessagingDebugger, From C:/Program Files (x86)/Epic Games/4.13/Engine/Plugins/Messaging/MessagingDebugger/MessagingDebugger.uplugin
LogPluginManager: Loaded Plugin TcpMessaging, From C:/Program Files (x86)/Epic Games/4.13/Engine/Plugins/Messaging/TcpMessaging/TcpMessaging.uplugin
LogPluginManager: Loaded Plugin UdpMessaging, From C:/Program Files (x86)/Epic Games/4.13/Engine/Plugins/Messaging/UdpMessaging/UdpMessaging.uplugin
LogPluginManager: Loaded Plugin LevelSequenceEditor, From C:/Program Files (x86)/Epic Games/4.13/Engine/Plugins/MovieScene/LevelSequenceEditor/LevelSequenceEditor.uplugin
LogPluginManager: Loaded Plugin MatineeToLevelSequence, From C:/Program Files (x86)/Epic Games/4.13/Engine/Plugins/MovieScene/MatineeToLevelSequence/MatineeToLevelSequence.uplugin
LogPluginManager: Loaded Plugin NetcodeUnitTest, From C:/Program Files (x86)/Epic Games/4.13/Engine/Plugins/NetcodeUnitTest/NetcodeUnitTest/NetcodeUnitTest.uplugin
LogPluginManager: Loaded Plugin NUTUnrealEngine4, From C:/Program Files (x86)/Epic Games/4.13/Engine/Plugins/NetcodeUnitTest/NUTUnrealEngine4/NUTUnrealEngine4.uplugin
LogPluginManager: Loaded Plugin OnlineSubsystemGooglePlay, From C:/Program Files (x86)/Epic Games/4.13/Engine/Plugins/Online/Android/OnlineSubsystemGooglePlay/OnlineSubsystemGooglePlay.uplugin
LogPluginManager: Loaded Plugin OnlineSubsystemIOS, From C:/Program Files (x86)/Epic Games/4.13/Engine/Plugins/Online/IOS/OnlineSubsystemIOS/OnlineSubsystemIOS.uplugin
LogPluginManager: Loaded Plugin OnlineFramework, From C:/Program Files (x86)/Epic Games/4.13/Engine/Plugins/Online/OnlineFramework/OnlineFramework.uplugin
LogPluginManager: Loaded Plugin OnlineSubsystem, From C:/Program Files (x86)/Epic Games/4.13/Engine/Plugins/Online/OnlineSubsystem/OnlineSubsystem.uplugin
LogPluginManager: Loaded Plugin OnlineSubsystemAmazon, From C:/Program Files (x86)/Epic Games/4.13/Engine/Plugins/Online/OnlineSubsystemAmazon/OnlineSubsystemAmazon.uplugin
LogPluginManager: Loaded Plugin OnlineSubsystemFacebook, From C:/Program Files (x86)/Epic Games/4.13/Engine/Plugins/Online/OnlineSubsystemFacebook/OnlineSubsystemFacebook.uplugin
LogPluginManager: Loaded Plugin OnlineSubsystemNull, From C:/Program Files (x86)/Epic Games/4.13/Engine/Plugins/Online/OnlineSubsystemNull/OnlineSubsystemNull.uplugin
LogPluginManager: Loaded Plugin OnlineSubsystemOculus, From C:/Program Files (x86)/Epic Games/4.13/Engine/Plugins/Online/OnlineSubsystemOculus/OnlineSubsystemOculus.uplugin
LogPluginManager: Loaded Plugin OnlineSubsystemSteam, From C:/Program Files (x86)/Epic Games/4.13/Engine/Plugins/Online/OnlineSubsystemSteam/OnlineSubsystemSteam.uplugin
LogPluginManager: Loaded Plugin OnlineSubsystemUtils, From C:/Program Files (x86)/Epic Games/4.13/Engine/Plugins/Online/OnlineSubsystemUtils/OnlineSubsystemUtils.uplugin
LogPluginManager: Loaded Plugin IOSTapJoy, From C:/Program Files (x86)/Epic Games/4.13/Engine/Plugins/Runtime/Advertising/IOSTapJoy/IOSTapJoy.uplugin
LogPluginManager: Loaded Plugin AnalyticsBlueprintLibrary, From C:/Program Files (x86)/Epic Games/4.13/Engine/Plugins/Runtime/Analytics/AnalyticsBlueprintLibrary/AnalyticsBlueprintLibrary.uplugin
LogPluginManager: Loaded Plugin AnalyticsMulticast, From C:/Program Files (x86)/Epic Games/4.13/Engine/Plugins/Runtime/Analytics/AnalyticsMulticast/AnalyticsMulticast.uplugin
LogPluginManager: Loaded Plugin Apsalar, From C:/Program Files (x86)/Epic Games/4.13/Engine/Plugins/Runtime/Analytics/Apsalar/Apsalar.uplugin
LogPluginManager: Loaded Plugin FileLogging, From C:/Program Files (x86)/Epic Games/4.13/Engine/Plugins/Runtime/Analytics/FileLogging/FileLogging.uplugin
LogPluginManager: Loaded Plugin Flurry, From C:/Program Files (x86)/Epic Games/4.13/Engine/Plugins/Runtime/Analytics/Flurry/Flurry.uplugin
LogPluginManager: Loaded Plugin AndroidDeviceProfileSelector, From C:/Program Files (x86)/Epic Games/4.13/Engine/Plugins/Runtime/AndroidDeviceProfileSelector/AndroidDeviceProfileSelector.uplugin
LogPluginManager: Loaded Plugin AndroidMoviePlayer, From C:/Program Files (x86)/Epic Games/4.13/Engine/Plugins/Runtime/AndroidMoviePlayer/AndroidMoviePlayer.uplugin
LogPluginManager: Loaded Plugin AppleMoviePlayer, From C:/Program Files (x86)/Epic Games/4.13/Engine/Plugins/Runtime/AppleMoviePlayer/AppleMoviePlayer.uplugin
LogPluginManager: Loaded Plugin ArchVisCharacter, From C:/Program Files (x86)/Epic Games/4.13/Engine/Plugins/Runtime/ArchVisCharacter/ArchVisCharacter.uplugin
LogPluginManager: Loaded Plugin CableComponent, From C:/Program Files (x86)/Epic Games/4.13/Engine/Plugins/Runtime/CableComponent/CableComponent.uplugin
LogPluginManager: Loaded Plugin CustomMeshComponent, From C:/Program Files (x86)/Epic Games/4.13/Engine/Plugins/Runtime/CustomMeshComponent/CustomMeshComponent.uplugin
LogPluginManager: Loaded Plugin ExampleDeviceProfileSelector, From C:/Program Files (x86)/Epic Games/4.13/Engine/Plugins/Runtime/ExampleDeviceProfileSelector/ExampleDeviceProfileSelector.uplugin
LogPluginManager: Loaded Plugin GearVR, From C:/Program Files (x86)/Epic Games/4.13/Engine/Plugins/Runtime/GearVR/GearVR.uplugin
LogPluginManager: Loaded Plugin GoogleVRController, From C:/Program Files (x86)/Epic Games/4.13/Engine/Plugins/Runtime/GoogleVR/GoogleVRController/GoogleVRController.uplugin
LogPluginManager: Loaded Plugin GoogleVRHMD, From C:/Program Files (x86)/Epic Games/4.13/Engine/Plugins/Runtime/GoogleVR/GoogleVRHMD/GoogleVRHMD.uplugin
LogPluginManager: Loaded Plugin IOSDeviceProfileSelector, From C:/Program Files (x86)/Epic Games/4.13/Engine/Plugins/Runtime/IOSDeviceProfileSelector/IOSDeviceProfileSelector.uplugin
LogPluginManager: Loaded Plugin LeapMotion, From C:/Program Files (x86)/Epic Games/4.13/Engine/Plugins/Runtime/LeapMotion/LeapMotion.uplugin
LogPluginManager: Loaded Plugin LinuxDeviceProfileSelector, From C:/Program Files (x86)/Epic Games/4.13/Engine/Plugins/Runtime/LinuxDeviceProfileSelector/LinuxDeviceProfileSelector.uplugin
LogPluginManager: Loaded Plugin LiveEditorListenServer, From C:/Program Files (x86)/Epic Games/4.13/Engine/Plugins/Runtime/LiveEditorListenServer/LiveEditorListenServer.uplugin
LogPluginManager: Loaded Plugin OculusAudio, From C:/Program Files (x86)/Epic Games/4.13/Engine/Plugins/Runtime/OculusAudio/OculusAudio.uplugin
LogPluginManager: Loaded Plugin OculusInput, From C:/Program Files (x86)/Epic Games/4.13/Engine/Plugins/Runtime/OculusInput/OculusInput.uplugin
LogPluginManager: Loaded Plugin OculusLibrary, From C:/Program Files (x86)/Epic Games/4.13/Engine/Plugins/Runtime/OculusLibrary/OculusLibrary.uplugin
LogPluginManager: Loaded Plugin OculusRift, From C:/Program Files (x86)/Epic Games/4.13/Engine/Plugins/Runtime/OculusRift/OculusRift.uplugin
LogPluginManager: Loaded Plugin Oodle, From C:/Program Files (x86)/Epic Games/4.13/Engine/Plugins/Runtime/PacketHandlers/CompressionComponents/Oodle/Oodle.uplugin
LogPluginManager: Loaded Plugin ProceduralMeshComponent, From C:/Program Files (x86)/Epic Games/4.13/Engine/Plugins/Runtime/ProceduralMeshComponent/ProceduralMeshComponent.uplugin
LogPluginManager: Loaded Plugin SoundMod, From C:/Program Files (x86)/Epic Games/4.13/Engine/Plugins/Runtime/SoundMod/SoundMod.uplugin
LogPluginManager: Loaded Plugin SoundVisualizations, From C:/Program Files (x86)/Epic Games/4.13/Engine/Plugins/Runtime/SoundVisualizations/SoundVisualizations.uplugin
LogPluginManager: Loaded Plugin SteamController, From C:/Program Files (x86)/Epic Games/4.13/Engine/Plugins/Runtime/Steam/SteamController/SteamController.uplugin
LogPluginManager: Loaded Plugin SteamVR, From C:/Program Files (x86)/Epic Games/4.13/Engine/Plugins/Runtime/Steam/SteamVR/SteamVR.uplugin
LogPluginManager: Loaded Plugin WebBrowserWidget, From C:/Program Files (x86)/Epic Games/4.13/Engine/Plugins/Runtime/WebBrowserWidget/WebBrowserWidget.uplugin
LogPluginManager: Loaded Plugin WindowsDeviceProfileSelector, From C:/Program Files (x86)/Epic Games/4.13/Engine/Plugins/Runtime/WindowsDeviceProfileSelector/WindowsDeviceProfileSelector.uplugin
LogPluginManager: Loaded Plugin WindowsMoviePlayer, From C:/Program Files (x86)/Epic Games/4.13/Engine/Plugins/Runtime/WindowsMoviePlayer/WindowsMoviePlayer.uplugin
LogPluginManager: Loaded Plugin ScriptPlugin, From C:/Program Files (x86)/Epic Games/4.13/Engine/Plugins/ScriptPlugin/ScriptPlugin.uplugin
LogPluginManager: Loaded Plugin SlateRemote, From C:/Program Files (x86)/Epic Games/4.13/Engine/Plugins/Slate/SlateRemote/SlateRemote.uplugin
LogInit: Using libcurl 7.47.1
LogInit:  - built for x86_64-pc-win32
LogInit:  - supports SSL with WinSSL
LogInit:  - other features:
LogInit:      CURL_VERSION_SSL
LogInit:      CURL_VERSION_IPV6
LogInit:      CURL_VERSION_ASYNCHDNS
LogInit:      CURL_VERSION_LARGEFILE
LogInit:      CURL_VERSION_IDN
LogInit:  CurlRequestOptions (configurable via config and command line):
LogInit:  - bVerifyPeer = false  - Libcurl will NOT verify peer certificate
LogInit:  - bUseHttpProxy = false  - Libcurl will NOT use HTTP proxy
LogInit:  - bDontReuseConnections = false  - Libcurl will reuse connections
LogInit:  - CertBundlePath = nullptr  - Libcurl will use whatever was configured at build time.
OCULUS: Info: [CAPI] LibOVR module is located at C:\Program Files\Oculus\Support\oculus-runtime\LibOVRRT64_1.dll
OCULUS: Debug: Connected to the server running version (prod = 1).1.6.0(build = 250620) feature version = 0. Client runs version (prod = 1).1.6.0(build = 250620) feature version = 0
LogInit: Build: ++UE4+Release-4.13-CL-3106830
LogInit: Engine Version: 4.13.0-3106830+++UE4+Release-4.13
LogInit: Compatible Engine Version: 4.13.0-3106830+++UE4+Release-4.13
LogInit: Net CL: 3106830
LogDevObjectVersion: Number of dev versions registered: 13
LogDevObjectVersion:   Dev-Blueprints (B0D832E4-1F89-4F0D-ACCF-7EB736FD4AA2): 5
LogDevObjectVersion:   Dev-Build (E1C64328-A22C-4D53-A36C-8E866417BD8C): 0
LogDevObjectVersion:   Dev-Core (375EC13C-06E4-48FB-B500-84F0262A717E): 1
LogDevObjectVersion:   Dev-Editor (E4B068ED-F494-42E9-A231-DA0B2E46BB41): 6
LogDevObjectVersion:   Dev-Framework (CFFC743F-43B0-4480-9391-14DF171D2073): 12
LogDevObjectVersion:   Dev-Mobile (B02B49B5-BB20-44E9-A304-32B752E40360): 0
LogDevObjectVersion:   Dev-Networking (A4E4105C-59A1-49B5-A7C5-40C4547EDFEE): 0
LogDevObjectVersion:   Dev-Online (39C831C9-5AE6-47DC-9A44-9C173E1C8E7C): 0
LogDevObjectVersion:   Dev-Physics (78F01B33-EBEA-4F98-B9B4-84EACCB95AA2): 0
LogDevObjectVersion:   Dev-Platform (6631380F-2D4D-43E0-8009-CF276956A95A): 0
LogDevObjectVersion:   Dev-Rendering (12F88B9F-8875-4AFC-A67C-D90C383ABD29): 4
LogDevObjectVersion:   Dev-Sequencer (7B5AE74C-D270-4C10-A958-57980B212A5A): 0
LogDevObjectVersion:   Dev-VR (D7296918-1DD6-4BDD-9DE2-64A83CC13884): 0
LogInit: Compiled (64-bit): Aug 30 2016 18:11:39
LogInit: Compiled with Visual C++: 19.00.23026.00
LogInit: Build Configuration: Development
LogInit: Branch Name: ++UE4+Release-4.13
LogInit: Command line:  
LogInit: Base directory: C:/Program Files (x86)/Epic Games/4.13/Engine/Binaries/Win64/
LogInit: Installed Engine Build: 1
LogInit: Presizing for max 8388607 objects, including 0 objects not considered by GC, pre-allocating 0 bytes for permanent pool.
LogInit: Object subsystem initialized
[2016.10.27-15.00.38:912][  0]LogInit: Selected Device Profile: [Windows]
[2016.10.27-15.00.38:912][  0]LogInit: Applying CVar settings loaded from the selected device profile: [Windows]
[2016.10.27-15.00.38:921][  0]LogInit: Computer: S3-13
[2016.10.27-15.00.38:921][  0]LogInit: User: egimenez
[2016.10.27-15.00.38:921][  0]LogInit: CPU Page size=65536, Cores=4
[2016.10.27-15.00.38:921][  0]LogInit: High frequency timer resolution =3.117191 MHz
[2016.10.27-15.00.38:922][  0]LogMemory: Memory total: Physical=16.0GB (16GB approx)
[2016.10.27-15.00.38:922][  0]LogMemory: Platform Memory Stats for Windows
[2016.10.27-15.00.38:922][  0]LogMemory: Process Physical Memory: 261.45 MB used, 261.45 MB peak
[2016.10.27-15.00.38:922][  0]LogMemory: Process Virtual Memory: 263.29 MB used, 263.29 MB peak
[2016.10.27-15.00.38:922][  0]LogMemory: Physical Memory: 3584.39 MB used, 16346.68 MB total
[2016.10.27-15.00.38:922][  0]LogMemory: Virtual Memory: 662.09 MB used, 134217728.00 MB total
[2016.10.27-15.00.38:942][  0]LogTextLocalizationManager: No specific translations for ('en-US') exist, so ('en') translations will be used.
[2016.10.27-15.00.39:427][  0]LogD3D11RHI: D3D11 adapters:
[2016.10.27-15.00.39:454][  0]LogD3D11RHI:    0. 'NVIDIA GeForce GTX 960' (Feature Level 11_0)
[2016.10.27-15.00.39:454][  0]LogD3D11RHI:       4010/0/8173 MB DedicatedVideo/DedicatedSystem/SharedSystem, Outputs:1, VendorId:0x10de
[2016.10.27-15.00.39:455][  0]LogD3D11RHI:    1. 'Microsoft Basic Render Driver' (Feature Level 11_0)
[2016.10.27-15.00.39:455][  0]LogD3D11RHI:       0/0/8173 MB DedicatedVideo/DedicatedSystem/SharedSystem, Outputs:0, VendorId:0x1414
[2016.10.27-15.00.39:455][  0]LogD3D11RHI: Chosen D3D11 Adapter: 0
[2016.10.27-15.00.39:459][  0]LogD3D11RHI: Creating new Direct3DDevice
[2016.10.27-15.00.39:459][  0]LogD3D11RHI:     GPU DeviceId: 0x1401 (for the marketing name, search the web for "GPU Device Id")
[2016.10.27-15.00.39:459][  0]LogWindows: EnumDisplayDevices:
[2016.10.27-15.00.39:459][  0]LogWindows:    0. 'NVIDIA GeForce GTX 960' (P:1 D:1)
[2016.10.27-15.00.39:459][  0]LogWindows:    1. 'NVIDIA GeForce GTX 960' (P:0 D:0)
[2016.10.27-15.00.39:459][  0]LogWindows:    2. 'NVIDIA GeForce GTX 960' (P:0 D:0)
[2016.10.27-15.00.39:460][  0]LogWindows:    3. 'NVIDIA GeForce GTX 960' (P:0 D:0)
[2016.10.27-15.00.39:460][  0]LogWindows: DebugString: FoundDriverCount:4 
[2016.10.27-15.00.39:460][  0]LogD3D11RHI:     Adapter Name: NVIDIA GeForce GTX 960
[2016.10.27-15.00.39:460][  0]LogD3D11RHI:   Driver Version: 368.39 (internal:10.18.13.6839, unified:368.39)
[2016.10.27-15.00.39:460][  0]LogD3D11RHI:      Driver Date: 6-2-2016
[2016.10.27-15.00.39:460][  0]LogRHI: Texture pool is 1361 MB (70% of 1945 MB)
[2016.10.27-15.00.39:472][  0]LogD3D11RHI: Async texture creation enabled
[2016.10.27-15.00.39:482][  0]LogD3D11RHI: GPU Timing Frequency: 1000.000000 (Debug: 2 1)
[2016.10.27-15.00.39:482][  0]LogShaderCompilers: Guid format shader working directory is -34 characters bigger than the processId version (../../../../../../Users/egimenez/Desktop/ENTI/VAN/VANsGame/Mechanics/BasicMechanics/Intermediate/Shaders/WorkingDirectory/9720/).
[2016.10.27-15.00.39:482][  0]LogShaderCompilers: Cleaned the shader compiler working directory 'C:/Users/egimenez/AppData/Local/Temp/UnrealShaderWorkingDir/AE585AD94189A0436096B9B86B8D3396/'.
[2016.10.27-15.00.39:482][  0]LogShaderCompilers:Display: Using Local Shader Compiler.
[2016.10.27-15.00.40:285][  0]LogTemp:Display: Loaded TP AllDesktopTargetPlatform
[2016.10.27-15.00.40:293][  0]LogTemp:Display: Loaded TP WindowsClientTargetPlatform
[2016.10.27-15.00.40:299][  0]LogTemp:Display: Loaded TP WindowsNoEditorTargetPlatform
[2016.10.27-15.00.40:306][  0]LogTemp:Display: Loaded TP WindowsServerTargetPlatform
[2016.10.27-15.00.40:313][  0]LogTemp:Display: Loaded TP WindowsTargetPlatform
[2016.10.27-15.00.40:319][  0]LogTemp:Display: Loaded TP AndroidTargetPlatform
[2016.10.27-15.00.40:325][  0]LogTemp:Display: Loaded TP Android_ASTCTargetPlatform
[2016.10.27-15.00.40:331][  0]LogTemp:Display: Loaded TP Android_ATCTargetPlatform
[2016.10.27-15.00.40:337][  0]LogTemp:Display: Loaded TP Android_DXTTargetPlatform
[2016.10.27-15.00.40:342][  0]LogTemp:Display: Loaded TP Android_ETC1TargetPlatform
[2016.10.27-15.00.40:348][  0]LogTemp:Display: Loaded TP Android_ETC2TargetPlatform
[2016.10.27-15.00.40:360][  0]LogTemp:Display: Loaded TP Android_MultiTargetPlatform
[2016.10.27-15.00.40:360][  0]LogTemp:Display: Loaded TP Android_PVRTCTargetPlatform
[2016.10.27-15.00.40:361][  0]LogTemp:Display: Loaded TP HTML5TargetPlatform
[2016.10.27-15.00.40:380][  0]LogTemp:Display: Loaded TP IOSTargetPlatform
[2016.10.27-15.00.40:385][  0]LogTemp:Display: Loaded TP TVOSTargetPlatform
[2016.10.27-15.00.40:391][  0]LogTemp:Display: Loaded TP LinuxClientTargetPlatform
[2016.10.27-15.00.40:397][  0]LogTemp:Display: Loaded TP LinuxNoEditorTargetPlatform
[2016.10.27-15.00.40:403][  0]LogTemp:Display: Loaded TP LinuxServerTargetPlatform
[2016.10.27-15.00.40:409][  0]LogTemp:Display: Loaded TP LinuxTargetPlatform
[2016.10.27-15.00.40:409][  0]LogTargetPlatformManager:Display: Building Assets For Windows
[2016.10.27-15.00.40:464][  0]LogDerivedDataCache:Display: Max Cache Size: 512 MB
[2016.10.27-15.00.40:517][  0]LogDerivedDataCache: Loaded boot cache 0.05s 62MB C:/Users/egimenez/AppData/Local/UnrealEngine/4.13/DerivedDataCache/Boot.ddc.
[2016.10.27-15.00.40:517][  0]LogDerivedDataCache:Display: Loaded Boot cache: C:/Users/egimenez/AppData/Local/UnrealEngine/4.13/DerivedDataCache/Boot.ddc
[2016.10.27-15.00.40:517][  0]LogDerivedDataCache: FDerivedDataBackendGraph:  Pak pak cache file ../../../../../../Users/egimenez/Desktop/ENTI/VAN/VANsGame/Mechanics/BasicMechanics/DerivedDataCache/DDC.ddp not found, will not use a pak cache.
[2016.10.27-15.00.40:517][  0]LogDerivedDataCache: Unable to find inner node Pak for hierarchical cache Hierarchy.
[2016.10.27-15.00.40:517][  0]LogDerivedDataCache: FDerivedDataBackendGraph:  CompressedPak pak cache file ../../../../../../Users/egimenez/Desktop/ENTI/VAN/VANsGame/Mechanics/BasicMechanics/DerivedDataCache/Compressed.ddp not found, will not use a pak cache.
[2016.10.27-15.00.40:517][  0]LogDerivedDataCache: Unable to find inner node CompressedPak for hierarchical cache Hierarchy.
[2016.10.27-15.00.40:531][  0]LogDerivedDataCache:Display: Pak cache opened for reading ../../../Engine/DerivedDataCache/Compressed.ddp.
[2016.10.27-15.00.40:544][  0]LogDerivedDataCache: Using Local data cache path C:/Users/egimenez/AppData/Local/UnrealEngine/Common/DerivedDataCache: Writable
[2016.10.27-15.00.40:708][  0]LogInit: Selected Device Profile: [Windows]
[2016.10.27-15.00.40:710][  0]LogContentStreaming: Texture pool size is 0.00 MB
[2016.10.27-15.00.40:785][  0]LogMeshUtilities: No automatic mesh reduction module available
[2016.10.27-15.00.40:785][  0]LogMeshUtilities: No automatic mesh merging module available
[2016.10.27-15.00.40:785][  0]LogMeshUtilities: No distributed automatic mesh merging module available
[2016.10.27-15.00.40:841][  0]LogMaterial: Uniform references updated for custom material expression Custom.
[2016.10.27-15.00.41:092][  0]LogNetVersion: GetLocalNetworkVersion: CL: 3106830, ProjectName: basicmechanics, ProjectVersion: , EngineNetworkVersion: 1, GameNetworkVersion: 0, NetworkChecksum: 2647762835
[2016.10.27-15.00.41:128][  0]LogAssetRegistry: FAssetRegistry took 0.0220 seconds to start up
[2016.10.27-15.00.41:150][  0]LogPackageLocalizationCache: Processed 3 localized package path(s) for 2 prioritized culture(s) in 0.020148 seconds
[2016.10.27-15.00.41:155][  0]LogUObjectArray: 29782 objects as part of root set at end of initial load.
[2016.10.27-15.00.41:155][  0]LogUObjectAllocator: 6126384 out of 0 bytes used by permanent object pool.
[2016.10.27-15.00.41:155][  0]LogUObjectArray: CloseDisregardForGC: 0/0 objects in disregard for GC pool
[2016.10.27-15.00.41:159][  0]LogInit: WinSock: version 1.1 (2.2), MaxSocks=32767, MaxUdp=65467
[2016.10.27-15.00.41:325][  0]LogSlate: SlateFontCache - WITH_FREETYPE: 1, WITH_HARFBUZZ: 1
[2016.10.27-15.00.41:325][  0]LogSlate: SlateFontCache - WITH_FREETYPE: 1, WITH_HARFBUZZ: 1
[2016.10.27-15.00.41:845][  0]LogUdpMessaging: Initializing bridge on interface 0.0.0.0:0 to multicast group 230.0.0.1:6666.
[2016.10.27-15.00.42:042][  0]SourceControl: Info Source control is disabled
[2016.10.27-15.00.42:075][  0]SourceControl: Info Source control is disabled
[2016.10.27-15.00.42:081][  0]SourceControl: Info Source control is disabled
[2016.10.27-15.00.42:088][  0]SourceControl: Info Source control is disabled
[2016.10.27-15.00.42:133][  0]LogLinker:Warning: Can't find file '/Game/ThirdPersonBP/ThirdPersonOverview'
[2016.10.27-15.00.42:133][  0]LogLinker:Warning: Can't find file '/Game/ThirdPersonBP/ThirdPersonOverview'
[2016.10.27-15.00.42:133][  0]LogUObjectGlobals:Warning: Failed to find object 'Class /Game/ThirdPersonBP/ThirdPersonOverview.ThirdPersonOverview_C'
[2016.10.27-15.00.42:285][  0]LogEngine: Initializing Engine...
[2016.10.27-15.00.42:285][  0]LogHMD: Oculus plugin initialized. Version: 4.13.0-3106830+++UE4+Release-4.13, LibOVR: 1.6.0, SDK: 1.6.0, built Aug 30 2016, 18:13:21
[2016.10.27-15.00.42:412][  0]LogAIModule: Creating AISystem for world Untitled
[2016.10.27-15.00.42:421][  0]LogInit: XAudio2 using 'BenQ GL2250H-4 (NVIDIA High Definition Audio)' : 2 channels at 48 kHz using 16 bits per sample (channel mask 0x3)
[2016.10.27-15.00.42:436][  0]LogInit: FAudioDevice initialized.
[2016.10.27-15.00.42:461][  0]LogDerivedDataCache: Saved boot cache 0.02s 62MB C:/Users/egimenez/AppData/Local/UnrealEngine/4.13/DerivedDataCache/Boot.ddc.
[2016.10.27-15.00.42:468][  0]LogInit: Texture streaming: Enabled
[2016.10.27-15.00.42:485][  0]LogInit: Transaction tracking system initialized
[2016.10.27-15.00.42:500][  0]BlueprintLog: New page: Editor Load
[2016.10.27-15.00.42:553][  0]LocalizationService: Info Localization service is disabled
[2016.10.27-15.00.42:609][  0]LogConsoleResponse:Display: 
[2016.10.27-15.00.42:708][  0]LogCook:Display: Max memory allowance for cook 16384mb min free memory 0mb
[2016.10.27-15.00.42:708][  0]LogCook:Display: Mobile HDR setting 1
[2016.10.27-15.00.42:815][  0]LogFileCache: Scanning file cache for directory 'C:/Users/egimenez/Desktop/ENTI/VAN/VANsGame/Mechanics/BasicMechanics/Content/' took 0.01s
[2016.10.27-15.00.42:815][  0]SourceControl: Info Source control is disabled
[2016.10.27-15.00.42:815][  0]Cmd: MAP LOAD FILE="../../../../../../Users/egimenez/Desktop/ENTI/VAN/VANsGame/Mechanics/BasicMechanics/Content/StarterContent/Maps/Minimal_Default.umap" TEMPLATE=0 SHOWPROGRESS=1 FEATURELEVEL=3
[2016.10.27-15.00.42:816][  0]LightingResults: New page: Lighting Build
[2016.10.27-15.00.42:818][  0]MapCheck: New page: Map Check
[2016.10.27-15.00.42:818][  0]LightingResults: New page: Lighting Build
[2016.10.27-15.00.43:098][  0]LogAIModule: Creating AISystem for world Minimal_Default
[2016.10.27-15.00.43:104][  0]LogEditorServer: Finished looking for orphan Actors (0.000 secs)
[2016.10.27-15.00.43:105][  0]Cmd: MAP CHECKDEP NOCLEARLOG
[2016.10.27-15.00.43:137][  0]MapCheck: Info Map check complete: 0 Error(s), 0 Warning(s), took 32.128ms to complete.
[2016.10.27-15.00.43:137][  0]LogFileHelpers: Loading map 'Minimal_Default' took 0.322
[2016.10.27-15.00.43:247][  0]LogCollectionManager: Loaded 0 collections in 0.001693 seconds
[2016.10.27-15.00.43:285][  0]LogFileCache: Scanning file cache for directory 'C:/Users/egimenez/Desktop/ENTI/VAN/VANsGame/Mechanics/BasicMechanics/Saved/Collections/' took 0.01s
[2016.10.27-15.00.43:285][  0]LogFileCache: Scanning file cache for directory 'C:/Users/egimenez/Desktop/ENTI/VAN/VANsGame/Mechanics/BasicMechanics/Content/Developers/egimenez/Collections/' took 0.01s
[2016.10.27-15.00.43:285][  0]LogFileCache: Scanning file cache for directory 'C:/Users/egimenez/Desktop/ENTI/VAN/VANsGame/Mechanics/BasicMechanics/Content/Collections/' took 0.01s
[2016.10.27-15.00.43:285][  0]LogCollectionManager: Rebuilt the GUID cache for 0 collections in 0.000002 seconds
[2016.10.27-15.00.43:292][  0]LogContentBrowser: Native class hierarchy populated in 0.0073 seconds. Added 2148 classes and 417 folders.
[2016.10.27-15.00.43:295][  0]LogStats: UGameplayTagsManager::ConstructGameplayTagTree: Construct from data asset -  0.000 s
[2016.10.27-15.00.43:295][  0]LogStats: UGameplayTagsManager::ConstructGameplayTagTree: GameplayTagTreeChangedEvent.Broadcast -  0.000 s
[2016.10.27-15.00.43:295][  0]LogContentBrowser: Native class hierarchy updated for 'GameplayTags' in 0.0004 seconds. Added 12 classes and 0 folders.
[2016.10.27-15.00.43:298][  0]LogContentBrowser: Native class hierarchy updated for 'WidgetCarousel' in 0.0003 seconds. Added 0 classes and 0 folders.
[2016.10.27-15.00.43:330][  0]LogContentBrowser: Native class hierarchy updated for 'AddContentDialog' in 0.0004 seconds. Added 0 classes and 0 folders.
[2016.10.27-15.00.43:333][  0]LogContentBrowser: Native class hierarchy updated for 'SceneOutliner' in 0.0003 seconds. Added 1 classes and 2 folders.
[2016.10.27-15.00.43:345][  0]LogCrashTracker: Crashtracker disabled due to settings.
[2016.10.27-15.00.43:353][  0]LogUObjectGlobals:Warning: Failed to find object 'Class None.'
[2016.10.27-15.00.43:378][  0]LogContentBrowser: Native class hierarchy updated for 'HierarchicalLODOutliner' in 0.0004 seconds. Added 1 classes and 2 folders.
[2016.10.27-15.00.43:378][  0]LogLoad: (Engine Initialization) Total time: 5.66 seconds
[2016.10.27-15.00.43:378][  0]LogLoad: (Engine Initialization) Total Blueprint compile time: 0.04 seconds
[2016.10.27-15.00.43:378][  0]LogExternalProfiler: Found external profiler: VSPerf
[2016.10.27-15.00.43:378][  0]LogExternalProfiler: Using external profiler: VSPerf
[2016.10.27-15.00.43:387][  0]LogWindowsTextInputMethodSystem:Display: IME system now deactivated.
[2016.10.27-15.00.43:388][  0]LogOcInput: OculusInput pre-init called
[2016.10.27-15.00.43:396][  0]LogOcInput: OculusInput is initialized. Init status 0. Runtime version: 1.6.0
[2016.10.27-15.00.43:414][  0]LogContentStreaming: Texture pool size now 1000 MB
[2016.10.27-15.00.43:557][  0]LogRenderer: Reallocating scene render targets to support 1100x632 (Frame:2).
[2016.10.27-15.00.43:636][  1]LogAssetRegistry: Asset discovery search completed in 2.5297 seconds
[2016.10.27-15.00.43:636][  1]LogCollectionManager: Rebuilt the object cache for 0 collections in 0.000000 seconds (found 0 objects)
[2016.10.27-15.00.43:636][  1]LogCollectionManager: Fixed up redirectors for 0 collections in 0.000020 seconds (updated 0 objects)
[2016.10.27-15.00.47:045][372]LogBlueprint:Warning: [Compiler MirrorsRayTrace] Warning 'Mirror' is already a 'Mirror', you don't need  K2Node_DynamicCast_0 .
[2016.10.27-15.00.47:049][372]LogBlueprint:Warning: [Compiler MirrorsRayTrace] Warning [0009.33] Compile of MirrorsRayTrace successful, but with 1 Warning(s) [in 6 ms] (/Game/Elements/Mirrors/MirrorsRayTrace.MirrorsRayTrace)
[2016.10.27-15.00.47:049][372]LogBlueprint:Warning: [Compiler MirrorsRayTrace] Warning [0009.33] Compile of MirrorsRayTrace successful, but with 2 Warning(s) [in 0 ms] (/Game/Elements/Mirrors/MirrorsRayTrace.MirrorsRayTrace)
[2016.10.27-15.00.47:049][372]LogBlueprint:Warning: [Compiler MirrorsRayTrace] Warning [0009.33] Compile of MirrorsRayTrace successful, but with 3 Warning(s) [in 0 ms] (/Game/Elements/Mirrors/MirrorsRayTrace.MirrorsRayTrace)
[2016.10.27-15.00.47:053][372]LogBlueprint:Warning: [Compiler Mirror] Warning 'RayTrace' is already a 'Mirrors Ray Trace', you don't need  K2Node_DynamicCast_0 .
[2016.10.27-15.00.47:053][372]LogBlueprint:Warning: [Compiler Mirror] Warning [0009.33] Compile of Mirror successful, but with 1 Warning(s) [in 1 ms] (/Game/Elements/Mirrors/Mirror.Mirror)
[2016.10.27-15.00.47:053][372]LogBlueprint:Warning: [Compiler Mirror] Warning [0009.33] Compile of Mirror successful, but with 2 Warning(s) [in 0 ms] (/Game/Elements/Mirrors/Mirror.Mirror)
[2016.10.27-15.00.47:053][372]LogBlueprint:Warning: [Compiler Mirror] Warning [0009.33] Compile of Mirror successful, but with 3 Warning(s) [in 0 ms] (/Game/Elements/Mirrors/Mirror.Mirror)
[2016.10.27-15.00.47:057][372]LogBlueprint:Warning: [Compiler MirrorsRayTrace] Warning 'Mirror' is already a 'Mirror', you don't need  K2Node_DynamicCast_0 .
[2016.10.27-15.00.47:061][372]LogBlueprint:Warning: [Compiler MirrorsRayTrace] Warning [0009.34] Compile of MirrorsRayTrace successful, but with 1 Warning(s) [in 6 ms] (/Game/Elements/Mirrors/MirrorsRayTrace.MirrorsRayTrace)
[2016.10.27-15.00.47:061][372]LogBlueprint:Warning: [Compiler MirrorsRayTrace] Warning [0009.34] Compile of MirrorsRayTrace successful, but with 2 Warning(s) [in 0 ms] (/Game/Elements/Mirrors/MirrorsRayTrace.MirrorsRayTrace)
[2016.10.27-15.00.47:062][372]LogBlueprint:Warning: [Compiler MirrorsRayTrace] Warning [0009.34] Compile of MirrorsRayTrace successful, but with 3 Warning(s) [in 0 ms] (/Game/Elements/Mirrors/MirrorsRayTrace.MirrorsRayTrace)
[2016.10.27-15.00.47:063][372]LogBlueprint:Warning: [Compiler Mirror] Warning 'RayTrace' is already a 'Mirrors Ray Trace', you don't need  K2Node_DynamicCast_0 .
[2016.10.27-15.00.47:064][372]LogBlueprint:Warning: [Compiler Mirror] Warning [0009.34] Compile of Mirror successful, but with 1 Warning(s) [in 1 ms] (/Game/Elements/Mirrors/Mirror.Mirror)
[2016.10.27-15.00.47:064][372]LogBlueprint:Warning: [Compiler Mirror] Warning [0009.34] Compile of Mirror successful, but with 2 Warning(s) [in 0 ms] (/Game/Elements/Mirrors/Mirror.Mirror)
[2016.10.27-15.00.47:064][372]LogBlueprint:Warning: [Compiler Mirror] Warning [0009.34] Compile of Mirror successful, but with 3 Warning(s) [in 0 ms] (/Game/Elements/Mirrors/Mirror.Mirror)
[2016.10.27-15.00.47:334][372]LogAIModule: Creating AISystem for world Tests
[2016.10.27-15.00.47:364][372]Cmd: MAP LOAD FILE="../../../../../../Users/egimenez/Desktop/ENTI/VAN/VANsGame/Mechanics/BasicMechanics/Content/Levels/Tests.umap" TEMPLATE=0 SHOWPROGRESS=1 FEATURELEVEL=3
[2016.10.27-15.00.47:364][372]LightingResults: New page: Lighting Build
[2016.10.27-15.00.47:364][372]LoadErrors: New page: Loading map: Tests.umap
[2016.10.27-15.00.47:365][372]MapCheck: New page: Map Check
[2016.10.27-15.00.47:365][372]LightingResults: New page: Lighting Build
[2016.10.27-15.00.47:386][372]LogEditorServer: Finished looking for orphan Actors (0.000 secs)
[2016.10.27-15.00.47:422][372]Cmd: MAP CHECKDEP NOCLEARLOG
[2016.10.27-15.00.47:464][372]MapCheck: Info Map check complete: 0 Error(s), 0 Warning(s), took 41.278ms to complete.
[2016.10.27-15.00.47:464][372]LogFileHelpers: Loading map 'Tests' took 0.101
[2016.10.27-15.00.52:043][860]LogContentBrowser: Native class hierarchy updated for 'BlueprintGraph' in 0.0008 seconds. Added 112 classes and 0 folders.
[2016.10.27-15.04.01:520][ 11]BlueprintLog: New page: Compile Mirror
[2016.10.27-15.04.03:625][208]BlueprintLog: New page: Compile MirrorsRayTrace
[2016.10.27-15.04.05:029][304]LogBlueprintUserMessages: Early PlayInEditor Detection: Level '/Game/Levels/Tests.Tests:PersistentLevel' has LevelScriptBlueprint '/Game/Levels/Tests.Tests:PersistentLevel.Tests' with GeneratedClass '/Game/Levels/Tests.Tests_C' with ClassGeneratedBy '/Game/Levels/Tests.Tests:PersistentLevel.Tests'
[2016.10.27-15.04.05:030][304]LogPlayLevel: PlayLevel: No blueprints needed recompiling
[2016.10.27-15.04.05:030][304]PIE: New page: PIE session: Tests (Oct 27, 2016, 6:04:05 PM)
[2016.10.27-15.04.05:030][304]LogPlayLevel: Creating play world package: /Game/Levels/UEDPIE_0_Tests
[2016.10.27-15.04.05:039][304]LogPlayLevel: PIE: StaticDuplicateObject took: (0.008873s)
[2016.10.27-15.04.05:039][304]LogAIModule: Creating AISystem for world Tests
[2016.10.27-15.04.05:040][304]LogPlayLevel: PIE: World Init took: (0.000826s)
[2016.10.27-15.04.05:040][304]LogPlayLevel: PIE: Created PIE world by copying editor world from /Game/Levels/Tests.Tests to /Game/Levels/UEDPIE_0_Tests.Tests (0.009996s)
[2016.10.27-15.04.05:058][304]LogInit: XAudio2 using 'BenQ GL2250H-4 (NVIDIA High Definition Audio)' : 2 channels at 48 kHz using 16 bits per sample (channel mask 0x3)
[2016.10.27-15.04.05:063][304]LogInit: FAudioDevice initialized.
[2016.10.27-15.04.05:107][304]LogWorld: Game class is 'GameMode'
[2016.10.27-15.04.05:117][304]LogWorld: Bringing World /Game/Levels/UEDPIE_0_Tests.Tests up for play (max tick rate 0) at 2016.10.27-17.04.05
[2016.10.27-15.04.05:119][304]LogWorld: Bringing up level for play took: 0.009831
[2016.10.27-15.04.05:123][304]LogContentBrowser: Native class hierarchy updated for 'MovieSceneCapture' in 0.0004 seconds. Added 11 classes and 0 folders.
[2016.10.27-15.04.05:123][304]LogGameMode:Display: Match State Changed from EnteringMap to WaitingToStart
[2016.10.27-15.04.05:123][304]LogGameState: Match State Changed from EnteringMap to WaitingToStart
[2016.10.27-15.04.05:123][304]LogGameMode:Display: Match State Changed from WaitingToStart to InProgress
[2016.10.27-15.04.05:124][304]LogGameState: Match State Changed from WaitingToStart to InProgress
[2016.10.27-15.04.05:124][304]PIE: Info Play in editor start time for /Game/Levels/UEDPIE_0_Tests 0.378
[2016.10.27-15.04.05:124][304]LogBlueprintUserMessages: Late PlayInEditor Detection: Level '/Game/Levels/Tests.Tests:PersistentLevel' has LevelScriptBlueprint '/Game/Levels/Tests.Tests:PersistentLevel.Tests' with GeneratedClass '/Game/Levels/Tests.Tests_C' with ClassGeneratedBy '/Game/Levels/Tests.Tests:PersistentLevel.Tests'
[2016.10.27-15.04.05:923][391]LogBlueprintUserMessages: [Tests_C_0] false
[2016.10.27-15.04.05:923][391]LogBlueprintUserMessages: [Tests_C_0] 2:
[2016.10.27-15.04.05:923][391]LogBlueprintUserMessages: [Tests_C_0] false
[2016.10.27-15.04.05:923][391]LogBlueprintUserMessages: [Tests_C_0] 1:
[2016.10.27-15.04.09:963][854]LogBlueprintUserMessages: Early EndPlayMap Detection: Level '/Game/Levels/Tests.Tests:PersistentLevel' has LevelScriptBlueprint '/Game/Levels/Tests.Tests:PersistentLevel.Tests' with GeneratedClass '/Game/Levels/Tests.Tests_C' with ClassGeneratedBy '/Game/Levels/Tests.Tests:PersistentLevel.Tests'
[2016.10.27-15.04.10:000][854]LogBlueprintUserMessages: Late EndPlayMap Detection: Level '/Game/Levels/Tests.Tests:PersistentLevel' has LevelScriptBlueprint '/Game/Levels/Tests.Tests:PersistentLevel.Tests' with GeneratedClass '/Game/Levels/Tests.Tests_C' with ClassGeneratedBy '/Game/Levels/Tests.Tests:PersistentLevel.Tests'
[2016.10.27-15.04.15:730][450]LogSavePackage: Save=212.36ms
[2016.10.27-15.04.15:731][450]LogSavePackage: Moving '../../../../../../Users/egimenez/Desktop/ENTI/VAN/VANsGame/Mechanics/BasicMechanics/Saved/Tests96B206994ECDF1B94DEC8D8B697A707A.tmp' to '../../../../../../Users/egimenez/Desktop/ENTI/VAN/VANsGame/Mechanics/BasicMechanics/Content/Levels/Tests.umap'
[2016.10.27-15.04.15:734][450]LogSavePackage:Display: Finished SavePackage ../../../../../../Users/egimenez/Desktop/ENTI/VAN/VANsGame/Mechanics/BasicMechanics/Content/Levels/Tests.umap
[2016.10.27-15.04.15:768][450]LogFileHelpers: Saving map 'Tests' took 0.323
[2016.10.27-15.04.15:784][450]Cmd: OBJ SAVEPACKAGE PACKAGE="/Game/Elements/Mirrors/Mirror" FILE="../../../../../../Users/egimenez/Desktop/ENTI/VAN/VANsGame/Mechanics/BasicMechanics/Content/Elements/Mirrors/Mirror.uasset" SILENT=true
[2016.10.27-15.04.15:811][450]LogSavePackage: Save=17.04ms
[2016.10.27-15.04.15:811][450]LogSavePackage: Moving '../../../../../../Users/egimenez/Desktop/ENTI/VAN/VANsGame/Mechanics/BasicMechanics/Saved/MirrorF01B2BCC465A1EB6ABA2F08C5E2FF95A.tmp' to '../../../../../../Users/egimenez/Desktop/ENTI/VAN/VANsGame/Mechanics/BasicMechanics/Content/Elements/Mirrors/Mirror.uasset'
[2016.10.27-15.04.15:813][450]LogSavePackage:Display: Finished SavePackage ../../../../../../Users/egimenez/Desktop/ENTI/VAN/VANsGame/Mechanics/BasicMechanics/Content/Elements/Mirrors/Mirror.uasset
[2016.10.27-15.04.15:874][450]LogSavePackage: Save=32.96ms
[2016.10.27-15.04.15:874][450]LogSavePackage: Moving '../../../../../../Users/egimenez/Desktop/ENTI/VAN/VANsGame/Mechanics/BasicMechanics/Saved/MirrorsRayTrace8867F43347E417A61F894DBBB8D4B3A0.tmp' to '../../../../../../Users/egimenez/Desktop/ENTI/VAN/VANsGame/Mechanics/BasicMechanics/Content/Elements/Mirrors/MirrorsRayTrace.uasset'
[2016.10.27-15.04.15:877][450]LogSavePackage:Display: Finished SavePackage ../../../../../../Users/egimenez/Desktop/ENTI/VAN/VANsGame/Mechanics/BasicMechanics/Content/Elements/Mirrors/MirrorsRayTrace.uasset
[2016.10.27-15.06.08:579][953]Cmd: OBJ SAVEPACKAGE PACKAGE="/Game/Elements/Mirrors/Mirror" FILE="../../../../../../Users/egimenez/Desktop/ENTI/VAN/VANsGame/Mechanics/BasicMechanics/Content/Elements/Mirrors/Mirror.uasset" SILENT=true
[2016.10.27-15.06.08:611][953]LogSavePackage: Save=11.74ms
[2016.10.27-15.06.08:611][953]LogSavePackage: Moving '../../../../../../Users/egimenez/Desktop/ENTI/VAN/VANsGame/Mechanics/BasicMechanics/Saved/MirrorA0E0BFB647DE8D7109527088F2E0F45E.tmp' to '../../../../../../Users/egimenez/Desktop/ENTI/VAN/VANsGame/Mechanics/BasicMechanics/Content/Elements/Mirrors/Mirror.uasset'
[2016.10.27-15.06.08:614][953]LogSavePackage:Display: Finished SavePackage ../../../../../../Users/egimenez/Desktop/ENTI/VAN/VANsGame/Mechanics/BasicMechanics/Content/Elements/Mirrors/Mirror.uasset
[2016.10.27-15.06.10:798][204]LogRenderer: Reallocating scene render targets to support 1100x696 (Frame:22216).
[2016.10.27-15.08.06:901][607]BlueprintLog: New page: Compile Mirror
[2016.10.27-15.08.08:135][707]LogBlueprintUserMessages: Early PlayInEditor Detection: Level '/Game/Levels/Tests.Tests:PersistentLevel' has LevelScriptBlueprint '/Game/Levels/Tests.Tests:PersistentLevel.Tests' with GeneratedClass '/Game/Levels/Tests.Tests_C' with ClassGeneratedBy '/Game/Levels/Tests.Tests:PersistentLevel.Tests'
[2016.10.27-15.08.08:136][707]LogPlayLevel: PlayLevel: No blueprints needed recompiling
[2016.10.27-15.08.08:136][707]PIE: New page: PIE session: Tests (Oct 27, 2016, 6:08:08 PM)
[2016.10.27-15.08.08:136][707]LogPlayLevel: Creating play world package: /Game/Levels/UEDPIE_0_Tests
[2016.10.27-15.08.08:145][707]LogPlayLevel: PIE: StaticDuplicateObject took: (0.009544s)
[2016.10.27-15.08.08:146][707]LogAIModule: Creating AISystem for world Tests
[2016.10.27-15.08.08:146][707]LogPlayLevel: PIE: World Init took: (0.000788s)
[2016.10.27-15.08.08:147][707]LogPlayLevel: PIE: Created PIE world by copying editor world from /Game/Levels/Tests.Tests to /Game/Levels/UEDPIE_0_Tests.Tests (0.010608s)
[2016.10.27-15.08.08:165][707]LogInit: XAudio2 using 'BenQ GL2250H-4 (NVIDIA High Definition Audio)' : 2 channels at 48 kHz using 16 bits per sample (channel mask 0x3)
[2016.10.27-15.08.08:170][707]LogInit: FAudioDevice initialized.
[2016.10.27-15.08.08:199][707]LogWorld: Game class is 'GameMode'
[2016.10.27-15.08.08:209][707]LogWorld: Bringing World /Game/Levels/UEDPIE_0_Tests.Tests up for play (max tick rate 0) at 2016.10.27-17.08.08
[2016.10.27-15.08.08:210][707]LogWorld: Bringing up level for play took: 0.009958
[2016.10.27-15.08.08:211][707]LogGameMode:Display: Match State Changed from EnteringMap to WaitingToStart
[2016.10.27-15.08.08:211][707]LogGameState: Match State Changed from EnteringMap to WaitingToStart
[2016.10.27-15.08.08:211][707]LogGameMode:Display: Match State Changed from WaitingToStart to InProgress
[2016.10.27-15.08.08:211][707]LogGameState: Match State Changed from WaitingToStart to InProgress
[2016.10.27-15.08.08:211][707]PIE: Info Play in editor start time for /Game/Levels/UEDPIE_0_Tests -0.522
[2016.10.27-15.08.08:212][707]LogBlueprintUserMessages: Late PlayInEditor Detection: Level '/Game/Levels/Tests.Tests:PersistentLevel' has LevelScriptBlueprint '/Game/Levels/Tests.Tests:PersistentLevel.Tests' with GeneratedClass '/Game/Levels/Tests.Tests_C' with ClassGeneratedBy '/Game/Levels/Tests.Tests:PersistentLevel.Tests'
[2016.10.27-15.08.09:012][789]LogBlueprintUserMessages: [Tests_C_1] false
[2016.10.27-15.08.09:012][789]LogBlueprintUserMessages: [Tests_C_1] 2:
[2016.10.27-15.08.09:012][789]LogBlueprintUserMessages: [Tests_C_1] false
[2016.10.27-15.08.09:012][789]LogBlueprintUserMessages: [Tests_C_1] 1:
[2016.10.27-15.08.32:203][228]LogBlueprintUserMessages: Early EndPlayMap Detection: Level '/Game/Levels/Tests.Tests:PersistentLevel' has LevelScriptBlueprint '/Game/Levels/Tests.Tests:PersistentLevel.Tests' with GeneratedClass '/Game/Levels/Tests.Tests_C' with ClassGeneratedBy '/Game/Levels/Tests.Tests:PersistentLevel.Tests'
[2016.10.27-15.08.32:243][228]LogBlueprintUserMessages: Late EndPlayMap Detection: Level '/Game/Levels/Tests.Tests:PersistentLevel' has LevelScriptBlueprint '/Game/Levels/Tests.Tests:PersistentLevel.Tests' with GeneratedClass '/Game/Levels/Tests.Tests_C' with ClassGeneratedBy '/Game/Levels/Tests.Tests:PersistentLevel.Tests'
[2016.10.27-15.08.41:771][260]LogEditorTransaction: Undo Remove Components
[2016.10.27-15.09.17:369][775]BlueprintLog: New page: Compile Mirror
[2016.10.27-15.09.18:616][876]LogBlueprintUserMessages: Early PlayInEditor Detection: Level '/Game/Levels/Tests.Tests:PersistentLevel' has LevelScriptBlueprint '/Game/Levels/Tests.Tests:PersistentLevel.Tests' with GeneratedClass '/Game/Levels/Tests.Tests_C' with ClassGeneratedBy '/Game/Levels/Tests.Tests:PersistentLevel.Tests'
[2016.10.27-15.09.18:616][876]LogPlayLevel: PlayLevel: No blueprints needed recompiling
[2016.10.27-15.09.18:616][876]PIE: New page: PIE session: Tests (Oct 27, 2016, 6:09:18 PM)
[2016.10.27-15.09.18:616][876]LogPlayLevel: Creating play world package: /Game/Levels/UEDPIE_0_Tests
[2016.10.27-15.09.18:625][876]LogPlayLevel: PIE: StaticDuplicateObject took: (0.009027s)
[2016.10.27-15.09.18:626][876]LogAIModule: Creating AISystem for world Tests
[2016.10.27-15.09.18:626][876]LogPlayLevel: PIE: World Init took: (0.000681s)
[2016.10.27-15.09.18:626][876]LogPlayLevel: PIE: Created PIE world by copying editor world from /Game/Levels/Tests.Tests to /Game/Levels/UEDPIE_0_Tests.Tests (0.009977s)
[2016.10.27-15.09.18:644][876]LogInit: XAudio2 using 'BenQ GL2250H-4 (NVIDIA High Definition Audio)' : 2 channels at 48 kHz using 16 bits per sample (channel mask 0x3)
[2016.10.27-15.09.18:648][876]LogInit: FAudioDevice initialized.
[2016.10.27-15.09.18:681][876]LogWorld: Game class is 'GameMode'
[2016.10.27-15.09.18:690][876]LogWorld: Bringing World /Game/Levels/UEDPIE_0_Tests.Tests up for play (max tick rate 0) at 2016.10.27-17.09.18
[2016.10.27-15.09.18:692][876]LogWorld: Bringing up level for play took: 0.010251
[2016.10.27-15.09.18:692][876]LogGameMode:Display: Match State Changed from EnteringMap to WaitingToStart
[2016.10.27-15.09.18:692][876]LogGameState: Match State Changed from EnteringMap to WaitingToStart
[2016.10.27-15.09.18:692][876]LogGameMode:Display: Match State Changed from WaitingToStart to InProgress
[2016.10.27-15.09.18:693][876]LogGameState: Match State Changed from WaitingToStart to InProgress
[2016.10.27-15.09.18:693][876]PIE: Info Play in editor start time for /Game/Levels/UEDPIE_0_Tests -0.037
[2016.10.27-15.09.18:693][876]LogBlueprintUserMessages: Late PlayInEditor Detection: Level '/Game/Levels/Tests.Tests:PersistentLevel' has LevelScriptBlueprint '/Game/Levels/Tests.Tests:PersistentLevel.Tests' with GeneratedClass '/Game/Levels/Tests.Tests_C' with ClassGeneratedBy '/Game/Levels/Tests.Tests:PersistentLevel.Tests'
[2016.10.27-15.09.19:520][968]LogBlueprintUserMessages: [Tests_C_1] false
[2016.10.27-15.09.19:520][968]LogBlueprintUserMessages: [Tests_C_1] 2:
[2016.10.27-15.09.19:520][968]LogBlueprintUserMessages: [Tests_C_1] false
[2016.10.27-15.09.19:520][968]LogBlueprintUserMessages: [Tests_C_1] 1:
[2016.10.27-15.09.27:496][879]LogBlueprintUserMessages: Early EndPlayMap Detection: Level '/Game/Levels/Tests.Tests:PersistentLevel' has LevelScriptBlueprint '/Game/Levels/Tests.Tests:PersistentLevel.Tests' with GeneratedClass '/Game/Levels/Tests.Tests_C' with ClassGeneratedBy '/Game/Levels/Tests.Tests:PersistentLevel.Tests'
[2016.10.27-15.09.27:536][879]LogBlueprintUserMessages: Late EndPlayMap Detection: Level '/Game/Levels/Tests.Tests:PersistentLevel' has LevelScriptBlueprint '/Game/Levels/Tests.Tests:PersistentLevel.Tests' with GeneratedClass '/Game/Levels/Tests.Tests_C' with ClassGeneratedBy '/Game/Levels/Tests.Tests:PersistentLevel.Tests'
[2016.10.27-15.10.56:449][381]BlueprintLog: New page: Compile Mirror
[2016.10.27-15.11.19:046][490]BlueprintLog: New page: Compile Mirror
[2016.10.27-15.11.21:461][684]LogSavePackage: Save=218.76ms
[2016.10.27-15.11.21:461][684]LogSavePackage: Moving '../../../../../../Users/egimenez/Desktop/ENTI/VAN/VANsGame/Mechanics/BasicMechanics/Saved/TestsEF46666F4C067F059D3DBD893DBC7C94.tmp' to '../../../../../../Users/egimenez/Desktop/ENTI/VAN/VANsGame/Mechanics/BasicMechanics/Content/Levels/Tests.umap'
[2016.10.27-15.11.21:464][684]LogSavePackage:Display: Finished SavePackage ../../../../../../Users/egimenez/Desktop/ENTI/VAN/VANsGame/Mechanics/BasicMechanics/Content/Levels/Tests.umap
[2016.10.27-15.11.21:500][684]LogFileHelpers: Saving map 'Tests' took 0.336
[2016.10.27-15.11.21:514][684]Cmd: OBJ SAVEPACKAGE PACKAGE="/Game/Elements/Mirrors/Mirror" FILE="../../../../../../Users/egimenez/Desktop/ENTI/VAN/VANsGame/Mechanics/BasicMechanics/Content/Elements/Mirrors/Mirror.uasset" SILENT=true
[2016.10.27-15.11.21:549][684]LogSavePackage: Save=21.92ms
[2016.10.27-15.11.21:549][684]LogSavePackage: Moving '../../../../../../Users/egimenez/Desktop/ENTI/VAN/VANsGame/Mechanics/BasicMechanics/Saved/MirrorE57211FE40C674B24951038DB0E9B2F1.tmp' to '../../../../../../Users/egimenez/Desktop/ENTI/VAN/VANsGame/Mechanics/BasicMechanics/Content/Elements/Mirrors/Mirror.uasset'
[2016.10.27-15.11.21:552][684]LogSavePackage:Display: Finished SavePackage ../../../../../../Users/egimenez/Desktop/ENTI/VAN/VANsGame/Mechanics/BasicMechanics/Content/Elements/Mirrors/Mirror.uasset
[2016.10.27-15.11.21:595][684]LogSavePackage: Save=26.10ms
[2016.10.27-15.11.21:595][684]LogSavePackage: Moving '../../../../../../Users/egimenez/Desktop/ENTI/VAN/VANsGame/Mechanics/BasicMechanics/Saved/MirrorsRayTrace7BE2EDDE457A5E51B57F23A50CCEE6E4.tmp' to '../../../../../../Users/egimenez/Desktop/ENTI/VAN/VANsGame/Mechanics/BasicMechanics/Content/Elements/Mirrors/MirrorsRayTrace.uasset'
[2016.10.27-15.11.21:598][684]LogSavePackage:Display: Finished SavePackage ../../../../../../Users/egimenez/Desktop/ENTI/VAN/VANsGame/Mechanics/BasicMechanics/Content/Elements/Mirrors/MirrorsRayTrace.uasset
[2016.10.27-15.11.23:848][896]LogBlueprintUserMessages: Early PlayInEditor Detection: Level '/Game/Levels/Tests.Tests:PersistentLevel' has LevelScriptBlueprint '/Game/Levels/Tests.Tests:PersistentLevel.Tests' with GeneratedClass '/Game/Levels/Tests.Tests_C' with ClassGeneratedBy '/Game/Levels/Tests.Tests:PersistentLevel.Tests'
[2016.10.27-15.11.23:848][896]BlueprintLog: New page: Pre-Play auto-recompile
[2016.10.27-15.11.23:848][896]LogPlayLevel: [PlayLevel] Compiling PROTO_BP_Blueprint_0 before play...
[2016.10.27-15.11.23:921][896]LogPlayLevel: PlayLevel: Blueprint regeneration took 73 ms (1 blueprints)
[2016.10.27-15.11.23:922][896]PIE: New page: PIE session: Tests (Oct 27, 2016, 6:11:23 PM)
[2016.10.27-15.11.23:922][896]LogPlayLevel: Creating play world package: /Game/Levels/UEDPIE_0_Tests
[2016.10.27-15.11.23:929][896]LogPlayLevel: PIE: StaticDuplicateObject took: (0.007763s)
[2016.10.27-15.11.23:930][896]LogAIModule: Creating AISystem for world Tests
[2016.10.27-15.11.23:930][896]LogPlayLevel: PIE: World Init took: (0.000689s)
[2016.10.27-15.11.23:930][896]LogPlayLevel: PIE: Created PIE world by copying editor world from /Game/Levels/Tests.Tests to /Game/Levels/UEDPIE_0_Tests.Tests (0.008774s)
[2016.10.27-15.11.23:948][896]LogInit: XAudio2 using 'BenQ GL2250H-4 (NVIDIA High Definition Audio)' : 2 channels at 48 kHz using 16 bits per sample (channel mask 0x3)
[2016.10.27-15.11.23:952][896]LogInit: FAudioDevice initialized.
[2016.10.27-15.11.23:982][896]LogWorld: Game class is 'GameMode'
[2016.10.27-15.11.23:992][896]LogWorld: Bringing World /Game/Levels/UEDPIE_0_Tests.Tests up for play (max tick rate 0) at 2016.10.27-17.11.23
[2016.10.27-15.11.23:993][896]LogWorld: Bringing up level for play took: 0.010504
[2016.10.27-15.11.23:994][896]LogGameMode:Display: Match State Changed from EnteringMap to WaitingToStart
[2016.10.27-15.11.23:994][896]LogGameState: Match State Changed from EnteringMap to WaitingToStart
[2016.10.27-15.11.23:994][896]LogGameMode:Display: Match State Changed from WaitingToStart to InProgress
[2016.10.27-15.11.23:994][896]LogGameState: Match State Changed from WaitingToStart to InProgress
[2016.10.27-15.11.23:994][896]PIE: Info Play in editor start time for /Game/Levels/UEDPIE_0_Tests -0.729
[2016.10.27-15.11.23:994][896]LogBlueprintUserMessages: Late PlayInEditor Detection: Level '/Game/Levels/Tests.Tests:PersistentLevel' has LevelScriptBlueprint '/Game/Levels/Tests.Tests:PersistentLevel.Tests' with GeneratedClass '/Game/Levels/Tests.Tests_C' with ClassGeneratedBy '/Game/Levels/Tests.Tests:PersistentLevel.Tests'
[2016.10.27-15.11.24:332][931]LogBlueprintUserMessages: [Tests_C_0] false
[2016.10.27-15.11.24:332][931]LogBlueprintUserMessages: [Tests_C_0] 2:
[2016.10.27-15.11.24:332][931]LogBlueprintUserMessages: [Tests_C_0] false
[2016.10.27-15.11.24:332][931]LogBlueprintUserMessages: [Tests_C_0] 1:
[2016.10.27-15.11.43:906][119]LogBlueprintUserMessages: Early EndPlayMap Detection: Level '/Game/Levels/Tests.Tests:PersistentLevel' has LevelScriptBlueprint '/Game/Levels/Tests.Tests:PersistentLevel.Tests' with GeneratedClass '/Game/Levels/Tests.Tests_C' with ClassGeneratedBy '/Game/Levels/Tests.Tests:PersistentLevel.Tests'
[2016.10.27-15.11.43:945][119]LogBlueprintUserMessages: Late EndPlayMap Detection: Level '/Game/Levels/Tests.Tests:PersistentLevel' has LevelScriptBlueprint '/Game/Levels/Tests.Tests:PersistentLevel.Tests' with GeneratedClass '/Game/Levels/Tests.Tests_C' with ClassGeneratedBy '/Game/Levels/Tests.Tests:PersistentLevel.Tests'
[2016.10.27-15.11.44:115][134]Cmd: SELECT NONE
[2016.10.27-15.11.54:782][223]LogBlueprintUserMessages: Early PlayInEditor Detection: Level '/Game/Levels/Tests.Tests:PersistentLevel' has LevelScriptBlueprint '/Game/Levels/Tests.Tests:PersistentLevel.Tests' with GeneratedClass '/Game/Levels/Tests.Tests_C' with ClassGeneratedBy '/Game/Levels/Tests.Tests:PersistentLevel.Tests'
[2016.10.27-15.11.54:782][223]BlueprintLog: New page: Pre-Play auto-recompile
[2016.10.27-15.11.54:782][223]LogPlayLevel: [PlayLevel] Compiling Mirror before play...
[2016.10.27-15.11.54:868][223]LogPlayLevel: PlayLevel: Blueprint regeneration took 86 ms (1 blueprints)
[2016.10.27-15.11.54:868][223]PIE: New page: PIE session: Tests (Oct 27, 2016, 6:11:54 PM)
[2016.10.27-15.11.54:868][223]LogPlayLevel: Creating play world package: /Game/Levels/UEDPIE_0_Tests
[2016.10.27-15.11.54:876][223]LogPlayLevel: PIE: StaticDuplicateObject took: (0.007472s)
[2016.10.27-15.11.54:876][223]LogAIModule: Creating AISystem for world Tests
[2016.10.27-15.11.54:876][223]LogPlayLevel: PIE: World Init took: (0.000637s)
[2016.10.27-15.11.54:877][223]LogPlayLevel: PIE: Created PIE world by copying editor world from /Game/Levels/Tests.Tests to /Game/Levels/UEDPIE_0_Tests.Tests (0.008446s)
[2016.10.27-15.11.54:894][223]LogInit: XAudio2 using 'BenQ GL2250H-4 (NVIDIA High Definition Audio)' : 2 channels at 48 kHz using 16 bits per sample (channel mask 0x3)
[2016.10.27-15.11.54:898][223]LogInit: FAudioDevice initialized.
[2016.10.27-15.11.54:927][223]LogWorld: Game class is 'GameMode'
[2016.10.27-15.11.54:937][223]LogWorld: Bringing World /Game/Levels/UEDPIE_0_Tests.Tests up for play (max tick rate 0) at 2016.10.27-17.11.54
[2016.10.27-15.11.54:938][223]LogWorld: Bringing up level for play took: 0.009498
[2016.10.27-15.11.54:939][223]LogGameMode:Display: Match State Changed from EnteringMap to WaitingToStart
[2016.10.27-15.11.54:939][223]LogGameState: Match State Changed from EnteringMap to WaitingToStart
[2016.10.27-15.11.54:939][223]LogGameMode:Display: Match State Changed from WaitingToStart to InProgress
[2016.10.27-15.11.54:939][223]LogGameState: Match State Changed from WaitingToStart to InProgress
[2016.10.27-15.11.54:939][223]PIE: Info Play in editor start time for /Game/Levels/UEDPIE_0_Tests 0.217
[2016.10.27-15.11.54:939][223]LogBlueprintUserMessages: Late PlayInEditor Detection: Level '/Game/Levels/Tests.Tests:PersistentLevel' has LevelScriptBlueprint '/Game/Levels/Tests.Tests:PersistentLevel.Tests' with GeneratedClass '/Game/Levels/Tests.Tests_C' with ClassGeneratedBy '/Game/Levels/Tests.Tests:PersistentLevel.Tests'
[2016.10.27-15.11.55:885][314]LogBlueprintUserMessages: [Tests_C_0] false
[2016.10.27-15.11.55:885][314]LogBlueprintUserMessages: [Tests_C_0] 2:
[2016.10.27-15.11.55:885][314]LogBlueprintUserMessages: [Tests_C_0] false
[2016.10.27-15.11.55:885][314]LogBlueprintUserMessages: [Tests_C_0] 1:
[2016.10.27-15.12.11:423][933]LogBlueprintUserMessages: Early EndPlayMap Detection: Level '/Game/Levels/Tests.Tests:PersistentLevel' has LevelScriptBlueprint '/Game/Levels/Tests.Tests:PersistentLevel.Tests' with GeneratedClass '/Game/Levels/Tests.Tests_C' with ClassGeneratedBy '/Game/Levels/Tests.Tests:PersistentLevel.Tests'
[2016.10.27-15.12.11:466][933]LogBlueprintUserMessages: Late EndPlayMap Detection: Level '/Game/Levels/Tests.Tests:PersistentLevel' has LevelScriptBlueprint '/Game/Levels/Tests.Tests:PersistentLevel.Tests' with GeneratedClass '/Game/Levels/Tests.Tests_C' with ClassGeneratedBy '/Game/Levels/Tests.Tests:PersistentLevel.Tests'
[2016.10.27-15.12.16:013][308]LogSavePackage: Save=212.88ms
[2016.10.27-15.12.16:013][308]LogSavePackage: Moving '../../../../../../Users/egimenez/Desktop/ENTI/VAN/VANsGame/Mechanics/BasicMechanics/Saved/Tests96D68F27496AB2DD9D44519A26B65847.tmp' to '../../../../../../Users/egimenez/Desktop/ENTI/VAN/VANsGame/Mechanics/BasicMechanics/Content/Levels/Tests.umap'
[2016.10.27-15.12.16:016][308]LogSavePackage:Display: Finished SavePackage ../../../../../../Users/egimenez/Desktop/ENTI/VAN/VANsGame/Mechanics/BasicMechanics/Content/Levels/Tests.umap
[2016.10.27-15.12.16:051][308]LogFileHelpers: Saving map 'Tests' took 0.319
[2016.10.27-15.12.16:083][308]Cmd: OBJ SAVEPACKAGE PACKAGE="/Game/Elements/Mirrors/Mirror" FILE="../../../../../../Users/egimenez/Desktop/ENTI/VAN/VANsGame/Mechanics/BasicMechanics/Content/Elements/Mirrors/Mirror.uasset" SILENT=true
[2016.10.27-15.12.16:115][308]LogSavePackage: Save=22.55ms
[2016.10.27-15.12.16:115][308]LogSavePackage: Moving '../../../../../../Users/egimenez/Desktop/ENTI/VAN/VANsGame/Mechanics/BasicMechanics/Saved/Mirror658C4DB942384ED08D3A4EA284B2D2F6.tmp' to '../../../../../../Users/egimenez/Desktop/ENTI/VAN/VANsGame/Mechanics/BasicMechanics/Content/Elements/Mirrors/Mirror.uasset'
[2016.10.27-15.12.16:118][308]LogSavePackage:Display: Finished SavePackage ../../../../../../Users/egimenez/Desktop/ENTI/VAN/VANsGame/Mechanics/BasicMechanics/Content/Elements/Mirrors/Mirror.uasset
[2016.10.27-15.12.16:898][375]LogActorComponent: UnregisterComponent: (/Engine/Transient.EditorFloorComp) Not registered. Aborting.
[2016.10.27-15.12.20:169][743]LogWindowsTextInputMethodSystem:Display: IME system now deactivated.
[2016.10.27-15.12.20:352][744]Cmd: QUIT_EDITOR
[2016.10.27-15.12.21:357][744]LogExit: Preparing to exit.
[2016.10.27-15.12.22:164][744]LogDirectoryWatcher: A directory notification for 'C:/Users/egimenez/Desktop/ENTI/VAN/VANsGame/Mechanics/BasicMechanics/Content/' was aborted.
[2016.10.27-15.12.22:197][744]LogExit: Editor shut down
[2016.10.27-15.12.22:197][744]LogExit: Transaction tracking system shut down
[2016.10.27-15.12.22:317][744]LogObj: Freed 0b from 0 cluster array pools.
[2016.10.27-15.12.22:317][744]LogExit: Object subsystem successfully closed.
[2016.10.27-15.12.22:332][744]LogD3D11RHI: Shutdown
[2016.10.27-15.12.22:332][744]LogD3D11RHI: CleanupD3DDevice
[2016.10.27-15.12.22:430][744]LogD3D11RHI: ~FD3D11DynamicRHI
[2016.10.27-15.12.22:440][744]LogModuleManager: Shutting down and abandoning module MovieSceneCapture (237)
[2016.10.27-15.12.22:440][744]LogModuleManager: Shutting down and abandoning module BlueprintGraph (236)
[2016.10.27-15.12.22:440][744]LogModuleManager: Shutting down and abandoning module BlueprintProfiler (235)
[2016.10.27-15.12.22:440][744]LogModuleManager: Shutting down and abandoning module HierarchicalLODOutliner (234)
[2016.10.27-15.12.22:440][744]LogModuleManager: Shutting down and abandoning module CrashTracker (233)
[2016.10.27-15.12.22:440][744]LogModuleManager: Shutting down and abandoning module SceneOutliner (232)
[2016.10.27-15.12.22:440][744]LogModuleManager: Shutting down and abandoning module WidgetCarousel (231)
[2016.10.27-15.12.22:440][744]LogModuleManager: Shutting down and abandoning module AddContentDialog (230)
[2016.10.27-15.12.22:441][744]LogDirectoryWatcher: A directory notification for 'C:/Program Files (x86)/Epic Games/4.13/FeaturePacks/' was aborted.
[2016.10.27-15.12.22:441][744]LogModuleManager: Shutting down and abandoning module GameplayTags (229)
[2016.10.27-15.12.22:441][744]LogModuleManager: Shutting down and abandoning module EditorWidgets (228)
[2016.10.27-15.12.22:441][744]LogModuleManager: Shutting down and abandoning module CollectionManager (227)
[2016.10.27-15.12.22:441][744]LogDirectoryWatcher: A directory notification for 'C:/Users/egimenez/Desktop/ENTI/VAN/VANsGame/Mechanics/BasicMechanics/Content/Collections/' was aborted.
[2016.10.27-15.12.22:441][744]LogDirectoryWatcher: A directory notification for 'C:/Users/egimenez/Desktop/ENTI/VAN/VANsGame/Mechanics/BasicMechanics/Content/Developers/egimenez/Collections/' was aborted.
[2016.10.27-15.12.22:442][744]LogDirectoryWatcher: A directory notification for 'C:/Users/egimenez/Desktop/ENTI/VAN/VANsGame/Mechanics/BasicMechanics/Saved/Collections/' was aborted.
[2016.10.27-15.12.22:442][744]LogModuleManager: Shutting down and abandoning module StatsViewer (226)
[2016.10.27-15.12.22:442][744]LogModuleManager: Shutting down and abandoning module FoliageEdit (225)
[2016.10.27-15.12.22:442][744]LogModuleManager: Shutting down and abandoning module LandscapeEditor (224)
[2016.10.27-15.12.22:442][744]LogModuleManager: Shutting down and abandoning module SceneDepthPickerMode (223)
[2016.10.27-15.12.22:442][744]LogModuleManager: Shutting down and abandoning module ActorPickerMode (222)
[2016.10.27-15.12.22:442][744]LogModuleManager: Shutting down and abandoning module GeometryMode (221)
[2016.10.27-15.12.22:442][744]LogModuleManager: Shutting down and abandoning module TextureAlignMode (220)
[2016.10.27-15.12.22:442][744]LogModuleManager: Shutting down and abandoning module BspMode (219)
[2016.10.27-15.12.22:442][744]LogModuleManager: Shutting down and abandoning module HardwareSurvey (218)
[2016.10.27-15.12.22:442][744]LogModuleManager: Shutting down and abandoning module SequenceRecorderSections (217)
[2016.10.27-15.12.22:442][744]LogModuleManager: Shutting down and abandoning module SequenceRecorder (216)
[2016.10.27-15.12.22:442][744]LogModuleManager: Shutting down and abandoning module AutomationWorker (215)
[2016.10.27-15.12.22:442][744]LogModuleManager: Shutting down and abandoning module MatineeToLevelSequence (214)
[2016.10.27-15.12.22:442][744]LogModuleManager: Shutting down and abandoning module PlacementMode (213)
[2016.10.27-15.12.22:442][744]LogModuleManager: Shutting down and abandoning module LevelSequenceEditor (212)
[2016.10.27-15.12.22:442][744]LogModuleManager: Shutting down and abandoning module WmfMediaFactory (211)
[2016.10.27-15.12.22:442][744]LogModuleManager: Shutting down and abandoning module WmfMediaEditor (210)
[2016.10.27-15.12.22:442][744]LogModuleManager: Shutting down and abandoning module AvfMediaFactory (209)
[2016.10.27-15.12.22:442][744]LogModuleManager: Shutting down and abandoning module AvfMediaEditor (208)
[2016.10.27-15.12.22:442][744]LogModuleManager: Shutting down and abandoning module Media (207)
[2016.10.27-15.12.22:442][744]LogModuleManager: Shutting down and abandoning module AndroidMediaFactory (206)
[2016.10.27-15.12.22:442][744]LogModuleManager: Shutting down and abandoning module AndroidMediaEditor (205)
[2016.10.27-15.12.22:442][744]LogModuleManager: Shutting down and abandoning module CharacterAI (204)
[2016.10.27-15.12.22:442][744]LogModuleManager: Shutting down and abandoning module SmartSnapping (203)
[2016.10.27-15.12.22:442][744]LogModuleManager: Shutting down and abandoning module SessionServices (202)
[2016.10.27-15.12.22:442][744]LogModuleManager: Shutting down and abandoning module ViewportSnapping (201)
[2016.10.27-15.12.22:442][744]LogModuleManager: Shutting down and abandoning module ViewportInteraction (200)
[2016.10.27-15.12.22:442][744]LogModuleManager: Shutting down and abandoning module LogVisualizer (199)
[2016.10.27-15.12.22:442][744]LogModuleManager: Shutting down and abandoning module GameProjectGeneration (198)
[2016.10.27-15.12.22:442][744]LogModuleManager: Shutting down and abandoning module IntroTutorials (197)
[2016.10.27-15.12.22:442][744]LogModuleManager: Shutting down and abandoning module EditorLiveStreaming (196)
[2016.10.27-15.12.22:442][744]LogModuleManager: Shutting down and abandoning module IOSPlatformEditor (195)
[2016.10.27-15.12.22:442][744]LogModuleManager: Shutting down and abandoning module HTML5PlatformEditor (194)
[2016.10.27-15.12.22:442][744]LogModuleManager: Shutting down and abandoning module AndroidDeviceDetection (193)
[2016.10.27-15.12.22:900][744]LogModuleManager: Shutting down and abandoning module AndroidPlatformEditor (192)
[2016.10.27-15.12.22:900][744]LogModuleManager: Shutting down and abandoning module IOSRuntimeSettings (191)
[2016.10.27-15.12.22:900][744]LogModuleManager: Shutting down and abandoning module AndroidRuntimeSettings (190)
[2016.10.27-15.12.22:900][744]LogModuleManager: Shutting down and abandoning module NiagaraEditor (189)
[2016.10.27-15.12.22:900][744]LogModuleManager: Shutting down and abandoning module MergeActors (188)
[2016.10.27-15.12.22:900][744]LogModuleManager: Shutting down and abandoning module SizeMap (187)
[2016.10.27-15.12.22:900][744]LogModuleManager: Shutting down and abandoning module TreeMap (186)
[2016.10.27-15.12.22:900][744]LogModuleManager: Shutting down and abandoning module ReferenceViewer (185)
[2016.10.27-15.12.22:900][744]LogModuleManager: Shutting down and abandoning module LocalizationService (184)
[2016.10.27-15.12.22:900][744]LogModuleManager: Shutting down and abandoning module LocalizationDashboard (183)
[2016.10.27-15.12.22:900][744]LogModuleManager: Shutting down and abandoning module HardwareTargeting (182)
[2016.10.27-15.12.22:900][744]LogModuleManager: Shutting down and abandoning module DeviceProfileEditor (181)
[2016.10.27-15.12.22:900][744]LogModuleManager: Shutting down and abandoning module UndoHistory (180)
[2016.10.27-15.12.22:900][744]LogModuleManager: Shutting down and abandoning module UserFeedback (179)
[2016.10.27-15.12.22:900][744]LogModuleManager: Shutting down and abandoning module XmlParser (178)
[2016.10.27-15.12.22:900][744]LogModuleManager: Shutting down and abandoning module Blutility (177)
[2016.10.27-15.12.22:900][744]LogModuleManager: Shutting down and abandoning module ProjectTargetPlatformEditor (176)
[2016.10.27-15.12.22:901][744]LogModuleManager: Shutting down and abandoning module ProjectSettingsViewer (175)
[2016.10.27-15.12.22:901][744]LogModuleManager: Shutting down and abandoning module InputBindingEditor (174)
[2016.10.27-15.12.22:901][744]LogModuleManager: Shutting down and abandoning module EditorSettingsViewer (173)
[2016.10.27-15.12.22:901][744]LogModuleManager: Shutting down and abandoning module SettingsEditor (172)
[2016.10.27-15.12.22:902][744]LogModuleManager: Shutting down and abandoning module ProjectLauncher (171)
[2016.10.27-15.12.22:902][744]LogModuleManager: Shutting down and abandoning module SessionFrontend (170)
[2016.10.27-15.12.22:902][744]LogModuleManager: Shutting down and abandoning module ProfilerClient (169)
[2016.10.27-15.12.22:902][744]LogModuleManager: Shutting down and abandoning module TargetDeviceServices (168)
[2016.10.27-15.12.22:902][744]LogModuleManager: Shutting down and abandoning module DeviceManager (167)
[2016.10.27-15.12.22:958][744]LogModuleManager: Shutting down and abandoning module AutomationController (166)
[2016.10.27-15.12.22:958][744]LogModuleManager: Shutting down and abandoning module AutomationWindow (165)
[2016.10.27-15.12.22:958][744]LogModuleManager: Shutting down and abandoning module Layers (164)
[2016.10.27-15.12.22:958][744]LogModuleManager: Shutting down and abandoning module ComponentVisualizers (163)
[2016.10.27-15.12.22:958][744]LogModuleManager: Shutting down and abandoning module DetailCustomizations (162)
[2016.10.27-15.12.22:958][744]LogModuleManager: Shutting down and abandoning module PackagesDialog (161)
[2016.10.27-15.12.22:958][744]LogModuleManager: Shutting down and abandoning module AnimGraph (160)
[2016.10.27-15.12.22:958][744]LogModuleManager: Shutting down and abandoning module Persona (159)
[2016.10.27-15.12.22:958][744]LogModuleManager: Shutting down and abandoning module Kismet (158)
[2016.10.27-15.12.22:972][744]LogModuleManager: Shutting down and abandoning module GraphEditor (157)
[2016.10.27-15.12.22:972][744]LogModuleManager: Shutting down and abandoning module ClassViewer (156)
[2016.10.27-15.12.22:974][744]LogModuleManager: Shutting down and abandoning module Toolbox (155)
[2016.10.27-15.12.22:974][744]LogModuleManager: Shutting down and abandoning module ModuleUI (154)
[2016.10.27-15.12.22:974][744]LogModuleManager: Shutting down and abandoning module MovieSceneTools (153)
[2016.10.27-15.12.22:974][744]LogModuleManager: Shutting down and abandoning module OutputLog (152)
[2016.10.27-15.12.22:974][744]LogModuleManager: Shutting down and abandoning module GammaUI (151)
[2016.10.27-15.12.22:974][744]LogModuleManager: Shutting down and abandoning module Documentation (150)
[2016.10.27-15.12.22:974][744]LogModuleManager: Shutting down and abandoning module Niagara (149)
[2016.10.27-15.12.22:974][744]LogModuleManager: Shutting down and abandoning module StreamingPauseRendering (148)
[2016.10.27-15.12.22:974][744]LogModuleManager: Shutting down and abandoning module AnalyticsET (147)
[2016.10.27-15.12.22:974][744]LogModuleManager: Shutting down and abandoning module PortalServices (146)
[2016.10.27-15.12.22:974][744]LogModuleManager: Shutting down and abandoning module PortalRpc (145)
[2016.10.27-15.12.22:974][744]LogModuleManager: Shutting down and abandoning module MessagingRpc (144)
[2016.10.27-15.12.22:974][744]LogModuleManager: Shutting down and abandoning module GameplayDebugger (143)
[2016.10.27-15.12.22:975][744]LogModuleManager: Shutting down and abandoning module AITestSuite (142)
[2016.10.27-15.12.22:975][744]LogModuleManager: Shutting down and abandoning module AIModule (141)
[2016.10.27-15.12.22:975][744]LogModuleManager: Shutting down and abandoning module ProfilerService (140)
[2016.10.27-15.12.23:156][744]LogModuleManager: Shutting down and abandoning module TaskGraph (139)
[2016.10.27-15.12.23:156][744]LogModuleManager: Shutting down and abandoning module SlateRemote (138)
[2016.10.27-15.12.23:156][744]LogModuleManager: Shutting down and abandoning module SteamVRController (137)
[2016.10.27-15.12.23:156][744]LogModuleManager: Shutting down and abandoning module SteamVR (136)
[2016.10.27-15.12.23:156][744]LogModuleManager: Shutting down and abandoning module ProceduralMeshComponentEditor (135)
[2016.10.27-15.12.23:156][744]LogModuleManager: Shutting down and abandoning module ProceduralMeshComponent (134)
[2016.10.27-15.12.23:156][744]LogModuleManager: Shutting down and abandoning module OculusLibrary (133)
[2016.10.27-15.12.23:156][744]LogModuleManager: Shutting down and abandoning module OculusInput (132)
[2016.10.27-15.12.23:156][744]LogModuleManager: Shutting down and abandoning module CustomMeshComponent (131)
[2016.10.27-15.12.23:156][744]LogModuleManager: Shutting down and abandoning module CableComponent (130)
[2016.10.27-15.12.23:156][744]LogModuleManager: Shutting down and abandoning module ArchVisCharacter (129)
[2016.10.27-15.12.23:156][744]LogModuleManager: Shutting down and abandoning module MediaPlayerEditor (127)
[2016.10.27-15.12.23:156][744]LogModuleManager: Shutting down and abandoning module HTML5Networking (126)
[2016.10.27-15.12.23:156][744]LogModuleManager: Shutting down and abandoning module GeometryCacheEd (125)
[2016.10.27-15.12.23:156][744]LogModuleManager: Shutting down and abandoning module GeometryCache (124)
[2016.10.27-15.12.23:156][744]LogModuleManager: Shutting down and abandoning module AlembicLibrary (123)
[2016.10.27-15.12.23:156][744]LogModuleManager: Shutting down and abandoning module AlembicImporter (122)
[2016.10.27-15.12.23:156][744]LogModuleManager: Shutting down and abandoning module SuperSearch (121)
[2016.10.27-15.12.23:156][744]LogModuleManager: Shutting down and abandoning module SuperSearchEditor (120)
[2016.10.27-15.12.23:156][744]LogModuleManager: Shutting down and abandoning module SpeedTreeImporter (119)
[2016.10.27-15.12.23:157][744]LogModuleManager: Shutting down and abandoning module PluginBrowser (118)
[2016.10.27-15.12.23:157][744]LogModuleManager: Shutting down and abandoning module MobileLauncherProfileWizard (117)
[2016.10.27-15.12.23:157][744]LogModuleManager: Shutting down and abandoning module EpicSurvey (116)
[2016.10.27-15.12.23:157][744]LogModuleManager: Shutting down and abandoning module DesktopPlatform (115)
[2016.10.27-15.12.23:157][744]LogModuleManager: Shutting down and abandoning module VisualStudioSourceCodeAccess (114)
[2016.10.27-15.12.23:157][744]LogModuleManager: Shutting down and abandoning module UObjectPlugin (113)
[2016.10.27-15.12.23:157][744]LogModuleManager: Shutting down and abandoning module SubversionSourceControl (112)
[2016.10.27-15.12.23:157][744]LogModuleManager: Shutting down and abandoning module PerforceSourceControl (111)
[2016.10.27-15.12.23:157][744]LogModuleManager: Shutting down and abandoning module SourceControl (110)
[2016.10.27-15.12.23:157][744]LogModuleManager: Shutting down and abandoning module GitSourceControl (109)
[2016.10.27-15.12.23:157][744]LogModuleManager: Shutting down and abandoning module LightPropagationVolumeEditor (108)
[2016.10.27-15.12.23:157][744]LogModuleManager: Shutting down and abandoning module PaperTiledImporter (107)
[2016.10.27-15.12.23:157][744]LogModuleManager: Shutting down and abandoning module PaperSpriteSheetImporter (106)
[2016.10.27-15.12.23:157][744]LogModuleManager: Shutting down and abandoning module MeshPaint (105)
[2016.10.27-15.12.23:157][744]LogModuleManager: Shutting down and abandoning module FbxAutomationBuilderModule (104)
[2016.10.27-15.12.23:157][744]LogModuleManager: Shutting down and abandoning module PixelInspectorModule (103)
[2016.10.27-15.12.23:158][744]LogModuleManager: Shutting down and abandoning module HotReload (102)
[2016.10.27-15.12.23:159][744]LogModuleManager: Shutting down and abandoning module MainFrame (101)
[2016.10.27-15.12.23:159][744]LogModuleManager: Shutting down and abandoning module LevelEditor (100)
[2016.10.27-15.12.23:161][744]LogModuleManager: Shutting down and abandoning module ContentBrowser (99)
[2016.10.27-15.12.23:161][744]LogModuleManager: Shutting down and abandoning module Paper2DEditor (98)
[2016.10.27-15.12.23:162][744]LogModuleManager: Shutting down and abandoning module UdpMessaging (97)
[2016.10.27-15.12.23:263][744]LogModuleManager: Shutting down and abandoning module TcpMessaging (96)
[2016.10.27-15.12.23:263][744]LogModuleManager: Shutting down and abandoning module LightPropagationVolumeRuntime (95)
[2016.10.27-15.12.23:263][744]LogModuleManager: Shutting down and abandoning module Paper2D (94)
[2016.10.27-15.12.23:263][744]LogModuleManager: Shutting down and abandoning module WindowsMoviePlayer (93)
[2016.10.27-15.12.23:263][744]LogModuleManager: Shutting down and abandoning module WmfMedia (92)
[2016.10.27-15.12.23:263][744]LogModuleManager: Shutting down and abandoning module MediaAssets (91)
[2016.10.27-15.12.23:263][744]LogModuleManager: Shutting down and abandoning module GameLiveStreaming (90)
[2016.10.27-15.12.23:264][744]LogModuleManager: Shutting down and abandoning module GameplayTagsEditor (89)
[2016.10.27-15.12.23:264][744]LogModuleManager: Shutting down and abandoning module EnvironmentQueryEditor (88)
[2016.10.27-15.12.23:264][744]LogModuleManager: Shutting down and abandoning module VREditor (87)
[2016.10.27-15.12.23:264][744]LogModuleManager: Shutting down and abandoning module GameplayTasksEditor (86)
[2016.10.27-15.12.23:264][744]LogModuleManager: Shutting down and abandoning module PropertyEditor (85)
[2016.10.27-15.12.23:264][744]LogModuleManager: Shutting down and abandoning module BehaviorTreeEditor (84)
[2016.10.27-15.12.23:264][744]LogModuleManager: Shutting down and abandoning module FunctionalTesting (83)
[2016.10.27-15.12.23:264][744]LogModuleManager: Shutting down and abandoning module CollisionAnalyzer (82)
[2016.10.27-15.12.23:264][744]LogModuleManager: Shutting down and abandoning module Sequencer (81)
[2016.10.27-15.12.23:264][744]LogModuleManager: Shutting down and abandoning module WorkspaceMenuStructure (80)
[2016.10.27-15.12.23:265][744]LogModuleManager: Shutting down and abandoning module MessageLog (79)
[2016.10.27-15.12.23:265][744]LogModuleManager: Shutting down and abandoning module AssetTools (78)
[2016.10.27-15.12.23:265][744]LogModuleManager: Shutting down and abandoning module UMGEditor (77)
[2016.10.27-15.12.23:265][744]LogModuleManager: Shutting down and abandoning module UMG (76)
[2016.10.27-15.12.23:265][744]LogModuleManager: Shutting down and abandoning module SlateReflector (75)
[2016.10.27-15.12.23:265][744]LogModuleManager: Shutting down and abandoning module Slate (74)
[2016.10.27-15.12.23:265][744]LogModuleManager: Shutting down and abandoning module EditorStyle (73)
[2016.10.27-15.12.23:272][744]LogModuleManager: Shutting down and abandoning module SourceCodeAccess (72)
[2016.10.27-15.12.23:272][744]LogModuleManager: Shutting down and abandoning module HeadMountedDisplay (71)
[2016.10.27-15.12.23:272][744]LogModuleManager: Shutting down and abandoning module XAudio2 (70)
[2016.10.27-15.12.23:272][744]LogModuleManager: Shutting down and abandoning module Networking (68)
[2016.10.27-15.12.23:272][744]LogModuleManager: Shutting down and abandoning module Core (67)
[2016.10.27-15.12.23:272][744]LogModuleManager: Shutting down and abandoning module DirectoryWatcher (66)
[2016.10.27-15.12.23:272][744]LogDirectoryWatcher: A directory notification for '../../../Engine/Content/' was aborted.
[2016.10.27-15.12.23:273][744]LogDirectoryWatcher: A directory notification for '../../../../../../Users/egimenez/Desktop/ENTI/VAN/VANsGame/Mechanics/BasicMechanics/Content/' was aborted.
[2016.10.27-15.12.23:273][744]LogDirectoryWatcher: A directory notification for '../../../Engine/Plugins/2D/Paper2D/Content/' was aborted.
[2016.10.27-15.12.23:274][744]LogModuleManager: Shutting down and abandoning module AssetRegistry (65)
[2016.10.27-15.12.23:446][744]LogModuleManager: Shutting down and abandoning module KismetCompiler (64)
[2016.10.27-15.12.23:446][744]LogModuleManager: Shutting down and abandoning module PhysXFormats (63)
[2016.10.27-15.12.23:446][744]LogModuleManager: Shutting down and abandoning module MeshUtilities (62)
[2016.10.27-15.12.23:446][744]LogModuleManager: Shutting down and abandoning module DerivedDataCache (61)
[2016.10.27-15.12.23:531][744]LogDerivedDataCache: Shutdown
[2016.10.27-15.12.23:531][744]LogModuleManager: Shutting down and abandoning module VulkanShaderFormat (60)
[2016.10.27-15.12.23:531][744]LogModuleManager: Shutting down and abandoning module ShaderFormatOpenGL (59)
[2016.10.27-15.12.23:531][744]LogModuleManager: Shutting down and abandoning module ShaderFormatD3D (58)
[2016.10.27-15.12.23:531][744]LogModuleManager: Shutting down and abandoning module MetalShaderFormat (57)
[2016.10.27-15.12.23:531][744]LogModuleManager: Shutting down and abandoning module TextureFormatUncompressed (56)
[2016.10.27-15.12.23:531][744]LogModuleManager: Shutting down and abandoning module TextureFormatPVR (55)
[2016.10.27-15.12.23:531][744]LogModuleManager: Shutting down and abandoning module TextureFormatDXT (54)
[2016.10.27-15.12.23:531][744]LogModuleManager: Shutting down and abandoning module TextureFormatIntelISPCTexComp (53)
[2016.10.27-15.12.23:531][744]LogModuleManager: Shutting down and abandoning module ImageWrapper (52)
[2016.10.27-15.12.23:532][744]LogModuleManager: Shutting down and abandoning module TextureFormatASTC (51)
[2016.10.27-15.12.23:532][744]LogModuleManager: Shutting down and abandoning module TextureFormatAndroid (50)
[2016.10.27-15.12.23:532][744]LogModuleManager: Shutting down and abandoning module AudioFormatOpus (49)
[2016.10.27-15.12.23:532][744]LogModuleManager: Shutting down and abandoning module AudioFormatOgg (48)
[2016.10.27-15.12.23:532][744]LogModuleManager: Shutting down and abandoning module AudioFormatADPCM (47)
[2016.10.27-15.12.23:532][744]LogModuleManager: Shutting down and abandoning module LinuxTargetPlatform (46)
[2016.10.27-15.12.23:532][744]LogModuleManager: Shutting down and abandoning module LinuxServerTargetPlatform (45)
[2016.10.27-15.12.23:532][744]LogModuleManager: Shutting down and abandoning module LinuxNoEditorTargetPlatform (44)
[2016.10.27-15.12.23:532][744]LogModuleManager: Shutting down and abandoning module LinuxClientTargetPlatform (43)
[2016.10.27-15.12.23:532][744]LogModuleManager: Shutting down and abandoning module TVOSTargetPlatform (42)
[2016.10.27-15.12.23:532][744]LogModuleManager: Shutting down and abandoning module Messaging (41)
[2016.10.27-15.12.23:532][744]LogModuleManager: Shutting down and abandoning module IOSTargetPlatform (40)
[2016.10.27-15.12.23:532][744]LogModuleManager: Shutting down and abandoning module HTML5TargetPlatform (39)
[2016.10.27-15.12.23:532][744]LogModuleManager: Shutting down and abandoning module Android_PVRTCTargetPlatform (38)
[2016.10.27-15.12.23:532][744]LogModuleManager: Shutting down and abandoning module Android_MultiTargetPlatform (37)
[2016.10.27-15.12.23:532][744]LogModuleManager: Shutting down and abandoning module Android_ETC2TargetPlatform (36)
[2016.10.27-15.12.23:532][744]LogModuleManager: Shutting down and abandoning module Android_ETC1TargetPlatform (35)
[2016.10.27-15.12.23:532][744]LogModuleManager: Shutting down and abandoning module Android_DXTTargetPlatform (34)
[2016.10.27-15.12.23:532][744]LogModuleManager: Shutting down and abandoning module Android_ATCTargetPlatform (33)
[2016.10.27-15.12.23:532][744]LogModuleManager: Shutting down and abandoning module Android_ASTCTargetPlatform (32)
[2016.10.27-15.12.23:532][744]LogModuleManager: Shutting down and abandoning module AndroidTargetPlatform (31)
[2016.10.27-15.12.23:532][744]LogModuleManager: Shutting down and abandoning module WindowsTargetPlatform (30)
[2016.10.27-15.12.23:533][744]LogModuleManager: Shutting down and abandoning module WindowsServerTargetPlatform (29)
[2016.10.27-15.12.23:533][744]LogModuleManager: Shutting down and abandoning module WindowsNoEditorTargetPlatform (28)
[2016.10.27-15.12.23:533][744]LogModuleManager: Shutting down and abandoning module WindowsClientTargetPlatform (27)
[2016.10.27-15.12.23:533][744]LogModuleManager: Shutting down and abandoning module AllDesktopTargetPlatform (26)
[2016.10.27-15.12.23:533][744]LogModuleManager: Shutting down and abandoning module TargetPlatform (25)
[2016.10.27-15.12.23:533][744]LogModuleManager: Shutting down and abandoning module InputCore (24)
[2016.10.27-15.12.23:533][744]LogModuleManager: Shutting down and abandoning module Settings (23)
[2016.10.27-15.12.23:533][744]LogModuleManager: Shutting down and abandoning module OculusRift (22)
[2016.10.27-15.12.23:535][744]LogHMD: Oculus shutdown.
[2016.10.27-15.12.23:535][744]LogModuleManager: Shutting down and abandoning module GearVR (21)
[2016.10.27-15.12.23:535][744]LogModuleManager: Shutting down and abandoning module ExampleDeviceProfileSelector (20)
[2016.10.27-15.12.23:535][744]LogModuleManager: Shutting down and abandoning module OnlineBlueprintSupport (19)
[2016.10.27-15.12.23:535][744]LogModuleManager: Shutting down and abandoning module OnlineSubsystem (17)
[2016.10.27-15.12.23:535][744]LogOnline:Display: Unloading online subsystem: NULL
[2016.10.27-15.12.23:535][744]LogModuleManager: Shutting down and abandoning module HTTP (16)
[2016.10.27-15.12.23:535][744]LogHttp:Display: Http module shutting down, but needs to wait on 1 outstanding Http requests:
[2016.10.27-15.12.23:535][744]LogHttp:Display: 	verb=[POST] url=[https://datarouter.ol.epicgames.com/datarouter/api/v1/public/data?SessionID=%7B386846FF-4ADA-9A94-FD10-AF9E90C1C9C6%7D&AppID=UEEditor.Rocket.Release&AppVersion=%2B%2BUE4%2BRelease-4.13-CL-3106830&UserID=3ac887684aea52593b35388a610a4462%7Ca87b32ece6994b04a16f0bd7f6ed0b63%7C16943d82-79fa-4d19-96be-7817be24e4d8&AppEnvironment=datacollector-binary&UploadType=eteventstream] status=Processing
[2016.10.27-15.12.23:546][744]LogModuleManager: Shutting down and abandoning module XMPP (15)
[2016.10.27-15.12.23:546][744]LogModuleManager: Shutting down and abandoning module TextureCompressor (14)
[2016.10.27-15.12.23:546][744]LogModuleManager: Shutting down and abandoning module ShaderCore (13)
[2016.10.27-15.12.23:546][744]LogModuleManager: Shutting down and abandoning module Landscape (12)
[2016.10.27-15.12.23:546][744]LogModuleManager: Shutting down and abandoning module SlateRHIRenderer (11)
[2016.10.27-15.12.23:551][744]LogModuleManager: Shutting down and abandoning module OpenGLDrv (10)
[2016.10.27-15.12.23:551][744]LogModuleManager: Shutting down and abandoning module D3D11RHI (9)
[2016.10.27-15.12.23:551][744]LogModuleManager: Shutting down and abandoning module AnimGraphRuntime (8)
[2016.10.27-15.12.23:551][744]LogModuleManager: Shutting down and abandoning module Renderer (7)
[2016.10.27-15.12.23:551][744]LogModuleManager: Shutting down and abandoning module Engine (6)
[2016.10.27-15.12.23:551][744]LogModuleManager: Shutting down and abandoning module CoreUObject (5)
[2016.10.27-15.12.23:551][744]LogModuleManager: Shutting down and abandoning module NetworkFile (4)
[2016.10.27-15.12.23:551][744]LogModuleManager: Shutting down and abandoning module StreamingFile (3)
[2016.10.27-15.12.23:551][744]LogModuleManager: Shutting down and abandoning module SandboxFile (2)
[2016.10.27-15.12.23:551][744]LogModuleManager: Shutting down and abandoning module PakFile (1)
[2016.10.27-15.12.23:556][744]LogExit: Exiting.
[2016.10.27-15.12.23:560][744]Log file closed, 10/27/16 17:12:23
