Log file open, 03/23/17 19:33:23
LogInit:Display: Running engine for game: BasicMechanics
LogPlatformFile: Not using cached read wrapper
LogInit:Display: RandInit(-1603228296) SRandInit(-1603228296).
LogTaskGraph: Started task graph with 5 named threads and 8 total threads with 1 sets of task threads.
LogStats: Stats thread started at 0.076979
LogPluginManager: Loaded Plugin Paper2D, From D:/Program Files/Epic Games/4.14/Engine/Plugins/2D/Paper2D/Paper2D.uplugin
LogPluginManager: Loaded Plugin LightPropagationVolume, From D:/Program Files/Epic Games/4.14/Engine/Plugins/Blendables/LightPropagationVolume/LightPropagationVolume.uplugin
LogPluginManager: Loaded Plugin BlankPlugin, From D:/Program Files/Epic Games/4.14/Engine/Plugins/Developer/BlankPlugin/BlankPlugin.uplugin
LogPluginManager: Loaded Plugin CodeLiteSourceCodeAccess, From D:/Program Files/Epic Games/4.14/Engine/Plugins/Developer/CodeLiteSourceCodeAccess/CodeLiteSourceCodeAccess.uplugin
LogPluginManager: Loaded Plugin GitSourceControl, From D:/Program Files/Epic Games/4.14/Engine/Plugins/Developer/GitSourceControl/GitSourceControl.uplugin
LogPluginManager: Loaded Plugin KDevelopSourceCodeAccess, From D:/Program Files/Epic Games/4.14/Engine/Plugins/Developer/KDevelopSourceCodeAccess/KDevelopSourceCodeAccess.uplugin
LogPluginManager: Loaded Plugin NullSourceCodeAccess, From D:/Program Files/Epic Games/4.14/Engine/Plugins/Developer/NullSourceCodeAccess/NullSourceCodeAccess.uplugin
LogPluginManager: Loaded Plugin OneSkyLocalizationService, From D:/Program Files/Epic Games/4.14/Engine/Plugins/Developer/OneSkyLocalizationService/OneSkyLocalizationService.uplugin
LogPluginManager: Loaded Plugin PerforceSourceControl, From D:/Program Files/Epic Games/4.14/Engine/Plugins/Developer/PerforceSourceControl/PerforceSourceControl.uplugin
LogPluginManager: Loaded Plugin SubversionSourceControl, From D:/Program Files/Epic Games/4.14/Engine/Plugins/Developer/SubversionSourceControl/SubversionSourceControl.uplugin
LogPluginManager: Loaded Plugin UObjectPlugin, From D:/Program Files/Epic Games/4.14/Engine/Plugins/Developer/UObjectPlugin/UObjectPlugin.uplugin
LogPluginManager: Loaded Plugin VisualStudioSourceCodeAccess, From D:/Program Files/Epic Games/4.14/Engine/Plugins/Developer/VisualStudioSourceCodeAccess/VisualStudioSourceCodeAccess.uplugin
LogPluginManager: Loaded Plugin XCodeSourceCodeAccess, From D:/Program Files/Epic Games/4.14/Engine/Plugins/Developer/XCodeSourceCodeAccess/XCodeSourceCodeAccess.uplugin
LogPluginManager: Loaded Plugin AudioCapture, From D:/Program Files/Epic Games/4.14/Engine/Plugins/Editor/AudioCapture/AudioCapture.uplugin
LogPluginManager: Loaded Plugin EpicSurvey, From D:/Program Files/Epic Games/4.14/Engine/Plugins/Editor/EpicSurvey/EpicSurvey.uplugin
LogPluginManager: Loaded Plugin MacGraphicsSwitching, From D:/Program Files/Epic Games/4.14/Engine/Plugins/Editor/MacGraphicsSwitching/MacGraphicsSwitching.uplugin
LogPluginManager: Loaded Plugin MobileLauncherProfileWizard, From D:/Program Files/Epic Games/4.14/Engine/Plugins/Editor/MobileLauncherProfileWizard/MobileLauncherProfileWizard.uplugin
LogPluginManager: Loaded Plugin PluginBrowser, From D:/Program Files/Epic Games/4.14/Engine/Plugins/Editor/PluginBrowser/PluginBrowser.uplugin
LogPluginManager: Loaded Plugin SpeedTreeImporter, From D:/Program Files/Epic Games/4.14/Engine/Plugins/Editor/SpeedTreeImporter/SpeedTreeImporter.uplugin
LogPluginManager: Loaded Plugin SuperSearchEditor, From D:/Program Files/Epic Games/4.14/Engine/Plugins/Editor/SuperSearchEditor/SuperSearchEditor.uplugin
LogPluginManager: Loaded Plugin AlembicImporter, From D:/Program Files/Epic Games/4.14/Engine/Plugins/Experimental/AlembicImporter/AlembicImporter.uplugin
LogPluginManager: Loaded Plugin BlueprintStats, From D:/Program Files/Epic Games/4.14/Engine/Plugins/Experimental/BlueprintStats/BlueprintStats.uplugin
LogPluginManager: Loaded Plugin CharacterAI, From D:/Program Files/Epic Games/4.14/Engine/Plugins/Experimental/CharacterAI/CharacterAI.uplugin
LogPluginManager: Loaded Plugin CodeEditor, From D:/Program Files/Epic Games/4.14/Engine/Plugins/Experimental/CodeEditor/CodeEditor.uplugin
LogPluginManager: Loaded Plugin CodeView, From D:/Program Files/Epic Games/4.14/Engine/Plugins/Experimental/CodeView/CodeView.uplugin
LogPluginManager: Loaded Plugin HTML5Networking, From D:/Program Files/Epic Games/4.14/Engine/Plugins/Experimental/HTML5Networking/HTML5Networking.uplugin
LogPluginManager: Loaded Plugin OSVR, From D:/Program Files/Epic Games/4.14/Engine/Plugins/Experimental/OSVR/OSVR.uplugin
LogPluginManager: Loaded Plugin Phya, From D:/Program Files/Epic Games/4.14/Engine/Plugins/Experimental/Phya/Phya.uplugin
LogPluginManager: Loaded Plugin SignificanceManager, From D:/Program Files/Epic Games/4.14/Engine/Plugins/Experimental/SignificanceManager/SignificanceManager.uplugin
LogPluginManager: Loaded Plugin SimpleHMD, From D:/Program Files/Epic Games/4.14/Engine/Plugins/Experimental/SimpleHMD/SimpleHMD.uplugin
LogPluginManager: Loaded Plugin StereoPanorama, From D:/Program Files/Epic Games/4.14/Engine/Plugins/Experimental/StereoPanorama/StereoPanorama.uplugin
LogPluginManager: Loaded Plugin StructBox, From D:/Program Files/Epic Games/4.14/Engine/Plugins/Experimental/StructBox/StructBox.uplugin
LogPluginManager: Loaded Plugin AndroidMedia, From D:/Program Files/Epic Games/4.14/Engine/Plugins/Media/AndroidMedia/AndroidMedia.uplugin
LogPluginManager: Loaded Plugin AvfMedia, From D:/Program Files/Epic Games/4.14/Engine/Plugins/Media/AvfMedia/AvfMedia.uplugin
LogPluginManager: Loaded Plugin MediaPlayerEditor, From D:/Program Files/Epic Games/4.14/Engine/Plugins/Media/MediaPlayerEditor/MediaPlayerEditor.uplugin
LogPluginManager: Loaded Plugin WmfMedia, From D:/Program Files/Epic Games/4.14/Engine/Plugins/Media/WmfMedia/WmfMedia.uplugin
LogPluginManager: Loaded Plugin MessagingDebugger, From D:/Program Files/Epic Games/4.14/Engine/Plugins/Messaging/MessagingDebugger/MessagingDebugger.uplugin
LogPluginManager: Loaded Plugin TcpMessaging, From D:/Program Files/Epic Games/4.14/Engine/Plugins/Messaging/TcpMessaging/TcpMessaging.uplugin
LogPluginManager: Loaded Plugin UdpMessaging, From D:/Program Files/Epic Games/4.14/Engine/Plugins/Messaging/UdpMessaging/UdpMessaging.uplugin
LogPluginManager: Loaded Plugin LevelSequenceEditor, From D:/Program Files/Epic Games/4.14/Engine/Plugins/MovieScene/LevelSequenceEditor/LevelSequenceEditor.uplugin
LogPluginManager: Loaded Plugin MatineeToLevelSequence, From D:/Program Files/Epic Games/4.14/Engine/Plugins/MovieScene/MatineeToLevelSequence/MatineeToLevelSequence.uplugin
LogPluginManager: Loaded Plugin NetcodeUnitTest, From D:/Program Files/Epic Games/4.14/Engine/Plugins/NetcodeUnitTest/NetcodeUnitTest/NetcodeUnitTest.uplugin
LogPluginManager: Loaded Plugin NUTUnrealEngine4, From D:/Program Files/Epic Games/4.14/Engine/Plugins/NetcodeUnitTest/NUTUnrealEngine4/NUTUnrealEngine4.uplugin
LogPluginManager: Loaded Plugin OnlineSubsystemGameCircle, From D:/Program Files/Epic Games/4.14/Engine/Plugins/Online/Android/OnlineSubsystemGameCircle/OnlineSubsystemGameCircle.uplugin
LogPluginManager: Loaded Plugin OnlineSubsystemGooglePlay, From D:/Program Files/Epic Games/4.14/Engine/Plugins/Online/Android/OnlineSubsystemGooglePlay/OnlineSubsystemGooglePlay.uplugin
LogPluginManager: Loaded Plugin OnlineSubsystemIOS, From D:/Program Files/Epic Games/4.14/Engine/Plugins/Online/IOS/OnlineSubsystemIOS/OnlineSubsystemIOS.uplugin
LogPluginManager: Loaded Plugin OnlineFramework, From D:/Program Files/Epic Games/4.14/Engine/Plugins/Online/OnlineFramework/OnlineFramework.uplugin
LogPluginManager: Loaded Plugin OnlineSubsystem, From D:/Program Files/Epic Games/4.14/Engine/Plugins/Online/OnlineSubsystem/OnlineSubsystem.uplugin
LogPluginManager: Loaded Plugin OnlineSubsystemAmazon, From D:/Program Files/Epic Games/4.14/Engine/Plugins/Online/OnlineSubsystemAmazon/OnlineSubsystemAmazon.uplugin
LogPluginManager: Loaded Plugin OnlineSubsystemFacebook, From D:/Program Files/Epic Games/4.14/Engine/Plugins/Online/OnlineSubsystemFacebook/OnlineSubsystemFacebook.uplugin
LogPluginManager: Loaded Plugin OnlineSubsystemNull, From D:/Program Files/Epic Games/4.14/Engine/Plugins/Online/OnlineSubsystemNull/OnlineSubsystemNull.uplugin
LogPluginManager: Loaded Plugin OnlineSubsystemOculus, From D:/Program Files/Epic Games/4.14/Engine/Plugins/Online/OnlineSubsystemOculus/OnlineSubsystemOculus.uplugin
LogPluginManager: Loaded Plugin OnlineSubsystemSteam, From D:/Program Files/Epic Games/4.14/Engine/Plugins/Online/OnlineSubsystemSteam/OnlineSubsystemSteam.uplugin
LogPluginManager: Loaded Plugin OnlineSubsystemUtils, From D:/Program Files/Epic Games/4.14/Engine/Plugins/Online/OnlineSubsystemUtils/OnlineSubsystemUtils.uplugin
LogPluginManager: Loaded Plugin IOSTapJoy, From D:/Program Files/Epic Games/4.14/Engine/Plugins/Runtime/Advertising/IOSTapJoy/IOSTapJoy.uplugin
LogPluginManager: Loaded Plugin AnalyticsBlueprintLibrary, From D:/Program Files/Epic Games/4.14/Engine/Plugins/Runtime/Analytics/AnalyticsBlueprintLibrary/AnalyticsBlueprintLibrary.uplugin
LogPluginManager: Loaded Plugin AnalyticsMulticast, From D:/Program Files/Epic Games/4.14/Engine/Plugins/Runtime/Analytics/AnalyticsMulticast/AnalyticsMulticast.uplugin
LogPluginManager: Loaded Plugin Apsalar, From D:/Program Files/Epic Games/4.14/Engine/Plugins/Runtime/Analytics/Apsalar/Apsalar.uplugin
LogPluginManager: Loaded Plugin FileLogging, From D:/Program Files/Epic Games/4.14/Engine/Plugins/Runtime/Analytics/FileLogging/FileLogging.uplugin
LogPluginManager: Loaded Plugin Flurry, From D:/Program Files/Epic Games/4.14/Engine/Plugins/Runtime/Analytics/Flurry/Flurry.uplugin
LogPluginManager: Loaded Plugin AndroidDeviceProfileSelector, From D:/Program Files/Epic Games/4.14/Engine/Plugins/Runtime/AndroidDeviceProfileSelector/AndroidDeviceProfileSelector.uplugin
LogPluginManager: Loaded Plugin AndroidMoviePlayer, From D:/Program Files/Epic Games/4.14/Engine/Plugins/Runtime/AndroidMoviePlayer/AndroidMoviePlayer.uplugin
LogPluginManager: Loaded Plugin AppleMoviePlayer, From D:/Program Files/Epic Games/4.14/Engine/Plugins/Runtime/AppleMoviePlayer/AppleMoviePlayer.uplugin
LogPluginManager: Loaded Plugin ArchVisCharacter, From D:/Program Files/Epic Games/4.14/Engine/Plugins/Runtime/ArchVisCharacter/ArchVisCharacter.uplugin
LogPluginManager: Loaded Plugin CableComponent, From D:/Program Files/Epic Games/4.14/Engine/Plugins/Runtime/CableComponent/CableComponent.uplugin
LogPluginManager: Loaded Plugin CustomMeshComponent, From D:/Program Files/Epic Games/4.14/Engine/Plugins/Runtime/CustomMeshComponent/CustomMeshComponent.uplugin
LogPluginManager: Loaded Plugin ExampleDeviceProfileSelector, From D:/Program Files/Epic Games/4.14/Engine/Plugins/Runtime/ExampleDeviceProfileSelector/ExampleDeviceProfileSelector.uplugin
LogPluginManager: Loaded Plugin GearVR, From D:/Program Files/Epic Games/4.14/Engine/Plugins/Runtime/GearVR/GearVR.uplugin
LogPluginManager: Loaded Plugin GoogleVRController, From D:/Program Files/Epic Games/4.14/Engine/Plugins/Runtime/GoogleVR/GoogleVRController/GoogleVRController.uplugin
LogPluginManager: Loaded Plugin GoogleVRHMD, From D:/Program Files/Epic Games/4.14/Engine/Plugins/Runtime/GoogleVR/GoogleVRHMD/GoogleVRHMD.uplugin
LogPluginManager: Loaded Plugin IOSDeviceProfileSelector, From D:/Program Files/Epic Games/4.14/Engine/Plugins/Runtime/IOSDeviceProfileSelector/IOSDeviceProfileSelector.uplugin
LogPluginManager: Loaded Plugin LeapMotion, From D:/Program Files/Epic Games/4.14/Engine/Plugins/Runtime/LeapMotion/LeapMotion.uplugin
LogPluginManager: Loaded Plugin LinuxDeviceProfileSelector, From D:/Program Files/Epic Games/4.14/Engine/Plugins/Runtime/LinuxDeviceProfileSelector/LinuxDeviceProfileSelector.uplugin
LogPluginManager: Loaded Plugin MIDIDevice, From D:/Program Files/Epic Games/4.14/Engine/Plugins/Runtime/MIDIDevice/MIDIDevice.uplugin
LogPluginManager: Loaded Plugin MobilePatchingUtils, From D:/Program Files/Epic Games/4.14/Engine/Plugins/Runtime/MobilePatchingUtils/MobilePatchingUtils.uplugin
LogPluginManager: Loaded Plugin Ansel, From D:/Program Files/Epic Games/4.14/Engine/Plugins/Runtime/Nvidia/Ansel/Ansel.uplugin
LogPluginManager: Loaded Plugin OculusAudio, From D:/Program Files/Epic Games/4.14/Engine/Plugins/Runtime/OculusAudio/OculusAudio.uplugin
LogPluginManager: Loaded Plugin OculusInput, From D:/Program Files/Epic Games/4.14/Engine/Plugins/Runtime/OculusInput/OculusInput.uplugin
LogPluginManager: Loaded Plugin OculusLibrary, From D:/Program Files/Epic Games/4.14/Engine/Plugins/Runtime/OculusLibrary/OculusLibrary.uplugin
LogPluginManager: Loaded Plugin OculusRift, From D:/Program Files/Epic Games/4.14/Engine/Plugins/Runtime/OculusRift/OculusRift.uplugin
LogPluginManager: Loaded Plugin Oodle, From D:/Program Files/Epic Games/4.14/Engine/Plugins/Runtime/PacketHandlers/CompressionComponents/Oodle/Oodle.uplugin
LogPluginManager: Loaded Plugin ProceduralMeshComponent, From D:/Program Files/Epic Games/4.14/Engine/Plugins/Runtime/ProceduralMeshComponent/ProceduralMeshComponent.uplugin
LogPluginManager: Loaded Plugin SoundMod, From D:/Program Files/Epic Games/4.14/Engine/Plugins/Runtime/SoundMod/SoundMod.uplugin
LogPluginManager: Loaded Plugin SoundVisualizations, From D:/Program Files/Epic Games/4.14/Engine/Plugins/Runtime/SoundVisualizations/SoundVisualizations.uplugin
LogPluginManager: Loaded Plugin SteamController, From D:/Program Files/Epic Games/4.14/Engine/Plugins/Runtime/Steam/SteamController/SteamController.uplugin
LogPluginManager: Loaded Plugin SteamVR, From D:/Program Files/Epic Games/4.14/Engine/Plugins/Runtime/Steam/SteamVR/SteamVR.uplugin
LogPluginManager: Loaded Plugin WebBrowserWidget, From D:/Program Files/Epic Games/4.14/Engine/Plugins/Runtime/WebBrowserWidget/WebBrowserWidget.uplugin
LogPluginManager: Loaded Plugin WindowsDeviceProfileSelector, From D:/Program Files/Epic Games/4.14/Engine/Plugins/Runtime/WindowsDeviceProfileSelector/WindowsDeviceProfileSelector.uplugin
LogPluginManager: Loaded Plugin WindowsMoviePlayer, From D:/Program Files/Epic Games/4.14/Engine/Plugins/Runtime/WindowsMoviePlayer/WindowsMoviePlayer.uplugin
LogPluginManager: Loaded Plugin ScriptPlugin, From D:/Program Files/Epic Games/4.14/Engine/Plugins/ScriptPlugin/ScriptPlugin.uplugin
LogPluginManager: Loaded Plugin SlateRemote, From D:/Program Files/Epic Games/4.14/Engine/Plugins/Slate/SlateRemote/SlateRemote.uplugin
LogPluginManager: Loaded Plugin EditorTests, From D:/Program Files/Epic Games/4.14/Engine/Plugins/Tests/EditorTests/EditorTests.uplugin
LogPluginManager: Loaded Plugin FbxAutomationTestBuilder, From D:/Program Files/Epic Games/4.14/Engine/Plugins/Tests/FbxAutomationTestBuilder/FbxAutomationTestBuilder.uplugin
LogPluginManager: Loaded Plugin FunctionalTestingEditor, From D:/Program Files/Epic Games/4.14/Engine/Plugins/Tests/FunctionalTestingEditor/FunctionalTestingEditor.uplugin
LogPluginManager: Loaded Plugin RuntimeTests, From D:/Program Files/Epic Games/4.14/Engine/Plugins/Tests/RuntimeTests/RuntimeTests.uplugin
LogPluginManager: Loaded Plugin ScreenshotTools, From D:/Program Files/Epic Games/4.14/Engine/Plugins/Tests/ScreenshotTools/ScreenshotTools.uplugin
LogInit: Using libcurl 7.47.1
LogInit:  - built for x86_64-pc-win32
LogInit:  - supports SSL with OpenSSL/1.0.2g
LogInit:  - supports HTTP deflate (compression) using libz 1.2.8
LogInit:  - other features:
LogInit:      CURL_VERSION_SSL
LogInit:      CURL_VERSION_LIBZ
LogInit:      CURL_VERSION_IPV6
LogInit:      CURL_VERSION_ASYNCHDNS
LogInit:      CURL_VERSION_LARGEFILE
LogInit:      CURL_VERSION_IDN
LogInit:  CurlRequestOptions (configurable via config and command line):
LogInit:  - bVerifyPeer = false  - Libcurl will NOT verify peer certificate
LogInit:  - bUseHttpProxy = false  - Libcurl will NOT use HTTP proxy
LogInit:  - bDontReuseConnections = false  - Libcurl will reuse connections
LogInit:  - CertBundlePath = nullptr  - Libcurl will use whatever was configured at build time.
LogInit: Build: ++UE4+Release-4.14-CL-3249277
LogInit: Engine Version: 4.14.3-3249277+++UE4+Release-4.14
LogInit: Compatible Engine Version: 4.14.0-3195953+++UE4+Release-4.14
LogInit: Net CL: 3195953
LogDevObjectVersion: Number of dev versions registered: 13
LogDevObjectVersion:   Dev-Blueprints (B0D832E4-1F89-4F0D-ACCF-7EB736FD4AA2): 7
LogDevObjectVersion:   Dev-Build (E1C64328-A22C-4D53-A36C-8E866417BD8C): 0
LogDevObjectVersion:   Dev-Core (375EC13C-06E4-48FB-B500-84F0262A717E): 1
LogDevObjectVersion:   Dev-Editor (E4B068ED-F494-42E9-A231-DA0B2E46BB41): 8
LogDevObjectVersion:   Dev-Framework (CFFC743F-43B0-4480-9391-14DF171D2073): 17
LogDevObjectVersion:   Dev-Mobile (B02B49B5-BB20-44E9-A304-32B752E40360): 0
LogDevObjectVersion:   Dev-Networking (A4E4105C-59A1-49B5-A7C5-40C4547EDFEE): 0
LogDevObjectVersion:   Dev-Online (39C831C9-5AE6-47DC-9A44-9C173E1C8E7C): 0
LogDevObjectVersion:   Dev-Physics (78F01B33-EBEA-4F98-B9B4-84EACCB95AA2): 0
LogDevObjectVersion:   Dev-Platform (6631380F-2D4D-43E0-8009-CF276956A95A): 0
LogDevObjectVersion:   Dev-Rendering (12F88B9F-8875-4AFC-A67C-D90C383ABD29): 12
LogDevObjectVersion:   Dev-Sequencer (7B5AE74C-D270-4C10-A958-57980B212A5A): 1
LogDevObjectVersion:   Dev-VR (D7296918-1DD6-4BDD-9DE2-64A83CC13884): 0
LogInit: Compiled (64-bit): Jan  6 2017 10:49:43
LogInit: Compiled with Visual C++: 19.00.23026.00
LogInit: Build Configuration: Development
LogInit: Branch Name: ++UE4+Release-4.14
LogInit: Command line:  
LogInit: Base directory: D:/Program Files/Epic Games/4.14/Engine/Binaries/Win64/
LogInit: Installed Engine Build: 1
LogInit: Presizing for max 8388607 objects, including 0 objects not considered by GC, pre-allocating 0 bytes for permanent pool.
LogInit: Object subsystem initialized
[2017.03.23-18.33.23:411][  0]LogInit: Selected Device Profile: [Windows]
[2017.03.23-18.33.23:411][  0]LogInit: Applying CVar settings loaded from the selected device profile: [Windows]
[2017.03.23-18.33.23:419][  0]LogInit: Computer: MEDION
[2017.03.23-18.33.23:419][  0]LogInit: User: Usuario
[2017.03.23-18.33.23:419][  0]LogInit: CPU Page size=65536, Cores=4
[2017.03.23-18.33.23:419][  0]LogInit: High frequency timer resolution =3.312792 MHz
[2017.03.23-18.33.23:419][  0]LogMemory: Memory total: Physical=16.0GB (16GB approx)
[2017.03.23-18.33.23:419][  0]LogMemory: Platform Memory Stats for Windows
[2017.03.23-18.33.23:419][  0]LogMemory: Process Physical Memory: 266.50 MB used, 266.50 MB peak
[2017.03.23-18.33.23:419][  0]LogMemory: Process Virtual Memory: 262.87 MB used, 262.87 MB peak
[2017.03.23-18.33.23:419][  0]LogMemory: Physical Memory: 3725.46 MB used,  12609.12 MB free, 16334.58 MB total
[2017.03.23-18.33.23:419][  0]LogMemory: Virtual Memory: 676.76 MB used,  12609.12 MB free, 134217728.00 MB total
[2017.03.23-18.33.23:445][  0]LogInit: Overriding culture en with editor configuration.
[2017.03.23-18.33.24:109][  0]LogD3D11RHI: D3D11 adapters:
[2017.03.23-18.33.24:140][  0]LogD3D11RHI:    0. 'NVIDIA GeForce GTX 660' (Feature Level 11_0)
[2017.03.23-18.33.24:140][  0]LogD3D11RHI:       1480/0/8167 MB DedicatedVideo/DedicatedSystem/SharedSystem, Outputs:2, VendorId:0x10de
[2017.03.23-18.33.24:141][  0]LogD3D11RHI:    1. 'Microsoft Basic Render Driver' (Feature Level 11_0)
[2017.03.23-18.33.24:141][  0]LogD3D11RHI:       0/0/8167 MB DedicatedVideo/DedicatedSystem/SharedSystem, Outputs:0, VendorId:0x1414
[2017.03.23-18.33.24:141][  0]LogD3D11RHI: Chosen D3D11 Adapter: 0
[2017.03.23-18.33.24:145][  0]LogD3D11RHI: Creating new Direct3DDevice
[2017.03.23-18.33.24:145][  0]LogD3D11RHI:     GPU DeviceId: 0x1185 (for the marketing name, search the web for "GPU Device Id")
[2017.03.23-18.33.24:145][  0]LogWindows: EnumDisplayDevices:
[2017.03.23-18.33.24:145][  0]LogWindows:    0. 'NVIDIA GeForce GTX 660' (P:0 D:1)
[2017.03.23-18.33.24:145][  0]LogWindows:    1. 'NVIDIA GeForce GTX 660' (P:1 D:1)
[2017.03.23-18.33.24:146][  0]LogWindows:    2. 'NVIDIA GeForce GTX 660' (P:0 D:0)
[2017.03.23-18.33.24:146][  0]LogWindows: DebugString: FoundDriverCount:3 
[2017.03.23-18.33.24:146][  0]LogD3D11RHI:     Adapter Name: NVIDIA GeForce GTX 660
[2017.03.23-18.33.24:146][  0]LogD3D11RHI:   Driver Version: 368.39 (internal:10.18.13.6839, unified:368.39)
[2017.03.23-18.33.24:146][  0]LogD3D11RHI:      Driver Date: 6-2-2016
[2017.03.23-18.33.24:146][  0]LogRHI: Texture pool is 1036 MB (70% of 1480 MB)
[2017.03.23-18.33.24:160][  0]LogD3D11RHI:Warning: Timestamp queries are currently disabled on this hardware due to instability. Realtime GPU stats will not be available. You can override this behaviour by setting r.NVIDIATimestampWorkaround to 0
[2017.03.23-18.33.24:160][  0]LogD3D11RHI: Async texture creation enabled
[2017.03.23-18.33.24:177][  0]LogD3D11RHI: GPU Timing Frequency: 1000.000000 (Debug: 2 2)
[2017.03.23-18.33.24:177][  0]LogShaderCompilers: Guid format shader working directory is -26 characters bigger than the processId version (../../../../../../ENTI/CUARTO CURSO/VAN/VANsGame/Mechanics/BasicMechanics/Intermediate/Shaders/WorkingDirectory/12192/).
[2017.03.23-18.33.24:177][  0]LogShaderCompilers: Cleaned the shader compiler working directory 'C:/Users/Usuario/AppData/Local/Temp/UnrealShaderWorkingDir/F6B76C7145EC3EC097794C8B668289F8/'.
[2017.03.23-18.33.24:177][  0]LogShaderCompilers:Display: Using Local Shader Compiler.
[2017.03.23-18.33.27:381][  0]LogTemp:Display: Loaded TP AllDesktopTargetPlatform
[2017.03.23-18.33.27:431][  0]LogTemp:Display: Loaded TP MacClientTargetPlatform
[2017.03.23-18.33.27:480][  0]LogTemp:Display: Loaded TP MacNoEditorTargetPlatform
[2017.03.23-18.33.27:530][  0]LogTemp:Display: Loaded TP MacServerTargetPlatform
[2017.03.23-18.33.27:580][  0]LogTemp:Display: Loaded TP MacTargetPlatform
[2017.03.23-18.33.27:630][  0]LogTemp:Display: Loaded TP WindowsClientTargetPlatform
[2017.03.23-18.33.27:681][  0]LogTemp:Display: Loaded TP WindowsNoEditorTargetPlatform
[2017.03.23-18.33.27:732][  0]LogTemp:Display: Loaded TP WindowsServerTargetPlatform
[2017.03.23-18.33.27:772][  0]LogTemp:Display: Loaded TP WindowsTargetPlatform
[2017.03.23-18.33.27:820][  0]LogTemp:Display: Loaded TP AndroidTargetPlatform
[2017.03.23-18.33.27:870][  0]LogTemp:Display: Loaded TP Android_ASTCTargetPlatform
[2017.03.23-18.33.27:921][  0]LogTemp:Display: Loaded TP Android_ATCTargetPlatform
[2017.03.23-18.33.27:969][  0]LogTemp:Display: Loaded TP Android_DXTTargetPlatform
[2017.03.23-18.33.28:019][  0]LogTemp:Display: Loaded TP Android_ETC1TargetPlatform
[2017.03.23-18.33.28:068][  0]LogTemp:Display: Loaded TP Android_ETC2TargetPlatform
[2017.03.23-18.33.28:167][  0]LogTemp:Display: Loaded TP Android_MultiTargetPlatform
[2017.03.23-18.33.28:167][  0]LogTemp:Display: Loaded TP Android_PVRTCTargetPlatform
[2017.03.23-18.33.28:200][  0]LogTemp:Display: Loaded TP HTML5TargetPlatform
[2017.03.23-18.33.28:275][  0]LogTemp:Display: Loaded TP IOSTargetPlatform
[2017.03.23-18.33.28:306][  0]LogTemp:Display: Loaded TP TVOSTargetPlatform
[2017.03.23-18.33.28:355][  0]LogTemp:Display: Loaded TP LinuxClientTargetPlatform
[2017.03.23-18.33.28:405][  0]LogTemp:Display: Loaded TP LinuxNoEditorTargetPlatform
[2017.03.23-18.33.28:455][  0]LogTemp:Display: Loaded TP LinuxServerTargetPlatform
[2017.03.23-18.33.28:505][  0]LogTemp:Display: Loaded TP LinuxTargetPlatform
[2017.03.23-18.33.28:505][  0]LogTargetPlatformManager:Display: Building Assets For Windows
[2017.03.23-18.33.28:828][  0]LogDerivedDataCache:Display: Max Cache Size: 512 MB
[2017.03.23-18.33.28:873][  0]LogDerivedDataCache: Loaded boot cache 0.04s 50MB C:/Users/Usuario/AppData/Local/UnrealEngine/4.14/DerivedDataCache/Boot.ddc.
[2017.03.23-18.33.28:873][  0]LogDerivedDataCache:Display: Loaded Boot cache: C:/Users/Usuario/AppData/Local/UnrealEngine/4.14/DerivedDataCache/Boot.ddc
[2017.03.23-18.33.28:873][  0]LogDerivedDataCache: FDerivedDataBackendGraph:  Pak pak cache file ../../../../../../ENTI/CUARTO CURSO/VAN/VANsGame/Mechanics/BasicMechanics/DerivedDataCache/DDC.ddp not found, will not use a pak cache.
[2017.03.23-18.33.28:873][  0]LogDerivedDataCache: Unable to find inner node Pak for hierarchical cache Hierarchy.
[2017.03.23-18.33.28:873][  0]LogDerivedDataCache: FDerivedDataBackendGraph:  CompressedPak pak cache file ../../../../../../ENTI/CUARTO CURSO/VAN/VANsGame/Mechanics/BasicMechanics/DerivedDataCache/Compressed.ddp not found, will not use a pak cache.
[2017.03.23-18.33.28:873][  0]LogDerivedDataCache: Unable to find inner node CompressedPak for hierarchical cache Hierarchy.
[2017.03.23-18.33.28:888][  0]LogDerivedDataCache:Display: Pak cache opened for reading ../../../Engine/DerivedDataCache/Compressed.ddp.
[2017.03.23-18.33.28:901][  0]LogDerivedDataCache: Using Local data cache path C:/Users/Usuario/AppData/Local/UnrealEngine/Common/DerivedDataCache: Writable
[2017.03.23-18.33.29:132][  0]LogInit: Selected Device Profile: [Windows]
[2017.03.23-18.33.29:135][  0]LogContentStreaming: Texture pool size is 0.00 MB
[2017.03.23-18.33.29:318][  0]LogMeshUtilities: Using QuadricMeshReduction for automatic static mesh reduction
[2017.03.23-18.33.29:356][  0]LogSimplygon: Simplygon DLL not present - disabling.
[2017.03.23-18.33.29:397][  0]LogMeshUtilities: Using SimplygonSwarm for distributed automatic mesh merging
[2017.03.23-18.33.29:397][  0]LogMeshUtilities: No automatic skeletal mesh reduction module available
[2017.03.23-18.33.29:397][  0]LogMeshUtilities: No automatic mesh merging module available
[2017.03.23-18.33.29:875][  0]LogNetVersion: GetLocalNetworkVersion: CL: 3195953, ProjectName: basicmechanics, ProjectVersion: , EngineNetworkVersion: 2, GameNetworkVersion: 0, NetworkChecksum: 1363929391
[2017.03.23-18.33.29:928][  0]LogAssetRegistry: FAssetRegistry took 0.0222 seconds to start up
[2017.03.23-18.33.29:961][  0]LogPackageLocalizationCache: Processed 3 localized package path(s) for 1 prioritized culture(s) in 0.016498 seconds
[2017.03.23-18.33.29:967][  0]LogUObjectArray: 31946 objects as part of root set at end of initial load.
[2017.03.23-18.33.29:967][  0]LogUObjectAllocator: 6935848 out of 0 bytes used by permanent object pool.
[2017.03.23-18.33.29:967][  0]LogUObjectArray: CloseDisregardForGC: 0/0 objects in disregard for GC pool
[2017.03.23-18.33.30:021][  0]LogInit: WinSock: version 1.1 (2.2), MaxSocks=32767, MaxUdp=65467
[2017.03.23-18.33.30:786][  0]LogSlate: Using Freetype 2.6.0
[2017.03.23-18.33.30:787][  0]LogSlate: SlateFontCache - WITH_FREETYPE: 1, WITH_HARFBUZZ: 1
[2017.03.23-18.33.30:787][  0]LogSlate: SlateFontCache - WITH_FREETYPE: 1, WITH_HARFBUZZ: 1
[2017.03.23-18.33.31:952][  0]LogTcpMessaging: Initializing TcpMessaging bridge
[2017.03.23-18.33.31:987][  0]LogUdpMessaging: Initializing bridge on interface 0.0.0.0:0 to multicast group 230.0.0.1:6666.
[2017.03.23-18.33.32:280][  0]LogMaterial: Uniform references updated for custom material expression Custom.
[2017.03.23-18.33.32:614][  0]SourceControl: Info Source control is disabled
[2017.03.23-18.33.32:615][  0]SourceControl: Info Source control is disabled
[2017.03.23-18.33.32:656][  0]SourceControl: Info Source control is disabled
[2017.03.23-18.33.32:699][  0]SourceControl: Info Source control is disabled
[2017.03.23-18.33.33:806][  0]LogEngine: Initializing Engine...
[2017.03.23-18.33.33:807][  0]LogHMD: Failed to initialize OpenVR with code 110
[2017.03.23-18.33.34:020][  0]LogAIModule: Creating AISystem for world Untitled
[2017.03.23-18.33.34:041][  0]LogInit: XAudio2 using 'Speakers (Realtek High Definition Audio)' : 2 channels at 48 kHz using 32 bits per sample (channel mask 0x3)
[2017.03.23-18.33.34:094][  0]LogInit: FAudioDevice initialized.
[2017.03.23-18.33.34:116][  0]LogDerivedDataCache: Saved boot cache 0.02s 50MB C:/Users/Usuario/AppData/Local/UnrealEngine/4.14/DerivedDataCache/Boot.ddc.
[2017.03.23-18.33.34:120][  0]LogInit: Texture streaming: Enabled
[2017.03.23-18.33.34:271][  0]LogInit: Transaction tracking system initialized
[2017.03.23-18.33.34:575][  0]BlueprintLog: New page: Editor Load
[2017.03.23-18.33.35:309][  0]LocalizationService: Info Localization service is disabled
[2017.03.23-18.33.35:860][  0]LogConsoleResponse:Display: 
[2017.03.23-18.33.35:984][  0]LogCook:Display: Max memory allowance for cook 16384mb min free memory 0mb
[2017.03.23-18.33.35:984][  0]LogCook:Display: Mobile HDR setting 1
[2017.03.23-18.33.36:417][  0]LogFileCache: Scanning file cache for directory 'D:/ENTI/CUARTO CURSO/VAN/VANsGame/Mechanics/BasicMechanics/Content/' took 0.02s
[2017.03.23-18.33.36:802][  0]SourceControl: Info Source control is disabled
[2017.03.23-18.33.36:802][  0]Cmd: MAP LOAD FILE="../../../../../../ENTI/CUARTO CURSO/VAN/VANsGame/Mechanics/BasicMechanics/Content/StarterContent/Maps/Minimal_Default.umap" TEMPLATE=0 SHOWPROGRESS=1 FEATURELEVEL=3
[2017.03.23-18.33.36:803][  0]LightingResults: New page: Lighting Build
[2017.03.23-18.33.36:837][  0]MapCheck: New page: Map Check
[2017.03.23-18.33.36:837][  0]LightingResults: New page: Lighting Build
[2017.03.23-18.33.37:147][  0]LogAIModule: Creating AISystem for world Minimal_Default
[2017.03.23-18.33.37:148][  0]LogActorComponent: RegisterComponentWithWorld: (/Game/StarterContent/Maps/Minimal_Default.Minimal_Default:PersistentLevel.WorldSettings_1.StaticMeshComponent0) Trying to register component with IsPendingKill() == true. Aborting.
[2017.03.23-18.33.37:155][  0]LogEditorServer: Finished looking for orphan Actors (0.000 secs)
[2017.03.23-18.33.37:155][  0]Cmd: MAP CHECKDEP NOCLEARLOG
[2017.03.23-18.33.37:215][  0]MapCheck: Info Map check complete: 0 Error(s), 0 Warning(s), took 59.607ms to complete.
[2017.03.23-18.33.37:215][  0]LogFileHelpers: Loading map 'Minimal_Default' took 0.412
[2017.03.23-18.33.37:267][  0]LogWindowsTextInputMethodSystem:Display: IME system now deactivated.
[2017.03.23-18.33.37:341][  0]LogCollectionManager: Loaded 0 collections in 0.001312 seconds
[2017.03.23-18.33.37:413][  0]LogFileCache: Scanning file cache for directory 'D:/ENTI/CUARTO CURSO/VAN/VANsGame/Mechanics/BasicMechanics/Saved/Collections/' took 0.01s
[2017.03.23-18.33.37:413][  0]LogFileCache: Scanning file cache for directory 'D:/ENTI/CUARTO CURSO/VAN/VANsGame/Mechanics/BasicMechanics/Content/Developers/Usuario/Collections/' took 0.01s
[2017.03.23-18.33.37:413][  0]LogFileCache: Scanning file cache for directory 'D:/ENTI/CUARTO CURSO/VAN/VANsGame/Mechanics/BasicMechanics/Content/Collections/' took 0.01s
[2017.03.23-18.33.37:413][  0]LogCollectionManager: Rebuilt the GUID cache for 0 collections in 0.000002 seconds
[2017.03.23-18.33.37:422][  0]LogContentBrowser: Native class hierarchy populated in 0.0088 seconds. Added 2190 classes and 428 folders.
[2017.03.23-18.33.37:458][  0]LogStats: UGameplayTagsManager::ConstructGameplayTagTree: Construct from data asset -  0.000 s
[2017.03.23-18.33.37:458][  0]LogStats: UGameplayTagsManager::ConstructGameplayTagTree: GameplayTagTreeChangedEvent.Broadcast -  0.000 s
[2017.03.23-18.33.37:459][  0]LogContentBrowser: Native class hierarchy updated for 'GameplayTags' in 0.0005 seconds. Added 13 classes and 0 folders.
[2017.03.23-18.33.37:510][  0]LogContentBrowser: Native class hierarchy updated for 'WidgetCarousel' in 0.0005 seconds. Added 0 classes and 0 folders.
[2017.03.23-18.33.37:563][  0]LogContentBrowser: Native class hierarchy updated for 'AddContentDialog' in 0.0005 seconds. Added 0 classes and 0 folders.
[2017.03.23-18.33.37:600][  0]LogContentBrowser: Native class hierarchy updated for 'SceneOutliner' in 0.0005 seconds. Added 1 classes and 2 folders.
[2017.03.23-18.33.37:633][  0]LogCrashTracker: Crashtracker disabled due to settings.
[2017.03.23-18.33.37:639][  0]LogUObjectGlobals:Warning: Failed to find object 'Class None.'
[2017.03.23-18.33.37:700][  0]LogContentBrowser: Native class hierarchy updated for 'HierarchicalLODOutliner' in 0.0005 seconds. Added 1 classes and 2 folders.
[2017.03.23-18.33.37:700][  0]LogLoad: (Engine Initialization) Total time: 15.65 seconds
[2017.03.23-18.33.37:700][  0]LogLoad: (Engine Initialization) Total Blueprint compile time: 0.09 seconds
[2017.03.23-18.33.37:700][  0]LogExternalProfiler: Found external profiler: VSPerf
[2017.03.23-18.33.37:700][  0]LogExternalProfiler: Using external profiler: VSPerf
[2017.03.23-18.33.37:709][  0]LogOcInput: OculusInput pre-init called
[2017.03.23-18.33.37:740][  0]LogContentStreaming: Texture pool size now 1000 MB
[2017.03.23-18.33.37:895][  0]LogRenderer: Reallocating scene render targets to support 1208x576 NumSamples 1 (Frame:2).
[2017.03.23-18.33.37:963][  1]LogFileCache: Retrieving MD5 hashes for directory 'D:/ENTI/CUARTO CURSO/VAN/VANsGame/Mechanics/BasicMechanics/Content/' took 0.24s
[2017.03.23-18.33.38:260][  2]LogAssetRegistry: Asset discovery search completed in 8.3548 seconds
[2017.03.23-18.33.38:260][  2]LogCollectionManager: Rebuilt the object cache for 0 collections in 0.000001 seconds (found 0 objects)
[2017.03.23-18.33.38:260][  2]LogCollectionManager: Fixed up redirectors for 0 collections in 0.000018 seconds (updated 0 objects)
[2017.03.23-18.36.34:251][343]LogLinker:Warning: Can't find file '/Game/Levels/TutorialMap_BuiltData'
[2017.03.23-18.36.34:251][343]LogLinker:Warning: Can't find file for asset '/Game/Levels/TutorialMap_BuiltData' while loading ../../../../../../ENTI/CUARTO CURSO/VAN/VANsGame/Mechanics/BasicMechanics/Content/Levels/TutorialMap.umap.
[2017.03.23-18.36.34:251][343]LoadErrors:Error: Error /Game/Levels/TutorialMap : Can't find file for asset. /Game/Levels/TutorialMap_BuiltData
[2017.03.23-18.36.34:268][343]LogLinker:Warning: Can't find file '/Game/Levels/TutorialMap_BuiltData'
[2017.03.23-18.36.34:268][343]LogLinker:Warning: Can't find file for asset '/Game/Levels/TutorialMap_BuiltData' while loading ../../../../../../ENTI/CUARTO CURSO/VAN/VANsGame/Mechanics/BasicMechanics/Content/Levels/TutorialMap.umap.
[2017.03.23-18.36.34:363][343]LogLinker:Warning: Can't find file '/Game/Levels/TutorialMap_BuiltData'
[2017.03.23-18.36.34:364][343]LogLinker:Warning: Can't find file for asset '/Game/Levels/TutorialMap_BuiltData' while loading NULL.
[2017.03.23-18.36.34:364][343]LogLinker:Warning: Can't find file '/Game/Levels/TutorialMap_BuiltData'
[2017.03.23-18.36.34:364][343]LogLinker:Warning: Can't find file for asset '/Game/Levels/TutorialMap_BuiltData' while loading NULL.
[2017.03.23-18.36.34:582][343]LogLinker:Warning: Can't find file '/Game/Levels/TutorialMap_BuiltData'
[2017.03.23-18.36.34:582][343]LoadErrors: Info Failed to load /Game/Levels/TutorialMap_BuiltData.TutorialMap_BuiltData Referenced by PersistentLevel
[2017.03.23-18.36.34:583][343]LogLinker:Warning: Can't find file for asset '/Game/Levels/TutorialMap_BuiltData' while loading NULL.
[2017.03.23-18.36.35:353][343]LogAIModule: Creating AISystem for world TutorialMap
[2017.03.23-18.36.35:567][343]Cmd: MAP LOAD FILE="../../../../../../ENTI/CUARTO CURSO/VAN/VANsGame/Mechanics/BasicMechanics/Content/Levels/TutorialMap.umap" TEMPLATE=0 SHOWPROGRESS=1 FEATURELEVEL=3
[2017.03.23-18.36.35:567][343]LightingResults: New page: Lighting Build
[2017.03.23-18.36.35:568][343]LoadErrors: New page: Loading map: TutorialMap.umap
[2017.03.23-18.36.35:568][343]MapCheck: New page: Map Check
[2017.03.23-18.36.35:568][343]LightingResults: New page: Lighting Build
[2017.03.23-18.36.35:641][343]LogSkeletalMesh: UPhysicsAssetInstance::InitInstance : Could not find root physics body: CharacterMesh0
[2017.03.23-18.36.35:641][343]LogSkeletalMesh: UPhysicsAssetInstance::InitInstance : Could not find root physics body: CharacterMesh0
[2017.03.23-18.36.35:642][343]LogSkeletalMesh: UPhysicsAssetInstance::InitInstance : Could not find root physics body: CharacterMesh0
[2017.03.23-18.36.35:691][343]LogEditorServer: Finished looking for orphan Actors (0.000 secs)
[2017.03.23-18.36.35:753][343]Cmd: MAP CHECKDEP NOCLEARLOG
[2017.03.23-18.36.35:879][343]MapCheck: Info Map check complete: 0 Error(s), 0 Warning(s), took 127.006ms to complete.
[2017.03.23-18.36.35:879][343]LogFileHelpers: Loading map 'TutorialMap' took 0.314
[2017.03.23-18.36.56:375][761]LogEditorViewport: Clicking on Actor (LMB): VAN_C (VAN)
[2017.03.23-18.36.57:289][839]Cmd: DELETE
[2017.03.23-18.36.57:289][839]Cmd: ACTOR DELETE
[2017.03.23-18.36.57:294][839]LogEditorActor: Deleted Actor: VAN_C
[2017.03.23-18.36.57:308][839]LogEditorActor: Deleted 1 Actors (0.019 secs)
[2017.03.23-18.37.07:274][941]LogContentBrowser: Native class hierarchy updated for 'BlueprintGraph' in 0.0009 seconds. Added 111 classes and 0 folders.
[2017.03.23-18.37.12:049][131]Cmd: TRANSACTION UNDO
[2017.03.23-18.37.12:049][131]LogEditorTransaction: Undo Delete Actors
[2017.03.23-18.37.13:932][212]LogRenderer: Reallocating scene render targets to support 1208x712 NumSamples 1 (Frame:22318).
[2017.03.23-18.37.30:005][210]LogBlueprint:Error: [Compiler VANmovement] Error Can't connect pins  self  and  OutActors : VAN Reference is not compatible with Array of VAN References.
[2017.03.23-18.37.30:005][210]LogBlueprint:Error: [Compiler VANmovement] Error Could not find a function named "RightFunction" in 'VAN_C'.
Make sure 'VAN_C' has been compiled for  K2Node_CallFunction_705
[2017.03.23-18.37.30:005][210]LogBlueprint:Error: [Compiler VANmovement] Error Can't connect pins  OutActors  and  self : Array of VAN References is not compatible with VAN Reference.
[2017.03.23-18.37.30:005][210]LogBlueprint:Error: [Compiler VANmovement] Error Invalid pin connection from ' OutActors ' to ' self '. You may have changed the type after the connections were made.
[2017.03.23-18.37.30:005][210]LogBlueprint:Error: [Compiler VANmovement] Error Can't connect pins  self  and  OutActors : VAN Reference is not compatible with Array of VAN References.
[2017.03.23-18.37.30:005][210]LogBlueprint:Error: [Compiler VANmovement] Error Could not find a function named "UpFunction" in 'VAN_C'.
Make sure 'VAN_C' has been compiled for  K2Node_CallFunction_508
[2017.03.23-18.37.30:005][210]LogBlueprint:Error: [Compiler VANmovement] Error Can't connect pins  OutActors  and  self : Array of VAN References is not compatible with VAN Reference.
[2017.03.23-18.37.30:005][210]LogBlueprint:Error: [Compiler VANmovement] Error Invalid pin connection from ' OutActors ' to ' self '. You may have changed the type after the connections were made.
[2017.03.23-18.37.30:028][210]LogBlueprint:Warning: [Compiler VANmovement] Warning [0247.98] Compile of VANmovement failed. 8 Fatal Issue(s) 0 Warning(s) [in 31 ms] (/Game/Models/VANmodel/Animations/VANmovement.VANmovement)
[2017.03.23-18.37.30:028][210]LogBlueprint:Warning: [Compiler VANmovement] Warning [0247.98] Compile of VANmovement failed. 8 Fatal Issue(s) 1 Warning(s) [in 0 ms] (/Game/Models/VANmodel/Animations/VANmovement.VANmovement)
[2017.03.23-18.37.30:028][210]LogBlueprint:Warning: [Compiler VANmovement] Warning [0247.98] Compile of VANmovement failed. 8 Fatal Issue(s) 2 Warning(s) [in 0 ms] (/Game/Models/VANmodel/Animations/VANmovement.VANmovement)
[2017.03.23-18.37.30:039][210]LogBlueprint:Error: [Compiler VANmovement] Error Can't connect pins  self  and  OutActors : VAN Reference is not compatible with Array of VAN References.
[2017.03.23-18.37.30:039][210]LogBlueprint:Error: [Compiler VANmovement] Error Could not find a function named "RightFunction" in 'VAN_C'.
Make sure 'VAN_C' has been compiled for  K2Node_CallFunction_705
[2017.03.23-18.37.30:039][210]LogBlueprint:Error: [Compiler VANmovement] Error Can't connect pins  OutActors  and  self : Array of VAN References is not compatible with VAN Reference.
[2017.03.23-18.37.30:039][210]LogBlueprint:Error: [Compiler VANmovement] Error Invalid pin connection from ' OutActors ' to ' self '. You may have changed the type after the connections were made.
[2017.03.23-18.37.30:039][210]LogBlueprint:Error: [Compiler VANmovement] Error Can't connect pins  self  and  OutActors : VAN Reference is not compatible with Array of VAN References.
[2017.03.23-18.37.30:039][210]LogBlueprint:Error: [Compiler VANmovement] Error Could not find a function named "UpFunction" in 'VAN_C'.
Make sure 'VAN_C' has been compiled for  K2Node_CallFunction_508
[2017.03.23-18.37.30:039][210]LogBlueprint:Error: [Compiler VANmovement] Error Can't connect pins  OutActors  and  self : Array of VAN References is not compatible with VAN Reference.
[2017.03.23-18.37.30:040][210]LogBlueprint:Error: [Compiler VANmovement] Error Invalid pin connection from ' OutActors ' to ' self '. You may have changed the type after the connections were made.
[2017.03.23-18.37.30:063][210]LogBlueprint:Warning: [Compiler VANmovement] Warning [0248.01] Compile of VANmovement failed. 8 Fatal Issue(s) 0 Warning(s) [in 31 ms] (/Game/Models/VANmodel/Animations/VANmovement.VANmovement)
[2017.03.23-18.37.30:063][210]LogBlueprint:Warning: [Compiler VANmovement] Warning [0248.01] Compile of VANmovement failed. 8 Fatal Issue(s) 1 Warning(s) [in 0 ms] (/Game/Models/VANmodel/Animations/VANmovement.VANmovement)
[2017.03.23-18.37.30:063][210]LogBlueprint:Warning: [Compiler VANmovement] Warning [0248.01] Compile of VANmovement failed. 8 Fatal Issue(s) 2 Warning(s) [in 0 ms] (/Game/Models/VANmodel/Animations/VANmovement.VANmovement)
[2017.03.23-18.37.46:428][226]LogTemp: Repeting last play command: New Editor Window (PIE)
[2017.03.23-18.37.46:490][226]LogBlueprintUserMessages: Early PlayInEditor Detection: Level '/Game/Levels/TutorialMap.TutorialMap:PersistentLevel' has LevelScriptBlueprint '/Game/Levels/TutorialMap.TutorialMap:PersistentLevel.TutorialMap' with GeneratedClass '/Game/Levels/TutorialMap.TutorialMap_C' with ClassGeneratedBy '/Game/Levels/TutorialMap.TutorialMap:PersistentLevel.TutorialMap'
[2017.03.23-18.37.46:490][226]BlueprintLog: New page: Pre-Play auto-recompile
[2017.03.23-18.37.46:490][226]LogPlayLevel: [PlayLevel] Compiling VAN before play...
[2017.03.23-18.37.46:642][226]LogPlayLevel: [PlayLevel]   Compiling VANmovement as a dependent...
[2017.03.23-18.37.46:682][226]LogBlueprint:Error: [Compiler VANmovement] Error Can't connect pins  self  and  OutActors : VAN Reference is not compatible with Array of VAN References.
[2017.03.23-18.37.46:682][226]LogBlueprint:Error: [Compiler VANmovement] Error Could not find a function named "RightFunction" in 'VAN_C'.
Make sure 'VAN_C' has been compiled for  K2Node_CallFunction_705
[2017.03.23-18.37.46:682][226]LogBlueprint:Error: [Compiler VANmovement] Error Can't connect pins  OutActors  and  self : Array of VAN References is not compatible with VAN Reference.
[2017.03.23-18.37.46:682][226]LogBlueprint:Error: [Compiler VANmovement] Error Invalid pin connection from ' OutActors ' to ' self '. You may have changed the type after the connections were made.
[2017.03.23-18.37.46:682][226]LogBlueprint:Error: [Compiler VANmovement] Error Can't connect pins  self  and  OutActors : VAN Reference is not compatible with Array of VAN References.
[2017.03.23-18.37.46:682][226]LogBlueprint:Error: [Compiler VANmovement] Error Could not find a function named "UpFunction" in 'VAN_C'.
Make sure 'VAN_C' has been compiled for  K2Node_CallFunction_508
[2017.03.23-18.37.46:682][226]LogBlueprint:Error: [Compiler VANmovement] Error Can't connect pins  OutActors  and  self : Array of VAN References is not compatible with VAN Reference.
[2017.03.23-18.37.46:682][226]LogBlueprint:Error: [Compiler VANmovement] Error Invalid pin connection from ' OutActors ' to ' self '. You may have changed the type after the connections were made.
[2017.03.23-18.37.46:710][226]LogUObjectGlobals:Warning: Guid referenced by CapsuleComponent /Game/Levels/TutorialMap.TutorialMap:PersistentLevel.VAN_158.CollisionCylinder is already used by CapsuleComponent /Game/Levels/TutorialMap.TutorialMap:PersistentLevel.REINST_VAN_C_0.CollisionCylinder, which should never happen in the editor but could happen at runtime with duplicate level loading or PIE
[2017.03.23-18.37.46:710][226]LogUObjectGlobals:Warning: Guid referenced by ArrowComponent /Game/Levels/TutorialMap.TutorialMap:PersistentLevel.VAN_158.Arrow is already used by ArrowComponent /Game/Levels/TutorialMap.TutorialMap:PersistentLevel.REINST_VAN_C_0.Arrow, which should never happen in the editor but could happen at runtime with duplicate level loading or PIE
[2017.03.23-18.37.46:710][226]LogUObjectGlobals:Warning: Guid referenced by CharacterMovementComponent /Game/Levels/TutorialMap.TutorialMap:PersistentLevel.VAN_158.CharMoveComp is already used by CharacterMovementComponent /Game/Levels/TutorialMap.TutorialMap:PersistentLevel.REINST_VAN_C_0.CharMoveComp, which should never happen in the editor but could happen at runtime with duplicate level loading or PIE
[2017.03.23-18.37.46:710][226]LogUObjectGlobals:Warning: Guid referenced by SkeletalMeshComponent /Game/Levels/TutorialMap.TutorialMap:PersistentLevel.VAN_158.CharacterMesh0 is already used by SkeletalMeshComponent /Game/Levels/TutorialMap.TutorialMap:PersistentLevel.REINST_VAN_C_0.CharacterMesh0, which should never happen in the editor but could happen at runtime with duplicate level loading or PIE
[2017.03.23-18.37.47:325][226]LogPlayLevel: PlayLevel: Blueprint regeneration took 834 ms (2 blueprints)
[2017.03.23-18.37.47:325][226]BlueprintLog: Info Blueprint VANmovement failed to compile
[2017.03.23-18.37.57:447][696]LogTemp: Repeting last play command: New Editor Window (PIE)
[2017.03.23-18.37.57:473][696]LogBlueprintUserMessages: Early PlayInEditor Detection: Level '/Game/Levels/TutorialMap.TutorialMap:PersistentLevel' has LevelScriptBlueprint '/Game/Levels/TutorialMap.TutorialMap:PersistentLevel.TutorialMap' with GeneratedClass '/Game/Levels/TutorialMap.TutorialMap_C' with ClassGeneratedBy '/Game/Levels/TutorialMap.TutorialMap:PersistentLevel.TutorialMap'
[2017.03.23-18.37.57:473][696]BlueprintLog: New page: Pre-Play auto-recompile
[2017.03.23-18.37.57:473][696]LogPlayLevel: [PlayLevel] Compiling VANmovement before play...
[2017.03.23-18.37.57:527][696]LogBlueprint:Error: [Compiler VANmovement] Error Can't connect pins  self  and  OutActors : VAN Reference is not compatible with Array of VAN References.
[2017.03.23-18.37.57:527][696]LogBlueprint:Error: [Compiler VANmovement] Error Could not find a function named "RightFunction" in 'VAN_C'.
Make sure 'VAN_C' has been compiled for  K2Node_CallFunction_705
[2017.03.23-18.37.57:527][696]LogBlueprint:Error: [Compiler VANmovement] Error Can't connect pins  OutActors  and  self : Array of VAN References is not compatible with VAN Reference.
[2017.03.23-18.37.57:528][696]LogBlueprint:Error: [Compiler VANmovement] Error Invalid pin connection from ' OutActors ' to ' self '. You may have changed the type after the connections were made.
[2017.03.23-18.37.57:528][696]LogBlueprint:Error: [Compiler VANmovement] Error Can't connect pins  self  and  OutActors : VAN Reference is not compatible with Array of VAN References.
[2017.03.23-18.37.57:528][696]LogBlueprint:Error: [Compiler VANmovement] Error Could not find a function named "UpFunction" in 'VAN_C'.
Make sure 'VAN_C' has been compiled for  K2Node_CallFunction_508
[2017.03.23-18.37.57:528][696]LogBlueprint:Error: [Compiler VANmovement] Error Can't connect pins  OutActors  and  self : Array of VAN References is not compatible with VAN Reference.
[2017.03.23-18.37.57:528][696]LogBlueprint:Error: [Compiler VANmovement] Error Invalid pin connection from ' OutActors ' to ' self '. You may have changed the type after the connections were made.
[2017.03.23-18.37.57:709][696]LogBlueprint:Warning: [Compiler VANmovement] Warning [0275.66] Compile of VANmovement failed. 8 Fatal Issue(s) 0 Warning(s) [in 204 ms] (/Game/Models/VANmodel/Animations/VANmovement.VANmovement)
[2017.03.23-18.37.57:709][696]LogBlueprint:Warning: [Compiler VANmovement] Warning [0275.66] Compile of VANmovement failed. 8 Fatal Issue(s) 1 Warning(s) [in 0 ms] (/Game/Models/VANmodel/Animations/VANmovement.VANmovement)
[2017.03.23-18.37.57:710][696]LogBlueprint:Warning: [Compiler VANmovement] Warning [0275.66] Compile of VANmovement failed. 8 Fatal Issue(s) 2 Warning(s) [in 0 ms] (/Game/Models/VANmodel/Animations/VANmovement.VANmovement)
[2017.03.23-18.37.57:710][696]LogBlueprint:Warning: [Compiler VANmovement] Warning [0275.66] Compile of VANmovement failed. 8 Fatal Issue(s) 3 Warning(s) [in 0 ms] (/Game/Models/VANmodel/Animations/VANmovement.VANmovement)
[2017.03.23-18.37.57:712][696]LogBlueprint:Warning: [Compiler VANmovement] Warning [0275.66] Compile of VANmovement failed. 8 Fatal Issue(s) 4 Warning(s) [in 2 ms] (/Game/Models/VANmodel/Animations/VANmovement.VANmovement)
[2017.03.23-18.37.57:713][696]LogBlueprint:Warning: [Compiler VANmovement] Warning [0275.66] Compile of VANmovement failed. 8 Fatal Issue(s) 5 Warning(s) [in 0 ms] (/Game/Models/VANmodel/Animations/VANmovement.VANmovement)
[2017.03.23-18.37.57:730][696]LogPlayLevel: PlayLevel: Blueprint regeneration took 257 ms (1 blueprints)
[2017.03.23-18.37.57:731][696]BlueprintLog: Info Blueprint VANmovement failed to compile
[2017.03.23-18.38.00:927][754]LogSkeletalMesh: InitArticulated: Bodies already created (/Engine/Transient.DebugSkelMeshComponent_0) - call TermArticulated first.
[2017.03.23-18.38.10:227][180]LogTemp: Repeting last play command: New Editor Window (PIE)
[2017.03.23-18.38.10:253][180]LogBlueprintUserMessages: Early PlayInEditor Detection: Level '/Game/Levels/TutorialMap.TutorialMap:PersistentLevel' has LevelScriptBlueprint '/Game/Levels/TutorialMap.TutorialMap:PersistentLevel.TutorialMap' with GeneratedClass '/Game/Levels/TutorialMap.TutorialMap_C' with ClassGeneratedBy '/Game/Levels/TutorialMap.TutorialMap:PersistentLevel.TutorialMap'
[2017.03.23-18.38.10:253][180]BlueprintLog: New page: Pre-Play auto-recompile
[2017.03.23-18.38.10:253][180]LogPlayLevel: [PlayLevel] Compiling VANmovement before play...
[2017.03.23-18.38.10:414][180]LogPlayLevel: PlayLevel: Blueprint regeneration took 161 ms (1 blueprints)
[2017.03.23-18.38.10:415][180]PIE: New page: PIE session: TutorialMap (Mar 23, 2017, 8:38:10 PM)
[2017.03.23-18.38.10:415][180]LogPlayLevel: Creating play world package: /Game/Levels/UEDPIE_0_TutorialMap
[2017.03.23-18.38.10:535][180]LogPlayLevel: PIE: StaticDuplicateObject took: (0.120637s)
[2017.03.23-18.38.10:536][180]LogAIModule: Creating AISystem for world TutorialMap
[2017.03.23-18.38.10:536][180]LogPlayLevel: PIE: World Init took: (0.000587s)
[2017.03.23-18.38.10:536][180]LogPlayLevel: PIE: Created PIE world by copying editor world from /Game/Levels/TutorialMap.TutorialMap to /Game/Levels/UEDPIE_0_TutorialMap.TutorialMap (0.121956s)
[2017.03.23-18.38.10:567][180]LogInit: XAudio2 using 'Speakers (Realtek High Definition Audio)' : 2 channels at 48 kHz using 32 bits per sample (channel mask 0x3)
[2017.03.23-18.38.10:577][180]LogInit: FAudioDevice initialized.
[2017.03.23-18.38.10:642][180]LogLoad: Game class is 'GameModeBase'
[2017.03.23-18.38.10:671][180]LogSkeletalMesh: UPhysicsAssetInstance::InitInstance : Could not find root physics body: CharacterMesh0
[2017.03.23-18.38.10:671][180]LogSkeletalMesh: UPhysicsAssetInstance::InitInstance : Could not find root physics body: CharacterMesh0
[2017.03.23-18.38.10:671][180]LogSkeletalMesh: UPhysicsAssetInstance::InitInstance : Could not find root physics body: CharacterMesh0
[2017.03.23-18.38.10:673][180]LogWorld: Bringing World /Game/Levels/UEDPIE_0_TutorialMap.TutorialMap up for play (max tick rate 0) at 2017.03.23-19.38.10
[2017.03.23-18.38.10:676][180]LogWorld: Bringing up level for play took: 0.032906
[2017.03.23-18.38.10:713][180]LogContentBrowser: Native class hierarchy updated for 'MovieSceneCapture' in 0.0006 seconds. Added 11 classes and 0 folders.
[2017.03.23-18.38.10:725][180]PIE: Info Play in editor start time for /Game/Levels/UEDPIE_0_TutorialMap 0.61
[2017.03.23-18.38.10:726][180]LogBlueprintUserMessages: Late PlayInEditor Detection: Level '/Game/Levels/TutorialMap.TutorialMap:PersistentLevel' has LevelScriptBlueprint '/Game/Levels/TutorialMap.TutorialMap:PersistentLevel.TutorialMap' with GeneratedClass '/Game/Levels/TutorialMap.TutorialMap_C' with ClassGeneratedBy '/Game/Levels/TutorialMap.TutorialMap:PersistentLevel.TutorialMap'
[2017.03.23-18.38.10:883][180]LogRenderer: Reallocating scene render targets to support 1292x756 NumSamples 1 (Frame:27252).
[2017.03.23-18.38.26:306][722]LogBlueprintUserMessages: Early EndPlayMap Detection: Level '/Game/Levels/TutorialMap.TutorialMap:PersistentLevel' has LevelScriptBlueprint '/Game/Levels/TutorialMap.TutorialMap:PersistentLevel.TutorialMap' with GeneratedClass '/Game/Levels/TutorialMap.TutorialMap_C' with ClassGeneratedBy '/Game/Levels/TutorialMap.TutorialMap:PersistentLevel.TutorialMap'
[2017.03.23-18.38.26:506][722]LogBlueprintUserMessages: Late EndPlayMap Detection: Level '/Game/Levels/TutorialMap.TutorialMap:PersistentLevel' has LevelScriptBlueprint '/Game/Levels/TutorialMap.TutorialMap:PersistentLevel.TutorialMap' with GeneratedClass '/Game/Levels/TutorialMap.TutorialMap_C' with ClassGeneratedBy '/Game/Levels/TutorialMap.TutorialMap:PersistentLevel.TutorialMap'
[2017.03.23-18.38.30:101][837]LogSavePackage: Save=1064.69ms
[2017.03.23-18.38.30:101][837]LogSavePackage: Moving '../../../../../../ENTI/CUARTO CURSO/VAN/VANsGame/Mechanics/BasicMechanics/Saved/TutorialMap26D2ADF548EF40314B0787842E3C096B.tmp' to '../../../../../../ENTI/CUARTO CURSO/VAN/VANsGame/Mechanics/BasicMechanics/Content/Levels/TutorialMap.umap'
[2017.03.23-18.38.30:104][837]LogSavePackage:Display: Finished SavePackage ../../../../../../ENTI/CUARTO CURSO/VAN/VANsGame/Mechanics/BasicMechanics/Content/Levels/TutorialMap.umap
[2017.03.23-18.38.30:155][837]LogFileHelpers: Saving map 'TutorialMap' took 1.237
[2017.03.23-18.38.30:196][837]Cmd: OBJ SAVEPACKAGE PACKAGE="/Game/VAN/TopDownBP/Blueprints/VAN" FILE="../../../../../../ENTI/CUARTO CURSO/VAN/VANsGame/Mechanics/BasicMechanics/Content/VAN/TopDownBP/Blueprints/VAN.uasset" SILENT=true
[2017.03.23-18.38.30:356][837]LogSavePackage: Save=156.70ms
[2017.03.23-18.38.30:356][837]LogSavePackage: Moving '../../../../../../ENTI/CUARTO CURSO/VAN/VANsGame/Mechanics/BasicMechanics/Saved/VANBA0EF8644043F8B6C3B678BDBE7A8BCD.tmp' to '../../../../../../ENTI/CUARTO CURSO/VAN/VANsGame/Mechanics/BasicMechanics/Content/VAN/TopDownBP/Blueprints/VAN.uasset'
[2017.03.23-18.38.30:359][837]LogSavePackage:Display: Finished SavePackage ../../../../../../ENTI/CUARTO CURSO/VAN/VANsGame/Mechanics/BasicMechanics/Content/VAN/TopDownBP/Blueprints/VAN.uasset
[2017.03.23-18.38.30:486][837]LogSavePackage: Save=76.76ms
[2017.03.23-18.38.30:486][837]LogSavePackage: Moving '../../../../../../ENTI/CUARTO CURSO/VAN/VANsGame/Mechanics/BasicMechanics/Saved/VANmovement797551644C7DEEEA1E7CE793D63D1ED7.tmp' to '../../../../../../ENTI/CUARTO CURSO/VAN/VANsGame/Mechanics/BasicMechanics/Content/Models/VANmodel/Animations/VANmovement.uasset'
[2017.03.23-18.38.30:488][837]LogSavePackage:Display: Finished SavePackage ../../../../../../ENTI/CUARTO CURSO/VAN/VANsGame/Mechanics/BasicMechanics/Content/Models/VANmodel/Animations/VANmovement.uasset
[2017.03.23-18.38.32:724][950]LogEditorViewport: Clicking on Actor (LMB): VAN_C (VAN)
[2017.03.23-18.38.38:155][224]LogTemp: Repeting last play command: New Editor Window (PIE)
[2017.03.23-18.38.38:184][224]LogBlueprintUserMessages: Early PlayInEditor Detection: Level '/Game/Levels/TutorialMap.TutorialMap:PersistentLevel' has LevelScriptBlueprint '/Game/Levels/TutorialMap.TutorialMap:PersistentLevel.TutorialMap' with GeneratedClass '/Game/Levels/TutorialMap.TutorialMap_C' with ClassGeneratedBy '/Game/Levels/TutorialMap.TutorialMap:PersistentLevel.TutorialMap'
[2017.03.23-18.38.38:184][224]LogPlayLevel: PlayLevel: No blueprints needed recompiling
[2017.03.23-18.38.38:184][224]PIE: New page: PIE session: TutorialMap (Mar 23, 2017, 8:38:38 PM)
[2017.03.23-18.38.38:184][224]LogPlayLevel: Creating play world package: /Game/Levels/UEDPIE_0_TutorialMap
[2017.03.23-18.38.38:299][224]LogPlayLevel: PIE: StaticDuplicateObject took: (0.114692s)
[2017.03.23-18.38.38:299][224]LogAIModule: Creating AISystem for world TutorialMap
[2017.03.23-18.38.38:299][224]LogPlayLevel: PIE: World Init took: (0.000602s)
[2017.03.23-18.38.38:300][224]LogPlayLevel: PIE: Created PIE world by copying editor world from /Game/Levels/TutorialMap.TutorialMap to /Game/Levels/UEDPIE_0_TutorialMap.TutorialMap (0.115909s)
[2017.03.23-18.38.38:332][224]LogInit: XAudio2 using 'Speakers (Realtek High Definition Audio)' : 2 channels at 48 kHz using 32 bits per sample (channel mask 0x3)
[2017.03.23-18.38.38:342][224]LogInit: FAudioDevice initialized.
[2017.03.23-18.38.38:399][224]LogLoad: Game class is 'GameModeBase'
[2017.03.23-18.38.38:427][224]LogSkeletalMesh: UPhysicsAssetInstance::InitInstance : Could not find root physics body: CharacterMesh0
[2017.03.23-18.38.38:427][224]LogSkeletalMesh: UPhysicsAssetInstance::InitInstance : Could not find root physics body: CharacterMesh0
[2017.03.23-18.38.38:427][224]LogSkeletalMesh: UPhysicsAssetInstance::InitInstance : Could not find root physics body: CharacterMesh0
[2017.03.23-18.38.38:429][224]LogWorld: Bringing World /Game/Levels/UEDPIE_0_TutorialMap.TutorialMap up for play (max tick rate 0) at 2017.03.23-19.38.38
[2017.03.23-18.38.38:431][224]LogWorld: Bringing up level for play took: 0.031426
[2017.03.23-18.38.38:443][224]PIE: Info Play in editor start time for /Game/Levels/UEDPIE_0_TutorialMap 0.328
[2017.03.23-18.38.38:444][224]LogBlueprintUserMessages: Late PlayInEditor Detection: Level '/Game/Levels/TutorialMap.TutorialMap:PersistentLevel' has LevelScriptBlueprint '/Game/Levels/TutorialMap.TutorialMap:PersistentLevel.TutorialMap' with GeneratedClass '/Game/Levels/TutorialMap.TutorialMap_C' with ClassGeneratedBy '/Game/Levels/TutorialMap.TutorialMap:PersistentLevel.TutorialMap'
[2017.03.23-18.38.57:830][887]LogBlueprintUserMessages: Early EndPlayMap Detection: Level '/Game/Levels/TutorialMap.TutorialMap:PersistentLevel' has LevelScriptBlueprint '/Game/Levels/TutorialMap.TutorialMap:PersistentLevel.TutorialMap' with GeneratedClass '/Game/Levels/TutorialMap.TutorialMap_C' with ClassGeneratedBy '/Game/Levels/TutorialMap.TutorialMap:PersistentLevel.TutorialMap'
[2017.03.23-18.38.57:976][887]LogBlueprintUserMessages: Late EndPlayMap Detection: Level '/Game/Levels/TutorialMap.TutorialMap:PersistentLevel' has LevelScriptBlueprint '/Game/Levels/TutorialMap.TutorialMap:PersistentLevel.TutorialMap' with GeneratedClass '/Game/Levels/TutorialMap.TutorialMap_C' with ClassGeneratedBy '/Game/Levels/TutorialMap.TutorialMap:PersistentLevel.TutorialMap'
[2017.03.23-18.38.59:777][975]LogEditorViewport: Clicking on Actor (LMB): VAN_C (VAN)
[2017.03.23-18.39.04:225][189]LogTemp: Repeting last play command: New Editor Window (PIE)
[2017.03.23-18.39.04:253][189]LogBlueprintUserMessages: Early PlayInEditor Detection: Level '/Game/Levels/TutorialMap.TutorialMap:PersistentLevel' has LevelScriptBlueprint '/Game/Levels/TutorialMap.TutorialMap:PersistentLevel.TutorialMap' with GeneratedClass '/Game/Levels/TutorialMap.TutorialMap_C' with ClassGeneratedBy '/Game/Levels/TutorialMap.TutorialMap:PersistentLevel.TutorialMap'
[2017.03.23-18.39.04:253][189]LogPlayLevel: PlayLevel: No blueprints needed recompiling
[2017.03.23-18.39.04:253][189]PIE: New page: PIE session: TutorialMap (Mar 23, 2017, 8:39:04 PM)
[2017.03.23-18.39.04:253][189]LogPlayLevel: Creating play world package: /Game/Levels/UEDPIE_0_TutorialMap
[2017.03.23-18.39.04:370][189]LogPlayLevel: PIE: StaticDuplicateObject took: (0.115953s)
[2017.03.23-18.39.04:370][189]LogAIModule: Creating AISystem for world TutorialMap
[2017.03.23-18.39.04:370][189]LogPlayLevel: PIE: World Init took: (0.000579s)
[2017.03.23-18.39.04:371][189]LogPlayLevel: PIE: Created PIE world by copying editor world from /Game/Levels/TutorialMap.TutorialMap to /Game/Levels/UEDPIE_0_TutorialMap.TutorialMap (0.117199s)
[2017.03.23-18.39.04:403][189]LogInit: XAudio2 using 'Speakers (Realtek High Definition Audio)' : 2 channels at 48 kHz using 32 bits per sample (channel mask 0x3)
[2017.03.23-18.39.04:413][189]LogInit: FAudioDevice initialized.
[2017.03.23-18.39.04:477][189]LogLoad: Game class is 'GameModeBase'
[2017.03.23-18.39.04:518][189]LogSkeletalMesh: UPhysicsAssetInstance::InitInstance : Could not find root physics body: CharacterMesh0
[2017.03.23-18.39.04:518][189]LogSkeletalMesh: UPhysicsAssetInstance::InitInstance : Could not find root physics body: CharacterMesh0
[2017.03.23-18.39.04:518][189]LogSkeletalMesh: UPhysicsAssetInstance::InitInstance : Could not find root physics body: CharacterMesh0
[2017.03.23-18.39.04:520][189]LogWorld: Bringing World /Game/Levels/UEDPIE_0_TutorialMap.TutorialMap up for play (max tick rate 0) at 2017.03.23-19.39.04
[2017.03.23-18.39.04:523][189]LogWorld: Bringing up level for play took: 0.044003
[2017.03.23-18.39.04:535][189]PIE: Info Play in editor start time for /Game/Levels/UEDPIE_0_TutorialMap 0.42
[2017.03.23-18.39.04:537][189]LogBlueprintUserMessages: Late PlayInEditor Detection: Level '/Game/Levels/TutorialMap.TutorialMap:PersistentLevel' has LevelScriptBlueprint '/Game/Levels/TutorialMap.TutorialMap:PersistentLevel.TutorialMap' with GeneratedClass '/Game/Levels/TutorialMap.TutorialMap_C' with ClassGeneratedBy '/Game/Levels/TutorialMap.TutorialMap:PersistentLevel.TutorialMap'
[2017.03.23-18.39.08:298][308]LogBlueprintUserMessages: Early EndPlayMap Detection: Level '/Game/Levels/TutorialMap.TutorialMap:PersistentLevel' has LevelScriptBlueprint '/Game/Levels/TutorialMap.TutorialMap:PersistentLevel.TutorialMap' with GeneratedClass '/Game/Levels/TutorialMap.TutorialMap_C' with ClassGeneratedBy '/Game/Levels/TutorialMap.TutorialMap:PersistentLevel.TutorialMap'
[2017.03.23-18.39.08:446][308]LogBlueprintUserMessages: Late EndPlayMap Detection: Level '/Game/Levels/TutorialMap.TutorialMap:PersistentLevel' has LevelScriptBlueprint '/Game/Levels/TutorialMap.TutorialMap:PersistentLevel.TutorialMap' with GeneratedClass '/Game/Levels/TutorialMap.TutorialMap_C' with ClassGeneratedBy '/Game/Levels/TutorialMap.TutorialMap:PersistentLevel.TutorialMap'
[2017.03.23-18.39.10:005][383]Cmd: TRANSACTION UNDO
[2017.03.23-18.39.10:005][383]LogEditorTransaction: Undo Move Actors
[2017.03.23-18.39.10:024][383]LogActorComponent: RegisterComponentWithWorld: (/Engine/Transient.DebugSkelMeshComponent_0) Already registered. Aborting.
[2017.03.23-18.39.10:399][394]Cmd: TRANSACTION UNDO
[2017.03.23-18.39.10:399][394]LogEditorTransaction: Undo Scale Actors
[2017.03.23-18.39.10:417][394]LogActorComponent: RegisterComponentWithWorld: (/Engine/Transient.DebugSkelMeshComponent_0) Already registered. Aborting.
[2017.03.23-18.39.10:812][408]Cmd: TRANSACTION UNDO
[2017.03.23-18.39.10:812][408]LogEditorTransaction: Undo Clicking on Actors
[2017.03.23-18.39.10:825][408]LogActorComponent: RegisterComponentWithWorld: (/Engine/Transient.DebugSkelMeshComponent_0) Already registered. Aborting.
[2017.03.23-18.39.18:814][798]LogSavePackage: Save=1059.65ms
[2017.03.23-18.39.18:814][798]LogSavePackage: Moving '../../../../../../ENTI/CUARTO CURSO/VAN/VANsGame/Mechanics/BasicMechanics/Saved/TutorialMapE30E25AC4E0FD84574C6EA9963D3602C.tmp' to '../../../../../../ENTI/CUARTO CURSO/VAN/VANsGame/Mechanics/BasicMechanics/Content/Levels/TutorialMap.umap'
[2017.03.23-18.39.18:817][798]LogSavePackage:Display: Finished SavePackage ../../../../../../ENTI/CUARTO CURSO/VAN/VANsGame/Mechanics/BasicMechanics/Content/Levels/TutorialMap.umap
[2017.03.23-18.39.18:866][798]LogFileHelpers: Saving map 'TutorialMap' took 1.224
[2017.03.23-18.39.19:996][889]LogWindowsTextInputMethodSystem:Display: IME system now deactivated.
[2017.03.23-18.39.20:189][890]Cmd: QUIT_EDITOR
[2017.03.23-18.39.20:350][890]LogExit: Preparing to exit.
[2017.03.23-18.39.21:219][890]LogDirectoryWatcher: A directory notification for 'D:/ENTI/CUARTO CURSO/VAN/VANsGame/Mechanics/BasicMechanics/Content/' was aborted.
[2017.03.23-18.39.21:286][890]LogExit: Editor shut down
[2017.03.23-18.39.21:286][890]LogExit: Transaction tracking system shut down
[2017.03.23-18.39.21:384][890]LogObj: Freed 0b from 0 cluster array pools.
[2017.03.23-18.39.21:384][890]LogExit: Object subsystem successfully closed.
[2017.03.23-18.39.21:398][890]LogD3D11RHI: Shutdown
[2017.03.23-18.39.21:398][890]LogD3D11RHI: CleanupD3DDevice
[2017.03.23-18.39.21:543][890]LogD3D11RHI: ~FD3D11DynamicRHI
[2017.03.23-18.39.21:551][890]LogHttp:Display: Http module shutting down, but needs to wait on 1 outstanding Http requests:
[2017.03.23-18.39.21:551][890]LogHttp:Display: 	verb=[POST] url=[https://datarouter.ol.epicgames.com/datarouter/api/v1/public/data?SessionID=%7B5ED3C574-4133-305C-B1D8-AC9DFF5960D8%7D&AppID=UEEditor.Rocket.Release&AppVersion=4.14.3-3249277%2B%2B%2BUE4%2BRelease-4.14&UserID=0d0df4064de62c4106867f8e532c4afa%7Ca87b32ece6994b04a16f0bd7f6ed0b63%7C1e0b2d71-ee1b-4c2e-b608-ea3b2fb8f85c&AppEnvironment=datacollector-binary&UploadType=eteventstream] status=Processing
[2017.03.23-18.39.21:586][890]LogModuleManager: Shutting down and abandoning module MovieSceneCapture (246)
[2017.03.23-18.39.21:586][890]LogModuleManager: Shutting down and abandoning module SkeletonEditor (245)
[2017.03.23-18.39.21:586][890]LogModuleManager: Shutting down and abandoning module AnimationBlueprintEditor (244)
[2017.03.23-18.39.21:586][890]LogModuleManager: Shutting down and abandoning module BlueprintGraph (243)
[2017.03.23-18.39.21:586][890]LogModuleManager: Shutting down and abandoning module BlueprintProfiler (242)
[2017.03.23-18.39.21:586][890]LogModuleManager: Shutting down and abandoning module HierarchicalLODOutliner (241)
[2017.03.23-18.39.21:586][890]LogModuleManager: Shutting down and abandoning module CrashTracker (240)
[2017.03.23-18.39.21:586][890]LogModuleManager: Shutting down and abandoning module SceneOutliner (239)
[2017.03.23-18.39.21:586][890]LogModuleManager: Shutting down and abandoning module WidgetCarousel (238)
[2017.03.23-18.39.21:586][890]LogModuleManager: Shutting down and abandoning module AddContentDialog (237)
[2017.03.23-18.39.21:586][890]LogDirectoryWatcher: A directory notification for 'D:/Program Files/Epic Games/4.14/FeaturePacks/' was aborted.
[2017.03.23-18.39.21:587][890]LogModuleManager: Shutting down and abandoning module GameplayTags (236)
[2017.03.23-18.39.21:587][890]LogModuleManager: Shutting down and abandoning module EditorWidgets (235)
[2017.03.23-18.39.21:587][890]LogModuleManager: Shutting down and abandoning module CollectionManager (234)
[2017.03.23-18.39.21:587][890]LogDirectoryWatcher: A directory notification for 'D:/ENTI/CUARTO CURSO/VAN/VANsGame/Mechanics/BasicMechanics/Content/Collections/' was aborted.
[2017.03.23-18.39.21:587][890]LogDirectoryWatcher: A directory notification for 'D:/ENTI/CUARTO CURSO/VAN/VANsGame/Mechanics/BasicMechanics/Content/Developers/Usuario/Collections/' was aborted.
[2017.03.23-18.39.21:588][890]LogDirectoryWatcher: A directory notification for 'D:/ENTI/CUARTO CURSO/VAN/VANsGame/Mechanics/BasicMechanics/Saved/Collections/' was aborted.
[2017.03.23-18.39.21:588][890]LogModuleManager: Shutting down and abandoning module StatsViewer (233)
[2017.03.23-18.39.21:588][890]LogModuleManager: Shutting down and abandoning module FoliageEdit (232)
[2017.03.23-18.39.21:588][890]LogModuleManager: Shutting down and abandoning module LandscapeEditor (231)
[2017.03.23-18.39.21:588][890]LogModuleManager: Shutting down and abandoning module SceneDepthPickerMode (230)
[2017.03.23-18.39.21:588][890]LogModuleManager: Shutting down and abandoning module ActorPickerMode (229)
[2017.03.23-18.39.21:588][890]LogModuleManager: Shutting down and abandoning module GeometryMode (228)
[2017.03.23-18.39.21:588][890]LogModuleManager: Shutting down and abandoning module TextureAlignMode (227)
[2017.03.23-18.39.21:588][890]LogModuleManager: Shutting down and abandoning module BspMode (226)
[2017.03.23-18.39.21:588][890]LogModuleManager: Shutting down and abandoning module HardwareSurvey (225)
[2017.03.23-18.39.21:588][890]LogModuleManager: Shutting down and abandoning module SequenceRecorderSections (224)
[2017.03.23-18.39.21:588][890]LogModuleManager: Shutting down and abandoning module AutomationWorker (223)
[2017.03.23-18.39.21:588][890]LogModuleManager: Shutting down and abandoning module MatineeToLevelSequence (222)
[2017.03.23-18.39.21:588][890]LogModuleManager: Shutting down and abandoning module PlacementMode (221)
[2017.03.23-18.39.21:588][890]LogModuleManager: Shutting down and abandoning module LevelSequenceEditor (220)
[2017.03.23-18.39.21:588][890]LogModuleManager: Shutting down and abandoning module WmfMediaFactory (219)
[2017.03.23-18.39.21:588][890]LogModuleManager: Shutting down and abandoning module WmfMediaEditor (218)
[2017.03.23-18.39.21:588][890]LogModuleManager: Shutting down and abandoning module AvfMediaFactory (217)
[2017.03.23-18.39.21:588][890]LogModuleManager: Shutting down and abandoning module AvfMediaEditor (216)
[2017.03.23-18.39.21:588][890]LogModuleManager: Shutting down and abandoning module Media (215)
[2017.03.23-18.39.21:588][890]LogModuleManager: Shutting down and abandoning module AndroidMediaFactory (214)
[2017.03.23-18.39.21:588][890]LogModuleManager: Shutting down and abandoning module AndroidMediaEditor (213)
[2017.03.23-18.39.21:588][890]LogModuleManager: Shutting down and abandoning module CharacterAI (212)
[2017.03.23-18.39.21:588][890]LogModuleManager: Shutting down and abandoning module SequenceRecorder (211)
[2017.03.23-18.39.21:588][890]LogModuleManager: Shutting down and abandoning module AudioCapture (210)
[2017.03.23-18.39.21:588][890]LogModuleManager: Shutting down and abandoning module SmartSnapping (209)
[2017.03.23-18.39.21:588][890]LogModuleManager: Shutting down and abandoning module SessionServices (208)
[2017.03.23-18.39.21:588][890]LogModuleManager: Shutting down and abandoning module ViewportSnapping (207)
[2017.03.23-18.39.21:588][890]LogModuleManager: Shutting down and abandoning module ViewportInteraction (206)
[2017.03.23-18.39.21:588][890]LogModuleManager: Shutting down and abandoning module LogVisualizer (205)
[2017.03.23-18.39.21:588][890]LogModuleManager: Shutting down and abandoning module GameProjectGeneration (204)
[2017.03.23-18.39.21:588][890]LogModuleManager: Shutting down and abandoning module IntroTutorials (203)
[2017.03.23-18.39.21:588][890]LogModuleManager: Shutting down and abandoning module EditorLiveStreaming (202)
[2017.03.23-18.39.21:588][890]LogModuleManager: Shutting down and abandoning module IOSPlatformEditor (201)
[2017.03.23-18.39.21:588][890]LogModuleManager: Shutting down and abandoning module HTML5PlatformEditor (200)
[2017.03.23-18.39.21:588][890]LogModuleManager: Shutting down and abandoning module AndroidDeviceDetection (199)
[2017.03.23-18.39.21:704][890]LogModuleManager: Shutting down and abandoning module AndroidPlatformEditor (198)
[2017.03.23-18.39.21:704][890]LogModuleManager: Shutting down and abandoning module IOSRuntimeSettings (197)
[2017.03.23-18.39.21:704][890]LogModuleManager: Shutting down and abandoning module AndroidRuntimeSettings (196)
[2017.03.23-18.39.21:704][890]LogModuleManager: Shutting down and abandoning module InputBindingEditor (195)
[2017.03.23-18.39.21:704][890]LogModuleManager: Shutting down and abandoning module NiagaraEditor (194)
[2017.03.23-18.39.21:704][890]LogModuleManager: Shutting down and abandoning module MergeActors (193)
[2017.03.23-18.39.21:704][890]LogModuleManager: Shutting down and abandoning module SizeMap (192)
[2017.03.23-18.39.21:704][890]LogModuleManager: Shutting down and abandoning module TreeMap (191)
[2017.03.23-18.39.21:704][890]LogModuleManager: Shutting down and abandoning module ReferenceViewer (190)
[2017.03.23-18.39.21:704][890]LogModuleManager: Shutting down and abandoning module LocalizationService (189)
[2017.03.23-18.39.21:704][890]LogModuleManager: Shutting down and abandoning module LocalizationDashboard (188)
[2017.03.23-18.39.21:704][890]LogModuleManager: Shutting down and abandoning module HardwareTargeting (187)
[2017.03.23-18.39.21:704][890]LogModuleManager: Shutting down and abandoning module DeviceProfileEditor (186)
[2017.03.23-18.39.21:704][890]LogModuleManager: Shutting down and abandoning module UndoHistory (185)
[2017.03.23-18.39.21:704][890]LogModuleManager: Shutting down and abandoning module UserFeedback (184)
[2017.03.23-18.39.21:704][890]LogModuleManager: Shutting down and abandoning module XmlParser (183)
[2017.03.23-18.39.21:704][890]LogModuleManager: Shutting down and abandoning module Blutility (182)
[2017.03.23-18.39.21:704][890]LogModuleManager: Shutting down and abandoning module ProjectTargetPlatformEditor (181)
[2017.03.23-18.39.21:705][890]LogModuleManager: Shutting down and abandoning module ProjectSettingsViewer (180)
[2017.03.23-18.39.21:705][890]LogModuleManager: Shutting down and abandoning module EditorSettingsViewer (179)
[2017.03.23-18.39.21:705][890]LogModuleManager: Shutting down and abandoning module SettingsEditor (178)
[2017.03.23-18.39.21:705][890]LogModuleManager: Shutting down and abandoning module ProjectLauncher (177)
[2017.03.23-18.39.21:705][890]LogModuleManager: Shutting down and abandoning module SessionFrontend (176)
[2017.03.23-18.39.21:705][890]LogModuleManager: Shutting down and abandoning module ProfilerClient (175)
[2017.03.23-18.39.21:705][890]LogModuleManager: Shutting down and abandoning module TargetDeviceServices (174)
[2017.03.23-18.39.21:705][890]LogModuleManager: Shutting down and abandoning module DeviceManager (173)
[2017.03.23-18.39.21:760][890]LogModuleManager: Shutting down and abandoning module AutomationController (172)
[2017.03.23-18.39.21:760][890]LogModuleManager: Shutting down and abandoning module AutomationWindow (171)
[2017.03.23-18.39.21:760][890]LogModuleManager: Shutting down and abandoning module Layers (170)
[2017.03.23-18.39.21:760][890]LogModuleManager: Shutting down and abandoning module ComponentVisualizers (169)
[2017.03.23-18.39.21:760][890]LogModuleManager: Shutting down and abandoning module DetailCustomizations (168)
[2017.03.23-18.39.21:760][890]LogModuleManager: Shutting down and abandoning module PackagesDialog (167)
[2017.03.23-18.39.21:760][890]LogModuleManager: Shutting down and abandoning module AnimGraph (166)
[2017.03.23-18.39.21:760][890]LogModuleManager: Shutting down and abandoning module Persona (165)
[2017.03.23-18.39.21:760][890]LogModuleManager: Shutting down and abandoning module Kismet (164)
[2017.03.23-18.39.21:766][890]LogModuleManager: Shutting down and abandoning module GraphEditor (163)
[2017.03.23-18.39.21:766][890]LogModuleManager: Shutting down and abandoning module ClassViewer (162)
[2017.03.23-18.39.21:768][890]LogModuleManager: Shutting down and abandoning module Toolbox (161)
[2017.03.23-18.39.21:768][890]LogModuleManager: Shutting down and abandoning module ModuleUI (160)
[2017.03.23-18.39.21:768][890]LogModuleManager: Shutting down and abandoning module MovieSceneTools (159)
[2017.03.23-18.39.21:768][890]LogModuleManager: Shutting down and abandoning module OutputLog (158)
[2017.03.23-18.39.21:768][890]LogModuleManager: Shutting down and abandoning module GammaUI (157)
[2017.03.23-18.39.21:768][890]LogModuleManager: Shutting down and abandoning module Documentation (156)
[2017.03.23-18.39.21:768][890]LogModuleManager: Shutting down and abandoning module Niagara (155)
[2017.03.23-18.39.21:768][890]LogModuleManager: Shutting down and abandoning module StreamingPauseRendering (154)
[2017.03.23-18.39.21:768][890]LogModuleManager: Shutting down and abandoning module AnalyticsET (153)
[2017.03.23-18.39.21:768][890]LogModuleManager: Shutting down and abandoning module PortalServices (152)
[2017.03.23-18.39.21:768][890]LogModuleManager: Shutting down and abandoning module PortalRpc (151)
[2017.03.23-18.39.21:768][890]LogModuleManager: Shutting down and abandoning module MessagingRpc (150)
[2017.03.23-18.39.21:768][890]LogModuleManager: Shutting down and abandoning module GameplayDebugger (149)
[2017.03.23-18.39.21:768][890]LogModuleManager: Shutting down and abandoning module AITestSuite (148)
[2017.03.23-18.39.21:768][890]LogModuleManager: Shutting down and abandoning module AIModule (147)
[2017.03.23-18.39.21:768][890]LogModuleManager: Shutting down and abandoning module ProfilerService (146)
[2017.03.23-18.39.21:865][890]LogModuleManager: Shutting down and abandoning module TaskGraph (145)
[2017.03.23-18.39.21:865][890]LogModuleManager: Shutting down and abandoning module SlateRemote (144)
[2017.03.23-18.39.21:866][890]LogModuleManager: Shutting down and abandoning module SteamVRController (143)
[2017.03.23-18.39.21:866][890]LogModuleManager: Shutting down and abandoning module SteamVR (142)
[2017.03.23-18.39.21:866][890]LogModuleManager: Shutting down and abandoning module ProceduralMeshComponentEditor (141)
[2017.03.23-18.39.21:866][890]LogModuleManager: Shutting down and abandoning module ProceduralMeshComponent (140)
[2017.03.23-18.39.21:866][890]LogModuleManager: Shutting down and abandoning module OculusLibrary (139)
[2017.03.23-18.39.21:866][890]LogModuleManager: Shutting down and abandoning module OculusInput (138)
[2017.03.23-18.39.21:866][890]LogModuleManager: Shutting down and abandoning module MobilePatchingUtils (137)
[2017.03.23-18.39.21:866][890]LogModuleManager: Shutting down and abandoning module CustomMeshComponent (136)
[2017.03.23-18.39.21:866][890]LogModuleManager: Shutting down and abandoning module CableComponent (135)
[2017.03.23-18.39.21:866][890]LogModuleManager: Shutting down and abandoning module ArchVisCharacter (134)
[2017.03.23-18.39.21:866][890]LogModuleManager: Shutting down and abandoning module MediaPlayerEditor (132)
[2017.03.23-18.39.21:866][890]LogModuleManager: Shutting down and abandoning module HTML5Networking (131)
[2017.03.23-18.39.21:866][890]LogModuleManager: Shutting down and abandoning module GeometryCacheEd (130)
[2017.03.23-18.39.21:866][890]LogModuleManager: Shutting down and abandoning module GeometryCache (129)
[2017.03.23-18.39.21:866][890]LogModuleManager: Shutting down and abandoning module AlembicLibrary (128)
[2017.03.23-18.39.21:866][890]LogModuleManager: Shutting down and abandoning module AlembicImporter (127)
[2017.03.23-18.39.21:866][890]LogModuleManager: Shutting down and abandoning module SuperSearch (126)
[2017.03.23-18.39.21:866][890]LogModuleManager: Shutting down and abandoning module SuperSearchEditor (125)
[2017.03.23-18.39.21:866][890]LogModuleManager: Shutting down and abandoning module SpeedTreeImporter (124)
[2017.03.23-18.39.21:866][890]LogModuleManager: Shutting down and abandoning module PluginBrowser (123)
[2017.03.23-18.39.21:866][890]LogModuleManager: Shutting down and abandoning module MobileLauncherProfileWizard (122)
[2017.03.23-18.39.21:866][890]LogModuleManager: Shutting down and abandoning module EpicSurvey (121)
[2017.03.23-18.39.21:866][890]LogModuleManager: Shutting down and abandoning module DesktopPlatform (120)
[2017.03.23-18.39.21:866][890]LogModuleManager: Shutting down and abandoning module VisualStudioSourceCodeAccess (119)
[2017.03.23-18.39.21:866][890]LogModuleManager: Shutting down and abandoning module UObjectPlugin (118)
[2017.03.23-18.39.21:866][890]LogModuleManager: Shutting down and abandoning module SubversionSourceControl (117)
[2017.03.23-18.39.21:866][890]LogModuleManager: Shutting down and abandoning module PerforceSourceControl (116)
[2017.03.23-18.39.21:866][890]LogModuleManager: Shutting down and abandoning module SourceControl (115)
[2017.03.23-18.39.21:866][890]LogModuleManager: Shutting down and abandoning module GitSourceControl (114)
[2017.03.23-18.39.21:866][890]LogModuleManager: Shutting down and abandoning module LightPropagationVolumeEditor (113)
[2017.03.23-18.39.21:866][890]LogModuleManager: Shutting down and abandoning module PaperTiledImporter (112)
[2017.03.23-18.39.21:866][890]LogModuleManager: Shutting down and abandoning module PaperSpriteSheetImporter (111)
[2017.03.23-18.39.21:866][890]LogModuleManager: Shutting down and abandoning module MeshPaint (110)
[2017.03.23-18.39.21:867][890]LogModuleManager: Shutting down and abandoning module PixelInspectorModule (109)
[2017.03.23-18.39.21:867][890]LogModuleManager: Shutting down and abandoning module HotReload (108)
[2017.03.23-18.39.21:867][890]LogModuleManager: Shutting down and abandoning module MainFrame (107)
[2017.03.23-18.39.21:867][890]LogModuleManager: Shutting down and abandoning module LevelEditor (106)
[2017.03.23-18.39.21:868][890]LogModuleManager: Shutting down and abandoning module ContentBrowser (105)
[2017.03.23-18.39.21:870][890]LogModuleManager: Shutting down and abandoning module Paper2DEditor (104)
[2017.03.23-18.39.21:870][890]LogModuleManager: Shutting down and abandoning module UdpMessaging (103)
[2017.03.23-18.39.21:970][890]LogModuleManager: Shutting down and abandoning module TcpMessaging (102)
[2017.03.23-18.39.22:071][890]LogModuleManager: Shutting down and abandoning module LightPropagationVolumeRuntime (101)
[2017.03.23-18.39.22:071][890]LogModuleManager: Shutting down and abandoning module Paper2D (100)
[2017.03.23-18.39.22:071][890]LogModuleManager: Shutting down and abandoning module WindowsMoviePlayer (99)
[2017.03.23-18.39.22:071][890]LogModuleManager: Shutting down and abandoning module WmfMedia (98)
[2017.03.23-18.39.22:071][890]LogModuleManager: Shutting down and abandoning module MediaAssets (97)
[2017.03.23-18.39.22:071][890]LogModuleManager: Shutting down and abandoning module GameLiveStreaming (96)
[2017.03.23-18.39.22:071][890]LogModuleManager: Shutting down and abandoning module GameplayTagsEditor (95)
[2017.03.23-18.39.22:071][890]LogModuleManager: Shutting down and abandoning module VREditor (94)
[2017.03.23-18.39.22:071][890]LogModuleManager: Shutting down and abandoning module GameplayTasksEditor (93)
[2017.03.23-18.39.22:071][890]LogModuleManager: Shutting down and abandoning module BehaviorTreeEditor (92)
[2017.03.23-18.39.22:071][890]LogModuleManager: Shutting down and abandoning module FunctionalTesting (91)
[2017.03.23-18.39.22:071][890]LogModuleManager: Shutting down and abandoning module CollisionAnalyzer (90)
[2017.03.23-18.39.22:071][890]LogModuleManager: Shutting down and abandoning module Sequencer (89)
[2017.03.23-18.39.22:071][890]LogModuleManager: Shutting down and abandoning module WorkspaceMenuStructure (88)
[2017.03.23-18.39.22:071][890]LogModuleManager: Shutting down and abandoning module MessageLog (87)
[2017.03.23-18.39.22:072][890]LogModuleManager: Shutting down and abandoning module AssetTools (86)
[2017.03.23-18.39.22:072][890]LogModuleManager: Shutting down and abandoning module UMGEditor (85)
[2017.03.23-18.39.22:072][890]LogModuleManager: Shutting down and abandoning module UMG (84)
[2017.03.23-18.39.22:072][890]LogModuleManager: Shutting down and abandoning module SlateReflector (83)
[2017.03.23-18.39.22:072][890]LogModuleManager: Shutting down and abandoning module Slate (82)
[2017.03.23-18.39.22:072][890]LogModuleManager: Shutting down and abandoning module EditorStyle (81)
[2017.03.23-18.39.22:076][890]LogModuleManager: Shutting down and abandoning module SourceCodeAccess (80)
[2017.03.23-18.39.22:076][890]LogModuleManager: Shutting down and abandoning module HeadMountedDisplay (79)
[2017.03.23-18.39.22:076][890]LogModuleManager: Shutting down and abandoning module XAudio2 (78)
[2017.03.23-18.39.22:076][890]LogModuleManager: Shutting down and abandoning module Networking (76)
[2017.03.23-18.39.22:076][890]LogModuleManager: Shutting down and abandoning module Core (75)
[2017.03.23-18.39.22:076][890]LogModuleManager: Shutting down and abandoning module DirectoryWatcher (74)
[2017.03.23-18.39.22:076][890]LogDirectoryWatcher: A directory notification for '../../../Engine/Content/' was aborted.
[2017.03.23-18.39.22:076][890]LogDirectoryWatcher: A directory notification for '../../../../../../ENTI/CUARTO CURSO/VAN/VANsGame/Mechanics/BasicMechanics/Content/' was aborted.
[2017.03.23-18.39.22:076][890]LogDirectoryWatcher: A directory notification for '../../../Engine/Plugins/2D/Paper2D/Content/' was aborted.
[2017.03.23-18.39.22:077][890]LogModuleManager: Shutting down and abandoning module AssetRegistry (73)
[2017.03.23-18.39.22:169][890]LogModuleManager: Shutting down and abandoning module KismetCompiler (72)
[2017.03.23-18.39.22:170][890]LogModuleManager: Shutting down and abandoning module PhysXFormats (71)
[2017.03.23-18.39.22:170][890]LogModuleManager: Shutting down and abandoning module SimplygonSwarm (70)
[2017.03.23-18.39.22:170][890]LogModuleManager: Shutting down and abandoning module SimplygonMeshReduction (69)
[2017.03.23-18.39.22:170][890]LogModuleManager: Shutting down and abandoning module QuadricMeshReduction (68)
[2017.03.23-18.39.22:170][890]LogModuleManager: Shutting down and abandoning module PropertyEditor (67)
[2017.03.23-18.39.22:170][890]LogModuleManager: Shutting down and abandoning module MeshUtilities (66)
[2017.03.23-18.39.22:170][890]LogModuleManager: Shutting down and abandoning module DerivedDataCache (65)
[2017.03.23-18.39.22:172][890]LogDerivedDataCache: Shutdown
[2017.03.23-18.39.22:172][890]LogModuleManager: Shutting down and abandoning module VulkanShaderFormat (64)
[2017.03.23-18.39.22:172][890]LogModuleManager: Shutting down and abandoning module ShaderFormatOpenGL (63)
[2017.03.23-18.39.22:172][890]LogModuleManager: Shutting down and abandoning module ShaderFormatD3D (62)
[2017.03.23-18.39.22:172][890]LogModuleManager: Shutting down and abandoning module MetalShaderFormat (61)
[2017.03.23-18.39.22:172][890]LogModuleManager: Shutting down and abandoning module TextureFormatUncompressed (60)
[2017.03.23-18.39.22:172][890]LogModuleManager: Shutting down and abandoning module TextureFormatPVR (59)
[2017.03.23-18.39.22:172][890]LogModuleManager: Shutting down and abandoning module TextureFormatDXT (58)
[2017.03.23-18.39.22:172][890]LogModuleManager: Shutting down and abandoning module TextureFormatIntelISPCTexComp (57)
[2017.03.23-18.39.22:172][890]LogModuleManager: Shutting down and abandoning module ImageWrapper (56)
[2017.03.23-18.39.22:172][890]LogModuleManager: Shutting down and abandoning module TextureFormatASTC (55)
[2017.03.23-18.39.22:172][890]LogModuleManager: Shutting down and abandoning module TextureFormatAndroid (54)
[2017.03.23-18.39.22:172][890]LogModuleManager: Shutting down and abandoning module AudioFormatOpus (53)
[2017.03.23-18.39.22:172][890]LogModuleManager: Shutting down and abandoning module AudioFormatOgg (52)
[2017.03.23-18.39.22:172][890]LogModuleManager: Shutting down and abandoning module AudioFormatADPCM (51)
[2017.03.23-18.39.22:172][890]LogModuleManager: Shutting down and abandoning module LinuxTargetPlatform (50)
[2017.03.23-18.39.22:172][890]LogModuleManager: Shutting down and abandoning module LinuxServerTargetPlatform (49)
[2017.03.23-18.39.22:172][890]LogModuleManager: Shutting down and abandoning module LinuxNoEditorTargetPlatform (48)
[2017.03.23-18.39.22:172][890]LogModuleManager: Shutting down and abandoning module LinuxClientTargetPlatform (47)
[2017.03.23-18.39.22:172][890]LogModuleManager: Shutting down and abandoning module TVOSTargetPlatform (46)
[2017.03.23-18.39.22:173][890]LogModuleManager: Shutting down and abandoning module Messaging (45)
[2017.03.23-18.39.22:173][890]LogModuleManager: Shutting down and abandoning module IOSTargetPlatform (44)
[2017.03.23-18.39.22:173][890]LogModuleManager: Shutting down and abandoning module HTML5TargetPlatform (43)
[2017.03.23-18.39.22:173][890]LogModuleManager: Shutting down and abandoning module Android_PVRTCTargetPlatform (42)
[2017.03.23-18.39.22:173][890]LogModuleManager: Shutting down and abandoning module Android_MultiTargetPlatform (41)
[2017.03.23-18.39.22:173][890]LogModuleManager: Shutting down and abandoning module Android_ETC2TargetPlatform (40)
[2017.03.23-18.39.22:173][890]LogModuleManager: Shutting down and abandoning module Android_ETC1TargetPlatform (39)
[2017.03.23-18.39.22:173][890]LogModuleManager: Shutting down and abandoning module Android_DXTTargetPlatform (38)
[2017.03.23-18.39.22:173][890]LogModuleManager: Shutting down and abandoning module Android_ATCTargetPlatform (37)
[2017.03.23-18.39.22:173][890]LogModuleManager: Shutting down and abandoning module Android_ASTCTargetPlatform (36)
[2017.03.23-18.39.22:173][890]LogModuleManager: Shutting down and abandoning module AndroidTargetPlatform (35)
[2017.03.23-18.39.22:173][890]LogModuleManager: Shutting down and abandoning module WindowsTargetPlatform (34)
[2017.03.23-18.39.22:173][890]LogModuleManager: Shutting down and abandoning module WindowsServerTargetPlatform (33)
[2017.03.23-18.39.22:173][890]LogModuleManager: Shutting down and abandoning module WindowsNoEditorTargetPlatform (32)
[2017.03.23-18.39.22:173][890]LogModuleManager: Shutting down and abandoning module WindowsClientTargetPlatform (31)
[2017.03.23-18.39.22:173][890]LogModuleManager: Shutting down and abandoning module MacTargetPlatform (30)
[2017.03.23-18.39.22:173][890]LogModuleManager: Shutting down and abandoning module MacServerTargetPlatform (29)
[2017.03.23-18.39.22:173][890]LogModuleManager: Shutting down and abandoning module MacNoEditorTargetPlatform (28)
[2017.03.23-18.39.22:173][890]LogModuleManager: Shutting down and abandoning module MacClientTargetPlatform (27)
[2017.03.23-18.39.22:173][890]LogModuleManager: Shutting down and abandoning module AllDesktopTargetPlatform (26)
[2017.03.23-18.39.22:173][890]LogModuleManager: Shutting down and abandoning module TargetPlatform (25)
[2017.03.23-18.39.22:173][890]LogModuleManager: Shutting down and abandoning module InputCore (24)
[2017.03.23-18.39.22:173][890]LogModuleManager: Shutting down and abandoning module Settings (23)
[2017.03.23-18.39.22:173][890]LogModuleManager: Shutting down and abandoning module OculusRift (22)
[2017.03.23-18.39.22:173][890]LogModuleManager: Shutting down and abandoning module ExampleDeviceProfileSelector (21)
[2017.03.23-18.39.22:173][890]LogModuleManager: Shutting down and abandoning module OnlineBlueprintSupport (20)
[2017.03.23-18.39.22:173][890]LogModuleManager: Shutting down and abandoning module OnlineSubsystem (18)
[2017.03.23-18.39.22:173][890]LogOnline:Display: Unloading online subsystem: NULL
[2017.03.23-18.39.22:173][890]LogModuleManager: Shutting down and abandoning module SSL (17)
[2017.03.23-18.39.22:174][890]LogModuleManager: Shutting down and abandoning module HTTP (16)
[2017.03.23-18.39.22:174][890]LogModuleManager: Shutting down and abandoning module XMPP (15)
[2017.03.23-18.39.22:174][890]LogModuleManager: Shutting down and abandoning module TextureCompressor (14)
[2017.03.23-18.39.22:175][890]LogModuleManager: Shutting down and abandoning module ShaderCore (13)
[2017.03.23-18.39.22:175][890]LogModuleManager: Shutting down and abandoning module Landscape (12)
[2017.03.23-18.39.22:175][890]LogModuleManager: Shutting down and abandoning module SlateRHIRenderer (11)
[2017.03.23-18.39.22:177][890]LogModuleManager: Shutting down and abandoning module OpenGLDrv (10)
[2017.03.23-18.39.22:177][890]LogModuleManager: Shutting down and abandoning module D3D11RHI (9)
[2017.03.23-18.39.22:177][890]LogModuleManager: Shutting down and abandoning module AnimGraphRuntime (8)
[2017.03.23-18.39.22:177][890]LogModuleManager: Shutting down and abandoning module Renderer (7)
[2017.03.23-18.39.22:177][890]LogModuleManager: Shutting down and abandoning module Engine (6)
[2017.03.23-18.39.22:177][890]LogModuleManager: Shutting down and abandoning module CoreUObject (5)
[2017.03.23-18.39.22:177][890]LogModuleManager: Shutting down and abandoning module NetworkFile (4)
[2017.03.23-18.39.22:177][890]LogModuleManager: Shutting down and abandoning module StreamingFile (3)
[2017.03.23-18.39.22:177][890]LogModuleManager: Shutting down and abandoning module SandboxFile (2)
[2017.03.23-18.39.22:177][890]LogModuleManager: Shutting down and abandoning module PakFile (1)
[2017.03.23-18.39.22:179][890]LogExit: Exiting.
[2017.03.23-18.39.22:204][890]Log file closed, 03/23/17 19:39:22
