Log file open, 01/11/17 15:32:13
LogInit:Display: Running engine for game: BasicMechanics
LogPlatformFile: Not using cached read wrapper
LogInit:Display: RandInit(1553836541) SRandInit(1553836541).
LogTaskGraph: Started task graph with 5 named threads and 6 total threads with 1 sets of task threads.
LogStats: Stats thread started at 0.865468
LogPluginManager: Loaded Plugin Paper2D, From C:/Program Files (x86)/Epic Games/4.13/Engine/Plugins/2D/Paper2D/Paper2D.uplugin
LogPluginManager: Loaded Plugin LightPropagationVolume, From C:/Program Files (x86)/Epic Games/4.13/Engine/Plugins/Blendables/LightPropagationVolume/LightPropagationVolume.uplugin
LogPluginManager: Loaded Plugin BlankPlugin, From C:/Program Files (x86)/Epic Games/4.13/Engine/Plugins/Developer/BlankPlugin/BlankPlugin.uplugin
LogPluginManager: Loaded Plugin CodeLiteSourceCodeAccess, From C:/Program Files (x86)/Epic Games/4.13/Engine/Plugins/Developer/CodeLiteSourceCodeAccess/CodeLiteSourceCodeAccess.uplugin
LogPluginManager: Loaded Plugin GitSourceControl, From C:/Program Files (x86)/Epic Games/4.13/Engine/Plugins/Developer/GitSourceControl/GitSourceControl.uplugin
LogPluginManager: Loaded Plugin KDevelopSourceCodeAccess, From C:/Program Files (x86)/Epic Games/4.13/Engine/Plugins/Developer/KDevelopSourceCodeAccess/KDevelopSourceCodeAccess.uplugin
LogPluginManager: Loaded Plugin NullSourceCodeAccess, From C:/Program Files (x86)/Epic Games/4.13/Engine/Plugins/Developer/NullSourceCodeAccess/NullSourceCodeAccess.uplugin
LogPluginManager: Loaded Plugin OneSkyLocalizationService, From C:/Program Files (x86)/Epic Games/4.13/Engine/Plugins/Developer/OneSkyLocalizationService/OneSkyLocalizationService.uplugin
LogPluginManager: Loaded Plugin PerforceSourceControl, From C:/Program Files (x86)/Epic Games/4.13/Engine/Plugins/Developer/PerforceSourceControl/PerforceSourceControl.uplugin
LogPluginManager: Loaded Plugin SubversionSourceControl, From C:/Program Files (x86)/Epic Games/4.13/Engine/Plugins/Developer/SubversionSourceControl/SubversionSourceControl.uplugin
LogPluginManager: Loaded Plugin UObjectPlugin, From C:/Program Files (x86)/Epic Games/4.13/Engine/Plugins/Developer/UObjectPlugin/UObjectPlugin.uplugin
LogPluginManager: Loaded Plugin VisualStudioSourceCodeAccess, From C:/Program Files (x86)/Epic Games/4.13/Engine/Plugins/Developer/VisualStudioSourceCodeAccess/VisualStudioSourceCodeAccess.uplugin
LogPluginManager: Loaded Plugin XCodeSourceCodeAccess, From C:/Program Files (x86)/Epic Games/4.13/Engine/Plugins/Developer/XCodeSourceCodeAccess/XCodeSourceCodeAccess.uplugin
LogPluginManager: Loaded Plugin EpicSurvey, From C:/Program Files (x86)/Epic Games/4.13/Engine/Plugins/Editor/EpicSurvey/EpicSurvey.uplugin
LogPluginManager: Loaded Plugin MacGraphicsSwitching, From C:/Program Files (x86)/Epic Games/4.13/Engine/Plugins/Editor/MacGraphicsSwitching/MacGraphicsSwitching.uplugin
LogPluginManager: Loaded Plugin MobileLauncherProfileWizard, From C:/Program Files (x86)/Epic Games/4.13/Engine/Plugins/Editor/MobileLauncherProfileWizard/MobileLauncherProfileWizard.uplugin
LogPluginManager: Loaded Plugin PluginBrowser, From C:/Program Files (x86)/Epic Games/4.13/Engine/Plugins/Editor/PluginBrowser/PluginBrowser.uplugin
LogPluginManager: Loaded Plugin SpeedTreeImporter, From C:/Program Files (x86)/Epic Games/4.13/Engine/Plugins/Editor/SpeedTreeImporter/SpeedTreeImporter.uplugin
LogPluginManager: Loaded Plugin SuperSearchEditor, From C:/Program Files (x86)/Epic Games/4.13/Engine/Plugins/Editor/SuperSearchEditor/SuperSearchEditor.uplugin
LogPluginManager: Loaded Plugin AlembicImporter, From C:/Program Files (x86)/Epic Games/4.13/Engine/Plugins/Experimental/AlembicImporter/AlembicImporter.uplugin
LogPluginManager: Loaded Plugin BlueprintStats, From C:/Program Files (x86)/Epic Games/4.13/Engine/Plugins/Experimental/BlueprintStats/BlueprintStats.uplugin
LogPluginManager: Loaded Plugin CharacterAI, From C:/Program Files (x86)/Epic Games/4.13/Engine/Plugins/Experimental/CharacterAI/CharacterAI.uplugin
LogPluginManager: Loaded Plugin CodeEditor, From C:/Program Files (x86)/Epic Games/4.13/Engine/Plugins/Experimental/CodeEditor/CodeEditor.uplugin
LogPluginManager: Loaded Plugin CodeView, From C:/Program Files (x86)/Epic Games/4.13/Engine/Plugins/Experimental/CodeView/CodeView.uplugin
LogPluginManager: Loaded Plugin HTML5Networking, From C:/Program Files (x86)/Epic Games/4.13/Engine/Plugins/Experimental/HTML5Networking/HTML5Networking.uplugin
LogPluginManager: Loaded Plugin LiveEditor, From C:/Program Files (x86)/Epic Games/4.13/Engine/Plugins/Experimental/LiveEditor/LiveEditor.uplugin
LogPluginManager: Loaded Plugin OSVR, From C:/Program Files (x86)/Epic Games/4.13/Engine/Plugins/Experimental/OSVR/OSVR.uplugin
LogPluginManager: Loaded Plugin Phya, From C:/Program Files (x86)/Epic Games/4.13/Engine/Plugins/Experimental/Phya/Phya.uplugin
LogPluginManager: Loaded Plugin SignificanceManager, From C:/Program Files (x86)/Epic Games/4.13/Engine/Plugins/Experimental/SignificanceManager/SignificanceManager.uplugin
LogPluginManager: Loaded Plugin SimpleHMD, From C:/Program Files (x86)/Epic Games/4.13/Engine/Plugins/Experimental/SimpleHMD/SimpleHMD.uplugin
LogPluginManager: Loaded Plugin StereoPanorama, From C:/Program Files (x86)/Epic Games/4.13/Engine/Plugins/Experimental/StereoPanorama/StereoPanorama.uplugin
LogPluginManager: Loaded Plugin StructBox, From C:/Program Files (x86)/Epic Games/4.13/Engine/Plugins/Experimental/StructBox/StructBox.uplugin
LogPluginManager: Loaded Plugin AndroidMedia, From C:/Program Files (x86)/Epic Games/4.13/Engine/Plugins/Media/AndroidMedia/AndroidMedia.uplugin
LogPluginManager: Loaded Plugin AvfMedia, From C:/Program Files (x86)/Epic Games/4.13/Engine/Plugins/Media/AvfMedia/AvfMedia.uplugin
LogPluginManager: Loaded Plugin MediaPlayerEditor, From C:/Program Files (x86)/Epic Games/4.13/Engine/Plugins/Media/MediaPlayerEditor/MediaPlayerEditor.uplugin
LogPluginManager: Loaded Plugin WmfMedia, From C:/Program Files (x86)/Epic Games/4.13/Engine/Plugins/Media/WmfMedia/WmfMedia.uplugin
LogPluginManager: Loaded Plugin MessagingDebugger, From C:/Program Files (x86)/Epic Games/4.13/Engine/Plugins/Messaging/MessagingDebugger/MessagingDebugger.uplugin
LogPluginManager: Loaded Plugin TcpMessaging, From C:/Program Files (x86)/Epic Games/4.13/Engine/Plugins/Messaging/TcpMessaging/TcpMessaging.uplugin
LogPluginManager: Loaded Plugin UdpMessaging, From C:/Program Files (x86)/Epic Games/4.13/Engine/Plugins/Messaging/UdpMessaging/UdpMessaging.uplugin
LogPluginManager: Loaded Plugin LevelSequenceEditor, From C:/Program Files (x86)/Epic Games/4.13/Engine/Plugins/MovieScene/LevelSequenceEditor/LevelSequenceEditor.uplugin
LogPluginManager: Loaded Plugin MatineeToLevelSequence, From C:/Program Files (x86)/Epic Games/4.13/Engine/Plugins/MovieScene/MatineeToLevelSequence/MatineeToLevelSequence.uplugin
LogPluginManager: Loaded Plugin NetcodeUnitTest, From C:/Program Files (x86)/Epic Games/4.13/Engine/Plugins/NetcodeUnitTest/NetcodeUnitTest/NetcodeUnitTest.uplugin
LogPluginManager: Loaded Plugin NUTUnrealEngine4, From C:/Program Files (x86)/Epic Games/4.13/Engine/Plugins/NetcodeUnitTest/NUTUnrealEngine4/NUTUnrealEngine4.uplugin
LogPluginManager: Loaded Plugin OnlineSubsystemGooglePlay, From C:/Program Files (x86)/Epic Games/4.13/Engine/Plugins/Online/Android/OnlineSubsystemGooglePlay/OnlineSubsystemGooglePlay.uplugin
LogPluginManager: Loaded Plugin OnlineSubsystemIOS, From C:/Program Files (x86)/Epic Games/4.13/Engine/Plugins/Online/IOS/OnlineSubsystemIOS/OnlineSubsystemIOS.uplugin
LogPluginManager: Loaded Plugin OnlineFramework, From C:/Program Files (x86)/Epic Games/4.13/Engine/Plugins/Online/OnlineFramework/OnlineFramework.uplugin
LogPluginManager: Loaded Plugin OnlineSubsystem, From C:/Program Files (x86)/Epic Games/4.13/Engine/Plugins/Online/OnlineSubsystem/OnlineSubsystem.uplugin
LogPluginManager: Loaded Plugin OnlineSubsystemAmazon, From C:/Program Files (x86)/Epic Games/4.13/Engine/Plugins/Online/OnlineSubsystemAmazon/OnlineSubsystemAmazon.uplugin
LogPluginManager: Loaded Plugin OnlineSubsystemFacebook, From C:/Program Files (x86)/Epic Games/4.13/Engine/Plugins/Online/OnlineSubsystemFacebook/OnlineSubsystemFacebook.uplugin
LogPluginManager: Loaded Plugin OnlineSubsystemNull, From C:/Program Files (x86)/Epic Games/4.13/Engine/Plugins/Online/OnlineSubsystemNull/OnlineSubsystemNull.uplugin
LogPluginManager: Loaded Plugin OnlineSubsystemOculus, From C:/Program Files (x86)/Epic Games/4.13/Engine/Plugins/Online/OnlineSubsystemOculus/OnlineSubsystemOculus.uplugin
LogPluginManager: Loaded Plugin OnlineSubsystemSteam, From C:/Program Files (x86)/Epic Games/4.13/Engine/Plugins/Online/OnlineSubsystemSteam/OnlineSubsystemSteam.uplugin
LogPluginManager: Loaded Plugin OnlineSubsystemUtils, From C:/Program Files (x86)/Epic Games/4.13/Engine/Plugins/Online/OnlineSubsystemUtils/OnlineSubsystemUtils.uplugin
LogPluginManager: Loaded Plugin IOSTapJoy, From C:/Program Files (x86)/Epic Games/4.13/Engine/Plugins/Runtime/Advertising/IOSTapJoy/IOSTapJoy.uplugin
LogPluginManager: Loaded Plugin AnalyticsBlueprintLibrary, From C:/Program Files (x86)/Epic Games/4.13/Engine/Plugins/Runtime/Analytics/AnalyticsBlueprintLibrary/AnalyticsBlueprintLibrary.uplugin
LogPluginManager: Loaded Plugin AnalyticsMulticast, From C:/Program Files (x86)/Epic Games/4.13/Engine/Plugins/Runtime/Analytics/AnalyticsMulticast/AnalyticsMulticast.uplugin
LogPluginManager: Loaded Plugin Apsalar, From C:/Program Files (x86)/Epic Games/4.13/Engine/Plugins/Runtime/Analytics/Apsalar/Apsalar.uplugin
LogPluginManager: Loaded Plugin FileLogging, From C:/Program Files (x86)/Epic Games/4.13/Engine/Plugins/Runtime/Analytics/FileLogging/FileLogging.uplugin
LogPluginManager: Loaded Plugin Flurry, From C:/Program Files (x86)/Epic Games/4.13/Engine/Plugins/Runtime/Analytics/Flurry/Flurry.uplugin
LogPluginManager: Loaded Plugin AndroidDeviceProfileSelector, From C:/Program Files (x86)/Epic Games/4.13/Engine/Plugins/Runtime/AndroidDeviceProfileSelector/AndroidDeviceProfileSelector.uplugin
LogPluginManager: Loaded Plugin AndroidMoviePlayer, From C:/Program Files (x86)/Epic Games/4.13/Engine/Plugins/Runtime/AndroidMoviePlayer/AndroidMoviePlayer.uplugin
LogPluginManager: Loaded Plugin AppleMoviePlayer, From C:/Program Files (x86)/Epic Games/4.13/Engine/Plugins/Runtime/AppleMoviePlayer/AppleMoviePlayer.uplugin
LogPluginManager: Loaded Plugin ArchVisCharacter, From C:/Program Files (x86)/Epic Games/4.13/Engine/Plugins/Runtime/ArchVisCharacter/ArchVisCharacter.uplugin
LogPluginManager: Loaded Plugin CableComponent, From C:/Program Files (x86)/Epic Games/4.13/Engine/Plugins/Runtime/CableComponent/CableComponent.uplugin
LogPluginManager: Loaded Plugin CustomMeshComponent, From C:/Program Files (x86)/Epic Games/4.13/Engine/Plugins/Runtime/CustomMeshComponent/CustomMeshComponent.uplugin
LogPluginManager: Loaded Plugin ExampleDeviceProfileSelector, From C:/Program Files (x86)/Epic Games/4.13/Engine/Plugins/Runtime/ExampleDeviceProfileSelector/ExampleDeviceProfileSelector.uplugin
LogPluginManager: Loaded Plugin GearVR, From C:/Program Files (x86)/Epic Games/4.13/Engine/Plugins/Runtime/GearVR/GearVR.uplugin
LogPluginManager: Loaded Plugin GoogleVRController, From C:/Program Files (x86)/Epic Games/4.13/Engine/Plugins/Runtime/GoogleVR/GoogleVRController/GoogleVRController.uplugin
LogPluginManager: Loaded Plugin GoogleVRHMD, From C:/Program Files (x86)/Epic Games/4.13/Engine/Plugins/Runtime/GoogleVR/GoogleVRHMD/GoogleVRHMD.uplugin
LogPluginManager: Loaded Plugin IOSDeviceProfileSelector, From C:/Program Files (x86)/Epic Games/4.13/Engine/Plugins/Runtime/IOSDeviceProfileSelector/IOSDeviceProfileSelector.uplugin
LogPluginManager: Loaded Plugin LeapMotion, From C:/Program Files (x86)/Epic Games/4.13/Engine/Plugins/Runtime/LeapMotion/LeapMotion.uplugin
LogPluginManager: Loaded Plugin LinuxDeviceProfileSelector, From C:/Program Files (x86)/Epic Games/4.13/Engine/Plugins/Runtime/LinuxDeviceProfileSelector/LinuxDeviceProfileSelector.uplugin
LogPluginManager: Loaded Plugin LiveEditorListenServer, From C:/Program Files (x86)/Epic Games/4.13/Engine/Plugins/Runtime/LiveEditorListenServer/LiveEditorListenServer.uplugin
LogPluginManager: Loaded Plugin OculusAudio, From C:/Program Files (x86)/Epic Games/4.13/Engine/Plugins/Runtime/OculusAudio/OculusAudio.uplugin
LogPluginManager: Loaded Plugin OculusInput, From C:/Program Files (x86)/Epic Games/4.13/Engine/Plugins/Runtime/OculusInput/OculusInput.uplugin
LogPluginManager: Loaded Plugin OculusLibrary, From C:/Program Files (x86)/Epic Games/4.13/Engine/Plugins/Runtime/OculusLibrary/OculusLibrary.uplugin
LogPluginManager: Loaded Plugin OculusRift, From C:/Program Files (x86)/Epic Games/4.13/Engine/Plugins/Runtime/OculusRift/OculusRift.uplugin
LogPluginManager: Loaded Plugin Oodle, From C:/Program Files (x86)/Epic Games/4.13/Engine/Plugins/Runtime/PacketHandlers/CompressionComponents/Oodle/Oodle.uplugin
LogPluginManager: Loaded Plugin ProceduralMeshComponent, From C:/Program Files (x86)/Epic Games/4.13/Engine/Plugins/Runtime/ProceduralMeshComponent/ProceduralMeshComponent.uplugin
LogPluginManager: Loaded Plugin SoundMod, From C:/Program Files (x86)/Epic Games/4.13/Engine/Plugins/Runtime/SoundMod/SoundMod.uplugin
LogPluginManager: Loaded Plugin SoundVisualizations, From C:/Program Files (x86)/Epic Games/4.13/Engine/Plugins/Runtime/SoundVisualizations/SoundVisualizations.uplugin
LogPluginManager: Loaded Plugin SteamController, From C:/Program Files (x86)/Epic Games/4.13/Engine/Plugins/Runtime/Steam/SteamController/SteamController.uplugin
LogPluginManager: Loaded Plugin SteamVR, From C:/Program Files (x86)/Epic Games/4.13/Engine/Plugins/Runtime/Steam/SteamVR/SteamVR.uplugin
LogPluginManager: Loaded Plugin WebBrowserWidget, From C:/Program Files (x86)/Epic Games/4.13/Engine/Plugins/Runtime/WebBrowserWidget/WebBrowserWidget.uplugin
LogPluginManager: Loaded Plugin WindowsDeviceProfileSelector, From C:/Program Files (x86)/Epic Games/4.13/Engine/Plugins/Runtime/WindowsDeviceProfileSelector/WindowsDeviceProfileSelector.uplugin
LogPluginManager: Loaded Plugin WindowsMoviePlayer, From C:/Program Files (x86)/Epic Games/4.13/Engine/Plugins/Runtime/WindowsMoviePlayer/WindowsMoviePlayer.uplugin
LogPluginManager: Loaded Plugin ScriptPlugin, From C:/Program Files (x86)/Epic Games/4.13/Engine/Plugins/ScriptPlugin/ScriptPlugin.uplugin
LogPluginManager: Loaded Plugin SlateRemote, From C:/Program Files (x86)/Epic Games/4.13/Engine/Plugins/Slate/SlateRemote/SlateRemote.uplugin
LogInit: Using libcurl 7.47.1
LogInit:  - built for x86_64-pc-win32
LogInit:  - supports SSL with WinSSL
LogInit:  - other features:
LogInit:      CURL_VERSION_SSL
LogInit:      CURL_VERSION_IPV6
LogInit:      CURL_VERSION_ASYNCHDNS
LogInit:      CURL_VERSION_LARGEFILE
LogInit:      CURL_VERSION_IDN
LogInit:  CurlRequestOptions (configurable via config and command line):
LogInit:  - bVerifyPeer = false  - Libcurl will NOT verify peer certificate
LogInit:  - bUseHttpProxy = false  - Libcurl will NOT use HTTP proxy
LogInit:  - bDontReuseConnections = false  - Libcurl will reuse connections
LogInit:  - CertBundlePath = nullptr  - Libcurl will use whatever was configured at build time.
LogInit: Build: ++UE4+Release-4.13-CL-3172292
LogInit: Engine Version: 4.13.2-3172292+++UE4+Release-4.13
LogInit: Compatible Engine Version: 4.13.0-3106830+++UE4+Release-4.13
LogInit: Net CL: 3172292
LogDevObjectVersion: Number of dev versions registered: 13
LogDevObjectVersion:   Dev-Blueprints (B0D832E4-1F89-4F0D-ACCF-7EB736FD4AA2): 5
LogDevObjectVersion:   Dev-Build (E1C64328-A22C-4D53-A36C-8E866417BD8C): 0
LogDevObjectVersion:   Dev-Core (375EC13C-06E4-48FB-B500-84F0262A717E): 1
LogDevObjectVersion:   Dev-Editor (E4B068ED-F494-42E9-A231-DA0B2E46BB41): 6
LogDevObjectVersion:   Dev-Framework (CFFC743F-43B0-4480-9391-14DF171D2073): 12
LogDevObjectVersion:   Dev-Mobile (B02B49B5-BB20-44E9-A304-32B752E40360): 0
LogDevObjectVersion:   Dev-Networking (A4E4105C-59A1-49B5-A7C5-40C4547EDFEE): 0
LogDevObjectVersion:   Dev-Online (39C831C9-5AE6-47DC-9A44-9C173E1C8E7C): 0
LogDevObjectVersion:   Dev-Physics (78F01B33-EBEA-4F98-B9B4-84EACCB95AA2): 0
LogDevObjectVersion:   Dev-Platform (6631380F-2D4D-43E0-8009-CF276956A95A): 0
LogDevObjectVersion:   Dev-Rendering (12F88B9F-8875-4AFC-A67C-D90C383ABD29): 4
LogDevObjectVersion:   Dev-Sequencer (7B5AE74C-D270-4C10-A958-57980B212A5A): 0
LogDevObjectVersion:   Dev-VR (D7296918-1DD6-4BDD-9DE2-64A83CC13884): 0
LogInit: Compiled (64-bit): Oct 24 2016 14:29:06
LogInit: Compiled with Visual C++: 19.00.23026.00
LogInit: Build Configuration: Development
LogInit: Branch Name: ++UE4+Release-4.13
LogInit: Command line:  
LogInit: Base directory: C:/Program Files (x86)/Epic Games/4.13/Engine/Binaries/Win64/
LogInit: Installed Engine Build: 1
LogInit: Presizing for max 8388607 objects, including 0 objects not considered by GC, pre-allocating 0 bytes for permanent pool.
LogInit: Object subsystem initialized
[2017.01.11-14.32.14:473][  0]LogInit: Selected Device Profile: [Windows]
[2017.01.11-14.32.14:473][  0]LogInit: Applying CVar settings loaded from the selected device profile: [Windows]
[2017.01.11-14.32.14:964][  0]LogInit: Computer: MEDION-PC
[2017.01.11-14.32.14:964][  0]LogInit: User: usuario
[2017.01.11-14.32.14:964][  0]LogInit: CPU Page size=65536, Cores=2
[2017.01.11-14.32.14:964][  0]LogInit: High frequency timer resolution =3.411597 MHz
[2017.01.11-14.32.14:975][  0]LogMemory: Memory total: Physical=15.9GB (16GB approx)
[2017.01.11-14.32.14:980][  0]LogMemory: Platform Memory Stats for Windows
[2017.01.11-14.32.14:980][  0]LogMemory: Process Physical Memory: 258.05 MB used, 258.05 MB peak
[2017.01.11-14.32.14:980][  0]LogMemory: Process Virtual Memory: 259.76 MB used, 259.76 MB peak
[2017.01.11-14.32.14:980][  0]LogMemory: Physical Memory: 5199.71 MB used, 16301.30 MB total
[2017.01.11-14.32.14:980][  0]LogMemory: Virtual Memory: 607.44 MB used, 134217728.00 MB total
[2017.01.11-14.32.15:535][  0]LogInit: Overriding culture en w/ editor configuration.
[2017.01.11-14.32.19:952][  0]LogD3D11RHI: D3D11 adapters:
[2017.01.11-14.32.20:623][  0]LogD3D11RHI:    0. 'NVIDIA GeForce GTX 745' (Feature Level 11_0)
[2017.01.11-14.32.20:623][  0]LogD3D11RHI:       4034/0/8150 MB DedicatedVideo/DedicatedSystem/SharedSystem, Outputs:2, VendorId:0x10de
[2017.01.11-14.32.20:625][  0]LogD3D11RHI:    1. 'Microsoft Basic Render Driver' (Feature Level 11_0)
[2017.01.11-14.32.20:625][  0]LogD3D11RHI:       0/0/8150 MB DedicatedVideo/DedicatedSystem/SharedSystem, Outputs:0, VendorId:0x1414
[2017.01.11-14.32.20:625][  0]LogD3D11RHI: Chosen D3D11 Adapter: 0
[2017.01.11-14.32.20:643][  0]LogD3D11RHI: Creating new Direct3DDevice
[2017.01.11-14.32.20:643][  0]LogD3D11RHI:     GPU DeviceId: 0x1382 (for the marketing name, search the web for "GPU Device Id")
[2017.01.11-14.32.20:643][  0]LogWindows: EnumDisplayDevices:
[2017.01.11-14.32.20:644][  0]LogWindows:    0. 'NVIDIA GeForce GTX 745' (P:1 D:1)
[2017.01.11-14.32.20:644][  0]LogWindows:    1. 'NVIDIA GeForce GTX 745' (P:0 D:1)
[2017.01.11-14.32.20:644][  0]LogWindows: DebugString: FoundDriverCount:2 
[2017.01.11-14.32.20:644][  0]LogD3D11RHI:     Adapter Name: NVIDIA GeForce GTX 745
[2017.01.11-14.32.20:644][  0]LogD3D11RHI:   Driver Version: 368.39 (internal:10.18.13.6839, unified:368.39)
[2017.01.11-14.32.20:644][  0]LogD3D11RHI:      Driver Date: 6-2-2016
[2017.01.11-14.32.20:645][  0]LogRHI: Texture pool is 1361 MB (70% of 1945 MB)
[2017.01.11-14.32.21:161][  0]LogD3D11RHI: Async texture creation enabled
[2017.01.11-14.32.21:526][  0]LogD3D11RHI: GPU Timing Frequency: 1000.000000 (Debug: 2 1)
[2017.01.11-14.32.21:640][  0]LogShaderCompilers: Guid format shader working directory is -25 characters bigger than the processId version (../../../../../../Users/usuario/Desktop/VANsGame/Mechanics/BasicMechanics/Intermediate/Shaders/WorkingDirectory/8924/).
[2017.01.11-14.32.21:653][  0]LogShaderCompilers: Cleaned the shader compiler working directory 'C:/Users/usuario/AppData/Local/Temp/UnrealShaderWorkingDir/AE56C5834466199C08055B9D1045E973/'.
[2017.01.11-14.32.21:675][  0]LogShaderCompilers:Display: Using Local Shader Compiler.
[2017.01.11-14.32.25:647][  0]LogTemp:Display: Loaded TP AllDesktopTargetPlatform
[2017.01.11-14.32.25:660][  0]LogTemp:Display: Loaded TP WindowsClientTargetPlatform
[2017.01.11-14.32.25:673][  0]LogTemp:Display: Loaded TP WindowsNoEditorTargetPlatform
[2017.01.11-14.32.25:686][  0]LogTemp:Display: Loaded TP WindowsServerTargetPlatform
[2017.01.11-14.32.25:699][  0]LogTemp:Display: Loaded TP WindowsTargetPlatform
[2017.01.11-14.32.25:733][  0]LogTemp:Display: Loaded TP AndroidTargetPlatform
[2017.01.11-14.32.25:746][  0]LogTemp:Display: Loaded TP Android_ASTCTargetPlatform
[2017.01.11-14.32.25:756][  0]LogTemp:Display: Loaded TP Android_ATCTargetPlatform
[2017.01.11-14.32.25:767][  0]LogTemp:Display: Loaded TP Android_DXTTargetPlatform
[2017.01.11-14.32.25:778][  0]LogTemp:Display: Loaded TP Android_ETC1TargetPlatform
[2017.01.11-14.32.25:789][  0]LogTemp:Display: Loaded TP Android_ETC2TargetPlatform
[2017.01.11-14.32.25:812][  0]LogTemp:Display: Loaded TP Android_MultiTargetPlatform
[2017.01.11-14.32.25:812][  0]LogTemp:Display: Loaded TP Android_PVRTCTargetPlatform
[2017.01.11-14.32.25:814][  0]LogTemp:Display: Loaded TP HTML5TargetPlatform
[2017.01.11-14.32.25:888][  0]LogTemp:Display: Loaded TP IOSTargetPlatform
[2017.01.11-14.32.25:898][  0]LogTemp:Display: Loaded TP TVOSTargetPlatform
[2017.01.11-14.32.25:909][  0]LogTemp:Display: Loaded TP LinuxClientTargetPlatform
[2017.01.11-14.32.25:919][  0]LogTemp:Display: Loaded TP LinuxNoEditorTargetPlatform
[2017.01.11-14.32.25:929][  0]LogTemp:Display: Loaded TP LinuxServerTargetPlatform
[2017.01.11-14.32.25:996][  0]LogTemp:Display: Loaded TP LinuxTargetPlatform
[2017.01.11-14.32.25:996][  0]LogTargetPlatformManager:Display: Building Assets For Windows
[2017.01.11-14.32.26:802][  0]LogDerivedDataCache:Display: Max Cache Size: 512 MB
[2017.01.11-14.32.27:564][  0]LogDerivedDataCache: Loaded boot cache 0.76s 62MB C:/Users/usuario/AppData/Local/UnrealEngine/4.13/DerivedDataCache/Boot.ddc.
[2017.01.11-14.32.27:564][  0]LogDerivedDataCache:Display: Loaded Boot cache: C:/Users/usuario/AppData/Local/UnrealEngine/4.13/DerivedDataCache/Boot.ddc
[2017.01.11-14.32.27:564][  0]LogDerivedDataCache: FDerivedDataBackendGraph:  Pak pak cache file ../../../../../../Users/usuario/Desktop/VANsGame/Mechanics/BasicMechanics/DerivedDataCache/DDC.ddp not found, will not use a pak cache.
[2017.01.11-14.32.27:564][  0]LogDerivedDataCache: Unable to find inner node Pak for hierarchical cache Hierarchy.
[2017.01.11-14.32.27:564][  0]LogDerivedDataCache: FDerivedDataBackendGraph:  CompressedPak pak cache file ../../../../../../Users/usuario/Desktop/VANsGame/Mechanics/BasicMechanics/DerivedDataCache/Compressed.ddp not found, will not use a pak cache.
[2017.01.11-14.32.27:564][  0]LogDerivedDataCache: Unable to find inner node CompressedPak for hierarchical cache Hierarchy.
[2017.01.11-14.32.27:607][  0]LogDerivedDataCache:Display: Pak cache opened for reading ../../../Engine/DerivedDataCache/Compressed.ddp.
[2017.01.11-14.32.27:620][  0]LogDerivedDataCache: Using Local data cache path C:/Users/usuario/AppData/Local/UnrealEngine/Common/DerivedDataCache: Writable
[2017.01.11-14.32.34:504][  0]LogInit: Selected Device Profile: [Windows]
[2017.01.11-14.32.34:820][  0]LogContentStreaming: Texture pool size is 0.00 MB
[2017.01.11-14.32.35:305][  0]LogMeshUtilities: No automatic mesh reduction module available
[2017.01.11-14.32.35:305][  0]LogMeshUtilities: No automatic mesh merging module available
[2017.01.11-14.32.35:305][  0]LogMeshUtilities: No distributed automatic mesh merging module available
[2017.01.11-14.32.37:160][  0]LogMaterial: Uniform references updated for custom material expression Custom.
[2017.01.11-14.32.41:451][  0]LogNetVersion: GetLocalNetworkVersion: CL: 3106830, ProjectName: basicmechanics, ProjectVersion: , EngineNetworkVersion: 1, GameNetworkVersion: 0, NetworkChecksum: 4162402595
[2017.01.11-14.32.41:679][  0]LogAssetRegistry: FAssetRegistry took 0.0245 seconds to start up
[2017.01.11-14.32.42:110][  0]LogPackageLocalizationCache: Processed 3 localized package path(s) for 1 prioritized culture(s) in 0.191925 seconds
[2017.01.11-14.32.42:237][  0]LogUObjectArray: 29780 objects as part of root set at end of initial load.
[2017.01.11-14.32.42:237][  0]LogUObjectAllocator: 6126016 out of 0 bytes used by permanent object pool.
[2017.01.11-14.32.42:237][  0]LogUObjectArray: CloseDisregardForGC: 0/0 objects in disregard for GC pool
[2017.01.11-14.32.42:536][  0]LogInit: WinSock: version 1.1 (2.2), MaxSocks=32767, MaxUdp=65467
[2017.01.11-14.32.59:580][  0]LogSlate: SlateFontCache - WITH_FREETYPE: 1, WITH_HARFBUZZ: 1
[2017.01.11-14.32.59:580][  0]LogSlate: SlateFontCache - WITH_FREETYPE: 1, WITH_HARFBUZZ: 1
[2017.01.11-14.33.44:955][  0]LogTcpMessaging: Initializing TcpMessaging bridge
[2017.01.11-14.33.45:315][  0]LogUdpMessaging: Initializing bridge on interface 0.0.0.0:0 to multicast group 230.0.0.1:6666.
[2017.01.11-14.33.49:004][  0]SourceControl: Info Source control is disabled
[2017.01.11-14.33.49:006][  0]SourceControl: Info Source control is disabled
[2017.01.11-14.33.49:095][  0]SourceControl: Info Source control is disabled
[2017.01.11-14.33.49:220][  0]SourceControl: Info Source control is disabled
[2017.01.11-14.33.52:726][  0]LogEngine: Initializing Engine...
[2017.01.11-14.33.52:750][  0]LogHMD: Failed to initialize OpenVR with code 110
[2017.01.11-14.33.53:706][  0]LogAIModule: Creating AISystem for world Untitled
[2017.01.11-14.33.53:996][  0]LogInit: XAudio2 using 'Speakers (Realtek High Definition Audio)' : 2 channels at 48 kHz using 32 bits per sample (channel mask 0x3)
[2017.01.11-14.33.54:033][  0]LogInit: FAudioDevice initialized.
[2017.01.11-14.33.54:104][  0]LogDerivedDataCache: Saved boot cache 0.07s 62MB C:/Users/usuario/AppData/Local/UnrealEngine/4.13/DerivedDataCache/Boot.ddc.
[2017.01.11-14.33.54:123][  0]LogInit: Texture streaming: Enabled
[2017.01.11-14.33.55:273][  0]LogInit: Transaction tracking system initialized
[2017.01.11-14.33.56:167][  0]BlueprintLog: New page: Editor Load
[2017.01.11-14.33.58:343][  0]LocalizationService: Info Localization service is disabled
[2017.01.11-14.33.59:241][  0]LogConsoleResponse:Display: 
[2017.01.11-14.34.01:580][  0]LogFileCache: Scanning file cache for directory 'C:/Users/usuario/Desktop/VANsGame/Mechanics/BasicMechanics/Content/' took 0.04s
[2017.01.11-14.34.01:580][  0]LogCook:Display: Max memory allowance for cook 16384mb min free memory 0mb
[2017.01.11-14.34.01:598][  0]LogCook:Display: Mobile HDR setting 1
[2017.01.11-14.34.06:351][  0]SourceControl: Info Source control is disabled
[2017.01.11-14.34.06:392][  0]Cmd: MAP LOAD FILE="../../../../../../Users/usuario/Desktop/VANsGame/Mechanics/BasicMechanics/Content/StarterContent/Maps/Minimal_Default.umap" TEMPLATE=0 SHOWPROGRESS=1 FEATURELEVEL=3
[2017.01.11-14.34.06:424][  0]LightingResults: New page: Lighting Build
[2017.01.11-14.34.06:785][  0]MapCheck: New page: Map Check
[2017.01.11-14.34.06:785][  0]LightingResults: New page: Lighting Build
[2017.01.11-14.34.10:520][  0]LogAIModule: Creating AISystem for world Minimal_Default
[2017.01.11-14.34.11:516][  0]LogEditorServer: Finished looking for orphan Actors (0.012 secs)
[2017.01.11-14.34.11:617][  0]Cmd: MAP CHECKDEP NOCLEARLOG
[2017.01.11-14.34.11:737][  0]MapCheck: Info Map check complete: 0 Error(s), 0 Warning(s), took 119.394ms to complete.
[2017.01.11-14.34.11:737][  0]LogFileHelpers: Loading map 'Minimal_Default' took 5.379
[2017.01.11-14.34.13:965][  0]LogCollectionManager: Loaded 0 collections in 0.007612 seconds
[2017.01.11-14.34.14:198][  0]LogFileCache: Scanning file cache for directory 'C:/Users/usuario/Desktop/VANsGame/Mechanics/BasicMechanics/Saved/Collections/' took 0.01s
[2017.01.11-14.34.14:198][  0]LogFileCache: Scanning file cache for directory 'C:/Users/usuario/Desktop/VANsGame/Mechanics/BasicMechanics/Content/Developers/usuario/Collections/' took 0.01s
[2017.01.11-14.34.14:198][  0]LogFileCache: Scanning file cache for directory 'C:/Users/usuario/Desktop/VANsGame/Mechanics/BasicMechanics/Content/Collections/' took 0.01s
[2017.01.11-14.34.14:198][  0]LogCollectionManager: Rebuilt the GUID cache for 0 collections in 0.000008 seconds
[2017.01.11-14.34.14:247][  0]LogContentBrowser: Native class hierarchy populated in 0.0465 seconds. Added 2141 classes and 415 folders.
[2017.01.11-14.34.14:369][  0]LogStats: UGameplayTagsManager::ConstructGameplayTagTree: Construct from data asset -  0.000 s
[2017.01.11-14.34.14:370][  0]LogStats: UGameplayTagsManager::ConstructGameplayTagTree: GameplayTagTreeChangedEvent.Broadcast -  0.000 s
[2017.01.11-14.34.14:372][  0]LogContentBrowser: Native class hierarchy updated for 'GameplayTags' in 0.0020 seconds. Added 12 classes and 0 folders.
[2017.01.11-14.34.14:404][  0]LogContentBrowser: Native class hierarchy updated for 'WidgetCarousel' in 0.0013 seconds. Added 0 classes and 0 folders.
[2017.01.11-14.34.15:829][  0]LogContentBrowser: Native class hierarchy updated for 'AddContentDialog' in 0.0025 seconds. Added 0 classes and 0 folders.
[2017.01.11-14.34.15:902][  0]LogContentBrowser: Native class hierarchy updated for 'SceneOutliner' in 0.0015 seconds. Added 1 classes and 2 folders.
[2017.01.11-14.34.17:168][  0]LogCrashTracker: Crashtracker disabled due to settings.
[2017.01.11-14.34.17:458][  0]LogUObjectGlobals:Warning: Failed to find object 'Class None.'
[2017.01.11-14.34.17:605][  0]LogContentBrowser: Native class hierarchy updated for 'HierarchicalLODOutliner' in 0.0007 seconds. Added 1 classes and 2 folders.
[2017.01.11-14.34.17:605][  0]LogLoad: (Engine Initialization) Total time: 126.54 seconds
[2017.01.11-14.34.17:606][  0]LogLoad: (Engine Initialization) Total Blueprint compile time: 0.91 seconds
[2017.01.11-14.34.17:638][  0]LogExternalProfiler: Found external profiler: VSPerf
[2017.01.11-14.34.17:638][  0]LogExternalProfiler: Using external profiler: VSPerf
[2017.01.11-14.34.17:769][  0]LogWindowsTextInputMethodSystem:Display: IME system now deactivated.
[2017.01.11-14.34.17:778][  0]LogOcInput: OculusInput pre-init called
[2017.01.11-14.34.18:541][  0]LogContentStreaming: Texture pool size now 800 MB
[2017.01.11-14.34.20:402][  1]LogRenderer: Reallocating scene render targets to support 888x452 (Frame:2).
[2017.01.11-14.34.20:767][  1]LogFileCache: Retrieving MD5 hashes for directory 'C:/Users/usuario/Desktop/VANsGame/Mechanics/BasicMechanics/Content/' took 2.81s
[2017.01.11-14.34.21:993][ 10]LogAssetRegistry: Asset discovery search completed in 100.3369 seconds
[2017.01.11-14.34.21:993][ 10]LogCollectionManager: Rebuilt the object cache for 0 collections in 0.000001 seconds (found 0 objects)
[2017.01.11-14.34.21:993][ 10]LogCollectionManager: Fixed up redirectors for 0 collections in 0.000453 seconds (updated 0 objects)
[2017.01.11-14.34.30:773][701]LogWindowsTextInputMethodSystem:Display: IME system now deactivated.
[2017.01.11-14.34.31:608][702]Cmd: QUIT_EDITOR
[2017.01.11-14.34.32:023][702]LogExit: Preparing to exit.
[2017.01.11-14.34.32:967][702]LogDirectoryWatcher: A directory notification for 'C:/Users/usuario/Desktop/VANsGame/Mechanics/BasicMechanics/Content/' was aborted.
[2017.01.11-14.34.33:343][702]LogExit: Editor shut down
[2017.01.11-14.34.33:344][702]LogExit: Transaction tracking system shut down
[2017.01.11-14.34.35:152][702]LogObj: Freed 0b from 0 cluster array pools.
[2017.01.11-14.34.35:152][702]LogExit: Object subsystem successfully closed.
[2017.01.11-14.34.35:537][702]LogD3D11RHI: Shutdown
[2017.01.11-14.34.35:537][702]LogD3D11RHI: CleanupD3DDevice
[2017.01.11-14.34.35:709][702]LogD3D11RHI: ~FD3D11DynamicRHI
[2017.01.11-14.34.36:643][702]LogModuleManager: Shutting down and abandoning module HierarchicalLODOutliner (233)
[2017.01.11-14.34.36:649][702]LogModuleManager: Shutting down and abandoning module CrashTracker (232)
[2017.01.11-14.34.36:673][702]LogModuleManager: Shutting down and abandoning module SceneOutliner (231)
[2017.01.11-14.34.36:673][702]LogModuleManager: Shutting down and abandoning module WidgetCarousel (230)
[2017.01.11-14.34.36:673][702]LogModuleManager: Shutting down and abandoning module AddContentDialog (229)
[2017.01.11-14.34.36:686][702]LogDirectoryWatcher: A directory notification for 'C:/Program Files (x86)/Epic Games/4.13/FeaturePacks/' was aborted.
[2017.01.11-14.34.36:721][702]LogModuleManager: Shutting down and abandoning module GameplayTags (228)
[2017.01.11-14.34.36:721][702]LogModuleManager: Shutting down and abandoning module EditorWidgets (227)
[2017.01.11-14.34.36:721][702]LogModuleManager: Shutting down and abandoning module CollectionManager (226)
[2017.01.11-14.34.36:734][702]LogDirectoryWatcher: A directory notification for 'C:/Users/usuario/Desktop/VANsGame/Mechanics/BasicMechanics/Content/Collections/' was aborted.
[2017.01.11-14.34.36:734][702]LogDirectoryWatcher: A directory notification for 'C:/Users/usuario/Desktop/VANsGame/Mechanics/BasicMechanics/Content/Developers/usuario/Collections/' was aborted.
[2017.01.11-14.34.36:734][702]LogDirectoryWatcher: A directory notification for 'C:/Users/usuario/Desktop/VANsGame/Mechanics/BasicMechanics/Saved/Collections/' was aborted.
[2017.01.11-14.34.36:734][702]LogModuleManager: Shutting down and abandoning module StatsViewer (225)
[2017.01.11-14.34.36:734][702]LogModuleManager: Shutting down and abandoning module FoliageEdit (224)
[2017.01.11-14.34.36:734][702]LogModuleManager: Shutting down and abandoning module LandscapeEditor (223)
[2017.01.11-14.34.36:749][702]LogModuleManager: Shutting down and abandoning module SceneDepthPickerMode (222)
[2017.01.11-14.34.36:749][702]LogModuleManager: Shutting down and abandoning module ActorPickerMode (221)
[2017.01.11-14.34.36:749][702]LogModuleManager: Shutting down and abandoning module GeometryMode (220)
[2017.01.11-14.34.36:749][702]LogModuleManager: Shutting down and abandoning module TextureAlignMode (219)
[2017.01.11-14.34.36:749][702]LogModuleManager: Shutting down and abandoning module BspMode (218)
[2017.01.11-14.34.36:749][702]LogModuleManager: Shutting down and abandoning module HardwareSurvey (217)
[2017.01.11-14.34.36:757][702]LogModuleManager: Shutting down and abandoning module SequenceRecorderSections (216)
[2017.01.11-14.34.36:757][702]LogModuleManager: Shutting down and abandoning module SequenceRecorder (215)
[2017.01.11-14.34.36:779][702]LogModuleManager: Shutting down and abandoning module AutomationWorker (214)
[2017.01.11-14.34.36:790][702]LogModuleManager: Shutting down and abandoning module MatineeToLevelSequence (213)
[2017.01.11-14.34.36:790][702]LogModuleManager: Shutting down and abandoning module PlacementMode (212)
[2017.01.11-14.34.36:809][702]LogModuleManager: Shutting down and abandoning module LevelSequenceEditor (211)
[2017.01.11-14.34.36:838][702]LogModuleManager: Shutting down and abandoning module WmfMediaFactory (210)
[2017.01.11-14.34.36:838][702]LogModuleManager: Shutting down and abandoning module WmfMediaEditor (209)
[2017.01.11-14.34.36:838][702]LogModuleManager: Shutting down and abandoning module AvfMediaFactory (208)
[2017.01.11-14.34.36:838][702]LogModuleManager: Shutting down and abandoning module AvfMediaEditor (207)
[2017.01.11-14.34.36:838][702]LogModuleManager: Shutting down and abandoning module Media (206)
[2017.01.11-14.34.36:838][702]LogModuleManager: Shutting down and abandoning module AndroidMediaFactory (205)
[2017.01.11-14.34.36:838][702]LogModuleManager: Shutting down and abandoning module AndroidMediaEditor (204)
[2017.01.11-14.34.36:838][702]LogModuleManager: Shutting down and abandoning module CharacterAI (203)
[2017.01.11-14.34.36:838][702]LogModuleManager: Shutting down and abandoning module SmartSnapping (202)
[2017.01.11-14.34.36:839][702]LogModuleManager: Shutting down and abandoning module SessionServices (201)
[2017.01.11-14.34.36:839][702]LogModuleManager: Shutting down and abandoning module ViewportSnapping (200)
[2017.01.11-14.34.36:839][702]LogModuleManager: Shutting down and abandoning module ViewportInteraction (199)
[2017.01.11-14.34.36:839][702]LogModuleManager: Shutting down and abandoning module LogVisualizer (198)
[2017.01.11-14.34.36:852][702]LogModuleManager: Shutting down and abandoning module GameProjectGeneration (197)
[2017.01.11-14.34.36:866][702]LogModuleManager: Shutting down and abandoning module IntroTutorials (196)
[2017.01.11-14.34.36:866][702]LogModuleManager: Shutting down and abandoning module EditorLiveStreaming (195)
[2017.01.11-14.34.36:866][702]LogModuleManager: Shutting down and abandoning module IOSPlatformEditor (194)
[2017.01.11-14.34.36:867][702]LogModuleManager: Shutting down and abandoning module HTML5PlatformEditor (193)
[2017.01.11-14.34.36:867][702]LogModuleManager: Shutting down and abandoning module AndroidDeviceDetection (192)
[2017.01.11-14.34.37:019][702]LogModuleManager: Shutting down and abandoning module AndroidPlatformEditor (191)
[2017.01.11-14.34.37:034][702]LogModuleManager: Shutting down and abandoning module IOSRuntimeSettings (190)
[2017.01.11-14.34.37:034][702]LogModuleManager: Shutting down and abandoning module AndroidRuntimeSettings (189)
[2017.01.11-14.34.37:034][702]LogModuleManager: Shutting down and abandoning module NiagaraEditor (188)
[2017.01.11-14.34.37:058][702]LogModuleManager: Shutting down and abandoning module MergeActors (187)
[2017.01.11-14.34.37:066][702]LogModuleManager: Shutting down and abandoning module SizeMap (186)
[2017.01.11-14.34.37:076][702]LogModuleManager: Shutting down and abandoning module TreeMap (185)
[2017.01.11-14.34.37:089][702]LogModuleManager: Shutting down and abandoning module ReferenceViewer (184)
[2017.01.11-14.34.37:090][702]LogModuleManager: Shutting down and abandoning module LocalizationService (183)
[2017.01.11-14.34.37:097][702]LogModuleManager: Shutting down and abandoning module LocalizationDashboard (182)
[2017.01.11-14.34.37:110][702]LogModuleManager: Shutting down and abandoning module HardwareTargeting (181)
[2017.01.11-14.34.37:122][702]LogModuleManager: Shutting down and abandoning module DeviceProfileEditor (180)
[2017.01.11-14.34.37:134][702]LogModuleManager: Shutting down and abandoning module UndoHistory (179)
[2017.01.11-14.34.37:143][702]LogModuleManager: Shutting down and abandoning module UserFeedback (178)
[2017.01.11-14.34.37:143][702]LogModuleManager: Shutting down and abandoning module XmlParser (177)
[2017.01.11-14.34.37:157][702]LogModuleManager: Shutting down and abandoning module Blutility (176)
[2017.01.11-14.34.37:162][702]LogModuleManager: Shutting down and abandoning module ProjectTargetPlatformEditor (175)
[2017.01.11-14.34.37:176][702]LogModuleManager: Shutting down and abandoning module ProjectSettingsViewer (174)
[2017.01.11-14.34.37:177][702]LogModuleManager: Shutting down and abandoning module InputBindingEditor (173)
[2017.01.11-14.34.37:190][702]LogModuleManager: Shutting down and abandoning module EditorSettingsViewer (172)
[2017.01.11-14.34.37:190][702]LogModuleManager: Shutting down and abandoning module SettingsEditor (171)
[2017.01.11-14.34.37:204][702]LogModuleManager: Shutting down and abandoning module ProjectLauncher (170)
[2017.01.11-14.34.37:214][702]LogModuleManager: Shutting down and abandoning module SessionFrontend (169)
[2017.01.11-14.34.37:219][702]LogModuleManager: Shutting down and abandoning module ProfilerClient (168)
[2017.01.11-14.34.37:232][702]LogModuleManager: Shutting down and abandoning module TargetDeviceServices (167)
[2017.01.11-14.34.37:232][702]LogModuleManager: Shutting down and abandoning module DeviceManager (166)
[2017.01.11-14.34.37:282][702]LogModuleManager: Shutting down and abandoning module AutomationController (165)
[2017.01.11-14.34.37:293][702]LogModuleManager: Shutting down and abandoning module AutomationWindow (164)
[2017.01.11-14.34.37:324][702]LogModuleManager: Shutting down and abandoning module Layers (163)
[2017.01.11-14.34.37:337][702]LogModuleManager: Shutting down and abandoning module ComponentVisualizers (162)
[2017.01.11-14.34.37:337][702]LogModuleManager: Shutting down and abandoning module DetailCustomizations (161)
[2017.01.11-14.34.37:338][702]LogModuleManager: Shutting down and abandoning module PackagesDialog (160)
[2017.01.11-14.34.37:339][702]LogModuleManager: Shutting down and abandoning module AnimGraph (159)
[2017.01.11-14.34.37:345][702]LogModuleManager: Shutting down and abandoning module Persona (158)
[2017.01.11-14.34.37:397][702]LogModuleManager: Shutting down and abandoning module Kismet (157)
[2017.01.11-14.34.37:404][702]LogModuleManager: Shutting down and abandoning module GraphEditor (156)
[2017.01.11-14.34.37:446][702]LogModuleManager: Shutting down and abandoning module ClassViewer (155)
[2017.01.11-14.34.37:454][702]LogModuleManager: Shutting down and abandoning module Toolbox (154)
[2017.01.11-14.34.37:467][702]LogModuleManager: Shutting down and abandoning module ModuleUI (153)
[2017.01.11-14.34.37:478][702]LogModuleManager: Shutting down and abandoning module MovieSceneTools (152)
[2017.01.11-14.34.37:500][702]LogModuleManager: Shutting down and abandoning module OutputLog (151)
[2017.01.11-14.34.37:553][702]LogModuleManager: Shutting down and abandoning module GammaUI (150)
[2017.01.11-14.34.37:566][702]LogModuleManager: Shutting down and abandoning module Documentation (149)
[2017.01.11-14.34.37:566][702]LogModuleManager: Shutting down and abandoning module Niagara (148)
[2017.01.11-14.34.37:574][702]LogModuleManager: Shutting down and abandoning module StreamingPauseRendering (147)
[2017.01.11-14.34.37:574][702]LogModuleManager: Shutting down and abandoning module AnalyticsET (146)
[2017.01.11-14.34.37:574][702]LogModuleManager: Shutting down and abandoning module PortalServices (145)
[2017.01.11-14.34.37:574][702]LogModuleManager: Shutting down and abandoning module PortalRpc (144)
[2017.01.11-14.34.37:574][702]LogModuleManager: Shutting down and abandoning module MessagingRpc (143)
[2017.01.11-14.34.37:574][702]LogModuleManager: Shutting down and abandoning module GameplayDebugger (142)
[2017.01.11-14.34.37:591][702]LogModuleManager: Shutting down and abandoning module AITestSuite (141)
[2017.01.11-14.34.37:596][702]LogModuleManager: Shutting down and abandoning module AIModule (140)
[2017.01.11-14.34.37:596][702]LogModuleManager: Shutting down and abandoning module ProfilerService (139)
[2017.01.11-14.34.37:839][702]LogModuleManager: Shutting down and abandoning module TaskGraph (138)
[2017.01.11-14.34.37:846][702]LogModuleManager: Shutting down and abandoning module SlateRemote (137)
[2017.01.11-14.34.37:846][702]LogModuleManager: Shutting down and abandoning module SteamVRController (136)
[2017.01.11-14.34.37:846][702]LogModuleManager: Shutting down and abandoning module SteamVR (135)
[2017.01.11-14.34.37:846][702]LogModuleManager: Shutting down and abandoning module ProceduralMeshComponentEditor (134)
[2017.01.11-14.34.37:857][702]LogModuleManager: Shutting down and abandoning module ProceduralMeshComponent (133)
[2017.01.11-14.34.37:857][702]LogModuleManager: Shutting down and abandoning module OculusLibrary (132)
[2017.01.11-14.34.37:857][702]LogModuleManager: Shutting down and abandoning module OculusInput (131)
[2017.01.11-14.34.37:857][702]LogModuleManager: Shutting down and abandoning module CustomMeshComponent (130)
[2017.01.11-14.34.37:857][702]LogModuleManager: Shutting down and abandoning module CableComponent (129)
[2017.01.11-14.34.37:858][702]LogModuleManager: Shutting down and abandoning module ArchVisCharacter (128)
[2017.01.11-14.34.37:858][702]LogModuleManager: Shutting down and abandoning module MediaPlayerEditor (126)
[2017.01.11-14.34.37:878][702]LogModuleManager: Shutting down and abandoning module HTML5Networking (125)
[2017.01.11-14.34.37:878][702]LogModuleManager: Shutting down and abandoning module GeometryCacheEd (124)
[2017.01.11-14.34.37:878][702]LogModuleManager: Shutting down and abandoning module GeometryCache (123)
[2017.01.11-14.34.37:878][702]LogModuleManager: Shutting down and abandoning module AlembicLibrary (122)
[2017.01.11-14.34.37:878][702]LogModuleManager: Shutting down and abandoning module AlembicImporter (121)
[2017.01.11-14.34.37:886][702]LogModuleManager: Shutting down and abandoning module SuperSearch (120)
[2017.01.11-14.34.37:886][702]LogModuleManager: Shutting down and abandoning module SuperSearchEditor (119)
[2017.01.11-14.34.37:886][702]LogModuleManager: Shutting down and abandoning module SpeedTreeImporter (118)
[2017.01.11-14.34.37:887][702]LogModuleManager: Shutting down and abandoning module PluginBrowser (117)
[2017.01.11-14.34.37:900][702]LogModuleManager: Shutting down and abandoning module MobileLauncherProfileWizard (116)
[2017.01.11-14.34.37:906][702]LogModuleManager: Shutting down and abandoning module EpicSurvey (115)
[2017.01.11-14.34.37:929][702]LogModuleManager: Shutting down and abandoning module DesktopPlatform (114)
[2017.01.11-14.34.37:934][702]LogModuleManager: Shutting down and abandoning module VisualStudioSourceCodeAccess (113)
[2017.01.11-14.34.37:937][702]LogModuleManager: Shutting down and abandoning module UObjectPlugin (112)
[2017.01.11-14.34.37:937][702]LogModuleManager: Shutting down and abandoning module SubversionSourceControl (111)
[2017.01.11-14.34.37:950][702]LogModuleManager: Shutting down and abandoning module PerforceSourceControl (110)
[2017.01.11-14.34.37:957][702]LogModuleManager: Shutting down and abandoning module SourceControl (109)
[2017.01.11-14.34.37:970][702]LogModuleManager: Shutting down and abandoning module GitSourceControl (108)
[2017.01.11-14.34.37:981][702]LogModuleManager: Shutting down and abandoning module LightPropagationVolumeEditor (107)
[2017.01.11-14.34.37:981][702]LogModuleManager: Shutting down and abandoning module PaperTiledImporter (106)
[2017.01.11-14.34.37:991][702]LogModuleManager: Shutting down and abandoning module PaperSpriteSheetImporter (105)
[2017.01.11-14.34.37:991][702]LogModuleManager: Shutting down and abandoning module MeshPaint (104)
[2017.01.11-14.34.37:991][702]LogModuleManager: Shutting down and abandoning module FbxAutomationBuilderModule (103)
[2017.01.11-14.34.38:004][702]LogModuleManager: Shutting down and abandoning module PixelInspectorModule (102)
[2017.01.11-14.34.38:019][702]LogModuleManager: Shutting down and abandoning module HotReload (101)
[2017.01.11-14.34.38:027][702]LogModuleManager: Shutting down and abandoning module MainFrame (100)
[2017.01.11-14.34.38:027][702]LogModuleManager: Shutting down and abandoning module LevelEditor (99)
[2017.01.11-14.34.38:029][702]LogModuleManager: Shutting down and abandoning module ContentBrowser (98)
[2017.01.11-14.34.38:031][702]LogModuleManager: Shutting down and abandoning module Paper2DEditor (97)
[2017.01.11-14.34.38:059][702]LogModuleManager: Shutting down and abandoning module UdpMessaging (96)
[2017.01.11-14.34.38:159][702]LogModuleManager: Shutting down and abandoning module TcpMessaging (95)
[2017.01.11-14.34.38:260][702]LogModuleManager: Shutting down and abandoning module LightPropagationVolumeRuntime (94)
[2017.01.11-14.34.38:261][702]LogModuleManager: Shutting down and abandoning module Paper2D (93)
[2017.01.11-14.34.38:266][702]LogModuleManager: Shutting down and abandoning module WindowsMoviePlayer (92)
[2017.01.11-14.34.38:269][702]LogModuleManager: Shutting down and abandoning module WmfMedia (91)
[2017.01.11-14.34.38:276][702]LogModuleManager: Shutting down and abandoning module MediaAssets (90)
[2017.01.11-14.34.38:276][702]LogModuleManager: Shutting down and abandoning module GameLiveStreaming (89)
[2017.01.11-14.34.38:289][702]LogModuleManager: Shutting down and abandoning module GameplayTagsEditor (88)
[2017.01.11-14.34.38:294][702]LogModuleManager: Shutting down and abandoning module VREditor (87)
[2017.01.11-14.34.38:294][702]LogModuleManager: Shutting down and abandoning module GameplayTasksEditor (86)
[2017.01.11-14.34.38:294][702]LogModuleManager: Shutting down and abandoning module PropertyEditor (85)
[2017.01.11-14.34.38:294][702]LogModuleManager: Shutting down and abandoning module BehaviorTreeEditor (84)
[2017.01.11-14.34.38:322][702]LogModuleManager: Shutting down and abandoning module FunctionalTesting (83)
[2017.01.11-14.34.38:322][702]LogModuleManager: Shutting down and abandoning module CollisionAnalyzer (82)
[2017.01.11-14.34.38:334][702]LogModuleManager: Shutting down and abandoning module Sequencer (81)
[2017.01.11-14.34.38:357][702]LogModuleManager: Shutting down and abandoning module WorkspaceMenuStructure (80)
[2017.01.11-14.34.38:357][702]LogModuleManager: Shutting down and abandoning module MessageLog (79)
[2017.01.11-14.34.38:365][702]LogModuleManager: Shutting down and abandoning module AssetTools (78)
[2017.01.11-14.34.38:376][702]LogModuleManager: Shutting down and abandoning module UMGEditor (77)
[2017.01.11-14.34.38:412][702]LogModuleManager: Shutting down and abandoning module UMG (76)
[2017.01.11-14.34.38:428][702]LogModuleManager: Shutting down and abandoning module SlateReflector (75)
[2017.01.11-14.34.38:460][702]LogModuleManager: Shutting down and abandoning module Slate (74)
[2017.01.11-14.34.38:460][702]LogModuleManager: Shutting down and abandoning module EditorStyle (73)
[2017.01.11-14.34.38:464][702]LogModuleManager: Shutting down and abandoning module SourceCodeAccess (72)
[2017.01.11-14.34.38:465][702]LogModuleManager: Shutting down and abandoning module HeadMountedDisplay (71)
[2017.01.11-14.34.38:465][702]LogModuleManager: Shutting down and abandoning module XAudio2 (70)
[2017.01.11-14.34.38:465][702]LogModuleManager: Shutting down and abandoning module Networking (68)
[2017.01.11-14.34.38:465][702]LogModuleManager: Shutting down and abandoning module Core (67)
[2017.01.11-14.34.38:465][702]LogModuleManager: Shutting down and abandoning module DirectoryWatcher (66)
[2017.01.11-14.34.38:465][702]LogDirectoryWatcher: A directory notification for '../../../Engine/Content/' was aborted.
[2017.01.11-14.34.38:465][702]LogDirectoryWatcher: A directory notification for '../../../../../../Users/usuario/Desktop/VANsGame/Mechanics/BasicMechanics/Content/' was aborted.
[2017.01.11-14.34.38:465][702]LogDirectoryWatcher: A directory notification for '../../../Engine/Plugins/2D/Paper2D/Content/' was aborted.
[2017.01.11-14.34.38:466][702]LogModuleManager: Shutting down and abandoning module AssetRegistry (65)
[2017.01.11-14.34.38:637][702]LogModuleManager: Shutting down and abandoning module KismetCompiler (64)
[2017.01.11-14.34.38:637][702]LogModuleManager: Shutting down and abandoning module PhysXFormats (63)
[2017.01.11-14.34.38:646][702]LogModuleManager: Shutting down and abandoning module MeshUtilities (62)
[2017.01.11-14.34.38:668][702]LogModuleManager: Shutting down and abandoning module DerivedDataCache (61)
[2017.01.11-14.34.38:701][702]LogDerivedDataCache: Shutdown
[2017.01.11-14.34.38:701][702]LogModuleManager: Shutting down and abandoning module VulkanShaderFormat (60)
[2017.01.11-14.34.38:707][702]LogModuleManager: Shutting down and abandoning module ShaderFormatOpenGL (59)
[2017.01.11-14.34.38:732][702]LogModuleManager: Shutting down and abandoning module ShaderFormatD3D (58)
[2017.01.11-14.34.38:732][702]LogModuleManager: Shutting down and abandoning module MetalShaderFormat (57)
[2017.01.11-14.34.38:742][702]LogModuleManager: Shutting down and abandoning module TextureFormatUncompressed (56)
[2017.01.11-14.34.38:742][702]LogModuleManager: Shutting down and abandoning module TextureFormatPVR (55)
[2017.01.11-14.34.38:742][702]LogModuleManager: Shutting down and abandoning module TextureFormatDXT (54)
[2017.01.11-14.34.38:742][702]LogModuleManager: Shutting down and abandoning module TextureFormatIntelISPCTexComp (53)
[2017.01.11-14.34.38:749][702]LogModuleManager: Shutting down and abandoning module ImageWrapper (52)
[2017.01.11-14.34.38:749][702]LogModuleManager: Shutting down and abandoning module TextureFormatASTC (51)
[2017.01.11-14.34.38:749][702]LogModuleManager: Shutting down and abandoning module TextureFormatAndroid (50)
[2017.01.11-14.34.38:749][702]LogModuleManager: Shutting down and abandoning module AudioFormatOpus (49)
[2017.01.11-14.34.38:754][702]LogModuleManager: Shutting down and abandoning module AudioFormatOgg (48)
[2017.01.11-14.34.38:754][702]LogModuleManager: Shutting down and abandoning module AudioFormatADPCM (47)
[2017.01.11-14.34.38:754][702]LogModuleManager: Shutting down and abandoning module LinuxTargetPlatform (46)
[2017.01.11-14.34.38:754][702]LogModuleManager: Shutting down and abandoning module LinuxServerTargetPlatform (45)
[2017.01.11-14.34.38:756][702]LogModuleManager: Shutting down and abandoning module LinuxNoEditorTargetPlatform (44)
[2017.01.11-14.34.38:756][702]LogModuleManager: Shutting down and abandoning module LinuxClientTargetPlatform (43)
[2017.01.11-14.34.38:756][702]LogModuleManager: Shutting down and abandoning module TVOSTargetPlatform (42)
[2017.01.11-14.34.38:756][702]LogModuleManager: Shutting down and abandoning module Messaging (41)
[2017.01.11-14.34.38:756][702]LogModuleManager: Shutting down and abandoning module IOSTargetPlatform (40)
[2017.01.11-14.34.38:756][702]LogModuleManager: Shutting down and abandoning module HTML5TargetPlatform (39)
[2017.01.11-14.34.38:756][702]LogModuleManager: Shutting down and abandoning module Android_PVRTCTargetPlatform (38)
[2017.01.11-14.34.38:756][702]LogModuleManager: Shutting down and abandoning module Android_MultiTargetPlatform (37)
[2017.01.11-14.34.38:756][702]LogModuleManager: Shutting down and abandoning module Android_ETC2TargetPlatform (36)
[2017.01.11-14.34.38:756][702]LogModuleManager: Shutting down and abandoning module Android_ETC1TargetPlatform (35)
[2017.01.11-14.34.38:756][702]LogModuleManager: Shutting down and abandoning module Android_DXTTargetPlatform (34)
[2017.01.11-14.34.38:756][702]LogModuleManager: Shutting down and abandoning module Android_ATCTargetPlatform (33)
[2017.01.11-14.34.38:756][702]LogModuleManager: Shutting down and abandoning module Android_ASTCTargetPlatform (32)
[2017.01.11-14.34.38:756][702]LogModuleManager: Shutting down and abandoning module AndroidTargetPlatform (31)
[2017.01.11-14.34.38:756][702]LogModuleManager: Shutting down and abandoning module WindowsTargetPlatform (30)
[2017.01.11-14.34.38:756][702]LogModuleManager: Shutting down and abandoning module WindowsServerTargetPlatform (29)
[2017.01.11-14.34.38:756][702]LogModuleManager: Shutting down and abandoning module WindowsNoEditorTargetPlatform (28)
[2017.01.11-14.34.38:756][702]LogModuleManager: Shutting down and abandoning module WindowsClientTargetPlatform (27)
[2017.01.11-14.34.38:756][702]LogModuleManager: Shutting down and abandoning module AllDesktopTargetPlatform (26)
[2017.01.11-14.34.38:756][702]LogModuleManager: Shutting down and abandoning module TargetPlatform (25)
[2017.01.11-14.34.38:756][702]LogModuleManager: Shutting down and abandoning module InputCore (24)
[2017.01.11-14.34.38:756][702]LogModuleManager: Shutting down and abandoning module Settings (23)
[2017.01.11-14.34.38:756][702]LogModuleManager: Shutting down and abandoning module OculusRift (22)
[2017.01.11-14.34.38:759][702]LogModuleManager: Shutting down and abandoning module GearVR (21)
[2017.01.11-14.34.38:759][702]LogModuleManager: Shutting down and abandoning module ExampleDeviceProfileSelector (20)
[2017.01.11-14.34.38:759][702]LogModuleManager: Shutting down and abandoning module OnlineBlueprintSupport (19)
[2017.01.11-14.34.38:759][702]LogModuleManager: Shutting down and abandoning module OnlineSubsystem (17)
[2017.01.11-14.34.38:773][702]LogOnline:Display: Unloading online subsystem: NULL
[2017.01.11-14.34.38:779][702]LogModuleManager: Shutting down and abandoning module HTTP (16)
[2017.01.11-14.34.38:779][702]LogHttp:Display: Http module shutting down, but needs to wait on 1 outstanding Http requests:
[2017.01.11-14.34.38:779][702]LogHttp:Display: 	verb=[POST] url=[https://datarouter.ol.epicgames.com/datarouter/api/v1/public/data?SessionID=%7BB0F829EC-45A3-840F-BAF1-E28C0606445B%7D&AppID=UEEditor.Rocket.Release&AppVersion=4.13.2-3172292%2B%2B%2BUE4%2BRelease-4.13&UserID=b8dd728f40baa09a39d29fb1ea98e9bb%7C2b96ea3f579d47e6bbc473ce50562fcb%7C7c014019-e1ce-47fc-909f-e82437c4a38e&AppEnvironment=datacollector-binary&UploadType=eteventstream] status=Processing
[2017.01.11-14.34.38:807][702]LogModuleManager: Shutting down and abandoning module XMPP (15)
[2017.01.11-14.34.38:838][702]LogModuleManager: Shutting down and abandoning module TextureCompressor (14)
[2017.01.11-14.34.38:858][702]LogModuleManager: Shutting down and abandoning module ShaderCore (13)
[2017.01.11-14.34.38:858][702]LogModuleManager: Shutting down and abandoning module Landscape (12)
[2017.01.11-14.34.38:858][702]LogModuleManager: Shutting down and abandoning module SlateRHIRenderer (11)
[2017.01.11-14.34.38:895][702]LogModuleManager: Shutting down and abandoning module OpenGLDrv (10)
[2017.01.11-14.34.38:902][702]LogModuleManager: Shutting down and abandoning module D3D11RHI (9)
[2017.01.11-14.34.38:902][702]LogModuleManager: Shutting down and abandoning module AnimGraphRuntime (8)
[2017.01.11-14.34.38:914][702]LogModuleManager: Shutting down and abandoning module Renderer (7)
[2017.01.11-14.34.38:914][702]LogModuleManager: Shutting down and abandoning module Engine (6)
[2017.01.11-14.34.38:914][702]LogModuleManager: Shutting down and abandoning module CoreUObject (5)
[2017.01.11-14.34.38:914][702]LogModuleManager: Shutting down and abandoning module NetworkFile (4)
[2017.01.11-14.34.38:927][702]LogModuleManager: Shutting down and abandoning module StreamingFile (3)
[2017.01.11-14.34.38:927][702]LogModuleManager: Shutting down and abandoning module SandboxFile (2)
[2017.01.11-14.34.38:934][702]LogModuleManager: Shutting down and abandoning module PakFile (1)
[2017.01.11-14.34.38:958][702]LogExit: Exiting.
[2017.01.11-14.34.38:968][702]Log file closed, 01/11/17 15:34:38
