Log file open, 11/22/16 14:58:48
LogInit:Display: Running engine for game: BasicMechanics
LogPlatformFile: Not using cached read wrapper
LogInit:Display: RandInit(980985638) SRandInit(980985638).
LogTaskGraph: Started task graph with 5 named threads and 8 total threads with 1 sets of task threads.
LogStats: Stats thread started at 1.042253
LogPluginManager: Loaded Plugin Paper2D, From C:/Program Files (x86)/Epic Games/4.13/Engine/Plugins/2D/Paper2D/Paper2D.uplugin
LogPluginManager: Loaded Plugin LightPropagationVolume, From C:/Program Files (x86)/Epic Games/4.13/Engine/Plugins/Blendables/LightPropagationVolume/LightPropagationVolume.uplugin
LogPluginManager: Loaded Plugin BlankPlugin, From C:/Program Files (x86)/Epic Games/4.13/Engine/Plugins/Developer/BlankPlugin/BlankPlugin.uplugin
LogPluginManager: Loaded Plugin CodeLiteSourceCodeAccess, From C:/Program Files (x86)/Epic Games/4.13/Engine/Plugins/Developer/CodeLiteSourceCodeAccess/CodeLiteSourceCodeAccess.uplugin
LogPluginManager: Loaded Plugin GitSourceControl, From C:/Program Files (x86)/Epic Games/4.13/Engine/Plugins/Developer/GitSourceControl/GitSourceControl.uplugin
LogPluginManager: Loaded Plugin KDevelopSourceCodeAccess, From C:/Program Files (x86)/Epic Games/4.13/Engine/Plugins/Developer/KDevelopSourceCodeAccess/KDevelopSourceCodeAccess.uplugin
LogPluginManager: Loaded Plugin NullSourceCodeAccess, From C:/Program Files (x86)/Epic Games/4.13/Engine/Plugins/Developer/NullSourceCodeAccess/NullSourceCodeAccess.uplugin
LogPluginManager: Loaded Plugin OneSkyLocalizationService, From C:/Program Files (x86)/Epic Games/4.13/Engine/Plugins/Developer/OneSkyLocalizationService/OneSkyLocalizationService.uplugin
LogPluginManager: Loaded Plugin PerforceSourceControl, From C:/Program Files (x86)/Epic Games/4.13/Engine/Plugins/Developer/PerforceSourceControl/PerforceSourceControl.uplugin
LogPluginManager: Loaded Plugin SubversionSourceControl, From C:/Program Files (x86)/Epic Games/4.13/Engine/Plugins/Developer/SubversionSourceControl/SubversionSourceControl.uplugin
LogPluginManager: Loaded Plugin UObjectPlugin, From C:/Program Files (x86)/Epic Games/4.13/Engine/Plugins/Developer/UObjectPlugin/UObjectPlugin.uplugin
LogPluginManager: Loaded Plugin VisualStudioSourceCodeAccess, From C:/Program Files (x86)/Epic Games/4.13/Engine/Plugins/Developer/VisualStudioSourceCodeAccess/VisualStudioSourceCodeAccess.uplugin
LogPluginManager: Loaded Plugin XCodeSourceCodeAccess, From C:/Program Files (x86)/Epic Games/4.13/Engine/Plugins/Developer/XCodeSourceCodeAccess/XCodeSourceCodeAccess.uplugin
LogPluginManager: Loaded Plugin EpicSurvey, From C:/Program Files (x86)/Epic Games/4.13/Engine/Plugins/Editor/EpicSurvey/EpicSurvey.uplugin
LogPluginManager: Loaded Plugin MacGraphicsSwitching, From C:/Program Files (x86)/Epic Games/4.13/Engine/Plugins/Editor/MacGraphicsSwitching/MacGraphicsSwitching.uplugin
LogPluginManager: Loaded Plugin MobileLauncherProfileWizard, From C:/Program Files (x86)/Epic Games/4.13/Engine/Plugins/Editor/MobileLauncherProfileWizard/MobileLauncherProfileWizard.uplugin
LogPluginManager: Loaded Plugin PluginBrowser, From C:/Program Files (x86)/Epic Games/4.13/Engine/Plugins/Editor/PluginBrowser/PluginBrowser.uplugin
LogPluginManager: Loaded Plugin SpeedTreeImporter, From C:/Program Files (x86)/Epic Games/4.13/Engine/Plugins/Editor/SpeedTreeImporter/SpeedTreeImporter.uplugin
LogPluginManager: Loaded Plugin SuperSearchEditor, From C:/Program Files (x86)/Epic Games/4.13/Engine/Plugins/Editor/SuperSearchEditor/SuperSearchEditor.uplugin
LogPluginManager: Loaded Plugin AlembicImporter, From C:/Program Files (x86)/Epic Games/4.13/Engine/Plugins/Experimental/AlembicImporter/AlembicImporter.uplugin
LogPluginManager: Loaded Plugin BlueprintStats, From C:/Program Files (x86)/Epic Games/4.13/Engine/Plugins/Experimental/BlueprintStats/BlueprintStats.uplugin
LogPluginManager: Loaded Plugin CharacterAI, From C:/Program Files (x86)/Epic Games/4.13/Engine/Plugins/Experimental/CharacterAI/CharacterAI.uplugin
LogPluginManager: Loaded Plugin CodeEditor, From C:/Program Files (x86)/Epic Games/4.13/Engine/Plugins/Experimental/CodeEditor/CodeEditor.uplugin
LogPluginManager: Loaded Plugin CodeView, From C:/Program Files (x86)/Epic Games/4.13/Engine/Plugins/Experimental/CodeView/CodeView.uplugin
LogPluginManager: Loaded Plugin HTML5Networking, From C:/Program Files (x86)/Epic Games/4.13/Engine/Plugins/Experimental/HTML5Networking/HTML5Networking.uplugin
LogPluginManager: Loaded Plugin LiveEditor, From C:/Program Files (x86)/Epic Games/4.13/Engine/Plugins/Experimental/LiveEditor/LiveEditor.uplugin
LogPluginManager: Loaded Plugin OSVR, From C:/Program Files (x86)/Epic Games/4.13/Engine/Plugins/Experimental/OSVR/OSVR.uplugin
LogPluginManager: Loaded Plugin Phya, From C:/Program Files (x86)/Epic Games/4.13/Engine/Plugins/Experimental/Phya/Phya.uplugin
LogPluginManager: Loaded Plugin SignificanceManager, From C:/Program Files (x86)/Epic Games/4.13/Engine/Plugins/Experimental/SignificanceManager/SignificanceManager.uplugin
LogPluginManager: Loaded Plugin SimpleHMD, From C:/Program Files (x86)/Epic Games/4.13/Engine/Plugins/Experimental/SimpleHMD/SimpleHMD.uplugin
LogPluginManager: Loaded Plugin StereoPanorama, From C:/Program Files (x86)/Epic Games/4.13/Engine/Plugins/Experimental/StereoPanorama/StereoPanorama.uplugin
LogPluginManager: Loaded Plugin StructBox, From C:/Program Files (x86)/Epic Games/4.13/Engine/Plugins/Experimental/StructBox/StructBox.uplugin
LogPluginManager: Loaded Plugin AndroidMedia, From C:/Program Files (x86)/Epic Games/4.13/Engine/Plugins/Media/AndroidMedia/AndroidMedia.uplugin
LogPluginManager: Loaded Plugin AvfMedia, From C:/Program Files (x86)/Epic Games/4.13/Engine/Plugins/Media/AvfMedia/AvfMedia.uplugin
LogPluginManager: Loaded Plugin MediaPlayerEditor, From C:/Program Files (x86)/Epic Games/4.13/Engine/Plugins/Media/MediaPlayerEditor/MediaPlayerEditor.uplugin
LogPluginManager: Loaded Plugin WmfMedia, From C:/Program Files (x86)/Epic Games/4.13/Engine/Plugins/Media/WmfMedia/WmfMedia.uplugin
LogPluginManager: Loaded Plugin MessagingDebugger, From C:/Program Files (x86)/Epic Games/4.13/Engine/Plugins/Messaging/MessagingDebugger/MessagingDebugger.uplugin
LogPluginManager: Loaded Plugin TcpMessaging, From C:/Program Files (x86)/Epic Games/4.13/Engine/Plugins/Messaging/TcpMessaging/TcpMessaging.uplugin
LogPluginManager: Loaded Plugin UdpMessaging, From C:/Program Files (x86)/Epic Games/4.13/Engine/Plugins/Messaging/UdpMessaging/UdpMessaging.uplugin
LogPluginManager: Loaded Plugin LevelSequenceEditor, From C:/Program Files (x86)/Epic Games/4.13/Engine/Plugins/MovieScene/LevelSequenceEditor/LevelSequenceEditor.uplugin
LogPluginManager: Loaded Plugin MatineeToLevelSequence, From C:/Program Files (x86)/Epic Games/4.13/Engine/Plugins/MovieScene/MatineeToLevelSequence/MatineeToLevelSequence.uplugin
LogPluginManager: Loaded Plugin NetcodeUnitTest, From C:/Program Files (x86)/Epic Games/4.13/Engine/Plugins/NetcodeUnitTest/NetcodeUnitTest/NetcodeUnitTest.uplugin
LogPluginManager: Loaded Plugin NUTUnrealEngine4, From C:/Program Files (x86)/Epic Games/4.13/Engine/Plugins/NetcodeUnitTest/NUTUnrealEngine4/NUTUnrealEngine4.uplugin
LogPluginManager: Loaded Plugin OnlineSubsystemGooglePlay, From C:/Program Files (x86)/Epic Games/4.13/Engine/Plugins/Online/Android/OnlineSubsystemGooglePlay/OnlineSubsystemGooglePlay.uplugin
LogPluginManager: Loaded Plugin OnlineSubsystemIOS, From C:/Program Files (x86)/Epic Games/4.13/Engine/Plugins/Online/IOS/OnlineSubsystemIOS/OnlineSubsystemIOS.uplugin
LogPluginManager: Loaded Plugin OnlineFramework, From C:/Program Files (x86)/Epic Games/4.13/Engine/Plugins/Online/OnlineFramework/OnlineFramework.uplugin
LogPluginManager: Loaded Plugin OnlineSubsystem, From C:/Program Files (x86)/Epic Games/4.13/Engine/Plugins/Online/OnlineSubsystem/OnlineSubsystem.uplugin
LogPluginManager: Loaded Plugin OnlineSubsystemAmazon, From C:/Program Files (x86)/Epic Games/4.13/Engine/Plugins/Online/OnlineSubsystemAmazon/OnlineSubsystemAmazon.uplugin
LogPluginManager: Loaded Plugin OnlineSubsystemFacebook, From C:/Program Files (x86)/Epic Games/4.13/Engine/Plugins/Online/OnlineSubsystemFacebook/OnlineSubsystemFacebook.uplugin
LogPluginManager: Loaded Plugin OnlineSubsystemNull, From C:/Program Files (x86)/Epic Games/4.13/Engine/Plugins/Online/OnlineSubsystemNull/OnlineSubsystemNull.uplugin
LogPluginManager: Loaded Plugin OnlineSubsystemOculus, From C:/Program Files (x86)/Epic Games/4.13/Engine/Plugins/Online/OnlineSubsystemOculus/OnlineSubsystemOculus.uplugin
LogPluginManager: Loaded Plugin OnlineSubsystemSteam, From C:/Program Files (x86)/Epic Games/4.13/Engine/Plugins/Online/OnlineSubsystemSteam/OnlineSubsystemSteam.uplugin
LogPluginManager: Loaded Plugin OnlineSubsystemUtils, From C:/Program Files (x86)/Epic Games/4.13/Engine/Plugins/Online/OnlineSubsystemUtils/OnlineSubsystemUtils.uplugin
LogPluginManager: Loaded Plugin IOSTapJoy, From C:/Program Files (x86)/Epic Games/4.13/Engine/Plugins/Runtime/Advertising/IOSTapJoy/IOSTapJoy.uplugin
LogPluginManager: Loaded Plugin AnalyticsBlueprintLibrary, From C:/Program Files (x86)/Epic Games/4.13/Engine/Plugins/Runtime/Analytics/AnalyticsBlueprintLibrary/AnalyticsBlueprintLibrary.uplugin
LogPluginManager: Loaded Plugin AnalyticsMulticast, From C:/Program Files (x86)/Epic Games/4.13/Engine/Plugins/Runtime/Analytics/AnalyticsMulticast/AnalyticsMulticast.uplugin
LogPluginManager: Loaded Plugin Apsalar, From C:/Program Files (x86)/Epic Games/4.13/Engine/Plugins/Runtime/Analytics/Apsalar/Apsalar.uplugin
LogPluginManager: Loaded Plugin FileLogging, From C:/Program Files (x86)/Epic Games/4.13/Engine/Plugins/Runtime/Analytics/FileLogging/FileLogging.uplugin
LogPluginManager: Loaded Plugin Flurry, From C:/Program Files (x86)/Epic Games/4.13/Engine/Plugins/Runtime/Analytics/Flurry/Flurry.uplugin
LogPluginManager: Loaded Plugin AndroidDeviceProfileSelector, From C:/Program Files (x86)/Epic Games/4.13/Engine/Plugins/Runtime/AndroidDeviceProfileSelector/AndroidDeviceProfileSelector.uplugin
LogPluginManager: Loaded Plugin AndroidMoviePlayer, From C:/Program Files (x86)/Epic Games/4.13/Engine/Plugins/Runtime/AndroidMoviePlayer/AndroidMoviePlayer.uplugin
LogPluginManager: Loaded Plugin AppleMoviePlayer, From C:/Program Files (x86)/Epic Games/4.13/Engine/Plugins/Runtime/AppleMoviePlayer/AppleMoviePlayer.uplugin
LogPluginManager: Loaded Plugin ArchVisCharacter, From C:/Program Files (x86)/Epic Games/4.13/Engine/Plugins/Runtime/ArchVisCharacter/ArchVisCharacter.uplugin
LogPluginManager: Loaded Plugin CableComponent, From C:/Program Files (x86)/Epic Games/4.13/Engine/Plugins/Runtime/CableComponent/CableComponent.uplugin
LogPluginManager: Loaded Plugin CustomMeshComponent, From C:/Program Files (x86)/Epic Games/4.13/Engine/Plugins/Runtime/CustomMeshComponent/CustomMeshComponent.uplugin
LogPluginManager: Loaded Plugin ExampleDeviceProfileSelector, From C:/Program Files (x86)/Epic Games/4.13/Engine/Plugins/Runtime/ExampleDeviceProfileSelector/ExampleDeviceProfileSelector.uplugin
LogPluginManager: Loaded Plugin GearVR, From C:/Program Files (x86)/Epic Games/4.13/Engine/Plugins/Runtime/GearVR/GearVR.uplugin
LogPluginManager: Loaded Plugin GoogleVRController, From C:/Program Files (x86)/Epic Games/4.13/Engine/Plugins/Runtime/GoogleVR/GoogleVRController/GoogleVRController.uplugin
LogPluginManager: Loaded Plugin GoogleVRHMD, From C:/Program Files (x86)/Epic Games/4.13/Engine/Plugins/Runtime/GoogleVR/GoogleVRHMD/GoogleVRHMD.uplugin
LogPluginManager: Loaded Plugin IOSDeviceProfileSelector, From C:/Program Files (x86)/Epic Games/4.13/Engine/Plugins/Runtime/IOSDeviceProfileSelector/IOSDeviceProfileSelector.uplugin
LogPluginManager: Loaded Plugin LeapMotion, From C:/Program Files (x86)/Epic Games/4.13/Engine/Plugins/Runtime/LeapMotion/LeapMotion.uplugin
LogPluginManager: Loaded Plugin LinuxDeviceProfileSelector, From C:/Program Files (x86)/Epic Games/4.13/Engine/Plugins/Runtime/LinuxDeviceProfileSelector/LinuxDeviceProfileSelector.uplugin
LogPluginManager: Loaded Plugin LiveEditorListenServer, From C:/Program Files (x86)/Epic Games/4.13/Engine/Plugins/Runtime/LiveEditorListenServer/LiveEditorListenServer.uplugin
LogPluginManager: Loaded Plugin OculusAudio, From C:/Program Files (x86)/Epic Games/4.13/Engine/Plugins/Runtime/OculusAudio/OculusAudio.uplugin
LogPluginManager: Loaded Plugin OculusInput, From C:/Program Files (x86)/Epic Games/4.13/Engine/Plugins/Runtime/OculusInput/OculusInput.uplugin
LogPluginManager: Loaded Plugin OculusLibrary, From C:/Program Files (x86)/Epic Games/4.13/Engine/Plugins/Runtime/OculusLibrary/OculusLibrary.uplugin
LogPluginManager: Loaded Plugin OculusRift, From C:/Program Files (x86)/Epic Games/4.13/Engine/Plugins/Runtime/OculusRift/OculusRift.uplugin
LogPluginManager: Loaded Plugin Oodle, From C:/Program Files (x86)/Epic Games/4.13/Engine/Plugins/Runtime/PacketHandlers/CompressionComponents/Oodle/Oodle.uplugin
LogPluginManager: Loaded Plugin ProceduralMeshComponent, From C:/Program Files (x86)/Epic Games/4.13/Engine/Plugins/Runtime/ProceduralMeshComponent/ProceduralMeshComponent.uplugin
LogPluginManager: Loaded Plugin SoundMod, From C:/Program Files (x86)/Epic Games/4.13/Engine/Plugins/Runtime/SoundMod/SoundMod.uplugin
LogPluginManager: Loaded Plugin SoundVisualizations, From C:/Program Files (x86)/Epic Games/4.13/Engine/Plugins/Runtime/SoundVisualizations/SoundVisualizations.uplugin
LogPluginManager: Loaded Plugin SteamController, From C:/Program Files (x86)/Epic Games/4.13/Engine/Plugins/Runtime/Steam/SteamController/SteamController.uplugin
LogPluginManager: Loaded Plugin SteamVR, From C:/Program Files (x86)/Epic Games/4.13/Engine/Plugins/Runtime/Steam/SteamVR/SteamVR.uplugin
LogPluginManager: Loaded Plugin WebBrowserWidget, From C:/Program Files (x86)/Epic Games/4.13/Engine/Plugins/Runtime/WebBrowserWidget/WebBrowserWidget.uplugin
LogPluginManager: Loaded Plugin WindowsDeviceProfileSelector, From C:/Program Files (x86)/Epic Games/4.13/Engine/Plugins/Runtime/WindowsDeviceProfileSelector/WindowsDeviceProfileSelector.uplugin
LogPluginManager: Loaded Plugin WindowsMoviePlayer, From C:/Program Files (x86)/Epic Games/4.13/Engine/Plugins/Runtime/WindowsMoviePlayer/WindowsMoviePlayer.uplugin
LogPluginManager: Loaded Plugin ScriptPlugin, From C:/Program Files (x86)/Epic Games/4.13/Engine/Plugins/ScriptPlugin/ScriptPlugin.uplugin
LogPluginManager: Loaded Plugin SlateRemote, From C:/Program Files (x86)/Epic Games/4.13/Engine/Plugins/Slate/SlateRemote/SlateRemote.uplugin
LogInit: Using libcurl 7.47.1
LogInit:  - built for x86_64-pc-win32
LogInit:  - supports SSL with WinSSL
LogInit:  - other features:
LogInit:      CURL_VERSION_SSL
LogInit:      CURL_VERSION_IPV6
LogInit:      CURL_VERSION_ASYNCHDNS
LogInit:      CURL_VERSION_LARGEFILE
LogInit:      CURL_VERSION_IDN
LogInit:  CurlRequestOptions (configurable via config and command line):
LogInit:  - bVerifyPeer = false  - Libcurl will NOT verify peer certificate
LogInit:  - bUseHttpProxy = false  - Libcurl will NOT use HTTP proxy
LogInit:  - bDontReuseConnections = false  - Libcurl will reuse connections
LogInit:  - CertBundlePath = nullptr  - Libcurl will use whatever was configured at build time.
OCULUS: Info: [CAPI] LibOVR module is located at C:\Program Files\Oculus\Support\oculus-runtime\LibOVRRT64_1.dll
OCULUS: Debug: Connected to the server running version (prod = 1).1.6.0(build = 250620) feature version = 0. Client runs version (prod = 1).1.6.0(build = 250620) feature version = 0
LogInit: Build: ++UE4+Release-4.13-CL-3106830
LogInit: Engine Version: 4.13.0-3106830+++UE4+Release-4.13
LogInit: Compatible Engine Version: 4.13.0-3106830+++UE4+Release-4.13
LogInit: Net CL: 3106830
LogDevObjectVersion: Number of dev versions registered: 13
LogDevObjectVersion:   Dev-Blueprints (B0D832E4-1F89-4F0D-ACCF-7EB736FD4AA2): 5
LogDevObjectVersion:   Dev-Build (E1C64328-A22C-4D53-A36C-8E866417BD8C): 0
LogDevObjectVersion:   Dev-Core (375EC13C-06E4-48FB-B500-84F0262A717E): 1
LogDevObjectVersion:   Dev-Editor (E4B068ED-F494-42E9-A231-DA0B2E46BB41): 6
LogDevObjectVersion:   Dev-Framework (CFFC743F-43B0-4480-9391-14DF171D2073): 12
LogDevObjectVersion:   Dev-Mobile (B02B49B5-BB20-44E9-A304-32B752E40360): 0
LogDevObjectVersion:   Dev-Networking (A4E4105C-59A1-49B5-A7C5-40C4547EDFEE): 0
LogDevObjectVersion:   Dev-Online (39C831C9-5AE6-47DC-9A44-9C173E1C8E7C): 0
LogDevObjectVersion:   Dev-Physics (78F01B33-EBEA-4F98-B9B4-84EACCB95AA2): 0
LogDevObjectVersion:   Dev-Platform (6631380F-2D4D-43E0-8009-CF276956A95A): 0
LogDevObjectVersion:   Dev-Rendering (12F88B9F-8875-4AFC-A67C-D90C383ABD29): 4
LogDevObjectVersion:   Dev-Sequencer (7B5AE74C-D270-4C10-A958-57980B212A5A): 0
LogDevObjectVersion:   Dev-VR (D7296918-1DD6-4BDD-9DE2-64A83CC13884): 0
LogInit: Compiled (64-bit): Aug 30 2016 18:11:39
LogInit: Compiled with Visual C++: 19.00.23026.00
LogInit: Build Configuration: Development
LogInit: Branch Name: ++UE4+Release-4.13
LogInit: Command line:  
LogInit: Base directory: C:/Program Files (x86)/Epic Games/4.13/Engine/Binaries/Win64/
LogInit: Installed Engine Build: 1
LogInit: Presizing for max 8388607 objects, including 0 objects not considered by GC, pre-allocating 0 bytes for permanent pool.
LogInit: Object subsystem initialized
[2016.11.22-13.58.49:933][  0]LogInit: Selected Device Profile: [Windows]
[2016.11.22-13.58.49:933][  0]LogInit: Applying CVar settings loaded from the selected device profile: [Windows]
[2016.11.22-13.58.49:964][  0]LogInit: Computer: S3-13
[2016.11.22-13.58.49:964][  0]LogInit: User: egimenez
[2016.11.22-13.58.49:964][  0]LogInit: CPU Page size=65536, Cores=4
[2016.11.22-13.58.49:964][  0]LogInit: High frequency timer resolution =3.117183 MHz
[2016.11.22-13.58.49:965][  0]LogMemory: Memory total: Physical=16.0GB (16GB approx)
[2016.11.22-13.58.49:966][  0]LogMemory: Platform Memory Stats for Windows
[2016.11.22-13.58.49:966][  0]LogMemory: Process Physical Memory: 262.23 MB used, 262.23 MB peak
[2016.11.22-13.58.49:966][  0]LogMemory: Process Virtual Memory: 263.17 MB used, 263.17 MB peak
[2016.11.22-13.58.49:966][  0]LogMemory: Physical Memory: 4200.53 MB used, 16346.68 MB total
[2016.11.22-13.58.49:966][  0]LogMemory: Virtual Memory: 666.02 MB used, 134217728.00 MB total
[2016.11.22-13.58.50:298][  0]LogTextLocalizationManager: No specific translations for ('en-US') exist, so ('en') translations will be used.
[2016.11.22-13.58.52:714][  0]LogD3D11RHI: D3D11 adapters:
[2016.11.22-13.58.52:758][  0]LogD3D11RHI:    0. 'NVIDIA GeForce GTX 960' (Feature Level 11_0)
[2016.11.22-13.58.52:758][  0]LogD3D11RHI:       4010/0/8173 MB DedicatedVideo/DedicatedSystem/SharedSystem, Outputs:1, VendorId:0x10de
[2016.11.22-13.58.52:767][  0]LogD3D11RHI:    1. 'Microsoft Basic Render Driver' (Feature Level 11_0)
[2016.11.22-13.58.52:767][  0]LogD3D11RHI:       0/0/8173 MB DedicatedVideo/DedicatedSystem/SharedSystem, Outputs:0, VendorId:0x1414
[2016.11.22-13.58.52:767][  0]LogD3D11RHI: Chosen D3D11 Adapter: 0
[2016.11.22-13.58.52:773][  0]LogD3D11RHI: Creating new Direct3DDevice
[2016.11.22-13.58.52:774][  0]LogD3D11RHI:     GPU DeviceId: 0x1401 (for the marketing name, search the web for "GPU Device Id")
[2016.11.22-13.58.52:774][  0]LogWindows: EnumDisplayDevices:
[2016.11.22-13.58.52:774][  0]LogWindows:    0. 'NVIDIA GeForce GTX 960' (P:1 D:1)
[2016.11.22-13.58.52:774][  0]LogWindows:    1. 'NVIDIA GeForce GTX 960' (P:0 D:0)
[2016.11.22-13.58.52:774][  0]LogWindows:    2. 'NVIDIA GeForce GTX 960' (P:0 D:0)
[2016.11.22-13.58.52:774][  0]LogWindows:    3. 'NVIDIA GeForce GTX 960' (P:0 D:0)
[2016.11.22-13.58.52:775][  0]LogWindows: DebugString: FoundDriverCount:4 
[2016.11.22-13.58.52:775][  0]LogD3D11RHI:     Adapter Name: NVIDIA GeForce GTX 960
[2016.11.22-13.58.52:775][  0]LogD3D11RHI:   Driver Version: 368.39 (internal:10.18.13.6839, unified:368.39)
[2016.11.22-13.58.52:775][  0]LogD3D11RHI:      Driver Date: 6-2-2016
[2016.11.22-13.58.52:775][  0]LogRHI: Texture pool is 1361 MB (70% of 1945 MB)
[2016.11.22-13.58.52:790][  0]LogD3D11RHI: Async texture creation enabled
[2016.11.22-13.58.52:850][  0]LogD3D11RHI: GPU Timing Frequency: 1000.000000 (Debug: 2 1)
[2016.11.22-13.58.52:863][  0]LogShaderCompilers: Guid format shader working directory is -34 characters bigger than the processId version (../../../../../../Users/egimenez/Desktop/ENTI/VAN/VANsGame/Mechanics/BasicMechanics/Intermediate/Shaders/WorkingDirectory/5664/).
[2016.11.22-13.58.52:864][  0]LogShaderCompilers: Cleaned the shader compiler working directory 'C:/Users/egimenez/AppData/Local/Temp/UnrealShaderWorkingDir/C608F80E49FC37651E4CA3B843DDA6B6/'.
[2016.11.22-13.58.52:864][  0]LogShaderCompilers:Display: Using Local Shader Compiler.
[2016.11.22-13.58.55:991][  0]LogTemp:Display: Loaded TP AllDesktopTargetPlatform
[2016.11.22-13.58.55:998][  0]LogTemp:Display: Loaded TP WindowsClientTargetPlatform
[2016.11.22-13.58.56:005][  0]LogTemp:Display: Loaded TP WindowsNoEditorTargetPlatform
[2016.11.22-13.58.56:012][  0]LogTemp:Display: Loaded TP WindowsServerTargetPlatform
[2016.11.22-13.58.56:020][  0]LogTemp:Display: Loaded TP WindowsTargetPlatform
[2016.11.22-13.58.56:029][  0]LogTemp:Display: Loaded TP AndroidTargetPlatform
[2016.11.22-13.58.56:037][  0]LogTemp:Display: Loaded TP Android_ASTCTargetPlatform
[2016.11.22-13.58.56:043][  0]LogTemp:Display: Loaded TP Android_ATCTargetPlatform
[2016.11.22-13.58.56:051][  0]LogTemp:Display: Loaded TP Android_DXTTargetPlatform
[2016.11.22-13.58.56:059][  0]LogTemp:Display: Loaded TP Android_ETC1TargetPlatform
[2016.11.22-13.58.56:068][  0]LogTemp:Display: Loaded TP Android_ETC2TargetPlatform
[2016.11.22-13.58.56:086][  0]LogTemp:Display: Loaded TP Android_MultiTargetPlatform
[2016.11.22-13.58.56:086][  0]LogTemp:Display: Loaded TP Android_PVRTCTargetPlatform
[2016.11.22-13.58.56:088][  0]LogTemp:Display: Loaded TP HTML5TargetPlatform
[2016.11.22-13.58.56:147][  0]LogTemp:Display: Loaded TP IOSTargetPlatform
[2016.11.22-13.58.56:153][  0]LogTemp:Display: Loaded TP TVOSTargetPlatform
[2016.11.22-13.58.56:161][  0]LogTemp:Display: Loaded TP LinuxClientTargetPlatform
[2016.11.22-13.58.56:168][  0]LogTemp:Display: Loaded TP LinuxNoEditorTargetPlatform
[2016.11.22-13.58.56:175][  0]LogTemp:Display: Loaded TP LinuxServerTargetPlatform
[2016.11.22-13.58.56:189][  0]LogTemp:Display: Loaded TP LinuxTargetPlatform
[2016.11.22-13.58.56:190][  0]LogTargetPlatformManager:Display: Building Assets For Windows
[2016.11.22-13.58.56:608][  0]LogDerivedDataCache:Display: Max Cache Size: 512 MB
[2016.11.22-13.58.56:891][  0]LogDerivedDataCache: Loaded boot cache 0.28s 62MB C:/Users/egimenez/AppData/Local/UnrealEngine/4.13/DerivedDataCache/Boot.ddc.
[2016.11.22-13.58.56:892][  0]LogDerivedDataCache:Display: Loaded Boot cache: C:/Users/egimenez/AppData/Local/UnrealEngine/4.13/DerivedDataCache/Boot.ddc
[2016.11.22-13.58.56:892][  0]LogDerivedDataCache: FDerivedDataBackendGraph:  Pak pak cache file ../../../../../../Users/egimenez/Desktop/ENTI/VAN/VANsGame/Mechanics/BasicMechanics/DerivedDataCache/DDC.ddp not found, will not use a pak cache.
[2016.11.22-13.58.56:892][  0]LogDerivedDataCache: Unable to find inner node Pak for hierarchical cache Hierarchy.
[2016.11.22-13.58.56:893][  0]LogDerivedDataCache: FDerivedDataBackendGraph:  CompressedPak pak cache file ../../../../../../Users/egimenez/Desktop/ENTI/VAN/VANsGame/Mechanics/BasicMechanics/DerivedDataCache/Compressed.ddp not found, will not use a pak cache.
[2016.11.22-13.58.56:893][  0]LogDerivedDataCache: Unable to find inner node CompressedPak for hierarchical cache Hierarchy.
[2016.11.22-13.58.56:933][  0]LogDerivedDataCache:Display: Pak cache opened for reading ../../../Engine/DerivedDataCache/Compressed.ddp.
[2016.11.22-13.58.56:946][  0]LogDerivedDataCache: Using Local data cache path C:/Users/egimenez/AppData/Local/UnrealEngine/Common/DerivedDataCache: Writable
[2016.11.22-13.59.00:718][  0]LogInit: Selected Device Profile: [Windows]
[2016.11.22-13.59.00:756][  0]LogContentStreaming: Texture pool size is 0.00 MB
[2016.11.22-13.59.00:888][  0]LogMeshUtilities: No automatic mesh reduction module available
[2016.11.22-13.59.00:888][  0]LogMeshUtilities: No automatic mesh merging module available
[2016.11.22-13.59.00:888][  0]LogMeshUtilities: No distributed automatic mesh merging module available
[2016.11.22-13.59.01:285][  0]LogMaterial: Uniform references updated for custom material expression Custom.
[2016.11.22-13.59.02:357][  0]LogNetVersion: GetLocalNetworkVersion: CL: 3106830, ProjectName: basicmechanics, ProjectVersion: , EngineNetworkVersion: 1, GameNetworkVersion: 0, NetworkChecksum: 2647762835
[2016.11.22-13.59.02:439][  0]LogAssetRegistry: FAssetRegistry took 0.0262 seconds to start up
[2016.11.22-13.59.02:484][  0]LogPackageLocalizationCache: Processed 3 localized package path(s) for 2 prioritized culture(s) in 0.033644 seconds
[2016.11.22-13.59.02:498][  0]LogUObjectArray: 29782 objects as part of root set at end of initial load.
[2016.11.22-13.59.02:498][  0]LogUObjectAllocator: 6126384 out of 0 bytes used by permanent object pool.
[2016.11.22-13.59.02:498][  0]LogUObjectArray: CloseDisregardForGC: 0/0 objects in disregard for GC pool
[2016.11.22-13.59.02:505][  0]LogInit: WinSock: version 1.1 (2.2), MaxSocks=32767, MaxUdp=65467
[2016.11.22-13.59.03:533][  0]LogSlate: SlateFontCache - WITH_FREETYPE: 1, WITH_HARFBUZZ: 1
[2016.11.22-13.59.03:534][  0]LogSlate: SlateFontCache - WITH_FREETYPE: 1, WITH_HARFBUZZ: 1
[2016.11.22-13.59.05:960][  0]LogUdpMessaging: Initializing bridge on interface 0.0.0.0:0 to multicast group 230.0.0.1:6666.
[2016.11.22-13.59.06:451][  0]SourceControl: Info Source control is disabled
[2016.11.22-13.59.06:550][  0]SourceControl: Info Source control is disabled
[2016.11.22-13.59.06:580][  0]SourceControl: Info Source control is disabled
[2016.11.22-13.59.06:598][  0]SourceControl: Info Source control is disabled
[2016.11.22-13.59.06:737][  0]LogLinker:Warning: Can't find file '/Game/ThirdPersonBP/ThirdPersonOverview'
[2016.11.22-13.59.06:737][  0]LogLinker:Warning: Can't find file '/Game/ThirdPersonBP/ThirdPersonOverview'
[2016.11.22-13.59.06:737][  0]LogUObjectGlobals:Warning: Failed to find object 'Class /Game/ThirdPersonBP/ThirdPersonOverview.ThirdPersonOverview_C'
[2016.11.22-13.59.07:132][  0]LogEngine: Initializing Engine...
[2016.11.22-13.59.07:139][  0]LogHMD: Oculus plugin initialized. Version: 4.13.0-3106830+++UE4+Release-4.13, LibOVR: 1.6.0, SDK: 1.6.0, built Aug 30 2016, 18:13:21
[2016.11.22-13.59.07:416][  0]LogAIModule: Creating AISystem for world Untitled
[2016.11.22-13.59.07:472][  0]LogInit: XAudio2 using 'BenQ GL2250H-4 (NVIDIA High Definition Audio)' : 2 channels at 48 kHz using 16 bits per sample (channel mask 0x3)
[2016.11.22-13.59.07:502][  0]LogInit: FAudioDevice initialized.
[2016.11.22-13.59.07:531][  0]LogDerivedDataCache: Saved boot cache 0.03s 62MB C:/Users/egimenez/AppData/Local/UnrealEngine/4.13/DerivedDataCache/Boot.ddc.
[2016.11.22-13.59.07:538][  0]LogInit: Texture streaming: Enabled
[2016.11.22-13.59.07:760][  0]LogInit: Transaction tracking system initialized
[2016.11.22-13.59.07:842][  0]BlueprintLog: New page: Editor Load
[2016.11.22-13.59.08:124][  0]LocalizationService: Info Localization service is disabled
[2016.11.22-13.59.08:336][  0]LogConsoleResponse:Display: 
[2016.11.22-13.59.08:777][  0]LogFileCache: Scanning file cache for directory 'C:/Users/egimenez/Desktop/ENTI/VAN/VANsGame/Mechanics/BasicMechanics/Content/' took 0.02s
[2016.11.22-13.59.08:777][  0]LogCook:Display: Max memory allowance for cook 16384mb min free memory 0mb
[2016.11.22-13.59.08:779][  0]LogCook:Display: Mobile HDR setting 1
[2016.11.22-13.59.09:223][  0]SourceControl: Info Source control is disabled
[2016.11.22-13.59.09:231][  0]Cmd: MAP LOAD FILE="../../../../../../Users/egimenez/Desktop/ENTI/VAN/VANsGame/Mechanics/BasicMechanics/Content/StarterContent/Maps/Minimal_Default.umap" TEMPLATE=0 SHOWPROGRESS=1 FEATURELEVEL=3
[2016.11.22-13.59.09:239][  0]LightingResults: New page: Lighting Build
[2016.11.22-13.59.09:270][  0]MapCheck: New page: Map Check
[2016.11.22-13.59.09:270][  0]LightingResults: New page: Lighting Build
[2016.11.22-13.59.10:087][  0]LogAIModule: Creating AISystem for world Minimal_Default
[2016.11.22-13.59.10:324][  0]LogEditorServer: Finished looking for orphan Actors (0.000 secs)
[2016.11.22-13.59.10:338][  0]Cmd: MAP CHECKDEP NOCLEARLOG
[2016.11.22-13.59.10:376][  0]MapCheck: Info Map check complete: 0 Error(s), 0 Warning(s), took 37.595ms to complete.
[2016.11.22-13.59.10:376][  0]LogFileHelpers: Loading map 'Minimal_Default' took 1.147
[2016.11.22-13.59.10:826][  0]LogCollectionManager: Loaded 0 collections in 0.001345 seconds
[2016.11.22-13.59.10:935][  0]LogFileCache: Scanning file cache for directory 'C:/Users/egimenez/Desktop/ENTI/VAN/VANsGame/Mechanics/BasicMechanics/Saved/Collections/' took 0.01s
[2016.11.22-13.59.10:935][  0]LogFileCache: Scanning file cache for directory 'C:/Users/egimenez/Desktop/ENTI/VAN/VANsGame/Mechanics/BasicMechanics/Content/Developers/egimenez/Collections/' took 0.01s
[2016.11.22-13.59.10:935][  0]LogFileCache: Scanning file cache for directory 'C:/Users/egimenez/Desktop/ENTI/VAN/VANsGame/Mechanics/BasicMechanics/Content/Collections/' took 0.01s
[2016.11.22-13.59.10:935][  0]LogCollectionManager: Rebuilt the GUID cache for 0 collections in 0.000422 seconds
[2016.11.22-13.59.10:955][  0]LogContentBrowser: Native class hierarchy populated in 0.0140 seconds. Added 2148 classes and 417 folders.
[2016.11.22-13.59.10:991][  0]LogStats: UGameplayTagsManager::ConstructGameplayTagTree: Construct from data asset -  0.000 s
[2016.11.22-13.59.10:991][  0]LogStats: UGameplayTagsManager::ConstructGameplayTagTree: GameplayTagTreeChangedEvent.Broadcast -  0.000 s
[2016.11.22-13.59.10:993][  0]LogContentBrowser: Native class hierarchy updated for 'GameplayTags' in 0.0005 seconds. Added 12 classes and 0 folders.
[2016.11.22-13.59.11:004][  0]LogContentBrowser: Native class hierarchy updated for 'WidgetCarousel' in 0.0004 seconds. Added 0 classes and 0 folders.
[2016.11.22-13.59.12:778][  0]LogContentBrowser: Native class hierarchy updated for 'AddContentDialog' in 0.0004 seconds. Added 0 classes and 0 folders.
[2016.11.22-13.59.12:798][  0]LogContentBrowser: Native class hierarchy updated for 'SceneOutliner' in 0.0004 seconds. Added 1 classes and 2 folders.
[2016.11.22-13.59.12:960][  0]LogCrashTracker: Crashtracker disabled due to settings.
[2016.11.22-13.59.13:033][  0]LogUObjectGlobals:Warning: Failed to find object 'Class None.'
[2016.11.22-13.59.13:077][  0]LogContentBrowser: Native class hierarchy updated for 'HierarchicalLODOutliner' in 0.0004 seconds. Added 1 classes and 2 folders.
[2016.11.22-13.59.13:077][  0]LogLoad: (Engine Initialization) Total time: 27.18 seconds
[2016.11.22-13.59.13:077][  0]LogLoad: (Engine Initialization) Total Blueprint compile time: 0.23 seconds
[2016.11.22-13.59.13:077][  0]LogExternalProfiler: Found external profiler: VSPerf
[2016.11.22-13.59.13:077][  0]LogExternalProfiler: Using external profiler: VSPerf
[2016.11.22-13.59.13:100][  0]LogOcInput: OculusInput pre-init called
[2016.11.22-13.59.13:109][  0]LogOcInput: OculusInput is initialized. Init status 0. Runtime version: 1.6.0
[2016.11.22-13.59.13:184][  0]LogContentStreaming: Texture pool size now 1000 MB
[2016.11.22-13.59.13:886][  0]LogRenderer: Reallocating scene render targets to support 1060x632 (Frame:2).
[2016.11.22-13.59.14:097][  2]LogAssetRegistry: Asset discovery search completed in 11.6808 seconds
[2016.11.22-13.59.14:098][  2]LogCollectionManager: Rebuilt the object cache for 0 collections in 0.000000 seconds (found 0 objects)
[2016.11.22-13.59.14:098][  2]LogCollectionManager: Fixed up redirectors for 0 collections in 0.000500 seconds (updated 0 objects)
[2016.11.22-13.59.20:143][683]LogSynthBenchmark:Display: FSynthBenchmark (V0.95):  requested WorkScale=5.00
[2016.11.22-13.59.20:143][683]LogSynthBenchmark:Display: ===============
[2016.11.22-13.59.20:143][683]LogSynthBenchmark:Display: Main Processor:
[2016.11.22-13.59.20:358][683]LogSynthBenchmark:Display:          ... 0.021498 s/Run 'RayIntersect'
[2016.11.22-13.59.20:358][683]LogSynthBenchmark:Display:          ... 0.021576 s/Run 'Fractal'
[2016.11.22-13.59.20:358][683]LogSynthBenchmark:Display: 
[2016.11.22-13.59.20:358][683]LogSynthBenchmark:Display:   CompiledTarget_x_Bits: 64
[2016.11.22-13.59.20:358][683]LogSynthBenchmark:Display:   UE_BUILD_SHIPPING: 0
[2016.11.22-13.59.20:358][683]LogSynthBenchmark:Display:   UE_BUILD_TEST: 0
[2016.11.22-13.59.20:358][683]LogSynthBenchmark:Display:   UE_BUILD_DEBUG: 0
[2016.11.22-13.59.20:358][683]LogSynthBenchmark:Display:   TotalPhysicalGBRam: 16
[2016.11.22-13.59.20:358][683]LogSynthBenchmark:Display:   NumberOfCores (physical): 4
[2016.11.22-13.59.20:358][683]LogSynthBenchmark:Display:   NumberOfCores (logical): 4
[2016.11.22-13.59.20:358][683]LogSynthBenchmark:Display:   CPU Perf Index 0: 119.1 (weight 1.00)
[2016.11.22-13.59.20:358][683]LogSynthBenchmark:Display:   CPU Perf Index 1: 132.6 (weight 1.50)
[2016.11.22-13.59.20:358][683]LogSynthBenchmark:Display:  
[2016.11.22-13.59.20:358][683]LogSynthBenchmark:Display: Graphics:
[2016.11.22-13.59.20:358][683]LogSynthBenchmark:Display:   Adapter Name: 'NVIDIA GeForce GTX 960'
[2016.11.22-13.59.20:358][683]LogSynthBenchmark:Display:   (On Optimus the name might be wrong, memory should be ok)
[2016.11.22-13.59.20:358][683]LogSynthBenchmark:Display:   Vendor Id: 0x10de
[2016.11.22-13.59.20:358][683]LogSynthBenchmark:Display:   Device Id: 0x1401
[2016.11.22-13.59.20:358][683]LogSynthBenchmark:Display:   GPU Memory: 4011/0/8174 MB
[2016.11.22-13.59.20:367][683]LogSynthBenchmark:Display:   GPU first test: 0.00s
[2016.11.22-13.59.20:367][683]LogSynthBenchmark:Display:          ... 3.343 GigaPix/s, Confidence=100% 'ALUHeavyNoise' (likely to be very inaccurate)
[2016.11.22-13.59.20:367][683]LogSynthBenchmark:Display:          ... 2.715 GigaPix/s, Confidence=100% 'TexHeavy' (likely to be very inaccurate)
[2016.11.22-13.59.20:367][683]LogSynthBenchmark:Display:          ... 2.299 GigaPix/s, Confidence=100% 'DepTexHeavy' (likely to be very inaccurate)
[2016.11.22-13.59.20:367][683]LogSynthBenchmark:Display:          ... 7.086 GigaPix/s, Confidence=89% 'FillOnly' (likely to be very inaccurate)
[2016.11.22-13.59.20:367][683]LogSynthBenchmark:Display:          ... 0.508 GigaPix/s, Confidence=100% 'Bandwidth' (likely to be very inaccurate)
[2016.11.22-13.59.20:391][683]LogSynthBenchmark:Display:   GPU second test: 0.02s
[2016.11.22-13.59.20:391][683]LogSynthBenchmark:Display:          ... 5.756 GigaPix/s, Confidence=100% 'ALUHeavyNoise' (likely to be inaccurate)
[2016.11.22-13.59.20:391][683]LogSynthBenchmark:Display:          ... 4.530 GigaPix/s, Confidence=100% 'TexHeavy' (likely to be inaccurate)
[2016.11.22-13.59.20:391][683]LogSynthBenchmark:Display:          ... 4.007 GigaPix/s, Confidence=100% 'DepTexHeavy' (likely to be inaccurate)
[2016.11.22-13.59.20:391][683]LogSynthBenchmark:Display:          ... 23.968 GigaPix/s, Confidence=100% 'FillOnly' (likely to be inaccurate)
[2016.11.22-13.59.20:391][683]LogSynthBenchmark:Display:          ... 0.551 GigaPix/s, Confidence=100% 'Bandwidth' (likely to be inaccurate)
[2016.11.22-13.59.21:299][683]LogSynthBenchmark:Display:   GPU third test: 0.90s
[2016.11.22-13.59.21:299][683]LogSynthBenchmark:Display:          ... 6.896 GigaPix/s, Confidence=100% 'ALUHeavyNoise'
[2016.11.22-13.59.21:299][683]LogSynthBenchmark:Display:          ... 5.236 GigaPix/s, Confidence=100% 'TexHeavy'
[2016.11.22-13.59.21:299][683]LogSynthBenchmark:Display:          ... 4.943 GigaPix/s, Confidence=100% 'DepTexHeavy'
[2016.11.22-13.59.21:299][683]LogSynthBenchmark:Display:          ... 35.761 GigaPix/s, Confidence=100% 'FillOnly'
[2016.11.22-13.59.21:299][683]LogSynthBenchmark:Display:          ... 0.627 GigaPix/s, Confidence=100% 'Bandwidth'
[2016.11.22-13.59.21:299][683]LogSynthBenchmark:Display: 
[2016.11.22-13.59.21:299][683]LogSynthBenchmark:Display:   GPU Perf Index 0: 149.9 (weight 1.00)
[2016.11.22-13.59.21:299][683]LogSynthBenchmark:Display:   GPU Perf Index 1: 70.3 (weight 0.10)
[2016.11.22-13.59.21:299][683]LogSynthBenchmark:Display:   GPU Perf Index 2: 128.5 (weight 0.10)
[2016.11.22-13.59.21:299][683]LogSynthBenchmark:Display:   GPU Perf Index 3: 140.4 (weight 3.00)
[2016.11.22-13.59.21:299][683]LogSynthBenchmark:Display:   GPU Perf Index 4: 58.5 (weight 1.00)
[2016.11.22-13.59.21:299][683]LogSynthBenchmark:Display:   CPUIndex: 127.2
[2016.11.22-13.59.21:299][683]LogSynthBenchmark:Display:   GPUIndex: 124.9
[2016.11.22-13.59.21:299][683]LogSynthBenchmark:Display: 
[2016.11.22-13.59.21:299][683]LogSynthBenchmark:Display:          ... Total Time: 1.160822 sec
[2016.11.22-13.59.25:986][233]LogBlueprint:Warning: [Compiler Answers] Warning 'Item' is already a 'NPC', you don't need  K2Node_DynamicCast_0 .
[2016.11.22-13.59.25:986][233]LogBlueprint:Warning: [Compiler Answers] Warning 'Item' is already a 'NPC', you don't need  K2Node_DynamicCast_15 .
[2016.11.22-13.59.25:986][233]LogBlueprint:Warning: [Compiler Answers] Warning 'Item' is already a 'NPC', you don't need  K2Node_DynamicCast_2 .
[2016.11.22-13.59.25:999][233]LogBlueprint:Warning: [Compiler Answers] Warning [0040.13] Compile of Answers successful, but with 3 Warning(s) [in 21 ms] (/Game/Elements/NPCDialogue/Answers.Answers)
[2016.11.22-13.59.25:999][233]LogBlueprint:Warning: [Compiler Answers] Warning [0040.13] Compile of Answers successful, but with 4 Warning(s) [in 0 ms] (/Game/Elements/NPCDialogue/Answers.Answers)
[2016.11.22-13.59.25:999][233]LogBlueprint:Warning: [Compiler Answers] Warning [0040.13] Compile of Answers successful, but with 5 Warning(s) [in 0 ms] (/Game/Elements/NPCDialogue/Answers.Answers)
[2016.11.22-13.59.26:024][233]LogBlueprint:Warning: [Compiler NPC] Warning 'ReturnValue' is already a 'Player Controller', you don't need  K2Node_DynamicCast_1 .
[2016.11.22-13.59.26:024][233]LogBlueprint:Warning: [Compiler NPC] Warning 'ReturnValue' is already a 'Player Controller', you don't need  K2Node_DynamicCast_2 .
[2016.11.22-13.59.26:028][233]LogBlueprint:Warning: [Compiler NPC] Warning [0040.16] Compile of NPC successful, but with 2 Warning(s) [in 13 ms] (/Game/Elements/NPCDialogue/NPC.NPC)
[2016.11.22-13.59.26:032][233]LogBlueprint:Warning: [Compiler NPC] Warning [0040.16] Compile of NPC successful, but with 3 Warning(s) [in 4 ms] (/Game/Elements/NPCDialogue/NPC.NPC)
[2016.11.22-13.59.26:032][233]LogBlueprint:Warning: [Compiler NPC] Warning [0040.16] Compile of NPC successful, but with 4 Warning(s) [in 0 ms] (/Game/Elements/NPCDialogue/NPC.NPC)
[2016.11.22-13.59.26:038][233]LogBlueprint:Warning: [Compiler Answers] Warning 'Item' is already a 'NPC', you don't need  K2Node_DynamicCast_0 .
[2016.11.22-13.59.26:038][233]LogBlueprint:Warning: [Compiler Answers] Warning 'Item' is already a 'NPC', you don't need  K2Node_DynamicCast_15 .
[2016.11.22-13.59.26:038][233]LogBlueprint:Warning: [Compiler Answers] Warning 'Item' is already a 'NPC', you don't need  K2Node_DynamicCast_2 .
[2016.11.22-13.59.26:045][233]LogBlueprint:Warning: [Compiler Answers] Warning [0040.17] Compile of Answers successful, but with 3 Warning(s) [in 11 ms] (/Game/Elements/NPCDialogue/Answers.Answers)
[2016.11.22-13.59.26:045][233]LogBlueprint:Warning: [Compiler Answers] Warning [0040.17] Compile of Answers successful, but with 4 Warning(s) [in 0 ms] (/Game/Elements/NPCDialogue/Answers.Answers)
[2016.11.22-13.59.26:045][233]LogBlueprint:Warning: [Compiler Answers] Warning [0040.18] Compile of Answers successful, but with 5 Warning(s) [in 0 ms] (/Game/Elements/NPCDialogue/Answers.Answers)
[2016.11.22-13.59.26:050][233]LogBlueprint:Warning: [Compiler NPC] Warning 'ReturnValue' is already a 'Player Controller', you don't need  K2Node_DynamicCast_1 .
[2016.11.22-13.59.26:050][233]LogBlueprint:Warning: [Compiler NPC] Warning 'ReturnValue' is already a 'Player Controller', you don't need  K2Node_DynamicCast_2 .
[2016.11.22-13.59.26:053][233]LogBlueprint:Warning: [Compiler NPC] Warning [0040.18] Compile of NPC successful, but with 2 Warning(s) [in 6 ms] (/Game/Elements/NPCDialogue/NPC.NPC)
[2016.11.22-13.59.26:053][233]LogBlueprint:Warning: [Compiler NPC] Warning [0040.18] Compile of NPC successful, but with 3 Warning(s) [in 0 ms] (/Game/Elements/NPCDialogue/NPC.NPC)
[2016.11.22-13.59.26:053][233]LogBlueprint:Warning: [Compiler NPC] Warning [0040.18] Compile of NPC successful, but with 4 Warning(s) [in 0 ms] (/Game/Elements/NPCDialogue/NPC.NPC)
[2016.11.22-13.59.26:562][233]LogContentBrowser: Native class hierarchy updated for 'BlueprintGraph' in 0.0007 seconds. Added 112 classes and 0 folders.
[2016.11.22-14.00.48:506][838]BlueprintLog: New page: Compile NPC
[2016.11.22-14.00.48:533][838]LogBlueprint:Warning: [Compiler NPC] Warning 'ReturnValue' is already a 'Player Controller', you don't need  K2Node_DynamicCast_1 .
[2016.11.22-14.00.48:534][838]LogBlueprint:Warning: [Compiler NPC] Warning 'ReturnValue' is already a 'Player Controller', you don't need  K2Node_DynamicCast_2 .
[2016.11.22-14.00.48:535][838]LogBlueprint:Error: [Compiler NPC] Error This blueprint (self) is not a PlayerController, therefore ' self ' must have a connection.
[2016.11.22-14.00.48:536][838]LogBlueprint:Error: [Compiler NPC] Error Variable node  K2Node_VariableSet_113  uses an invalid target.  It may depend on a node that is not connected to the execution chain, and got purged.
[2016.11.22-14.00.48:761][838]BlueprintEditorCompileResults:Warning: Warning 'ReturnValue' is already a 'Player Controller', you don't need  K2Node_DynamicCast_1 .
[2016.11.22-14.00.48:761][838]BlueprintEditorCompileResults:Warning: Warning 'ReturnValue' is already a 'Player Controller', you don't need  K2Node_DynamicCast_2 .
[2016.11.22-14.00.48:761][838]BlueprintEditorCompileResults:Error: Error This blueprint (self) is not a PlayerController, therefore ' self ' must have a connection.
[2016.11.22-14.00.48:761][838]BlueprintEditorCompileResults:Error: Error Variable node  K2Node_VariableSet_113  uses an invalid target.  It may depend on a node that is not connected to the execution chain, and got purged.
[2016.11.22-14.00.48:761][838]LogBlueprint:Warning: [Compiler NPC] Warning [0123.22] Compile of NPC failed. 2 Fatal Issue(s) 2 Warning(s) [in 256 ms] (/Game/Elements/NPCDialogue/NPC.NPC)
[2016.11.22-14.00.54:023][368]BlueprintLog: New page: Compile NPC
[2016.11.22-14.00.54:046][368]LogBlueprint:Warning: [Compiler NPC] Warning 'ReturnValue' is already a 'Player Controller', you don't need  K2Node_DynamicCast_1 .
[2016.11.22-14.00.54:047][368]LogBlueprint:Warning: [Compiler NPC] Warning 'ReturnValue' is already a 'Player Controller', you don't need  K2Node_DynamicCast_2 .
[2016.11.22-14.00.54:047][368]LogBlueprint:Error: [Compiler NPC] Error This blueprint (self) is not a PlayerController, therefore ' self ' must have a connection.
[2016.11.22-14.00.54:048][368]LogBlueprint:Error: [Compiler NPC] Error Variable node  K2Node_VariableSet_113  uses an invalid target.  It may depend on a node that is not connected to the execution chain, and got purged.
[2016.11.22-14.00.54:184][368]BlueprintEditorCompileResults:Warning: Warning 'ReturnValue' is already a 'Player Controller', you don't need  K2Node_DynamicCast_1 .
[2016.11.22-14.00.54:184][368]BlueprintEditorCompileResults:Warning: Warning 'ReturnValue' is already a 'Player Controller', you don't need  K2Node_DynamicCast_2 .
[2016.11.22-14.00.54:184][368]BlueprintEditorCompileResults:Error: Error This blueprint (self) is not a PlayerController, therefore ' self ' must have a connection.
[2016.11.22-14.00.54:184][368]BlueprintEditorCompileResults:Error: Error Variable node  K2Node_VariableSet_113  uses an invalid target.  It may depend on a node that is not connected to the execution chain, and got purged.
[2016.11.22-14.00.54:184][368]LogBlueprint:Warning: [Compiler NPC] Warning [0128.67] Compile of NPC failed. 2 Fatal Issue(s) 2 Warning(s) [in 160 ms] (/Game/Elements/NPCDialogue/NPC.NPC)
[2016.11.22-14.01.00:616][ 70]BlueprintLog: New page: Compile NPC
[2016.11.22-14.01.00:637][ 70]LogBlueprint:Warning: [Compiler NPC] Warning 'ReturnValue' is already a 'Player Controller', you don't need  K2Node_DynamicCast_1 .
[2016.11.22-14.01.00:637][ 70]LogBlueprint:Warning: [Compiler NPC] Warning 'ReturnValue' is already a 'Player Controller', you don't need  K2Node_DynamicCast_2 .
[2016.11.22-14.01.01:312][ 70]BlueprintEditorCompileResults:Warning: Warning 'ReturnValue' is already a 'Player Controller', you don't need  K2Node_DynamicCast_1 .
[2016.11.22-14.01.01:312][ 70]BlueprintEditorCompileResults:Warning: Warning 'ReturnValue' is already a 'Player Controller', you don't need  K2Node_DynamicCast_2 .
[2016.11.22-14.01.01:313][ 70]LogBlueprint:Warning: [Compiler NPC] Warning [0135.83] Compile of NPC successful, but with 2 Warning(s) [in 699 ms] (/Game/Elements/NPCDialogue/NPC.NPC)
[2016.11.22-14.01.32:390][634]BlueprintLog: New page: Compile NPC
[2016.11.22-14.01.32:412][634]LogBlueprint:Warning: [Compiler NPC] Warning 'ReturnValue' is already a 'Player Controller', you don't need  K2Node_DynamicCast_1 .
[2016.11.22-14.01.32:412][634]LogBlueprint:Warning: [Compiler NPC] Warning 'ReturnValue' is already a 'Player Controller', you don't need  K2Node_DynamicCast_2 .
[2016.11.22-14.01.32:413][634]LogBlueprint:Error: [Compiler NPC] Error This blueprint (self) is not a PlayerController, therefore ' self ' must have a connection.
[2016.11.22-14.01.32:413][634]LogBlueprint:Error: [Compiler NPC] Error Variable node  K2Node_VariableSet_112  uses an invalid target.  It may depend on a node that is not connected to the execution chain, and got purged.
[2016.11.22-14.01.32:545][634]BlueprintEditorCompileResults:Warning: Warning 'ReturnValue' is already a 'Player Controller', you don't need  K2Node_DynamicCast_1 .
[2016.11.22-14.01.32:545][634]BlueprintEditorCompileResults:Warning: Warning 'ReturnValue' is already a 'Player Controller', you don't need  K2Node_DynamicCast_2 .
[2016.11.22-14.01.32:545][634]BlueprintEditorCompileResults:Error: Error This blueprint (self) is not a PlayerController, therefore ' self ' must have a connection.
[2016.11.22-14.01.32:545][634]BlueprintEditorCompileResults:Error: Error Variable node  K2Node_VariableSet_112  uses an invalid target.  It may depend on a node that is not connected to the execution chain, and got purged.
[2016.11.22-14.01.32:546][634]LogBlueprint:Warning: [Compiler NPC] Warning [0167.19] Compile of NPC failed. 2 Fatal Issue(s) 2 Warning(s) [in 156 ms] (/Game/Elements/NPCDialogue/NPC.NPC)
[2016.11.22-14.01.33:998][792]BlueprintLog: New page: Compile NPC
[2016.11.22-14.01.34:022][792]LogBlueprint:Warning: [Compiler NPC] Warning 'ReturnValue' is already a 'Player Controller', you don't need  K2Node_DynamicCast_1 .
[2016.11.22-14.01.34:022][792]LogBlueprint:Warning: [Compiler NPC] Warning 'ReturnValue' is already a 'Player Controller', you don't need  K2Node_DynamicCast_2 .
[2016.11.22-14.01.34:022][792]LogBlueprint:Error: [Compiler NPC] Error This blueprint (self) is not a PlayerController, therefore ' self ' must have a connection.
[2016.11.22-14.01.34:023][792]LogBlueprint:Error: [Compiler NPC] Error Variable node  K2Node_VariableSet_112  uses an invalid target.  It may depend on a node that is not connected to the execution chain, and got purged.
[2016.11.22-14.01.34:151][792]BlueprintEditorCompileResults:Warning: Warning 'ReturnValue' is already a 'Player Controller', you don't need  K2Node_DynamicCast_1 .
[2016.11.22-14.01.34:151][792]BlueprintEditorCompileResults:Warning: Warning 'ReturnValue' is already a 'Player Controller', you don't need  K2Node_DynamicCast_2 .
[2016.11.22-14.01.34:151][792]BlueprintEditorCompileResults:Error: Error This blueprint (self) is not a PlayerController, therefore ' self ' must have a connection.
[2016.11.22-14.01.34:151][792]BlueprintEditorCompileResults:Error: Error Variable node  K2Node_VariableSet_112  uses an invalid target.  It may depend on a node that is not connected to the execution chain, and got purged.
[2016.11.22-14.01.34:151][792]LogBlueprint:Warning: [Compiler NPC] Warning [0168.80] Compile of NPC failed. 2 Fatal Issue(s) 2 Warning(s) [in 153 ms] (/Game/Elements/NPCDialogue/NPC.NPC)
[2016.11.22-14.02.09:906][845]BlueprintLog: New page: Compile NPC
[2016.11.22-14.02.09:930][845]LogBlueprint:Warning: [Compiler NPC] Warning 'ReturnValue' is already a 'Player Controller', you don't need  K2Node_DynamicCast_1 .
[2016.11.22-14.02.09:931][845]LogBlueprint:Warning: [Compiler NPC] Warning 'ReturnValue' is already a 'Player Controller', you don't need  K2Node_DynamicCast_2 .
[2016.11.22-14.02.10:011][845]BlueprintEditorCompileResults:Warning: Warning 'ReturnValue' is already a 'Player Controller', you don't need  K2Node_DynamicCast_1 .
[2016.11.22-14.02.10:011][845]BlueprintEditorCompileResults:Warning: Warning 'ReturnValue' is already a 'Player Controller', you don't need  K2Node_DynamicCast_2 .
[2016.11.22-14.02.10:011][845]LogBlueprint:Warning: [Compiler NPC] Warning [0204.80] Compile of NPC successful, but with 2 Warning(s) [in 104 ms] (/Game/Elements/NPCDialogue/NPC.NPC)
[2016.11.22-14.02.25:190][477]BlueprintLog: New page: Compile NPC
[2016.11.22-14.02.34:305][271]LogAIModule: Creating AISystem for world Tests
[2016.11.22-14.02.37:183][271]Cmd: OBJ SAVEPACKAGE PACKAGE="/Game/Elements/NPCDialogue/NPC" FILE="../../../../../../Users/egimenez/Desktop/ENTI/VAN/VANsGame/Mechanics/BasicMechanics/Content/Elements/NPCDialogue/NPC.uasset" SILENT=true
[2016.11.22-14.02.37:336][271]LogSavePackage: Save=71.66ms
[2016.11.22-14.02.37:336][271]LogSavePackage: Moving '../../../../../../Users/egimenez/Desktop/ENTI/VAN/VANsGame/Mechanics/BasicMechanics/Saved/NPCA647E5AE4BB7640FDFCE38A50E65DC3B.tmp' to '../../../../../../Users/egimenez/Desktop/ENTI/VAN/VANsGame/Mechanics/BasicMechanics/Content/Elements/NPCDialogue/NPC.uasset'
[2016.11.22-14.02.37:340][271]LogSavePackage:Display: Finished SavePackage ../../../../../../Users/egimenez/Desktop/ENTI/VAN/VANsGame/Mechanics/BasicMechanics/Content/Elements/NPCDialogue/NPC.uasset
[2016.11.22-14.02.37:343][271]Cmd: MAP LOAD FILE="../../../../../../Users/egimenez/Desktop/ENTI/VAN/VANsGame/Mechanics/BasicMechanics/Content/Levels/Tests.umap" TEMPLATE=0 SHOWPROGRESS=1 FEATURELEVEL=3
[2016.11.22-14.02.37:343][271]LightingResults: New page: Lighting Build
[2016.11.22-14.02.37:344][271]LoadErrors: New page: Loading map: Tests.umap
[2016.11.22-14.02.37:352][271]MapCheck: New page: Map Check
[2016.11.22-14.02.37:352][271]LightingResults: New page: Lighting Build
[2016.11.22-14.02.37:400][271]LogEditorServer: Finished looking for orphan Actors (0.000 secs)
[2016.11.22-14.02.59:737][271]Cmd: MAP CHECKDEP NOCLEARLOG
[2016.11.22-14.03.01:011][271]MapCheck: Info Map check complete: 0 Error(s), 0 Warning(s), took 1,278.825ms to complete.
[2016.11.22-14.03.01:013][271]LogFileHelpers: Loading map 'Tests' took 23.767
[2016.11.22-14.03.21:328][381]LogBlueprintUserMessages: Early PlayInEditor Detection: Level '/Game/Levels/Tests.Tests:PersistentLevel' has LevelScriptBlueprint '/Game/Levels/Tests.Tests:PersistentLevel.Tests' with GeneratedClass '/Game/Levels/Tests.Tests_C' with ClassGeneratedBy '/Game/Levels/Tests.Tests:PersistentLevel.Tests'
[2016.11.22-14.03.21:331][381]LogPlayLevel: PlayLevel: No blueprints needed recompiling
[2016.11.22-14.03.21:338][381]PIE: New page: PIE session: Tests (Nov 22, 2016, 4:03:21 PM)
[2016.11.22-14.03.21:338][381]LogPlayLevel: Creating play world package: /Game/Levels/UEDPIE_0_Tests
[2016.11.22-14.03.21:357][381]LogPlayLevel: PIE: StaticDuplicateObject took: (0.019211s)
[2016.11.22-14.03.21:357][381]LogAIModule: Creating AISystem for world Tests
[2016.11.22-14.03.21:360][381]LogPlayLevel: PIE: World Init took: (0.002829s)
[2016.11.22-14.03.21:360][381]LogPlayLevel: PIE: Created PIE world by copying editor world from /Game/Levels/Tests.Tests to /Game/Levels/UEDPIE_0_Tests.Tests (0.022634s)
[2016.11.22-14.03.21:383][381]LogInit: XAudio2 using 'BenQ GL2250H-4 (NVIDIA High Definition Audio)' : 2 channels at 48 kHz using 16 bits per sample (channel mask 0x3)
[2016.11.22-14.03.21:389][381]LogInit: FAudioDevice initialized.
[2016.11.22-14.03.21:474][381]LogWorld: Game class is 'GameMode'
[2016.11.22-14.03.21:507][381]LogWorld: Bringing World /Game/Levels/UEDPIE_0_Tests.Tests up for play (max tick rate 0) at 2016.11.22-15.03.21
[2016.11.22-14.03.21:545][381]LogWorld: Bringing up level for play took: 0.049762
[2016.11.22-14.03.21:574][381]LogContentBrowser: Native class hi