Log file open, 10/18/16 15:43:08
LogInit:Display: Running engine for game: BasicMechanics
LogPlatformFile: Not using cached read wrapper
LogInit:Display: RandInit(-2096179892) SRandInit(-2096179892).
LogTaskGraph: Started task graph with 5 named threads and 8 total threads with 1 sets of task threads.
LogStats: Stats thread started at 0.070634
LogPluginManager: Loaded Plugin Paper2D, From C:/Program Files (x86)/Epic Games/4.13/Engine/Plugins/2D/Paper2D/Paper2D.uplugin
LogPluginManager: Loaded Plugin LightPropagationVolume, From C:/Program Files (x86)/Epic Games/4.13/Engine/Plugins/Blendables/LightPropagationVolume/LightPropagationVolume.uplugin
LogPluginManager: Loaded Plugin BlankPlugin, From C:/Program Files (x86)/Epic Games/4.13/Engine/Plugins/Developer/BlankPlugin/BlankPlugin.uplugin
LogPluginManager: Loaded Plugin CodeLiteSourceCodeAccess, From C:/Program Files (x86)/Epic Games/4.13/Engine/Plugins/Developer/CodeLiteSourceCodeAccess/CodeLiteSourceCodeAccess.uplugin
LogPluginManager: Loaded Plugin GitSourceControl, From C:/Program Files (x86)/Epic Games/4.13/Engine/Plugins/Developer/GitSourceControl/GitSourceControl.uplugin
LogPluginManager: Loaded Plugin KDevelopSourceCodeAccess, From C:/Program Files (x86)/Epic Games/4.13/Engine/Plugins/Developer/KDevelopSourceCodeAccess/KDevelopSourceCodeAccess.uplugin
LogPluginManager: Loaded Plugin NullSourceCodeAccess, From C:/Program Files (x86)/Epic Games/4.13/Engine/Plugins/Developer/NullSourceCodeAccess/NullSourceCodeAccess.uplugin
LogPluginManager: Loaded Plugin OneSkyLocalizationService, From C:/Program Files (x86)/Epic Games/4.13/Engine/Plugins/Developer/OneSkyLocalizationService/OneSkyLocalizationService.uplugin
LogPluginManager: Loaded Plugin PerforceSourceControl, From C:/Program Files (x86)/Epic Games/4.13/Engine/Plugins/Developer/PerforceSourceControl/PerforceSourceControl.uplugin
LogPluginManager: Loaded Plugin SubversionSourceControl, From C:/Program Files (x86)/Epic Games/4.13/Engine/Plugins/Developer/SubversionSourceControl/SubversionSourceControl.uplugin
LogPluginManager: Loaded Plugin UObjectPlugin, From C:/Program Files (x86)/Epic Games/4.13/Engine/Plugins/Developer/UObjectPlugin/UObjectPlugin.uplugin
LogPluginManager: Loaded Plugin VisualStudioSourceCodeAccess, From C:/Program Files (x86)/Epic Games/4.13/Engine/Plugins/Developer/VisualStudioSourceCodeAccess/VisualStudioSourceCodeAccess.uplugin
LogPluginManager: Loaded Plugin XCodeSourceCodeAccess, From C:/Program Files (x86)/Epic Games/4.13/Engine/Plugins/Developer/XCodeSourceCodeAccess/XCodeSourceCodeAccess.uplugin
LogPluginManager: Loaded Plugin EpicSurvey, From C:/Program Files (x86)/Epic Games/4.13/Engine/Plugins/Editor/EpicSurvey/EpicSurvey.uplugin
LogPluginManager: Loaded Plugin MacGraphicsSwitching, From C:/Program Files (x86)/Epic Games/4.13/Engine/Plugins/Editor/MacGraphicsSwitching/MacGraphicsSwitching.uplugin
LogPluginManager: Loaded Plugin MobileLauncherProfileWizard, From C:/Program Files (x86)/Epic Games/4.13/Engine/Plugins/Editor/MobileLauncherProfileWizard/MobileLauncherProfileWizard.uplugin
LogPluginManager: Loaded Plugin PluginBrowser, From C:/Program Files (x86)/Epic Games/4.13/Engine/Plugins/Editor/PluginBrowser/PluginBrowser.uplugin
LogPluginManager: Loaded Plugin SpeedTreeImporter, From C:/Program Files (x86)/Epic Games/4.13/Engine/Plugins/Editor/SpeedTreeImporter/SpeedTreeImporter.uplugin
LogPluginManager: Loaded Plugin SuperSearchEditor, From C:/Program Files (x86)/Epic Games/4.13/Engine/Plugins/Editor/SuperSearchEditor/SuperSearchEditor.uplugin
LogPluginManager: Loaded Plugin AlembicImporter, From C:/Program Files (x86)/Epic Games/4.13/Engine/Plugins/Experimental/AlembicImporter/AlembicImporter.uplugin
LogPluginManager: Loaded Plugin BlueprintStats, From C:/Program Files (x86)/Epic Games/4.13/Engine/Plugins/Experimental/BlueprintStats/BlueprintStats.uplugin
LogPluginManager: Loaded Plugin CharacterAI, From C:/Program Files (x86)/Epic Games/4.13/Engine/Plugins/Experimental/CharacterAI/CharacterAI.uplugin
LogPluginManager: Loaded Plugin CodeEditor, From C:/Program Files (x86)/Epic Games/4.13/Engine/Plugins/Experimental/CodeEditor/CodeEditor.uplugin
LogPluginManager: Loaded Plugin CodeView, From C:/Program Files (x86)/Epic Games/4.13/Engine/Plugins/Experimental/CodeView/CodeView.uplugin
LogPluginManager: Loaded Plugin HTML5Networking, From C:/Program Files (x86)/Epic Games/4.13/Engine/Plugins/Experimental/HTML5Networking/HTML5Networking.uplugin
LogPluginManager: Loaded Plugin LiveEditor, From C:/Program Files (x86)/Epic Games/4.13/Engine/Plugins/Experimental/LiveEditor/LiveEditor.uplugin
LogPluginManager: Loaded Plugin OSVR, From C:/Program Files (x86)/Epic Games/4.13/Engine/Plugins/Experimental/OSVR/OSVR.uplugin
LogPluginManager: Loaded Plugin Phya, From C:/Program Files (x86)/Epic Games/4.13/Engine/Plugins/Experimental/Phya/Phya.uplugin
LogPluginManager: Loaded Plugin SignificanceManager, From C:/Program Files (x86)/Epic Games/4.13/Engine/Plugins/Experimental/SignificanceManager/SignificanceManager.uplugin
LogPluginManager: Loaded Plugin SimpleHMD, From C:/Program Files (x86)/Epic Games/4.13/Engine/Plugins/Experimental/SimpleHMD/SimpleHMD.uplugin
LogPluginManager: Loaded Plugin StereoPanorama, From C:/Program Files (x86)/Epic Games/4.13/Engine/Plugins/Experimental/StereoPanorama/StereoPanorama.uplugin
LogPluginManager: Loaded Plugin StructBox, From C:/Program Files (x86)/Epic Games/4.13/Engine/Plugins/Experimental/StructBox/StructBox.uplugin
LogPluginManager: Loaded Plugin AndroidMedia, From C:/Program Files (x86)/Epic Games/4.13/Engine/Plugins/Media/AndroidMedia/AndroidMedia.uplugin
LogPluginManager: Loaded Plugin AvfMedia, From C:/Program Files (x86)/Epic Games/4.13/Engine/Plugins/Media/AvfMedia/AvfMedia.uplugin
LogPluginManager: Loaded Plugin MediaPlayerEditor, From C:/Program Files (x86)/Epic Games/4.13/Engine/Plugins/Media/MediaPlayerEditor/MediaPlayerEditor.uplugin
LogPluginManager: Loaded Plugin WmfMedia, From C:/Program Files (x86)/Epic Games/4.13/Engine/Plugins/Media/WmfMedia/WmfMedia.uplugin
LogPluginManager: Loaded Plugin MessagingDebugger, From C:/Program Files (x86)/Epic Games/4.13/Engine/Plugins/Messaging/MessagingDebugger/MessagingDebugger.uplugin
LogPluginManager: Loaded Plugin TcpMessaging, From C:/Program Files (x86)/Epic Games/4.13/Engine/Plugins/Messaging/TcpMessaging/TcpMessaging.uplugin
LogPluginManager: Loaded Plugin UdpMessaging, From C:/Program Files (x86)/Epic Games/4.13/Engine/Plugins/Messaging/UdpMessaging/UdpMessaging.uplugin
LogPluginManager: Loaded Plugin LevelSequenceEditor, From C:/Program Files (x86)/Epic Games/4.13/Engine/Plugins/MovieScene/LevelSequenceEditor/LevelSequenceEditor.uplugin
LogPluginManager: Loaded Plugin MatineeToLevelSequence, From C:/Program Files (x86)/Epic Games/4.13/Engine/Plugins/MovieScene/MatineeToLevelSequence/MatineeToLevelSequence.uplugin
LogPluginManager: Loaded Plugin NetcodeUnitTest, From C:/Program Files (x86)/Epic Games/4.13/Engine/Plugins/NetcodeUnitTest/NetcodeUnitTest/NetcodeUnitTest.uplugin
LogPluginManager: Loaded Plugin NUTUnrealEngine4, From C:/Program Files (x86)/Epic Games/4.13/Engine/Plugins/NetcodeUnitTest/NUTUnrealEngine4/NUTUnrealEngine4.uplugin
LogPluginManager: Loaded Plugin OnlineSubsystemGooglePlay, From C:/Program Files (x86)/Epic Games/4.13/Engine/Plugins/Online/Android/OnlineSubsystemGooglePlay/OnlineSubsystemGooglePlay.uplugin
LogPluginManager: Loaded Plugin OnlineSubsystemIOS, From C:/Program Files (x86)/Epic Games/4.13/Engine/Plugins/Online/IOS/OnlineSubsystemIOS/OnlineSubsystemIOS.uplugin
LogPluginManager: Loaded Plugin OnlineFramework, From C:/Program Files (x86)/Epic Games/4.13/Engine/Plugins/Online/OnlineFramework/OnlineFramework.uplugin
LogPluginManager: Loaded Plugin OnlineSubsystem, From C:/Program Files (x86)/Epic Games/4.13/Engine/Plugins/Online/OnlineSubsystem/OnlineSubsystem.uplugin
LogPluginManager: Loaded Plugin OnlineSubsystemAmazon, From C:/Program Files (x86)/Epic Games/4.13/Engine/Plugins/Online/OnlineSubsystemAmazon/OnlineSubsystemAmazon.uplugin
LogPluginManager: Loaded Plugin OnlineSubsystemFacebook, From C:/Program Files (x86)/Epic Games/4.13/Engine/Plugins/Online/OnlineSubsystemFacebook/OnlineSubsystemFacebook.uplugin
LogPluginManager: Loaded Plugin OnlineSubsystemNull, From C:/Program Files (x86)/Epic Games/4.13/Engine/Plugins/Online/OnlineSubsystemNull/OnlineSubsystemNull.uplugin
LogPluginManager: Loaded Plugin OnlineSubsystemOculus, From C:/Program Files (x86)/Epic Games/4.13/Engine/Plugins/Online/OnlineSubsystemOculus/OnlineSubsystemOculus.uplugin
LogPluginManager: Loaded Plugin OnlineSubsystemSteam, From C:/Program Files (x86)/Epic Games/4.13/Engine/Plugins/Online/OnlineSubsystemSteam/OnlineSubsystemSteam.uplugin
LogPluginManager: Loaded Plugin OnlineSubsystemUtils, From C:/Program Files (x86)/Epic Games/4.13/Engine/Plugins/Online/OnlineSubsystemUtils/OnlineSubsystemUtils.uplugin
LogPluginManager: Loaded Plugin IOSTapJoy, From C:/Program Files (x86)/Epic Games/4.13/Engine/Plugins/Runtime/Advertising/IOSTapJoy/IOSTapJoy.uplugin
LogPluginManager: Loaded Plugin AnalyticsBlueprintLibrary, From C:/Program Files (x86)/Epic Games/4.13/Engine/Plugins/Runtime/Analytics/AnalyticsBlueprintLibrary/AnalyticsBlueprintLibrary.uplugin
LogPluginManager: Loaded Plugin AnalyticsMulticast, From C:/Program Files (x86)/Epic Games/4.13/Engine/Plugins/Runtime/Analytics/AnalyticsMulticast/AnalyticsMulticast.uplugin
LogPluginManager: Loaded Plugin Apsalar, From C:/Program Files (x86)/Epic Games/4.13/Engine/Plugins/Runtime/Analytics/Apsalar/Apsalar.uplugin
LogPluginManager: Loaded Plugin FileLogging, From C:/Program Files (x86)/Epic Games/4.13/Engine/Plugins/Runtime/Analytics/FileLogging/FileLogging.uplugin
LogPluginManager: Loaded Plugin Flurry, From C:/Program Files (x86)/Epic Games/4.13/Engine/Plugins/Runtime/Analytics/Flurry/Flurry.uplugin
LogPluginManager: Loaded Plugin AndroidDeviceProfileSelector, From C:/Program Files (x86)/Epic Games/4.13/Engine/Plugins/Runtime/AndroidDeviceProfileSelector/AndroidDeviceProfileSelector.uplugin
LogPluginManager: Loaded Plugin AndroidMoviePlayer, From C:/Program Files (x86)/Epic Games/4.13/Engine/Plugins/Runtime/AndroidMoviePlayer/AndroidMoviePlayer.uplugin
LogPluginManager: Loaded Plugin AppleMoviePlayer, From C:/Program Files (x86)/Epic Games/4.13/Engine/Plugins/Runtime/AppleMoviePlayer/AppleMoviePlayer.uplugin
LogPluginManager: Loaded Plugin ArchVisCharacter, From C:/Program Files (x86)/Epic Games/4.13/Engine/Plugins/Runtime/ArchVisCharacter/ArchVisCharacter.uplugin
LogPluginManager: Loaded Plugin CableComponent, From C:/Program Files (x86)/Epic Games/4.13/Engine/Plugins/Runtime/CableComponent/CableComponent.uplugin
LogPluginManager: Loaded Plugin CustomMeshComponent, From C:/Program Files (x86)/Epic Games/4.13/Engine/Plugins/Runtime/CustomMeshComponent/CustomMeshComponent.uplugin
LogPluginManager: Loaded Plugin ExampleDeviceProfileSelector, From C:/Program Files (x86)/Epic Games/4.13/Engine/Plugins/Runtime/ExampleDeviceProfileSelector/ExampleDeviceProfileSelector.uplugin
LogPluginManager: Loaded Plugin GearVR, From C:/Program Files (x86)/Epic Games/4.13/Engine/Plugins/Runtime/GearVR/GearVR.uplugin
LogPluginManager: Loaded Plugin GoogleVRController, From C:/Program Files (x86)/Epic Games/4.13/Engine/Plugins/Runtime/GoogleVR/GoogleVRController/GoogleVRController.uplugin
LogPluginManager: Loaded Plugin GoogleVRHMD, From C:/Program Files (x86)/Epic Games/4.13/Engine/Plugins/Runtime/GoogleVR/GoogleVRHMD/GoogleVRHMD.uplugin
LogPluginManager: Loaded Plugin IOSDeviceProfileSelector, From C:/Program Files (x86)/Epic Games/4.13/Engine/Plugins/Runtime/IOSDeviceProfileSelector/IOSDeviceProfileSelector.uplugin
LogPluginManager: Loaded Plugin LeapMotion, From C:/Program Files (x86)/Epic Games/4.13/Engine/Plugins/Runtime/LeapMotion/LeapMotion.uplugin
LogPluginManager: Loaded Plugin LinuxDeviceProfileSelector, From C:/Program Files (x86)/Epic Games/4.13/Engine/Plugins/Runtime/LinuxDeviceProfileSelector/LinuxDeviceProfileSelector.uplugin
LogPluginManager: Loaded Plugin LiveEditorListenServer, From C:/Program Files (x86)/Epic Games/4.13/Engine/Plugins/Runtime/LiveEditorListenServer/LiveEditorListenServer.uplugin
LogPluginManager: Loaded Plugin OculusAudio, From C:/Program Files (x86)/Epic Games/4.13/Engine/Plugins/Runtime/OculusAudio/OculusAudio.uplugin
LogPluginManager: Loaded Plugin OculusInput, From C:/Program Files (x86)/Epic Games/4.13/Engine/Plugins/Runtime/OculusInput/OculusInput.uplugin
LogPluginManager: Loaded Plugin OculusLibrary, From C:/Program Files (x86)/Epic Games/4.13/Engine/Plugins/Runtime/OculusLibrary/OculusLibrary.uplugin
LogPluginManager: Loaded Plugin OculusRift, From C:/Program Files (x86)/Epic Games/4.13/Engine/Plugins/Runtime/OculusRift/OculusRift.uplugin
LogPluginManager: Loaded Plugin Oodle, From C:/Program Files (x86)/Epic Games/4.13/Engine/Plugins/Runtime/PacketHandlers/CompressionComponents/Oodle/Oodle.uplugin
LogPluginManager: Loaded Plugin ProceduralMeshComponent, From C:/Program Files (x86)/Epic Games/4.13/Engine/Plugins/Runtime/ProceduralMeshComponent/ProceduralMeshComponent.uplugin
LogPluginManager: Loaded Plugin SoundMod, From C:/Program Files (x86)/Epic Games/4.13/Engine/Plugins/Runtime/SoundMod/SoundMod.uplugin
LogPluginManager: Loaded Plugin SoundVisualizations, From C:/Program Files (x86)/Epic Games/4.13/Engine/Plugins/Runtime/SoundVisualizations/SoundVisualizations.uplugin
LogPluginManager: Loaded Plugin SteamController, From C:/Program Files (x86)/Epic Games/4.13/Engine/Plugins/Runtime/Steam/SteamController/SteamController.uplugin
LogPluginManager: Loaded Plugin SteamVR, From C:/Program Files (x86)/Epic Games/4.13/Engine/Plugins/Runtime/Steam/SteamVR/SteamVR.uplugin
LogPluginManager: Loaded Plugin WebBrowserWidget, From C:/Program Files (x86)/Epic Games/4.13/Engine/Plugins/Runtime/WebBrowserWidget/WebBrowserWidget.uplugin
LogPluginManager: Loaded Plugin WindowsDeviceProfileSelector, From C:/Program Files (x86)/Epic Games/4.13/Engine/Plugins/Runtime/WindowsDeviceProfileSelector/WindowsDeviceProfileSelector.uplugin
LogPluginManager: Loaded Plugin WindowsMoviePlayer, From C:/Program Files (x86)/Epic Games/4.13/Engine/Plugins/Runtime/WindowsMoviePlayer/WindowsMoviePlayer.uplugin
LogPluginManager: Loaded Plugin ScriptPlugin, From C:/Program Files (x86)/Epic Games/4.13/Engine/Plugins/ScriptPlugin/ScriptPlugin.uplugin
LogPluginManager: Loaded Plugin SlateRemote, From C:/Program Files (x86)/Epic Games/4.13/Engine/Plugins/Slate/SlateRemote/SlateRemote.uplugin
LogInit: Using libcurl 7.47.1
LogInit:  - built for x86_64-pc-win32
LogInit:  - supports SSL with WinSSL
LogInit:  - other features:
LogInit:      CURL_VERSION_SSL
LogInit:      CURL_VERSION_IPV6
LogInit:      CURL_VERSION_ASYNCHDNS
LogInit:      CURL_VERSION_LARGEFILE
LogInit:      CURL_VERSION_IDN
LogInit:  CurlRequestOptions (configurable via config and command line):
LogInit:  - bVerifyPeer = false  - Libcurl will NOT verify peer certificate
LogInit:  - bUseHttpProxy = false  - Libcurl will NOT use HTTP proxy
LogInit:  - bDontReuseConnections = false  - Libcurl will reuse connections
LogInit:  - CertBundlePath = nullptr  - Libcurl will use whatever was configured at build time.
OCULUS: Info: [CAPI] LibOVR module is located at C:\Program Files\Oculus\Support\oculus-runtime\LibOVRRT64_1.dll
OCULUS: Debug: Connected to the server running version (prod = 1).1.6.0(build = 250620) feature version = 0. Client runs version (prod = 1).1.6.0(build = 250620) feature version = 0
LogInit: Build: ++UE4+Release-4.13-CL-3106830
LogInit: Engine Version: 4.13.0-3106830+++UE4+Release-4.13
LogInit: Compatible Engine Version: 4.13.0-3106830+++UE4+Release-4.13
LogInit: Net CL: 3106830
LogDevObjectVersion: Number of dev versions registered: 13
LogDevObjectVersion:   Dev-Blueprints (B0D832E4-1F89-4F0D-ACCF-7EB736FD4AA2): 5
LogDevObjectVersion:   Dev-Build (E1C64328-A22C-4D53-A36C-8E866417BD8C): 0
LogDevObjectVersion:   Dev-Core (375EC13C-06E4-48FB-B500-84F0262A717E): 1
LogDevObjectVersion:   Dev-Editor (E4B068ED-F494-42E9-A231-DA0B2E46BB41): 6
LogDevObjectVersion:   Dev-Framework (CFFC743F-43B0-4480-9391-14DF171D2073): 12
LogDevObjectVersion:   Dev-Mobile (B02B49B5-BB20-44E9-A304-32B752E40360): 0
LogDevObjectVersion:   Dev-Networking (A4E4105C-59A1-49B5-A7C5-40C4547EDFEE): 0
LogDevObjectVersion:   Dev-Online (39C831C9-5AE6-47DC-9A44-9C173E1C8E7C): 0
LogDevObjectVersion:   Dev-Physics (78F01B33-EBEA-4F98-B9B4-84EACCB95AA2): 0
LogDevObjectVersion:   Dev-Platform (6631380F-2D4D-43E0-8009-CF276956A95A): 0
LogDevObjectVersion:   Dev-Rendering (12F88B9F-8875-4AFC-A67C-D90C383ABD29): 4
LogDevObjectVersion:   Dev-Sequencer (7B5AE74C-D270-4C10-A958-57980B212A5A): 0
LogDevObjectVersion:   Dev-VR (D7296918-1DD6-4BDD-9DE2-64A83CC13884): 0
LogInit: Compiled (64-bit): Aug 30 2016 18:11:39
LogInit: Compiled with Visual C++: 19.00.23026.00
LogInit: Build Configuration: Development
LogInit: Branch Name: ++UE4+Release-4.13
LogInit: Command line: -EpicPortal 
LogInit: Base directory: C:/Program Files (x86)/Epic Games/4.13/Engine/Binaries/Win64/
LogInit: Installed Engine Build: 1
LogInit: Presizing for max 8388607 objects, including 0 objects not considered by GC, pre-allocating 0 bytes for permanent pool.
LogInit: Object subsystem initialized
[2016.10.18-13.43.08:894][  0]LogInit: Selected Device Profile: [Windows]
[2016.10.18-13.43.08:894][  0]LogInit: Applying CVar settings loaded from the selected device profile: [Windows]
[2016.10.18-13.43.08:903][  0]LogInit: Computer: S3-13
[2016.10.18-13.43.08:903][  0]LogInit: User: egimenez
[2016.10.18-13.43.08:903][  0]LogInit: CPU Page size=65536, Cores=4
[2016.10.18-13.43.08:903][  0]LogInit: High frequency timer resolution =3.117193 MHz
[2016.10.18-13.43.08:903][  0]LogMemory: Memory total: Physical=16.0GB (16GB approx)
[2016.10.18-13.43.08:903][  0]LogMemory: Platform Memory Stats for Windows
[2016.10.18-13.43.08:903][  0]LogMemory: Process Physical Memory: 261.50 MB used, 261.50 MB peak
[2016.10.18-13.43.08:903][  0]LogMemory: Process Virtual Memory: 263.20 MB used, 263.20 MB peak
[2016.10.18-13.43.08:904][  0]LogMemory: Physical Memory: 4360.30 MB used, 16346.68 MB total
[2016.10.18-13.43.08:904][  0]LogMemory: Virtual Memory: 662.09 MB used, 134217728.00 MB total
[2016.10.18-13.43.08:926][  0]LogTextLocalizationManager: No specific translations for ('en-US') exist, so ('en') translations will be used.
[2016.10.18-13.43.09:440][  0]OCULUS: Info: [HMDState] Requested to SetForegroundWindow(60578ll)
[2016.10.18-13.43.09:440][  0]LogD3D11RHI: D3D11 adapters:
[2016.10.18-13.43.09:468][  0]LogD3D11RHI:    0. 'NVIDIA GeForce GTX 960' (Feature Level 11_0)
[2016.10.18-13.43.09:468][  0]LogD3D11RHI:       4010/0/8173 MB DedicatedVideo/DedicatedSystem/SharedSystem, Outputs:1, VendorId:0x10de
[2016.10.18-13.43.09:469][  0]LogD3D11RHI:    1. 'Microsoft Basic Render Driver' (Feature Level 11_0)
[2016.10.18-13.43.09:469][  0]LogD3D11RHI:       0/0/8173 MB DedicatedVideo/DedicatedSystem/SharedSystem, Outputs:0, VendorId:0x1414
[2016.10.18-13.43.09:469][  0]LogD3D11RHI: Chosen D3D11 Adapter: 0
[2016.10.18-13.43.09:473][  0]LogD3D11RHI: Creating new Direct3DDevice
[2016.10.18-13.43.09:473][  0]LogD3D11RHI:     GPU DeviceId: 0x1401 (for the marketing name, search the web for "GPU Device Id")
[2016.10.18-13.43.09:473][  0]LogWindows: EnumDisplayDevices:
[2016.10.18-13.43.09:473][  0]LogWindows:    0. 'NVIDIA GeForce GTX 960' (P:1 D:1)
[2016.10.18-13.43.09:473][  0]LogWindows:    1. 'NVIDIA GeForce GTX 960' (P:0 D:0)
[2016.10.18-13.43.09:473][  0]LogWindows:    2. 'NVIDIA GeForce GTX 960' (P:0 D:0)
[2016.10.18-13.43.09:473][  0]LogWindows:    3. 'NVIDIA GeForce GTX 960' (P:0 D:0)
[2016.10.18-13.43.09:473][  0]LogWindows: DebugString: FoundDriverCount:4 
[2016.10.18-13.43.09:473][  0]LogD3D11RHI:     Adapter Name: NVIDIA GeForce GTX 960
[2016.10.18-13.43.09:473][  0]LogD3D11RHI:   Driver Version: 368.39 (internal:10.18.13.6839, unified:368.39)
[2016.10.18-13.43.09:473][  0]LogD3D11RHI:      Driver Date: 6-2-2016
[2016.10.18-13.43.09:473][  0]LogRHI: Texture pool is 1361 MB (70% of 1945 MB)
[2016.10.18-13.43.09:485][  0]LogD3D11RHI: Async texture creation enabled
[2016.10.18-13.43.09:495][  0]LogD3D11RHI: GPU Timing Frequency: 1000.000000 (Debug: 2 1)
[2016.10.18-13.43.09:495][  0]LogShaderCompilers: Guid format shader working directory is -35 characters bigger than the processId version (../../../../../../Users/egimenez/Desktop/ENTI/VAN/VANsGame/Mechanics/BasicMechanics/Intermediate/Shaders/WorkingDirectory/10864/).
[2016.10.18-13.43.09:495][  0]LogShaderCompilers: Cleaned the shader compiler working directory 'C:/Users/egimenez/AppData/Local/Temp/UnrealShaderWorkingDir/1A0B535F4F73FEBE2DA2FDBEFD501395/'.
[2016.10.18-13.43.09:495][  0]LogShaderCompilers:Display: Using Local Shader Compiler.
[2016.10.18-13.43.10:316][  0]LogTemp:Display: Loaded TP AllDesktopTargetPlatform
[2016.10.18-13.43.10:322][  0]LogTemp:Display: Loaded TP WindowsClientTargetPlatform
[2016.10.18-13.43.10:330][  0]LogTemp:Display: Loaded TP WindowsNoEditorTargetPlatform
[2016.10.18-13.43.10:337][  0]LogTemp:Display: Loaded TP WindowsServerTargetPlatform
[2016.10.18-13.43.10:344][  0]LogTemp:Display: Loaded TP WindowsTargetPlatform
[2016.10.18-13.43.10:351][  0]LogTemp:Display: Loaded TP AndroidTargetPlatform
[2016.10.18-13.43.10:356][  0]LogTemp:Display: Loaded TP Android_ASTCTargetPlatform
[2016.10.18-13.43.10:363][  0]LogTemp:Display: Loaded TP Android_ATCTargetPlatform
[2016.10.18-13.43.10:368][  0]LogTemp:Display: Loaded TP Android_DXTTargetPlatform
[2016.10.18-13.43.10:374][  0]LogTemp:Display: Loaded TP Android_ETC1TargetPlatform
[2016.10.18-13.43.10:381][  0]LogTemp:Display: Loaded TP Android_ETC2TargetPlatform
[2016.10.18-13.43.10:393][  0]LogTemp:Display: Loaded TP Android_MultiTargetPlatform
[2016.10.18-13.43.10:393][  0]LogTemp:Display: Loaded TP Android_PVRTCTargetPlatform
[2016.10.18-13.43.10:394][  0]LogTemp:Display: Loaded TP HTML5TargetPlatform
[2016.10.18-13.43.10:413][  0]LogTemp:Display: Loaded TP IOSTargetPlatform
[2016.10.18-13.43.10:418][  0]LogTemp:Display: Loaded TP TVOSTargetPlatform
[2016.10.18-13.43.10:424][  0]LogTemp:Display: Loaded TP LinuxClientTargetPlatform
[2016.10.18-13.43.10:430][  0]LogTemp:Display: Loaded TP LinuxNoEditorTargetPlatform
[2016.10.18-13.43.10:436][  0]LogTemp:Display: Loaded TP LinuxServerTargetPlatform
[2016.10.18-13.43.10:442][  0]LogTemp:Display: Loaded TP LinuxTargetPlatform
[2016.10.18-13.43.10:442][  0]LogTargetPlatformManager:Display: Building Assets For Windows
[2016.10.18-13.43.10:497][  0]LogDerivedDataCache:Display: Max Cache Size: 512 MB
[2016.10.18-13.43.10:553][  0]LogDerivedDataCache: Loaded boot cache 0.06s 62MB C:/Users/egimenez/AppData/Local/UnrealEngine/4.13/DerivedDataCache/Boot.ddc.
[2016.10.18-13.43.10:553][  0]LogDerivedDataCache:Display: Loaded Boot cache: C:/Users/egimenez/AppData/Local/UnrealEngine/4.13/DerivedDataCache/Boot.ddc
[2016.10.18-13.43.10:553][  0]LogDerivedDataCache: FDerivedDataBackendGraph:  Pak pak cache file ../../../../../../Users/egimenez/Desktop/ENTI/VAN/VANsGame/Mechanics/BasicMechanics/DerivedDataCache/DDC.ddp not found, will not use a pak cache.
[2016.10.18-13.43.10:553][  0]LogDerivedDataCache: Unable to find inner node Pak for hierarchical cache Hierarchy.
[2016.10.18-13.43.10:553][  0]LogDerivedDataCache: FDerivedDataBackendGraph:  CompressedPak pak cache file ../../../../../../Users/egimenez/Desktop/ENTI/VAN/VANsGame/Mechanics/BasicMechanics/DerivedDataCache/Compressed.ddp not found, will not use a pak cache.
[2016.10.18-13.43.10:553][  0]LogDerivedDataCache: Unable to find inner node CompressedPak for hierarchical cache Hierarchy.
[2016.10.18-13.43.10:568][  0]LogDerivedDataCache:Display: Pak cache opened for reading ../../../Engine/DerivedDataCache/Compressed.ddp.
[2016.10.18-13.43.10:580][  0]LogDerivedDataCache: Using Local data cache path C:/Users/egimenez/AppData/Local/UnrealEngine/Common/DerivedDataCache: Writable
[2016.10.18-13.43.10:755][  0]LogInit: Selected Device Profile: [Windows]
[2016.10.18-13.43.10:757][  0]LogContentStreaming: Texture pool size is 0.00 MB
[2016.10.18-13.43.10:836][  0]LogMeshUtilities: No automatic mesh reduction module available
[2016.10.18-13.43.10:836][  0]LogMeshUtilities: No automatic mesh merging module available
[2016.10.18-13.43.10:836][  0]LogMeshUtilities: No distributed automatic mesh merging module available
[2016.10.18-13.43.10:891][  0]LogMaterial: Uniform references updated for custom material expression Custom.
[2016.10.18-13.43.11:154][  0]LogNetVersion: GetLocalNetworkVersion: CL: 3106830, ProjectName: basicmechanics, ProjectVersion: , EngineNetworkVersion: 1, GameNetworkVersion: 0, NetworkChecksum: 2647762835
[2016.10.18-13.43.11:191][  0]LogAssetRegistry: FAssetRegistry took 0.0219 seconds to start up
[2016.10.18-13.43.11:213][  0]LogPackageLocalizationCache: Processed 3 localized package path(s) for 2 prioritized culture(s) in 0.020518 seconds
[2016.10.18-13.43.11:218][  0]LogUObjectArray: 29782 objects as part of root set at end of initial load.
[2016.10.18-13.43.11:218][  0]LogUObjectAllocator: 6126384 out of 0 bytes used by permanent object pool.
[2016.10.18-13.43.11:218][  0]LogUObjectArray: CloseDisregardForGC: 0/0 objects in disregard for GC pool
[2016.10.18-13.43.11:222][  0]LogInit: WinSock: version 1.1 (2.2), MaxSocks=32767, MaxUdp=65467
[2016.10.18-13.43.11:394][  0]LogSlate: SlateFontCache - WITH_FREETYPE: 1, WITH_HARFBUZZ: 1
[2016.10.18-13.43.11:394][  0]LogSlate: SlateFontCache - WITH_FREETYPE: 1, WITH_HARFBUZZ: 1
[2016.10.18-13.43.11:935][  0]LogUdpMessaging: Initializing bridge on interface 0.0.0.0:0 to multicast group 230.0.0.1:6666.
[2016.10.18-13.43.12:136][  0]SourceControl: Info Source control is disabled
[2016.10.18-13.43.12:170][  0]SourceControl: Info Source control is disabled
[2016.10.18-13.43.12:176][  0]SourceControl: Info Source control is disabled
[2016.10.18-13.43.12:182][  0]SourceControl: Info Source control is disabled
[2016.10.18-13.43.12:230][  0]LogLinker:Warning: Can't find file '/Game/ThirdPersonBP/ThirdPersonOverview'
[2016.10.18-13.43.12:230][  0]LogLinker:Warning: Can't find file '/Game/ThirdPersonBP/ThirdPersonOverview'
[2016.10.18-13.43.12:230][  0]LogUObjectGlobals:Warning: Failed to find object 'Class /Game/ThirdPersonBP/ThirdPersonOverview.ThirdPersonOverview_C'
[2016.10.18-13.43.12:381][  0]LogEngine: Initializing Engine...
[2016.10.18-13.43.12:381][  0]LogHMD: Oculus plugin initialized. Version: 4.13.0-3106830+++UE4+Release-4.13, LibOVR: 1.6.0, SDK: 1.6.0, built Aug 30 2016, 18:13:21
[2016.10.18-13.43.12:503][  0]LogAIModule: Creating AISystem for world Untitled
[2016.10.18-13.43.12:512][  0]LogInit: XAudio2 using 'BenQ GL2250H-4 (NVIDIA High Definition Audio)' : 2 channels at 48 kHz using 16 bits per sample (channel mask 0x3)
[2016.10.18-13.43.12:528][  0]LogInit: FAudioDevice initialized.
[2016.10.18-13.43.12:553][  0]LogDerivedDataCache: Saved boot cache 0.02s 62MB C:/Users/egimenez/AppData/Local/UnrealEngine/4.13/DerivedDataCache/Boot.ddc.
[2016.10.18-13.43.12:561][  0]LogInit: Texture streaming: Enabled
[2016.10.18-13.43.12:579][  0]LogInit: Transaction tracking system initialized
[2016.10.18-13.43.12:594][  0]BlueprintLog: New page: Editor Load
[2016.10.18-13.43.12:648][  0]LocalizationService: Info Localization service is disabled
[2016.10.18-13.43.12:706][  0]LogConsoleResponse:Display: 
[2016.10.18-13.43.12:795][  0]LogCook:Display: Max memory allowance for cook 16384mb min free memory 0mb
[2016.10.18-13.43.12:795][  0]LogCook:Display: Mobile HDR setting 1
[2016.10.18-13.43.12:899][  0]LogFileCache: Scanning file cache for directory 'C:/Users/egimenez/Desktop/ENTI/VAN/VANsGame/Mechanics/BasicMechanics/Content/' took 0.01s
[2016.10.18-13.43.12:899][  0]SourceControl: Info Source control is disabled
[2016.10.18-13.43.12:899][  0]Cmd: MAP LOAD FILE="../../../../../../Users/egimenez/Desktop/ENTI/VAN/VANsGame/Mechanics/BasicMechanics/Content/StarterContent/Maps/Minimal_Default.umap" TEMPLATE=0 SHOWPROGRESS=1 FEATURELEVEL=3
[2016.10.18-13.43.12:899][  0]LightingResults: New page: Lighting Build
[2016.10.18-13.43.12:901][  0]MapCheck: New page: Map Check
[2016.10.18-13.43.12:901][  0]LightingResults: New page: Lighting Build
[2016.10.18-13.43.13:178][  0]LogAIModule: Creating AISystem for world Minimal_Default
[2016.10.18-13.43.13:186][  0]LogEditorServer: Finished looking for orphan Actors (0.000 secs)
[2016.10.18-13.43.13:186][  0]Cmd: MAP CHECKDEP NOCLEARLOG
[2016.10.18-13.43.13:219][  0]MapCheck: Info Map check complete: 0 Error(s), 0 Warning(s), took 32.237ms to complete.
[2016.10.18-13.43.13:219][  0]LogFileHelpers: Loading map 'Minimal_Default' took 0.320
[2016.10.18-13.43.13:323][  0]LogCollectionManager: Loaded 0 collections in 0.001162 seconds
[2016.10.18-13.43.13:361][  0]LogFileCache: Scanning file cache for directory 'C:/Users/egimenez/Desktop/ENTI/VAN/VANsGame/Mechanics/BasicMechanics/Saved/Collections/' took 0.01s
[2016.10.18-13.43.13:361][  0]LogFileCache: Scanning file cache for directory 'C:/Users/egimenez/Desktop/ENTI/VAN/VANsGame/Mechanics/BasicMechanics/Content/Developers/egimenez/Collections/' took 0.01s
[2016.10.18-13.43.13:361][  0]LogFileCache: Scanning file cache for directory 'C:/Users/egimenez/Desktop/ENTI/VAN/VANsGame/Mechanics/BasicMechanics/Content/Collections/' took 0.01s
[2016.10.18-13.43.13:361][  0]LogCollectionManager: Rebuilt the GUID cache for 0 collections in 0.000003 seconds
[2016.10.18-13.43.13:368][  0]LogContentBrowser: Native class hierarchy populated in 0.0073 seconds. Added 2148 classes and 417 folders.
[2016.10.18-13.43.13:371][  0]LogStats: UGameplayTagsManager::ConstructGameplayTagTree: Construct from data asset -  0.000 s
[2016.10.18-13.43.13:371][  0]LogStats: UGameplayTagsManager::ConstructGameplayTagTree: GameplayTagTreeChangedEvent.Broadcast -  0.000 s
[2016.10.18-13.43.13:371][  0]LogContentBrowser: Native class hierarchy updated for 'GameplayTags' in 0.0004 seconds. Added 12 classes and 0 folders.
[2016.10.18-13.43.13:374][  0]LogContentBrowser: Native class hierarchy updated for 'WidgetCarousel' in 0.0003 seconds. Added 0 classes and 0 folders.
[2016.10.18-13.43.13:404][  0]LogContentBrowser: Native class hierarchy updated for 'AddContentDialog' in 0.0004 seconds. Added 0 classes and 0 folders.
[2016.10.18-13.43.13:407][  0]LogContentBrowser: Native class hierarchy updated for 'SceneOutliner' in 0.0004 seconds. Added 1 classes and 2 folders.
[2016.10.18-13.43.13:419][  0]LogCrashTracker: Crashtracker disabled due to settings.
[2016.10.18-13.43.13:424][  0]LogUObjectGlobals:Warning: Failed to find object 'Class None.'
[2016.10.18-13.43.13:455][  0]LogContentBrowser: Native class hierarchy updated for 'HierarchicalLODOutliner' in 0.0007 seconds. Added 1 classes and 2 folders.
[2016.10.18-13.43.13:455][  0]LogLoad: (Engine Initialization) Total time: 5.78 seconds
[2016.10.18-13.43.13:455][  0]LogLoad: (Engine Initialization) Total Blueprint compile time: 0.04 seconds
[2016.10.18-13.43.13:455][  0]LogExternalProfiler: Found external profiler: VSPerf
[2016.10.18-13.43.13:455][  0]LogExternalProfiler: Using external profiler: VSPerf
[2016.10.18-13.43.13:465][  0]LogWindowsTextInputMethodSystem:Display: IME system now deactivated.
[2016.10.18-13.43.13:465][  0]LogOcInput: OculusInput pre-init called
[2016.10.18-13.43.13:477][  0]LogOcInput: OculusInput is initialized. Init status 0. Runtime version: 1.6.0
[2016.10.18-13.43.13:496][  0]LogContentStreaming: Texture pool size now 1000 MB
[2016.10.18-13.43.13:620][  1]LogAssetRegistry: Asset discovery search completed in 2.4510 seconds
[2016.10.18-13.43.13:620][  1]LogCollectionManager: Rebuilt the object cache for 0 collections in 0.000001 seconds (found 0 objects)
[2016.10.18-13.43.13:620][  1]LogCollectionManager: Fixed up redirectors for 0 collections in 0.000019 seconds (updated 0 objects)
[2016.10.18-13.43.13:637][  2]LogRenderer: Reallocating scene render targets to support 868x620 (Frame:2).
[2016.10.18-13.43.21:541][890]LogAIModule: Creating AISystem for world Tests
[2016.10.18-13.43.21:570][890]Cmd: MAP LOAD FILE="../../../../../../Users/egimenez/Desktop/ENTI/VAN/VANsGame/Mechanics/BasicMechanics/Content/Levels/Tests.umap" TEMPLATE=0 SHOWPROGRESS=1 FEATURELEVEL=3
[2016.10.18-13.43.21:570][890]LightingResults: New page: Lighting Build
[2016.10.18-13.43.21:570][890]LoadErrors: New page: Loading map: Tests.umap
[2016.10.18-13.43.21:573][890]MapCheck: New page: Map Check
[2016.10.18-13.43.21:573][890]LightingResults: New page: Lighting Build
[2016.10.18-13.43.21:593][890]LogEditorServer: Finished looking for orphan Actors (0.000 secs)
[2016.10.18-13.43.21:626][890]Cmd: MAP CHECKDEP NOCLEARLOG
[2016.10.18-13.43.21:666][890]MapCheck: Info Map check complete: 0 Error(s), 0 Warning(s), took 40.077ms to complete.
[2016.10.18-13.43.21:666][890]LogFileHelpers: Loading map 'Tests' took 0.097
[2016.10.18-13.43.22:441][975]LogBlueprintUserMessages: Early PlayInEditor Detection: Level '/Game/Levels/Tests.Tests:PersistentLevel' has LevelScriptBlueprint '/Game/Levels/Tests.Tests:PersistentLevel.Tests' with GeneratedClass '/Game/Levels/Tests.Tests_C' with ClassGeneratedBy '/Game/Levels/Tests.Tests:PersistentLevel.Tests'
[2016.10.18-13.43.22:441][975]LogPlayLevel: PlayLevel: No blueprints needed recompiling
[2016.10.18-13.43.22:442][975]PIE: New page: PIE session: Tests (Oct 18, 2016, 4:43:22 PM)
[2016.10.18-13.43.22:442][975]LogPlayLevel: Creating play world package: /Game/Levels/UEDPIE_0_Tests
[2016.10.18-13.43.22:449][975]LogPlayLevel: PIE: StaticDuplicateObject took: (0.007536s)
[2016.10.18-13.43.22:450][975]LogAIModule: Creating AISystem for world Tests
[2016.10.18-13.43.22:450][975]LogPlayLevel: PIE: World Init took: (0.000773s)
[2016.10.18-13.43.22:450][975]LogPlayLevel: PIE: Created PIE world by copying editor world from /Game/Levels/Tests.Tests to /Game/Levels/UEDPIE_0_Tests.Tests (0.008579s)
[2016.10.18-13.43.22:463][975]LogInit: XAudio2 using 'BenQ GL2250H-4 (NVIDIA High Definition Audio)' : 2 channels at 48 kHz using 16 bits per sample (channel mask 0x3)
[2016.10.18-13.43.22:467][975]LogInit: FAudioDevice initialized.
[2016.10.18-13.43.22:512][975]LogWorld: Game class is 'GameMode'
[2016.10.18-13.43.22:522][975]LogWorld: Bringing World /Game/Levels/UEDPIE_0_Tests.Tests up for play (max tick rate 0) at 2016.10.18-15.43.22
[2016.10.18-13.43.22:523][975]LogWorld: Bringing up level for play took: 0.009547
[2016.10.18-13.43.22:526][975]LogContentBrowser: Native class hierarchy updated for 'MovieSceneCapture' in 0.0004 seconds. Added 11 classes and 0 folders.
[2016.10.18-13.43.22:526][975]LogGameMode:Display: Match State Changed from EnteringMap to WaitingToStart
[2016.10.18-13.43.22:526][975]LogGameState: Match State Changed from EnteringMap to WaitingToStart
[2016.10.18-13.43.22:526][975]LogGameMode:Display: Match State Changed from WaitingToStart to InProgress
[2016.10.18-13.43.22:527][975]LogGameState: Match State Changed from WaitingToStart to InProgress
[2016.10.18-13.43.22:527][975]PIE: Info Play in editor start time for /Game/Levels/UEDPIE_0_Tests -0.475
[2016.10.18-13.43.22:527][975]LogBlueprintUserMessages: Late PlayInEditor Detection: Level '/Game/Levels/Tests.Tests:PersistentLevel' has LevelScriptBlueprint '/Game/Levels/Tests.Tests:PersistentLevel.Tests' with GeneratedClass '/Game/Levels/Tests.Tests_C' with ClassGeneratedBy '/Game/Levels/Tests.Tests:PersistentLevel.Tests'
[2016.10.18-13.43.56:682][ 70]LogBlueprintUserMessages: Early EndPlayMap Detection: Level '/Game/Levels/Tests.Tests:PersistentLevel' has LevelScriptBlueprint '/Game/Levels/Tests.Tests:PersistentLevel.Tests' with GeneratedClass '/Game/Levels/Tests.Tests_C' with ClassGeneratedBy '/Game/Levels/Tests.Tests:PersistentLevel.Tests'
[2016.10.18-13.43.56:715][ 70]LogBlueprintUserMessages: Late EndPlayMap Detection: Level '/Game/Levels/Tests.Tests:PersistentLevel' has LevelScriptBlueprint '/Game/Levels/Tests.Tests:PersistentLevel.Tests' with GeneratedClass '/Game/Levels/Tests.Tests_C' with ClassGeneratedBy '/Game/Levels/Tests.Tests:PersistentLevel.Tests'
[2016.10.18-13.44.05:980][174]LogBlueprintUserMessages: Early PlayInEditor Detection: Level '/Game/Levels/Tests.Tests:PersistentLevel' has LevelScriptBlueprint '/Game/Levels/Tests.Tests:PersistentLevel.Tests' with GeneratedClass '/Game/Levels/Tests.Tests_C' with ClassGeneratedBy '/Game/Levels/Tests.Tests:PersistentLevel.Tests'
[2016.10.18-13.44.05:980][174]LogPlayLevel: PlayLevel: No blueprints needed recompiling
[2016.10.18-13.44.05:980][174]PIE: New page: SIE session: Tests (Oct 18, 2016, 4:44:05 PM)
[2016.10.18-13.44.05:980][174]LogPlayLevel: Creating play world package: /Game/Levels/UEDPIE_0_Tests
[2016.10.18-13.44.05:987][174]LogPlayLevel: PIE: StaticDuplicateObject took: (0.006810s)
[2016.10.18-13.44.05:988][174]LogAIModule: Creating AISystem for world Tests
[2016.10.18-13.44.05:988][174]LogPlayLevel: PIE: World Init took: (0.000607s)
[2016.10.18-13.44.05:988][174]LogPlayLevel: PIE: Created PIE world by copying editor world from /Game/Levels/Tests.Tests to /Game/Levels/UEDPIE_0_Tests.Tests (0.007685s)
[2016.10.18-13.44.06:000][174]LogInit: XAudio2 using 'BenQ GL2250H-4 (NVIDIA High Definition Audio)' : 2 channels at 48 kHz using 16 bits per sample (channel mask 0x3)
[2016.10.18-13.44.06:004][174]LogInit: FAudioDevice initialized.
[2016.10.18-13.44.06:034][174]LogWorld: Game class is 'GameMode'
[2016.10.18-13.44.06:043][174]LogWorld: Bringing World /Game/Levels/UEDPIE_0_Tests.Tests up for play (max tick rate 0) at 2016.10.18-15.44.06
[2016.10.18-13.44.06:044][174]LogWorld: Bringing up level for play took: 0.009620
[2016.10.18-13.44.06:045][174]LogGameMode: Warning - PATHS NOT DEFINED or NO PLAYERSTART with positive rating
[2016.10.18-13.44.06:048][174]LogGameMode:Display: Match State Changed from EnteringMap to WaitingToStart
[2016.10.18-13.44.06:048][174]LogGameState: Match State Changed from EnteringMap to WaitingToStart
[2016.10.18-13.44.06:049][174]PIE: Info Play in editor start time for /Game/Levels/UEDPIE_0_Tests 1.049
[2016.10.18-13.44.06:053][174]LogBlueprintUserMessages: Late PlayInEditor Detection: Level '/Game/Levels/Tests.Tests:PersistentLevel' has LevelScriptBlueprint '/Game/Levels/Tests.Tests:PersistentLevel.Tests' with GeneratedClass '/Game/Levels/Tests.Tests_C' with ClassGeneratedBy '/Game/Levels/Tests.Tests:PersistentLevel.Tests'
[2016.10.18-13.44.09:735][570]LogBlueprintUserMessages: Early EndPlayMap Detection: Level '/Game/Levels/Tests.Tests:PersistentLevel' has LevelScriptBlueprint '/Game/Levels/Tests.Tests:PersistentLevel.Tests' with GeneratedClass '/Game/Levels/Tests.Tests_C' with ClassGeneratedBy '/Game/Levels/Tests.Tests:PersistentLevel.Tests'
[2016.10.18-13.44.09:772][570]LogBlueprintUserMessages: Late EndPlayMap Detection: Level '/Game/Levels/Tests.Tests:PersistentLevel' has LevelScriptBlueprint '/Game/Levels/Tests.Tests:PersistentLevel.Tests' with GeneratedClass '/Game/Levels/Tests.Tests_C' with ClassGeneratedBy '/Game/Levels/Tests.Tests:PersistentLevel.Tests'
[2016.10.18-13.44.10:799][689]LogBlueprintUserMessages: Early PlayInEditor Detection: Level '/Game/Levels/Tests.Tests:PersistentLevel' has LevelScriptBlueprint '/Game/Levels/Tests.Tests:PersistentLevel.Tests' with GeneratedClass '/Game/Levels/Tests.Tests_C' with ClassGeneratedBy '/Game/Levels/Tests.Tests:PersistentLevel.Tests'
[2016.10.18-13.44.10:799][689]LogPlayLevel: PlayLevel: No blueprints needed recompiling
[2016.10.18-13.44.10:800][689]PIE: New page: SIE session: Tests (Oct 18, 2016, 4:44:10 PM)
[2016.10.18-13.44.10:800][689]LogPlayLevel: Creating play world package: /Game/Levels/UEDPIE_0_Tests
[2016.10.18-13.44.10:807][689]LogPlayLevel: PIE: StaticDuplicateObject took: (0.006968s)
[2016.10.18-13.44.10:807][689]LogAIModule: Creating AISystem for world Tests
[2016.10.18-13.44.10:808][689]LogPlayLevel: PIE: World Init took: (0.000744s)
[2016.10.18-13.44.10:808][689]LogPlayLevel: PIE: Created PIE world by copying editor world from /Game/Levels/Tests.Tests to /Game/Levels/UEDPIE_0_Tests.Tests (0.007932s)
[2016.10.18-13.44.10:820][689]LogInit: XAudio2 using 'BenQ GL2250H-4 (NVIDIA High Definition Audio)' : 2 channels at 48 kHz using 16 bits per sample (channel mask 0x3)
[2016.10.18-13.44.10:824][689]LogInit: FAudioDevice initialized.
[2016.10.18-13.44.10:856][689]LogWorld: Game class is 'GameMode'
[2016.10.18-13.44.10:865][689]LogWorld: Bringing World /Game/Levels/UEDPIE_0_Tests.Tests up for play (max tick rate 0) at 2016.10.18-15.44.10
[2016.10.18-13.44.10:866][689]LogWorld: Bringing up level for play took: 0.008778
[2016.10.18-13.44.10:866][689]LogGameMode: Warning - PATHS NOT DEFINED or NO PLAYERSTART with positive rating
[2016.10.18-13.44.10:866][689]LogGameMode:Display: Match State Changed from EnteringMap to WaitingToStart
[2016.10.18-13.44.10:867][689]LogGameState: Match State Changed from EnteringMap to WaitingToStart
[2016.10.18-13.44.10:867][689]PIE: Info Play in editor start time for /Game/Levels/UEDPIE_0_Tests -0.132
[2016.10.18-13.44.10:868][689]LogBlueprintUserMessages: Late PlayInEditor Detection: Level '/Game/Levels/Tests.Tests:PersistentLevel' has LevelScriptBlueprint '/Game/Levels/Tests.Tests:PersistentLevel.Tests' with GeneratedClass '/Game/Levels/Tests.Tests_C' with ClassGeneratedBy '/Game/Levels/Tests.Tests:PersistentLevel.Tests'
[2016.10.18-13.44.12:765][916]LogBlueprintUserMessages: Early EndPlayMap Detection: Level '/Game/Levels/Tests.Tests:PersistentLevel' has LevelScriptBlueprint '/Game/Levels/Tests.Tests:PersistentLevel.Tests' with GeneratedClass '/Game/Levels/Tests.Tests_C' with ClassGeneratedBy '/Game/Levels/Tests.Tests:PersistentLevel.Tests'
[2016.10.18-13.44.12:796][916]LogBlueprintUserMessages: Late EndPlayMap Detection: Level '/Game/Levels/Tests.Tests:PersistentLevel' has LevelScriptBlueprint '/Game/Levels/Tests.Tests:PersistentLevel.Tests' with GeneratedClass '/Game/Levels/Tests.Tests_C' with ClassGeneratedBy '/Game/Levels/Tests.Tests:PersistentLevel.Tests'
[2016.10.18-13.44.14:146][ 73]LogBlueprintUserMessages: Early PlayInEditor Detection: Level '/Game/Levels/Tests.Tests:PersistentLevel' has LevelScriptBlueprint '/Game/Levels/Tests.Tests:PersistentLevel.Tests' with GeneratedClass '/Game/Levels/Tests.Tests_C' with ClassGeneratedBy '/Game/Levels/Tests.Tests:PersistentLevel.Tests'
[2016.10.18-13.44.14:147][ 73]LogPlayLevel: PlayLevel: No blueprints needed recompiling
[2016.10.18-13.44.14:147][ 73]PIE: New page: PIE session: Tests (Oct 18, 2016, 4:44:14 PM)
[2016.10.18-13.44.14:147][ 73]LogPlayLevel: Creating play world package: /Game/Levels/UEDPIE_0_Tests
[2016.10.18-13.44.14:154][ 73]LogPlayLevel: PIE: StaticDuplicateObject took: (0.007159s)
[2016.10.18-13.44.14:154][ 73]LogAIModule: Creating AISystem for world Tests
[2016.10.18-13.44.14:155][ 73]LogPlayLevel: PIE: World Init took: (0.000715s)
[2016.10.18-13.44.14:155][ 73]LogPlayLevel: PIE: Created PIE world by copying editor world from /Game/Levels/Tests.Tests to /Game/Levels/UEDPIE_0_Tests.Tests (0.008090s)
[2016.10.18-13.44.14:167][ 73]LogInit: XAudio2 using 'BenQ GL2250H-4 (NVIDIA High Definition Audio)' : 2 channels at 48 kHz using 16 bits per sample (channel mask 0x3)
[2016.10.18-13.44.14:171][ 73]LogInit: FAudioDevice initialized.
[2016.10.18-13.44.14:203][ 73]LogWorld: Game class is 'GameMode'
[2016.10.18-13.44.14:213][ 73]LogWorld: Bringing World /Game/Levels/UEDPIE_0_Tests.Tests up for play (max tick rate 0) at 2016.10.18-15.44.14
[2016.10.18-13.44.14:214][ 73]LogWorld: Bringing up level for play took: 0.009570
[2016.10.18-13.44.14:215][ 73]LogGameMode:Display: Match State Changed from EnteringMap to WaitingToStart
[2016.10.18-13.44.14:215][ 73]LogGameState: Match State Changed from EnteringMap to WaitingToStart
[2016.10.18-13.44.14:215][ 73]LogGameMode:Display: Match State Changed from WaitingToStart to InProgress
[2016.10.18-13.44.14:215][ 73]LogGameState: Match State Changed from WaitingToStart to InProgress
[2016.10.18-13.44.14:215][ 73]PIE: Info Play in editor start time for /Game/Levels/UEDPIE_0_Tests -0.784
[2016.10.18-13.44.14:215][ 73]LogBlueprintUserMessages: Late PlayInEditor Detection: Level '/Game/Levels/Tests.Tests:PersistentLevel' has LevelScriptBlueprint '/Game/Levels/Tests.Tests:PersistentLevel.Tests' with GeneratedClass '/Game/Levels/Tests.Tests_C' with ClassGeneratedBy '/Game/Levels/Tests.Tests:PersistentLevel.Tests'
[2016.10.18-13.44.15:211][190]LogBlueprintUserMessages: Early EndPlayMap Detection: Level '/Game/Levels/Tests.Tests:PersistentLevel' has LevelScriptBlueprint '/Game/Levels/Tests.Tests:PersistentLevel.Tests' with GeneratedClass '/Game/Levels/Tests.Tests_C' with ClassGeneratedBy '/Game/Levels/Tests.Tests:PersistentLevel.Tests'
[2016.10.18-13.44.15:241][190]LogBlueprintUserMessages: Late EndPlayMap Detection: Level '/Game/Levels/Tests.Tests:PersistentLevel' has LevelScriptBlueprint '/Game/Levels/Tests.Tests:PersistentLevel.Tests' with GeneratedClass '/Game/Levels/Tests.Tests_C' with ClassGeneratedBy '/Game/Levels/Tests.Tests:PersistentLevel.Tests'
[2016.10.18-13.44.16:411][327]LogBlueprintUserMessages: Early PlayInEditor Detection: Level '/Game/Levels/Tests.Tests:PersistentLevel' has LevelScriptBlueprint '/Game/Levels/Tests.Tests:PersistentLevel.Tests' with GeneratedClass '/Game/Levels/Tests.Tests_C' with ClassGeneratedBy '/Game/Levels/Tests.Tests:PersistentLevel.Tests'
[2016.10.18-13.44.16:412][327]LogPlayLevel: PlayLevel: No blueprints needed recompiling
[2016.10.18-13.44.16:412][327]PIE: New page: PIE session: Tests (Oct 18, 2016, 4:44:16 PM)
[2016.10.18-13.44.16:412][327]LogPlayLevel: Creating play world package: /Game/Levels/UEDPIE_0_Tests
[2016.10.18-13.44.16:420][327]LogPlayLevel: PIE: StaticDuplicateObject took: (0.007961s)
[2016.10.18-13.44.16:420][327]LogAIModule: Creating AISystem for world Tests
[2016.10.18-13.44.16:420][327]LogPlayLevel: PIE: World Init took: (0.000669s)
[2016.10.18-13.44.16:421][327]LogPlayLevel: PIE: Created PIE world by copying editor world from /Game/Levels/Tests.Tests to /Game/Levels/UEDPIE_0_Tests.Tests (0.008861s)
[2016.10.18-13.44.16:433][327]LogInit: XAudio2 using 'BenQ GL2250H-4 (NVIDIA High Definition Audio)' : 2 channels at 48 kHz using 16 bits per sample (channel mask 0x3)
[2016.10.18-13.44.16:437][327]LogInit: FAudioDevice initialized.
[2016.10.18-13.44.16:466][327]LogWorld: Game class is 'GameMode'
[2016.10.18-13.44.16:475][327]LogWorld: Bringing World /Game/Levels/UEDPIE_0_Tests.Tests up for play (max tick rate 0) at 2016.10.18-15.44.16
[2016.10.18-13.44.16:477][327]LogWorld: Bringing up level for play took: 0.009453
[2016.10.18-13.44.16:477][327]LogGameMode:Display: Match State Changed from EnteringMap to WaitingToStart
[2016.10.18-13.44.16:477][327]LogGameState: Match State Changed from EnteringMap to WaitingToStart
[2016.10.18-13.44.16:477][327]LogGameMode:Display: Match State Changed from WaitingToStart to InProgress
[2016.10.18-13.44.16:478][327]LogGameState: Match State Changed from WaitingToStart to InProgress
[2016.10.18-13.44.16:478][327]PIE: Info Play in editor start time for /Game/Levels/UEDPIE_0_Tests -0.521
[2016.10.18-13.44.16:478][327]LogBlueprintUserMessages: Late PlayInEditor Detection: Level '/Game/Levels/Tests.Tests:PersistentLevel' has LevelScriptBlueprint '/Game/Levels/Tests.Tests:PersistentLevel.Tests' with GeneratedClass '/Game/Levels/Tests.Tests_C' with ClassGeneratedBy '/Game/Levels/Tests.Tests:PersistentLevel.Tests'
[2016.10.18-13.44.50:197][371]Set new viewmode: Wireframe
[2016.10.18-13.44.50:821][446]Set new viewmode: Wireframe
[2016.10.18-13.44.51:272][500]Set new viewmode: Wireframe
[2016.10.18-13.44.51:588][538]Set new viewmode: Wireframe
[2016.10.18-13.44.51:647][545]Set new viewmode: Unlit
[2016.10.18-13.44.52:422][638]Set new viewmode: Lit
[2016.10.18-13.44.52:988][706]Set new viewmode: Lit_DetailLighting
[2016.10.18-13.44.53:764][799]Set new viewmode: Lit_DetailLighting
[2016.10.18-13.44.54:547][893]Set new viewmode: ShaderComplexity
[2016.10.18-13.45.01:028][670]Set new viewmode: ShaderComplexity
[2016.10.18-13.45.08:889][507]LogWindows: LaunchURL http://docs.unrealengine.com/latest/INT/index.html?utm_source=editor&utm_medium=docs&utm_campaign=help_menu
[2016.10.18-13.45.16:912][207]LogEditorViewport: Clicking on Actor (LMB): StaticMeshActor (Floor)
[2016.10.18-13.45.18:382][353]LogEditorViewport: Clicking on Actor (LMB): StaticMeshActor (Floor)
[2016.10.18-13.45.22:999][880]LogWindows: LaunchURL http://docs.unrealengine.com/latest/INT/index.html?utm_source=editor&utm_medium=docs&utm_campaign=help_menu
[2016.10.18-13.45.27:643][274]LogBlueprintUserMessages: Early EndPlayMap Detection: Level '/Game/Levels/Tests.Tests:PersistentLevel' has LevelScriptBlueprint '/Game/Levels/Tests.Tests:PersistentLevel.Tests' with GeneratedClass '/Game/Levels/Tests.Tests_C' with ClassGeneratedBy '/Game/Levels/Tests.Tests:PersistentLevel.Tests'
[2016.10.18-13.45.27:674][274]LogBlueprintUserMessages: Late EndPlayMap Detection: Level '/Game/Levels/Tests.Tests:PersistentLevel' has LevelScriptBlueprint '/Game/Levels/Tests.Tests:PersistentLevel.Tests' with GeneratedClass '/Game/Levels/Tests.Tests_C' with ClassGeneratedBy '/Game/Levels/Tests.Tests:PersistentLevel.Tests'
[2016.10.18-13.45.28:503][372]LogEditorViewport: Clicking on Actor (LMB): StaticMeshActor (Floor)
[2016.10.18-13.45.29:466][482]LogBlueprintUserMessages: Early PlayInEditor Detection: Level '/Game/Levels/Tests.Tests:PersistentLevel' has LevelScriptBlueprint '/Game/Levels/Tests.Tests:PersistentLevel.Tests' with GeneratedClass '/Game/Levels/Tests.Tests_C' with ClassGeneratedBy '/Game/Levels/Tests.Tests:PersistentLevel.Tests'
[2016.10.18-13.45.29:466][482]LogPlayLevel: PlayLevel: No blueprints needed recompiling
[2016.10.18-13.45.29:466][482]PIE: New page: PIE session: Tests (Oct 18, 2016, 4:45:29 PM)
[2016.10.18-13.45.29:466][482]LogPlayLevel: Creating play world package: /Game/Levels/UEDPIE_0_Tests
[2016.10.18-13.45.29:474][482]LogPlayLevel: PIE: StaticDuplicateObject took: (0.008026s)
[2016.10.18-13.45.29:475][482]LogAIModule: Creating AISystem for world Tests
[2016.10.18-13.45.29:475][482]LogPlayLevel: PIE: World Init took: (0.000844s)
[2016.10.18-13.45.29:475][482]LogPlayLevel: PIE: Created PIE world by copying editor world from /Game/Levels/Tests.Tests to /Game/Levels/UEDPIE_0_Tests.Tests (0.009187s)
[2016.10.18-13.45.29:489][482]LogInit: XAudio2 using 'BenQ GL2250H-4 (NVIDIA High Definition Audio)' : 2 channels at 48 kHz using 16 bits per sample (channel mask 0x3)
[2016.10.18-13.45.29:493][482]LogInit: FAudioDevice initialized.
[2016.10.18-13.45.29:526][482]LogWorld: Game class is 'GameMode'
[2016.10.18-13.45.29:535][482]LogWorld: Bringing World /Game/Levels/UEDPIE_0_Tests.Tests up for play (max tick rate 0) at 2016.10.18-15.45.29
[2016.10.18-13.45.29:536][482]LogWorld: Bringing up level for play took: 0.008741
[2016.10.18-13.45.29:536][482]LogGameMode:Display: Match State Changed from EnteringMap to WaitingToStart
[2016.10.18-13.45.29:536][482]LogGameState: Match State Changed from EnteringMap to WaitingToStart
[2016.10.18-13.45.29:536][482]LogGameMode:Display: Match State Changed from WaitingToStart to InProgress
[2016.10.18-13.45.29:537][482]LogGameState: Match State Changed from WaitingToStart to InProgress
[2016.10.18-13.45.29:537][482]PIE: Info Play in editor start time for /Game/Levels/UEDPIE_0_Tests 0.541
[2016.10.18-13.45.29:537][482]LogBlueprintUserMessages: Late PlayInEditor Detection: Level '/Game/Levels/Tests.Tests:PersistentLevel' has LevelScriptBlueprint '/Game/Levels/Tests.Tests:PersistentLevel.Tests' with GeneratedClass '/Game/Levels/Tests.Tests_C' with ClassGeneratedBy '/Game/Levels/Tests.Tests:PersistentLevel.Tests'
[2016.10.18-13.45.47:435][357]LogBlueprintUserMessages: Early EndPlayMap Detection: Level '/Game/Levels/Tests.Tests:PersistentLevel' has LevelScriptBlueprint '/Game/Levels/Tests.Tests:PersistentLevel.Tests' with GeneratedClass '/Game/Levels/Tests.Tests_C' with ClassGeneratedBy '/Game/Levels/Tests.Tests:PersistentLevel.Tests'
[2016.10.18-13.45.47:478][357]LogBlueprintUserMessages: Late EndPlayMap Detection: Level '/Game/Levels/Tests.Tests:PersistentLevel' has LevelScriptBlueprint '/Game/Levels/Tests.Tests:PersistentLevel.Tests' with GeneratedClass '/Game/Levels/Tests.Tests_C' with ClassGeneratedBy '/Game/Levels/Tests.Tests:PersistentLevel.Tests'
[2016.10.18-13.46.34:793][797]LogWindowsTextInputMethodSystem:Display: IME system now deactivated.
[2016.10.18-13.46.34:970][798]Cmd: QUIT_EDITOR
[2016.10.18-13.46.35:193][798]LogExit: Preparing to exit.
[2016.10.18-13.46.36:119][798]LogDirectoryWatcher: A directory notification for 'C:/Users/egimenez/Desktop/ENTI/VAN/VANsGame/Mechanics/BasicMechanics/Content/' was aborted.
[2016.10.18-13.46.36:137][798]LogExit: Editor shut down
[2016.10.18-13.46.36:138][798]LogExit: Transaction tracking system shut down
[2016.10.18-13.46.36:232][798]LogObj: Freed 0b from 0 cluster array pools.
[2016.10.18-13.46.36:232][798]LogExit: Object subsystem successfully closed.
[2016.10.18-13.46.36:242][798]LogD3D11RHI: Shutdown
[2016.10.18-13.46.36:242][798]LogD3D11RHI: CleanupD3DDevice
[2016.10.18-13.46.36:306][798]LogD3D11RHI: ~FD3D11DynamicRHI
[2016.10.18-13.46.36:317][798]LogModuleManager: Shutting down and abandoning module MovieSceneCapture (235)
[2016.10.18-13.46.36:317][798]LogModuleManager: Shutting down and abandoning module HierarchicalLODOutliner (234)
[2016.10.18-13.46.36:317][798]LogModuleManager: Shutting down and abandoning module CrashTracker (233)
[2016.10.18-13.46.36:317][798]LogModuleManager: Shutting down and abandoning module SceneOutliner (232)
[2016.10.18-13.46.36:317][798]LogModuleManager: Shutting down and abandoning module WidgetCarousel (231)
[2016.10.18-13.46.36:317][798]LogModuleManager: Shutting down and abandoning module AddContentDialog (230)
[2016.10.18-13.46.36:317][798]LogDirectoryWatcher: A directory notification for 'C:/Program Files (x86)/Epic Games/4.13/FeaturePacks/' was aborted.
[2016.10.18-13.46.36:318][798]LogModuleManager: Shutting down and abandoning module GameplayTags (229)
[2016.10.18-13.46.36:318][798]LogModuleManager: Shutting down and abandoning module EditorWidgets (228)
[2016.10.18-13.46.36:318][798]LogModuleManager: Shutting down and abandoning module CollectionManager (227)
[2016.10.18-13.46.36:318][798]LogDirectoryWatcher: A directory notification for 'C:/Users/egimenez/Desktop/ENTI/VAN/VANsGame/Mechanics/BasicMechanics/Content/Collections/' was aborted.
[2016.10.18-13.46.36:318][798]LogDirectoryWatcher: A directory notification for 'C:/Users/egimenez/Desktop/ENTI/VAN/VANsGame/Mechanics/BasicMechanics/Content/Developers/egimenez/Collections/' was aborted.
[2016.10.18-13.46.36:318][798]LogDirectoryWatcher: A directory notification for 'C:/Users/egimenez/Desktop/ENTI/VAN/VANsGame/Mechanics/BasicMechanics/Saved/Collections/' was aborted.
[2016.10.18-13.46.36:318][798]LogModuleManager: Shutting down and abandoning module StatsViewer (226)
[2016.10.18-13.46.36:318][798]LogModuleManager: Shutting down and abandoning module FoliageEdit (225)
[2016.10.18-13.46.36:318][798]LogModuleManager: Shutting down and abandoning module LandscapeEditor (224)
[2016.10.18-13.46.36:318][798]LogModuleManager: Shutting down and abandoning module SceneDepthPickerMode (223)
[2016.10.18-13.46.36:318][798]LogModuleManager: Shutting down and abandoning module ActorPickerMode (222)
[2016.10.18-13.46.36:318][798]LogModuleManager: Shutting down and abandoning module GeometryMode (221)
[2016.10.18-13.46.36:318][798]LogModuleManager: Shutting down and abandoning module TextureAlignMode (220)
[2016.10.18-13.46.36:318][798]LogModuleManager: Shutting down and abandoning module BspMode (219)
[2016.10.18-13.46.36:318][798]LogModuleManager: Shutting down and abandoning module HardwareSurvey (218)
[2016.10.18-13.46.36:318][798]LogModuleManager: Shutting down and abandoning module SequenceRecorderSections (217)
[2016.10.18-13.46.36:318][798]LogModuleManager: Shutting down and abandoning module SequenceRecorder (216)
[2016.10.18-13.46.36:318][798]LogModuleManager: Shutting down and abandoning module AutomationWorker (215)
[2016.10.18-13.46.36:318][798]LogModuleManager: Shutting down and abandoning module MatineeToLevelSequence (214)
[2016.10.18-13.46.36:318][798]LogModuleManager: Shutting down and abandoning module PlacementMode (213)
[2016.10.18-13.46.36:318][798]LogModuleManager: Shutting down and abandoning module LevelSequenceEditor (212)
[2016.10.18-13.46.36:319][798]LogModuleManager: Shutting down and abandoning module WmfMediaFactory (211)
[2016.10.18-13.46.36:319][798]LogModuleManager: Shutting down and abandoning module WmfMediaEditor (210)
[2016.10.18-13.46.36:319][798]LogModuleManager: Shutting down and abandoning module AvfMediaFactory (209)
[2016.10.18-13.46.36:319][798]LogModuleManager: Shutting down and abandoning module AvfMediaEditor (208)
[2016.10.18-13.46.36:319][798]LogModuleManager: Shutting down and abandoning module Media (207)
[2016.10.18-13.46.36:319][798]LogModuleManager: Shutting down and abandoning module AndroidMediaFactory (206)
[2016.10.18-13.46.36:319][798]LogModuleManager: Shutting down and abandoning module AndroidMediaEditor (205)
[2016.10.18-13.46.36:319][798]LogModuleManager: Shutting down and abandoning module CharacterAI (204)
[2016.10.18-13.46.36:319][798]LogModuleManager: Shutting down and abandoning module SmartSnapping (203)
[2016.10.18-13.46.36:319][798]LogModuleManager: Shutting down and abandoning module SessionServices (202)
[2016.10.18-13.46.36:319][798]LogModuleManager: Shutting down and abandoning module ViewportSnapping (201)
[2016.10.18-13.46.36:319][798]LogModuleManager: Shutting down and abandoning module ViewportInteraction (200)
[2016.10.18-13.46.36:319][798]LogModuleManager: Shutting down and abandoning module LogVisualizer (199)
[2016.10.18-13.46.36:319][798]LogModuleManager: Shutting down and abandoning module GameProjectGeneration (198)
[2016.10.18-13.46.36:319][798]LogModuleManager: Shutting down and abandoning module IntroTutorials (197)
[2016.10.18-13.46.36:319][798]LogModuleManager: Shutting down and abandoning module EditorLiveStreaming (196)
[2016.10.18-13.46.36:319][798]LogModuleManager: Shutting down and abandoning module IOSPlatformEditor (195)
[2016.10.18-13.46.36:319][798]LogModuleManager: Shutting down and abandoning module HTML5PlatformEditor (194)
[2016.10.18-13.46.36:319][798]LogModuleManager: Shutting down and abandoning module AndroidDeviceDetection (193)
[2016.10.18-13.46.36:770][798]LogModuleManager: Shutting down and abandoning module AndroidPlatformEditor (192)
[2016.10.18-13.46.36:770][798]LogModuleManager: Shutting down and abandoning module IOSRuntimeSettings (191)
[2016.10.18-13.46.36:770][798]LogModuleManager: Shutting down and abandoning module AndroidRuntimeSettings (190)
[2016.10.18-13.46.36:770][798]LogModuleManager: Shutting down and abandoning module NiagaraEditor (189)
[2016.10.18-13.46.36:770][798]LogModuleManager: Shutting down and abandoning module MergeActors (188)
[2016.10.18-13.46.36:770][798]LogModuleManager: Shutting down and abandoning module SizeMap (187)
[2016.10.18-13.46.36:770][798]LogModuleManager: Shutting down and abandoning module TreeMap (186)
[2016.10.18-13.46.36:770][798]LogModuleManager: Shutting down and abandoning module ReferenceViewer (185)
[2016.10.18-13.46.36:770][798]LogModuleManager: Shutting down and abandoning module LocalizationService (184)
[2016.10.18-13.46.36:770][798]LogModuleManager: Shutting down and abandoning module LocalizationDashboard (183)
[2016.10.18-13.46.36:770][798]LogModuleManager: Shutting down and abandoning module HardwareTargeting (182)
[2016.10.18-13.46.36:770][798]LogModuleManager: Shutting down and abandoning module DeviceProfileEditor (181)
[2016.10.18-13.46.36:770][798]LogModuleManager: Shutting down and abandoning module UndoHistory (180)
[2016.10.18-13.46.36:770][798]LogModuleManager: Shutting down and abandoning module UserFeedback (179)
[2016.10.18-13.46.36:770][798]LogModuleManager: Shutting down and abandoning module XmlParser (178)
[2016.10.18-13.46.36:771][798]LogModuleManager: Shutting down and abandoning module Blutility (177)
[2016.10.18-13.46.36:771][798]LogModuleManager: Shutting down and abandoning module ProjectTargetPlatformEditor (176)
[2016.10.18-13.46.36:771][798]LogModuleManager: Shutting down and abandoning module ProjectSettingsViewer (175)
[2016.10.18-13.46.36:771][798]LogModuleManager: Shutting down and abandoning module InputBindingEditor (174)
[2016.10.18-13.46.36:771][798]LogModuleManager: Shutting down and abandoning module EditorSettingsViewer (173)
[2016.10.18-13.46.36:771][798]LogModuleManager: Shutting down and abandoning module SettingsEditor (172)
[2016.10.18-13.46.36:771][798]LogModuleManager: Shutting down and abandoning module ProjectLauncher (171)
[2016.10.18-13.46.36:771][798]LogModuleManager: Shutting down and abandoning module SessionFrontend (170)
[2016.10.18-13.46.36:772][798]LogModuleManager: Shutting down and abandoning module ProfilerClient (169)
[2016.10.18-13.46.36:772][798]LogModuleManager: Shutting down and abandoning module TargetDeviceServices (168)
[2016.10.18-13.46.36:772][798]LogModuleManager: Shutting down and abandoning module DeviceManager (167)
[2016.10.18-13.46.36:826][798]LogModuleManager: Shutting down and abandoning module AutomationController (166)
[2016.10.18-13.46.36:826][798]LogModuleManager: Shutting down and abandoning module AutomationWindow (165)
[2016.10.18-13.46.36:826][798]LogModuleManager: Shutting down and abandoning module Layers (164)
[2016.10.18-13.46.36:826][798]LogModuleManager: Shutting down and abandoning module ComponentVisualizers (163)
[2016.10.18-13.46.36:826][798]LogModuleManager: Shutting down and abandoning module DetailCustomizations (162)
[2016.10.18-13.46.36:826][798]LogModuleManager: Shutting down and abandoning module PackagesDialog (161)
[2016.10.18-13.46.36:826][798]LogModuleManager: Shutting down and abandoning module AnimGraph (160)
[2016.10.18-13.46.36:826][798]LogModuleManager: Shutting down and abandoning module Persona (159)
[2016.10.18-13.46.36:826][798]LogModuleManager: Shutting down and abandoning module Kismet (158)
[2016.10.18-13.46.36:828][798]LogModuleManager: Shutting down and abandoning module GraphEditor (157)
[2016.10.18-13.46.36:828][798]LogModuleManager: Shutting down and abandoning module ClassViewer (156)
[2016.10.18-13.46.36:828][798]LogModuleManager: Shutting down and abandoning module Toolbox (155)
[2016.10.18-13.46.36:828][798]LogModuleManager: Shutting down and abandoning module ModuleUI (154)
[2016.10.18-13.46.36:828][798]LogModuleManager: Shutting down and abandoning module MovieSceneTools (153)
[2016.10.18-13.46.36:828][798]LogModuleManager: Shutting down and abandoning module OutputLog (152)
[2016.10.18-13.46.36:828][798]LogModuleManager: Shutting down and abandoning module GammaUI (151)
[2016.10.18-13.46.36:829][798]LogModuleManager: Shutting down and abandoning module Documentation (150)
[2016.10.18-13.46.36:829][798]LogModuleManager: Shutting down and abandoning module Niagara (149)
[2016.10.18-13.46.36:829][798]LogModuleManager: Shutting down and abandoning module StreamingPauseRendering (148)
[2016.10.18-13.46.36:829][798]LogModuleManager: Shutting down and abandoning module AnalyticsET (147)
[2016.10.18-13.46.36:829][798]LogModuleManager: Shutting down and abandoning module PortalServices (146)
[2016.10.18-13.46.36:829][798]LogModuleManager: Shutting down and abandoning module PortalRpc (145)
[2016.10.18-13.46.36:829][798]LogModuleManager: Shutting down and abandoning module MessagingRpc (144)
[2016.10.18-13.46.36:829][798]LogModuleManager: Shutting down and abandoning module GameplayDebugger (143)
[2016.10.18-13.46.36:829][798]LogModuleManager: Shutting down and abandoning module AITestSuite (142)
[2016.10.18-13.46.36:829][798]LogModuleManager: Shutting down and abandoning module AIModule (141)
[2016.10.18-13.46.36:829][798]LogModuleManager: Shutting down and abandoning module ProfilerService (140)
[2016.10.18-13.46.36:843][798]LogModuleManager: Shutting down and abandoning module TaskGraph (139)
[2016.10.18-13.46.36:843][798]LogModuleManager: Shutting down and abandoning module SlateRemote (138)
[2016.10.18-13.46.36:843][798]LogModuleManager: Shutting down and abandoning module SteamVRController (137)
[2016.10.18-13.46.36:843][798]LogModuleManager: Shutting down and abandoning module SteamVR (136)
[2016.10.18-13.46.36:843][798]LogModuleManager: Shutting down and abandoning module ProceduralMeshComponentEditor (135)
[2016.10.18-13.46.36:843][798]LogModuleManager: Shutting down and abandoning module ProceduralMeshComponent (134)
[2016.10.18-13.46.36:843][798]LogModuleManager: Shutting down and abandoning module OculusLibrary (133)
[2016.10.18-13.46.36:843][798]LogModuleManager: Shutting down and abandoning module OculusInput (132)
[2016.10.18-13.46.36:843][798]LogModuleManager: Shutting down and abandoning module CustomMeshComponent (131)
[2016.10.18-13.46.36:843][798]LogModuleManager: Shutting down and abandoning module CableComponent (130)
[2016.10.18-13.46.36:843][798]LogModuleManager: Shutting down and abandoning module ArchVisCharacter (129)
[2016.10.18-13.46.36:843][798]LogModuleManager: Shutting down and abandoning module MediaPlayerEditor (127)
[2016.10.18-13.46.36:843][798]LogModuleManager: Shutting down and abandoning module HTML5Networking (126)
[2016.10.18-13.46.36:843][798]LogModuleManager: Shutting down and abandoning module GeometryCacheEd (125)
[2016.10.18-13.46.36:843][798]LogModuleManager: Shutting down and abandoning module GeometryCache (124)
[2016.10.18-13.46.36:843][798]LogModuleManager: Shutting down and abandoning module AlembicLibrary (123)
[2016.10.18-13.46.36:844][798]LogModuleManager: Shutting down and abandoning module AlembicImporter (122)
[2016.10.18-13.46.36:844][798]LogModuleManager: Shutting down and abandoning module SuperSearch (121)
[2016.10.18-13.46.36:844][798]LogModuleManager: Shutting down and abandoning module SuperSearchEditor (120)
[2016.10.18-13.46.36:844][798]LogModuleManager: Shutting down and abandoning module SpeedTreeImporter (119)
[2016.10.18-13.46.36:844][798]LogModuleManager: Shutting down and abandoning module PluginBrowser (118)
[2016.10.18-13.46.36:844][798]LogModuleManager: Shutting down and abandoning module MobileLauncherProfileWizard (117)
[2016.10.18-13.46.36:844][798]LogModuleManager: Shutting down and abandoning module EpicSurvey (116)
[2016.10.18-13.46.36:844][798]LogModuleManager: Shutting down and abandoning module DesktopPlatform (115)
[2016.10.18-13.46.36:844][798]LogModuleManager: Shutting down and abandoning module VisualStudioSourceCodeAccess (114)
[2016.10.18-13.46.36:844][798]LogModuleManager: Shutting down and abandoning module UObjectPlugin (113)
[2016.10.18-13.46.36:844][798]LogModuleManager: Shutting down and abandoning module SubversionSourceControl (112)
[2016.10.18-13.46.36:845][798]LogModuleManager: Shutting down and abandoning module PerforceSourceControl (111)
[2016.10.18-13.46.36:845][798]LogModuleManager: Shutting down and abandoning module SourceControl (110)
[2016.10.18-13.46.36:845][798]LogModuleManager: Shutting down and abandoning module GitSourceControl (109)
[2016.10.18-13.46.36:845][798]LogModuleManager: Shutting down and abandoning module LightPropagationVolumeEditor (108)
[2016.10.18-13.46.36:845][798]LogModuleManager: Shutting down and abandoning module PaperTiledImporter (107)
[2016.10.18-13.46.36:845][798]LogModuleManager: Shutting down and abandoning module PaperSpriteSheetImporter (106)
[2016.10.18-13.46.36:845][798]LogModuleManager: Shutting down and abandoning module MeshPaint (105)
[2016.10.18-13.46.36:845][798]LogModuleManager: Shutting down and abandoning module FbxAutomationBuilderModule (104)
[2016.10.18-13.46.36:845][798]LogModuleManager: Shutting down and abandoning module PixelInspectorModule (103)
[2016.10.18-13.46.36:845][798]LogModuleManager: Shutting down and abandoning module HotReload (102)
[2016.10.18-13.46.36:846][798]LogModuleManager: Shutting down and abandoning module MainFrame (101)
[2016.10.18-13.46.36:847][798]LogModuleManager: Shutting down and abandoning module LevelEditor (100)
[2016.10.18-13.46.36:849][798]LogModuleManager: Shutting down and abandoning module ContentBrowser (99)
[2016.10.18-13.46.36:851][798]LogModuleManager: Shutting down and abandoning module Paper2DEditor (98)
[2016.10.18-13.46.36:851][798]LogModuleManager: Shutting down and abandoning module UdpMessaging (97)
[2016.10.18-13.46.36:952][798]LogModuleManager: Shutting down and abandoning module TcpMessaging (96)
[2016.10.18-13.46.36:952][798]LogModuleManager: Shutting down and abandoning module LightPropagationVolumeRuntime (95)
[2016.10.18-13.46.36:952][798]LogModuleManager: Shutting down and abandoning module Paper2D (94)
[2016.10.18-13.46.36:952][798]LogModuleManager: Shutting down and abandoning module WindowsMoviePlayer (93)
[2016.10.18-13.46.36:952][798]LogModuleManager: Shutting down and abandoning module WmfMedia (92)
[2016.10.18-13.46.36:953][798]LogModuleManager: Shutting down and abandoning module MediaAssets (91)
[2016.10.18-13.46.36:953][798]LogModuleManager: Shutting down and abandoning module GameLiveStreaming (90)
[2016.10.18-13.46.36:953][798]LogModuleManager: Shutting down and abandoning module GameplayTagsEditor (89)
[2016.10.18-13.46.36:953][798]LogModuleManager: Shutting down and abandoning module EnvironmentQueryEditor (88)
[2016.10.18-13.46.36:953][798]LogModuleManager: Shutting down and abandoning module VREditor (87)
[2016.10.18-13.46.36:953][798]LogModuleManager: Shutting down and abandoning module GameplayTasksEditor (86)
[2016.10.18-13.46.36:953][798]LogModuleManager: Shutting down and abandoning module PropertyEditor (85)
[2016.10.18-13.46.36:954][798]LogModuleManager: Shutting down and abandoning module BehaviorTreeEditor (84)
[2016.10.18-13.46.36:954][798]LogModuleManager: Shutting down and abandoning module FunctionalTesting (83)
[2016.10.18-13.46.36:954][798]LogModuleManager: Shutting down and abandoning module CollisionAnalyzer (82)
[2016.10.18-13.46.36:954][798]LogModuleManager: Shutting down and abandoning module Sequencer (81)
[2016.10.18-13.46.36:954][798]LogModuleManager: Shutting down and abandoning module WorkspaceMenuStructure (80)
[2016.10.18-13.46.36:954][798]LogModuleManager: Shutting down and abandoning module MessageLog (79)
[2016.10.18-13.46.36:954][798]LogModuleManager: Shutting down and abandoning module AssetTools (78)
[2016.10.18-13.46.36:954][798]LogModuleManager: Shutting down and abandoning module UMGEditor (77)
[2016.10.18-13.46.36:954][798]LogModuleManager: Shutting down and abandoning module UMG (76)
[2016.10.18-13.46.36:954][798]LogModuleManager: Shutting down and abandoning module SlateReflector (75)
[2016.10.18-13.46.36:954][798]LogModuleManager: Shutting down and abandoning module Slate (74)
[2016.10.18-13.46.36:954][798]LogModuleManager: Shutting down and abandoning module EditorStyle (73)
[2016.10.18-13.46.36:962][798]LogModuleManager: Shutting down and abandoning module SourceCodeAccess (72)
[2016.10.18-13.46.36:962][798]LogModuleManager: Shutting down and abandoning module HeadMountedDisplay (71)
[2016.10.18-13.46.36:962][798]LogModuleManager: Shutting down and abandoning module XAudio2 (70)
[2016.10.18-13.46.36:962][798]LogModuleManager: Shutting down and abandoning module Networking (68)
[2016.10.18-13.46.36:962][798]LogModuleManager: Shutting down and abandoning module Core (67)
[2016.10.18-13.46.36:962][798]LogModuleManager: Shutting down and abandoning module DirectoryWatcher (66)
[2016.10.18-13.46.36:962][798]LogDirectoryWatcher: A directory notification for '../../../Engine/Content/' was aborted.
[2016.10.18-13.46.36:962][798]LogDirectoryWatcher: A directory notification for '../../../../../../Users/egimenez/Desktop/ENTI/VAN/VANsGame/Mechanics/BasicMechanics/Content/' was aborted.
[2016.10.18-13.46.36:963][798]LogDirectoryWatcher: A directory notification for '../../../Engine/Plugins/2D/Paper2D/Content/' was aborted.
[2016.10.18-13.46.36:964][798]LogModuleManager: Shutting down and abandoning module AssetRegistry (65)
[2016.10.18-13.46.37:118][798]LogModuleManager: Shutting down and abandoning module KismetCompiler (64)
[2016.10.18-13.46.37:118][798]LogModuleManager: Shutting down and abandoning module PhysXFormats (63)
[2016.10.18-13.46.37:118][798]LogModuleManager: Shutting down and abandoning module MeshUtilities (62)
[2016.10.18-13.46.37:118][798]LogModuleManager: Shutting down and abandoning module DerivedDataCache (61)
[2016.10.18-13.46.37:212][798]LogDerivedDataCache: Shutdown
[2016.10.18-13.46.37:212][798]LogModuleManager: Shutting down and abandoning module VulkanShaderFormat (60)
[2016.10.18-13.46.37:212][798]LogModuleManager: Shutting down and abandoning module ShaderFormatOpenGL (59)
[2016.10.18-13.46.37:212][798]LogModuleManager: Shutting down and abandoning module ShaderFormatD3D (58)
[2016.10.18-13.46.37:212][798]LogModuleManager: Shutting down and abandoning module MetalShaderFormat (57)
[2016.10.18-13.46.37:212][798]LogModuleManager: Shutting down and abandoning module TextureFormatUncompressed (56)
[2016.10.18-13.46.37:212][798]LogModuleManager: Shutting down and abandoning module TextureFormatPVR (55)
[2016.10.18-13.46.37:212][798]LogModuleManager: Shutting down and abandoning module TextureFormatDXT (54)
[2016.10.18-13.46.37:213][798]LogModuleManager: Shutting down and abandoning module TextureFormatIntelISPCTexComp (53)
[2016.10.18-13.46.37:213][798]LogModuleManager: Shutting down and abandoning module ImageWrapper (52)
[2016.10.18-13.46.37:213][798]LogModuleManager: Shutting down and abandoning module TextureFormatASTC (51)
[2016.10.18-13.46.37:213][798]LogModuleManager: Shutting down and abandoning module TextureFormatAndroid (50)
[2016.10.18-13.46.37:213][798]LogModuleManager: Shutting down and abandoning module AudioFormatOpus (49)
[2016.10.18-13.46.37:213][798]LogModuleManager: Shutting down and abandoning module AudioFormatOgg (48)
[2016.10.18-13.46.37:213][798]LogModuleManager: Shutting down and abandoning module AudioFormatADPCM (47)
[2016.10.18-13.46.37:213][798]LogModuleManager: Shutting down and abandoning module LinuxTargetPlatform (46)
[2016.10.18-13.46.37:213][798]LogModuleManager: Shutting down and abandoning module LinuxServerTargetPlatform (45)
[2016.10.18-13.46.37:213][798]LogModuleManager: Shutting down and abandoning module LinuxNoEditorTargetPlatform (44)
[2016.10.18-13.46.37:213][798]LogModuleManager: Shutting down and abandoning module LinuxClientTargetPlatform (43)
[2016.10.18-13.46.37:213][798]LogModuleManager: Shutting down and abandoning module TVOSTargetPlatform (42)
[2016.10.18-13.46.37:213][798]LogModuleManager: Shutting down and abandoning module Messaging (41)
[2016.10.18-13.46.37:213][798]LogModuleManager: Shutting down and abandoning module IOSTargetPlatform (40)
[2016.10.18-13.46.37:213][798]LogModuleManager: Shutting down and abandoning module HTML5TargetPlatform (39)
[2016.10.18-13.46.37:214][798]LogModuleManager: Shutting down and abandoning module Android_PVRTCTargetPlatform (38)
[2016.10.18-13.46.37:214][798]LogModuleManager: Shutting down and abandoning module Android_MultiTargetPlatform (37)
[2016.10.18-13.46.37:214][798]LogModuleManager: Shutting down and abandoning module Android_ETC2TargetPlatform (36)
[2016.10.18-13.46.37:214][798]LogModuleManager: Shutting down and abandoning module Android_ETC1TargetPlatform (35)
[2016.10.18-13.46.37:214][798]LogModuleManager: Shutting down and abandoning module Android_DXTTargetPlatform (34)
[2016.10.18-13.46.37:214][798]LogModuleManager: Shutting down and abandoning module Android_ATCTargetPlatform (33)
[2016.10.18-13.46.37:214][798]LogModuleManager: Shutting down and abandoning module Android_ASTCTargetPlatform (32)
[2016.10.18-13.46.37:214][798]LogModuleManager: Shutting down and abandoning module AndroidTargetPlatform (31)
[2016.10.18-13.46.37:214][798]LogModuleManager: Shutting down and abandoning module WindowsTargetPlatform (30)
[2016.10.18-13.46.37:214][798]LogModuleManager: Shutting down and abandoning module WindowsServerTargetPlatform (29)
[2016.10.18-13.46.37:214][798]LogModuleManager: Shutting down and abandoning module WindowsNoEditorTargetPlatform (28)
[2016.10.18-13.46.37:214][798]LogModuleManager: Shutting down and abandoning module WindowsClientTargetPlatform (27)
[2016.10.18-13.46.37:214][798]LogModuleManager: Shutting down and abandoning module AllDesktopTargetPlatform (26)
[2016.10.18-13.46.37:214][798]LogModuleManager: Shutting down and abandoning module TargetPlatform (25)
[2016.10.18-13.46.37:214][798]LogModuleManager: Shutting down and abandoning module InputCore (24)
[2016.10.18-13.46.37:214][798]LogModuleManager: Shutting down and abandoning module Settings (23)
[2016.10.18-13.46.37:214][798]LogModuleManager: Shutting down and abandoning module OculusRift (22)
[2016.10.18-13.46.37:216][798]LogHMD: Oculus shutdown.
[2016.10.18-13.46.37:216][798]LogModuleManager: Shutting down and abandoning module GearVR (21)
[2016.10.18-13.46.37:216][798]LogModuleManager: Shutting down and abandoning module ExampleDeviceProfileSelector (20)
[2016.10.18-13.46.37:216][798]LogModuleManager: Shutting down and abandoning module OnlineBlueprintSupport (19)
[2016.10.18-13.46.37:216][798]LogModuleManager: Shutting down and abandoning module OnlineSubsystem (17)
[2016.10.18-13.46.37:216][798]LogOnline:Display: Unloading online subsystem: NULL
[2016.10.18-13.46.37:216][798]LogModuleManager: Shutting down and abandoning module HTTP (16)
[2016.10.18-13.46.37:216][798]LogHttp:Display: Http module shutting down, but needs to wait on 1 outstanding Http requests:
[2016.10.18-13.46.37:216][798]LogHttp:Display: 	verb=[POST] url=[https://datarouter.ol.epicgames.com/datarouter/api/v1/public/data?SessionID=%7BCCE40677-4DAE-3B61-F7CF-638912DE8E39%7D&AppID=UEEditor.Rocket.Release&AppVersion=%2B%2BUE4%2BRelease-4.13-CL-3106830&UserID=3ac887684aea52593b35388a610a4462%7Ca87b32ece6994b04a16f0bd7f6ed0b63%7C16943d82-79fa-4d19-96be-7817be24e4d8&AppEnvironment=datacollector-binary&UploadType=eteventstream] status=Processing
[2016.10.18-13.46.37:248][798]LogModuleManager: Shutting down and abandoning module XMPP (15)
[2016.10.18-13.46.37:248][798]LogModuleManager: Shutting down and abandoning module TextureCompressor (14)
[2016.10.18-13.46.37:248][798]LogModuleManager: Shutting down and abandoning module ShaderCore (13)
[2016.10.18-13.46.37:248][798]LogModuleManager: Shutting down and abandoning module Landscape (12)
[2016.10.18-13.46.37:248][798]LogModuleManager: Shutting down and abandoning module SlateRHIRenderer (11)
[2016.10.18-13.46.37:251][798]LogModuleManager: Shutting down and abandoning module OpenGLDrv (10)
[2016.10.18-13.46.37:251][798]LogModuleManager: Shutting down and abandoning module D3D11RHI (9)
[2016.10.18-13.46.37:251][798]LogModuleManager: Shutting down and abandoning module AnimGraphRuntime (8)
[2016.10.18-13.46.37:251][798]LogModuleManager: Shutting down and abandoning module Renderer (7)
[2016.10.18-13.46.37:251][798]LogModuleManager: Shutting down and abandoning module Engine (6)
[2016.10.18-13.46.37:251][798]LogModuleManager: Shutting down and abandoning module CoreUObject (5)
[2016.10.18-13.46.37:251][798]LogModuleManager: Shutting down and abandoning module NetworkFile (4)
[2016.10.18-13.46.37:252][798]LogModuleManager: Shutting down and abandoning module StreamingFile (3)
[2016.10.18-13.46.37:252][798]LogModuleManager: Shutting down and abandoning module SandboxFile (2)
[2016.10.18-13.46.37:252][798]LogModuleManager: Shutting down and abandoning module PakFile (1)
[2016.10.18-13.46.37:256][798]LogExit: Exiting.
[2016.10.18-13.46.37:262][798]Log file closed, 10/18/16 15:46:37
