Log file open, 11/30/16 13:17:29
LogInit:Display: Running engine for game: BasicMechanics
LogPlatformFile: Not using cached read wrapper
LogInit:Display: RandInit(1186646055) SRandInit(1186646056).
LogTaskGraph: Started task graph with 5 named threads and 10 total threads with 1 sets of task threads.
LogStats: Stats thread started at 3.035190
LogPluginManager: Loaded Plugin Paper2D, From C:/Program Files (x86)/Epic Games/4.13/Engine/Plugins/2D/Paper2D/Paper2D.uplugin
LogPluginManager: Loaded Plugin LightPropagationVolume, From C:/Program Files (x86)/Epic Games/4.13/Engine/Plugins/Blendables/LightPropagationVolume/LightPropagationVolume.uplugin
LogPluginManager: Loaded Plugin BlankPlugin, From C:/Program Files (x86)/Epic Games/4.13/Engine/Plugins/Developer/BlankPlugin/BlankPlugin.uplugin
LogPluginManager: Loaded Plugin CodeLiteSourceCodeAccess, From C:/Program Files (x86)/Epic Games/4.13/Engine/Plugins/Developer/CodeLiteSourceCodeAccess/CodeLiteSourceCodeAccess.uplugin
LogPluginManager: Loaded Plugin GitSourceControl, From C:/Program Files (x86)/Epic Games/4.13/Engine/Plugins/Developer/GitSourceControl/GitSourceControl.uplugin
LogPluginManager: Loaded Plugin KDevelopSourceCodeAccess, From C:/Program Files (x86)/Epic Games/4.13/Engine/Plugins/Developer/KDevelopSourceCodeAccess/KDevelopSourceCodeAccess.uplugin
LogPluginManager: Loaded Plugin NullSourceCodeAccess, From C:/Program Files (x86)/Epic Games/4.13/Engine/Plugins/Developer/NullSourceCodeAccess/NullSourceCodeAccess.uplugin
LogPluginManager: Loaded Plugin OneSkyLocalizationService, From C:/Program Files (x86)/Epic Games/4.13/Engine/Plugins/Developer/OneSkyLocalizationService/OneSkyLocalizationService.uplugin
LogPluginManager: Loaded Plugin PerforceSourceControl, From C:/Program Files (x86)/Epic Games/4.13/Engine/Plugins/Developer/PerforceSourceControl/PerforceSourceControl.uplugin
LogPluginManager: Loaded Plugin SubversionSourceControl, From C:/Program Files (x86)/Epic Games/4.13/Engine/Plugins/Developer/SubversionSourceControl/SubversionSourceControl.uplugin
LogPluginManager: Loaded Plugin UObjectPlugin, From C:/Program Files (x86)/Epic Games/4.13/Engine/Plugins/Developer/UObjectPlugin/UObjectPlugin.uplugin
LogPluginManager: Loaded Plugin VisualStudioSourceCodeAccess, From C:/Program Files (x86)/Epic Games/4.13/Engine/Plugins/Developer/VisualStudioSourceCodeAccess/VisualStudioSourceCodeAccess.uplugin
LogPluginManager: Loaded Plugin XCodeSourceCodeAccess, From C:/Program Files (x86)/Epic Games/4.13/Engine/Plugins/Developer/XCodeSourceCodeAccess/XCodeSourceCodeAccess.uplugin
LogPluginManager: Loaded Plugin EpicSurvey, From C:/Program Files (x86)/Epic Games/4.13/Engine/Plugins/Editor/EpicSurvey/EpicSurvey.uplugin
LogPluginManager: Loaded Plugin MacGraphicsSwitching, From C:/Program Files (x86)/Epic Games/4.13/Engine/Plugins/Editor/MacGraphicsSwitching/MacGraphicsSwitching.uplugin
LogPluginManager: Loaded Plugin MobileLauncherProfileWizard, From C:/Program Files (x86)/Epic Games/4.13/Engine/Plugins/Editor/MobileLauncherProfileWizard/MobileLauncherProfileWizard.uplugin
LogPluginManager: Loaded Plugin PluginBrowser, From C:/Program Files (x86)/Epic Games/4.13/Engine/Plugins/Editor/PluginBrowser/PluginBrowser.uplugin
LogPluginManager: Loaded Plugin SpeedTreeImporter, From C:/Program Files (x86)/Epic Games/4.13/Engine/Plugins/Editor/SpeedTreeImporter/SpeedTreeImporter.uplugin
LogPluginManager: Loaded Plugin SuperSearchEditor, From C:/Program Files (x86)/Epic Games/4.13/Engine/Plugins/Editor/SuperSearchEditor/SuperSearchEditor.uplugin
LogPluginManager: Loaded Plugin AlembicImporter, From C:/Program Files (x86)/Epic Games/4.13/Engine/Plugins/Experimental/AlembicImporter/AlembicImporter.uplugin
LogPluginManager: Loaded Plugin BlueprintStats, From C:/Program Files (x86)/Epic Games/4.13/Engine/Plugins/Experimental/BlueprintStats/BlueprintStats.uplugin
LogPluginManager: Loaded Plugin CharacterAI, From C:/Program Files (x86)/Epic Games/4.13/Engine/Plugins/Experimental/CharacterAI/CharacterAI.uplugin
LogPluginManager: Loaded Plugin CodeEditor, From C:/Program Files (x86)/Epic Games/4.13/Engine/Plugins/Experimental/CodeEditor/CodeEditor.uplugin
LogPluginManager: Loaded Plugin CodeView, From C:/Program Files (x86)/Epic Games/4.13/Engine/Plugins/Experimental/CodeView/CodeView.uplugin
LogPluginManager: Loaded Plugin HTML5Networking, From C:/Program Files (x86)/Epic Games/4.13/Engine/Plugins/Experimental/HTML5Networking/HTML5Networking.uplugin
LogPluginManager: Loaded Plugin LiveEditor, From C:/Program Files (x86)/Epic Games/4.13/Engine/Plugins/Experimental/LiveEditor/LiveEditor.uplugin
LogPluginManager: Loaded Plugin OSVR, From C:/Program Files (x86)/Epic Games/4.13/Engine/Plugins/Experimental/OSVR/OSVR.uplugin
LogPluginManager: Loaded Plugin Phya, From C:/Program Files (x86)/Epic Games/4.13/Engine/Plugins/Experimental/Phya/Phya.uplugin
LogPluginManager: Loaded Plugin SignificanceManager, From C:/Program Files (x86)/Epic Games/4.13/Engine/Plugins/Experimental/SignificanceManager/SignificanceManager.uplugin
LogPluginManager: Loaded Plugin SimpleHMD, From C:/Program Files (x86)/Epic Games/4.13/Engine/Plugins/Experimental/SimpleHMD/SimpleHMD.uplugin
LogPluginManager: Loaded Plugin StereoPanorama, From C:/Program Files (x86)/Epic Games/4.13/Engine/Plugins/Experimental/StereoPanorama/StereoPanorama.uplugin
LogPluginManager: Loaded Plugin StructBox, From C:/Program Files (x86)/Epic Games/4.13/Engine/Plugins/Experimental/StructBox/StructBox.uplugin
LogPluginManager: Loaded Plugin AndroidMedia, From C:/Program Files (x86)/Epic Games/4.13/Engine/Plugins/Media/AndroidMedia/AndroidMedia.uplugin
LogPluginManager: Loaded Plugin AvfMedia, From C:/Program Files (x86)/Epic Games/4.13/Engine/Plugins/Media/AvfMedia/AvfMedia.uplugin
LogPluginManager: Loaded Plugin MediaPlayerEditor, From C:/Program Files (x86)/Epic Games/4.13/Engine/Plugins/Media/MediaPlayerEditor/MediaPlayerEditor.uplugin
LogPluginManager: Loaded Plugin WmfMedia, From C:/Program Files (x86)/Epic Games/4.13/Engine/Plugins/Media/WmfMedia/WmfMedia.uplugin
LogPluginManager: Loaded Plugin MessagingDebugger, From C:/Program Files (x86)/Epic Games/4.13/Engine/Plugins/Messaging/MessagingDebugger/MessagingDebugger.uplugin
LogPluginManager: Loaded Plugin TcpMessaging, From C:/Program Files (x86)/Epic Games/4.13/Engine/Plugins/Messaging/TcpMessaging/TcpMessaging.uplugin
LogPluginManager: Loaded Plugin UdpMessaging, From C:/Program Files (x86)/Epic Games/4.13/Engine/Plugins/Messaging/UdpMessaging/UdpMessaging.uplugin
LogPluginManager: Loaded Plugin LevelSequenceEditor, From C:/Program Files (x86)/Epic Games/4.13/Engine/Plugins/MovieScene/LevelSequenceEditor/LevelSequenceEditor.uplugin
LogPluginManager: Loaded Plugin MatineeToLevelSequence, From C:/Program Files (x86)/Epic Games/4.13/Engine/Plugins/MovieScene/MatineeToLevelSequence/MatineeToLevelSequence.uplugin
LogPluginManager: Loaded Plugin NetcodeUnitTest, From C:/Program Files (x86)/Epic Games/4.13/Engine/Plugins/NetcodeUnitTest/NetcodeUnitTest/NetcodeUnitTest.uplugin
LogPluginManager: Loaded Plugin NUTUnrealEngine4, From C:/Program Files (x86)/Epic Games/4.13/Engine/Plugins/NetcodeUnitTest/NUTUnrealEngine4/NUTUnrealEngine4.uplugin
LogPluginManager: Loaded Plugin OnlineSubsystemGooglePlay, From C:/Program Files (x86)/Epic Games/4.13/Engine/Plugins/Online/Android/OnlineSubsystemGooglePlay/OnlineSubsystemGooglePlay.uplugin
LogPluginManager: Loaded Plugin OnlineSubsystemIOS, From C:/Program Files (x86)/Epic Games/4.13/Engine/Plugins/Online/IOS/OnlineSubsystemIOS/OnlineSubsystemIOS.uplugin
LogPluginManager: Loaded Plugin OnlineFramework, From C:/Program Files (x86)/Epic Games/4.13/Engine/Plugins/Online/OnlineFramework/OnlineFramework.uplugin
LogPluginManager: Loaded Plugin OnlineSubsystem, From C:/Program Files (x86)/Epic Games/4.13/Engine/Plugins/Online/OnlineSubsystem/OnlineSubsystem.uplugin
LogPluginManager: Loaded Plugin OnlineSubsystemAmazon, From C:/Program Files (x86)/Epic Games/4.13/Engine/Plugins/Online/OnlineSubsystemAmazon/OnlineSubsystemAmazon.uplugin
LogPluginManager: Loaded Plugin OnlineSubsystemFacebook, From C:/Program Files (x86)/Epic Games/4.13/Engine/Plugins/Online/OnlineSubsystemFacebook/OnlineSubsystemFacebook.uplugin
LogPluginManager: Loaded Plugin OnlineSubsystemNull, From C:/Program Files (x86)/Epic Games/4.13/Engine/Plugins/Online/OnlineSubsystemNull/OnlineSubsystemNull.uplugin
LogPluginManager: Loaded Plugin OnlineSubsystemOculus, From C:/Program Files (x86)/Epic Games/4.13/Engine/Plugins/Online/OnlineSubsystemOculus/OnlineSubsystemOculus.uplugin
LogPluginManager: Loaded Plugin OnlineSubsystemSteam, From C:/Program Files (x86)/Epic Games/4.13/Engine/Plugins/Online/OnlineSubsystemSteam/OnlineSubsystemSteam.uplugin
LogPluginManager: Loaded Plugin OnlineSubsystemUtils, From C:/Program Files (x86)/Epic Games/4.13/Engine/Plugins/Online/OnlineSubsystemUtils/OnlineSubsystemUtils.uplugin
LogPluginManager: Loaded Plugin IOSTapJoy, From C:/Program Files (x86)/Epic Games/4.13/Engine/Plugins/Runtime/Advertising/IOSTapJoy/IOSTapJoy.uplugin
LogPluginManager: Loaded Plugin AnalyticsBlueprintLibrary, From C:/Program Files (x86)/Epic Games/4.13/Engine/Plugins/Runtime/Analytics/AnalyticsBlueprintLibrary/AnalyticsBlueprintLibrary.uplugin
LogPluginManager: Loaded Plugin AnalyticsMulticast, From C:/Program Files (x86)/Epic Games/4.13/Engine/Plugins/Runtime/Analytics/AnalyticsMulticast/AnalyticsMulticast.uplugin
LogPluginManager: Loaded Plugin Apsalar, From C:/Program Files (x86)/Epic Games/4.13/Engine/Plugins/Runtime/Analytics/Apsalar/Apsalar.uplugin
LogPluginManager: Loaded Plugin FileLogging, From C:/Program Files (x86)/Epic Games/4.13/Engine/Plugins/Runtime/Analytics/FileLogging/FileLogging.uplugin
LogPluginManager: Loaded Plugin Flurry, From C:/Program Files (x86)/Epic Games/4.13/Engine/Plugins/Runtime/Analytics/Flurry/Flurry.uplugin
LogPluginManager: Loaded Plugin AndroidDeviceProfileSelector, From C:/Program Files (x86)/Epic Games/4.13/Engine/Plugins/Runtime/AndroidDeviceProfileSelector/AndroidDeviceProfileSelector.uplugin
LogPluginManager: Loaded Plugin AndroidMoviePlayer, From C:/Program Files (x86)/Epic Games/4.13/Engine/Plugins/Runtime/AndroidMoviePlayer/AndroidMoviePlayer.uplugin
LogPluginManager: Loaded Plugin AppleMoviePlayer, From C:/Program Files (x86)/Epic Games/4.13/Engine/Plugins/Runtime/AppleMoviePlayer/AppleMoviePlayer.uplugin
LogPluginManager: Loaded Plugin ArchVisCharacter, From C:/Program Files (x86)/Epic Games/4.13/Engine/Plugins/Runtime/ArchVisCharacter/ArchVisCharacter.uplugin
LogPluginManager: Loaded Plugin CableComponent, From C:/Program Files (x86)/Epic Games/4.13/Engine/Plugins/Runtime/CableComponent/CableComponent.uplugin
LogPluginManager: Loaded Plugin CustomMeshComponent, From C:/Program Files (x86)/Epic Games/4.13/Engine/Plugins/Runtime/CustomMeshComponent/CustomMeshComponent.uplugin
LogPluginManager: Loaded Plugin ExampleDeviceProfileSelector, From C:/Program Files (x86)/Epic Games/4.13/Engine/Plugins/Runtime/ExampleDeviceProfileSelector/ExampleDeviceProfileSelector.uplugin
LogPluginManager: Loaded Plugin GearVR, From C:/Program Files (x86)/Epic Games/4.13/Engine/Plugins/Runtime/GearVR/GearVR.uplugin
LogPluginManager: Loaded Plugin GoogleVRController, From C:/Program Files (x86)/Epic Games/4.13/Engine/Plugins/Runtime/GoogleVR/GoogleVRController/GoogleVRController.uplugin
LogPluginManager: Loaded Plugin GoogleVRHMD, From C:/Program Files (x86)/Epic Games/4.13/Engine/Plugins/Runtime/GoogleVR/GoogleVRHMD/GoogleVRHMD.uplugin
LogPluginManager: Loaded Plugin IOSDeviceProfileSelector, From C:/Program Files (x86)/Epic Games/4.13/Engine/Plugins/Runtime/IOSDeviceProfileSelector/IOSDeviceProfileSelector.uplugin
LogPluginManager: Loaded Plugin LeapMotion, From C:/Program Files (x86)/Epic Games/4.13/Engine/Plugins/Runtime/LeapMotion/LeapMotion.uplugin
LogPluginManager: Loaded Plugin LinuxDeviceProfileSelector, From C:/Program Files (x86)/Epic Games/4.13/Engine/Plugins/Runtime/LinuxDeviceProfileSelector/LinuxDeviceProfileSelector.uplugin
LogPluginManager: Loaded Plugin LiveEditorListenServer, From C:/Program Files (x86)/Epic Games/4.13/Engine/Plugins/Runtime/LiveEditorListenServer/LiveEditorListenServer.uplugin
LogPluginManager: Loaded Plugin OculusAudio, From C:/Program Files (x86)/Epic Games/4.13/Engine/Plugins/Runtime/OculusAudio/OculusAudio.uplugin
LogPluginManager: Loaded Plugin OculusInput, From C:/Program Files (x86)/Epic Games/4.13/Engine/Plugins/Runtime/OculusInput/OculusInput.uplugin
LogPluginManager: Loaded Plugin OculusLibrary, From C:/Program Files (x86)/Epic Games/4.13/Engine/Plugins/Runtime/OculusLibrary/OculusLibrary.uplugin
LogPluginManager: Loaded Plugin OculusRift, From C:/Program Files (x86)/Epic Games/4.13/Engine/Plugins/Runtime/OculusRift/OculusRift.uplugin
LogPluginManager: Loaded Plugin Oodle, From C:/Program Files (x86)/Epic Games/4.13/Engine/Plugins/Runtime/PacketHandlers/CompressionComponents/Oodle/Oodle.uplugin
LogPluginManager: Loaded Plugin ProceduralMeshComponent, From C:/Program Files (x86)/Epic Games/4.13/Engine/Plugins/Runtime/ProceduralMeshComponent/ProceduralMeshComponent.uplugin
LogPluginManager: Loaded Plugin SoundMod, From C:/Program Files (x86)/Epic Games/4.13/Engine/Plugins/Runtime/SoundMod/SoundMod.uplugin
LogPluginManager: Loaded Plugin SoundVisualizations, From C:/Program Files (x86)/Epic Games/4.13/Engine/Plugins/Runtime/SoundVisualizations/SoundVisualizations.uplugin
LogPluginManager: Loaded Plugin SteamController, From C:/Program Files (x86)/Epic Games/4.13/Engine/Plugins/Runtime/Steam/SteamController/SteamController.uplugin
LogPluginManager: Loaded Plugin SteamVR, From C:/Program Files (x86)/Epic Games/4.13/Engine/Plugins/Runtime/Steam/SteamVR/SteamVR.uplugin
LogPluginManager: Loaded Plugin WebBrowserWidget, From C:/Program Files (x86)/Epic Games/4.13/Engine/Plugins/Runtime/WebBrowserWidget/WebBrowserWidget.uplugin
LogPluginManager: Loaded Plugin WindowsDeviceProfileSelector, From C:/Program Files (x86)/Epic Games/4.13/Engine/Plugins/Runtime/WindowsDeviceProfileSelector/WindowsDeviceProfileSelector.uplugin
LogPluginManager: Loaded Plugin WindowsMoviePlayer, From C:/Program Files (x86)/Epic Games/4.13/Engine/Plugins/Runtime/WindowsMoviePlayer/WindowsMoviePlayer.uplugin
LogPluginManager: Loaded Plugin ScriptPlugin, From C:/Program Files (x86)/Epic Games/4.13/Engine/Plugins/ScriptPlugin/ScriptPlugin.uplugin
LogPluginManager: Loaded Plugin SlateRemote, From C:/Program Files (x86)/Epic Games/4.13/Engine/Plugins/Slate/SlateRemote/SlateRemote.uplugin
LogInit: Using libcurl 7.47.1
LogInit:  - built for x86_64-pc-win32
LogInit:  - supports SSL with WinSSL
LogInit:  - other features:
LogInit:      CURL_VERSION_SSL
LogInit:      CURL_VERSION_IPV6
LogInit:      CURL_VERSION_ASYNCHDNS
LogInit:      CURL_VERSION_LARGEFILE
LogInit:      CURL_VERSION_IDN
LogInit:  CurlRequestOptions (configurable via config and command line):
LogInit:  - bVerifyPeer = false  - Libcurl will NOT verify peer certificate
LogInit:  - bUseHttpProxy = false  - Libcurl will NOT use HTTP proxy
LogInit:  - bDontReuseConnections = false  - Libcurl will reuse connections
LogInit:  - CertBundlePath = nullptr  - Libcurl will use whatever was configured at build time.
LogInit: Build: ++UE4+Release-4.13-CL-3142249
LogInit: Engine Version: 4.13.1-3142249+++UE4+Release-4.13
LogInit: Compatible Engine Version: 4.13.0-3106830+++UE4+Release-4.13
LogInit: Net CL: 3142249
LogDevObjectVersion: Number of dev versions registered: 13
LogDevObjectVersion:   Dev-Blueprints (B0D832E4-1F89-4F0D-ACCF-7EB736FD4AA2): 5
LogDevObjectVersion:   Dev-Build (E1C64328-A22C-4D53-A36C-8E866417BD8C): 0
LogDevObjectVersion:   Dev-Core (375EC13C-06E4-48FB-B500-84F0262A717E): 1
LogDevObjectVersion:   Dev-Editor (E4B068ED-F494-42E9-A231-DA0B2E46BB41): 6
LogDevObjectVersion:   Dev-Framework (CFFC743F-43B0-4480-9391-14DF171D2073): 12
LogDevObjectVersion:   Dev-Mobile (B02B49B5-BB20-44E9-A304-32B752E40360): 0
LogDevObjectVersion:   Dev-Networking (A4E4105C-59A1-49B5-A7C5-40C4547EDFEE): 0
LogDevObjectVersion:   Dev-Online (39C831C9-5AE6-47DC-9A44-9C173E1C8E7C): 0
LogDevObjectVersion:   Dev-Physics (78F01B33-EBEA-4F98-B9B4-84EACCB95AA2): 0
LogDevObjectVersion:   Dev-Platform (6631380F-2D4D-43E0-8009-CF276956A95A): 0
LogDevObjectVersion:   Dev-Rendering (12F88B9F-8875-4AFC-A67C-D90C383ABD29): 4
LogDevObjectVersion:   Dev-Sequencer (7B5AE74C-D270-4C10-A958-57980B212A5A): 0
LogDevObjectVersion:   Dev-VR (D7296918-1DD6-4BDD-9DE2-64A83CC13884): 0
LogInit: Compiled (64-bit): Sep 28 2016 02:12:12
LogInit: Compiled with Visual C++: 19.00.23026.00
LogInit: Build Configuration: Development
LogInit: Branch Name: ++UE4+Release-4.13
LogInit: Command line: 
LogInit: Base directory: C:/Program Files (x86)/Epic Games/4.13/Engine/Binaries/Win64/
LogInit: Installed Engine Build: 1
LogInit: Presizing for max 8388607 objects, including 0 objects not considered by GC, pre-allocating 0 bytes for permanent pool.
LogInit: Object subsystem initialized
[2016.11.30-12.17.30:439][  0]LogInit: Selected Device Profile: [Windows]
[2016.11.30-12.17.30:439][  0]LogInit: Applying CVar settings loaded from the selected device profile: [Windows]
[2016.11.30-12.17.31:092][  0]LogInit: Computer: BAR-EGIMENEZ
[2016.11.30-12.17.31:092][  0]LogInit: User: egimenez
[2016.11.30-12.17.31:092][  0]LogInit: CPU Page size=65536, Cores=6
[2016.11.30-12.17.31:092][  0]LogInit: High frequency timer resolution =3.409814 MHz
[2016.11.30-12.17.31:092][  0]LogMemory: Memory total: Physical=63.9GB (64GB approx)
[2016.11.30-12.17.31:092][  0]LogMemory: Platform Memory Stats for Windows
[2016.11.30-12.17.31:092][  0]LogMemory: Process Physical Memory: 259.75 MB used, 259.75 MB peak
[2016.11.30-12.17.31:092][  0]LogMemory: Process Virtual Memory: 262.92 MB used, 262.92 MB peak
[2016.11.30-12.17.31:092][  0]LogMemory: Physical Memory: 6000.99 MB used, 65464.06 MB total
[2016.11.30-12.17.31:092][  0]LogMemory: Virtual Memory: 594.02 MB used, 8388608.00 MB total
[2016.11.30-12.17.32:357][  0]LogInit: Overriding culture en w/ editor configuration.
[2016.11.30-12.17.45:473][  0]LogD3D11RHI: D3D11 adapters:
[2016.11.30-12.17.45:566][  0]LogD3D11RHI:    0. 'NVIDIA GeForce GTX 670' (Feature Level 11_0)
[2016.11.30-12.17.45:566][  0]LogD3D11RHI:       4027/0/32476 MB DedicatedVideo/DedicatedSystem/SharedSystem, Outputs:1, VendorId:0x10de
[2016.11.30-12.17.45:566][  0]LogD3D11RHI: Chosen D3D11 Adapter: 0
[2016.11.30-12.17.47:196][  0]LogD3D11RHI: Creating new Direct3DDevice
[2016.11.30-12.17.47:221][  0]LogD3D11RHI:     GPU DeviceId: 0x1189 (for the marketing name, search the web for "GPU Device Id")
[2016.11.30-12.17.47:221][  0]LogWindows: EnumDisplayDevices:
[2016.11.30-12.17.47:222][  0]LogWindows:    0. 'NVIDIA GeForce GTX 670' (P:1 D:1)
[2016.11.30-12.17.47:222][  0]LogWindows:    1. 'NVIDIA GeForce GTX 670' (P:0 D:0)
[2016.11.30-12.17.47:222][  0]LogWindows:    2. 'NVIDIA GeForce GTX 670' (P:0 D:0)
[2016.11.30-12.17.47:223][  0]LogWindows:    3. 'NVIDIA GeForce GTX 670' (P:0 D:0)
[2016.11.30-12.17.47:223][  0]LogWindows:    4. 'RDPDD Chained DD' (P:0 D:0)
[2016.11.30-12.17.47:223][  0]LogWindows:    5. 'RDP Encoder Mirror Driver' (P:0 D:0)
[2016.11.30-12.17.47:224][  0]LogWindows:    6. 'RDP Reflector Display Driver' (P:0 D:0)
[2016.11.30-12.17.47:224][  0]LogWindows: DebugString: GetVideoDriverDetailsInvalid PrimaryIsNotTheChoosenAdapter GetVideoDriverDetailsInvalid PrimaryIsNotTheChoosenAdapter GetVideoDriverDetailsInvalid PrimaryIsNotTheChoosenAdapter FoundDriverCount:4 
[2016.11.30-12.17.47:224][  0]LogD3D11RHI:     Adapter Name: NVIDIA GeForce GTX 670
[2016.11.30-12.17.47:224][  0]LogD3D11RHI:   Driver Version: 347.52 (internal:9.18.13.4752, unified:347.52)
[2016.11.30-12.17.47:224][  0]LogD3D11RHI:      Driver Date: 2-5-2015
[2016.11.30-12.17.47:224][  0]LogRHI: Texture pool is 1361 MB (70% of 1945 MB)
[2016.11.30-12.17.47:247][  0]LogD3D11RHI: Async texture creation enabled
[2016.11.30-12.17.48:197][  0]LogD3D11RHI: GPU Timing Frequency: 1000.000000 (Debug: 2 2)
[2016.11.30-12.17.48:283][  0]LogShaderCompilers: Guid format shader working directory is -29 characters bigger than the processId version (../../../../../../Users/egimenez/Desktop/VAN/VANsGame/Mechanics/BasicMechanics/Intermediate/Shaders/WorkingDirectory/7160/).
[2016.11.30-12.17.48:283][  0]LogShaderCompilers: Cleaned the shader compiler working directory 'C:/Users/egimenez/AppData/Local/Temp/UnrealShaderWorkingDir/8A6EE3EE46E6FFC7728AFD99859455AD/'.
[2016.11.30-12.17.48:298][  0]LogShaderCompilers:Display: Using Local Shader Compiler.
[2016.11.30-12.17.58:955][  0]LogTemp:Display: Loaded TP AllDesktopTargetPlatform
[2016.11.30-12.17.58:975][  0]LogTemp:Display: Loaded TP WindowsClientTargetPlatform
[2016.11.30-12.17.58:992][  0]LogTemp:Display: Loaded TP WindowsNoEditorTargetPlatform
[2016.11.30-12.17.59:001][  0]LogTemp:Display: Loaded TP WindowsServerTargetPlatform
[2016.11.30-12.17.59:009][  0]LogTemp:Display: Loaded TP WindowsTargetPlatform
[2016.11.30-12.17.59:073][  0]LogTemp:Display: Loaded TP AndroidTargetPlatform
[2016.11.30-12.17.59:104][  0]LogTemp:Display: Loaded TP Android_ASTCTargetPlatform
[2016.11.30-12.17.59:131][  0]LogTemp:Display: Loaded TP Android_ATCTargetPlatform
[2016.11.30-12.17.59:159][  0]LogTemp:Display: Loaded TP Android_DXTTargetPlatform
[2016.11.30-12.17.59:179][  0]LogTemp:Display: Loaded TP Android_ETC1TargetPlatform
[2016.11.30-12.17.59:197][  0]LogTemp:Display: Loaded TP Android_ETC2TargetPlatform
[2016.11.30-12.17.59:227][  0]LogTemp:Display: Loaded TP Android_MultiTargetPlatform
[2016.11.30-12.17.59:227][  0]LogTemp:Display: Loaded TP Android_PVRTCTargetPlatform
[2016.11.30-12.17.59:228][  0]LogTemp:Display: Loaded TP HTML5TargetPlatform
[2016.11.30-12.17.59:414][  0]LogTemp:Display: Loaded TP IOSTargetPlatform
[2016.11.30-12.17.59:431][  0]LogTemp:Display: Loaded TP TVOSTargetPlatform
[2016.11.30-12.17.59:444][  0]LogTemp:Display: Loaded TP LinuxClientTargetPlatform
[2016.11.30-12.17.59:451][  0]LogTemp:Display: Loaded TP LinuxNoEditorTargetPlatform
[2016.11.30-12.17.59:458][  0]LogTemp:Display: Loaded TP LinuxServerTargetPlatform
[2016.11.30-12.17.59:521][  0]LogTemp:Display: Loaded TP LinuxTargetPlatform
[2016.11.30-12.17.59:521][  0]LogTargetPlatformManager:Display: Building Assets For Windows
[2016.11.30-12.18.01:648][  0]LogDerivedDataCache:Display: Max Cache Size: 512 MB
[2016.11.30-12.18.08:886][  0]LogDerivedDataCache: Loaded boot cache 7.19s 62MB C:/Users/egimenez/AppData/Local/UnrealEngine/4.13/DerivedDataCache/Boot.ddc.
[2016.11.30-12.18.08:886][  0]LogDerivedDataCache:Display: Loaded Boot cache: C:/Users/egimenez/AppData/Local/UnrealEngine/4.13/DerivedDataCache/Boot.ddc
[2016.11.30-12.18.08:886][  0]LogDerivedDataCache: FDerivedDataBackendGraph:  Pak pak cache file ../../../../../../Users/egimenez/Desktop/VAN/VANsGame/Mechanics/BasicMechanics/DerivedDataCache/DDC.ddp not found, will not use a pak cache.
[2016.11.30-12.18.08:886][  0]LogDerivedDataCache: Unable to find inner node Pak for hierarchical cache Hierarchy.
[2016.11.30-12.18.08:886][  0]LogDerivedDataCache: FDerivedDataBackendGraph:  CompressedPak pak cache file ../../../../../../Users/egimenez/Desktop/VAN/VANsGame/Mechanics/BasicMechanics/DerivedDataCache/Compressed.ddp not found, will not use a pak cache.
[2016.11.30-12.18.08:886][  0]LogDerivedDataCache: Unable to find inner node CompressedPak for hierarchical cache Hierarchy.
[2016.11.30-12.18.09:136][  0]LogDerivedDataCache:Display: Pak cache opened for reading ../../../Engine/DerivedDataCache/Compressed.ddp.
[2016.11.30-12.18.09:186][  0]LogDerivedDataCache: Using Local data cache path C:/Users/egimenez/AppData/Local/UnrealEngine/Common/DerivedDataCache: Writable
[2016.11.30-12.18.25:514][  0]LogMaterial: Uniform references updated for custom material expression Custom.
[2016.11.30-12.18.25:606][  0]LogInit: Selected Device Profile: [Windows]
[2016.11.30-12.18.25:999][  0]LogContentStreaming: Texture pool size is 0.00 MB
[2016.11.30-12.18.27:600][  0]LogMeshUtilities: No automatic mesh reduction module available
[2016.11.30-12.18.27:600][  0]LogMeshUtilities: No automatic mesh merging module available
[2016.11.30-12.18.27:600][  0]LogMeshUtilities: No distributed automatic mesh merging module available
[2016.11.30-12.18.36:380][  0]LogNetVersion: GetLocalNetworkVersion: CL: 3106830, ProjectName: basicmechanics, ProjectVersion: , EngineNetworkVersion: 1, GameNetworkVersion: 0, NetworkChecksum: 1815648402
[2016.11.30-12.18.36:612][  0]LogAssetRegistry: FAssetRegistry took 0.0348 seconds to start up
[2016.11.30-12.18.36:814][  0]LogPackageLocalizationCache: Processed 3 localized package path(s) for 1 prioritized culture(s) in 0.103106 seconds
[2016.11.30-12.18.36:825][  0]LogUObjectArray: 29781 objects as part of root set at end of initial load.
[2016.11.30-12.18.36:825][  0]LogUObjectAllocator: 6126280 out of 0 bytes used by permanent object pool.
[2016.11.30-12.18.36:825][  0]LogUObjectArray: CloseDisregardForGC: 0/0 objects in disregard for GC pool
[2016.11.30-12.18.36:919][  0]LogInit: WinSock: version 1.1 (2.2), MaxSocks=32767, MaxUdp=65467
[2016.11.30-12.18.48:085][  0]LogSlate: SlateFontCache - WITH_FREETYPE: 1, WITH_HARFBUZZ: 1
[2016.11.30-12.18.48:086][  0]LogSlate: SlateFontCache - WITH_FREETYPE: 1, WITH_HARFBUZZ: 1
[2016.11.30-12.19.13:380][  0]LogTcpMessaging: Initializing TcpMessaging bridge
[2016.11.30-12.19.13:460][  0]LogUdpMessaging: Initializing bridge on interface 0.0.0.0:0 to multicast group 230.0.0.1:6666.
[2016.11.30-12.19.15:813][  0]SourceControl: Info Source control is disabled
[2016.11.30-12.19.15:847][  0]SourceControl: Info Source control is disabled
[2016.11.30-12.19.15:999][  0]SourceControl: Info Source control is disabled
[2016.11.30-12.19.16:038][  0]SourceControl: Info Source control is disabled
[2016.11.30-12.19.18:248][  0]LogEngine: Initializing Engine...
[2016.11.30-12.19.18:250][  0]LogHMD: Failed to initialize OpenVR with code 110
[2016.11.30-12.19.20:097][  0]LogAIModule: Creating AISystem for world Untitled
[2016.11.30-12.19.20:216][  0]LogInit: XAudio2 using 'Speakers (Realtek High Definition Audio)' : 2 channels at 48 kHz using 32 bits per sample (channel mask 0x3)
[2016.11.30-12.19.20:270][  0]LogInit: FAudioDevice initialized.
[2016.11.30-12.19.20:312][  0]LogDerivedDataCache: Saved boot cache 0.04s 62MB C:/Users/egimenez/AppData/Local/UnrealEngine/4.13/DerivedDataCache/Boot.ddc.
[2016.11.30-12.19.20:324][  0]LogInit: Texture streaming: Enabled
[2016.11.30-12.19.20:795][  0]LogInit: Transaction tracking system initialized
[2016.11.30-12.19.21:761][  0]BlueprintLog: New page: Editor Load
[2016.11.30-12.19.25:443][  0]LocalizationService: Info Localization service is disabled
[2016.11.30-12.19.27:617][  0]LogConsoleResponse:Display: 
[2016.11.30-12.19.34:764][  0]LogFileCache: Scanning file cache for directory 'C:/Users/egimenez/Desktop/VAN/VANsGame/Mechanics/BasicMechanics/Content/' took 0.03s
[2016.11.30-12.19.34:764][  0]LogCook:Display: Max memory allowance for cook 16384mb min free memory 0mb
[2016.11.30-12.19.34:785][  0]LogCook:Display: Mobile HDR setting 1
[2016.11.30-12.19.41:444][  0]SourceControl: Info Source control is disabled
[2016.11.30-12.19.41:524][  0]Cmd: MAP LOAD FILE="../../../../../../Users/egimenez/Desktop/VAN/VANsGame/Mechanics/BasicMechanics/Content/StarterContent/Maps/Minimal_Default.umap" TEMPLATE=0 SHOWPROGRESS=1 FEATURELEVEL=3
[2016.11.30-12.19.41:663][  0]LightingResults: New page: Lighting Build
[2016.11.30-12.19.42:164][  0]MapCheck: New page: Map Check
[2016.11.30-12.19.42:164][  0]LightingResults: New page: Lighting Build
[2016.11.30-12.19.54:172][  0]LogAIModule: Creating AISystem for world Minimal_Default
[2016.11.30-12.19.55:859][  0]LogEditorServer: Finished looking for orphan Actors (0.000 secs)
[2016.11.30-12.19.55:970][  0]Cmd: MAP CHECKDEP NOCLEARLOG
[2016.11.30-12.19.56:066][  0]MapCheck: Info Map check complete: 0 Error(s), 0 Warning(s), took 95.786ms to complete.
[2016.11.30-12.19.56:066][  0]LogFileHelpers: Loading map 'Minimal_Default' took 14.541
[2016.11.30-12.20.01:826][  0]LogCollectionManager: Loaded 0 collections in 0.005345 seconds
[2016.11.30-12.20.02:679][  0]LogFileCache: Scanning file cache for directory 'C:/Users/egimenez/Desktop/VAN/VANsGame/Mechanics/BasicMechanics/Saved/Collections/' took 0.01s
[2016.11.30-12.20.02:679][  0]LogFileCache: Scanning file cache for directory 'C:/Users/egimenez/Desktop/VAN/VANsGame/Mechanics/BasicMechanics/Content/Developers/egimenez/Collections/' took 0.01s
[2016.11.30-12.20.02:679][  0]LogFileCache: Scanning file cache for directory 'C:/Users/egimenez/Desktop/VAN/VANsGame/Mechanics/BasicMechanics/Content/Collections/' took 0.01s
[2016.11.30-12.20.02:679][  0]LogCollectionManager: Rebuilt the GUID cache for 0 collections in 0.000006 seconds
[2016.11.30-12.20.02:796][  0]LogContentBrowser: Native class hierarchy populated in 0.0466 seconds. Added 2148 classes and 417 folders.
[2016.11.30-12.20.03:035][  0]LogStats: UGameplayTagsManager::ConstructGameplayTagTree: Construct from data asset -  0.000 s
[2016.11.30-12.20.03:035][  0]LogStats: UGameplayTagsManager::ConstructGameplayTagTree: GameplayTagTreeChangedEvent.Broadcast -  0.000 s
[2016.11.30-12.20.03:037][  0]LogContentBrowser: Native class hierarchy updated for 'GameplayTags' in 0.0013 seconds. Added 12 classes and 0 folders.
[2016.11.30-12.20.03:109][  0]LogContentBrowser: Native class hierarchy updated for 'WidgetCarousel' in 0.0010 seconds. Added 0 classes and 0 folders.
[2016.11.30-12.20.07:922][  0]LogContentBrowser: Native class hierarchy updated for 'AddContentDialog' in 0.0012 seconds. Added 0 classes and 0 folders.
[2016.11.30-12.20.08:221][  0]LogContentBrowser: Native class hierarchy updated for 'SceneOutliner' in 0.0012 seconds. Added 1 classes and 2 folders.
[2016.11.30-12.20.10:737][  0]LogCrashTracker: Crashtracker disabled due to settings.
[2016.11.30-12.20.11:207][  0]LogUObjectGlobals:Warning: Failed to find object 'Class None.'
[2016.11.30-12.20.11:488][  0]LogContentBrowser: Native class hierarchy updated for 'HierarchicalLODOutliner' in 0.0009 seconds. Added 1 classes and 2 folders.
[2016.11.30-12.20.11:488][  0]LogLoad: (Engine Initialization) Total time: 177.10 seconds
[2016.11.30-12.20.11:488][  0]LogLoad: (Engine Initialization) Total Blueprint compile time: 1.94 seconds
[2016.11.30-12.20.11:488][  0]LogExternalProfiler: No external profilers were discovered.  External profiling features will not be available.
[2016.11.30-12.20.11:890][  0]LogOcInput: OculusInput pre-init called
[2016.11.30-12.20.12:353][  0]LogContentStreaming: Texture pool size now 1000 MB
[2016.11.30-12.20.14:918][  0]LogRenderer: Reallocating scene render targets to support 960x620 (Frame:2).
[2016.11.30-12.20.17:578][  6]LogAssetRegistry: Asset discovery search completed in 100.9536 seconds
[2016.11.30-12.20.17:593][  6]LogCollectionManager: Rebuilt the object cache for 0 collections in 0.000003 seconds (found 0 objects)
[2016.11.30-12.20.17:600][  6]LogCollectionManager: Fixed up redirectors for 0 collections in 0.022091 seconds (updated 0 objects)
[2016.11.30-12.20.34:152][222]LogBlueprint:Warning: [Compiler Answers] Warning 'Item' is already a 'NPC', you don't need  K2Node_DynamicCast_0 .
[2016.11.30-12.20.34:153][222]LogBlueprint:Warning: [Compiler Answers] Warning 'Item' is already a 'NPC', you don't need  K2Node_DynamicCast_15 .
[2016.11.30-12.20.34:153][222]LogBlueprint:Warning: [Compiler Answers] Warning 'Item' is already a 'NPC', you don't need  K2Node_DynamicCast_2 .
[2016.11.30-12.20.34:206][222]LogBlueprint:Warning: [Compiler Answers] Warning [0199.82] Compile of Answers successful, but with 3 Warning(s) [in 67 ms] (/Game/Elements/NPCDialogue/Answers.Answers)
[2016.11.30-12.20.34:206][222]LogBlueprint:Warning: [Compiler Answers] Warning [0199.82] Compile of Answers successful, but with 4 Warning(s) [in 0 ms] (/Game/Elements/NPCDialogue/Answers.Answers)
[2016.11.30-12.20.34:206][222]LogBlueprint:Warning: [Compiler Answers] Warning [0199.82] Compile of Answers successful, but with 5 Warning(s) [in 0 ms] (/Game/Elements/NPCDialogue/Answers.Answers)
[2016.11.30-12.20.34:276][222]LogBlueprint:Warning: [Compiler Answers] Warning 'Item' is already a 'NPC', you don't need  K2Node_DynamicCast_0 .
[2016.11.30-12.20.34:276][222]LogBlueprint:Warning: [Compiler Answers] Warning 'Item' is already a 'NPC', you don't need  K2Node_DynamicCast_15 .
[2016.11.30-12.20.34:276][222]LogBlueprint:Warning: [Compiler Answers] Warning 'Item' is already a 'NPC', you don't need  K2Node_DynamicCast_2 .
[2016.11.30-12.20.34:288][222]LogBlueprint:Warning: [Compiler Answers] Warning [0199.90] Compile of Answers successful, but with 3 Warning(s) [in 19 ms] (/Game/Elements/NPCDialogue/Answers.Answers)
[2016.11.30-12.20.34:288][222]LogBlueprint:Warning: [Compiler Answers] Warning [0199.90] Compile of Answers successful, but with 4 Warning(s) [in 0 ms] (/Game/Elements/NPCDialogue/Answers.Answers)
[2016.11.30-12.20.34:288][222]LogBlueprint:Warning: [Compiler Answers] Warning [0199.90] Compile of Answers successful, but with 5 Warning(s) [in 0 ms] (/Game/Elements/NPCDialogue/Answers.Answers)
[2016.11.30-12.20.34:756][222]LogLinker:Error: CurveFloat_23 has an inappropriate outermost, it was probably saved with a deprecated outer (file: ../../../../../../Users/egimenez/Desktop/VAN/VANsGame/Mechanics/BasicMechanics/Content/Elements/Switches/SimpleSwitch/SimpleSwitch.uasset)
[2016.11.30-12.20.34:756][222]LogLinker:Error: CurveFloat_24 has an inappropriate outermost, it was probably saved with a deprecated outer (file: ../../../../../../Users/egimenez/Desktop/VAN/VANsGame/Mechanics/BasicMechanics/Content/Elements/Switches/SimpleSwitch/SimpleSwitch.uasset)
[2016.11.30-12.20.34:756][222]LogLinker:Error: CurveFloat_25 has an inappropriate outermost, it was probably saved with a deprecated outer (file: ../../../../../../Users/egimenez/Desktop/VAN/VANsGame/Mechanics/BasicMechanics/Content/Elements/Switches/SimpleSwitch/SimpleSwitch.uasset)
[2016.11.30-12.20.34:756][222]LogLinker:Error: CurveFloat_26 has an inappropriate outermost, it was probably saved with a deprecated outer (file: ../../../../../../Users/egimenez/Desktop/VAN/VANsGame/Mechanics/BasicMechanics/Content/Elements/Switches/SimpleSwitch/SimpleSwitch.uasset)
[2016.11.30-12.20.34:833][222]LogLinker:Error: CurveFloat_23 has an inappropriate outermost, it was probably saved with a deprecated outer (file: ../../../../../../Users/egimenez/Desktop/VAN/VANsGame/Mechanics/BasicMechanics/Content/Elements/Switches/SimpleSwitch/SimpleSwitch.uasset)
[2016.11.30-12.20.34:834][222]LogLinker:Error: CurveFloat_24 has an inappropriate outermost, it was probably saved with a deprecated outer (file: ../../../../../../Users/egimenez/Desktop/VAN/VANsGame/Mechanics/BasicMechanics/Content/Elements/Switches/SimpleSwitch/SimpleSwitch.uasset)
[2016.11.30-12.20.34:834][222]LogLinker:Error: CurveFloat_25 has an inappropriate outermost, it was probably saved with a deprecated outer (file: ../../../../../../Users/egimenez/Desktop/VAN/VANsGame/Mechanics/BasicMechanics/Content/Elements/Switches/SimpleSwitch/SimpleSwitch.uasset)
[2016.11.30-12.20.34:834][222]LogLinker:Error: CurveFloat_26 has an inappropriate outermost, it was probably saved with a deprecated outer (file: ../../../../../../Users/egimenez/Desktop/VAN/VANsGame/Mechanics/BasicMechanics/Content/Elements/Switches/SimpleSwitch/SimpleSwitch.uasset)
[2016.11.30-12.20.34:835][222]LogLinker:Error: CurveFloat_23 has an inappropriate outermost, it was probably saved with a deprecated outer (file: ../../../../../../Users/egimenez/Desktop/VAN/VANsGame/Mechanics/BasicMechanics/Content/Elements/Switches/SimpleSwitch/SimpleSwitch.uasset)
[2016.11.30-12.20.34:835][222]LogLinker:Error: CurveFloat_24 has an inappropriate outermost, it was probably saved with a deprecated outer (file: ../../../../../../Users/egimenez/Desktop/VAN/VANsGame/Mechanics/BasicMechanics/Content/Elements/Switches/SimpleSwitch/SimpleSwitch.uasset)
[2016.11.30-12.20.34:835][222]LogLinker:Error: CurveFloat_25 has an inappropriate outermost, it was probably saved with a deprecated outer (file: ../../../../../../Users/egimenez/Desktop/VAN/VANsGame/Mechanics/BasicMechanics/Content/Elements/Switches/SimpleSwitch/SimpleSwitch.uasset)
[2016.11.30-12.20.34:835][222]LogLinker:Error: CurveFloat_26 has an inappropriate outermost, it was probably saved with a deprecated outer (file: ../../../../../../Users/egimenez/Desktop/VAN/VANsGame/Mechanics/BasicMechanics/Content/Elements/Switches/SimpleSwitch/SimpleSwitch.uasset)
[2016.11.30-12.20.34:865][222]LogBlueprint:Warning: Timeline Timeline_1 Track Driver in /Engine/Transient.REINST_SimpleSwitch_C_70 has an invalid curve.  Please fix!
[2016.11.30-12.20.34:865][222]LogBlueprint:Warning: Timeline Timeline_0 Track Driver in /Engine/Transient.REINST_SimpleSwitch_C_70 has an invalid curve.  Please fix!
[2016.11.30-12.20.34:865][222]LogBlueprint:Warning: Timeline Línea de tiempo_1 Track Driver in /Engine/Transient.REINST_SimpleSwitch_C_70 has an invalid curve.  Please fix!
[2016.11.30-12.20.34:865][222]LogBlueprint:Warning: Timeline Línea de tiempo_0 Track Driver in /Engine/Transient.REINST_SimpleSwitch_C_70 has an invalid curve.  Please fix!
[2016.11.30-12.20.34:878][222]LogBlueprint:Warning: Timeline Timeline_1 Track Driver in /Engine/Transient.REINST_SimpleSwitch_C_72 has an invalid curve.  Please fix!
[2016.11.30-12.20.34:878][222]LogBlueprint:Warning: Timeline Timeline_0 Track Driver in /Engine/Transient.REINST_SimpleSwitch_C_72 has an invalid curve.  Please fix!
[2016.11.30-12.20.34:878][222]LogBlueprint:Warning: Timeline Línea de tiempo_1 Track Driver in /Engine/Transient.REINST_SimpleSwitch_C_72 has an invalid curve.  Please fix!
[2016.11.30-12.20.34:878][222]LogBlueprint:Warning: Timeline Línea de tiempo_0 Track Driver in /Engine/Transient.REINST_SimpleSwitch_C_72 has an invalid curve.  Please fix!
[2016.11.30-12.20.40:205][222]LogAIModule: Creating AISystem for world Tests
[2016.11.30-12.20.40:677][222]Cmd: MAP LOAD FILE="../../../../../../Users/egimenez/Desktop/VAN/VANsGame/Mechanics/BasicMechanics/Content/Levels/Tests.umap" TEMPLATE=0 SHOWPROGRESS=1 FEATURELEVEL=3
[2016.11.30-12.20.40:678][222]LightingResults: New page: Lighting Build
[2016.11.30-12.20.40:680][222]LoadErrors: New page: Loading map: Tests.umap
[2016.11.30-12.20.40:700][222]MapCheck: New page: Map Check
[2016.11.30-12.20.40:700][222]LightingResults: New page: Lighting Build
[2016.11.30-12.20.41:030][222]LogEditorServer: Finished looking for orphan Actors (0.000 secs)
[2016.11.30-12.20.41:126][222]Cmd: MAP CHECKDEP NOCLEARLOG
[2016.11.30-12.20.41:187][222]MapCheck: Info Map check complete: 0 Error(s), 0 Warning(s), took 61.662ms to complete.
[2016.11.30-12.20.41:187][222]LogFileHelpers: Loading map 'Tests' took 0.523
[2016.11.30-12.20.53:239][276]LogContentBrowser: Native class hierarchy updated for 'BlueprintGraph' in 0.0024 seconds. Added 112 classes and 0 folders.
[2016.11.30-12.21.15:223][368]LogActorComponent: UnregisterComponent: (/Engine/Transient.EditorFloorComp) Not registered. Aborting.
[2016.11.30-12.21.58:729][710]LogBlueprint:Warning: Timeline Timeline_0 Track Driver in /Game/Elements/Switches/InteractiveSwitch/InteractiveSwitch.InteractiveSwitch_C has an invalid curve.  Please fix!
[2016.11.30-12.22.24:273][710]LogCrashTracker: 


[2016.11.30-12.22.24:274][710]LogCrashTracker: 


[2016.11.30-12.22.24:274][710]LogWindows:Error: === Critical error: ===
[2016.11.30-12.22.24:274][710]LogWindows:Error: 
[2016.11.30-12.22.24:274][710]LogWindows:Error: Fatal error!
[2016.11.30-12.22.24:274][710]LogWindows:Error: 
[2016.11.30-12.22.24:274][710]LogWindows:Error: Unhandled Exception: EXCEPTION_ACCESS_VIOLATION reading address 0x00000028
[2016.11.30-12.22.24:274][710]LogWindows:Error: 
[2016.11.30-12.22.24:274][710]LogWindows:Error: UE4Editor-BlueprintGraph.dll!UK2Node_Timeline::PostPasteNode() [d:\build\++ue4+release-4.13+compile\sync\engine\source\editor\blueprintgraph\private\k2node_timeline.cpp:175]
[2016.11.30-12.22.24:274][710]LogWindows:Error: UE4Editor-UnrealEd.dll!FEdGraphUtilities::PostProcessPastedNodes() [d:\build\++ue4+release-4.13+compile\sync\engine\source\editor\unrealed\private\edgraphutilities.cpp:176]
[2016.11.30-12.22.24:274][710]LogWindows:Error: UE4Editor-UnrealEd.dll!FEdGraphUtilities::ImportNodesFromText() [d:\build\++ue4+release-4.13+compile\sync\engine\source\editor\unrealed\private\edgraphutilities.cpp:378]
[2016.11.30-12.22.24:274][710]LogWindows:Error: UE4Editor-Kismet.dll!FBlueprintEditor::PasteNodesHere() [d:\build\++ue4+release-4.13+compile\sync\engine\source\editor\kismet\private\blueprinteditor.cpp:5785]
[2016.11.30-12.22.24:274][710]LogWindows:Error: UE4Editor-Kismet.dll!FBlueprintEditor::PasteNodes() [d:\build\++ue4+release-4.13+compile\sync\engine\source\editor\kismet\private\blueprinteditor.cpp:5558]
[2016.11.30-12.22.24:274][710]LogWindows:Error: UE4Editor-Kismet.dll!TBaseSPMethodDelegateInstance<0,FBlueprintEditor,0,TTypeWrapper<void> __cdecl(void)>::Execute() [d:\build\++ue4+release-4.13+compile\sync\engine\source\runtime\core\public\delegates\delegateinstancesimpl.h:317]
[2016.11.30-12.22.24:274][710]LogWindows:Error: UE4Editor-Kismet.dll!TBaseSPMethodDelegateInstance<0,FBlueprintEditor,0,void __cdecl(void)>::ExecuteIfSafe() [d:\build\++ue4+release-4.13+compile\sync\engine\source\runtime\core\public\delegates\delegateinstancesimpl.h:423]
[2016.11.30-12.22.24:274][710]LogWindows:Error: UE4Editor-Slate.dll!FUICommandList::ConditionalProcessCommandBindings() [d:\build\++ue4+release-4.13+compile\sync\engine\source\runtime\slate\private\framework\commands\uicommandlist.cpp:211]
[2016.11.30-12.22.24:274][710]LogWindows:Error: UE4Editor-Slate.dll!FUICommandList::ProcessCommandBindings() [d:\build\++ue4+release-4.13+compile\sync\engine\source\runtime\slate\private\framework\commands\uicommandlist.cpp:155]
[2016.11.30-12.22.24:274][710]LogWindows:Error: UE4Editor-GraphEditor.dll!SGraphEditorImpl::OnKeyDown() [d:\build\++ue4+release-4.13+compile\sync\engine\source\editor\grapheditor\private\sgrapheditorimpl.cpp:66]
[2016.11.30-12.22.24:274][710]LogWindows:Error: UE4Editor-Slate.dll!<lambda_2afcd964c763e269e2d1a63f3a72f846>::operator()() [d:\build\++ue4+release-4.13+compile\sync\engine\source\runtime\slate\private\framework\application\slateapplication.cpp:4517]
[2016.11.30-12.22.24:274][710]LogWindows:Error: UE4Editor-Slate.dll!FEventRouter::Route<FReply,FEventRouter::FBubblePolicy,FKeyEvent,<lambda_2afcd964c763e269e2d1a63f3a72f846> >() [d:\build\++ue4+release-4.13+compile\sync\engine\source\runtime\slate\private\framework\application\slateapplication.cpp:215]
[2016.11.30-12.22.24:274][710]LogWindows:Error: UE4Editor-Slate.dll!FEventRouter::RouteAlongFocusPath<FEventRouter::FBubblePolicy,<lambda_2afcd964c763e269e2d1a63f3a72f846>,FKeyEvent>() [d:\build\++ue4+release-4.13+compile\sync\engine\source\runtime\slate\private\framework\application\slateapplication.cpp:197]
[2016.11.30-12.22.24:274][710]LogWindows:Error: UE4Editor-Slate.dll!FSlateApplication::ProcessKeyDownEvent() [d:\build\++ue4+release-4.13+compile\sync\engine\source\runtime\slate\private\framework\application\slateapplication.cpp:4515]
[2016.11.30-12.22.24:274][710]LogWindows:Error: UE4Editor-Slate.dll!FSlateApplication::OnKeyDown() [d:\build\++ue4+release-4.13+compile\sync\engine\source\runtime\slate\private\framework\application\slateapplication.cpp:4430]
[2016.11.30-12.22.24:274][710]LogWindows:Error: UE4Editor-Core.dll!FWindowsApplication::ProcessDeferredMessage() [d:\build\++ue4+release-4.13+compile\sync\engine\source\runtime\core\private\windows\windowsapplication.cpp:1419]
[2016.11.30-12.22.24:274][710]LogWindows:Error: UE4Editor-Core.dll!FWindowsApplication::DeferMessage() [d:\build\++ue4+release-4.13+compile\sync\engine\source\runtime\core\private\windows\windowsapplication.cpp:1930]
[2016.11.30-12.22.24:274][710]LogWindows:Error: UE4Editor-Core.dll!FWindowsApplication::ProcessMessage() [d:\build\++ue4+release-4.13+compile\sync\engine\source\runtime\core\private\windows\windowsapplication.cpp:747]
[2016.11.30-12.22.24:274][710]LogWindows:Error: UE4Editor-Core.dll!FWindowsApplication::AppWndProc() [d:\build\++ue4+release-4.13+compile\sync\engine\source\runtime\core\private\windows\windowsapplication.cpp:669]
[2016.11.30-12.22.24:274][710]LogWindows:Error: USER32.dll
[2016.11.30-12.22.24:274][710]LogWindows:Error: USER32.dll
[2016.11.30-12.22.24:274][710]LogWindows:Error: UE4Editor-Core.dll!FWindowsPlatformMisc::PumpMessages() [d:\build\++ue4+release-4.13+compile\sync\engine\source\runtime\core\private\windows\windowsplatformmisc.cpp:905]
[2016.11.30-12.22.24:274][710]LogWindows:Error: UE4Editor.exe!FEngineLoop::Tick() [d:\build\++ue4+release-4.13+compile\sync\engine\source\runtime\launch\private\launchengineloop.cpp:2788]
[2016.11.30-12.22.24:274][710]LogWindows:Error: UE4Editor.exe!GuardedMain() [d:\build\++ue4+release-4.13+compile\sync\engine\source\runtime\launch\private\launch.cpp:156]
[2016.11.30-12.22.24:275][710]LogWindows:Error: UE4Editor.exe!GuardedMainWrapper() [d:\build\++ue4+release-4.13+compile\sync\engine\source\runtime\launch\private\windows\launchwindows.cpp:126]
[2016.11.30-12.22.24:275][710]LogWindows:Error: UE4Editor.exe!WinMain() [d:\build\++ue4+release-4.13+compile\sync\engine\source\runtime\launch\private\windows\launchwindows.cpp:202]
[2016.11.30-12.22.24:275][710]LogWindows:Error: UE4Editor.exe!__scrt_common_main_seh() [f:\dd\vctools\crt\vcstartup\src\startup\exe_common.inl:264]
[2016.11.30-12.22.24:275][710]LogWindows:Error: kernel32.dll
[2016.11.30-12.22.24:275][710]LogWindows:Error: ntdll.dll
[2016.11.30-12.22.24:275][710]LogWindows:Error: ntdll.dll
[2016.11.30-12.22.24:275][710]LogWindows:Error: 
[2016.11.30-12.22.24:328][710]LogExit: Executing StaticShutdownAfterError
[2016.11.30-12.22.24:425][710]LogWindows: FPlatformMisc::RequestExit(1)
[2016.11.30-12.22.24:443][710]Log file closed, 11/30/16 13:22:24
