Log file open, 05/16/17 22:26:11
LogInit:Display: Running engine for game: BasicMechanics
LogPlatformFile: Not using cached read wrapper
LogInit:Display: RandInit(1766459848) SRandInit(1766459848).
LogTaskGraph: Started task graph with 5 named threads and 8 total threads with 1 sets of task threads.
LogStats: Stats thread started at 0.081329
LogPluginManager: Loaded Plugin Paper2D, From D:/Program Files/Epic Games/4.14/Engine/Plugins/2D/Paper2D/Paper2D.uplugin
LogPluginManager: Loaded Plugin LightPropagationVolume, From D:/Program Files/Epic Games/4.14/Engine/Plugins/Blendables/LightPropagationVolume/LightPropagationVolume.uplugin
LogPluginManager: Loaded Plugin BlankPlugin, From D:/Program Files/Epic Games/4.14/Engine/Plugins/Developer/BlankPlugin/BlankPlugin.uplugin
LogPluginManager: Loaded Plugin CodeLiteSourceCodeAccess, From D:/Program Files/Epic Games/4.14/Engine/Plugins/Developer/CodeLiteSourceCodeAccess/CodeLiteSourceCodeAccess.uplugin
LogPluginManager: Loaded Plugin GitSourceControl, From D:/Program Files/Epic Games/4.14/Engine/Plugins/Developer/GitSourceControl/GitSourceControl.uplugin
LogPluginManager: Loaded Plugin KDevelopSourceCodeAccess, From D:/Program Files/Epic Games/4.14/Engine/Plugins/Developer/KDevelopSourceCodeAccess/KDevelopSourceCodeAccess.uplugin
LogPluginManager: Loaded Plugin NullSourceCodeAccess, From D:/Program Files/Epic Games/4.14/Engine/Plugins/Developer/NullSourceCodeAccess/NullSourceCodeAccess.uplugin
LogPluginManager: Loaded Plugin OneSkyLocalizationService, From D:/Program Files/Epic Games/4.14/Engine/Plugins/Developer/OneSkyLocalizationService/OneSkyLocalizationService.uplugin
LogPluginManager: Loaded Plugin PerforceSourceControl, From D:/Program Files/Epic Games/4.14/Engine/Plugins/Developer/PerforceSourceControl/PerforceSourceControl.uplugin
LogPluginManager: Loaded Plugin SubversionSourceControl, From D:/Program Files/Epic Games/4.14/Engine/Plugins/Developer/SubversionSourceControl/SubversionSourceControl.uplugin
LogPluginManager: Loaded Plugin UObjectPlugin, From D:/Program Files/Epic Games/4.14/Engine/Plugins/Developer/UObjectPlugin/UObjectPlugin.uplugin
LogPluginManager: Loaded Plugin VisualStudioSourceCodeAccess, From D:/Program Files/Epic Games/4.14/Engine/Plugins/Developer/VisualStudioSourceCodeAccess/VisualStudioSourceCodeAccess.uplugin
LogPluginManager: Loaded Plugin XCodeSourceCodeAccess, From D:/Program Files/Epic Games/4.14/Engine/Plugins/Developer/XCodeSourceCodeAccess/XCodeSourceCodeAccess.uplugin
LogPluginManager: Loaded Plugin AudioCapture, From D:/Program Files/Epic Games/4.14/Engine/Plugins/Editor/AudioCapture/AudioCapture.uplugin
LogPluginManager: Loaded Plugin EpicSurvey, From D:/Program Files/Epic Games/4.14/Engine/Plugins/Editor/EpicSurvey/EpicSurvey.uplugin
LogPluginManager: Loaded Plugin MacGraphicsSwitching, From D:/Program Files/Epic Games/4.14/Engine/Plugins/Editor/MacGraphicsSwitching/MacGraphicsSwitching.uplugin
LogPluginManager: Loaded Plugin MobileLauncherProfileWizard, From D:/Program Files/Epic Games/4.14/Engine/Plugins/Editor/MobileLauncherProfileWizard/MobileLauncherProfileWizard.uplugin
LogPluginManager: Loaded Plugin PluginBrowser, From D:/Program Files/Epic Games/4.14/Engine/Plugins/Editor/PluginBrowser/PluginBrowser.uplugin
LogPluginManager: Loaded Plugin SpeedTreeImporter, From D:/Program Files/Epic Games/4.14/Engine/Plugins/Editor/SpeedTreeImporter/SpeedTreeImporter.uplugin
LogPluginManager: Loaded Plugin SuperSearchEditor, From D:/Program Files/Epic Games/4.14/Engine/Plugins/Editor/SuperSearchEditor/SuperSearchEditor.uplugin
LogPluginManager: Loaded Plugin AlembicImporter, From D:/Program Files/Epic Games/4.14/Engine/Plugins/Experimental/AlembicImporter/AlembicImporter.uplugin
LogPluginManager: Loaded Plugin BlueprintStats, From D:/Program Files/Epic Games/4.14/Engine/Plugins/Experimental/BlueprintStats/BlueprintStats.uplugin
LogPluginManager: Loaded Plugin CharacterAI, From D:/Program Files/Epic Games/4.14/Engine/Plugins/Experimental/CharacterAI/CharacterAI.uplugin
LogPluginManager: Loaded Plugin CodeEditor, From D:/Program Files/Epic Games/4.14/Engine/Plugins/Experimental/CodeEditor/CodeEditor.uplugin
LogPluginManager: Loaded Plugin CodeView, From D:/Program Files/Epic Games/4.14/Engine/Plugins/Experimental/CodeView/CodeView.uplugin
LogPluginManager: Loaded Plugin HTML5Networking, From D:/Program Files/Epic Games/4.14/Engine/Plugins/Experimental/HTML5Networking/HTML5Networking.uplugin
LogPluginManager: Loaded Plugin OSVR, From D:/Program Files/Epic Games/4.14/Engine/Plugins/Experimental/OSVR/OSVR.uplugin
LogPluginManager: Loaded Plugin Phya, From D:/Program Files/Epic Games/4.14/Engine/Plugins/Experimental/Phya/Phya.uplugin
LogPluginManager: Loaded Plugin SignificanceManager, From D:/Program Files/Epic Games/4.14/Engine/Plugins/Experimental/SignificanceManager/SignificanceManager.uplugin
LogPluginManager: Loaded Plugin SimpleHMD, From D:/Program Files/Epic Games/4.14/Engine/Plugins/Experimental/SimpleHMD/SimpleHMD.uplugin
LogPluginManager: Loaded Plugin StereoPanorama, From D:/Program Files/Epic Games/4.14/Engine/Plugins/Experimental/StereoPanorama/StereoPanorama.uplugin
LogPluginManager: Loaded Plugin StructBox, From D:/Program Files/Epic Games/4.14/Engine/Plugins/Experimental/StructBox/StructBox.uplugin
LogPluginManager: Loaded Plugin AndroidMedia, From D:/Program Files/Epic Games/4.14/Engine/Plugins/Media/AndroidMedia/AndroidMedia.uplugin
LogPluginManager: Loaded Plugin AvfMedia, From D:/Program Files/Epic Games/4.14/Engine/Plugins/Media/AvfMedia/AvfMedia.uplugin
LogPluginManager: Loaded Plugin MediaPlayerEditor, From D:/Program Files/Epic Games/4.14/Engine/Plugins/Media/MediaPlayerEditor/MediaPlayerEditor.uplugin
LogPluginManager: Loaded Plugin WmfMedia, From D:/Program Files/Epic Games/4.14/Engine/Plugins/Media/WmfMedia/WmfMedia.uplugin
LogPluginManager: Loaded Plugin MessagingDebugger, From D:/Program Files/Epic Games/4.14/Engine/Plugins/Messaging/MessagingDebugger/MessagingDebugger.uplugin
LogPluginManager: Loaded Plugin TcpMessaging, From D:/Program Files/Epic Games/4.14/Engine/Plugins/Messaging/TcpMessaging/TcpMessaging.uplugin
LogPluginManager: Loaded Plugin UdpMessaging, From D:/Program Files/Epic Games/4.14/Engine/Plugins/Messaging/UdpMessaging/UdpMessaging.uplugin
LogPluginManager: Loaded Plugin LevelSequenceEditor, From D:/Program Files/Epic Games/4.14/Engine/Plugins/MovieScene/LevelSequenceEditor/LevelSequenceEditor.uplugin
LogPluginManager: Loaded Plugin MatineeToLevelSequence, From D:/Program Files/Epic Games/4.14/Engine/Plugins/MovieScene/MatineeToLevelSequence/MatineeToLevelSequence.uplugin
LogPluginManager: Loaded Plugin NetcodeUnitTest, From D:/Program Files/Epic Games/4.14/Engine/Plugins/NetcodeUnitTest/NetcodeUnitTest/NetcodeUnitTest.uplugin
LogPluginManager: Loaded Plugin NUTUnrealEngine4, From D:/Program Files/Epic Games/4.14/Engine/Plugins/NetcodeUnitTest/NUTUnrealEngine4/NUTUnrealEngine4.uplugin
LogPluginManager: Loaded Plugin OnlineSubsystemGameCircle, From D:/Program Files/Epic Games/4.14/Engine/Plugins/Online/Android/OnlineSubsystemGameCircle/OnlineSubsystemGameCircle.uplugin
LogPluginManager: Loaded Plugin OnlineSubsystemGooglePlay, From D:/Program Files/Epic Games/4.14/Engine/Plugins/Online/Android/OnlineSubsystemGooglePlay/OnlineSubsystemGooglePlay.uplugin
LogPluginManager: Loaded Plugin OnlineSubsystemIOS, From D:/Program Files/Epic Games/4.14/Engine/Plugins/Online/IOS/OnlineSubsystemIOS/OnlineSubsystemIOS.uplugin
LogPluginManager: Loaded Plugin OnlineFramework, From D:/Program Files/Epic Games/4.14/Engine/Plugins/Online/OnlineFramework/OnlineFramework.uplugin
LogPluginManager: Loaded Plugin OnlineSubsystem, From D:/Program Files/Epic Games/4.14/Engine/Plugins/Online/OnlineSubsystem/OnlineSubsystem.uplugin
LogPluginManager: Loaded Plugin OnlineSubsystemAmazon, From D:/Program Files/Epic Games/4.14/Engine/Plugins/Online/OnlineSubsystemAmazon/OnlineSubsystemAmazon.uplugin
LogPluginManager: Loaded Plugin OnlineSubsystemFacebook, From D:/Program Files/Epic Games/4.14/Engine/Plugins/Online/OnlineSubsystemFacebook/OnlineSubsystemFacebook.uplugin
LogPluginManager: Loaded Plugin OnlineSubsystemNull, From D:/Program Files/Epic Games/4.14/Engine/Plugins/Online/OnlineSubsystemNull/OnlineSubsystemNull.uplugin
LogPluginManager: Loaded Plugin OnlineSubsystemOculus, From D:/Program Files/Epic Games/4.14/Engine/Plugins/Online/OnlineSubsystemOculus/OnlineSubsystemOculus.uplugin
LogPluginManager: Loaded Plugin OnlineSubsystemSteam, From D:/Program Files/Epic Games/4.14/Engine/Plugins/Online/OnlineSubsystemSteam/OnlineSubsystemSteam.uplugin
LogPluginManager: Loaded Plugin OnlineSubsystemUtils, From D:/Program Files/Epic Games/4.14/Engine/Plugins/Online/OnlineSubsystemUtils/OnlineSubsystemUtils.uplugin
LogPluginManager: Loaded Plugin IOSTapJoy, From D:/Program Files/Epic Games/4.14/Engine/Plugins/Runtime/Advertising/IOSTapJoy/IOSTapJoy.uplugin
LogPluginManager: Loaded Plugin AnalyticsBlueprintLibrary, From D:/Program Files/Epic Games/4.14/Engine/Plugins/Runtime/Analytics/AnalyticsBlueprintLibrary/AnalyticsBlueprintLibrary.uplugin
LogPluginManager: Loaded Plugin AnalyticsMulticast, From D:/Program Files/Epic Games/4.14/Engine/Plugins/Runtime/Analytics/AnalyticsMulticast/AnalyticsMulticast.uplugin
LogPluginManager: Loaded Plugin Apsalar, From D:/Program Files/Epic Games/4.14/Engine/Plugins/Runtime/Analytics/Apsalar/Apsalar.uplugin
LogPluginManager: Loaded Plugin FileLogging, From D:/Program Files/Epic Games/4.14/Engine/Plugins/Runtime/Analytics/FileLogging/FileLogging.uplugin
LogPluginManager: Loaded Plugin Flurry, From D:/Program Files/Epic Games/4.14/Engine/Plugins/Runtime/Analytics/Flurry/Flurry.uplugin
LogPluginManager: Loaded Plugin AndroidDeviceProfileSelector, From D:/Program Files/Epic Games/4.14/Engine/Plugins/Runtime/AndroidDeviceProfileSelector/AndroidDeviceProfileSelector.uplugin
LogPluginManager: Loaded Plugin AndroidMoviePlayer, From D:/Program Files/Epic Games/4.14/Engine/Plugins/Runtime/AndroidMoviePlayer/AndroidMoviePlayer.uplugin
LogPluginManager: Loaded Plugin AppleMoviePlayer, From D:/Program Files/Epic Games/4.14/Engine/Plugins/Runtime/AppleMoviePlayer/AppleMoviePlayer.uplugin
LogPluginManager: Loaded Plugin ArchVisCharacter, From D:/Program Files/Epic Games/4.14/Engine/Plugins/Runtime/ArchVisCharacter/ArchVisCharacter.uplugin
LogPluginManager: Loaded Plugin CableComponent, From D:/Program Files/Epic Games/4.14/Engine/Plugins/Runtime/CableComponent/CableComponent.uplugin
LogPluginManager: Loaded Plugin CustomMeshComponent, From D:/Program Files/Epic Games/4.14/Engine/Plugins/Runtime/CustomMeshComponent/CustomMeshComponent.uplugin
LogPluginManager: Loaded Plugin ExampleDeviceProfileSelector, From D:/Program Files/Epic Games/4.14/Engine/Plugins/Runtime/ExampleDeviceProfileSelector/ExampleDeviceProfileSelector.uplugin
LogPluginManager: Loaded Plugin GearVR, From D:/Program Files/Epic Games/4.14/Engine/Plugins/Runtime/GearVR/GearVR.uplugin
LogPluginManager: Loaded Plugin GoogleVRController, From D:/Program Files/Epic Games/4.14/Engine/Plugins/Runtime/GoogleVR/GoogleVRController/GoogleVRController.uplugin
LogPluginManager: Loaded Plugin GoogleVRHMD, From D:/Program Files/Epic Games/4.14/Engine/Plugins/Runtime/GoogleVR/GoogleVRHMD/GoogleVRHMD.uplugin
LogPluginManager: Loaded Plugin IOSDeviceProfileSelector, From D:/Program Files/Epic Games/4.14/Engine/Plugins/Runtime/IOSDeviceProfileSelector/IOSDeviceProfileSelector.uplugin
LogPluginManager: Loaded Plugin LeapMotion, From D:/Program Files/Epic Games/4.14/Engine/Plugins/Runtime/LeapMotion/LeapMotion.uplugin
LogPluginManager: Loaded Plugin LinuxDeviceProfileSelector, From D:/Program Files/Epic Games/4.14/Engine/Plugins/Runtime/LinuxDeviceProfileSelector/LinuxDeviceProfileSelector.uplugin
LogPluginManager: Loaded Plugin MIDIDevice, From D:/Program Files/Epic Games/4.14/Engine/Plugins/Runtime/MIDIDevice/MIDIDevice.uplugin
LogPluginManager: Loaded Plugin MobilePatchingUtils, From D:/Program Files/Epic Games/4.14/Engine/Plugins/Runtime/MobilePatchingUtils/MobilePatchingUtils.uplugin
LogPluginManager: Loaded Plugin Ansel, From D:/Program Files/Epic Games/4.14/Engine/Plugins/Runtime/Nvidia/Ansel/Ansel.uplugin
LogPluginManager: Loaded Plugin OculusAudio, From D:/Program Files/Epic Games/4.14/Engine/Plugins/Runtime/OculusAudio/OculusAudio.uplugin
LogPluginManager: Loaded Plugin OculusInput, From D:/Program Files/Epic Games/4.14/Engine/Plugins/Runtime/OculusInput/OculusInput.uplugin
LogPluginManager: Loaded Plugin OculusLibrary, From D:/Program Files/Epic Games/4.14/Engine/Plugins/Runtime/OculusLibrary/OculusLibrary.uplugin
LogPluginManager: Loaded Plugin OculusRift, From D:/Program Files/Epic Games/4.14/Engine/Plugins/Runtime/OculusRift/OculusRift.uplugin
LogPluginManager: Loaded Plugin Oodle, From D:/Program Files/Epic Games/4.14/Engine/Plugins/Runtime/PacketHandlers/CompressionComponents/Oodle/Oodle.uplugin
LogPluginManager: Loaded Plugin ProceduralMeshComponent, From D:/Program Files/Epic Games/4.14/Engine/Plugins/Runtime/ProceduralMeshComponent/ProceduralMeshComponent.uplugin
LogPluginManager: Loaded Plugin SoundMod, From D:/Program Files/Epic Games/4.14/Engine/Plugins/Runtime/SoundMod/SoundMod.uplugin
LogPluginManager: Loaded Plugin SoundVisualizations, From D:/Program Files/Epic Games/4.14/Engine/Plugins/Runtime/SoundVisualizations/SoundVisualizations.uplugin
LogPluginManager: Loaded Plugin SteamController, From D:/Program Files/Epic Games/4.14/Engine/Plugins/Runtime/Steam/SteamController/SteamController.uplugin
LogPluginManager: Loaded Plugin SteamVR, From D:/Program Files/Epic Games/4.14/Engine/Plugins/Runtime/Steam/SteamVR/SteamVR.uplugin
LogPluginManager: Loaded Plugin WebBrowserWidget, From D:/Program Files/Epic Games/4.14/Engine/Plugins/Runtime/WebBrowserWidget/WebBrowserWidget.uplugin
LogPluginManager: Loaded Plugin WindowsDeviceProfileSelector, From D:/Program Files/Epic Games/4.14/Engine/Plugins/Runtime/WindowsDeviceProfileSelector/WindowsDeviceProfileSelector.uplugin
LogPluginManager: Loaded Plugin WindowsMoviePlayer, From D:/Program Files/Epic Games/4.14/Engine/Plugins/Runtime/WindowsMoviePlayer/WindowsMoviePlayer.uplugin
LogPluginManager: Loaded Plugin ScriptPlugin, From D:/Program Files/Epic Games/4.14/Engine/Plugins/ScriptPlugin/ScriptPlugin.uplugin
LogPluginManager: Loaded Plugin SlateRemote, From D:/Program Files/Epic Games/4.14/Engine/Plugins/Slate/SlateRemote/SlateRemote.uplugin
LogPluginManager: Loaded Plugin EditorTests, From D:/Program Files/Epic Games/4.14/Engine/Plugins/Tests/EditorTests/EditorTests.uplugin
LogPluginManager: Loaded Plugin FbxAutomationTestBuilder, From D:/Program Files/Epic Games/4.14/Engine/Plugins/Tests/FbxAutomationTestBuilder/FbxAutomationTestBuilder.uplugin
LogPluginManager: Loaded Plugin FunctionalTestingEditor, From D:/Program Files/Epic Games/4.14/Engine/Plugins/Tests/FunctionalTestingEditor/FunctionalTestingEditor.uplugin
LogPluginManager: Loaded Plugin RuntimeTests, From D:/Program Files/Epic Games/4.14/Engine/Plugins/Tests/RuntimeTests/RuntimeTests.uplugin
LogPluginManager: Loaded Plugin ScreenshotTools, From D:/Program Files/Epic Games/4.14/Engine/Plugins/Tests/ScreenshotTools/ScreenshotTools.uplugin
LogInit: Using libcurl 7.47.1
LogInit:  - built for x86_64-pc-win32
LogInit:  - supports SSL with OpenSSL/1.0.2g
LogInit:  - supports HTTP deflate (compression) using libz 1.2.8
LogInit:  - other features:
LogInit:      CURL_VERSION_SSL
LogInit:      CURL_VERSION_LIBZ
LogInit:      CURL_VERSION_IPV6
LogInit:      CURL_VERSION_ASYNCHDNS
LogInit:      CURL_VERSION_LARGEFILE
LogInit:      CURL_VERSION_IDN
LogInit:  CurlRequestOptions (configurable via config and command line):
LogInit:  - bVerifyPeer = false  - Libcurl will NOT verify peer certificate
LogInit:  - bUseHttpProxy = false  - Libcurl will NOT use HTTP proxy
LogInit:  - bDontReuseConnections = false  - Libcurl will reuse connections
LogInit:  - CertBundlePath = nullptr  - Libcurl will use whatever was configured at build time.
LogInit: Build: ++UE4+Release-4.14-CL-3249277
LogInit: Engine Version: 4.14.3-3249277+++UE4+Release-4.14
LogInit: Compatible Engine Version: 4.14.0-3195953+++UE4+Release-4.14
LogInit: Net CL: 3195953
LogDevObjectVersion: Number of dev versions registered: 13
LogDevObjectVersion:   Dev-Blueprints (B0D832E4-1F89-4F0D-ACCF-7EB736FD4AA2): 7
LogDevObjectVersion:   Dev-Build (E1C64328-A22C-4D53-A36C-8E866417BD8C): 0
LogDevObjectVersion:   Dev-Core (375EC13C-06E4-48FB-B500-84F0262A717E): 1
LogDevObjectVersion:   Dev-Editor (E4B068ED-F494-42E9-A231-DA0B2E46BB41): 8
LogDevObjectVersion:   Dev-Framework (CFFC743F-43B0-4480-9391-14DF171D2073): 17
LogDevObjectVersion:   Dev-Mobile (B02B49B5-BB20-44E9-A304-32B752E40360): 0
LogDevObjectVersion:   Dev-Networking (A4E4105C-59A1-49B5-A7C5-40C4547EDFEE): 0
LogDevObjectVersion:   Dev-Online (39C831C9-5AE6-47DC-9A44-9C173E1C8E7C): 0
LogDevObjectVersion:   Dev-Physics (78F01B33-EBEA-4F98-B9B4-84EACCB95AA2): 0
LogDevObjectVersion:   Dev-Platform (6631380F-2D4D-43E0-8009-CF276956A95A): 0
LogDevObjectVersion:   Dev-Rendering (12F88B9F-8875-4AFC-A67C-D90C383ABD29): 12
LogDevObjectVersion:   Dev-Sequencer (7B5AE74C-D270-4C10-A958-57980B212A5A): 1
LogDevObjectVersion:   Dev-VR (D7296918-1DD6-4BDD-9DE2-64A83CC13884): 0
LogInit: Compiled (64-bit): Jan  6 2017 10:49:43
LogInit: Compiled with Visual C++: 19.00.23026.00
LogInit: Build Configuration: Development
LogInit: Branch Name: ++UE4+Release-4.14
LogInit: Command line:  /Temp/Autosaves/Game/Levels/UEDPCVillage -game -PIEVIACONSOLE -ResX=1280 -ResY=720  -Multiprocess -messaging -SessionName="Play in Standalone Game" -windowed 
LogInit: Base directory: D:/Program Files/Epic Games/4.14/Engine/Binaries/Win64/
LogInit: Installed Engine Build: 1
LogInit: Presizing for max 8388607 objects, including 0 objects not considered by GC, pre-allocating 0 bytes for permanent pool.
LogInit: Object subsystem initialized
[2017.05.16-20.26.12:282][  0]LogInit: Selected Device Profile: [Windows]
[2017.05.16-20.26.12:282][  0]LogInit: Applying CVar settings loaded from the selected device profile: [Windows]
[2017.05.16-20.26.12:286][  0]LogInit: Computer: MEDION
[2017.05.16-20.26.12:286][  0]LogInit: User: Usuario
[2017.05.16-20.26.12:286][  0]LogInit: CPU Page size=65536, Cores=4
[2017.05.16-20.26.12:286][  0]LogInit: High frequency timer resolution =3.312788 MHz
[2017.05.16-20.26.12:287][  0]LogMemory: Memory total: Physical=16.0GB (16GB approx)
[2017.05.16-20.26.12:287][  0]LogMemory: Platform Memory Stats for Windows
[2017.05.16-20.26.12:287][  0]LogMemory: Process Physical Memory: 266.34 MB used, 266.34 MB peak
[2017.05.16-20.26.12:287][  0]LogMemory: Process Virtual Memory: 262.84 MB used, 262.84 MB peak
[2017.05.16-20.26.12:287][  0]LogMemory: Physical Memory: 6583.43 MB used,  9751.15 MB free, 16334.58 MB total
[2017.05.16-20.26.12:287][  0]LogMemory: Virtual Memory: 662.58 MB used,  9751.15 MB free, 134217728.00 MB total
[2017.05.16-20.26.12:314][  0]LogTextLocalizationManager: No specific translations for ('es-ES') exist, so ('es') translations will be used.
[2017.05.16-20.26.12:605][  0]LogD3D11RHI: D3D11 adapters:
[2017.05.16-20.26.12:631][  0]LogD3D11RHI:    0. 'NVIDIA GeForce GTX 660' (Feature Level 11_0)
[2017.05.16-20.26.12:631][  0]LogD3D11RHI:       1480/0/8167 MB DedicatedVideo/DedicatedSystem/SharedSystem, Outputs:2, VendorId:0x10de
[2017.05.16-20.26.12:632][  0]LogD3D11RHI:    1. 'Microsoft Basic Render Driver' (Feature Level 11_0)
[2017.05.16-20.26.12:632][  0]LogD3D11RHI:       0/0/8167 MB DedicatedVideo/DedicatedSystem/SharedSystem, Outputs:0, VendorId:0x1414
[2017.05.16-20.26.12:632][  0]LogD3D11RHI: Chosen D3D11 Adapter: 0
[2017.05.16-20.26.12:636][  0]LogD3D11RHI: Creating new Direct3DDevice
[2017.05.16-20.26.12:636][  0]LogD3D11RHI:     GPU DeviceId: 0x1185 (for the marketing name, search the web for "GPU Device Id")
[2017.05.16-20.26.12:636][  0]LogWindows: EnumDisplayDevices:
[2017.05.16-20.26.12:636][  0]LogWindows:    0. 'NVIDIA GeForce GTX 660' (P:1 D:1)
[2017.05.16-20.26.12:637][  0]LogWindows:    1. 'NVIDIA GeForce GTX 660' (P:0 D:1)
[2017.05.16-20.26.12:637][  0]LogWindows:    2. 'NVIDIA GeForce GTX 660' (P:0 D:0)
[2017.05.16-20.26.12:637][  0]LogWindows: DebugString: FoundDriverCount:3 
[2017.05.16-20.26.12:637][  0]LogD3D11RHI:     Adapter Name: NVIDIA GeForce GTX 660
[2017.05.16-20.26.12:637][  0]LogD3D11RHI:   Driver Version: 368.39 (internal:10.18.13.6839, unified:368.39)
[2017.05.16-20.26.12:637][  0]LogD3D11RHI:      Driver Date: 6-2-2016
[2017.05.16-20.26.12:637][  0]LogRHI: Texture pool is 1036 MB (70% of 1480 MB)
[2017.05.16-20.26.12:654][  0]LogD3D11RHI:Warning: Timestamp queries are currently disabled on this hardware due to instability. Realtime GPU stats will not be available. You can override this behaviour by setting r.NVIDIATimestampWorkaround to 0
[2017.05.16-20.26.12:654][  0]LogD3D11RHI: Async texture creation enabled
[2017.05.16-20.26.12:669][  0]LogD3D11RHI: GPU Timing Frequency: 1000.000000 (Debug: 2 2)
[2017.05.16-20.26.12:670][  0]LogShaderCompilers: Guid format shader working directory is -25 characters bigger than the processId version (../../../../../../ENTI/CUARTO CURSO/VAN/VANsGame/Mechanics/BasicMechanics/Intermediate/Shaders/WorkingDirectory/2488/).
[2017.05.16-20.26.12:670][  0]LogShaderCompilers: Cleaned the shader compiler working directory 'C:/Users/Usuario/AppData/Local/Temp/UnrealShaderWorkingDir/40C1D08840BCFB9F18F22AADE012A3AE/'.
[2017.05.16-20.26.12:670][  0]LogShaderCompilers:Display: Using Local Shader Compiler.
[2017.05.16-20.26.15:594][  0]LogTemp:Display: Loaded TP WindowsClientTargetPlatform
[2017.05.16-20.26.15:647][  0]LogTemp:Display: Loaded TP WindowsNoEditorTargetPlatform
[2017.05.16-20.26.15:696][  0]LogTemp:Display: Loaded TP WindowsServerTargetPlatform
[2017.05.16-20.26.15:734][  0]LogTemp:Display: Loaded TP WindowsTargetPlatform
[2017.05.16-20.26.15:734][  0]LogTargetPlatformManager:Display: Building Assets For Windows
[2017.05.16-20.26.16:048][  0]LogDerivedDataCache:Display: Max Cache Size: 512 MB
[2017.05.16-20.26.16:100][  0]LogDerivedDataCache: Loaded boot cache 0.05s 50MB C:/Users/Usuario/AppData/Local/UnrealEngine/4.14/DerivedDataCache/Boot.ddc.
[2017.05.16-20.26.16:100][  0]LogDerivedDataCache:Display: Loaded Boot cache: C:/Users/Usuario/AppData/Local/UnrealEngine/4.14/DerivedDataCache/Boot.ddc
[2017.05.16-20.26.16:100][  0]LogDerivedDataCache: FDerivedDataBackendGraph:  Pak pak cache file ../../../../../../ENTI/CUARTO CURSO/VAN/VANsGame/Mechanics/BasicMechanics/DerivedDataCache/DDC.ddp not found, will not use a pak cache.
[2017.05.16-20.26.16:100][  0]LogDerivedDataCache: Unable to find inner node Pak for hierarchical cache Hierarchy.
[2017.05.16-20.26.16:100][  0]LogDerivedDataCache: FDerivedDataBackendGraph:  CompressedPak pak cache file ../../../../../../ENTI/CUARTO CURSO/VAN/VANsGame/Mechanics/BasicMechanics/DerivedDataCache/Compressed.ddp not found, will not use a pak cache.
[2017.05.16-20.26.16:100][  0]LogDerivedDataCache: Unable to find inner node CompressedPak for hierarchical cache Hierarchy.
[2017.05.16-20.26.16:116][  0]LogDerivedDataCache:Display: Pak cache opened for reading ../../../Engine/DerivedDataCache/Compressed.ddp.
[2017.05.16-20.26.16:128][  0]LogDerivedDataCache: Using Local data cache path C:/Users/Usuario/AppData/Local/UnrealEngine/Common/DerivedDataCache: Writable
[2017.05.16-20.26.16:386][  0]LogAssetRegistry: FAssetRegistry took 0.0001 seconds to start up
[2017.05.16-20.26.16:390][  0]LogPackageLocalizationCache: Processed 3 localized package path(s) for 2 prioritized culture(s) in 0.004243 seconds
[2017.05.16-20.26.16:409][  0]LogInit: Selected Device Profile: [Windows]
[2017.05.16-20.26.16:411][  0]LogContentStreaming: Texture pool size is 1000.00 MB
[2017.05.16-20.26.16:588][  0]LogMeshUtilities: Using QuadricMeshReduction for automatic static mesh reduction
[2017.05.16-20.26.16:623][  0]LogSimplygon: Simplygon DLL not present - disabling.
[2017.05.16-20.26.16:662][  0]LogMeshUtilities: Using SimplygonSwarm for distributed automatic mesh merging
[2017.05.16-20.26.16:662][  0]LogMeshUtilities: No automatic skeletal mesh reduction module available
[2017.05.16-20.26.16:662][  0]LogMeshUtilities: No automatic mesh merging module available
[2017.05.16-20.26.17:168][  0]LogNetVersion: GetLocalNetworkVersion: CL: 3195953, ProjectName: basicmechanics, ProjectVersion: , EngineNetworkVersion: 2, GameNetworkVersion: 0, NetworkChecksum: 1363929391
[2017.05.16-20.26.17:228][  0]LogInit: WinSock: version 1.1 (2.2), MaxSocks=32767, MaxUdp=65467
[2017.05.16-20.26.17:849][  0]LogSlate: Using Freetype 2.6.0
[2017.05.16-20.26.17:850][  0]LogSlate: SlateFontCache - WITH_FREETYPE: 1, WITH_HARFBUZZ: 1
[2017.05.16-20.26.17:850][  0]LogSlate: SlateFontCache - WITH_FREETYPE: 1, WITH_HARFBUZZ: 1
[2017.05.16-20.26.18:010][  0]LogMoviePlayer: Initializing movie player
[2017.05.16-20.26.18:120][  0]LogWindowsTextInputMethodSystem:Display: IME system now deactivated.
[2017.05.16-20.26.18:205][  0]LogWindowsMoviePlayer: Unable to load movie: ../../../../../../ENTI/CUARTO CURSO/VAN/VANsGame/Mechanics/BasicMechanics/Content/Movies/Default_Startup.mp4
[2017.05.16-20.26.18:369][  0]LogTcpMessaging: Initializing TcpMessaging bridge
[2017.05.16-20.26.18:404][  0]LogUdpMessaging: Initializing bridge on interface 0.0.0.0:0 to multicast group 230.0.0.1:6666.
[2017.05.16-20.26.18:586][  0]SourceControl: Información El control de código fuente está desactivado
[2017.05.16-20.26.18:586][  0]SourceControl: Información El control de código fuente está desactivado
[2017.05.16-20.26.18:643][  0]SourceControl: Información El control de código fuente está desactivado
[2017.05.16-20.26.19:211][  0]LogUObjectArray: 33496 objects as part of root set at end of initial load.
[2017.05.16-20.26.19:211][  0]LogUObjectAllocator: 7417784 out of 0 bytes used by permanent object pool.
[2017.05.16-20.26.19:211][  0]LogUObjectArray: CloseDisregardForGC: 0/0 objects in disregard for GC pool
[2017.05.16-20.26.19:302][  0]LogEngine: Initializing Engine...
[2017.05.16-20.26.19:303][  0]LogHMD: Failed to initialize OpenVR with code 110
[2017.05.16-20.26.19:441][  0]LogInit: XAudio2 using 'Speakers (Realtek High Definition Audio)' : 2 channels at 48 kHz using 32 bits per sample (channel mask 0x3)
[2017.05.16-20.26.19:455][  0]LogInit: FAudioDevice initialized.
[2017.05.16-20.26.19:469][  0]LogInit: Texture streaming: Enabled
[2017.05.16-20.26.19:505][  0]LogMaterial: Uniform references updated for custom material expression Custom.
[2017.05.16-20.26.19:909][  0]LogInit:Display: Game Engine Initialized.
[2017.05.16-20.26.20:079][  0]LogInit:Display: Starting Game.
[2017.05.16-20.26.20:079][  0]LogNet: Browse: /Temp/Autosaves/Game/Levels/UEDPCVillage?Name=Player
[2017.05.16-20.26.20:102][  0]LogLoad: LoadMap: /Temp/Autosaves/Game/Levels/UEDPCVillage?Name=Player
[2017.05.16-20.26.20:117][  0]LogMemory: Platform Memory Stats for Windows
[2017.05.16-20.26.20:118][  0]LogMemory: Process Physical Memory: 635.01 MB used, 661.11 MB peak
[2017.05.16-20.26.20:118][  0]LogMemory: Process Virtual Memory: 687.34 MB used, 689.23 MB peak
[2017.05.16-20.26.20:118][  0]LogMemory: Physical Memory: 6864.70 MB used,  9469.88 MB free, 16334.58 MB total
[2017.05.16-20.26.20:118][  0]LogMemory: Virtual Memory: 1298.56 MB used,  9469.88 MB free, 134217728.00 MB total
[2017.05.16-20.26.20:118][  0]LogMemory: 
[2017.05.16-20.26.20:118][  0]Allocator Stats for TBB: (not implemented)
[2017.05.16-20.26.21:990][  0]LogAIModule: Creating AISystem for world Village
[2017.05.16-20.26.21:991][  0]LogLoad: Game class is 'GameModeBase'
[2017.05.16-20.26.22:019][  0]LogWorld: Bringing World /Temp/Autosaves/Game/Levels/UEDPCVillage.Village up for play (max tick rate 0) at 2017.05.16-22.26.22
[2017.05.16-20.26.22:020][  0]LogWorld: Bringing up level for play took: 0.011386
[2017.05.16-20.26.22:028][  0]LogLoad: Took 1.927282 seconds to LoadMap(/Temp/Autosaves/Game/Levels/UEDPCVillage)
[2017.05.16-20.26.22:363][  0]LogLoad: (Engine Initialization) Total time: 11.44 seconds
[2017.05.16-20.26.22:363][  0]LogLoad: (Engine Initialization) Total Blueprint compile time: 0.33 seconds
[2017.05.16-20.26.22:363][  0]LogExternalProfiler: Found external profiler: VSPerf
[2017.05.16-20.26.22:363][  0]LogExternalProfiler: Using external profiler: VSPerf
[2017.05.16-20.26.22:380][  0]LogOcInput: OculusInput pre-init called
[2017.05.16-20.26.22:453][  0]LogRenderer: Reallocating scene render targets to support 128x128 NumSamples 1 (Frame:1).
[2017.05.16-20.26.22:631][  1]LogRenderer: Reallocating scene render targets to support 1280x720 NumSamples 1 (Frame:2).
[2017.05.16-20.26.31:116][521]LogWindowsTextInputMethodSystem:Display: IME system now deactivated.
[2017.05.16-20.26.31:121][521]LogWindowsTextInputMethodSystem:Display: IME system now deactivated.
[2017.05.16-20.26.31:123][521]LogEngine: All Windows Closed
[2017.05.16-20.26.31:123][521]LogWindows: FPlatformMisc::RequestExit(0)
[2017.05.16-20.26.31:136][522]LogMoviePlayer: Shutting down movie player
[2017.05.16-20.26.31:311][522]LogExit: Preparing to exit.
[2017.05.16-20.26.32:560][522]LogExit: Game engine shut down
[2017.05.16-20.26.32:651][522]LogObj: Freed 0b from 0 cluster array pools.
[2017.05.16-20.26.32:651][522]LogExit: Object subsystem successfully closed.
[2017.05.16-20.26.32:669][522]LogD3D11RHI: Shutdown
[2017.05.16-20.26.32:669][522]LogD3D11RHI: CleanupD3DDevice
[2017.05.16-20.26.32:785][522]LogD3D11RHI: ~FD3D11DynamicRHI
[2017.05.16-20.26.32:807][522]LogModuleManager: Shutting down and abandoning module SequenceRecorderSections (125)
[2017.05.16-20.26.32:807][522]LogModuleManager: Shutting down and abandoning module SequenceRecorder (124)
[2017.05.16-20.26.32:807][522]LogModuleManager: Shutting down and abandoning module AutomationController (123)
[2017.05.16-20.26.32:807][522]LogModuleManager: Shutting down and abandoning module AutomationWorker (122)
[2017.05.16-20.26.32:807][522]LogModuleManager: Shutting down and abandoning module GameplayDebugger (121)
[2017.05.16-20.26.32:807][522]LogModuleManager: Shutting down and abandoning module AITestSuite (120)
[2017.05.16-20.26.32:807][522]LogModuleManager: Shutting down and abandoning module AIModule (119)
[2017.05.16-20.26.32:807][522]LogModuleManager: Shutting down and abandoning module WmfMediaFactory (118)
[2017.05.16-20.26.32:807][522]LogModuleManager: Shutting down and abandoning module AvfMediaFactory (117)
[2017.05.16-20.26.32:807][522]LogModuleManager: Shutting down and abandoning module Media (116)
[2017.05.16-20.26.32:807][522]LogModuleManager: Shutting down and abandoning module AndroidMediaFactory (115)
[2017.05.16-20.26.32:807][522]LogModuleManager: Shutting down and abandoning module CharacterAI (114)
[2017.05.16-20.26.32:807][522]LogModuleManager: Shutting down and abandoning module SessionServices (113)
[2017.05.16-20.26.32:807][522]LogModuleManager: Shutting down and abandoning module MovieSceneCapture (112)
[2017.05.16-20.26.32:807][522]LogModuleManager: Shutting down and abandoning module GeometryCacheEd (111)
[2017.05.16-20.26.32:807][522]LogModuleManager: Shutting down and abandoning module GeometryCache (110)
[2017.05.16-20.26.32:807][522]LogModuleManager: Shutting down and abandoning module Niagara (109)
[2017.05.16-20.26.32:807][522]LogModuleManager: Shutting down and abandoning module StreamingPauseRendering (108)
[2017.05.16-20.26.32:807][522]LogModuleManager: Shutting down and abandoning module PortalServices (107)
[2017.05.16-20.26.32:807][522]LogModuleManager: Shutting down and abandoning module PortalRpc (106)
[2017.05.16-20.26.32:807][522]LogModuleManager: Shutting down and abandoning module MessagingRpc (105)
[2017.05.16-20.26.32:807][522]LogModuleManager: Shutting down and abandoning module ProfilerService (104)
[2017.05.16-20.26.33:030][522]LogModuleManager: Shutting down and abandoning module TaskGraph (103)
[2017.05.16-20.26.33:031][522]LogModuleManager: Shutting down and abandoning module SlateRemote (102)
[2017.05.16-20.26.33:031][522]LogModuleManager: Shutting down and abandoning module SteamVRController (101)
[2017.05.16-20.26.33:031][522]LogModuleManager: Shutting down and abandoning module SteamVR (100)
[2017.05.16-20.26.33:031][522]LogModuleManager: Shutting down and abandoning module ProceduralMeshComponent (99)
[2017.05.16-20.26.33:031][522]LogModuleManager: Shutting down and abandoning module OculusLibrary (98)
[2017.05.16-20.26.33:031][522]LogModuleManager: Shutting down and abandoning module OculusInput (97)
[2017.05.16-20.26.33:031][522]LogModuleManager: Shutting down and abandoning module MobilePatchingUtils (96)
[2017.05.16-20.26.33:031][522]LogModuleManager: Shutting down and abandoning module CustomMeshComponent (95)
[2017.05.16-20.26.33:031][522]LogModuleManager: Shutting down and abandoning module CableComponent (94)
[2017.05.16-20.26.33:031][522]LogModuleManager: Shutting down and abandoning module ArchVisCharacter (93)
[2017.05.16-20.26.33:031][522]LogModuleManager: Shutting down and abandoning module HTML5Networking (91)
[2017.05.16-20.26.33:031][522]LogModuleManager: Shutting down and abandoning module DesktopPlatform (90)
[2017.05.16-20.26.33:031][522]LogModuleManager: Shutting down and abandoning module DirectoryWatcher (89)
[2017.05.16-20.26.33:031][522]LogModuleManager: Shutting down and abandoning module HotReload (88)
[2017.05.16-20.26.33:031][522]LogModuleManager: Shutting down and abandoning module VisualStudioSourceCodeAccess (87)
[2017.05.16-20.26.33:031][522]LogModuleManager: Shutting down and abandoning module UObjectPlugin (86)
[2017.05.16-20.26.33:031][522]LogModuleManager: Shutting down and abandoning module SubversionSourceControl (85)
[2017.05.16-20.26.33:031][522]LogModuleManager: Shutting down and abandoning module SourceControl (84)
[2017.05.16-20.26.33:031][522]LogModuleManager: Shutting down and abandoning module PerforceSourceControl (83)
[2017.05.16-20.26.33:031][522]LogModuleManager: Shutting down and abandoning module UdpMessaging (82)
[2017.05.16-20.26.33:131][522]LogModuleManager: Shutting down and abandoning module TcpMessaging (81)
[2017.05.16-20.26.33:377][522]LogModuleManager: Shutting down and abandoning module LightPropagationVolumeRuntime (80)
[2017.05.16-20.26.33:377][522]LogModuleManager: Shutting down and abandoning module Paper2D (79)
[2017.05.16-20.26.33:377][522]LogModuleManager: Shutting down and abandoning module WindowsMoviePlayer (78)
[2017.05.16-20.26.33:377][522]LogModuleManager: Shutting down and abandoning module WmfMedia (77)
[2017.05.16-20.26.33:382][522]LogModuleManager: Shutting down and abandoning module MediaAssets (76)
[2017.05.16-20.26.33:382][522]LogModuleManager: Shutting down and abandoning module GameLiveStreaming (75)
[2017.05.16-20.26.33:382][522]LogModuleManager: Shutting down and abandoning module GameplayTagsEditor (74)
[2017.05.16-20.26.33:382][522]LogModuleManager: Shutting down and abandoning module VREditor (73)
[2017.05.16-20.26.33:382][522]LogModuleManager: Shutting down and abandoning module GameplayTasksEditor (72)
[2017.05.16-20.26.33:382][522]LogModuleManager: Shutting down and abandoning module BehaviorTreeEditor (71)
[2017.05.16-20.26.33:382][522]LogModuleManager: Shutting down and abandoning module FunctionalTesting (70)
[2017.05.16-20.26.33:382][522]LogModuleManager: Shutting down and abandoning module CollisionAnalyzer (69)
[2017.05.16-20.26.33:382][522]LogModuleManager: Shutting down and abandoning module Sequencer (68)
[2017.05.16-20.26.33:382][522]LogModuleManager: Shutting down and abandoning module WorkspaceMenuStructure (67)
[2017.05.16-20.26.33:382][522]LogModuleManager: Shutting down and abandoning module MessageLog (66)
[2017.05.16-20.26.33:382][522]LogModuleManager: Shutting down and abandoning module AssetTools (65)
[2017.05.16-20.26.33:382][522]LogModuleManager: Shutting down and abandoning module UMGEditor (64)
[2017.05.16-20.26.33:383][522]LogModuleManager: Shutting down and abandoning module UMG (63)
[2017.05.16-20.26.33:383][522]LogModuleManager: Shutting down and abandoning module SlateReflector (62)
[2017.05.16-20.26.33:383][522]LogModuleManager: Shutting down and abandoning module Slate (61)
[2017.05.16-20.26.33:383][522]LogModuleManager: Shutting down and abandoning module EditorStyle (60)
[2017.05.16-20.26.33:384][522]LogModuleManager: Shutting down and abandoning module Messaging (59)
[2017.05.16-20.26.33:384][522]LogModuleManager: Shutting down and abandoning module SourceCodeAccess (58)
[2017.05.16-20.26.33:384][522]LogModuleManager: Shutting down and abandoning module HeadMountedDisplay (57)
[2017.05.16-20.26.33:384][522]LogModuleManager: Shutting down and abandoning module XAudio2 (56)
[2017.05.16-20.26.33:384][522]LogModuleManager: Shutting down and abandoning module Networking (54)
[2017.05.16-20.26.33:384][522]LogModuleManager: Shutting down and abandoning module Core (53)
[2017.05.16-20.26.33:384][522]LogModuleManager: Shutting down and abandoning module KismetCompiler (52)
[2017.05.16-20.26.33:384][522]LogModuleManager: Shutting down and abandoning module PhysXFormats (51)
[2017.05.16-20.26.33:384][522]LogModuleManager: Shutting down and abandoning module SimplygonSwarm (50)
[2017.05.16-20.26.33:384][522]LogModuleManager: Shutting down and abandoning module SimplygonMeshReduction (49)
[2017.05.16-20.26.33:384][522]LogModuleManager: Shutting down and abandoning module QuadricMeshReduction (48)
[2017.05.16-20.26.33:384][522]LogModuleManager: Shutting down and abandoning module PropertyEditor (47)
[2017.05.16-20.26.33:384][522]LogModuleManager: Shutting down and abandoning module MeshUtilities (46)
[2017.05.16-20.26.33:411][522]LogModuleManager: Shutting down and abandoning module AssetRegistry (45)
[2017.05.16-20.26.33:429][522]LogModuleManager: Shutting down and abandoning module DerivedDataCache (44)
[2017.05.16-20.26.33:630][522]LogDerivedDataCache: Shutdown
[2017.05.16-20.26.33:630][522]LogModuleManager: Shutting down and abandoning module VulkanShaderFormat (43)
[2017.05.16-20.26.33:630][522]LogModuleManager: Shutting down and abandoning module ShaderFormatOpenGL (42)
[2017.05.16-20.26.33:630][522]LogModuleManager: Shutting down and abandoning module ShaderFormatD3D (41)
[2017.05.16-20.26.33:630][522]LogModuleManager: Shutting down and abandoning module MetalShaderFormat (40)
[2017.05.16-20.26.33:630][522]LogModuleManager: Shutting down and abandoning module TextureFormatUncompressed (39)
[2017.05.16-20.26.33:630][522]LogModuleManager: Shutting down and abandoning module TextureFormatPVR (38)
[2017.05.16-20.26.33:630][522]LogModuleManager: Shutting down and abandoning module TextureFormatDXT (37)
[2017.05.16-20.26.33:630][522]LogModuleManager: Shutting down and abandoning module TextureFormatIntelISPCTexComp (36)
[2017.05.16-20.26.33:630][522]LogModuleManager: Shutting down and abandoning module ImageWrapper (35)
[2017.05.16-20.26.33:630][522]LogModuleManager: Shutting down and abandoning module TextureFormatASTC (34)
[2017.05.16-20.26.33:630][522]LogModuleManager: Shutting down and abandoning module TextureFormatAndroid (33)
[2017.05.16-20.26.33:630][522]LogModuleManager: Shutting down and abandoning module AudioFormatOpus (32)
[2017.05.16-20.26.33:630][522]LogModuleManager: Shutting down and abandoning module AudioFormatOgg (31)
[2017.05.16-20.26.33:630][522]LogModuleManager: Shutting down and abandoning module AudioFormatADPCM (30)
[2017.05.16-20.26.33:630][522]LogModuleManager: Shutting down and abandoning module WindowsTargetPlatform (29)
[2017.05.16-20.26.33:630][522]LogModuleManager: Shutting down and abandoning module WindowsServerTargetPlatform (28)
[2017.05.16-20.26.33:630][522]LogModuleManager: Shutting down and abandoning module WindowsNoEditorTargetPlatform (27)
[2017.05.16-20.26.33:630][522]LogModuleManager: Shutting down and abandoning module WindowsClientTargetPlatform (26)
[2017.05.16-20.26.33:630][522]LogModuleManager: Shutting down and abandoning module TargetPlatform (25)
[2017.05.16-20.26.33:630][522]LogModuleManager: Shutting down and abandoning module InputCore (24)
[2017.05.16-20.26.33:630][522]LogModuleManager: Shutting down and abandoning module Settings (23)
[2017.05.16-20.26.33:630][522]LogModuleManager: Shutting down and abandoning module OculusRift (22)
[2017.05.16-20.26.33:630][522]LogModuleManager: Shutting down and abandoning module ExampleDeviceProfileSelector (21)
[2017.05.16-20.26.33:630][522]LogModuleManager: Shutting down and abandoning module OnlineBlueprintSupport (20)
[2017.05.16-20.26.33:630][522]LogModuleManager: Shutting down and abandoning module OnlineSubsystem (18)
[2017.05.16-20.26.33:630][522]LogOnline:Display: Unloading online subsystem: NULL
[2017.05.16-20.26.33:630][522]LogModuleManager: Shutting down and abandoning module SSL (17)
[2017.05.16-20.26.33:632][522]LogModuleManager: Shutting down and abandoning module HTTP (16)
[2017.05.16-20.26.33:632][522]LogModuleManager: Shutting down and abandoning module XMPP (15)
[2017.05.16-20.26.33:632][522]LogModuleManager: Shutting down and abandoning module TextureCompressor (14)
[2017.05.16-20.26.33:632][522]LogModuleManager: Shutting down and abandoning module ShaderCore (13)
[2017.05.16-20.26.33:632][522]LogModuleManager: Shutting down and abandoning module Landscape (12)
[2017.05.16-20.26.33:632][522]LogModuleManager: Shutting down and abandoning module SlateRHIRenderer (11)
[2017.05.16-20.26.33:632][522]LogModuleManager: Shutting down and abandoning module OpenGLDrv (10)
[2017.05.16-20.26.33:632][522]LogModuleManager: Shutting down and abandoning module D3D11RHI (9)
[2017.05.16-20.26.33:632][522]LogModuleManager: Shutting down and abandoning module AnimGraphRuntime (8)
[2017.05.16-20.26.33:632][522]LogModuleManager: Shutting down and abandoning module Renderer (7)
[2017.05.16-20.26.33:632][522]LogModuleManager: Shutting down and abandoning module Engine (6)
[2017.05.16-20.26.33:632][522]LogModuleManager: Shutting down and abandoning module CoreUObject (5)
[2017.05.16-20.26.33:632][522]LogModuleManager: Shutting down and abandoning module NetworkFile (4)
[2017.05.16-20.26.33:632][522]LogModuleManager: Shutting down and abandoning module StreamingFile (3)
[2017.05.16-20.26.33:632][522]LogModuleManager: Shutting down and abandoning module SandboxFile (2)
[2017.05.16-20.26.33:632][522]LogModuleManager: Shutting down and abandoning module PakFile (1)
[2017.05.16-20.26.33:633][522]LogExit: Exiting.
[2017.05.16-20.26.33:645][522]Log file closed, 05/16/17 22:26:33
