Log file open, 06/12/17 21:51:12
LogInit:Display: Running engine for game: BasicMechanics
LogPlatformFile: Not using cached read wrapper
LogInit:Display: RandInit(1499524946) SRandInit(1499524946).
LogTaskGraph: Started task graph with 5 named threads and 6 total threads with 1 sets of task threads.
LogStats: Stats thread started at 0.085637
LogPluginManager: Loaded Plugin Paper2D, From C:/Program Files/Epic Games/UE_4.14/Engine/Plugins/2D/Paper2D/Paper2D.uplugin
LogPluginManager: Loaded Plugin LightPropagationVolume, From C:/Program Files/Epic Games/UE_4.14/Engine/Plugins/Blendables/LightPropagationVolume/LightPropagationVolume.uplugin
LogPluginManager: Loaded Plugin BlankPlugin, From C:/Program Files/Epic Games/UE_4.14/Engine/Plugins/Developer/BlankPlugin/BlankPlugin.uplugin
LogPluginManager: Loaded Plugin CodeLiteSourceCodeAccess, From C:/Program Files/Epic Games/UE_4.14/Engine/Plugins/Developer/CodeLiteSourceCodeAccess/CodeLiteSourceCodeAccess.uplugin
LogPluginManager: Loaded Plugin GitSourceControl, From C:/Program Files/Epic Games/UE_4.14/Engine/Plugins/Developer/GitSourceControl/GitSourceControl.uplugin
LogPluginManager: Loaded Plugin KDevelopSourceCodeAccess, From C:/Program Files/Epic Games/UE_4.14/Engine/Plugins/Developer/KDevelopSourceCodeAccess/KDevelopSourceCodeAccess.uplugin
LogPluginManager: Loaded Plugin NullSourceCodeAccess, From C:/Program Files/Epic Games/UE_4.14/Engine/Plugins/Developer/NullSourceCodeAccess/NullSourceCodeAccess.uplugin
LogPluginManager: Loaded Plugin OneSkyLocalizationService, From C:/Program Files/Epic Games/UE_4.14/Engine/Plugins/Developer/OneSkyLocalizationService/OneSkyLocalizationService.uplugin
LogPluginManager: Loaded Plugin PerforceSourceControl, From C:/Program Files/Epic Games/UE_4.14/Engine/Plugins/Developer/PerforceSourceControl/PerforceSourceControl.uplugin
LogPluginManager: Loaded Plugin SubversionSourceControl, From C:/Program Files/Epic Games/UE_4.14/Engine/Plugins/Developer/SubversionSourceControl/SubversionSourceControl.uplugin
LogPluginManager: Loaded Plugin UObjectPlugin, From C:/Program Files/Epic Games/UE_4.14/Engine/Plugins/Developer/UObjectPlugin/UObjectPlugin.uplugin
LogPluginManager: Loaded Plugin VisualStudioSourceCodeAccess, From C:/Program Files/Epic Games/UE_4.14/Engine/Plugins/Developer/VisualStudioSourceCodeAccess/VisualStudioSourceCodeAccess.uplugin
LogPluginManager: Loaded Plugin XCodeSourceCodeAccess, From C:/Program Files/Epic Games/UE_4.14/Engine/Plugins/Developer/XCodeSourceCodeAccess/XCodeSourceCodeAccess.uplugin
LogPluginManager: Loaded Plugin AudioCapture, From C:/Program Files/Epic Games/UE_4.14/Engine/Plugins/Editor/AudioCapture/AudioCapture.uplugin
LogPluginManager: Loaded Plugin EpicSurvey, From C:/Program Files/Epic Games/UE_4.14/Engine/Plugins/Editor/EpicSurvey/EpicSurvey.uplugin
LogPluginManager: Loaded Plugin MacGraphicsSwitching, From C:/Program Files/Epic Games/UE_4.14/Engine/Plugins/Editor/MacGraphicsSwitching/MacGraphicsSwitching.uplugin
LogPluginManager: Loaded Plugin MobileLauncherProfileWizard, From C:/Program Files/Epic Games/UE_4.14/Engine/Plugins/Editor/MobileLauncherProfileWizard/MobileLauncherProfileWizard.uplugin
LogPluginManager: Loaded Plugin PluginBrowser, From C:/Program Files/Epic Games/UE_4.14/Engine/Plugins/Editor/PluginBrowser/PluginBrowser.uplugin
LogPluginManager: Loaded Plugin SpeedTreeImporter, From C:/Program Files/Epic Games/UE_4.14/Engine/Plugins/Editor/SpeedTreeImporter/SpeedTreeImporter.uplugin
LogPluginManager: Loaded Plugin SuperSearchEditor, From C:/Program Files/Epic Games/UE_4.14/Engine/Plugins/Editor/SuperSearchEditor/SuperSearchEditor.uplugin
LogPluginManager: Loaded Plugin AlembicImporter, From C:/Program Files/Epic Games/UE_4.14/Engine/Plugins/Experimental/AlembicImporter/AlembicImporter.uplugin
LogPluginManager: Loaded Plugin BlueprintStats, From C:/Program Files/Epic Games/UE_4.14/Engine/Plugins/Experimental/BlueprintStats/BlueprintStats.uplugin
LogPluginManager: Loaded Plugin CharacterAI, From C:/Program Files/Epic Games/UE_4.14/Engine/Plugins/Experimental/CharacterAI/CharacterAI.uplugin
LogPluginManager: Loaded Plugin CodeEditor, From C:/Program Files/Epic Games/UE_4.14/Engine/Plugins/Experimental/CodeEditor/CodeEditor.uplugin
LogPluginManager: Loaded Plugin CodeView, From C:/Program Files/Epic Games/UE_4.14/Engine/Plugins/Experimental/CodeView/CodeView.uplugin
LogPluginManager: Loaded Plugin HTML5Networking, From C:/Program Files/Epic Games/UE_4.14/Engine/Plugins/Experimental/HTML5Networking/HTML5Networking.uplugin
LogPluginManager: Loaded Plugin OSVR, From C:/Program Files/Epic Games/UE_4.14/Engine/Plugins/Experimental/OSVR/OSVR.uplugin
LogPluginManager: Loaded Plugin Phya, From C:/Program Files/Epic Games/UE_4.14/Engine/Plugins/Experimental/Phya/Phya.uplugin
LogPluginManager: Loaded Plugin SignificanceManager, From C:/Program Files/Epic Games/UE_4.14/Engine/Plugins/Experimental/SignificanceManager/SignificanceManager.uplugin
LogPluginManager: Loaded Plugin SimpleHMD, From C:/Program Files/Epic Games/UE_4.14/Engine/Plugins/Experimental/SimpleHMD/SimpleHMD.uplugin
LogPluginManager: Loaded Plugin StereoPanorama, From C:/Program Files/Epic Games/UE_4.14/Engine/Plugins/Experimental/StereoPanorama/StereoPanorama.uplugin
LogPluginManager: Loaded Plugin StructBox, From C:/Program Files/Epic Games/UE_4.14/Engine/Plugins/Experimental/StructBox/StructBox.uplugin
LogPluginManager: Loaded Plugin AndroidMedia, From C:/Program Files/Epic Games/UE_4.14/Engine/Plugins/Media/AndroidMedia/AndroidMedia.uplugin
LogPluginManager: Loaded Plugin AvfMedia, From C:/Program Files/Epic Games/UE_4.14/Engine/Plugins/Media/AvfMedia/AvfMedia.uplugin
LogPluginManager: Loaded Plugin MediaPlayerEditor, From C:/Program Files/Epic Games/UE_4.14/Engine/Plugins/Media/MediaPlayerEditor/MediaPlayerEditor.uplugin
LogPluginManager: Loaded Plugin WmfMedia, From C:/Program Files/Epic Games/UE_4.14/Engine/Plugins/Media/WmfMedia/WmfMedia.uplugin
LogPluginManager: Loaded Plugin MessagingDebugger, From C:/Program Files/Epic Games/UE_4.14/Engine/Plugins/Messaging/MessagingDebugger/MessagingDebugger.uplugin
LogPluginManager: Loaded Plugin TcpMessaging, From C:/Program Files/Epic Games/UE_4.14/Engine/Plugins/Messaging/TcpMessaging/TcpMessaging.uplugin
LogPluginManager: Loaded Plugin UdpMessaging, From C:/Program Files/Epic Games/UE_4.14/Engine/Plugins/Messaging/UdpMessaging/UdpMessaging.uplugin
LogPluginManager: Loaded Plugin LevelSequenceEditor, From C:/Program Files/Epic Games/UE_4.14/Engine/Plugins/MovieScene/LevelSequenceEditor/LevelSequenceEditor.uplugin
LogPluginManager: Loaded Plugin MatineeToLevelSequence, From C:/Program Files/Epic Games/UE_4.14/Engine/Plugins/MovieScene/MatineeToLevelSequence/MatineeToLevelSequence.uplugin
LogPluginManager: Loaded Plugin NetcodeUnitTest, From C:/Program Files/Epic Games/UE_4.14/Engine/Plugins/NetcodeUnitTest/NetcodeUnitTest/NetcodeUnitTest.uplugin
LogPluginManager: Loaded Plugin NUTUnrealEngine4, From C:/Program Files/Epic Games/UE_4.14/Engine/Plugins/NetcodeUnitTest/NUTUnrealEngine4/NUTUnrealEngine4.uplugin
LogPluginManager: Loaded Plugin OnlineSubsystemGameCircle, From C:/Program Files/Epic Games/UE_4.14/Engine/Plugins/Online/Android/OnlineSubsystemGameCircle/OnlineSubsystemGameCircle.uplugin
LogPluginManager: Loaded Plugin OnlineSubsystemGooglePlay, From C:/Program Files/Epic Games/UE_4.14/Engine/Plugins/Online/Android/OnlineSubsystemGooglePlay/OnlineSubsystemGooglePlay.uplugin
LogPluginManager: Loaded Plugin OnlineSubsystemIOS, From C:/Program Files/Epic Games/UE_4.14/Engine/Plugins/Online/IOS/OnlineSubsystemIOS/OnlineSubsystemIOS.uplugin
LogPluginManager: Loaded Plugin OnlineFramework, From C:/Program Files/Epic Games/UE_4.14/Engine/Plugins/Online/OnlineFramework/OnlineFramework.uplugin
LogPluginManager: Loaded Plugin OnlineSubsystem, From C:/Program Files/Epic Games/UE_4.14/Engine/Plugins/Online/OnlineSubsystem/OnlineSubsystem.uplugin
LogPluginManager: Loaded Plugin OnlineSubsystemAmazon, From C:/Program Files/Epic Games/UE_4.14/Engine/Plugins/Online/OnlineSubsystemAmazon/OnlineSubsystemAmazon.uplugin
LogPluginManager: Loaded Plugin OnlineSubsystemFacebook, From C:/Program Files/Epic Games/UE_4.14/Engine/Plugins/Online/OnlineSubsystemFacebook/OnlineSubsystemFacebook.uplugin
LogPluginManager: Loaded Plugin OnlineSubsystemNull, From C:/Program Files/Epic Games/UE_4.14/Engine/Plugins/Online/OnlineSubsystemNull/OnlineSubsystemNull.uplugin
LogPluginManager: Loaded Plugin OnlineSubsystemOculus, From C:/Program Files/Epic Games/UE_4.14/Engine/Plugins/Online/OnlineSubsystemOculus/OnlineSubsystemOculus.uplugin
LogPluginManager: Loaded Plugin OnlineSubsystemSteam, From C:/Program Files/Epic Games/UE_4.14/Engine/Plugins/Online/OnlineSubsystemSteam/OnlineSubsystemSteam.uplugin
LogPluginManager: Loaded Plugin OnlineSubsystemUtils, From C:/Program Files/Epic Games/UE_4.14/Engine/Plugins/Online/OnlineSubsystemUtils/OnlineSubsystemUtils.uplugin
LogPluginManager: Loaded Plugin IOSTapJoy, From C:/Program Files/Epic Games/UE_4.14/Engine/Plugins/Runtime/Advertising/IOSTapJoy/IOSTapJoy.uplugin
LogPluginManager: Loaded Plugin AnalyticsBlueprintLibrary, From C:/Program Files/Epic Games/UE_4.14/Engine/Plugins/Runtime/Analytics/AnalyticsBlueprintLibrary/AnalyticsBlueprintLibrary.uplugin
LogPluginManager: Loaded Plugin AnalyticsMulticast, From C:/Program Files/Epic Games/UE_4.14/Engine/Plugins/Runtime/Analytics/AnalyticsMulticast/AnalyticsMulticast.uplugin
LogPluginManager: Loaded Plugin Apsalar, From C:/Program Files/Epic Games/UE_4.14/Engine/Plugins/Runtime/Analytics/Apsalar/Apsalar.uplugin
LogPluginManager: Loaded Plugin FileLogging, From C:/Program Files/Epic Games/UE_4.14/Engine/Plugins/Runtime/Analytics/FileLogging/FileLogging.uplugin
LogPluginManager: Loaded Plugin Flurry, From C:/Program Files/Epic Games/UE_4.14/Engine/Plugins/Runtime/Analytics/Flurry/Flurry.uplugin
LogPluginManager: Loaded Plugin AndroidDeviceProfileSelector, From C:/Program Files/Epic Games/UE_4.14/Engine/Plugins/Runtime/AndroidDeviceProfileSelector/AndroidDeviceProfileSelector.uplugin
LogPluginManager: Loaded Plugin AndroidMoviePlayer, From C:/Program Files/Epic Games/UE_4.14/Engine/Plugins/Runtime/AndroidMoviePlayer/AndroidMoviePlayer.uplugin
LogPluginManager: Loaded Plugin AppleMoviePlayer, From C:/Program Files/Epic Games/UE_4.14/Engine/Plugins/Runtime/AppleMoviePlayer/AppleMoviePlayer.uplugin
LogPluginManager: Loaded Plugin ArchVisCharacter, From C:/Program Files/Epic Games/UE_4.14/Engine/Plugins/Runtime/ArchVisCharacter/ArchVisCharacter.uplugin
LogPluginManager: Loaded Plugin CableComponent, From C:/Program Files/Epic Games/UE_4.14/Engine/Plugins/Runtime/CableComponent/CableComponent.uplugin
LogPluginManager: Loaded Plugin CustomMeshComponent, From C:/Program Files/Epic Games/UE_4.14/Engine/Plugins/Runtime/CustomMeshComponent/CustomMeshComponent.uplugin
LogPluginManager: Loaded Plugin ExampleDeviceProfileSelector, From C:/Program Files/Epic Games/UE_4.14/Engine/Plugins/Runtime/ExampleDeviceProfileSelector/ExampleDeviceProfileSelector.uplugin
LogPluginManager: Loaded Plugin GearVR, From C:/Program Files/Epic Games/UE_4.14/Engine/Plugins/Runtime/GearVR/GearVR.uplugin
LogPluginManager: Loaded Plugin GoogleVRController, From C:/Program Files/Epic Games/UE_4.14/Engine/Plugins/Runtime/GoogleVR/GoogleVRController/GoogleVRController.uplugin
LogPluginManager: Loaded Plugin GoogleVRHMD, From C:/Program Files/Epic Games/UE_4.14/Engine/Plugins/Runtime/GoogleVR/GoogleVRHMD/GoogleVRHMD.uplugin
LogPluginManager: Loaded Plugin IOSDeviceProfileSelector, From C:/Program Files/Epic Games/UE_4.14/Engine/Plugins/Runtime/IOSDeviceProfileSelector/IOSDeviceProfileSelector.uplugin
LogPluginManager: Loaded Plugin LeapMotion, From C:/Program Files/Epic Games/UE_4.14/Engine/Plugins/Runtime/LeapMotion/LeapMotion.uplugin
LogPluginManager: Loaded Plugin LinuxDeviceProfileSelector, From C:/Program Files/Epic Games/UE_4.14/Engine/Plugins/Runtime/LinuxDeviceProfileSelector/LinuxDeviceProfileSelector.uplugin
LogPluginManager: Loaded Plugin MIDIDevice, From C:/Program Files/Epic Games/UE_4.14/Engine/Plugins/Runtime/MIDIDevice/MIDIDevice.uplugin
LogPluginManager: Loaded Plugin MobilePatchingUtils, From C:/Program Files/Epic Games/UE_4.14/Engine/Plugins/Runtime/MobilePatchingUtils/MobilePatchingUtils.uplugin
LogPluginManager: Loaded Plugin Ansel, From C:/Program Files/Epic Games/UE_4.14/Engine/Plugins/Runtime/Nvidia/Ansel/Ansel.uplugin
LogPluginManager: Loaded Plugin OculusAudio, From C:/Program Files/Epic Games/UE_4.14/Engine/Plugins/Runtime/OculusAudio/OculusAudio.uplugin
LogPluginManager: Loaded Plugin OculusInput, From C:/Program Files/Epic Games/UE_4.14/Engine/Plugins/Runtime/OculusInput/OculusInput.uplugin
LogPluginManager: Loaded Plugin OculusLibrary, From C:/Program Files/Epic Games/UE_4.14/Engine/Plugins/Runtime/OculusLibrary/OculusLibrary.uplugin
LogPluginManager: Loaded Plugin OculusRift, From C:/Program Files/Epic Games/UE_4.14/Engine/Plugins/Runtime/OculusRift/OculusRift.uplugin
LogPluginManager: Loaded Plugin Oodle, From C:/Program Files/Epic Games/UE_4.14/Engine/Plugins/Runtime/PacketHandlers/CompressionComponents/Oodle/Oodle.uplugin
LogPluginManager: Loaded Plugin ProceduralMeshComponent, From C:/Program Files/Epic Games/UE_4.14/Engine/Plugins/Runtime/ProceduralMeshComponent/ProceduralMeshComponent.uplugin
LogPluginManager: Loaded Plugin SoundMod, From C:/Program Files/Epic Games/UE_4.14/Engine/Plugins/Runtime/SoundMod/SoundMod.uplugin
LogPluginManager: Loaded Plugin SoundVisualizations, From C:/Program Files/Epic Games/UE_4.14/Engine/Plugins/Runtime/SoundVisualizations/SoundVisualizations.uplugin
LogPluginManager: Loaded Plugin SteamController, From C:/Program Files/Epic Games/UE_4.14/Engine/Plugins/Runtime/Steam/SteamController/SteamController.uplugin
LogPluginManager: Loaded Plugin SteamVR, From C:/Program Files/Epic Games/UE_4.14/Engine/Plugins/Runtime/Steam/SteamVR/SteamVR.uplugin
LogPluginManager: Loaded Plugin WebBrowserWidget, From C:/Program Files/Epic Games/UE_4.14/Engine/Plugins/Runtime/WebBrowserWidget/WebBrowserWidget.uplugin
LogPluginManager: Loaded Plugin WindowsDeviceProfileSelector, From C:/Program Files/Epic Games/UE_4.14/Engine/Plugins/Runtime/WindowsDeviceProfileSelector/WindowsDeviceProfileSelector.uplugin
LogPluginManager: Loaded Plugin WindowsMoviePlayer, From C:/Program Files/Epic Games/UE_4.14/Engine/Plugins/Runtime/WindowsMoviePlayer/WindowsMoviePlayer.uplugin
LogPluginManager: Loaded Plugin ScriptPlugin, From C:/Program Files/Epic Games/UE_4.14/Engine/Plugins/ScriptPlugin/ScriptPlugin.uplugin
LogPluginManager: Loaded Plugin SlateRemote, From C:/Program Files/Epic Games/UE_4.14/Engine/Plugins/Slate/SlateRemote/SlateRemote.uplugin
LogPluginManager: Loaded Plugin EditorTests, From C:/Program Files/Epic Games/UE_4.14/Engine/Plugins/Tests/EditorTests/EditorTests.uplugin
LogPluginManager: Loaded Plugin FbxAutomationTestBuilder, From C:/Program Files/Epic Games/UE_4.14/Engine/Plugins/Tests/FbxAutomationTestBuilder/FbxAutomationTestBuilder.uplugin
LogPluginManager: Loaded Plugin FunctionalTestingEditor, From C:/Program Files/Epic Games/UE_4.14/Engine/Plugins/Tests/FunctionalTestingEditor/FunctionalTestingEditor.uplugin
LogPluginManager: Loaded Plugin RuntimeTests, From C:/Program Files/Epic Games/UE_4.14/Engine/Plugins/Tests/RuntimeTests/RuntimeTests.uplugin
LogPluginManager: Loaded Plugin ScreenshotTools, From C:/Program Files/Epic Games/UE_4.14/Engine/Plugins/Tests/ScreenshotTools/ScreenshotTools.uplugin
LogInit: Using libcurl 7.47.1
LogInit:  - built for x86_64-pc-win32
LogInit:  - supports SSL with OpenSSL/1.0.2g
LogInit:  - supports HTTP deflate (compression) using libz 1.2.8
LogInit:  - other features:
LogInit:      CURL_VERSION_SSL
LogInit:      CURL_VERSION_LIBZ
LogInit:      CURL_VERSION_IPV6
LogInit:      CURL_VERSION_ASYNCHDNS
LogInit:      CURL_VERSION_LARGEFILE
LogInit:      CURL_VERSION_IDN
LogInit:  CurlRequestOptions (configurable via config and command line):
LogInit:  - bVerifyPeer = false  - Libcurl will NOT verify peer certificate
LogInit:  - bUseHttpProxy = false  - Libcurl will NOT use HTTP proxy
LogInit:  - bDontReuseConnections = false  - Libcurl will reuse connections
LogInit:  - CertBundlePath = nullptr  - Libcurl will use whatever was configured at build time.
LogInit: Build: ++UE4+Release-4.14-CL-3249277
LogInit: Engine Version: 4.14.3-3249277+++UE4+Release-4.14
LogInit: Compatible Engine Version: 4.14.0-3195953+++UE4+Release-4.14
LogInit: Net CL: 3195953
LogDevObjectVersion: Number of dev versions registered: 13
LogDevObjectVersion:   Dev-Blueprints (B0D832E4-1F89-4F0D-ACCF-7EB736FD4AA2): 7
LogDevObjectVersion:   Dev-Build (E1C64328-A22C-4D53-A36C-8E866417BD8C): 0
LogDevObjectVersion:   Dev-Core (375EC13C-06E4-48FB-B500-84F0262A717E): 1
LogDevObjectVersion:   Dev-Editor (E4B068ED-F494-42E9-A231-DA0B2E46BB41): 8
LogDevObjectVersion:   Dev-Framework (CFFC743F-43B0-4480-9391-14DF171D2073): 17
LogDevObjectVersion:   Dev-Mobile (B02B49B5-BB20-44E9-A304-32B752E40360): 0
LogDevObjectVersion:   Dev-Networking (A4E4105C-59A1-49B5-A7C5-40C4547EDFEE): 0
LogDevObjectVersion:   Dev-Online (39C831C9-5AE6-47DC-9A44-9C173E1C8E7C): 0
LogDevObjectVersion:   Dev-Physics (78F01B33-EBEA-4F98-B9B4-84EACCB95AA2): 0
LogDevObjectVersion:   Dev-Platform (6631380F-2D4D-43E0-8009-CF276956A95A): 0
LogDevObjectVersion:   Dev-Rendering (12F88B9F-8875-4AFC-A67C-D90C383ABD29): 12
LogDevObjectVersion:   Dev-Sequencer (7B5AE74C-D270-4C10-A958-57980B212A5A): 1
LogDevObjectVersion:   Dev-VR (D7296918-1DD6-4BDD-9DE2-64A83CC13884): 0
LogInit: Compiled (64-bit): Jan  6 2017 10:49:43
LogInit: Compiled with Visual C++: 19.00.23026.00
LogInit: Build Configuration: Development
LogInit: Branch Name: ++UE4+Release-4.14
LogInit: Command line:  
LogInit: Base directory: C:/Program Files/Epic Games/UE_4.14/Engine/Binaries/Win64/
LogInit: Installed Engine Build: 1
LogInit: Presizing for max 8388607 objects, including 0 objects not considered by GC, pre-allocating 0 bytes for permanent pool.
LogInit: Object subsystem initialized
[2017.06.12-19.51.13:634][  0]LogInit: Selected Device Profile: [Windows]
[2017.06.12-19.51.13:634][  0]LogInit: Applying CVar settings loaded from the selected device profile: [Windows]
[2017.06.12-19.51.13:660][  0]LogInit: Computer: DESKTOP-0Q7EAVF
[2017.06.12-19.51.13:660][  0]LogInit: User: Ferry
[2017.06.12-19.51.13:660][  0]LogInit: CPU Page size=65536, Cores=2
[2017.06.12-19.51.13:660][  0]LogInit: High frequency timer resolution =3.411595 MHz
[2017.06.12-19.51.13:660][  0]LogMemory: Memory total: Physical=15.9GB (16GB approx)
[2017.06.12-19.51.13:660][  0]LogMemory: Platform Memory Stats for Windows
[2017.06.12-19.51.13:660][  0]LogMemory: Process Physical Memory: 266.19 MB used, 266.19 MB peak
[2017.06.12-19.51.13:660][  0]LogMemory: Process Virtual Memory: 262.37 MB used, 262.37 MB peak
[2017.06.12-19.51.13:660][  0]LogMemory: Physical Memory: 3969.35 MB used,  12331.95 MB free, 16301.30 MB total
[2017.06.12-19.51.13:660][  0]LogMemory: Virtual Memory: 674.59 MB used,  12331.95 MB free, 134217728.00 MB total
[2017.06.12-19.51.13:707][  0]LogInit: Overriding culture en with editor configuration.
[2017.06.12-19.51.14:733][  0]LogD3D11RHI: D3D11 adapters:
[2017.06.12-19.51.15:793][  0]LogD3D11RHI:    0. 'NVIDIA GeForce GTX 745' (Feature Level 11_0)
[2017.06.12-19.51.15:793][  0]LogD3D11RHI:       4063/0/8150 MB DedicatedVideo/DedicatedSystem/SharedSystem, Outputs:2, VendorId:0x10de
[2017.06.12-19.51.15:796][  0]LogD3D11RHI:    1. 'Microsoft Basic Render Driver' (Feature Level 11_0)
[2017.06.12-19.51.15:796][  0]LogD3D11RHI:       0/0/8150 MB DedicatedVideo/DedicatedSystem/SharedSystem, Outputs:0, VendorId:0x1414
[2017.06.12-19.51.15:796][  0]LogD3D11RHI: Chosen D3D11 Adapter: 0
[2017.06.12-19.51.15:806][  0]LogD3D11RHI: Creating new Direct3DDevice
[2017.06.12-19.51.15:806][  0]LogD3D11RHI:     GPU DeviceId: 0x1382 (for the marketing name, search the web for "GPU Device Id")
[2017.06.12-19.51.15:806][  0]LogWindows: EnumDisplayDevices:
[2017.06.12-19.51.15:806][  0]LogWindows:    0. 'NVIDIA GeForce GTX 745' (P:1 D:1)
[2017.06.12-19.51.15:809][  0]LogWindows:    1. 'NVIDIA GeForce GTX 745' (P:0 D:1)
[2017.06.12-19.51.15:809][  0]LogWindows: DebugString: FoundDriverCount:2 
[2017.06.12-19.51.15:809][  0]LogD3D11RHI:     Adapter Name: NVIDIA GeForce GTX 745
[2017.06.12-19.51.15:809][  0]LogD3D11RHI:   Driver Version: 382.05 (internal:22.21.13.8205, unified:382.05)
[2017.06.12-19.51.15:809][  0]LogD3D11RHI:      Driver Date: 5-1-2017
[2017.06.12-19.51.15:809][  0]LogRHI: Texture pool is 1361 MB (70% of 1945 MB)
[2017.06.12-19.51.16:770][  0]LogD3D11RHI: Async texture creation enabled
[2017.06.12-19.51.16:841][  0]LogD3D11RHI: GPU Timing Frequency: 1000.000000 (Debug: 2 1)
[2017.06.12-19.51.16:844][  0]LogShaderCompilers: Guid format shader working directory is -25 characters bigger than the processId version (../../../../../../Users/Ferry/Desktop/VANsGame/Mechanics/BasicMechanics/Intermediate/Shaders/WorkingDirectory/5020/).
[2017.06.12-19.51.16:844][  0]LogShaderCompilers: Cleaned the shader compiler working directory 'C:/Users/Ferry/AppData/Local/Temp/UnrealShaderWorkingDir/DC72DA8544A0526F9A1D9F9707A84F73/'.
[2017.06.12-19.51.16:844][  0]LogShaderCompilers:Display: Using Local Shader Compiler.
[2017.06.12-19.51.18:851][  0]LogTemp:Display: Loaded TP AllDesktopTargetPlatform
[2017.06.12-19.51.18:967][  0]LogTemp:Display: Loaded TP MacClientTargetPlatform
[2017.06.12-19.51.19:124][  0]LogTemp:Display: Loaded TP MacNoEditorTargetPlatform
[2017.06.12-19.51.19:258][  0]LogTemp:Display: Loaded TP MacServerTargetPlatform
[2017.06.12-19.51.19:400][  0]LogTemp:Display: Loaded TP MacTargetPlatform
[2017.06.12-19.51.19:542][  0]LogTemp:Display: Loaded TP WindowsClientTargetPlatform
[2017.06.12-19.51.19:676][  0]LogTemp:Display: Loaded TP WindowsNoEditorTargetPlatform
[2017.06.12-19.51.19:805][  0]LogTemp:Display: Loaded TP WindowsServerTargetPlatform
[2017.06.12-19.51.19:911][  0]LogTemp:Display: Loaded TP WindowsTargetPlatform
[2017.06.12-19.51.20:031][  0]LogTemp:Display: Loaded TP AndroidTargetPlatform
[2017.06.12-19.51.20:151][  0]LogTemp:Display: Loaded TP Android_ASTCTargetPlatform
[2017.06.12-19.51.20:312][  0]LogTemp:Display: Loaded TP Android_ATCTargetPlatform
[2017.06.12-19.51.20:460][  0]LogTemp:Display: Loaded TP Android_DXTTargetPlatform
[2017.06.12-19.51.20:638][  0]LogTemp:Display: Loaded TP Android_ETC1TargetPlatform
[2017.06.12-19.51.20:833][  0]LogTemp:Display: Loaded TP Android_ETC2TargetPlatform
[2017.06.12-19.51.21:152][  0]LogTemp:Display: Loaded TP Android_MultiTargetPlatform
[2017.06.12-19.51.21:152][  0]LogTemp:Display: Loaded TP Android_PVRTCTargetPlatform
[2017.06.12-19.51.21:240][  0]LogTemp:Display: Loaded TP HTML5TargetPlatform
[2017.06.12-19.51.21:467][  0]LogTemp:Display: Loaded TP IOSTargetPlatform
[2017.06.12-19.51.21:561][  0]LogTemp:Display: Loaded TP TVOSTargetPlatform
[2017.06.12-19.51.21:688][  0]LogTemp:Display: Loaded TP LinuxClientTargetPlatform
[2017.06.12-19.51.21:849][  0]LogTemp:Display: Loaded TP LinuxNoEditorTargetPlatform
[2017.06.12-19.51.22:017][  0]LogTemp:Display: Loaded TP LinuxServerTargetPlatform
[2017.06.12-19.51.22:224][  0]LogTemp:Display: Loaded TP LinuxTargetPlatform
[2017.06.12-19.51.22:224][  0]LogTargetPlatformManager:Display: Building Assets For Windows
[2017.06.12-19.51.23:684][  0]LogDerivedDataCache:Display: Max Cache Size: 512 MB
[2017.06.12-19.51.23:933][  0]LogDerivedDataCache: Loaded boot cache 0.25s 50MB C:/Users/Ferry/AppData/Local/UnrealEngine/4.14/DerivedDataCache/Boot.ddc.
[2017.06.12-19.51.23:933][  0]LogDerivedDataCache:Display: Loaded Boot cache: C:/Users/Ferry/AppData/Local/UnrealEngine/4.14/DerivedDataCache/Boot.ddc
[2017.06.12-19.51.23:933][  0]LogDerivedDataCache: FDerivedDataBackendGraph:  Pak pak cache file ../../../../../../Users/Ferry/Desktop/VANsGame/Mechanics/BasicMechanics/DerivedDataCache/DDC.ddp not found, will not use a pak cache.
[2017.06.12-19.51.23:933][  0]LogDerivedDataCache: Unable to find inner node Pak for hierarchical cache Hierarchy.
[2017.06.12-19.51.23:933][  0]LogDerivedDataCache: FDerivedDataBackendGraph:  CompressedPak pak cache file ../../../../../../Users/Ferry/Desktop/VANsGame/Mechanics/BasicMechanics/DerivedDataCache/Compressed.ddp not found, will not use a pak cache.
[2017.06.12-19.51.23:933][  0]LogDerivedDataCache: Unable to find inner node CompressedPak for hierarchical cache Hierarchy.
[2017.06.12-19.51.23:974][  0]LogDerivedDataCache:Display: Pak cache opened for reading ../../../Engine/DerivedDataCache/Compressed.ddp.
[2017.06.12-19.51.23:989][  0]LogDerivedDataCache: Using Local data cache path C:/Users/Ferry/AppData/Local/UnrealEngine/Common/DerivedDataCache: Writable
[2017.06.12-19.51.24:528][  0]LogInit: Selected Device Profile: [Windows]
[2017.06.12-19.51.24:544][  0]LogContentStreaming: Texture pool size is 0.00 MB
[2017.06.12-19.51.25:094][  0]LogMeshUtilities: Using QuadricMeshReduction for automatic static mesh reduction
[2017.06.12-19.51.25:296][  0]LogSimplygon: Simplygon DLL not present - disabling.
[2017.06.12-19.51.25:451][  0]LogMeshUtilities: Using SimplygonSwarm for distributed automatic mesh merging
[2017.06.12-19.51.25:451][  0]LogMeshUtilities: No automatic skeletal mesh reduction module available
[2017.06.12-19.51.25:451][  0]LogMeshUtilities: No automatic mesh merging module available
[2017.06.12-19.51.28:058][  0]LogNetVersion: GetLocalNetworkVersion: CL: 3195953, ProjectName: basicmechanics, ProjectVersion: , EngineNetworkVersion: 2, GameNetworkVersion: 0, NetworkChecksum: 1363929391
[2017.06.12-19.51.28:176][  0]LogAssetRegistry: FAssetRegistry took 0.0274 seconds to start up
[2017.06.12-19.51.28:334][  0]LogPackageLocalizationCache: Processed 3 localized package path(s) for 1 prioritized culture(s) in 0.046328 seconds
[2017.06.12-19.51.28:345][  0]LogUObjectArray: 31946 objects as part of root set at end of initial load.
[2017.06.12-19.51.28:345][  0]LogUObjectAllocator: 6935840 out of 0 bytes used by permanent object pool.
[2017.06.12-19.51.28:345][  0]LogUObjectArray: CloseDisregardForGC: 0/0 objects in disregard for GC pool
[2017.06.12-19.51.28:591][  0]LogInit: WinSock: version 1.1 (2.2), MaxSocks=32767, MaxUdp=65467
[2017.06.12-19.51.30:906][  0]LogSlate: Using Freetype 2.6.0
[2017.06.12-19.51.30:907][  0]LogSlate: SlateFontCache - WITH_FREETYPE: 1, WITH_HARFBUZZ: 1
[2017.06.12-19.51.30:907][  0]LogSlate: SlateFontCache - WITH_FREETYPE: 1, WITH_HARFBUZZ: 1
[2017.06.12-19.51.32:729][  0]LogTcpMessaging: Initializing TcpMessaging bridge
[2017.06.12-19.51.32:815][  0]LogUdpMessaging: Initializing bridge on interface 0.0.0.0:0 to multicast group 230.0.0.1:6666.
[2017.06.12-19.51.33:429][  0]LogMaterial: Uniform references updated for custom material expression Custom.
[2017.06.12-19.51.34:318][  0]SourceControl: Info Source control is disabled
[2017.06.12-19.51.34:322][  0]SourceControl: Info Source control is disabled
[2017.06.12-19.51.34:460][  0]SourceControl: Info Source control is disabled
[2017.06.12-19.51.34:603][  0]SourceControl: Info Source control is disabled
[2017.06.12-19.51.37:671][  0]LogEngine: Initializing Engine...
[2017.06.12-19.51.37:672][  0]LogHMD: Failed to initialize OpenVR with code 110
[2017.06.12-19.51.38:183][  0]LogAIModule: Creating AISystem for world Untitled
[2017.06.12-19.51.38:199][  0]LogInit: XAudio2 using 'Altavoces (Realtek High Definition Audio)' : 2 channels at 48 kHz using 32 bits per sample (channel mask 0x3)
[2017.06.12-19.51.38:219][  0]LogInit: FAudioDevice initialized.
[2017.06.12-19.51.38:277][  0]LogDerivedDataCache: Saved boot cache 0.06s 50MB C:/Users/Ferry/AppData/Local/UnrealEngine/4.14/DerivedDataCache/Boot.ddc.
[2017.06.12-19.51.38:301][  0]LogInit: Texture streaming: Enabled
[2017.06.12-19.51.38:707][  0]LogInit: Transaction tracking system initialized
[2017.06.12-19.51.39:464][  0]BlueprintLog: New page: Editor Load
[2017.06.12-19.51.41:348][  0]LocalizationService: Info Localization service is disabled
[2017.06.12-19.51.42:769][  0]LogConsoleResponse:Display: 
[2017.06.12-19.51.43:015][  0]LogCook:Display: Max memory allowance for cook 16384mb min free memory 0mb
[2017.06.12-19.51.43:015][  0]LogCook:Display: Mobile HDR setting 1
[2017.06.12-19.51.43:624][  0]LogFileCache: Scanning file cache for directory 'C:/Users/Ferry/Desktop/VANsGame/Mechanics/BasicMechanics/Content/' took 0.04s
[2017.06.12-19.51.45:128][  0]SourceControl: Info Source control is disabled
[2017.06.12-19.51.45:128][  0]Cmd: MAP LOAD FILE="../../../../../../Users/Ferry/Desktop/VANsGame/Mechanics/BasicMechanics/Content/StarterContent/Maps/Minimal_Default.umap" TEMPLATE=0 SHOWPROGRESS=1 FEATURELEVEL=3
[2017.06.12-19.51.45:129][  0]LightingResults: New page: Lighting Build
[2017.06.12-19.51.45:220][  0]MapCheck: New page: Map Check
[2017.06.12-19.51.45:220][  0]LightingResults: New page: Lighting Build
[2017.06.12-19.51.45:813][  0]LogAIModule: Creating AISystem for world Minimal_Default
[2017.06.12-19.51.45:814][  0]LogActorComponent: RegisterComponentWithWorld: (/Game/StarterContent/Maps/Minimal_Default.Minimal_Default:PersistentLevel.WorldSettings_1.StaticMeshComponent0) Trying to register component with IsPendingKill() == true. Aborting.
[2017.06.12-19.51.45:828][  0]LogEditorServer: Finished looking for orphan Actors (0.000 secs)
[2017.06.12-19.51.45:829][  0]Cmd: MAP CHECKDEP NOCLEARLOG
[2017.06.12-19.51.45:907][  0]MapCheck: Info Map check complete: 0 Error(s), 0 Warning(s), took 77.896ms to complete.
[2017.06.12-19.51.45:907][  0]LogFileHelpers: Loading map 'Minimal_Default' took 0.779
[2017.06.12-19.51.46:119][  0]LogCollectionManager: Loaded 0 collections in 0.003668 seconds
[2017.06.12-19.51.46:240][  0]LogFileCache: Scanning file cache for directory 'C:/Users/Ferry/Desktop/VANsGame/Mechanics/BasicMechanics/Saved/Collections/' took 0.01s
[2017.06.12-19.51.46:240][  0]LogFileCache: Scanning file cache for directory 'C:/Users/Ferry/Desktop/VANsGame/Mechanics/BasicMechanics/Content/Developers/Ferry/Collections/' took 0.01s
[2017.06.12-19.51.46:240][  0]LogFileCache: Scanning file cache for directory 'C:/Users/Ferry/Desktop/VANsGame/Mechanics/BasicMechanics/Content/Collections/' took 0.01s
[2017.06.12-19.51.46:240][  0]LogCollectionManager: Rebuilt the GUID cache for 0 collections in 0.000002 seconds
[2017.06.12-19.51.46:255][  0]LogContentBrowser: Native class hierarchy populated in 0.0149 seconds. Added 2190 classes and 428 folders.
[2017.06.12-19.51.46:346][  0]LogStats: UGameplayTagsManager::ConstructGameplayTagTree: Construct from data asset -  0.000 s
[2017.06.12-19.51.46:347][  0]LogStats: UGameplayTagsManager::ConstructGameplayTagTree: GameplayTagTreeChangedEvent.Broadcast -  0.000 s
[2017.06.12-19.51.46:347][  0]LogContentBrowser: Native class hierarchy updated for 'GameplayTags' in 0.0008 seconds. Added 13 classes and 0 folders.
[2017.06.12-19.51.46:479][  0]LogContentBrowser: Native class hierarchy updated for 'WidgetCarousel' in 0.0007 seconds. Added 0 classes and 0 folders.
[2017.06.12-19.51.46:560][  0]LogContentBrowser: Native class hierarchy updated for 'AddContentDialog' in 0.0007 seconds. Added 0 classes and 0 folders.
[2017.06.12-19.51.46:639][  0]LogContentBrowser: Native class hierarchy updated for 'SceneOutliner' in 0.0008 seconds. Added 1 classes and 2 folders.
[2017.06.12-19.51.46:788][  0]LogCrashTracker: Crashtracker disabled due to settings.
[2017.06.12-19.51.46:802][  0]LogUObjectGlobals:Warning: Failed to find object 'Class None.'
[2017.06.12-19.51.46:926][  0]LogContentBrowser: Native class hierarchy updated for 'HierarchicalLODOutliner' in 0.0011 seconds. Added 1 classes and 2 folders.
[2017.06.12-19.51.46:926][  0]LogLoad: (Engine Initialization) Total time: 37.11 seconds
[2017.06.12-19.51.46:926][  0]LogLoad: (Engine Initialization) Total Blueprint compile time: 0.22 seconds
[2017.06.12-19.51.46:926][  0]LogExternalProfiler: No external profilers were discovered.  External profiling features will not be available.
[2017.06.12-19.51.47:269][  0]LogOcInput: OculusInput pre-init called
[2017.06.12-19.51.47:308][  0]LogContentStreaming: Texture pool size now 1000 MB
[2017.06.12-19.51.47:536][  0]LogRenderer: Reallocating scene render targets to support 1184x636 NumSamples 1 (Frame:2).
[2017.06.12-19.51.47:657][  1]LogFileCache: Retrieving MD5 hashes for directory 'C:/Users/Ferry/Desktop/VANsGame/Mechanics/BasicMechanics/Content/' took 0.37s
[2017.06.12-19.51.49:149][  5]LogAssetRegistry: Asset discovery search completed in 21.0003 seconds
[2017.06.12-19.51.49:149][  5]LogCollectionManager: Rebuilt the object cache for 0 collections in 0.000001 seconds (found 0 objects)
[2017.06.12-19.51.49:149][  5]LogCollectionManager: Fixed up redirectors for 0 collections in 0.000025 seconds (updated 0 objects)
[2017.06.12-19.51.59:222][ 38]LogTemp: Repeting last play command: New Editor Window (PIE)
[2017.06.12-19.51.59:282][ 38]LogBlueprintUserMessages: Early PlayInEditor Detection: Level '/Game/StarterContent/Maps/Minimal_Default.Minimal_Default:PersistentLevel' has LevelScriptBlueprint '/Game/StarterContent/Maps/Minimal_Default.Minimal_Default:PersistentLevel.Minimal_Default' with GeneratedClass '/Game/StarterContent/Maps/Minimal_Default.Minimal_Default_C' with ClassGeneratedBy '/Game/StarterContent/Maps/Minimal_Default.Minimal_Default:PersistentLevel.Minimal_Default'
[2017.06.12-19.51.59:282][ 38]LogPlayLevel: PlayLevel: No blueprints needed recompiling
[2017.06.12-19.51.59:283][ 38]PIE: New page: PIE session: Minimal_Default (Jun 12, 2017, 11:51:59 PM)
[2017.06.12-19.51.59:283][ 38]LogPlayLevel: Creating play world package: /Game/StarterContent/Maps/UEDPIE_0_Minimal_Default
[2017.06.12-19.51.59:295][ 38]LogPlayLevel: PIE: StaticDuplicateObject took: (0.012251s)
[2017.06.12-19.51.59:296][ 38]LogAIModule: Creating AISystem for world Minimal_Default
[2017.06.12-19.51.59:296][ 38]LogPlayLevel: PIE: World Init took: (0.001241s)
[2017.06.12-19.51.59:297][ 38]LogPlayLevel: PIE: Created PIE world by copying editor world from /Game/StarterContent/Maps/Minimal_Default.Minimal_Default to /Game/StarterContent/Maps/UEDPIE_0_Minimal_Default.Minimal_Default (0.013843s)
[2017.06.12-19.51.59:340][ 38]LogInit: XAudio2 using 'Altavoces (Realtek High Definition Audio)' : 2 channels at 48 kHz using 32 bits per sample (channel mask 0x3)
[2017.06.12-19.51.59:354][ 38]LogInit: FAudioDevice initialized.
[2017.06.12-19.52.00:757][ 38]LogLoad: Game class is 'DTLInitMode_C'
[2017.06.12-19.52.00:759][ 38]LogWorld: Bringing World /Game/StarterContent/Maps/UEDPIE_0_Minimal_Default.Minimal_Default up for play (max tick rate 0) at 2017.06.12-21.52.00
[2017.06.12-19.52.00:760][ 38]LogWorld: Bringing up level for play took: 0.001726
[2017.06.12-19.52.00:843][ 38]LogContentBrowser: Native class hierarchy updated for 'MovieSceneCapture' in 0.0008 seconds. Added 11 classes and 0 folders.
[2017.06.12-19.52.00:856][ 38]PIE: Info Play in editor start time for /Game/StarterContent/Maps/UEDPIE_0_Minimal_Default 2.14
[2017.06.12-19.52.00:856][ 38]LogBlueprintUserMessages: Late PlayInEditor Detection: Level '/Game/StarterContent/Maps/Minimal_Default.Minimal_Default:PersistentLevel' has LevelScriptBlueprint '/Game/StarterContent/Maps/Minimal_Default.Minimal_Default:PersistentLevel.Minimal_Default' with GeneratedClass '/Game/StarterContent/Maps/Minimal_Default.Minimal_Default_C' with ClassGeneratedBy '/Game/StarterContent/Maps/Minimal_Default.Minimal_Default:PersistentLevel.Minimal_Default'
[2017.06.12-19.52.00:988][ 38]LogRenderer: Reallocating scene render targets to support 1292x756 NumSamples 1 (Frame:6).
[2017.06.12-19.52.03:685][160]LogRenderer: Reallocating scene render targets to support 1920x1016 NumSamples 1 (Frame:130).
[2017.06.12-19.52.06:373][246]LogNet: Browse: /Game/Levels/TutoDef
[2017.06.12-19.52.06:373][246]LogLoad: LoadMap: /Game/Levels/TutoDef
[2017.06.12-19.52.06:462][246]Cmd: MEM
[2017.06.12-19.52.06:501][246]LogMemory: Platform Memory Stats for Windows
[2017.06.12-19.52.06:501][246]LogMemory: Process Physical Memory: 1128.99 MB used, 1141.10 MB peak
[2017.06.12-19.52.06:501][246]LogMemory: Process Virtual Memory: 1807.60 MB used, 1830.23 MB peak
[2017.06.12-19.52.06:501][246]LogMemory: Physical Memory: 5162.89 MB used,  11138.41 MB free, 16301.30 MB total
[2017.06.12-19.52.06:501][246]LogMemory: Virtual Memory: 2610.00 MB used,  11138.41 MB free, 134217728.00 MB total
[2017.06.12-19.52.06:501][246]LogMemory: 
[2017.06.12-19.52.06:501][246]Allocator Stats for TBB: (not implemented)
[2017.06.12-19.52.11:793][246]LogAIModule: Creating AISystem for world TutoDef
[2017.06.12-19.52.11:793][246]LogLoad: Game class is 'DTLGameMode_C'
[2017.06.12-19.52.11:854][246]LogSkeletalMesh: UPhysicsAssetInstance::InitInstance : Could not find root physics body: CharacterMesh0
[2017.06.12-19.52.11:854][246]LogSkeletalMesh: UPhysicsAssetInstance::InitInstance : Could not find root physics body: CharacterMesh0
[2017.06.12-19.52.11:982][246]LogWorld: Bringing World /Game/Levels/UEDPIE_0_TutoDef.TutoDef up for play (max tick rate 0) at 2017.06.12-21.52.11
[2017.06.12-19.52.11:991][246]LogWorld: Bringing up level for play took: 0.196410
[2017.06.12-19.52.12:213][246]LogLoad: Took 5.839779 seconds to LoadMap(/Game/Levels/TutoDef)
[2017.06.12-19.52.20:928][390]LogBlueprintUserMessages: [CheckpointBP_164] Checkpoint Save!
[2017.06.12-19.52.26:695][493]LogBlueprintUserMessages: Early EndPlayMap Detection: Level '/Game/StarterContent/Maps/Minimal_Default.Minimal_Default:PersistentLevel' has LevelScriptBlueprint '/Game/StarterContent/Maps/Minimal_Default.Minimal_Default:PersistentLevel.Minimal_Default' with GeneratedClass '/Game/StarterContent/Maps/Minimal_Default.Minimal_Default_C' with ClassGeneratedBy '/Game/StarterContent/Maps/Minimal_Default.Minimal_Default:PersistentLevel.Minimal_Default'
[2017.06.12-19.52.26:934][493]LogBlueprintUserMessages: Late EndPlayMap Detection: Level '/Game/StarterContent/Maps/Minimal_Default.Minimal_Default:PersistentLevel' has LevelScriptBlueprint '/Game/StarterContent/Maps/Minimal_Default.Minimal_Default:PersistentLevel.Minimal_Default' with GeneratedClass '/Game/StarterContent/Maps/Minimal_Default.Minimal_Default_C' with ClassGeneratedBy '/Game/StarterContent/Maps/Minimal_Default.Minimal_Default:PersistentLevel.Minimal_Default'
[2017.06.12-19.52.32:516][755]LogContentBrowser: Native class hierarchy updated for 'BlueprintGraph' in 0.0018 seconds. Added 111 classes and 0 folders.
[2017.06.12-19.52.43:505][101]BlueprintLog: New page: Compile PauseMenuWidget
[2017.06.12-19.52.44:178][106]LogSavePackage: Save=26.37ms
[2017.06.12-19.52.44:178][106]LogSavePackage: Moving '../../../../../../Users/Ferry/Desktop/VANsGame/Mechanics/BasicMechanics/Saved/PauseMenuWidget612DA1E1415A587232CA43BC2764CA81.tmp' to '../../../../../../Users/Ferry/Desktop/VANsGame/Mechanics/BasicMechanics/Content/Menus/PauseMenu/PauseMenuWidget.uasset'
[2017.06.12-19.52.44:182][106]LogSavePackage:Display: Finished SavePackage ../../../../../../Users/Ferry/Desktop/VANsGame/Mechanics/BasicMechanics/Content/Menus/PauseMenu/PauseMenuWidget.uasset
[2017.06.12-19.52.47:697][282]LogTemp: Repeting last play command: New Editor Window (PIE)
[2017.06.12-19.52.47:769][282]LogBlueprintUserMessages: Early PlayInEditor Detection: Level '/Game/StarterContent/Maps/Minimal_Default.Minimal_Default:PersistentLevel' has LevelScriptBlueprint '/Game/StarterContent/Maps/Minimal_Default.Minimal_Default:PersistentLevel.Minimal_Default' with GeneratedClass '/Game/StarterContent/Maps/Minimal_Default.Minimal_Default_C' with ClassGeneratedBy '/Game/StarterContent/Maps/Minimal_Default.Minimal_Default:PersistentLevel.Minimal_Default'
[2017.06.12-19.52.47:769][282]LogPlayLevel: PlayLevel: No blueprints needed recompiling
[2017.06.12-19.52.47:769][282]PIE: New page: PIE session: Minimal_Default (Jun 12, 2017, 11:52:47 PM)
[2017.06.12-19.52.47:769][282]LogPlayLevel: Creating play world package: /Game/StarterContent/Maps/UEDPIE_0_Minimal_Default
[2017.06.12-19.52.47:780][282]LogPlayLevel: PIE: StaticDuplicateObject took: (0.010978s)
[2017.06.12-19.52.47:781][282]LogAIModule: Creating AISystem for world Minimal_Default
[2017.06.12-19.52.47:782][282]LogPlayLevel: PIE: World Init took: (0.001211s)
[2017.06.12-19.52.47:782][282]LogPlayLevel: PIE: Created PIE world by copying editor world from /Game/StarterContent/Maps/Minimal_Default.Minimal_Default to /Game/StarterContent/Maps/UEDPIE_0_Minimal_Default.Minimal_Default (0.012541s)
[2017.06.12-19.52.47:934][282]LogInit: XAudio2 using 'Altavoces (Realtek High Definition Audio)' : 2 channels at 48 kHz using 32 bits per sample (channel mask 0x3)
[2017.06.12-19.52.48:051][282]LogInit: FAudioDevice initialized.
[2017.06.12-19.52.48:236][282]LogLoad: Game class is 'DTLInitMode_C'
[2017.06.12-19.52.48:239][282]LogWorld: Bringing World /Game/StarterContent/Maps/UEDPIE_0_Minimal_Default.Minimal_Default up for play (max tick rate 0) at 2017.06.12-21.52.48
[2017.06.12-19.52.48:240][282]LogWorld: Bringing up level for play took: 0.002451
[2017.06.12-19.52.48:258][282]PIE: Info Play in editor start time for /Game/StarterContent/Maps/UEDPIE_0_Minimal_Default -0.458
[2017.06.12-19.52.48:259][282]LogBlueprintUserMessages: Late PlayInEditor Detection: Level '/Game/StarterContent/Maps/Minimal_Default.Minimal_Default:PersistentLevel' has LevelScriptBlueprint '/Game/StarterContent/Maps/Minimal_Default.Minimal_Default:PersistentLevel.Minimal_Default' with GeneratedClass '/Game/StarterContent/Maps/Minimal_Default.Minimal_Default_C' with ClassGeneratedBy '/Game/StarterContent/Maps/Minimal_Default.Minimal_Default:PersistentLevel.Minimal_Default'
[2017.06.12-19.52.49:167][320]LogNet: Browse: /Game/Levels/TutoDef
[2017.06.12-19.52.49:167][320]LogLoad: LoadMap: /Game/Levels/TutoDef
[2017.06.12-19.52.49:232][320]Cmd: MEM
[2017.06.12-19.52.49:294][320]LogMemory: Platform Memory Stats for Windows
[2017.06.12-19.52.49:294][320]LogMemory: Process Physical Memory: 2168.90 MB used, 2170.37 MB peak
[2017.06.12-19.52.49:294][320]LogMemory: Process Virtual Memory: 2887.09 MB used, 2888.65 MB peak
[2017.06.12-19.52.49:294][320]LogMemory: Physical Memory: 6125.73 MB used,  10175.57 MB free, 16301.30 MB total
[2017.06.12-19.52.49:294][320]LogMemory: Virtual Memory: 3717.51 MB used,  10175.57 MB free, 134217728.00 MB total
[2017.06.12-19.52.49:294][320]LogMemory: 
[2017.06.12-19.52.49:294][320]Allocator Stats for TBB: (not implemented)
[2017.06.12-19.52.50:510][320]LogAIModule: Creating AISystem for world TutoDef
[2017.06.12-19.52.50:510][320]LogLoad: Game class is 'DTLGameMode_C'
[2017.06.12-19.52.50:560][320]LogSkeletalMesh: UPhysicsAssetInstance::InitInstance : Could not find root physics body: CharacterMesh0
[2017.06.12-19.52.50:561][320]LogSkeletalMesh: UPhysicsAssetInstance::InitInstance : Could not find root physics body: CharacterMesh0
[2017.06.12-19.52.50:706][320]LogWorld: Bringing World /Game/Levels/UEDPIE_0_TutoDef.TutoDef up for play (max tick rate 0) at 2017.06.12-21.52.50
[2017.06.12-19.52.50:711][320]LogWorld: Bringing up level for play took: 0.200369
[2017.06.12-19.52.50:940][320]LogBlueprintUserMessages: [CheckpointBP_164] Checkpoint Save!
[2017.06.12-19.52.50:943][320]LogLoad: Took 1.776072 seconds to LoadMap(/Game/Levels/TutoDef)
[2017.06.12-19.52.58:315][540]LogBlueprintUserMessages: Early EndPlayMap Detection: Level '/Game/StarterContent/Maps/Minimal_Default.Minimal_Default:PersistentLevel' has LevelScriptBlueprint '/Game/StarterContent/Maps/Minimal_Default.Minimal_Default:PersistentLevel.Minimal_Default' with GeneratedClass '/Game/StarterContent/Maps/Minimal_Default.Minimal_Default_C' with ClassGeneratedBy '/Game/StarterContent/Maps/Minimal_Default.Minimal_Default:PersistentLevel.Minimal_Default'
[2017.06.12-19.52.58:454][540]LogBlueprintUserMessages: Late EndPlayMap Detection: Level '/Game/StarterContent/Maps/Minimal_Default.Minimal_Default:PersistentLevel' has LevelScriptBlueprint '/Game/StarterContent/Maps/Minimal_Default.Minimal_Default:PersistentLevel.Minimal_Default' with GeneratedClass '/Game/StarterContent/Maps/Minimal_Default.Minimal_Default_C' with ClassGeneratedBy '/Game/StarterContent/Maps/Minimal_Default.Minimal_Default:PersistentLevel.Minimal_Default'
[2017.06.12-19.53.02:108][723]LogWindowsTextInputMethodSystem:Display: IME system now deactivated.
[2017.06.12-19.53.02:460][724]Cmd: QUIT_EDITOR
[2017.06.12-19.53.03:236][724]LogExit: Preparing to exit.
[2017.06.12-19.53.03:988][724]LogDirectoryWatcher: A directory notification for 'C:/Users/Ferry/Desktop/VANsGame/Mechanics/BasicMechanics/Content/' was aborted.
[2017.06.12-19.53.04:057][724]LogExit: Editor shut down
[2017.06.12-19.53.04:058][724]LogExit: Transaction tracking system shut down
[2017.06.12-19.53.04:548][724]LogObj: Freed 0b from 0 cluster array pools.
[2017.06.12-19.53.04:548][724]LogExit: Object subsystem successfully closed.
[2017.06.12-19.53.04:583][724]LogD3D11RHI: Shutdown
[2017.06.12-19.53.04:583][724]LogD3D11RHI: CleanupD3DDevice
[2017.06.12-19.53.04:816][724]LogD3D11RHI: ~FD3D11DynamicRHI
[2017.06.12-19.53.04:843][724]LogHttp:Display: Http module shutting down, but needs to wait on 1 outstanding Http requests:
[2017.06.12-19.53.04:843][724]LogHttp:Display: 	verb=[POST] url=[https://datarouter.ol.epicgames.com/datarouter/api/v1/public/data?SessionID=%7B637742B3-4A66-783B-9DEE-6D9B2D6693B9%7D&AppID=UEEditor.Rocket.Release&AppVersion=4.14.3-3249277%2B%2B%2BUE4%2BRelease-4.14&UserID=a5dd296f4465423d14943ab8a8e87865%7C2b96ea3f579d47e6bbc473ce50562fcb%7C6c5b9553-4c91-441d-8a7f-4ef32a791c4c&AppEnvironment=datacollector-binary&UploadType=eteventstream] status=Processing
[2017.06.12-19.53.04:870][724]LogModuleManager: Shutting down and abandoning module SequencerWidgets (245)
[2017.06.12-19.53.04:870][724]LogModuleManager: Shutting down and abandoning module BlueprintGraph (244)
[2017.06.12-19.53.04:870][724]LogModuleManager: Shutting down and abandoning module BlueprintProfiler (243)
[2017.06.12-19.53.04:870][724]LogModuleManager: Shutting down and abandoning module MovieSceneCapture (242)
[2017.06.12-19.53.04:870][724]LogModuleManager: Shutting down and abandoning module HierarchicalLODOutliner (241)
[2017.06.12-19.53.04:870][724]LogModuleManager: Shutting down and abandoning module CrashTracker (240)
[2017.06.12-19.53.04:870][724]LogModuleManager: Shutting down and abandoning module SceneOutliner (239)
[2017.06.12-19.53.04:870][724]LogModuleManager: Shutting down and abandoning module WidgetCarousel (238)
[2017.06.12-19.53.04:870][724]LogModuleManager: Shutting down and abandoning module AddContentDialog (237)
[2017.06.12-19.53.04:871][724]LogDirectoryWatcher: A directory notification for 'C:/Program Files/Epic Games/UE_4.14/FeaturePacks/' was aborted.
[2017.06.12-19.53.04:872][724]LogModuleManager: Shutting down and abandoning module GameplayTags (236)
[2017.06.12-19.53.04:872][724]LogModuleManager: Shutting down and abandoning module EditorWidgets (235)
[2017.06.12-19.53.04:872][724]LogModuleManager: Shutting down and abandoning module CollectionManager (234)
[2017.06.12-19.53.04:872][724]LogDirectoryWatcher: A directory notification for 'C:/Users/Ferry/Desktop/VANsGame/Mechanics/BasicMechanics/Content/Collections/' was aborted.
[2017.06.12-19.53.04:873][724]LogDirectoryWatcher: A directory notification for 'C:/Users/Ferry/Desktop/VANsGame/Mechanics/BasicMechanics/Content/Developers/Ferry/Collections/' was aborted.
[2017.06.12-19.53.04:873][724]LogDirectoryWatcher: A directory notification for 'C:/Users/Ferry/Desktop/VANsGame/Mechanics/BasicMechanics/Saved/Collections/' was aborted.
[2017.06.12-19.53.04:873][724]LogModuleManager: Shutting down and abandoning module StatsViewer (233)
[2017.06.12-19.53.04:873][724]LogModuleManager: Shutting down and abandoning module FoliageEdit (232)
[2017.06.12-19.53.04:873][724]LogModuleManager: Shutting down and abandoning module LandscapeEditor (231)
[2017.06.12-19.53.04:873][724]LogModuleManager: Shutting down and abandoning module SceneDepthPickerMode (230)
[2017.06.12-19.53.04:873][724]LogModuleManager: Shutting down and abandoning module ActorPickerMode (229)
[2017.06.12-19.53.04:873][724]LogModuleManager: Shutting down and abandoning module GeometryMode (228)
[2017.06.12-19.53.04:873][724]LogModuleManager: Shutting down and abandoning module TextureAlignMode (227)
[2017.06.12-19.53.04:873][724]LogModuleManager: Shutting down and abandoning module BspMode (226)
[2017.06.12-19.53.04:873][724]LogModuleManager: Shutting down and abandoning module HardwareSurvey (225)
[2017.06.12-19.53.04:873][724]LogModuleManager: Shutting down and abandoning module SequenceRecorderSections (224)
[2017.06.12-19.53.04:873][724]LogModuleManager: Shutting down and abandoning module AutomationWorker (223)
[2017.06.12-19.53.04:873][724]LogModuleManager: Shutting down and abandoning module MatineeToLevelSequence (222)
[2017.06.12-19.53.04:873][724]LogModuleManager: Shutting down and abandoning module PlacementMode (221)
[2017.06.12-19.53.04:873][724]LogModuleManager: Shutting down and abandoning module LevelSequenceEditor (220)
[2017.06.12-19.53.04:873][724]LogModuleManager: Shutting down and abandoning module WmfMediaFactory (219)
[2017.06.12-19.53.04:873][724]LogModuleManager: Shutting down and abandoning module WmfMediaEditor (218)
[2017.06.12-19.53.04:873][724]LogModuleManager: Shutting down and abandoning module AvfMediaFactory (217)
[2017.06.12-19.53.04:873][724]LogModuleManager: Shutting down and abandoning module AvfMediaEditor (216)
[2017.06.12-19.53.04:873][724]LogModuleManager: Shutting down and abandoning module Media (215)
[2017.06.12-19.53.04:873][724]LogModuleManager: Shutting down and abandoning module AndroidMediaFactory (214)
[2017.06.12-19.53.04:873][724]LogModuleManager: Shutting down and abandoning module AndroidMediaEditor (213)
[2017.06.12-19.53.04:873][724]LogModuleManager: Shutting down and abandoning module CharacterAI (212)
[2017.06.12-19.53.04:873][724]LogModuleManager: Shutting down and abandoning module SequenceRecorder (211)
[2017.06.12-19.53.04:873][724]LogModuleManager: Shutting down and abandoning module AudioCapture (210)
[2017.06.12-19.53.04:873][724]LogModuleManager: Shutting down and abandoning module SmartSnapping (209)
[2017.06.12-19.53.04:873][724]LogModuleManager: Shutting down and abandoning module SessionServices (208)
[2017.06.12-19.53.04:873][724]LogModuleManager: Shutting down and abandoning module ViewportSnapping (207)
[2017.06.12-19.53.04:873][724]LogModuleManager: Shutting down and abandoning module ViewportInteraction (206)
[2017.06.12-19.53.04:873][724]LogModuleManager: Shutting down and abandoning module LogVisualizer (205)
[2017.06.12-19.53.04:874][724]LogModuleManager: Shutting down and abandoning module GameProjectGeneration (204)
[2017.06.12-19.53.04:874][724]LogModuleManager: Shutting down and abandoning module IntroTutorials (203)
[2017.06.12-19.53.04:874][724]LogModuleManager: Shutting down and abandoning module EditorLiveStreaming (202)
[2017.06.12-19.53.04:874][724]LogModuleManager: Shutting down and abandoning module IOSPlatformEditor (201)
[2017.06.12-19.53.04:874][724]LogModuleManager: Shutting down and abandoning module HTML5PlatformEditor (200)
[2017.06.12-19.53.04:874][724]LogModuleManager: Shutting down and abandoning module AndroidDeviceDetection (199)
[2017.06.12-19.53.05:158][724]LogModuleManager: Shutting down and abandoning module AndroidPlatformEditor (198)
[2017.06.12-19.53.05:158][724]LogModuleManager: Shutting down and abandoning module IOSRuntimeSettings (197)
[2017.06.12-19.53.05:158][724]LogModuleManager: Shutting down and abandoning module AndroidRuntimeSettings (196)
[2017.06.12-19.53.05:158][724]LogModuleManager: Shutting down and abandoning module InputBindingEditor (195)
[2017.06.12-19.53.05:158][724]LogModuleManager: Shutting down and abandoning module NiagaraEditor (194)
[2017.06.12-19.53.05:158][724]LogModuleManager: Shutting down and abandoning module MergeActors (193)
[2017.06.12-19.53.05:158][724]LogModuleManager: Shutting down and abandoning module SizeMap (192)
[2017.06.12-19.53.05:158][724]LogModuleManager: Shutting down and abandoning module TreeMap (191)
[2017.06.12-19.53.05:158][724]LogModuleManager: Shutting down and abandoning module ReferenceViewer (190)
[2017.06.12-19.53.05:158][724]LogModuleManager: Shutting down and abandoning module LocalizationService (189)
[2017.06.12-19.53.05:158][724]LogModuleManager: Shutting down and abandoning module LocalizationDashboard (188)
[2017.06.12-19.53.05:158][724]LogModuleManager: Shutting down and abandoning module HardwareTargeting (187)
[2017.06.12-19.53.05:158][724]LogModuleManager: Shutting down and abandoning module DeviceProfileEditor (186)
[2017.06.12-19.53.05:159][724]LogModuleManager: Shutting down and abandoning module UndoHistory (185)
[2017.06.12-19.53.05:159][724]LogModuleManager: Shutting down and abandoning module UserFeedback (184)
[2017.06.12-19.53.05:159][724]LogModuleManager: Shutting down and abandoning module XmlParser (183)
[2017.06.12-19.53.05:159][724]LogModuleManager: Shutting down and abandoning module Blutility (182)
[2017.06.12-19.53.05:159][724]LogModuleManager: Shutting down and abandoning module ProjectTargetPlatformEditor (181)
[2017.06.12-19.53.05:159][724]LogModuleManager: Shutting down and abandoning module ProjectSettingsViewer (180)
[2017.06.12-19.53.05:159][724]LogModuleManager: Shutting down and abandoning module EditorSettingsViewer (179)
[2017.06.12-19.53.05:159][724]LogModuleManager: Shutting down and abandoning module SettingsEditor (178)
[2017.06.12-19.53.05:159][724]LogModuleManager: Shutting down and abandoning module ProjectLauncher (177)
[2017.06.12-19.53.05:159][724]LogModuleManager: Shutting down and abandoning module SessionFrontend (176)
[2017.06.12-19.53.05:159][724]LogModuleManager: Shutting down and abandoning module ProfilerClient (175)
[2017.06.12-19.53.05:159][724]LogModuleManager: Shutting down and abandoning module TargetDeviceServices (174)
[2017.06.12-19.53.05:160][724]LogModuleManager: Shutting down and abandoning module DeviceManager (173)
[2017.06.12-19.53.05:202][724]LogModuleManager: Shutting down and abandoning module AutomationController (172)
[2017.06.12-19.53.05:202][724]LogModuleManager: Shutting down and abandoning module AutomationWindow (171)
[2017.06.12-19.53.05:202][724]LogModuleManager: Shutting down and abandoning module Layers (170)
[2017.06.12-19.53.05:202][724]LogModuleManager: Shutting down and abandoning module ComponentVisualizers (169)
[2017.06.12-19.53.05:202][724]LogModuleManager: Shutting down and abandoning module DetailCustomizations (168)
[2017.06.12-19.53.05:202][724]LogModuleManager: Shutting down and abandoning module PackagesDialog (167)
[2017.06.12-19.53.05:202][724]LogModuleManager: Shutting down and abandoning module AnimGraph (166)
[2017.06.12-19.53.05:202][724]LogModuleManager: Shutting down and abandoning module Persona (165)
[2017.06.12-19.53.05:203][724]LogModuleManager: Shutting down and abandoning module Kismet (164)
[2017.06.12-19.53.05:226][724]LogModuleManager: Shutting down and abandoning module GraphEditor (163)
[2017.06.12-19.53.05:226][724]LogModuleManager: Shutting down and abandoning module ClassViewer (162)
[2017.06.12-19.53.05:226][724]LogModuleManager: Shutting down and abandoning module Toolbox (161)
[2017.06.12-19.53.05:226][724]LogModuleManager: Shutting down and abandoning module ModuleUI (160)
[2017.06.12-19.53.05:226][724]LogModuleManager: Shutting down and abandoning module MovieSceneTools (159)
[2017.06.12-19.53.05:226][724]LogModuleManager: Shutting down and abandoning module OutputLog (158)
[2017.06.12-19.53.05:226][724]LogModuleManager: Shutting down and abandoning module GammaUI (157)
[2017.06.12-19.53.05:226][724]LogModuleManager: Shutting down and abandoning module Documentation (156)
[2017.06.12-19.53.05:226][724]LogModuleManager: Shutting down and abandoning module Niagara (155)
[2017.06.12-19.53.05:226][724]LogModuleManager: Shutting down and abandoning module StreamingPauseRendering (154)
[2017.06.12-19.53.05:226][724]LogModuleManager: Shutting down and abandoning module AnalyticsET (153)
[2017.06.12-19.53.05:226][724]LogModuleManager: Shutting down and abandoning module PortalServices (152)
[2017.06.12-19.53.05:226][724]LogModuleManager: Shutting down and abandoning module PortalRpc (151)
[2017.06.12-19.53.05:226][724]LogModuleManager: Shutting down and abandoning module MessagingRpc (150)
[2017.06.12-19.53.05:226][724]LogModuleManager: Shutting down and abandoning module GameplayDebugger (149)
[2017.06.12-19.53.05:226][724]LogModuleManager: Shutting down and abandoning module AITestSuite (148)
[2017.06.12-19.53.05:226][724]LogModuleManager: Shutting down and abandoning module AIModule (147)
[2017.06.12-19.53.05:226][724]LogModuleManager: Shutting down and abandoning module ProfilerService (146)
[2017.06.12-19.53.05:233][724]LogModuleManager: Shutting down and abandoning module TaskGraph (145)
[2017.06.12-19.53.05:234][724]LogModuleManager: Shutting down and abandoning module SlateRemote (144)
[2017.06.12-19.53.05:234][724]LogModuleManager: Shutting down and abandoning module SteamVRController (143)
[2017.06.12-19.53.05:234][724]LogModuleManager: Shutting down and abandoning module SteamVR (142)
[2017.06.12-19.53.05:234][724]LogModuleManager: Shutting down and abandoning module ProceduralMeshComponentEditor (141)
[2017.06.12-19.53.05:234][724]LogModuleManager: Shutting down and abandoning module ProceduralMeshComponent (140)
[2017.06.12-19.53.05:234][724]LogModuleManager: Shutting down and abandoning module OculusLibrary (139)
[2017.06.12-19.53.05:234][724]LogModuleManager: Shutting down and abandoning module OculusInput (138)
[2017.06.12-19.53.05:234][724]LogModuleManager: Shutting down and abandoning module MobilePatchingUtils (137)
[2017.06.12-19.53.05:234][724]LogModuleManager: Shutting down and abandoning module CustomMeshComponent (136)
[2017.06.12-19.53.05:234][724]LogModuleManager: Shutting down and abandoning module CableComponent (135)
[2017.06.12-19.53.05:234][724]LogModuleManager: Shutting down and abandoning module ArchVisCharacter (134)
[2017.06.12-19.53.05:234][724]LogModuleManager: Shutting down and abandoning module MediaPlayerEditor (132)
[2017.06.12-19.53.05:234][724]LogModuleManager: Shutting down and abandoning module HTML5Networking (131)
[2017.06.12-19.53.05:234][724]LogModuleManager: Shutting down and abandoning module GeometryCacheEd (130)
[2017.06.12-19.53.05:234][724]LogModuleManager: Shutting down and abandoning module GeometryCache (129)
[2017.06.12-19.53.05:234][724]LogModuleManager: Shutting down and abandoning module AlembicLibrary (128)
[2017.06.12-19.53.05:234][724]LogModuleManager: Shutting down and abandoning module AlembicImporter (127)
[2017.06.12-19.53.05:234][724]LogModuleManager: Shutting down and abandoning module SuperSearch (126)
[2017.06.12-19.53.05:234][724]LogModuleManager: Shutting down and abandoning module SuperSearchEditor (125)
[2017.06.12-19.53.05:234][724]LogModuleManager: Shutting down and abandoning module SpeedTreeImporter (124)
[2017.06.12-19.53.05:234][724]LogModuleManager: Shutting down and abandoning module PluginBrowser (123)
[2017.06.12-19.53.05:234][724]LogModuleManager: Shutting down and abandoning module MobileLauncherProfileWizard (122)
[2017.06.12-19.53.05:234][724]LogModuleManager: Shutting down and abandoning module EpicSurvey (121)
[2017.06.12-19.53.05:234][724]LogModuleManager: Shutting down and abandoning module DesktopPlatform (120)
[2017.06.12-19.53.05:234][724]LogModuleManager: Shutting down and abandoning module VisualStudioSourceCodeAccess (119)
[2017.06.12-19.53.05:234][724]LogModuleManager: Shutting down and abandoning module UObjectPlugin (118)
[2017.06.12-19.53.05:234][724]LogModuleManager: Shutting down and abandoning module SubversionSourceControl (117)
[2017.06.12-19.53.05:234][724]LogModuleManager: Shutting down and abandoning module PerforceSourceControl (116)
[2017.06.12-19.53.05:235][724]LogModuleManager: Shutting down and abandoning module SourceControl (115)
[2017.06.12-19.53.05:235][724]LogModuleManager: Shutting down and abandoning module GitSourceControl (114)
[2017.06.12-19.53.05:235][724]LogModuleManager: Shutting down and abandoning module LightPropagationVolumeEditor (113)
[2017.06.12-19.53.05:235][724]LogModuleManager: Shutting down and abandoning module PaperTiledImporter (112)
[2017.06.12-19.53.05:235][724]LogModuleManager: Shutting down and abandoning module PaperSpriteSheetImporter (111)
[2017.06.12-19.53.05:235][724]LogModuleManager: Shutting down and abandoning module MeshPaint (110)
[2017.06.12-19.53.05:235][724]LogModuleManager: Shutting down and abandoning module PixelInspectorModule (109)
[2017.06.12-19.53.05:235][724]LogModuleManager: Shutting down and abandoning module HotReload (108)
[2017.06.12-19.53.05:237][724]LogModuleManager: Shutting down and abandoning module MainFrame (107)
[2017.06.12-19.53.05:237][724]LogModuleManager: Shutting down and abandoning module LevelEditor (106)
[2017.06.12-19.53.05:242][724]LogModuleManager: Shutting down and abandoning module ContentBrowser (105)
[2017.06.12-19.53.05:244][724]LogModuleManager: Shutting down and abandoning module Paper2DEditor (104)
[2017.06.12-19.53.05:244][724]LogModuleManager: Shutting down and abandoning module UdpMessaging (103)
[2017.06.12-19.53.05:345][724]LogModuleManager: Shutting down and abandoning module TcpMessaging (102)
[2017.06.12-19.53.05:445][724]LogModuleManager: Shutting down and abandoning module LightPropagationVolumeRuntime (101)
[2017.06.12-19.53.05:445][724]LogModuleManager: Shutting down and abandoning module Paper2D (100)
[2017.06.12-19.53.05:445][724]LogModuleManager: Shutting down and abandoning module WindowsMoviePlayer (99)
[2017.06.12-19.53.05:445][724]LogModuleManager: Shutting down and abandoning module WmfMedia (98)
[2017.06.12-19.53.05:445][724]LogModuleManager: Shutting down and abandoning module MediaAssets (97)
[2017.06.12-19.53.05:445][724]LogModuleManager: Shutting down and abandoning module GameLiveStreaming (96)
[2017.06.12-19.53.05:445][724]LogModuleManager: Shutting down and abandoning module GameplayTagsEditor (95)
[2017.06.12-19.53.05:446][724]LogModuleManager: Shutting down and abandoning module VREditor (94)
[2017.06.12-19.53.05:446][724]LogModuleManager: Shutting down and abandoning module GameplayTasksEditor (93)
[2017.06.12-19.53.05:446][724]LogModuleManager: Shutting down and abandoning module BehaviorTreeEditor (92)
[2017.06.12-19.53.05:446][724]LogModuleManager: Shutting down and abandoning module FunctionalTesting (91)
[2017.06.12-19.53.05:446][724]LogModuleManager: Shutting down and abandoning module CollisionAnalyzer (90)
[2017.06.12-19.53.05:446][724]LogModuleManager: Shutting down and abandoning module Sequencer (89)
[2017.06.12-19.53.05:446][724]LogModuleManager: Shutting down and abandoning module WorkspaceMenuStructure (88)
[2017.06.12-19.53.05:446][724]LogModuleManager: Shutting down and abandoning module MessageLog (87)
[2017.06.12-19.53.05:446][724]LogModuleManager: Shutting down and abandoning module AssetTools (86)
[2017.06.12-19.53.05:446][724]LogModuleManager: Shutting down and abandoning module UMGEditor (85)
[2017.06.12-19.53.05:446][724]LogModuleManager: Shutting down and abandoning module UMG (84)
[2017.06.12-19.53.05:446][724]LogModuleManager: Shutting down and abandoning module SlateReflector (83)
[2017.06.12-19.53.05:446][724]LogModuleManager: Shutting down and abandoning module Slate (82)
[2017.06.12-19.53.05:446][724]LogModuleManager: Shutting down and abandoning module EditorStyle (81)
[2017.06.12-19.53.05:453][724]LogModuleManager: Shutting down and abandoning module SourceCodeAccess (80)
[2017.06.12-19.53.05:453][724]LogModuleManager: Shutting down and abandoning module HeadMountedDisplay (79)
[2017.06.12-19.53.05:453][724]LogModuleManager: Shutting down and abandoning module XAudio2 (78)
[2017.06.12-19.53.05:453][724]LogModuleManager: Shutting down and abandoning module Networking (76)
[2017.06.12-19.53.05:453][724]LogModuleManager: Shutting down and abandoning module Core (75)
[2017.06.12-19.53.05:454][724]LogModuleManager: Shutting down and abandoning module DirectoryWatcher (74)
[2017.06.12-19.53.05:454][724]LogDirectoryWatcher: A directory notification for '../../../Engine/Content/' was aborted.
[2017.06.12-19.53.05:454][724]LogDirectoryWatcher: A directory notification for '../../../../../../Users/Ferry/Desktop/VANsGame/Mechanics/BasicMechanics/Content/' was aborted.
[2017.06.12-19.53.05:454][724]LogDirectoryWatcher: A directory notification for '../../../Engine/Plugins/2D/Paper2D/Content/' was aborted.
[2017.06.12-19.53.05:455][724]LogModuleManager: Shutting down and abandoning module AssetRegistry (73)
[2017.06.12-19.53.05:695][724]LogModuleManager: Shutting down and abandoning module KismetCompiler (72)
[2017.06.12-19.53.05:695][724]LogModuleManager: Shutting down and abandoning module PhysXFormats (71)
[2017.06.12-19.53.05:695][724]LogModuleManager: Shutting down and abandoning module SimplygonSwarm (70)
[2017.06.12-19.53.05:695][724]LogModuleManager: Shutting down and abandoning module SimplygonMeshReduction (69)
[2017.06.12-19.53.05:695][724]LogModuleManager: Shutting down and abandoning module QuadricMeshReduction (68)
[2017.06.12-19.53.05:695][724]LogModuleManager: Shutting down and abandoning module PropertyEditor (67)
[2017.06.12-19.53.05:695][724]LogModuleManager: Shutting down and abandoning module MeshUtilities (66)
[2017.06.12-19.53.05:695][724]LogModuleManager: Shutting down and abandoning module DerivedDataCache (65)
[2017.06.12-19.53.05:878][724]LogDerivedDataCache: Shutdown
[2017.06.12-19.53.05:878][724]LogModuleManager: Shutting down and abandoning module VulkanShaderFormat (64)
[2017.06.12-19.53.05:878][724]LogModuleManager: Shutting down and abandoning module ShaderFormatOpenGL (63)
[2017.06.12-19.53.05:878][724]LogModuleManager: Shutting down and abandoning module ShaderFormatD3D (62)
[2017.06.12-19.53.05:878][724]LogModuleManager: Shutting down and abandoning module MetalShaderFormat (61)
[2017.06.12-19.53.05:878][724]LogModuleManager: Shutting down and abandoning module TextureFormatUncompressed (60)
[2017.06.12-19.53.05:878][724]LogModuleManager: Shutting down and abandoning module TextureFormatPVR (59)
[2017.06.12-19.53.05:879][724]LogModuleManager: Shutting down and abandoning module TextureFormatDXT (58)
[2017.06.12-19.53.05:879][724]LogModuleManager: Shutting down and abandoning module TextureFormatIntelISPCTexComp (57)
[2017.06.12-19.53.05:879][724]LogModuleManager: Shutting down and abandoning module ImageWrapper (56)
[2017.06.12-19.53.05:879][724]LogModuleManager: Shutting down and abandoning module TextureFormatASTC (55)
[2017.06.12-19.53.05:879][724]LogModuleManager: Shutting down and abandoning module TextureFormatAndroid (54)
[2017.06.12-19.53.05:879][724]LogModuleManager: Shutting down and abandoning module AudioFormatOpus (53)
[2017.06.12-19.53.05:879][724]LogModuleManager: Shutting down and abandoning module AudioFormatOgg (52)
[2017.06.12-19.53.05:879][724]LogModuleManager: Shutting down and abandoning module AudioFormatADPCM (51)
[2017.06.12-19.53.05:879][724]LogModuleManager: Shutting down and abandoning module LinuxTargetPlatform (50)
[2017.06.12-19.53.05:879][724]LogModuleManager: Shutting down and abandoning module LinuxServerTargetPlatform (49)
[2017.06.12-19.53.05:879][724]LogModuleManager: Shutting down and abandoning module LinuxNoEditorTargetPlatform (48)
[2017.06.12-19.53.05:879][724]LogModuleManager: Shutting down and abandoning module LinuxClientTargetPlatform (47)
[2017.06.12-19.53.05:879][724]LogModuleManager: Shutting down and abandoning module TVOSTargetPlatform (46)
[2017.06.12-19.53.05:879][724]LogModuleManager: Shutting down and abandoning module Messaging (45)
[2017.06.12-19.53.05:879][724]LogModuleManager: Shutting down and abandoning module IOSTargetPlatform (44)
[2017.06.12-19.53.05:879][724]LogModuleManager: Shutting down and abandoning module HTML5TargetPlatform (43)
[2017.06.12-19.53.05:879][724]LogModuleManager: Shutting down and abandoning module Android_PVRTCTargetPlatform (42)
[2017.06.12-19.53.05:879][724]LogModuleManager: Shutting down and abandoning module Android_MultiTargetPlatform (41)
[2017.06.12-19.53.05:879][724]LogModuleManager: Shutting down and abandoning module Android_ETC2TargetPlatform (40)
[2017.06.12-19.53.05:879][724]LogModuleManager: Shutting down and abandoning module Android_ETC1TargetPlatform (39)
[2017.06.12-19.53.05:879][724]LogModuleManager: Shutting down and abandoning module Android_DXTTargetPlatform (38)
[2017.06.12-19.53.05:880][724]LogModuleManager: Shutting down and abandoning module Android_ATCTargetPlatform (37)
[2017.06.12-19.53.05:880][724]LogModuleManager: Shutting down and abandoning module Android_ASTCTargetPlatform (36)
[2017.06.12-19.53.05:880][724]LogModuleManager: Shutting down and abandoning module AndroidTargetPlatform (35)
[2017.06.12-19.53.05:880][724]LogModuleManager: Shutting down and abandoning module WindowsTargetPlatform (34)
[2017.06.12-19.53.05:880][724]LogModuleManager: Shutting down and abandoning module WindowsServerTargetPlatform (33)
[2017.06.12-19.53.05:880][724]LogModuleManager: Shutting down and abandoning module WindowsNoEditorTargetPlatform (32)
[2017.06.12-19.53.05:880][724]LogModuleManager: Shutting down and abandoning module WindowsClientTargetPlatform (31)
[2017.06.12-19.53.05:880][724]LogModuleManager: Shutting down and abandoning module MacTargetPlatform (30)
[2017.06.12-19.53.05:880][724]LogModuleManager: Shutting down and abandoning module MacServerTargetPlatform (29)
[2017.06.12-19.53.05:880][724]LogModuleManager: Shutting down and abandoning module MacNoEditorTargetPlatform (28)
[2017.06.12-19.53.05:880][724]LogModuleManager: Shutting down and abandoning module MacClientTargetPlatform (27)
[2017.06.12-19.53.05:880][724]LogModuleManager: Shutting down and abandoning module AllDesktopTargetPlatform (26)
[2017.06.12-19.53.05:880][724]LogModuleManager: Shutting down and abandoning module TargetPlatform (25)
[2017.06.12-19.53.05:880][724]LogModuleManager: Shutting down and abandoning module InputCore (24)
[2017.06.12-19.53.05:880][724]LogModuleManager: Shutting down and abandoning module Settings (23)
[2017.06.12-19.53.05:880][724]LogModuleManager: Shutting down and abandoning module OculusRift (22)
[2017.06.12-19.53.05:880][724]LogModuleManager: Shutting down and abandoning module ExampleDeviceProfileSelector (21)
[2017.06.12-19.53.05:880][724]LogModuleManager: Shutting down and abandoning module OnlineBlueprintSupport (20)
[2017.06.12-19.53.05:880][724]LogModuleManager: Shutting down and abandoning module OnlineSubsystem (18)
[2017.06.12-19.53.05:880][724]LogOnline:Display: Unloading online subsystem: NULL
[2017.06.12-19.53.05:880][724]LogModuleManager: Shutting down and abandoning module SSL (17)
[2017.06.12-19.53.05:884][724]LogModuleManager: Shutting down and abandoning module HTTP (16)
[2017.06.12-19.53.05:884][724]LogModuleManager: Shutting down and abandoning module XMPP (15)
[2017.06.12-19.53.05:884][724]LogModuleManager: Shutting down and abandoning module TextureCompressor (14)
[2017.06.12-19.53.05:884][724]LogModuleManager: Shutting down and abandoning module ShaderCore (13)
[2017.06.12-19.53.05:884][724]LogModuleManager: Shutting down and abandoning module Landscape (12)
[2017.06.12-19.53.05:884][724]LogModuleManager: Shutting down and abandoning module SlateRHIRenderer (11)
[2017.06.12-19.53.05:888][724]LogModuleManager: Shutting down and abandoning module OpenGLDrv (10)
[2017.06.12-19.53.05:888][724]LogModuleManager: Shutting down and abandoning module D3D11RHI (9)
[2017.06.12-19.53.05:888][724]LogModuleManager: Shutting down and abandoning module AnimGraphRuntime (8)
[2017.06.12-19.53.05:888][724]LogModuleManager: Shutting down and abandoning module Renderer (7)
[2017.06.12-19.53.05:888][724]LogModuleManager: Shutting down and abandoning module Engine (6)
[2017.06.12-19.53.05:888][724]LogModuleManager: Shutting down and abandoning module CoreUObject (5)
[2017.06.12-19.53.05:888][724]LogModuleManager: Shutting down and abandoning module NetworkFile (4)
[2017.06.12-19.53.05:888][724]LogModuleManager: Shutting down and abandoning module StreamingFile (3)
[2017.06.12-19.53.05:888][724]LogModuleManager: Shutting down and abandoning module SandboxFile (2)
[2017.06.12-19.53.05:888][724]LogModuleManager: Shutting down and abandoning module PakFile (1)
[2017.06.12-19.53.05:891][724]LogExit: Exiting.
[2017.06.12-19.53.05:896][724]Log file closed, 06/12/17 21:53:05
