Log file open, 03/24/17 19:02:41
LogInit:Display: Running engine for game: BasicMechanics
LogPlatformFile: Not using cached read wrapper
LogInit:Display: RandInit(-658341345) SRandInit(-658341345).
LogTaskGraph: Started task graph with 5 named threads and 8 total threads with 1 sets of task threads.
LogStats: Stats thread started at 0.276510
LogPluginManager: Loaded Plugin Paper2D, From D:/Program Files/Epic Games/4.14/Engine/Plugins/2D/Paper2D/Paper2D.uplugin
LogPluginManager: Loaded Plugin LightPropagationVolume, From D:/Program Files/Epic Games/4.14/Engine/Plugins/Blendables/LightPropagationVolume/LightPropagationVolume.uplugin
LogPluginManager: Loaded Plugin BlankPlugin, From D:/Program Files/Epic Games/4.14/Engine/Plugins/Developer/BlankPlugin/BlankPlugin.uplugin
LogPluginManager: Loaded Plugin CodeLiteSourceCodeAccess, From D:/Program Files/Epic Games/4.14/Engine/Plugins/Developer/CodeLiteSourceCodeAccess/CodeLiteSourceCodeAccess.uplugin
LogPluginManager: Loaded Plugin GitSourceControl, From D:/Program Files/Epic Games/4.14/Engine/Plugins/Developer/GitSourceControl/GitSourceControl.uplugin
LogPluginManager: Loaded Plugin KDevelopSourceCodeAccess, From D:/Program Files/Epic Games/4.14/Engine/Plugins/Developer/KDevelopSourceCodeAccess/KDevelopSourceCodeAccess.uplugin
LogPluginManager: Loaded Plugin NullSourceCodeAccess, From D:/Program Files/Epic Games/4.14/Engine/Plugins/Developer/NullSourceCodeAccess/NullSourceCodeAccess.uplugin
LogPluginManager: Loaded Plugin OneSkyLocalizationService, From D:/Program Files/Epic Games/4.14/Engine/Plugins/Developer/OneSkyLocalizationService/OneSkyLocalizationService.uplugin
LogPluginManager: Loaded Plugin PerforceSourceControl, From D:/Program Files/Epic Games/4.14/Engine/Plugins/Developer/PerforceSourceControl/PerforceSourceControl.uplugin
LogPluginManager: Loaded Plugin SubversionSourceControl, From D:/Program Files/Epic Games/4.14/Engine/Plugins/Developer/SubversionSourceControl/SubversionSourceControl.uplugin
LogPluginManager: Loaded Plugin UObjectPlugin, From D:/Program Files/Epic Games/4.14/Engine/Plugins/Developer/UObjectPlugin/UObjectPlugin.uplugin
LogPluginManager: Loaded Plugin VisualStudioSourceCodeAccess, From D:/Program Files/Epic Games/4.14/Engine/Plugins/Developer/VisualStudioSourceCodeAccess/VisualStudioSourceCodeAccess.uplugin
LogPluginManager: Loaded Plugin XCodeSourceCodeAccess, From D:/Program Files/Epic Games/4.14/Engine/Plugins/Developer/XCodeSourceCodeAccess/XCodeSourceCodeAccess.uplugin
LogPluginManager: Loaded Plugin AudioCapture, From D:/Program Files/Epic Games/4.14/Engine/Plugins/Editor/AudioCapture/AudioCapture.uplugin
LogPluginManager: Loaded Plugin EpicSurvey, From D:/Program Files/Epic Games/4.14/Engine/Plugins/Editor/EpicSurvey/EpicSurvey.uplugin
LogPluginManager: Loaded Plugin MacGraphicsSwitching, From D:/Program Files/Epic Games/4.14/Engine/Plugins/Editor/MacGraphicsSwitching/MacGraphicsSwitching.uplugin
LogPluginManager: Loaded Plugin MobileLauncherProfileWizard, From D:/Program Files/Epic Games/4.14/Engine/Plugins/Editor/MobileLauncherProfileWizard/MobileLauncherProfileWizard.uplugin
LogPluginManager: Loaded Plugin PluginBrowser, From D:/Program Files/Epic Games/4.14/Engine/Plugins/Editor/PluginBrowser/PluginBrowser.uplugin
LogPluginManager: Loaded Plugin SpeedTreeImporter, From D:/Program Files/Epic Games/4.14/Engine/Plugins/Editor/SpeedTreeImporter/SpeedTreeImporter.uplugin
LogPluginManager: Loaded Plugin SuperSearchEditor, From D:/Program Files/Epic Games/4.14/Engine/Plugins/Editor/SuperSearchEditor/SuperSearchEditor.uplugin
LogPluginManager: Loaded Plugin AlembicImporter, From D:/Program Files/Epic Games/4.14/Engine/Plugins/Experimental/AlembicImporter/AlembicImporter.uplugin
LogPluginManager: Loaded Plugin BlueprintStats, From D:/Program Files/Epic Games/4.14/Engine/Plugins/Experimental/BlueprintStats/BlueprintStats.uplugin
LogPluginManager: Loaded Plugin CharacterAI, From D:/Program Files/Epic Games/4.14/Engine/Plugins/Experimental/CharacterAI/CharacterAI.uplugin
LogPluginManager: Loaded Plugin CodeEditor, From D:/Program Files/Epic Games/4.14/Engine/Plugins/Experimental/CodeEditor/CodeEditor.uplugin
LogPluginManager: Loaded Plugin CodeView, From D:/Program Files/Epic Games/4.14/Engine/Plugins/Experimental/CodeView/CodeView.uplugin
LogPluginManager: Loaded Plugin HTML5Networking, From D:/Program Files/Epic Games/4.14/Engine/Plugins/Experimental/HTML5Networking/HTML5Networking.uplugin
LogPluginManager: Loaded Plugin OSVR, From D:/Program Files/Epic Games/4.14/Engine/Plugins/Experimental/OSVR/OSVR.uplugin
LogPluginManager: Loaded Plugin Phya, From D:/Program Files/Epic Games/4.14/Engine/Plugins/Experimental/Phya/Phya.uplugin
LogPluginManager: Loaded Plugin SignificanceManager, From D:/Program Files/Epic Games/4.14/Engine/Plugins/Experimental/SignificanceManager/SignificanceManager.uplugin
LogPluginManager: Loaded Plugin SimpleHMD, From D:/Program Files/Epic Games/4.14/Engine/Plugins/Experimental/SimpleHMD/SimpleHMD.uplugin
LogPluginManager: Loaded Plugin StereoPanorama, From D:/Program Files/Epic Games/4.14/Engine/Plugins/Experimental/StereoPanorama/StereoPanorama.uplugin
LogPluginManager: Loaded Plugin StructBox, From D:/Program Files/Epic Games/4.14/Engine/Plugins/Experimental/StructBox/StructBox.uplugin
LogPluginManager: Loaded Plugin AndroidMedia, From D:/Program Files/Epic Games/4.14/Engine/Plugins/Media/AndroidMedia/AndroidMedia.uplugin
LogPluginManager: Loaded Plugin AvfMedia, From D:/Program Files/Epic Games/4.14/Engine/Plugins/Media/AvfMedia/AvfMedia.uplugin
LogPluginManager: Loaded Plugin MediaPlayerEditor, From D:/Program Files/Epic Games/4.14/Engine/Plugins/Media/MediaPlayerEditor/MediaPlayerEditor.uplugin
LogPluginManager: Loaded Plugin WmfMedia, From D:/Program Files/Epic Games/4.14/Engine/Plugins/Media/WmfMedia/WmfMedia.uplugin
LogPluginManager: Loaded Plugin MessagingDebugger, From D:/Program Files/Epic Games/4.14/Engine/Plugins/Messaging/MessagingDebugger/MessagingDebugger.uplugin
LogPluginManager: Loaded Plugin TcpMessaging, From D:/Program Files/Epic Games/4.14/Engine/Plugins/Messaging/TcpMessaging/TcpMessaging.uplugin
LogPluginManager: Loaded Plugin UdpMessaging, From D:/Program Files/Epic Games/4.14/Engine/Plugins/Messaging/UdpMessaging/UdpMessaging.uplugin
LogPluginManager: Loaded Plugin LevelSequenceEditor, From D:/Program Files/Epic Games/4.14/Engine/Plugins/MovieScene/LevelSequenceEditor/LevelSequenceEditor.uplugin
LogPluginManager: Loaded Plugin MatineeToLevelSequence, From D:/Program Files/Epic Games/4.14/Engine/Plugins/MovieScene/MatineeToLevelSequence/MatineeToLevelSequence.uplugin
LogPluginManager: Loaded Plugin NetcodeUnitTest, From D:/Program Files/Epic Games/4.14/Engine/Plugins/NetcodeUnitTest/NetcodeUnitTest/NetcodeUnitTest.uplugin
LogPluginManager: Loaded Plugin NUTUnrealEngine4, From D:/Program Files/Epic Games/4.14/Engine/Plugins/NetcodeUnitTest/NUTUnrealEngine4/NUTUnrealEngine4.uplugin
LogPluginManager: Loaded Plugin OnlineSubsystemGameCircle, From D:/Program Files/Epic Games/4.14/Engine/Plugins/Online/Android/OnlineSubsystemGameCircle/OnlineSubsystemGameCircle.uplugin
LogPluginManager: Loaded Plugin OnlineSubsystemGooglePlay, From D:/Program Files/Epic Games/4.14/Engine/Plugins/Online/Android/OnlineSubsystemGooglePlay/OnlineSubsystemGooglePlay.uplugin
LogPluginManager: Loaded Plugin OnlineSubsystemIOS, From D:/Program Files/Epic Games/4.14/Engine/Plugins/Online/IOS/OnlineSubsystemIOS/OnlineSubsystemIOS.uplugin
LogPluginManager: Loaded Plugin OnlineFramework, From D:/Program Files/Epic Games/4.14/Engine/Plugins/Online/OnlineFramework/OnlineFramework.uplugin
LogPluginManager: Loaded Plugin OnlineSubsystem, From D:/Program Files/Epic Games/4.14/Engine/Plugins/Online/OnlineSubsystem/OnlineSubsystem.uplugin
LogPluginManager: Loaded Plugin OnlineSubsystemAmazon, From D:/Program Files/Epic Games/4.14/Engine/Plugins/Online/OnlineSubsystemAmazon/OnlineSubsystemAmazon.uplugin
LogPluginManager: Loaded Plugin OnlineSubsystemFacebook, From D:/Program Files/Epic Games/4.14/Engine/Plugins/Online/OnlineSubsystemFacebook/OnlineSubsystemFacebook.uplugin
LogPluginManager: Loaded Plugin OnlineSubsystemNull, From D:/Program Files/Epic Games/4.14/Engine/Plugins/Online/OnlineSubsystemNull/OnlineSubsystemNull.uplugin
LogPluginManager: Loaded Plugin OnlineSubsystemOculus, From D:/Program Files/Epic Games/4.14/Engine/Plugins/Online/OnlineSubsystemOculus/OnlineSubsystemOculus.uplugin
LogPluginManager: Loaded Plugin OnlineSubsystemSteam, From D:/Program Files/Epic Games/4.14/Engine/Plugins/Online/OnlineSubsystemSteam/OnlineSubsystemSteam.uplugin
LogPluginManager: Loaded Plugin OnlineSubsystemUtils, From D:/Program Files/Epic Games/4.14/Engine/Plugins/Online/OnlineSubsystemUtils/OnlineSubsystemUtils.uplugin
LogPluginManager: Loaded Plugin IOSTapJoy, From D:/Program Files/Epic Games/4.14/Engine/Plugins/Runtime/Advertising/IOSTapJoy/IOSTapJoy.uplugin
LogPluginManager: Loaded Plugin AnalyticsBlueprintLibrary, From D:/Program Files/Epic Games/4.14/Engine/Plugins/Runtime/Analytics/AnalyticsBlueprintLibrary/AnalyticsBlueprintLibrary.uplugin
LogPluginManager: Loaded Plugin AnalyticsMulticast, From D:/Program Files/Epic Games/4.14/Engine/Plugins/Runtime/Analytics/AnalyticsMulticast/AnalyticsMulticast.uplugin
LogPluginManager: Loaded Plugin Apsalar, From D:/Program Files/Epic Games/4.14/Engine/Plugins/Runtime/Analytics/Apsalar/Apsalar.uplugin
LogPluginManager: Loaded Plugin FileLogging, From D:/Program Files/Epic Games/4.14/Engine/Plugins/Runtime/Analytics/FileLogging/FileLogging.uplugin
LogPluginManager: Loaded Plugin Flurry, From D:/Program Files/Epic Games/4.14/Engine/Plugins/Runtime/Analytics/Flurry/Flurry.uplugin
LogPluginManager: Loaded Plugin AndroidDeviceProfileSelector, From D:/Program Files/Epic Games/4.14/Engine/Plugins/Runtime/AndroidDeviceProfileSelector/AndroidDeviceProfileSelector.uplugin
LogPluginManager: Loaded Plugin AndroidMoviePlayer, From D:/Program Files/Epic Games/4.14/Engine/Plugins/Runtime/AndroidMoviePlayer/AndroidMoviePlayer.uplugin
LogPluginManager: Loaded Plugin AppleMoviePlayer, From D:/Program Files/Epic Games/4.14/Engine/Plugins/Runtime/AppleMoviePlayer/AppleMoviePlayer.uplugin
LogPluginManager: Loaded Plugin ArchVisCharacter, From D:/Program Files/Epic Games/4.14/Engine/Plugins/Runtime/ArchVisCharacter/ArchVisCharacter.uplugin
LogPluginManager: Loaded Plugin CableComponent, From D:/Program Files/Epic Games/4.14/Engine/Plugins/Runtime/CableComponent/CableComponent.uplugin
LogPluginManager: Loaded Plugin CustomMeshComponent, From D:/Program Files/Epic Games/4.14/Engine/Plugins/Runtime/CustomMeshComponent/CustomMeshComponent.uplugin
LogPluginManager: Loaded Plugin ExampleDeviceProfileSelector, From D:/Program Files/Epic Games/4.14/Engine/Plugins/Runtime/ExampleDeviceProfileSelector/ExampleDeviceProfileSelector.uplugin
LogPluginManager: Loaded Plugin GearVR, From D:/Program Files/Epic Games/4.14/Engine/Plugins/Runtime/GearVR/GearVR.uplugin
LogPluginManager: Loaded Plugin GoogleVRController, From D:/Program Files/Epic Games/4.14/Engine/Plugins/Runtime/GoogleVR/GoogleVRController/GoogleVRController.uplugin
LogPluginManager: Loaded Plugin GoogleVRHMD, From D:/Program Files/Epic Games/4.14/Engine/Plugins/Runtime/GoogleVR/GoogleVRHMD/GoogleVRHMD.uplugin
LogPluginManager: Loaded Plugin IOSDeviceProfileSelector, From D:/Program Files/Epic Games/4.14/Engine/Plugins/Runtime/IOSDeviceProfileSelector/IOSDeviceProfileSelector.uplugin
LogPluginManager: Loaded Plugin LeapMotion, From D:/Program Files/Epic Games/4.14/Engine/Plugins/Runtime/LeapMotion/LeapMotion.uplugin
LogPluginManager: Loaded Plugin LinuxDeviceProfileSelector, From D:/Program Files/Epic Games/4.14/Engine/Plugins/Runtime/LinuxDeviceProfileSelector/LinuxDeviceProfileSelector.uplugin
LogPluginManager: Loaded Plugin MIDIDevice, From D:/Program Files/Epic Games/4.14/Engine/Plugins/Runtime/MIDIDevice/MIDIDevice.uplugin
LogPluginManager: Loaded Plugin MobilePatchingUtils, From D:/Program Files/Epic Games/4.14/Engine/Plugins/Runtime/MobilePatchingUtils/MobilePatchingUtils.uplugin
LogPluginManager: Loaded Plugin Ansel, From D:/Program Files/Epic Games/4.14/Engine/Plugins/Runtime/Nvidia/Ansel/Ansel.uplugin
LogPluginManager: Loaded Plugin OculusAudio, From D:/Program Files/Epic Games/4.14/Engine/Plugins/Runtime/OculusAudio/OculusAudio.uplugin
LogPluginManager: Loaded Plugin OculusInput, From D:/Program Files/Epic Games/4.14/Engine/Plugins/Runtime/OculusInput/OculusInput.uplugin
LogPluginManager: Loaded Plugin OculusLibrary, From D:/Program Files/Epic Games/4.14/Engine/Plugins/Runtime/OculusLibrary/OculusLibrary.uplugin
LogPluginManager: Loaded Plugin OculusRift, From D:/Program Files/Epic Games/4.14/Engine/Plugins/Runtime/OculusRift/OculusRift.uplugin
LogPluginManager: Loaded Plugin Oodle, From D:/Program Files/Epic Games/4.14/Engine/Plugins/Runtime/PacketHandlers/CompressionComponents/Oodle/Oodle.uplugin
LogPluginManager: Loaded Plugin ProceduralMeshComponent, From D:/Program Files/Epic Games/4.14/Engine/Plugins/Runtime/ProceduralMeshComponent/ProceduralMeshComponent.uplugin
LogPluginManager: Loaded Plugin SoundMod, From D:/Program Files/Epic Games/4.14/Engine/Plugins/Runtime/SoundMod/SoundMod.uplugin
LogPluginManager: Loaded Plugin SoundVisualizations, From D:/Program Files/Epic Games/4.14/Engine/Plugins/Runtime/SoundVisualizations/SoundVisualizations.uplugin
LogPluginManager: Loaded Plugin SteamController, From D:/Program Files/Epic Games/4.14/Engine/Plugins/Runtime/Steam/SteamController/SteamController.uplugin
LogPluginManager: Loaded Plugin SteamVR, From D:/Program Files/Epic Games/4.14/Engine/Plugins/Runtime/Steam/SteamVR/SteamVR.uplugin
LogPluginManager: Loaded Plugin WebBrowserWidget, From D:/Program Files/Epic Games/4.14/Engine/Plugins/Runtime/WebBrowserWidget/WebBrowserWidget.uplugin
LogPluginManager: Loaded Plugin WindowsDeviceProfileSelector, From D:/Program Files/Epic Games/4.14/Engine/Plugins/Runtime/WindowsDeviceProfileSelector/WindowsDeviceProfileSelector.uplugin
LogPluginManager: Loaded Plugin WindowsMoviePlayer, From D:/Program Files/Epic Games/4.14/Engine/Plugins/Runtime/WindowsMoviePlayer/WindowsMoviePlayer.uplugin
LogPluginManager: Loaded Plugin ScriptPlugin, From D:/Program Files/Epic Games/4.14/Engine/Plugins/ScriptPlugin/ScriptPlugin.uplugin
LogPluginManager: Loaded Plugin SlateRemote, From D:/Program Files/Epic Games/4.14/Engine/Plugins/Slate/SlateRemote/SlateRemote.uplugin
LogPluginManager: Loaded Plugin EditorTests, From D:/Program Files/Epic Games/4.14/Engine/Plugins/Tests/EditorTests/EditorTests.uplugin
LogPluginManager: Loaded Plugin FbxAutomationTestBuilder, From D:/Program Files/Epic Games/4.14/Engine/Plugins/Tests/FbxAutomationTestBuilder/FbxAutomationTestBuilder.uplugin
LogPluginManager: Loaded Plugin FunctionalTestingEditor, From D:/Program Files/Epic Games/4.14/Engine/Plugins/Tests/FunctionalTestingEditor/FunctionalTestingEditor.uplugin
LogPluginManager: Loaded Plugin RuntimeTests, From D:/Program Files/Epic Games/4.14/Engine/Plugins/Tests/RuntimeTests/RuntimeTests.uplugin
LogPluginManager: Loaded Plugin ScreenshotTools, From D:/Program Files/Epic Games/4.14/Engine/Plugins/Tests/ScreenshotTools/ScreenshotTools.uplugin
LogInit: Using libcurl 7.47.1
LogInit:  - built for x86_64-pc-win32
LogInit:  - supports SSL with OpenSSL/1.0.2g
LogInit:  - supports HTTP deflate (compression) using libz 1.2.8
LogInit:  - other features:
LogInit:      CURL_VERSION_SSL
LogInit:      CURL_VERSION_LIBZ
LogInit:      CURL_VERSION_IPV6
LogInit:      CURL_VERSION_ASYNCHDNS
LogInit:      CURL_VERSION_LARGEFILE
LogInit:      CURL_VERSION_IDN
LogInit:  CurlRequestOptions (configurable via config and command line):
LogInit:  - bVerifyPeer = false  - Libcurl will NOT verify peer certificate
LogInit:  - bUseHttpProxy = false  - Libcurl will NOT use HTTP proxy
LogInit:  - bDontReuseConnections = false  - Libcurl will reuse connections
LogInit:  - CertBundlePath = nullptr  - Libcurl will use whatever was configured at build time.
LogInit: Build: ++UE4+Release-4.14-CL-3249277
LogInit: Engine Version: 4.14.3-3249277+++UE4+Release-4.14
LogInit: Compatible Engine Version: 4.14.0-3195953+++UE4+Release-4.14
LogInit: Net CL: 3195953
LogDevObjectVersion: Number of dev versions registered: 13
LogDevObjectVersion:   Dev-Blueprints (B0D832E4-1F89-4F0D-ACCF-7EB736FD4AA2): 7
LogDevObjectVersion:   Dev-Build (E1C64328-A22C-4D53-A36C-8E866417BD8C): 0
LogDevObjectVersion:   Dev-Core (375EC13C-06E4-48FB-B500-84F0262A717E): 1
LogDevObjectVersion:   Dev-Editor (E4B068ED-F494-42E9-A231-DA0B2E46BB41): 8
LogDevObjectVersion:   Dev-Framework (CFFC743F-43B0-4480-9391-14DF171D2073): 17
LogDevObjectVersion:   Dev-Mobile (B02B49B5-BB20-44E9-A304-32B752E40360): 0
LogDevObjectVersion:   Dev-Networking (A4E4105C-59A1-49B5-A7C5-40C4547EDFEE): 0
LogDevObjectVersion:   Dev-Online (39C831C9-5AE6-47DC-9A44-9C173E1C8E7C): 0
LogDevObjectVersion:   Dev-Physics (78F01B33-EBEA-4F98-B9B4-84EACCB95AA2): 0
LogDevObjectVersion:   Dev-Platform (6631380F-2D4D-43E0-8009-CF276956A95A): 0
LogDevObjectVersion:   Dev-Rendering (12F88B9F-8875-4AFC-A67C-D90C383ABD29): 12
LogDevObjectVersion:   Dev-Sequencer (7B5AE74C-D270-4C10-A958-57980B212A5A): 1
LogDevObjectVersion:   Dev-VR (D7296918-1DD6-4BDD-9DE2-64A83CC13884): 0
LogInit: Compiled (64-bit): Jan  6 2017 10:49:43
LogInit: Compiled with Visual C++: 19.00.23026.00
LogInit: Build Configuration: Development
LogInit: Branch Name: ++UE4+Release-4.14
LogInit: Command line:  
LogInit: Base directory: D:/Program Files/Epic Games/4.14/Engine/Binaries/Win64/
LogInit: Installed Engine Build: 1
LogInit: Presizing for max 8388607 objects, including 0 objects not considered by GC, pre-allocating 0 bytes for permanent pool.
LogInit: Object subsystem initialized
[2017.03.24-18.02.41:691][  0]LogInit: Selected Device Profile: [Windows]
[2017.03.24-18.02.41:691][  0]LogInit: Applying CVar settings loaded from the selected device profile: [Windows]
[2017.03.24-18.02.41:726][  0]LogInit: Computer: MEDION
[2017.03.24-18.02.41:726][  0]LogInit: User: Usuario
[2017.03.24-18.02.41:726][  0]LogInit: CPU Page size=65536, Cores=4
[2017.03.24-18.02.41:726][  0]LogInit: High frequency timer resolution =3.312792 MHz
[2017.03.24-18.02.41:727][  0]LogMemory: Memory total: Physical=16.0GB (16GB approx)
[2017.03.24-18.02.41:727][  0]LogMemory: Platform Memory Stats for Windows
[2017.03.24-18.02.41:727][  0]LogMemory: Process Physical Memory: 266.38 MB used, 266.38 MB peak
[2017.03.24-18.02.41:727][  0]LogMemory: Process Virtual Memory: 262.71 MB used, 262.71 MB peak
[2017.03.24-18.02.41:727][  0]LogMemory: Physical Memory: 5230.23 MB used,  11104.35 MB free, 16334.58 MB total
[2017.03.24-18.02.41:727][  0]LogMemory: Virtual Memory: 676.76 MB used,  11104.35 MB free, 134217728.00 MB total
[2017.03.24-18.02.42:238][  0]LogInit: Overriding culture en with editor configuration.
[2017.03.24-18.02.43:358][  0]LogD3D11RHI: D3D11 adapters:
[2017.03.24-18.02.43:388][  0]LogD3D11RHI:    0. 'NVIDIA GeForce GTX 660' (Feature Level 11_0)
[2017.03.24-18.02.43:388][  0]LogD3D11RHI:       1480/0/8167 MB DedicatedVideo/DedicatedSystem/SharedSystem, Outputs:2, VendorId:0x10de
[2017.03.24-18.02.43:389][  0]LogD3D11RHI:    1. 'Microsoft Basic Render Driver' (Feature Level 11_0)
[2017.03.24-18.02.43:389][  0]LogD3D11RHI:       0/0/8167 MB DedicatedVideo/DedicatedSystem/SharedSystem, Outputs:0, VendorId:0x1414
[2017.03.24-18.02.43:389][  0]LogD3D11RHI: Chosen D3D11 Adapter: 0
[2017.03.24-18.02.43:393][  0]LogD3D11RHI: Creating new Direct3DDevice
[2017.03.24-18.02.43:393][  0]LogD3D11RHI:     GPU DeviceId: 0x1185 (for the marketing name, search the web for "GPU Device Id")
[2017.03.24-18.02.43:393][  0]LogWindows: EnumDisplayDevices:
[2017.03.24-18.02.43:393][  0]LogWindows:    0. 'NVIDIA GeForce GTX 660' (P:0 D:1)
[2017.03.24-18.02.43:394][  0]LogWindows:    1. 'NVIDIA GeForce GTX 660' (P:1 D:1)
[2017.03.24-18.02.43:394][  0]LogWindows:    2. 'NVIDIA GeForce GTX 660' (P:0 D:0)
[2017.03.24-18.02.43:394][  0]LogWindows: DebugString: FoundDriverCount:3 
[2017.03.24-18.02.43:394][  0]LogD3D11RHI:     Adapter Name: NVIDIA GeForce GTX 660
[2017.03.24-18.02.43:394][  0]LogD3D11RHI:   Driver Version: 368.39 (internal:10.18.13.6839, unified:368.39)
[2017.03.24-18.02.43:394][  0]LogD3D11RHI:      Driver Date: 6-2-2016
[2017.03.24-18.02.43:394][  0]LogRHI: Texture pool is 1036 MB (70% of 1480 MB)
[2017.03.24-18.02.43:408][  0]LogD3D11RHI:Warning: Timestamp queries are currently disabled on this hardware due to instability. Realtime GPU stats will not be available. You can override this behaviour by setting r.NVIDIATimestampWorkaround to 0
[2017.03.24-18.02.43:408][  0]LogD3D11RHI: Async texture creation enabled
[2017.03.24-18.02.43:425][  0]LogD3D11RHI: GPU Timing Frequency: 1000.000000 (Debug: 2 2)
[2017.03.24-18.02.43:425][  0]LogShaderCompilers: Guid format shader working directory is -25 characters bigger than the processId version (../../../../../../ENTI/CUARTO CURSO/VAN/VANsGame/Mechanics/BasicMechanics/Intermediate/Shaders/WorkingDirectory/9788/).
[2017.03.24-18.02.43:425][  0]LogShaderCompilers: Cleaned the shader compiler working directory 'C:/Users/Usuario/AppData/Local/Temp/UnrealShaderWorkingDir/7350F50D4D396AB53EC110961FBFBC6B/'.
[2017.03.24-18.02.43:425][  0]LogShaderCompilers:Display: Using Local Shader Compiler.
[2017.03.24-18.02.47:096][  0]LogTemp:Display: Loaded TP AllDesktopTargetPlatform
[2017.03.24-18.02.47:173][  0]LogTemp:Display: Loaded TP MacClientTargetPlatform
[2017.03.24-18.02.47:249][  0]LogTemp:Display: Loaded TP MacNoEditorTargetPlatform
[2017.03.24-18.02.47:345][  0]LogTemp:Display: Loaded TP MacServerTargetPlatform
[2017.03.24-18.02.47:444][  0]LogTemp:Display: Loaded TP MacTargetPlatform
[2017.03.24-18.02.47:523][  0]LogTemp:Display: Loaded TP WindowsClientTargetPlatform
[2017.03.24-18.02.47:593][  0]LogTemp:Display: Loaded TP WindowsNoEditorTargetPlatform
[2017.03.24-18.02.47:650][  0]LogTemp:Display: Loaded TP WindowsServerTargetPlatform
[2017.03.24-18.02.47:706][  0]LogTemp:Display: Loaded TP WindowsTargetPlatform
[2017.03.24-18.02.47:775][  0]LogTemp:Display: Loaded TP AndroidTargetPlatform
[2017.03.24-18.02.47:844][  0]LogTemp:Display: Loaded TP Android_ASTCTargetPlatform
[2017.03.24-18.02.47:955][  0]LogTemp:Display: Loaded TP Android_ATCTargetPlatform
[2017.03.24-18.02.48:037][  0]LogTemp:Display: Loaded TP Android_DXTTargetPlatform
[2017.03.24-18.02.48:107][  0]LogTemp:Display: Loaded TP Android_ETC1TargetPlatform
[2017.03.24-18.02.48:173][  0]LogTemp:Display: Loaded TP Android_ETC2TargetPlatform
[2017.03.24-18.02.48:312][  0]LogTemp:Display: Loaded TP Android_MultiTargetPlatform
[2017.03.24-18.02.48:312][  0]LogTemp:Display: Loaded TP Android_PVRTCTargetPlatform
[2017.03.24-18.02.48:360][  0]LogTemp:Display: Loaded TP HTML5TargetPlatform
[2017.03.24-18.02.48:591][  0]LogTemp:Display: Loaded TP IOSTargetPlatform
[2017.03.24-18.02.48:653][  0]LogTemp:Display: Loaded TP TVOSTargetPlatform
[2017.03.24-18.02.48:745][  0]LogTemp:Display: Loaded TP LinuxClientTargetPlatform
[2017.03.24-18.02.48:840][  0]LogTemp:Display: Loaded TP LinuxNoEditorTargetPlatform
[2017.03.24-18.02.48:913][  0]LogTemp:Display: Loaded TP LinuxServerTargetPlatform
[2017.03.24-18.02.48:993][  0]LogTemp:Display: Loaded TP LinuxTargetPlatform
[2017.03.24-18.02.48:993][  0]LogTargetPlatformManager:Display: Building Assets For Windows
[2017.03.24-18.02.50:158][  0]LogDerivedDataCache:Display: Max Cache Size: 512 MB
[2017.03.24-18.02.50:470][  0]LogDerivedDataCache: Loaded boot cache 0.31s 50MB C:/Users/Usuario/AppData/Local/UnrealEngine/4.14/DerivedDataCache/Boot.ddc.
[2017.03.24-18.02.50:470][  0]LogDerivedDataCache:Display: Loaded Boot cache: C:/Users/Usuario/AppData/Local/UnrealEngine/4.14/DerivedDataCache/Boot.ddc
[2017.03.24-18.02.50:471][  0]LogDerivedDataCache: FDerivedDataBackendGraph:  Pak pak cache file ../../../../../../ENTI/CUARTO CURSO/VAN/VANsGame/Mechanics/BasicMechanics/DerivedDataCache/DDC.ddp not found, will not use a pak cache.
[2017.03.24-18.02.50:471][  0]LogDerivedDataCache: Unable to find inner node Pak for hierarchical cache Hierarchy.
[2017.03.24-18.02.50:471][  0]LogDerivedDataCache: FDerivedDataBackendGraph:  CompressedPak pak cache file ../../../../../../ENTI/CUARTO CURSO/VAN/VANsGame/Mechanics/BasicMechanics/DerivedDataCache/Compressed.ddp not found, will not use a pak cache.
[2017.03.24-18.02.50:471][  0]LogDerivedDataCache: Unable to find inner node CompressedPak for hierarchical cache Hierarchy.
[2017.03.24-18.02.50:541][  0]LogDerivedDataCache:Display: Pak cache opened for reading ../../../Engine/DerivedDataCache/Compressed.ddp.
[2017.03.24-18.02.50:554][  0]LogDerivedDataCache: Using Local data cache path C:/Users/Usuario/AppData/Local/UnrealEngine/Common/DerivedDataCache: Writable
[2017.03.24-18.02.51:368][  0]LogInit: Selected Device Profile: [Windows]
[2017.03.24-18.02.51:377][  0]LogContentStreaming: Texture pool size is 0.00 MB
[2017.03.24-18.02.51:774][  0]LogMeshUtilities: Using QuadricMeshReduction for automatic static mesh reduction
[2017.03.24-18.02.51:924][  0]LogSimplygon: Simplygon DLL not present - disabling.
[2017.03.24-18.02.52:042][  0]LogMeshUtilities: Using SimplygonSwarm for distributed automatic mesh merging
[2017.03.24-18.02.52:042][  0]LogMeshUtilities: No automatic skeletal mesh reduction module available
[2017.03.24-18.02.52:042][  0]LogMeshUtilities: No automatic mesh merging module available
[2017.03.24-18.02.54:544][  0]LogNetVersion: GetLocalNetworkVersion: CL: 3195953, ProjectName: basicmechanics, ProjectVersion: , EngineNetworkVersion: 2, GameNetworkVersion: 0, NetworkChecksum: 1363929391
[2017.03.24-18.02.54:703][  0]LogAssetRegistry: FAssetRegistry took 0.0223 seconds to start up
[2017.03.24-18.02.54:737][  0]LogPackageLocalizationCache: Processed 3 localized package path(s) for 1 prioritized culture(s) in 0.012635 seconds
[2017.03.24-18.02.54:742][  0]LogUObjectArray: 31946 objects as part of root set at end of initial load.
[2017.03.24-18.02.54:742][  0]LogUObjectAllocator: 6935848 out of 0 bytes used by permanent object pool.
[2017.03.24-18.02.54:742][  0]LogUObjectArray: CloseDisregardForGC: 0/0 objects in disregard for GC pool
[2017.03.24-18.02.54:812][  0]LogInit: WinSock: version 1.1 (2.2), MaxSocks=32767, MaxUdp=65467
[2017.03.24-18.02.56:609][  0]LogSlate: Using Freetype 2.6.0
[2017.03.24-18.02.56:630][  0]LogSlate: SlateFontCache - WITH_FREETYPE: 1, WITH_HARFBUZZ: 1
[2017.03.24-18.02.56:630][  0]LogSlate: SlateFontCache - WITH_FREETYPE: 1, WITH_HARFBUZZ: 1
[2017.03.24-18.03.10:206][  0]LogTcpMessaging: Initializing TcpMessaging bridge
[2017.03.24-18.03.10:261][  0]LogUdpMessaging: Initializing bridge on interface 0.0.0.0:0 to multicast group 230.0.0.1:6666.
[2017.03.24-18.03.11:255][  0]LogMaterial: Uniform references updated for custom material expression Custom.
[2017.03.24-18.03.12:005][  0]SourceControl: Info Source control is disabled
[2017.03.24-18.03.12:007][  0]SourceControl: Info Source control is disabled
[2017.03.24-18.03.12:215][  0]SourceControl: Info Source control is disabled
[2017.03.24-18.03.12:320][  0]SourceControl: Info Source control is disabled
[2017.03.24-18.03.14:809][  0]LogEngine: Initializing Engine...
[2017.03.24-18.03.14:811][  0]LogHMD: Failed to initialize OpenVR with code 110
[2017.03.24-18.03.15:358][  0]LogAIModule: Creating AISystem for world Untitled
[2017.03.24-18.03.15:383][  0]LogInit: XAudio2 using 'Speakers (Realtek High Definition Audio)' : 2 channels at 48 kHz using 32 bits per sample (channel mask 0x3)
[2017.03.24-18.03.15:409][  0]LogInit: FAudioDevice initialized.
[2017.03.24-18.03.15:432][  0]LogDerivedDataCache: Saved boot cache 0.02s 50MB C:/Users/Usuario/AppData/Local/UnrealEngine/4.14/DerivedDataCache/Boot.ddc.
[2017.03.24-18.03.15:436][  0]LogInit: Texture streaming: Enabled
[2017.03.24-18.03.16:288][  0]LogInit: Transaction tracking system initialized
[2017.03.24-18.03.17:215][  0]BlueprintLog: New page: Editor Load
[2017.03.24-18.03.20:118][  0]LocalizationService: Info Localization service is disabled
[2017.03.24-18.03.22:733][  0]LogConsoleResponse:Display: 
[2017.03.24-18.03.23:958][  0]LogCook:Display: Max memory allowance for cook 16384mb min free memory 0mb
[2017.03.24-18.03.23:958][  0]LogCook:Display: Mobile HDR setting 1
[2017.03.24-18.03.24:556][  0]LogFileCache: Scanning file cache for directory 'D:/ENTI/CUARTO CURSO/VAN/VANsGame/Mechanics/BasicMechanics/Content/' took 0.02s
[2017.03.24-18.03.26:002][  0]SourceControl: Info Source control is disabled
[2017.03.24-18.03.26:002][  0]Cmd: MAP LOAD FILE="../../../../../../ENTI/CUARTO CURSO/VAN/VANsGame/Mechanics/BasicMechanics/Content/StarterContent/Maps/Minimal_Default.umap" TEMPLATE=0 SHOWPROGRESS=1 FEATURELEVEL=3
[2017.03.24-18.03.26:020][  0]LightingResults: New page: Lighting Build
[2017.03.24-18.03.26:078][  0]MapCheck: New page: Map Check
[2017.03.24-18.03.26:078][  0]LightingResults: New page: Lighting Build
[2017.03.24-18.03.27:429][  0]LogAIModule: Creating AISystem for world Minimal_Default
[2017.03.24-18.03.27:430][  0]LogActorComponent: RegisterComponentWithWorld: (/Game/StarterContent/Maps/Minimal_Default.Minimal_Default:PersistentLevel.WorldSettings_1.StaticMeshComponent0) Trying to register component with IsPendingKill() == true. Aborting.
[2017.03.24-18.03.27:494][  0]LogEditorServer: Finished looking for orphan Actors (0.000 secs)
[2017.03.24-18.03.27:496][  0]Cmd: MAP CHECKDEP NOCLEARLOG
[2017.03.24-18.03.27:571][  0]MapCheck: Info Map check complete: 0 Error(s), 0 Warning(s), took 75.026ms to complete.
[2017.03.24-18.03.27:571][  0]LogFileHelpers: Loading map 'Minimal_Default' took 1.569
[2017.03.24-18.03.27:754][  0]LogCollectionManager: Loaded 0 collections in 0.001351 seconds
[2017.03.24-18.03.27:827][  0]LogFileCache: Scanning file cache for directory 'D:/ENTI/CUARTO CURSO/VAN/VANsGame/Mechanics/BasicMechanics/Saved/Collections/' took 0.01s
[2017.03.24-18.03.27:827][  0]LogFileCache: Scanning file cache for directory 'D:/ENTI/CUARTO CURSO/VAN/VANsGame/Mechanics/BasicMechanics/Content/Developers/Usuario/Collections/' took 0.01s
[2017.03.24-18.03.27:827][  0]LogFileCache: Scanning file cache for directory 'D:/ENTI/CUARTO CURSO/VAN/VANsGame/Mechanics/BasicMechanics/Content/Collections/' took 0.01s
[2017.03.24-18.03.27:827][  0]LogCollectionManager: Rebuilt the GUID cache for 0 collections in 0.000004 seconds
[2017.03.24-18.03.27:837][  0]LogContentBrowser: Native class hierarchy populated in 0.0089 seconds. Added 2190 classes and 428 folders.
[2017.03.24-18.03.27:872][  0]LogStats: UGameplayTagsManager::ConstructGameplayTagTree: Construct from data asset -  0.000 s
[2017.03.24-18.03.27:872][  0]LogStats: UGameplayTagsManager::ConstructGameplayTagTree: GameplayTagTreeChangedEvent.Broadcast -  0.000 s
[2017.03.24-18.03.27:873][  0]LogContentBrowser: Native class hierarchy updated for 'GameplayTags' in 0.0005 seconds. Added 13 classes and 0 folders.
[2017.03.24-18.03.27:922][  0]LogContentBrowser: Native class hierarchy updated for 'WidgetCarousel' in 0.0004 seconds. Added 0 classes and 0 folders.
[2017.03.24-18.03.28:960][  0]LogContentBrowser: Native class hierarchy updated for 'AddContentDialog' in 0.0011 seconds. Added 0 classes and 0 folders.
[2017.03.24-18.03.29:491][  0]LogContentBrowser: Native class hierarchy updated for 'SceneOutliner' in 0.0011 seconds. Added 1 classes and 2 folders.
[2017.03.24-18.03.29:686][  0]LogCrashTracker: Crashtracker disabled due to settings.
[2017.03.24-18.03.29:695][  0]LogUObjectGlobals:Warning: Failed to find object 'Class None.'
[2017.03.24-18.03.29:992][  0]LogContentBrowser: Native class hierarchy updated for 'HierarchicalLODOutliner' in 0.0005 seconds. Added 1 classes and 2 folders.
[2017.03.24-18.03.29:993][  0]LogLoad: (Engine Initialization) Total time: 51.95 seconds
[2017.03.24-18.03.29:993][  0]LogLoad: (Engine Initialization) Total Blueprint compile time: 0.12 seconds
[2017.03.24-18.03.29:993][  0]LogExternalProfiler: Found external profiler: VSPerf
[2017.03.24-18.03.29:993][  0]LogExternalProfiler: Using external profiler: VSPerf
[2017.03.24-18.03.30:332][  0]LogOcInput: OculusInput pre-init called
[2017.03.24-18.03.30:373][  0]LogContentStreaming: Texture pool size now 1000 MB
[2017.03.24-18.03.31:126][  0]LogRenderer: Reallocating scene render targets to support 1208x576 NumSamples 1 (Frame:2).
[2017.03.24-18.03.31:218][  1]LogFileCache: Retrieving MD5 hashes for directory 'D:/ENTI/CUARTO CURSO/VAN/VANsGame/Mechanics/BasicMechanics/Content/' took 0.87s
[2017.03.24-18.03.31:559][  2]LogAssetRegistry: Asset discovery search completed in 36.8783 seconds
[2017.03.24-18.03.31:559][  2]LogCollectionManager: Rebuilt the object cache for 0 collections in 0.000001 seconds (found 0 objects)
[2017.03.24-18.03.31:559][  2]LogCollectionManager: Fixed up redirectors for 0 collections in 0.000018 seconds (updated 0 objects)
[2017.03.24-18.05.27:494][283]LogAIModule: Creating AISystem for world Village
[2017.03.24-18.05.27:533][283]Cmd: MAP LOAD FILE="../../../../../../ENTI/CUARTO CURSO/VAN/VANsGame/Mechanics/BasicMechanics/Content/Levels/Village.umap" TEMPLATE=0 SHOWPROGRESS=1 FEATURELEVEL=3
[2017.03.24-18.05.27:533][283]LightingResults: New page: Lighting Build
[2017.03.24-18.05.27:534][283]LoadErrors: New page: Loading map: Village.umap
[2017.03.24-18.05.27:535][283]MapCheck: New page: Map Check
[2017.03.24-18.05.27:535][283]LightingResults: New page: Lighting Build
[2017.03.24-18.05.27:554][283]LogEditorServer: Finished looking for orphan Actors (0.000 secs)
[2017.03.24-18.05.27:600][283]Cmd: MAP CHECKDEP NOCLEARLOG
[2017.03.24-18.05.27:683][283]MapCheck: Info Map check complete: 0 Error(s), 0 Warning(s), took 83.104ms to complete.
[2017.03.24-18.05.27:683][283]LogFileHelpers: Loading map 'Village' took 0.151
[2017.03.24-18.05.29:591][496]LogTemp: Repeting last play command: New Editor Window (PIE)
[2017.03.24-18.05.29:616][496]LogPlayLevel: PlayLevel: No blueprints needed recompiling
[2017.03.24-18.05.29:617][496]PIE: New page: PIE session: Village (Mar 24, 2017, 8:05:29 PM)
[2017.03.24-18.05.29:617][496]LogPlayLevel: Creating play world package: /Game/Levels/UEDPIE_0_Village
[2017.03.24-18.05.29:626][496]LogPlayLevel: PIE: StaticDuplicateObject took: (0.008696s)
[2017.03.24-18.05.29:626][496]LogAIModule: Creating AISystem for world Village
[2017.03.24-18.05.29:626][496]LogPlayLevel: PIE: World Init took: (0.000665s)
[2017.03.24-18.05.29:626][496]LogPlayLevel: PIE: Created PIE world by copying editor world from /Game/Levels/Village.Village to /Game/Levels/UEDPIE_0_Village.Village (0.009568s)
[2017.03.24-18.05.29:649][496]LogInit: XAudio2 using 'Speakers (Realtek High Definition Audio)' : 2 channels at 48 kHz using 32 bits per sample (channel mask 0x3)
[2017.03.24-18.05.29:659][496]LogInit: FAudioDevice initialized.
[2017.03.24-18.05.29:727][496]LogLoad: Game class is 'GameModeBase'
[2017.03.24-18.05.29:736][496]LogWorld: Bringing World /Game/Levels/UEDPIE_0_Village.Village up for play (max tick rate 0) at 2017.03.24-19.05.29
[2017.03.24-18.05.29:737][496]LogWorld: Bringing up level for play took: 0.007507
[2017.03.24-18.05.29:786][496]LogContentBrowser: Native class hierarchy updated for 'MovieSceneCapture' in 0.0005 seconds. Added 11 classes and 0 folders.
[2017.03.24-18.05.29:790][496]PIE: Info Play in editor start time for /Game/Levels/UEDPIE_0_Village -0.12
[2017.03.24-18.05.29:836][496]LogRenderer: Reallocating scene render targets to support 1292x756 NumSamples 1 (Frame:1154).
[2017.03.24-18.05.41:408][857]LogTemp: Repeting last play command: New Editor Window (PIE)
[2017.03.24-18.05.41:434][857]LogPlayLevel: PlayLevel: No blueprints needed recompiling
[2017.03.24-18.05.41:434][857]PIE: New page: PIE session: Village (Mar 24, 2017, 8:05:41 PM)
[2017.03.24-18.05.41:434][857]LogPlayLevel: Creating play world package: /Game/Levels/UEDPIE_0_Village
[2017.03.24-18.05.41:442][857]LogPlayLevel: PIE: StaticDuplicateObject took: (0.008563s)
[2017.03.24-18.05.41:443][857]LogAIModule: Creating AISystem for world Village
[2017.03.24-18.05.41:443][857]LogPlayLevel: PIE: World Init took: (0.000635s)
[2017.03.24-18.05.41:443][857]LogPlayLevel: PIE: Created PIE world by copying editor world from /Game/Levels/Village.Village to /Game/Levels/UEDPIE_0_Village.Village (0.009395s)
[2017.03.24-18.05.41:467][857]LogInit: XAudio2 using 'Speakers (Realtek High Definition Audio)' : 2 channels at 48 kHz using 32 bits per sample (channel mask 0x3)
[2017.03.24-18.05.41:477][857]LogInit: FAudioDevice initialized.
[2017.03.24-18.05.41:528][857]LogLoad: Game class is 'GameModeBase'
[2017.03.24-18.05.41:536][857]LogWorld: Bringing World /Game/Levels/UEDPIE_0_Village.Village up for play (max tick rate 0) at 2017.03.24-19.05.41
[2017.03.24-18.05.41:536][857]LogWorld: Bringing up level for play took: 0.006647
[2017.03.24-18.05.41:543][857]PIE: Info Play in editor start time for /Game/Levels/UEDPIE_0_Village -0.367
[2017.03.24-18.05.54:339][352]LogTemp: Repeting last play command: New Editor Window (PIE)
[2017.03.24-18.05.54:364][352]LogPlayLevel: PlayLevel: No blueprints needed recompiling
[2017.03.24-18.05.54:364][352]PIE: New page: PIE session: Village (Mar 24, 2017, 8:05:54 PM)
[2017.03.24-18.05.54:364][352]LogPlayLevel: Creating play world package: /Game/Levels/UEDPIE_0_Village
[2017.03.24-18.05.54:372][352]LogPlayLevel: PIE: StaticDuplicateObject took: (0.007973s)
[2017.03.24-18.05.54:373][352]LogAIModule: Creating AISystem for world Village
[2017.03.24-18.05.54:373][352]LogPlayLevel: PIE: World Init took: (0.000618s)
[2017.03.24-18.05.54:373][352]LogPlayLevel: PIE: Created PIE world by copying editor world from /Game/Levels/Village.Village to /Game/Levels/UEDPIE_0_Village.Village (0.008782s)
[2017.03.24-18.05.54:396][352]LogInit: XAudio2 using 'Speakers (Realtek High Definition Audio)' : 2 channels at 48 kHz using 32 bits per sample (channel mask 0x3)
[2017.03.24-18.05.54:406][352]LogInit: FAudioDevice initialized.
[2017.03.24-18.05.54:461][352]LogLoad: Game class is 'GameModeBase'
[2017.03.24-18.05.54:468][352]LogWorld: Bringing World /Game/Levels/UEDPIE_0_Village.Village up for play (max tick rate 0) at 2017.03.24-19.05.54
[2017.03.24-18.05.54:469][352]LogWorld: Bringing up level for play took: 0.006651
[2017.03.24-18.05.54:478][352]PIE: Info Play in editor start time for /Game/Levels/UEDPIE_0_Village 0.567
[2017.03.24-18.06.12:418][413]LogTemp: Repeting last play command: New Editor Window (PIE)
[2017.03.24-18.06.12:443][413]LogPlayLevel: PlayLevel: No blueprints needed recompiling
[2017.03.24-18.06.12:443][413]PIE: New page: PIE session: Village (Mar 24, 2017, 8:06:12 PM)
[2017.03.24-18.06.12:443][413]LogPlayLevel: Creating play world package: /Game/Levels/UEDPIE_0_Village
[2017.03.24-18.06.12:452][413]LogPlayLevel: PIE: StaticDuplicateObject took: (0.008080s)
[2017.03.24-18.06.12:452][413]LogAIModule: Creating AISystem for world Village
[2017.03.24-18.06.12:452][413]LogPlayLevel: PIE: World Init took: (0.000585s)
[2017.03.24-18.06.12:452][413]LogPlayLevel: PIE: Created PIE world by copying editor world from /Game/Levels/Village.Village to /Game/Levels/UEDPIE_0_Village.Village (0.008896s)
[2017.03.24-18.06.12:476][413]LogInit: XAudio2 using 'Speakers (Realtek High Definition Audio)' : 2 channels at 48 kHz using 32 bits per sample (channel mask 0x3)
[2017.03.24-18.06.12:486][413]LogInit: FAudioDevice initialized.
[2017.03.24-18.06.12:534][413]LogLoad: Game class is 'GameModeBase'
[2017.03.24-18.06.12:538][413]LogWorld: Bringing World /Game/Levels/UEDPIE_0_Village.Village up for play (max tick rate 0) at 2017.03.24-19.06.12
[2017.03.24-18.06.12:539][413]LogWorld: Bringing up level for play took: 0.003581
[2017.03.24-18.06.12:544][413]PIE: Info Play in editor start time for /Game/Levels/UEDPIE_0_Village 0.633
[2017.03.24-18.06.46:358][447]LogTemp: Repeting last play command: New Editor Window (PIE)
[2017.03.24-18.06.46:385][447]LogPlayLevel: PlayLevel: No blueprints needed recompiling
[2017.03.24-18.06.46:385][447]PIE: New page: PIE session: Village (Mar 24, 2017, 8:06:46 PM)
[2017.03.24-18.06.46:385][447]LogPlayLevel: Creating play world package: /Game/Levels/UEDPIE_0_Village
[2017.03.24-18.06.46:394][447]LogPlayLevel: PIE: StaticDuplicateObject took: (0.008803s)
[2017.03.24-18.06.46:394][447]LogAIModule: Creating AISystem for world Village
[2017.03.24-18.06.46:394][447]LogPlayLevel: PIE: World Init took: (0.000572s)
[2017.03.24-18.06.46:394][447]LogPlayLevel: PIE: Created PIE world by copying editor world from /Game/Levels/Village.Village to /Game/Levels/UEDPIE_0_Village.Village (0.009570s)
[2017.03.24-18.06.46:418][447]LogInit: XAudio2 using 'Speakers (Realtek High Definition Audio)' : 2 channels at 48 kHz using 32 bits per sample (channel mask 0x3)
[2017.03.24-18.06.46:428][447]LogInit: FAudioDevice initialized.
[2017.03.24-18.06.46:483][447]LogLoad: Game class is 'GameModeBase'
[2017.03.24-18.06.46:491][447]LogWorld: Bringing World /Game/Levels/UEDPIE_0_Village.Village up for play (max tick rate 0) at 2017.03.24-19.06.46
[2017.03.24-18.06.46:491][447]LogWorld: Bringing up level for play took: 0.006470
[2017.03.24-18.06.46:497][447]PIE: Info Play in editor start time for /Game/Levels/UEDPIE_0_Village 0.587
[2017.03.24-18.07.14:720][496]LogContentBrowser: Native class hierarchy updated for 'BlueprintGraph' in 0.0009 seconds. Added 111 classes and 0 folders.
[2017.03.24-18.07.15:164][496]LogSkeletalMesh: InitArticulated: Bodies already created (/Engine/Transient.DebugSkelMeshComponent_0) - call TermArticulated first.
[2017.03.24-18.07.22:480][800]BlueprintLog: New page: Compile VANmovement
[2017.03.24-18.08.03:468][895]LogTemp: Repeting last play command: New Editor Window (PIE)
[2017.03.24-18.08.03:493][895]BlueprintLog: New page: Pre-Play auto-recompile
[2017.03.24-18.08.03:493][895]LogPlayLevel: [PlayLevel] Compiling VANmovement before play...
[2017.03.24-18.08.03:712][895]LogPlayLevel: PlayLevel: Blueprint regeneration took 218 ms (1 blueprints)
[2017.03.24-18.08.03:712][895]PIE: New page: PIE session: Village (Mar 24, 2017, 8:08:03 PM)
[2017.03.24-18.08.03:712][895]LogPlayLevel: Creating play world package: /Game/Levels/UEDPIE_0_Village
[2017.03.24-18.08.03:721][895]LogPlayLevel: PIE: StaticDuplicateObject took: (0.008987s)
[2017.03.24-18.08.03:722][895]LogAIModule: Creating AISystem for world Village
[2017.03.24-18.08.03:722][895]LogPlayLevel: PIE: World Init took: (0.000652s)
[2017.03.24-18.08.03:722][895]LogPlayLevel: PIE: Created PIE world by copying editor world from /Game/Levels/Village.Village to /Game/Levels/UEDPIE_0_Village.Village (0.009853s)
[2017.03.24-18.08.03:750][895]LogInit: XAudio2 using 'Speakers (Realtek High Definition Audio)' : 2 channels at 48 kHz using 32 bits per sample (channel mask 0x3)
[2017.03.24-18.08.03:760][895]LogInit: FAudioDevice initialized.
[2017.03.24-18.08.03:815][895]LogLoad: Game class is 'GameModeBase'
[2017.03.24-18.08.03:819][895]LogWorld: Bringing World /Game/Levels/UEDPIE_0_Village.Village up for play (max tick rate 0) at 2017.03.24-19.08.03
[2017.03.24-18.08.03:819][895]LogWorld: Bringing up level for play took: 0.003549
[2017.03.24-18.08.03:830][895]PIE: Info Play in editor start time for /Game/Levels/UEDPIE_0_Village -0.08
[2017.03.24-18.08.22:588][836]LogTemp: Repeting last play command: New Editor Window (PIE)
[2017.03.24-18.08.22:615][836]LogPlayLevel: PlayLevel: No blueprints needed recompiling
[2017.03.24-18.08.22:615][836]PIE: New page: PIE session: Village (Mar 24, 2017, 8:08:22 PM)
[2017.03.24-18.08.22:615][836]LogPlayLevel: Creating play world package: /Game/Levels/UEDPIE_0_Village
[2017.03.24-18.08.22:623][836]LogPlayLevel: PIE: StaticDuplicateObject took: (0.007906s)
[2017.03.24-18.08.22:624][836]LogAIModule: Creating AISystem for world Village
[2017.03.24-18.08.22:624][836]LogPlayLevel: PIE: World Init took: (0.000668s)
[2017.03.24-18.08.22:624][836]LogPlayLevel: PIE: Created PIE world by copying editor world from /Game/Levels/Village.Village to /Game/Levels/UEDPIE_0_Village.Village (0.008774s)
[2017.03.24-18.08.22:655][836]LogInit: XAudio2 using 'Speakers (Realtek High Definition Audio)' : 2 channels at 48 kHz using 32 bits per sample (channel mask 0x3)
[2017.03.24-18.08.22:664][836]LogInit: FAudioDevice initialized.
[2017.03.24-18.08.22:717][836]LogLoad: Game class is 'GameModeBase'
[2017.03.24-18.08.22:721][836]LogWorld: Bringing World /Game/Levels/UEDPIE_0_Village.Village up for play (max tick rate 0) at 2017.03.24-19.08.22
[2017.03.24-18.08.22:722][836]LogWorld: Bringing up level for play took: 0.003246
[2017.03.24-18.08.22:732][836]PIE: Info Play in editor start time for /Game/Levels/UEDPIE_0_Village 0.822
[2017.03.24-18.10.50:036][472]LogTemp: Repeting last play command: New Editor Window (PIE)
[2017.03.24-18.10.50:064][472]BlueprintLog: New page: Pre-Play auto-recompile
[2017.03.24-18.10.50:064][472]LogPlayLevel: [PlayLevel] Compiling VANmovement before play...
[2017.03.24-18.10.50:216][472]LogPlayLevel: PlayLevel: Blueprint regeneration took 151 ms (1 blueprints)
[2017.03.24-18.10.50:216][472]PIE: New page: PIE session: Village (Mar 24, 2017, 8:10:50 PM)
[2017.03.24-18.10.50:216][472]LogPlayLevel: Creating play world package: /Game/Levels/UEDPIE_0_Village
[2017.03.24-18.10.50:224][472]LogPlayLevel: PIE: StaticDuplicateObject took: (0.008273s)
[2017.03.24-18.10.50:225][472]LogAIModule: Creating AISystem for world Village
[2017.03.24-18.10.50:225][472]LogPlayLevel: PIE: World Init took: (0.000695s)
[2017.03.24-18.10.50:225][472]LogPlayLevel: PIE: Created PIE world by copying editor world from /Game/Levels/Village.Village to /Game/Levels/UEDPIE_0_Village.Village (0.009285s)
[2017.03.24-18.10.50:257][472]LogInit: XAudio2 using 'Speakers (Realtek High Definition Audio)' : 2 channels at 48 kHz using 32 bits per sample (channel mask 0x3)
[2017.03.24-18.10.50:267][472]LogInit: FAudioDevice initialized.
[2017.03.24-18.10.50:320][472]LogLoad: Game class is 'GameModeBase'
[2017.03.24-18.10.50:325][472]LogWorld: Bringing World /Game/Levels/UEDPIE_0_Village.Village up for play (max tick rate 0) at 2017.03.24-19.10.50
[2017.03.24-18.10.50:326][472]LogWorld: Bringing up level for play took: 0.004005
[2017.03.24-18.10.50:337][472]PIE: Info Play in editor start time for /Game/Levels/UEDPIE_0_Village 0.426
[2017.03.24-18.11.46:626][310]LogTemp: Repeting last play command: New Editor Window (PIE)
[2017.03.24-18.11.46:654][310]BlueprintLog: New page: Pre-Play auto-recompile
[2017.03.24-18.11.46:654][310]LogPlayLevel: [PlayLevel] Compiling VANmovement before play...
[2017.03.24-18.11.46:804][310]LogPlayLevel: PlayLevel: Blueprint regeneration took 149 ms (1 blueprints)
[2017.03.24-18.11.46:804][310]PIE: New page: PIE session: Village (Mar 24, 2017, 8:11:46 PM)
[2017.03.24-18.11.46:804][310]LogPlayLevel: Creating play world package: /Game/Levels/UEDPIE_0_Village
[2017.03.24-18.11.46:812][310]LogPlayLevel: PIE: StaticDuplicateObject took: (0.008114s)
[2017.03.24-18.11.46:813][310]LogAIModule: Creating AISystem for world Village
[2017.03.24-18.11.46:813][310]LogPlayLevel: PIE: World Init took: (0.000705s)
[2017.03.24-18.11.46:813][310]LogPlayLevel: PIE: Created PIE world by copying editor world from /Game/Levels/Village.Village to /Game/Levels/UEDPIE_0_Village.Village (0.009066s)
[2017.03.24-18.11.46:841][310]LogInit: XAudio2 using 'Speakers (Realtek High Definition Audio)' : 2 channels at 48 kHz using 32 bits per sample (channel mask 0x3)
[2017.03.24-18.11.46:850][310]LogInit: FAudioDevice initialized.
[2017.03.24-18.11.46:907][310]LogLoad: Game class is 'GameModeBase'
[2017.03.24-18.11.46:912][310]LogWorld: Bringing World /Game/Levels/UEDPIE_0_Village.Village up for play (max tick rate 0) at 2017.03.24-19.11.46
[2017.03.24-18.11.46:912][310]LogWorld: Bringing up level for play took: 0.003770
[2017.03.24-18.11.46:923][310]PIE: Info Play in editor start time for /Game/Levels/UEDPIE_0_Village 1.012
[2017.03.24-18.12.01:823][896]LogEditorTransaction: Undo Create Pin Link
[2017.03.24-18.12.01:859][896]LogActorComponent: RegisterComponentWithWorld: (/Engine/Transient.DebugSkelMeshComponent_0) Already registered. Aborting.
[2017.03.24-18.12.02:424][915]LogEditorTransaction: Undo Create Pin Link
[2017.03.24-18.12.02:457][915]LogActorComponent: RegisterComponentWithWorld: (/Engine/Transient.DebugSkelMeshComponent_0) Already registered. Aborting.
[2017.03.24-18.12.02:892][931]LogEditorTransaction: Undo Delete current selection
[2017.03.24-18.12.02:925][931]LogActorComponent: RegisterComponentWithWorld: (/Engine/Transient.DebugSkelMeshComponent_0) Already registered. Aborting.
[2017.03.24-18.12.03:728][964]LogEditorTransaction: Undo Create Reroute Node
[2017.03.24-18.12.03:762][964]LogActorComponent: RegisterComponentWithWorld: (/Engine/Transient.DebugSkelMeshComponent_0) Already registered. Aborting.
[2017.03.24-18.12.05:938][ 62]LogEditorTransaction: Undo Create Pin Link
[2017.03.24-18.12.05:971][ 62]LogActorComponent: RegisterComponentWithWorld: (/Engine/Transient.DebugSkelMeshComponent_0) Already registered. Aborting.
[2017.03.24-18.12.29:016][136]LogTemp: Repeting last play command: New Editor Window (PIE)
[2017.03.24-18.12.29:041][136]BlueprintLog: New page: Pre-Play auto-recompile
[2017.03.24-18.12.29:041][136]LogPlayLevel: [PlayLevel] Compiling VANmovement before play...
[2017.03.24-18.12.29:200][136]LogPlayLevel: PlayLevel: Blueprint regeneration took 159 ms (1 blueprints)
[2017.03.24-18.12.29:201][136]PIE: New page: PIE session: Village (Mar 24, 2017, 8:12:29 PM)
[2017.03.24-18.12.29:201][136]LogPlayLevel: Creating play world package: /Game/Levels/UEDPIE_0_Village
[2017.03.24-18.12.29:209][136]LogPlayLevel: PIE: StaticDuplicateObject took: (0.008082s)
[2017.03.24-18.12.29:209][136]LogAIModule: Creating AISystem for world Village
[2017.03.24-18.12.29:209][136]LogPlayLevel: PIE: World Init took: (0.000672s)
[2017.03.24-18.12.29:210][136]LogPlayLevel: PIE: Created PIE world by copying editor world from /Game/Levels/Village.Village to /Game/Levels/UEDPIE_0_Village.Village (0.008990s)
[2017.03.24-18.12.29:237][136]LogInit: XAudio2 using 'Speakers (Realtek High Definition Audio)' : 2 channels at 48 kHz using 32 bits per sample (channel mask 0x3)
[2017.03.24-18.12.29:247][136]LogInit: FAudioDevice initialized.
[2017.03.24-18.12.29:304][136]LogLoad: Game class is 'GameModeBase'
[2017.03.24-18.12.29:308][136]LogWorld: Bringing World /Game/Levels/UEDPIE_0_Village.Village up for play (max tick rate 0) at 2017.03.24-19.12.29
[2017.03.24-18.12.29:309][136]LogWorld: Bringing up level for play took: 0.003502
[2017.03.24-18.12.29:320][136]PIE: Info Play in editor start time for /Game/Levels/UEDPIE_0_Village -0.59
[2017.03.24-18.12.59:528][466]LogTemp: Repeting last play command: New Editor Window (PIE)
[2017.03.24-18.12.59:557][466]LogPlayLevel: PlayLevel: No blueprints needed recompiling
[2017.03.24-18.12.59:557][466]PIE: New page: PIE session: Village (Mar 24, 2017, 8:12:59 PM)
[2017.03.24-18.12.59:557][466]LogPlayLevel: Creating play world package: /Game/Levels/UEDPIE_0_Village
[2017.03.24-18.12.59:566][466]LogPlayLevel: PIE: StaticDuplicateObject took: (0.008761s)
[2017.03.24-18.12.59:567][466]LogAIModule: Creating AISystem for world Village
[2017.03.24-18.12.59:567][466]LogPlayLevel: PIE: World Init took: (0.000639s)
[2017.03.24-18.12.59:567][466]LogPlayLevel: PIE: Created PIE world by copying editor world from /Game/Levels/Village.Village to /Game/Levels/UEDPIE_0_Village.Village (0.009605s)
[2017.03.24-18.12.59:593][466]LogInit: XAudio2 using 'Speakers (Realtek High Definition Audio)' : 2 channels at 48 kHz using 32 bits per sample (channel mask 0x3)
[2017.03.24-18.12.59:603][466]LogInit: FAudioDevice initialized.
[2017.03.24-18.12.59:654][466]LogLoad: Game class is 'GameModeBase'
[2017.03.24-18.12.59:658][466]LogWorld: Bringing World /Game/Levels/UEDPIE_0_Village.Village up for play (max tick rate 0) at 2017.03.24-19.12.59
[2017.03.24-18.12.59:658][466]LogWorld: Bringing up level for play took: 0.003216
[2017.03.24-18.12.59:669][466]PIE: Info Play in editor start time for /Game/Levels/UEDPIE_0_Village -0.241
[2017.03.24-18.13.04:808][696]LogTemp: Repeting last play command: New Editor Window (PIE)
[2017.03.24-18.13.04:836][696]BlueprintLog: New page: Pre-Play auto-recompile
[2017.03.24-18.13.04:836][696]LogPlayLevel: [PlayLevel] Compiling VANmovement before play...
[2017.03.24-18.13.04:993][696]LogPlayLevel: PlayLevel: Blueprint regeneration took 157 ms (1 blueprints)
[2017.03.24-18.13.04:993][696]PIE: New page: PIE session: Village (Mar 24, 2017, 8:13:04 PM)
[2017.03.24-18.13.04:993][696]LogPlayLevel: Creating play world package: /Game/Levels/UEDPIE_0_Village
[2017.03.24-18.13.05:002][696]LogPlayLevel: PIE: StaticDuplicateObject took: (0.008345s)
[2017.03.24-18.13.05:002][696]LogAIModule: Creating AISystem for world Village
[2017.03.24-18.13.05:003][696]LogPlayLevel: PIE: World Init took: (0.000945s)
[2017.03.24-18.13.05:003][696]LogPlayLevel: PIE: Created PIE world by copying editor world from /Game/Levels/Village.Village to /Game/Levels/UEDPIE_0_Village.Village (0.009708s)
[2017.03.24-18.13.05:031][696]LogInit: XAudio2 using 'Speakers (Realtek High Definition Audio)' : 2 channels at 48 kHz using 32 bits per sample (channel mask 0x3)
[2017.03.24-18.13.05:040][696]LogInit: FAudioDevice initialized.
[2017.03.24-18.13.05:095][696]LogLoad: Game class is 'GameModeBase'
[2017.03.24-18.13.05:100][696]LogWorld: Bringing World /Game/Levels/UEDPIE_0_Village.Village up for play (max tick rate 0) at 2017.03.24-19.13.05
[2017.03.24-18.13.05:100][696]LogWorld: Bringing up level for play took: 0.003413
[2017.03.24-18.13.05:111][696]PIE: Info Play in editor start time for /Game/Levels/UEDPIE_0_Village 1.201
[2017.03.24-18.13.33:219][  5]LogContentBrowser:Verbose: The majority of assets in the view are of type: AnimSequence
[2017.03.24-18.16.44:822][114]LogTemp: Repeting last play command: New Editor Window (PIE)
[2017.03.24-18.16.44:850][114]BlueprintLog: New page: Pre-Play auto-recompile
[2017.03.24-18.16.44:850][114]LogPlayLevel: [PlayLevel] Compiling VANmovement before play...
[2017.03.24-18.16.45:080][114]LogPlayLevel: PlayLevel: Blueprint regeneration took 230 ms (1 blueprints)
[2017.03.24-18.16.45:080][114]PIE: New page: PIE session: Village (Mar 24, 2017, 8:16:45 PM)
[2017.03.24-18.16.45:080][114]LogPlayLevel: Creating play world package: /Game/Levels/UEDPIE_0_Village
[2017.03.24-18.16.45:089][114]LogPlayLevel: PIE: StaticDuplicateObject took: (0.008511s)
[2017.03.24-18.16.45:089][114]LogAIModule: Creating AISystem for world Village
[2017.03.24-18.16.45:090][114]LogPlayLevel: PIE: World Init took: (0.000944s)
[2017.03.24-18.16.45:090][114]LogPlayLevel: PIE: Created PIE world by copying editor world from /Game/Levels/Village.Village to /Game/Levels/UEDPIE_0_Village.Village (0.009768s)
[2017.03.24-18.16.45:118][114]LogInit: XAudio2 using 'Speakers (Realtek High Definition Audio)' : 2 channels at 48 kHz using 32 bits per sample (channel mask 0x3)
[2017.03.24-18.16.45:129][114]LogInit: FAudioDevice initialized.
[2017.03.24-18.16.45:183][114]LogLoad: Game class is 'GameModeBase'
[2017.03.24-18.16.45:192][114]LogWorld: Bringing World /Game/Levels/UEDPIE_0_Village.Village up for play (max tick rate 0) at 2017.03.24-19.16.45
[2017.03.24-18.16.45:193][114]LogWorld: Bringing up level for play took: 0.007572
[2017.03.24-18.16.45:206][114]PIE: Info Play in editor start time for /Game/Levels/UEDPIE_0_Village 1.296
[2017.03.24-18.17.33:993][296]LogTemp: Repeting last play command: New Editor Window (PIE)
[2017.03.24-18.17.34:020][296]BlueprintLog: New page: Pre-Play auto-recompile
[2017.03.24-18.17.34:020][296]LogPlayLevel: [PlayLevel] Compiling VANmovement before play...
[2017.03.24-18.17.34:179][296]LogPlayLevel: PlayLevel: Blueprint regeneration took 158 ms (1 blueprints)
[2017.03.24-18.17.34:179][296]PIE: New page: PIE session: Village (Mar 24, 2017, 8:17:34 PM)
[2017.03.24-18.17.34:179][296]LogPlayLevel: Creating play world package: /Game/Levels/UEDPIE_0_Village
[2017.03.24-18.17.34:188][296]LogPlayLevel: PIE: StaticDuplicateObject took: (0.008247s)
[2017.03.24-18.17.34:188][296]LogAIModule: Creating AISystem for world Village
[2017.03.24-18.17.34:188][296]LogPlayLevel: PIE: World Init took: (0.000754s)
[2017.03.24-18.17.34:189][296]LogPlayLevel: PIE: Created PIE world by copying editor world from /Game/Levels/Village.Village to /Game/Levels/UEDPIE_0_Village.Village (0.009257s)
[2017.03.24-18.17.34:215][296]LogInit: XAudio2 using 'Speakers (Realtek High Definition Audio)' : 2 channels at 48 kHz using 32 bits per sample (channel mask 0x3)
[2017.03.24-18.17.34:226][296]LogInit: FAudioDevice initialized.
[2017.03.24-18.17.34:277][296]LogLoad: Game class is 'GameModeBase'
[2017.03.24-18.17.34:282][296]LogWorld: Bringing World /Game/Levels/UEDPIE_0_Village.Village up for play (max tick rate 0) at 2017.03.24-19.17.34
[2017.03.24-18.17.34:283][296]LogWorld: Bringing up level for play took: 0.004514
[2017.03.24-18.17.34:297][296]PIE: Info Play in editor start time for /Game/Levels/UEDPIE_0_Village 0.386
[2017.03.24-18.17.44:471][891]Cmd: TRANSACTION UNDO
[2017.03.24-18.17.44:472][891]LogEditorTransaction: Undo Edit Duration
[2017.03.24-18.17.44:497][891]LogActorComponent: RegisterComponentWithWorld: (/Engine/Transient.DebugSkelMeshComponent_0) Already registered. Aborting.
[2017.03.24-18.17.50:783][303]BlueprintLog: New page: Compile VANmovement
[2017.03.24-18.18.28:272][361]LogSavePackage: Save=54.36ms
[2017.03.24-18.18.28:272][361]LogSavePackage: Moving '../../../../../../ENTI/CUARTO CURSO/VAN/VANsGame/Mechanics/BasicMechanics/Saved/Village_Auto1142CA6274147D3F6152A83ACDC851823.tmp' to '../../../../../../ENTI/CUARTO CURSO/VAN/VANsGame/Mechanics/BasicMechanics/Saved/Autosaves/Game/Levels/Village_Auto1.umap'
[2017.03.24-18.18.28:274][361]LogSavePackage:Display: Finished SavePackage ../../../../../../ENTI/CUARTO CURSO/VAN/VANsGame/Mechanics/BasicMechanics/Saved/Autosaves/Game/Levels/Village_Auto1.umap
[2017.03.24-18.18.28:275][361]LogFileHelpers: Editor autosave (incl. sublevels) for '/Game/Levels/Village' took 0.077
[2017.03.24-18.18.28:275][361]LogFileHelpers: Editor autosave (incl. sublevels) for all levels took 0.077
[2017.03.24-18.18.28:277][361]OBJ SavePackage: Generating thumbnails for [1] asset(s) in package [/Game/Models/VANmodel/Animations/VANmovement] ([1] browsable assets)...
[2017.03.24-18.18.28:307][361]OBJ SavePackage:     Rendered thumbnail for [AnimBlueprint /Game/Models/VANmodel/Animations/VANmovement.VANmovement]
[2017.03.24-18.18.28:307][361]OBJ SavePackage: Finished generating thumbnails for package [/Game/Models/VANmodel/Animations/VANmovement]
[2017.03.24-18.18.28:404][361]LogSavePackage: Save=88.95ms
[2017.03.24-18.18.28:404][361]LogSavePackage: Moving '../../../../../../ENTI/CUARTO CURSO/VAN/VANsGame/Mechanics/BasicMechanics/Saved/VANmovement_Auto12A6A48384529808EB722AA9987D33CA1.tmp' to '../../../../../../ENTI/CUARTO CURSO/VAN/VANsGame/Mechanics/BasicMechanics/Saved/Autosaves/Game/Models/VANmodel/Animations/VANmovement_Auto1.uasset'
[2017.03.24-18.18.28:406][361]LogSavePackage:Display: Finished SavePackage ../../../../../../ENTI/CUARTO CURSO/VAN/VANsGame/Mechanics/BasicMechanics/Saved/Autosaves/Game/Models/VANmodel/Animations/VANmovement_Auto1.uasset
[2017.03.24-18.18.28:406][361]LogFileHelpers: Auto-saving content packages took 0.130
[2017.03.24-18.20.19:138][929]LogTemp: Repeting last play command: New Editor Window (PIE)
[2017.03.24-18.20.19:164][929]LogPlayLevel: PlayLevel: No blueprints needed recompiling
[2017.03.24-18.20.19:164][929]PIE: New page: PIE session: Village (Mar 24, 2017, 8:20:19 PM)
[2017.03.24-18.20.19:164][929]LogPlayLevel: Creating play world package: /Game/Levels/UEDPIE_0_Village
[2017.03.24-18.20.19:173][929]LogPlayLevel: PIE: StaticDuplicateObject took: (0.008383s)
[2017.03.24-18.20.19:173][929]LogAIModule: Creating AISystem for world Village
[2017.03.24-18.20.19:174][929]LogPlayLevel: PIE: World Init took: (0.000668s)
[2017.03.24-18.20.19:174][929]LogPlayLevel: PIE: Created PIE world by copying editor world from /Game/Levels/Village.Village to /Game/Levels/UEDPIE_0_Village.Village (0.009314s)
[2017.03.24-18.20.19:201][929]LogInit: XAudio2 using 'Speakers (Realtek High Definition Audio)' : 2 channels at 48 kHz using 32 bits per sample (channel mask 0x3)
[2017.03.24-18.20.19:212][929]LogInit: FAudioDevice initialized.
[2017.03.24-18.20.19:259][929]LogLoad: Game class is 'GameModeBase'
[2017.03.24-18.20.19:263][929]LogWorld: Bringing World /Game/Levels/UEDPIE_0_Village.Village up for play (max tick rate 0) at 2017.03.24-19.20.19
[2017.03.24-18.20.19:264][929]LogWorld: Bringing up level for play took: 0.003347
[2017.03.24-18.20.19:271][929]PIE: Info Play in editor start time for /Game/Levels/UEDPIE_0_Village -0.639
[2017.03.24-18.20.23:421][197]BlueprintLog: New page: Compile VANmovement
[2017.03.24-18.20.28:888][557]LogSkeletalMesh: InitArticulated: Bodies already created (/Engine/Transient.DebugSkelMeshComponent_2) - call TermArticulated first.
[2017.03.24-18.20.29:081][557]LogContentBrowser:Verbose: The majority of assets in the view are of type: AnimSequence
[2017.03.24-18.22.22:323][ 20]BlueprintLog: New page: Compile VANmovement
[2017.03.24-18.22.51:269][916]BlueprintLog: New page: Compile VANmovement
[2017.03.24-18.23.03:163][691]LogTemp: Repeting last play command: New Editor Window (PIE)
[2017.03.24-18.23.03:189][691]LogPlayLevel: PlayLevel: No blueprints needed recompiling
[2017.03.24-18.23.03:189][691]PIE: New page: PIE session: Village (Mar 24, 2017, 8:23:03 PM)
[2017.03.24-18.23.03:189][691]LogPlayLevel: Creating play world package: /Game/Levels/UEDPIE_0_Village
[2017.03.24-18.23.03:197][691]LogPlayLevel: PIE: StaticDuplicateObject took: (0.008136s)
[2017.03.24-18.23.03:198][691]LogAIModule: Creating AISystem for world Village
[2017.03.24-18.23.03:198][691]LogPlayLevel: PIE: World Init took: (0.000757s)
[2017.03.24-18.23.03:198][691]LogPlayLevel: PIE: Created PIE world by copying editor world from /Game/Levels/Village.Village to /Game/Levels/UEDPIE_0_Village.Village (0.009148s)
[2017.03.24-18.23.03:226][691]LogInit: XAudio2 using 'Speakers (Realtek High Definition Audio)' : 2 channels at 48 kHz using 32 bits per sample (channel mask 0x3)
[2017.03.24-18.23.03:236][691]LogInit: FAudioDevice initialized.
[2017.03.24-18.23.03:287][691]LogLoad: Game class is 'GameModeBase'
[2017.03.24-18.23.03:291][691]LogWorld: Bringing World /Game/Levels/UEDPIE_0_Village.Village up for play (max tick rate 0) at 2017.03.24-19.23.03
[2017.03.24-18.23.03:292][691]LogWorld: Bringing up level for play took: 0.004102
[2017.03.24-18.23.03:305][691]PIE: Info Play in editor start time for /Game/Levels/UEDPIE_0_Village -0.605
[2017.03.24-18.23.21:656][818]BlueprintLog: New page: Compile VANmovement
[2017.03.24-18.24.21:148][174]LogTemp: Repeting last play command: New Editor Window (PIE)
[2017.03.24-18.24.21:174][174]LogPlayLevel: PlayLevel: No blueprints needed recompiling
[2017.03.24-18.24.21:174][174]PIE: New page: PIE session: Village (Mar 24, 2017, 8:24:21 PM)
[2017.03.24-18.24.21:174][174]LogPlayLevel: Creating play world package: /Game/Levels/UEDPIE_0_Village
[2017.03.24-18.24.21:183][174]LogPlayLevel: PIE: StaticDuplicateObject took: (0.008405s)
[2017.03.24-18.24.21:183][174]LogAIModule: Creating AISystem for world Village
[2017.03.24-18.24.21:183][174]LogPlayLevel: PIE: World Init took: (0.000713s)
[2017.03.24-18.24.21:184][174]LogPlayLevel: PIE: Created PIE world by copying editor world from /Game/Levels/Village.Village to /Game/Levels/UEDPIE_0_Village.Village (0.009369s)
[2017.03.24-18.24.21:212][174]LogInit: XAudio2 using 'Speakers (Realtek High Definition Audio)' : 2 channels at 48 kHz using 32 bits per sample (channel mask 0x3)
[2017.03.24-18.24.21:221][174]LogInit: FAudioDevice initialized.
[2017.03.24-18.24.21:279][174]LogLoad: Game class is 'GameModeBase'
[2017.03.24-18.24.21:287][174]LogWorld: Bringing World /Game/Levels/UEDPIE_0_Village.Village up for play (max tick rate 0) at 2017.03.24-19.24.21
[2017.03.24-18.24.21:288][174]LogWorld: Bringing up level for play took: 0.006711
[2017.03.24-18.24.21:301][174]PIE: Info Play in editor start time for /Game/Levels/UEDPIE_0_Village -0.61
[2017.03.24-18.25.14:763][590]LogTemp: Repeting last play command: New Editor Window (PIE)
[2017.03.24-18.25.14:789][590]LogPlayLevel: PlayLevel: No blueprints needed recompiling
[2017.03.24-18.25.14:789][590]PIE: New page: PIE session: Village (Mar 24, 2017, 8:25:14 PM)
[2017.03.24-18.25.14:789][590]LogPlayLevel: Creating play world package: /Game/Levels/UEDPIE_0_Village
[2017.03.24-18.25.14:797][590]LogPlayLevel: PIE: StaticDuplicateObject took: (0.008026s)
[2017.03.24-18.25.14:798][590]LogAIModule: Creating AISystem for world Village
[2017.03.24-18.25.14:798][590]LogPlayLevel: PIE: World Init took: (0.000687s)
[2017.03.24-18.25.14:798][590]LogPlayLevel: PIE: Created PIE world by copying editor world from /Game/Levels/Village.Village to /Game/Levels/UEDPIE_0_Village.Village (0.008967s)
[2017.03.24-18.25.14:825][590]LogInit: XAudio2 using 'Speakers (Realtek High Definition Audio)' : 2 channels at 48 kHz using 32 bits per sample (channel mask 0x3)
[2017.03.24-18.25.14:835][590]LogInit: FAudioDevice initialized.
[2017.03.24-18.25.14:884][590]LogLoad: Game class is 'GameModeBase'
[2017.03.24-18.25.14:888][590]LogWorld: Bringing World /Game/Levels/UEDPIE_0_Village.Village up for play (max tick rate 0) at 2017.03.24-19.25.14
[2017.03.24-18.25.14:889][590]LogWorld: Bringing up level for play took: 0.003312
[2017.03.24-18.25.14:896][590]PIE: Info Play in editor start time for /Game/Levels/UEDPIE_0_Village 0.985
[2017.03.24-18.25.23:887][172]LogTemp: Repeting last play command: New Editor Window (PIE)
[2017.03.24-18.25.23:912][172]LogPlayLevel: PlayLevel: No blueprints needed recompiling
[2017.03.24-18.25.23:913][172]PIE: New page: PIE session: Village (Mar 24, 2017, 8:25:23 PM)
[2017.03.24-18.25.23:913][172]LogPlayLevel: Creating play world package: /Game/Levels/UEDPIE_0_Village
[2017.03.24-18.25.23:921][172]LogPlayLevel: PIE: StaticDuplicateObject took: (0.008078s)
[2017.03.24-18.25.23:921][172]LogAIModule: Creating AISystem for world Village
[2017.03.24-18.25.23:922][172]LogPlayLevel: PIE: World Init took: (0.000765s)
[2017.03.24-18.25.23:922][172]LogPlayLevel: PIE: Created PIE world by copying editor world from /Game/Levels/Village.Village to /Game/Levels/UEDPIE_0_Village.Village (0.009041s)
[2017.03.24-18.25.23:948][172]LogInit: XAudio2 using 'Speakers (Realtek High Definition Audio)' : 2 channels at 48 kHz using 32 bits per sample (channel mask 0x3)
[2017.03.24-18.25.23:958][172]LogInit: FAudioDevice initialized.
[2017.03.24-18.25.24:005][172]LogLoad: Game class is 'GameModeBase'
[2017.03.24-18.25.24:009][172]LogWorld: Bringing World /Game/Levels/UEDPIE_0_Village.Village up for play (max tick rate 0) at 2017.03.24-19.25.24
[2017.03.24-18.25.24:009][172]LogWorld: Bringing up level for play took: 0.003355
[2017.03.24-18.25.24:017][172]PIE: Info Play in editor start time for /Game/Levels/UEDPIE_0_Village 0.106
[2017.03.24-18.26.02:494][635]LogSkeletalMesh: InitArticulated: Bodies already created (/Engine/Transient.DebugSkelMeshComponent_5) - call TermArticulated first.
[2017.03.24-18.26.02:592][636]LogRenderer: Reallocating scene render targets to support 1292x888 NumSamples 1 (Frame:121168).
[2017.03.24-18.26.32:053][577]LogTemp: Repeting last play command: New Editor Window (PIE)
[2017.03.24-18.26.32:079][577]LogPlayLevel: PlayLevel: No blueprints needed recompiling
[2017.03.24-18.26.32:080][577]PIE: New page: PIE session: Village (Mar 24, 2017, 8:26:32 PM)
[2017.03.24-18.26.32:080][577]LogPlayLevel: Creating play world package: /Game/Levels/UEDPIE_0_Village
[2017.03.24-18.26.32:088][577]LogPlayLevel: PIE: StaticDuplicateObject took: (0.008103s)
[2017.03.24-18.26.32:088][577]LogAIModule: Creating AISystem for world Village
[2017.03.24-18.26.32:088][577]LogPlayLevel: PIE: World Init took: (0.000622s)
[2017.03.24-18.26.32:089][577]LogPlayLevel: PIE: Created PIE world by copying editor world from /Game/Levels/Village.Village to /Game/Levels/UEDPIE_0_Village.Village (0.008966s)
[2017.03.24-18.26.32:119][577]LogInit: XAudio2 using 'Speakers (Realtek High Definition Audio)' : 2 channels at 48 kHz using 32 bits per sample (channel mask 0x3)
[2017.03.24-18.26.32:129][577]LogInit: FAudioDevice initialized.
[2017.03.24-18.26.32:187][577]LogLoad: Game class is 'GameModeBase'
[2017.03.24-18.26.32:195][577]LogWorld: Bringing World /Game/Levels/UEDPIE_0_Village.Village up for play (max tick rate 0) at 2017.03.24-19.26.32
[2017.03.24-18.26.32:196][577]LogWorld: Bringing up level for play took: 0.006751
[2017.03.24-18.26.32:208][577]PIE: Info Play in editor start time for /Game/Levels/UEDPIE_0_Village 0.298
[2017.03.24-18.27.23:812][177]LogTemp: Repeting last play command: New Editor Window (PIE)
[2017.03.24-18.27.23:838][177]BlueprintLog: New page: Pre-Play auto-recompile
[2017.03.24-18.27.23:838][177]LogPlayLevel: [PlayLevel] Compiling VANmovement before play...
[2017.03.24-18.27.24:012][177]LogPlayLevel: PlayLevel: Blueprint regeneration took 174 ms (1 blueprints)
[2017.03.24-18.27.24:012][177]PIE: New page: PIE session: Village (Mar 24, 2017, 8:27:24 PM)
[2017.03.24-18.27.24:012][177]LogPlayLevel: Creating play world package: /Game/Levels/UEDPIE_0_Village
[2017.03.24-18.27.24:020][177]LogPlayLevel: PIE: StaticDuplicateObject took: (0.008121s)
[2017.03.24-18.27.24:021][177]LogAIModule: Creating AISystem for world Village
[2017.03.24-18.27.24:021][177]LogPlayLevel: PIE: World Init took: (0.000720s)
[2017.03.24-18.27.24:021][177]LogPlayLevel: PIE: Created PIE world by copying editor world from /Game/Levels/Village.Village to /Game/Levels/UEDPIE_0_Village.Village (0.009151s)
[2017.03.24-18.27.24:051][177]LogInit: XAudio2 using 'Speakers (Realtek High Definition Audio)' : 2 channels at 48 kHz using 32 bits per sample (channel mask 0x3)
[2017.03.24-18.27.24:061][177]LogInit: FAudioDevice initialized.
[2017.03.24-18.27.24:126][177]LogLoad: Game class is 'GameModeBase'
[2017.03.24-18.27.24:134][177]LogWorld: Bringing World /Game/Levels/UEDPIE_0_Village.Village up for play (max tick rate 0) at 2017.03.24-19.27.24
[2017.03.24-18.27.24:135][177]LogWorld: Bringing up level for play took: 0.006524
[2017.03.24-18.27.24:150][177]PIE: Info Play in editor start time for /Game/Levels/UEDPIE_0_Village 0.24
[2017.03.24-18.31.36:702][123]LogEditorTransaction: Undo Move Node
[2017.03.24-18.31.36:739][123]LogActorComponent: RegisterComponentWithWorld: (/Engine/Transient.DebugSkelMeshComponent_0) Already registered. Aborting.
[2017.03.24-18.31.36:826][123]LogUObjectBase:Warning: NULL object
[2017.03.24-18.31.36:834][123]LogStats: FPlatformStackWalk::StackWalkAndDump -  0.008 s
[2017.03.24-18.31.36:834][123]LogOutputDevice:Error: === Handled ensure: ===
[2017.03.24-18.31.36:834][123]LogOutputDevice:Error: 
[2017.03.24-18.31.36:834][123]LogOutputDevice:Error: Ensure condition failed: false [File:D:\Build\++UE4+Release-4.14+Compile\Sync\Engine\Source\Editor\Kismet\Private\SKismetInspector.cpp] [Line: 520]
[2017.03.24-18.31.36:834][123]LogOutputDevice:Error: Object in KismetInspector is invalid, see TTP 281915
[2017.03.24-18.31.36:834][123]LogOutputDevice:Error: Stack: 
[2017.03.24-18.31.36:834][123]LogOutputDevice:Error: UE4Editor-Core.dll
[2017.03.24-18.31.36:834][123]LogOutputDevice:Error: UE4Editor-Core.dll
[2017.03.24-18.31.36:834][123]LogOutputDevice:Error: UE4Editor-Core.dll
[2017.03.24-18.31.36:834][123]LogOutputDevice:Error: UE4Editor-Kismet.dll
[2017.03.24-18.31.36:834][123]LogOutputDevice:Error: UE4Editor-Kismet.dll
[2017.03.24-18.31.36:834][123]LogOutputDevice:Error: UE4Editor-SlateCore.dll
[2017.03.24-18.31.36:834][123]LogOutputDevice:Error: UE4Editor-SlateCore.dll
[2017.03.24-18.31.36:834][123]LogOutputDevice:Error: UE4Editor-Slate.dll
[2017.03.24-18.31.36:834][123]LogOutputDevice:Error: UE4Editor-SlateCore.dll
[2017.03.24-18.31.36:834][123]LogOutputDevice:Error: UE4Editor-SlateCore.dll
[2017.03.24-18.31.36:834][123]LogOutputDevice:Error: UE4Editor-SlateCore.dll
[2017.03.24-18.31.36:834][123]LogOutputDevice:Error: UE4Editor-SlateCore.dll
[2017.03.24-18.31.36:834][123]LogOutputDevice:Error: UE4Editor-SlateCore.dll
[2017.03.24-18.31.36:834][123]LogOutputDevice:Error: UE4Editor-SlateCore.dll
[2017.03.24-18.31.36:834][123]LogOutputDevice:Error: UE4Editor-SlateCore.dll
[2017.03.24-18.31.36:834][123]LogOutputDevice:Error: UE4Editor-SlateCore.dll
[2017.03.24-18.31.36:834][123]LogOutputDevice:Error: UE4Editor-SlateCore.dll
[2017.03.24-18.31.36:834][123]LogOutputDevice:Error: UE4Editor-Slate.dll
[2017.03.24-18.31.36:834][123]LogOutputDevice:Error: UE4Editor-SlateCore.dll
[2017.03.24-18.31.36:834][123]LogOutputDevice:Error: UE4Editor-SlateCore.dll
[2017.03.24-18.31.36:834][123]LogOutputDevice:Error: UE4Editor-SlateCore.dll
[2017.03.24-18.31.36:834][123]LogOutputDevice:Error: UE4Editor-SlateCore.dll
[2017.03.24-18.31.36:834][123]LogOutputDevice:Error: UE4Editor-Slate.dll
[2017.03.24-18.31.36:834][123]LogOutputDevice:Error: UE4Editor-SlateCore.dll
[2017.03.24-18.31.36:834][123]LogOutputDevice:Error: UE4Editor-SlateCore.dll
[2017.03.24-18.31.36:834][123]LogOutputDevice:Error: UE4Editor-SlateCore.dll
[2017.03.24-18.31.36:834][123]LogOutputDevice:Error: UE4Editor-SlateCore.dll
[2017.03.24-18.31.36:834][123]LogOutputDevice:Error: UE4Editor-Slate.dll
[2017.03.24-18.31.36:834][123]LogOutputDevice:Error: UE4Editor-SlateCore.dll
[2017.03.24-18.31.36:834][123]LogOutputDevice:Error: UE4Editor-SlateCore.dll
[2017.03.24-18.31.36:834][123]LogOutputDevice:Error: UE4Editor-SlateCore.dll
[2017.03.24-18.31.36:834][123]LogOutputDevice:Error: UE4Editor-SlateCore.dll
[2017.03.24-18.31.36:834][123]LogOutputDevice:Error: UE4Editor-SlateCore.dll
[2017.03.24-18.31.36:834][123]LogOutputDevice:Error: UE4Editor-SlateCore.dll
[2017.03.24-18.31.36:834][123]LogOutputDevice:Error: UE4Editor-SlateCore.dll
[2017.03.24-18.31.36:834][123]LogOutputDevice:Error: UE4Editor-SlateCore.dll
[2017.03.24-18.31.36:834][123]LogOutputDevice:Error: UE4Editor-SlateCore.dll
[2017.03.24-18.31.36:834][123]LogOutputDevice:Error: UE4Editor-SlateCore.dll
[2017.03.24-18.31.36:834][123]LogOutputDevice:Error: UE4Editor-SlateCore.dll
[2017.03.24-18.31.36:834][123]LogOutputDevice:Error: UE4Editor-Slate.dll
[2017.03.24-18.31.36:834][123]LogOutputDevice:Error: UE4Editor-SlateCore.dll
[2017.03.24-18.31.36:834][123]LogOutputDevice:Error: UE4Editor-SlateCore.dll
[2017.03.24-18.31.36:834][123]LogOutputDevice:Error: UE4Editor-SlateCore.dll
[2017.03.24-18.31.36:834][123]LogOutputDevice:Error: UE4Editor-SlateCore.dll
[2017.03.24-18.31.36:834][123]LogOutputDevice:Error: UE4Editor-SlateCore.dll
[2017.03.24-18.31.36:834][123]LogOutputDevice:Error: UE4Editor-SlateCore.dll
[2017.03.24-18.31.36:834][123]LogOutputDevice:Error: UE4Editor-SlateCore.dll
[2017.03.24-18.31.36:834][123]LogOutputDevice:Error: UE4Editor-SlateCore.dll
[2017.03.24-18.31.36:834][123]LogOutputDevice:Error: UE4Editor-SlateCore.dll
[2017.03.24-18.31.36:834][123]LogOutputDevice:Error: UE4Editor-Slate.dll
[2017.03.24-18.31.36:834][123]LogOutputDevice:Error: UE4Editor-SlateCore.dll
[2017.03.24-18.31.36:834][123]LogOutputDevice:Error: UE4Editor-SlateCore.dll
[2017.03.24-18.31.36:834][123]LogOutputDevice:Error: UE4Editor-SlateCore.dll
[2017.03.24-18.31.36:834][123]LogOutputDevice:Error: UE4Editor-SlateCore.dll
[2017.03.24-18.31.36:834][123]LogOutputDevice:Error: UE4Editor-SlateCore.dll
[2017.03.24-18.31.36:834][123]LogOutputDevice:Error: UE4Editor-SlateCore.dll
[2017.03.24-18.31.36:834][123]LogOutputDevice:Error: UE4Editor-SlateCore.dll
[2017.03.24-18.31.36:834][123]LogOutputDevice:Error: UE4Editor-SlateCore.dll
[2017.03.24-18.31.36:834][123]LogOutputDevice:Error: UE4Editor-SlateCore.dll
[2017.03.24-18.31.36:834][123]LogOutputDevice:Error: UE4Editor-SlateCore.dll
[2017.03.24-18.31.36:834][123]LogOutputDevice:Error: UE4Editor-SlateCore.dll
[2017.03.24-18.31.36:834][123]LogOutputDevice:Error: UE4Editor-SlateCore.dll
[2017.03.24-18.31.36:834][123]LogOutputDevice:Error: UE4Editor-SlateCore.dll
[2017.03.24-18.31.36:834][123]LogOutputDevice:Error: UE4Editor-SlateCore.dll
[2017.03.24-18.31.36:834][123]LogOutputDevice:Error: UE4Editor-SlateCore.dll
[2017.03.24-18.31.36:834][123]LogOutputDevice:Error: UE4Editor-SlateCore.dll
[2017.03.24-18.31.36:834][123]LogOutputDevice:Error: UE4Editor-Slate.dll
[2017.03.24-18.31.36:834][123]LogOutputDevice:Error: UE4Editor-Slate.dll
[2017.03.24-18.31.36:834][123]LogOutputDevice:Error: UE4Editor-Slate.dll
[2017.03.24-18.31.36:834][123]LogOutputDevice:Error: UE4Editor-Slate.dll
[2017.03.24-18.31.36:834][123]LogOutputDevice:Error: UE4Editor-Slate.dll
[2017.03.24-18.31.36:834][123]LogOutputDevice:Error: UE4Editor-Slate.dll
[2017.03.24-18.31.36:834][123]LogOutputDevice:Error: UE4Editor.exe
[2017.03.24-18.31.36:834][123]LogOutputDevice:Error: UE4Editor.exe
[2017.03.24-18.31.36:834][123]LogOutputDevice:Error: UE4Editor.exe
[2017.03.24-18.31.36:834][123]LogOutputDevice:Error: UE4Editor.exe
[2017.03.24-18.31.36:834][123]LogOutputDevice:Error: UE4Editor.exe
[2017.03.24-18.31.36:834][123]LogOutputDevice:Error: KERNEL32.DLL
[2017.03.24-18.31.36:834][123]LogOutputDevice:Error: ntdll.dll
[2017.03.24-18.31.36:834][123]LogOutputDevice:Error: 
[2017.03.24-18.31.36:844][123]LogStats:                SubmitErrorReport -  0.000 s
